[ 2017-11-27T18:35:57+08:00 ] 101.81.120.60 /admin.php/Order/Index/index.html
INFO: [ app_init ] --START--
INFO: Run Behavior\BuildLiteBehavior [ RunTime:0.000006s ]
INFO: [ app_init ] --END-- [ RunTime:0.000151s ]
INFO: [ app_begin ] --START--
INFO: Run Behavior\ReadHtmlCacheBehavior [ RunTime:0.000217s ]
INFO: [ app_begin ] --END-- [ RunTime:0.000233s ]
NOTIC: [8] A session had already been started - ignoring session_start() /home/www/hqjhc/ThinkPHP/Common/functions.php 第 1263 行.
SQL: SHOW COLUMNS FROM `hqjhc_orders` [ RunTime:0.0005s ]
SQL: SELECT COUNT(*) AS tp_count FROM `hqjhc_orders` WHERE hqjhc_orders.dataFlag = 0 LIMIT 1   [ RunTime:0.0002s ]
SQL: SELECT hqjhc_brands.brandLogo as brandLogo,hqjhc_goods.goods_display_img as goods_display_img,hqjhc_goods.name as name,hqjhc_goods.goods_price as goods_price,hqjhc_goods.marketPrice as marketprice,hqjhc_orders.orderNo as orderno,hqjhc_orders.createTime as createtime,hqjhc_orders.orderid as orderid,hqjhc_orders.num as num,hqjhc_orders.spec1 as spec1,hqjhc_orders.spec2 as spec2,hqjhc_orders.remarks as remarks,hqjhc_user_address.userAdress as useraddress FROM `hqjhc_orders` LEFT JOIN hqjhc_goods ON hqjhc_goods.id = hqjhc_orders.goodsid LEFT JOIN hqjhc_brands ON hqjhc_orders.brandsid = hqjhc_brands.brandid LEFT JOIN hqjhc_order_address ON hqjhc_order_address.orderno = hqjhc_orders.orderno LEFT JOIN hqjhc_user_address ON hqjhc_user_address.addressid = hqjhc_order_address.addressid  WHERE hqjhc_orders.dataFlag = 0 ORDER BY hqjhc_orders.orderid desc LIMIT 0,15   [ RunTime:0.0012s ]
INFO: [ view_parse ] --START--
INFO: [ template_filter ] --START--
INFO: Run Behavior\ContentReplaceBehavior [ RunTime:0.000079s ]
INFO: [ template_filter ] --END-- [ RunTime:0.000094s ]
NOTIC: [8] Undefined index: id /home/www/hqjhc/backend/Runtime/Cache/Order/d56dfcc0f322f6aedaa1d922c0f64d5c.php 第 631 行.
NOTIC: [8] Undefined index: id /home/www/hqjhc/backend/Runtime/Cache/Order/d56dfcc0f322f6aedaa1d922c0f64d5c.php 第 637 行.
NOTIC: [8] Undefined index: id /home/www/hqjhc/backend/Runtime/Cache/Order/d56dfcc0f322f6aedaa1d922c0f64d5c.php 第 638 行.
NOTIC: [8] Undefined index: id /home/www/hqjhc/backend/Runtime/Cache/Order/d56dfcc0f322f6aedaa1d922c0f64d5c.php 第 631 行.
NOTIC: [8] Undefined index: id /home/www/hqjhc/backend/Runtime/Cache/Order/d56dfcc0f322f6aedaa1d922c0f64d5c.php 第 637 行.
NOTIC: [8] Undefined index: id /home/www/hqjhc/backend/Runtime/Cache/Order/d56dfcc0f322f6aedaa1d922c0f64d5c.php 第 638 行.
NOTIC: [8] Undefined index: id /home/www/hqjhc/backend/Runtime/Cache/Order/d56dfcc0f322f6aedaa1d922c0f64d5c.php 第 631 行.
NOTIC: [8] Undefined index: id /home/www/hqjhc/backend/Runtime/Cache/Order/d56dfcc0f322f6aedaa1d922c0f64d5c.php 第 637 行.
NOTIC: [8] Undefined index: id /home/www/hqjhc/backend/Runtime/Cache/Order/d56dfcc0f322f6aedaa1d922c0f64d5c.php 第 638 行.
NOTIC: [8] Undefined index: id /home/www/hqjhc/backend/Runtime/Cache/Order/d56dfcc0f322f6aedaa1d922c0f64d5c.php 第 631 行.
NOTIC: [8] Undefined index: id /home/www/hqjhc/backend/Runtime/Cache/Order/d56dfcc0f322f6aedaa1d922c0f64d5c.php 第 637 行.
NOTIC: [8] Undefined index: id /home/www/hqjhc/backend/Runtime/Cache/Order/d56dfcc0f322f6aedaa1d922c0f64d5c.php 第 638 行.
NOTIC: [8] Undefined index: id /home/www/hqjhc/backend/Runtime/Cache/Order/d56dfcc0f322f6aedaa1d922c0f64d5c.php 第 631 行.
NOTIC: [8] Undefined index: id /home/www/hqjhc/backend/Runtime/Cache/Order/d56dfcc0f322f6aedaa1d922c0f64d5c.php 第 637 行.
NOTIC: [8] Undefined index: id /home/www/hqjhc/backend/Runtime/Cache/Order/d56dfcc0f322f6aedaa1d922c0f64d5c.php 第 638 行.
NOTIC: [8] Undefined index: id /home/www/hqjhc/backend/Runtime/Cache/Order/d56dfcc0f322f6aedaa1d922c0f64d5c.php 第 631 行.
NOTIC: [8] Undefined index: id /home/www/hqjhc/backend/Runtime/Cache/Order/d56dfcc0f322f6aedaa1d922c0f64d5c.php 第 637 行.
NOTIC: [8] Undefined index: id /home/www/hqjhc/backend/Runtime/Cache/Order/d56dfcc0f322f6aedaa1d922c0f64d5c.php 第 638 行.
NOTIC: [8] Undefined index: id /home/www/hqjhc/backend/Runtime/Cache/Order/d56dfcc0f322f6aedaa1d922c0f64d5c.php 第 631 行.
NOTIC: [8] Undefined index: id /home/www/hqjhc/backend/Runtime/Cache/Order/d56dfcc0f322f6aedaa1d922c0f64d5c.php 第 637 行.
NOTIC: [8] Undefined index: id /home/www/hqjhc/backend/Runtime/Cache/Order/d56dfcc0f322f6aedaa1d922c0f64d5c.php 第 638 行.
NOTIC: [8] Undefined index: id /home/www/hqjhc/backend/Runtime/Cache/Order/d56dfcc0f322f6aedaa1d922c0f64d5c.php 第 631 行.
NOTIC: [8] Undefined index: id /home/www/hqjhc/backend/Runtime/Cache/Order/d56dfcc0f322f6aedaa1d922c0f64d5c.php 第 637 行.
NOTIC: [8] Undefined index: id /home/www/hqjhc/backend/Runtime/Cache/Order/d56dfcc0f322f6aedaa1d922c0f64d5c.php 第 638 行.
NOTIC: [8] Undefined index: id /home/www/hqjhc/backend/Runtime/Cache/Order/d56dfcc0f322f6aedaa1d922c0f64d5c.php 第 631 行.
NOTIC: [8] Undefined index: id /home/www/hqjhc/backend/Runtime/Cache/Order/d56dfcc0f322f6aedaa1d922c0f64d5c.php 第 637 行.
NOTIC: [8] Undefined index: id /home/www/hqjhc/backend/Runtime/Cache/Order/d56dfcc0f322f6aedaa1d922c0f64d5c.php 第 638 行.
NOTIC: [8] Undefined index: id /home/www/hqjhc/backend/Runtime/Cache/Order/d56dfcc0f322f6aedaa1d922c0f64d5c.php 第 631 行.
NOTIC: [8] Undefined index: id /home/www/hqjhc/backend/Runtime/Cache/Order/d56dfcc0f322f6aedaa1d922c0f64d5c.php 第 637 行.
NOTIC: [8] Undefined index: id /home/www/hqjhc/backend/Runtime/Cache/Order/d56dfcc0f322f6aedaa1d922c0f64d5c.php 第 638 行.
NOTIC: [8] Undefined index: id /home/www/hqjhc/backend/Runtime/Cache/Order/d56dfcc0f322f6aedaa1d922c0f64d5c.php 第 631 行.
NOTIC: [8] Undefined index: id /home/www/hqjhc/backend/Runtime/Cache/Order/d56dfcc0f322f6aedaa1d922c0f64d5c.php 第 637 行.
NOTIC: [8] Undefined index: id /home/www/hqjhc/backend/Runtime/Cache/Order/d56dfcc0f322f6aedaa1d922c0f64d5c.php 第 638 行.
NOTIC: [8] Undefined index: id /home/www/hqjhc/backend/Runtime/Cache/Order/d56dfcc0f322f6aedaa1d922c0f64d5c.php 第 631 行.
NOTIC: [8] Undefined index: id /home/www/hqjhc/backend/Runtime/Cache/Order/d56dfcc0f322f6aedaa1d922c0f64d5c.php 第 637 行.
NOTIC: [8] Undefined index: id /home/www/hqjhc/backend/Runtime/Cache/Order/d56dfcc0f322f6aedaa1d922c0f64d5c.php 第 638 行.
NOTIC: [8] Undefined index: id /home/www/hqjhc/backend/Runtime/Cache/Order/d56dfcc0f322f6aedaa1d922c0f64d5c.php 第 631 行.
NOTIC: [8] Undefined index: id /home/www/hqjhc/backend/Runtime/Cache/Order/d56dfcc0f322f6aedaa1d922c0f64d5c.php 第 637 行.
NOTIC: [8] Undefined index: id /home/www/hqjhc/backend/Runtime/Cache/Order/d56dfcc0f322f6aedaa1d922c0f64d5c.php 第 638 行.
NOTIC: [8] Undefined index: id /home/www/hqjhc/backend/Runtime/Cache/Order/d56dfcc0f322f6aedaa1d922c0f64d5c.php 第 631 行.
NOTIC: [8] Undefined index: id /home/www/hqjhc/backend/Runtime/Cache/Order/d56dfcc0f322f6aedaa1d922c0f64d5c.php 第 637 行.
NOTIC: [8] Undefined index: id /home/www/hqjhc/backend/Runtime/Cache/Order/d56dfcc0f322f6aedaa1d922c0f64d5c.php 第 638 行.
NOTIC: [8] Undefined index: id /home/www/hqjhc/backend/Runtime/Cache/Order/d56dfcc0f322f6aedaa1d922c0f64d5c.php 第 631 行.
NOTIC: [8] Undefined index: id /home/www/hqjhc/backend/Runtime/Cache/Order/d56dfcc0f322f6aedaa1d922c0f64d5c.php 第 637 行.
NOTIC: [8] Undefined index: id /home/www/hqjhc/backend/Runtime/Cache/Order/d56dfcc0f322f6aedaa1d922c0f64d5c.php 第 638 行.
INFO: Run Behavior\ParseTemplateBehavior [ RunTime:0.007517s ]
INFO: [ view_parse ] --END-- [ RunTime:0.007530s ]
INFO: [ view_filter ] --START--
INFO: Run Behavior\WriteHtmlCacheBehavior [ RunTime:0.000071s ]
INFO: [ view_filter ] --END-- [ RunTime:0.000081s ]
INFO: [ app_end ] --START--
INFO: Run Behavior\ShowPageTraceBehavior [ RunTime:0.000224s ]
INFO: [ app_end ] --END-- [ RunTime:0.000238s ]

[ 2017-11-27T18:36:01+08:00 ] 101.81.120.60 /admin.php/Order/Index/paymenting.html
INFO: [ app_init ] --START--
INFO: Run Behavior\BuildLiteBehavior [ RunTime:0.000006s ]
INFO: [ app_init ] --END-- [ RunTime:0.000155s ]
INFO: [ app_begin ] --START--
INFO: Run Behavior\ReadHtmlCacheBehavior [ RunTime:0.000204s ]
INFO: [ app_begin ] --END-- [ RunTime:0.000219s ]
NOTIC: [8] A session had already been started - ignoring session_start() /home/www/hqjhc/ThinkPHP/Common/functions.php 第 1263 行.
SQL: SHOW COLUMNS FROM `hqjhc_orders` [ RunTime:0.0005s ]
SQL: SELECT COUNT(*) AS tp_count FROM `hqjhc_orders` WHERE hqjhc_orders.dataFlag = 0 AND hqjhc_orders.orderStatus = 0 LIMIT 1   [ RunTime:0.0002s ]
SQL: SELECT hqjhc_brands.brandLogo as brandLogo,hqjhc_goods.goods_display_img as goods_display_img,hqjhc_goods.name as name,hqjhc_goods.goods_price as goods_price,hqjhc_goods.marketPrice as marketprice,hqjhc_orders.orderNo as orderno,hqjhc_orders.createTime as createtime,hqjhc_orders.orderid as orderid,hqjhc_orders.num as num,hqjhc_orders.spec1 as spec1,hqjhc_orders.spec2 as spec2,hqjhc_orders.remarks as remarks,hqjhc_user_address.userAdress as useraddress FROM `hqjhc_orders` LEFT JOIN hqjhc_goods ON hqjhc_goods.id = hqjhc_orders.goodsid LEFT JOIN hqjhc_brands ON hqjhc_orders.brandsid = hqjhc_brands.brandid LEFT JOIN hqjhc_order_address ON hqjhc_order_address.orderno = hqjhc_orders.orderno LEFT JOIN hqjhc_user_address ON hqjhc_user_address.addressid = hqjhc_order_address.addressid  WHERE hqjhc_orders.dataFlag = 0 AND hqjhc_orders.orderStatus = 0 ORDER BY hqjhc_orders.orderid desc LIMIT 0,15   [ RunTime:0.0013s ]
INFO: [ view_parse ] --START--
INFO: [ template_filter ] --START--
INFO: Run Behavior\ContentReplaceBehavior [ RunTime:0.000075s ]
INFO: [ template_filter ] --END-- [ RunTime:0.000091s ]
NOTIC: [8] Undefined index: id /home/www/hqjhc/backend/Runtime/Cache/Order/7b3af35fcef8aa43e70271a6f073d5c5.php 第 631 行.
NOTIC: [8] Undefined index: id /home/www/hqjhc/backend/Runtime/Cache/Order/7b3af35fcef8aa43e70271a6f073d5c5.php 第 637 行.
NOTIC: [8] Undefined index: id /home/www/hqjhc/backend/Runtime/Cache/Order/7b3af35fcef8aa43e70271a6f073d5c5.php 第 638 行.
NOTIC: [8] Undefined index: id /home/www/hqjhc/backend/Runtime/Cache/Order/7b3af35fcef8aa43e70271a6f073d5c5.php 第 631 行.
NOTIC: [8] Undefined index: id /home/www/hqjhc/backend/Runtime/Cache/Order/7b3af35fcef8aa43e70271a6f073d5c5.php 第 637 行.
NOTIC: [8] Undefined index: id /home/www/hqjhc/backend/Runtime/Cache/Order/7b3af35fcef8aa43e70271a6f073d5c5.php 第 638 行.
NOTIC: [8] Undefined index: id /home/www/hqjhc/backend/Runtime/Cache/Order/7b3af35fcef8aa43e70271a6f073d5c5.php 第 631 行.
NOTIC: [8] Undefined index: id /home/www/hqjhc/backend/Runtime/Cache/Order/7b3af35fcef8aa43e70271a6f073d5c5.php 第 637 行.
NOTIC: [8] Undefined index: id /home/www/hqjhc/backend/Runtime/Cache/Order/7b3af35fcef8aa43e70271a6f073d5c5.php 第 638 行.
NOTIC: [8] Undefined index: id /home/www/hqjhc/backend/Runtime/Cache/Order/7b3af35fcef8aa43e70271a6f073d5c5.php 第 631 行.
NOTIC: [8] Undefined index: id /home/www/hqjhc/backend/Runtime/Cache/Order/7b3af35fcef8aa43e70271a6f073d5c5.php 第 637 行.
NOTIC: [8] Undefined index: id /home/www/hqjhc/backend/Runtime/Cache/Order/7b3af35fcef8aa43e70271a6f073d5c5.php 第 638 行.
NOTIC: [8] Undefined index: id /home/www/hqjhc/backend/Runtime/Cache/Order/7b3af35fcef8aa43e70271a6f073d5c5.php 第 631 行.
NOTIC: [8] Undefined index: id /home/www/hqjhc/backend/Runtime/Cache/Order/7b3af35fcef8aa43e70271a6f073d5c5.php 第 637 行.
NOTIC: [8] Undefined index: id /home/www/hqjhc/backend/Runtime/Cache/Order/7b3af35fcef8aa43e70271a6f073d5c5.php 第 638 行.
NOTIC: [8] Undefined index: id /home/www/hqjhc/backend/Runtime/Cache/Order/7b3af35fcef8aa43e70271a6f073d5c5.php 第 631 行.
NOTIC: [8] Undefined index: id /home/www/hqjhc/backend/Runtime/Cache/Order/7b3af35fcef8aa43e70271a6f073d5c5.php 第 637 行.
NOTIC: [8] Undefined index: id /home/www/hqjhc/backend/Runtime/Cache/Order/7b3af35fcef8aa43e70271a6f073d5c5.php 第 638 行.
NOTIC: [8] Undefined index: id /home/www/hqjhc/backend/Runtime/Cache/Order/7b3af35fcef8aa43e70271a6f073d5c5.php 第 631 行.
NOTIC: [8] Undefined index: id /home/www/hqjhc/backend/Runtime/Cache/Order/7b3af35fcef8aa43e70271a6f073d5c5.php 第 637 行.
NOTIC: [8] Undefined index: id /home/www/hqjhc/backend/Runtime/Cache/Order/7b3af35fcef8aa43e70271a6f073d5c5.php 第 638 行.
NOTIC: [8] Undefined index: id /home/www/hqjhc/backend/Runtime/Cache/Order/7b3af35fcef8aa43e70271a6f073d5c5.php 第 631 行.
NOTIC: [8] Undefined index: id /home/www/hqjhc/backend/Runtime/Cache/Order/7b3af35fcef8aa43e70271a6f073d5c5.php 第 637 行.
NOTIC: [8] Undefined index: id /home/www/hqjhc/backend/Runtime/Cache/Order/7b3af35fcef8aa43e70271a6f073d5c5.php 第 638 行.
NOTIC: [8] Undefined index: id /home/www/hqjhc/backend/Runtime/Cache/Order/7b3af35fcef8aa43e70271a6f073d5c5.php 第 631 行.
NOTIC: [8] Undefined index: id /home/www/hqjhc/backend/Runtime/Cache/Order/7b3af35fcef8aa43e70271a6f073d5c5.php 第 637 行.
NOTIC: [8] Undefined index: id /home/www/hqjhc/backend/Runtime/Cache/Order/7b3af35fcef8aa43e70271a6f073d5c5.php 第 638 行.
NOTIC: [8] Undefined index: id /home/www/hqjhc/backend/Runtime/Cache/Order/7b3af35fcef8aa43e70271a6f073d5c5.php 第 631 行.
NOTIC: [8] Undefined index: id /home/www/hqjhc/backend/Runtime/Cache/Order/7b3af35fcef8aa43e70271a6f073d5c5.php 第 637 行.
NOTIC: [8] Undefined index: id /home/www/hqjhc/backend/Runtime/Cache/Order/7b3af35fcef8aa43e70271a6f073d5c5.php 第 638 行.
NOTIC: [8] Undefined index: id /home/www/hqjhc/backend/Runtime/Cache/Order/7b3af35fcef8aa43e70271a6f073d5c5.php 第 631 行.
NOTIC: [8] Undefined index: id /home/www/hqjhc/backend/Runtime/Cache/Order/7b3af35fcef8aa43e70271a6f073d5c5.php 第 637 行.
NOTIC: [8] Undefined index: id /home/www/hqjhc/backend/Runtime/Cache/Order/7b3af35fcef8aa43e70271a6f073d5c5.php 第 638 行.
NOTIC: [8] Undefined index: id /home/www/hqjhc/backend/Runtime/Cache/Order/7b3af35fcef8aa43e70271a6f073d5c5.php 第 631 行.
NOTIC: [8] Undefined index: id /home/www/hqjhc/backend/Runtime/Cache/Order/7b3af35fcef8aa43e70271a6f073d5c5.php 第 637 行.
NOTIC: [8] Undefined index: id /home/www/hqjhc/backend/Runtime/Cache/Order/7b3af35fcef8aa43e70271a6f073d5c5.php 第 638 行.
NOTIC: [8] Undefined index: id /home/www/hqjhc/backend/Runtime/Cache/Order/7b3af35fcef8aa43e70271a6f073d5c5.php 第 631 行.
NOTIC: [8] Undefined index: id /home/www/hqjhc/backend/Runtime/Cache/Order/7b3af35fcef8aa43e70271a6f073d5c5.php 第 637 行.
NOTIC: [8] Undefined index: id /home/www/hqjhc/backend/Runtime/Cache/Order/7b3af35fcef8aa43e70271a6f073d5c5.php 第 638 行.
NOTIC: [8] Undefined index: id /home/www/hqjhc/backend/Runtime/Cache/Order/7b3af35fcef8aa43e70271a6f073d5c5.php 第 631 行.
NOTIC: [8] Undefined index: id /home/www/hqjhc/backend/Runtime/Cache/Order/7b3af35fcef8aa43e70271a6f073d5c5.php 第 637 行.
NOTIC: [8] Undefined index: id /home/www/hqjhc/backend/Runtime/Cache/Order/7b3af35fcef8aa43e70271a6f073d5c5.php 第 638 行.
NOTIC: [8] Undefined index: id /home/www/hqjhc/backend/Runtime/Cache/Order/7b3af35fcef8aa43e70271a6f073d5c5.php 第 631 行.
NOTIC: [8] Undefined index: id /home/www/hqjhc/backend/Runtime/Cache/Order/7b3af35fcef8aa43e70271a6f073d5c5.php 第 637 行.
NOTIC: [8] Undefined index: id /home/www/hqjhc/backend/Runtime/Cache/Order/7b3af35fcef8aa43e70271a6f073d5c5.php 第 638 行.
INFO: Run Behavior\ParseTemplateBehavior [ RunTime:0.007615s ]
INFO: [ view_parse ] --END-- [ RunTime:0.007629s ]
INFO: [ view_filter ] --START--
INFO: Run Behavior\WriteHtmlCacheBehavior [ RunTime:0.000076s ]
INFO: [ view_filter ] --END-- [ RunTime:0.000087s ]
INFO: [ app_end ] --START--
INFO: Run Behavior\ShowPageTraceBehavior [ RunTime:0.000231s ]
INFO: [ app_end ] --END-- [ RunTime:0.000245s ]

[ 2017-11-27T18:36:11+08:00 ] 61.151.207.252 /admin.php/Order/Index/paymenting.html
INFO: [ app_init ] --START--
INFO: Run Behavior\BuildLiteBehavior [ RunTime:0.000006s ]
INFO: [ app_init ] --END-- [ RunTime:0.000152s ]
INFO: [ app_begin ] --START--
INFO: Run Behavior\ReadHtmlCacheBehavior [ RunTime:0.000197s ]
INFO: [ app_begin ] --END-- [ RunTime:0.000212s ]
NOTIC: [8] A session had already been started - ignoring session_start() /home/www/hqjhc/ThinkPHP/Common/functions.php 第 1263 行.
SQL: SHOW COLUMNS FROM `hqjhc_orders` [ RunTime:0.0005s ]
SQL: SELECT COUNT(*) AS tp_count FROM `hqjhc_orders` WHERE hqjhc_orders.dataFlag = 0 AND hqjhc_orders.orderStatus = 0 LIMIT 1   [ RunTime:0.0002s ]
SQL: SELECT hqjhc_brands.brandLogo as brandLogo,hqjhc_goods.goods_display_img as goods_display_img,hqjhc_goods.name as name,hqjhc_goods.goods_price as goods_price,hqjhc_goods.marketPrice as marketprice,hqjhc_orders.orderNo as orderno,hqjhc_orders.createTime as createtime,hqjhc_orders.orderid as orderid,hqjhc_orders.num as num,hqjhc_orders.spec1 as spec1,hqjhc_orders.spec2 as spec2,hqjhc_orders.remarks as remarks,hqjhc_user_address.userAdress as useraddress FROM `hqjhc_orders` LEFT JOIN hqjhc_goods ON hqjhc_goods.id = hqjhc_orders.goodsid LEFT JOIN hqjhc_brands ON hqjhc_orders.brandsid = hqjhc_brands.brandid LEFT JOIN hqjhc_order_address ON hqjhc_order_address.orderno = hqjhc_orders.orderno LEFT JOIN hqjhc_user_address ON hqjhc_user_address.addressid = hqjhc_order_address.addressid  WHERE hqjhc_orders.dataFlag = 0 AND hqjhc_orders.orderStatus = 0 ORDER BY hqjhc_orders.orderid desc LIMIT 0,15   [ RunTime:0.0012s ]
INFO: [ view_parse ] --START--
INFO: [ template_filter ] --START--
INFO: Run Behavior\ContentReplaceBehavior [ RunTime:0.000074s ]
INFO: [ template_filter ] --END-- [ RunTime:0.000090s ]
NOTIC: [8] Undefined index: id /home/www/hqjhc/backend/Runtime/Cache/Order/7b3af35fcef8aa43e70271a6f073d5c5.php 第 631 行.
NOTIC: [8] Undefined index: id /home/www/hqjhc/backend/Runtime/Cache/Order/7b3af35fcef8aa43e70271a6f073d5c5.php 第 637 行.
NOTIC: [8] Undefined index: id /home/www/hqjhc/backend/Runtime/Cache/Order/7b3af35fcef8aa43e70271a6f073d5c5.php 第 638 行.
NOTIC: [8] Undefined index: id /home/www/hqjhc/backend/Runtime/Cache/Order/7b3af35fcef8aa43e70271a6f073d5c5.php 第 631 行.
NOTIC: [8] Undefined index: id /home/www/hqjhc/backend/Runtime/Cache/Order/7b3af35fcef8aa43e70271a6f073d5c5.php 第 637 行.
NOTIC: [8] Undefined index: id /home/www/hqjhc/backend/Runtime/Cache/Order/7b3af35fcef8aa43e70271a6f073d5c5.php 第 638 行.
NOTIC: [8] Undefined index: id /home/www/hqjhc/backend/Runtime/Cache/Order/7b3af35fcef8aa43e70271a6f073d5c5.php 第 631 行.
NOTIC: [8] Undefined index: id /home/www/hqjhc/backend/Runtime/Cache/Order/7b3af35fcef8aa43e70271a6f073d5c5.php 第 637 行.
NOTIC: [8] Undefined index: id /home/www/hqjhc/backend/Runtime/Cache/Order/7b3af35fcef8aa43e70271a6f073d5c5.php 第 638 行.
NOTIC: [8] Undefined index: id /home/www/hqjhc/backend/Runtime/Cache/Order/7b3af35fcef8aa43e70271a6f073d5c5.php 第 631 行.
NOTIC: [8] Undefined index: id /home/www/hqjhc/backend/Runtime/Cache/Order/7b3af35fcef8aa43e70271a6f073d5c5.php 第 637 行.
NOTIC: [8] Undefined index: id /home/www/hqjhc/backend/Runtime/Cache/Order/7b3af35fcef8aa43e70271a6f073d5c5.php 第 638 行.
NOTIC: [8] Undefined index: id /home/www/hqjhc/backend/Runtime/Cache/Order/7b3af35fcef8aa43e70271a6f073d5c5.php 第 631 行.
NOTIC: [8] Undefined index: id /home/www/hqjhc/backend/Runtime/Cache/Order/7b3af35fcef8aa43e70271a6f073d5c5.php 第 637 行.
NOTIC: [8] Undefined index: id /home/www/hqjhc/backend/Runtime/Cache/Order/7b3af35fcef8aa43e70271a6f073d5c5.php 第 638 行.
NOTIC: [8] Undefined index: id /home/www/hqjhc/backend/Runtime/Cache/Order/7b3af35fcef8aa43e70271a6f073d5c5.php 第 631 行.
NOTIC: [8] Undefined index: id /home/www/hqjhc/backend/Runtime/Cache/Order/7b3af35fcef8aa43e70271a6f073d5c5.php 第 637 行.
NOTIC: [8] Undefined index: id /home/www/hqjhc/backend/Runtime/Cache/Order/7b3af35fcef8aa43e70271a6f073d5c5.php 第 638 行.
NOTIC: [8] Undefined index: id /home/www/hqjhc/backend/Runtime/Cache/Order/7b3af35fcef8aa43e70271a6f073d5c5.php 第 631 行.
NOTIC: [8] Undefined index: id /home/www/hqjhc/backend/Runtime/Cache/Order/7b3af35fcef8aa43e70271a6f073d5c5.php 第 637 行.
NOTIC: [8] Undefined index: id /home/www/hqjhc/backend/Runtime/Cache/Order/7b3af35fcef8aa43e70271a6f073d5c5.php 第 638 行.
NOTIC: [8] Undefined index: id /home/www/hqjhc/backend/Runtime/Cache/Order/7b3af35fcef8aa43e70271a6f073d5c5.php 第 631 行.
NOTIC: [8] Undefined index: id /home/www/hqjhc/backend/Runtime/Cache/Order/7b3af35fcef8aa43e70271a6f073d5c5.php 第 637 行.
NOTIC: [8] Undefined index: id /home/www/hqjhc/backend/Runtime/Cache/Order/7b3af35fcef8aa43e70271a6f073d5c5.php 第 638 行.
NOTIC: [8] Undefined index: id /home/www/hqjhc/backend/Runtime/Cache/Order/7b3af35fcef8aa43e70271a6f073d5c5.php 第 631 行.
NOTIC: [8] Undefined index: id /home/www/hqjhc/backend/Runtime/Cache/Order/7b3af35fcef8aa43e70271a6f073d5c5.php 第 637 行.
NOTIC: [8] Undefined index: id /home/www/hqjhc/backend/Runtime/Cache/Order/7b3af35fcef8aa43e70271a6f073d5c5.php 第 638 行.
NOTIC: [8] Undefined index: id /home/www/hqjhc/backend/Runtime/Cache/Order/7b3af35fcef8aa43e70271a6f073d5c5.php 第 631 行.
NOTIC: [8] Undefined index: id /home/www/hqjhc/backend/Runtime/Cache/Order/7b3af35fcef8aa43e70271a6f073d5c5.php 第 637 行.
NOTIC: [8] Undefined index: id /home/www/hqjhc/backend/Runtime/Cache/Order/7b3af35fcef8aa43e70271a6f073d5c5.php 第 638 行.
NOTIC: [8] Undefined index: id /home/www/hqjhc/backend/Runtime/Cache/Order/7b3af35fcef8aa43e70271a6f073d5c5.php 第 631 行.
NOTIC: [8] Undefined index: id /home/www/hqjhc/backend/Runtime/Cache/Order/7b3af35fcef8aa43e70271a6f073d5c5.php 第 637 行.
NOTIC: [8] Undefined index: id /home/www/hqjhc/backend/Runtime/Cache/Order/7b3af35fcef8aa43e70271a6f073d5c5.php 第 638 行.
NOTIC: [8] Undefined index: id /home/www/hqjhc/backend/Runtime/Cache/Order/7b3af35fcef8aa43e70271a6f073d5c5.php 第 631 行.
NOTIC: [8] Undefined index: id /home/www/hqjhc/backend/Runtime/Cache/Order/7b3af35fcef8aa43e70271a6f073d5c5.php 第 637 行.
NOTIC: [8] Undefined index: id /home/www/hqjhc/backend/Runtime/Cache/Order/7b3af35fcef8aa43e70271a6f073d5c5.php 第 638 行.
NOTIC: [8] Undefined index: id /home/www/hqjhc/backend/Runtime/Cache/Order/7b3af35fcef8aa43e70271a6f073d5c5.php 第 631 行.
NOTIC: [8] Undefined index: id /home/www/hqjhc/backend/Runtime/Cache/Order/7b3af35fcef8aa43e70271a6f073d5c5.php 第 637 行.
NOTIC: [8] Undefined index: id /home/www/hqjhc/backend/Runtime/Cache/Order/7b3af35fcef8aa43e70271a6f073d5c5.php 第 638 行.
NOTIC: [8] Undefined index: id /home/www/hqjhc/backend/Runtime/Cache/Order/7b3af35fcef8aa43e70271a6f073d5c5.php 第 631 行.
NOTIC: [8] Undefined index: id /home/www/hqjhc/backend/Runtime/Cache/Order/7b3af35fcef8aa43e70271a6f073d5c5.php 第 637 行.
NOTIC: [8] Undefined index: id /home/www/hqjhc/backend/Runtime/Cache/Order/7b3af35fcef8aa43e70271a6f073d5c5.php 第 638 行.
NOTIC: [8] Undefined index: id /home/www/hqjhc/backend/Runtime/Cache/Order/7b3af35fcef8aa43e70271a6f073d5c5.php 第 631 行.
NOTIC: [8] Undefined index: id /home/www/hqjhc/backend/Runtime/Cache/Order/7b3af35fcef8aa43e70271a6f073d5c5.php 第 637 行.
NOTIC: [8] Undefined index: id /home/www/hqjhc/backend/Runtime/Cache/Order/7b3af35fcef8aa43e70271a6f073d5c5.php 第 638 行.
INFO: Run Behavior\ParseTemplateBehavior [ RunTime:0.007022s ]
INFO: [ view_parse ] --END-- [ RunTime:0.007036s ]
INFO: [ view_filter ] --START--
INFO: Run Behavior\WriteHtmlCacheBehavior [ RunTime:0.000068s ]
INFO: [ view_filter ] --END-- [ RunTime:0.000078s ]
INFO: [ app_end ] --START--
INFO: Run Behavior\ShowPageTraceBehavior [ RunTime:0.000224s ]
INFO: [ app_end ] --END-- [ RunTime:0.000237s ]

[ 2017-11-27T18:54:45+08:00 ] 101.81.120.60 /admin.php/Order/Index/index.html
INFO: [ app_init ] --START--
INFO: Run Behavior\BuildLiteBehavior [ RunTime:0.000007s ]
INFO: [ app_init ] --END-- [ RunTime:0.000189s ]
INFO: [ app_begin ] --START--
INFO: Run Behavior\ReadHtmlCacheBehavior [ RunTime:0.000235s ]
INFO: [ app_begin ] --END-- [ RunTime:0.000252s ]
NOTIC: [8] A session had already been started - ignoring session_start() /home/www/hqjhc/ThinkPHP/Common/functions.php 第 1263 行.
SQL: SHOW COLUMNS FROM `hqjhc_orders` [ RunTime:0.0005s ]
SQL: SELECT COUNT(*) AS tp_count FROM `hqjhc_orders` WHERE hqjhc_orders.dataFlag = 0 LIMIT 1   [ RunTime:0.0002s ]
SQL: SELECT hqjhc_brands.brandLogo as brandLogo,hqjhc_goods.goods_display_img as goods_display_img,hqjhc_goods.name as name,hqjhc_goods.goods_price as goods_price,hqjhc_goods.marketPrice as marketprice,hqjhc_orders.orderNo as orderno,hqjhc_orders.createTime as createtime,hqjhc_orders.orderid as orderid,hqjhc_orders.num as num,hqjhc_orders.spec1 as spec1,hqjhc_orders.spec2 as spec2,hqjhc_orders.remarks as remarks,hqjhc_user_address.userAdress as useraddress FROM `hqjhc_orders` LEFT JOIN hqjhc_goods ON hqjhc_goods.id = hqjhc_orders.goodsid LEFT JOIN hqjhc_brands ON hqjhc_orders.brandsid = hqjhc_brands.brandid LEFT JOIN hqjhc_order_address ON hqjhc_order_address.orderno = hqjhc_orders.orderno LEFT JOIN hqjhc_user_address ON hqjhc_user_address.addressid = hqjhc_order_address.addressid  WHERE hqjhc_orders.dataFlag = 0 ORDER BY hqjhc_orders.orderid desc LIMIT 0,15   [ RunTime:0.0012s ]
INFO: [ view_parse ] --START--
INFO: [ template_filter ] --START--
INFO: Run Behavior\ContentReplaceBehavior [ RunTime:0.000091s ]
INFO: [ template_filter ] --END-- [ RunTime:0.000107s ]
NOTIC: [8] Undefined index: id /home/www/hqjhc/backend/Runtime/Cache/Order/d56dfcc0f322f6aedaa1d922c0f64d5c.php 第 631 行.
NOTIC: [8] Undefined index: id /home/www/hqjhc/backend/Runtime/Cache/Order/d56dfcc0f322f6aedaa1d922c0f64d5c.php 第 637 行.
NOTIC: [8] Undefined index: id /home/www/hqjhc/backend/Runtime/Cache/Order/d56dfcc0f322f6aedaa1d922c0f64d5c.php 第 638 行.
NOTIC: [8] Undefined index: id /home/www/hqjhc/backend/Runtime/Cache/Order/d56dfcc0f322f6aedaa1d922c0f64d5c.php 第 631 行.
NOTIC: [8] Undefined index: id /home/www/hqjhc/backend/Runtime/Cache/Order/d56dfcc0f322f6aedaa1d922c0f64d5c.php 第 637 行.
NOTIC: [8] Undefined index: id /home/www/hqjhc/backend/Runtime/Cache/Order/d56dfcc0f322f6aedaa1d922c0f64d5c.php 第 638 行.
NOTIC: [8] Undefined index: id /home/www/hqjhc/backend/Runtime/Cache/Order/d56dfcc0f322f6aedaa1d922c0f64d5c.php 第 631 行.
NOTIC: [8] Undefined index: id /home/www/hqjhc/backend/Runtime/Cache/Order/d56dfcc0f322f6aedaa1d922c0f64d5c.php 第 637 行.
NOTIC: [8] Undefined index: id /home/www/hqjhc/backend/Runtime/Cache/Order/d56dfcc0f322f6aedaa1d922c0f64d5c.php 第 638 行.
NOTIC: [8] Undefined index: id /home/www/hqjhc/backend/Runtime/Cache/Order/d56dfcc0f322f6aedaa1d922c0f64d5c.php 第 631 行.
NOTIC: [8] Undefined index: id /home/www/hqjhc/backend/Runtime/Cache/Order/d56dfcc0f322f6aedaa1d922c0f64d5c.php 第 637 行.
NOTIC: [8] Undefined index: id /home/www/hqjhc/backend/Runtime/Cache/Order/d56dfcc0f322f6aedaa1d922c0f64d5c.php 第 638 行.
NOTIC: [8] Undefined index: id /home/www/hqjhc/backend/Runtime/Cache/Order/d56dfcc0f322f6aedaa1d922c0f64d5c.php 第 631 行.
NOTIC: [8] Undefined index: id /home/www/hqjhc/backend/Runtime/Cache/Order/d56dfcc0f322f6aedaa1d922c0f64d5c.php 第 637 行.
NOTIC: [8] Undefined index: id /home/www/hqjhc/backend/Runtime/Cache/Order/d56dfcc0f322f6aedaa1d922c0f64d5c.php 第 638 行.
NOTIC: [8] Undefined index: id /home/www/hqjhc/backend/Runtime/Cache/Order/d56dfcc0f322f6aedaa1d922c0f64d5c.php 第 631 行.
NOTIC: [8] Undefined index: id /home/www/hqjhc/backend/Runtime/Cache/Order/d56dfcc0f322f6aedaa1d922c0f64d5c.php 第 637 行.
NOTIC: [8] Undefined index: id /home/www/hqjhc/backend/Runtime/Cache/Order/d56dfcc0f322f6aedaa1d922c0f64d5c.php 第 638 行.
NOTIC: [8] Undefined index: id /home/www/hqjhc/backend/Runtime/Cache/Order/d56dfcc0f322f6aedaa1d922c0f64d5c.php 第 631 行.
NOTIC: [8] Undefined index: id /home/www/hqjhc/backend/Runtime/Cache/Order/d56dfcc0f322f6aedaa1d922c0f64d5c.php 第 637 行.
NOTIC: [8] Undefined index: id /home/www/hqjhc/backend/Runtime/Cache/Order/d56dfcc0f322f6aedaa1d922c0f64d5c.php 第 638 行.
NOTIC: [8] Undefined index: id /home/www/hqjhc/backend/Runtime/Cache/Order/d56dfcc0f322f6aedaa1d922c0f64d5c.php 第 631 行.
NOTIC: [8] Undefined index: id /home/www/hqjhc/backend/Runtime/Cache/Order/d56dfcc0f322f6aedaa1d922c0f64d5c.php 第 637 行.
NOTIC: [8] Undefined index: id /home/www/hqjhc/backend/Runtime/Cache/Order/d56dfcc0f322f6aedaa1d922c0f64d5c.php 第 638 行.
NOTIC: [8] Undefined index: id /home/www/hqjhc/backend/Runtime/Cache/Order/d56dfcc0f322f6aedaa1d922c0f64d5c.php 第 631 行.
NOTIC: [8] Undefined index: id /home/www/hqjhc/backend/Runtime/Cache/Order/d56dfcc0f322f6aedaa1d922c0f64d5c.php 第 637 行.
NOTIC: [8] Undefined index: id /home/www/hqjhc/backend/Runtime/Cache/Order/d56dfcc0f322f6aedaa1d922c0f64d5c.php 第 638 行.
NOTIC: [8] Undefined index: id /home/www/hqjhc/backend/Runtime/Cache/Order/d56dfcc0f322f6aedaa1d922c0f64d5c.php 第 631 行.
NOTIC: [8] Undefined index: id /home/www/hqjhc/backend/Runtime/Cache/Order/d56dfcc0f322f6aedaa1d922c0f64d5c.php 第 637 行.
NOTIC: [8] Undefined index: id /home/www/hqjhc/backend/Runtime/Cache/Order/d56dfcc0f322f6aedaa1d922c0f64d5c.php 第 638 行.
NOTIC: [8] Undefined index: id /home/www/hqjhc/backend/Runtime/Cache/Order/d56dfcc0f322f6aedaa1d922c0f64d5c.php 第 631 行.
NOTIC: [8] Undefined index: id /home/www/hqjhc/backend/Runtime/Cache/Order/d56dfcc0f322f6aedaa1d922c0f64d5c.php 第 637 行.
NOTIC: [8] Undefined index: id /home/www/hqjhc/backend/Runtime/Cache/Order/d56dfcc0f322f6aedaa1d922c0f64d5c.php 第 638 行.
NOTIC: [8] Undefined index: id /home/www/hqjhc/backend/Runtime/Cache/Order/d56dfcc0f322f6aedaa1d922c0f64d5c.php 第 631 行.
NOTIC: [8] Undefined index: id /home/www/hqjhc/backend/Runtime/Cache/Order/d56dfcc0f322f6aedaa1d922c0f64d5c.php 第 637 行.
NOTIC: [8] Undefined index: id /home/www/hqjhc/backend/Runtime/Cache/Order/d56dfcc0f322f6aedaa1d922c0f64d5c.php 第 638 行.
NOTIC: [8] Undefined index: id /home/www/hqjhc/backend/Runtime/Cache/Order/d56dfcc0f322f6aedaa1d922c0f64d5c.php 第 631 行.
NOTIC: [8] Undefined index: id /home/www/hqjhc/backend/Runtime/Cache/Order/d56dfcc0f322f6aedaa1d922c0f64d5c.php 第 637 行.
NOTIC: [8] Undefined index: id /home/www/hqjhc/backend/Runtime/Cache/Order/d56dfcc0f322f6aedaa1d922c0f64d5c.php 第 638 行.
NOTIC: [8] Undefined index: id /home/www/hqjhc/backend/Runtime/Cache/Order/d56dfcc0f322f6aedaa1d922c0f64d5c.php 第 631 行.
NOTIC: [8] Undefined index: id /home/www/hqjhc/backend/Runtime/Cache/Order/d56dfcc0f322f6aedaa1d922c0f64d5c.php 第 637 行.
NOTIC: [8] Undefined index: id /home/www/hqjhc/backend/Runtime/Cache/Order/d56dfcc0f322f6aedaa1d922c0f64d5c.php 第 638 行.
NOTIC: [8] Undefined index: id /home/www/hqjhc/backend/Runtime/Cache/Order/d56dfcc0f322f6aedaa1d922c0f64d5c.php 第 631 行.
NOTIC: [8] Undefined index: id /home/www/hqjhc/backend/Runtime/Cache/Order/d56dfcc0f322f6aedaa1d922c0f64d5c.php 第 637 行.
NOTIC: [8] Undefined index: id /home/www/hqjhc/backend/Runtime/Cache/Order/d56dfcc0f322f6aedaa1d922c0f64d5c.php 第 638 行.
INFO: Run Behavior\ParseTemplateBehavior [ RunTime:0.007604s ]
INFO: [ view_parse ] --END-- [ RunTime:0.007618s ]
INFO: [ view_filter ] --START--
INFO: Run Behavior\WriteHtmlCacheBehavior [ RunTime:0.000073s ]
INFO: [ view_filter ] --END-- [ RunTime:0.000085s ]
INFO: [ app_end ] --START--
INFO: Run Behavior\ShowPageTraceBehavior [ RunTime:0.000237s ]
INFO: [ app_end ] --END-- [ RunTime:0.000250s ]

[ 2017-11-27T22:35:42+08:00 ] 114.83.117.78 /admin.php/Order/Index/index.html
INFO: [ app_init ] --START--
INFO: Run Behavior\BuildLiteBehavior [ RunTime:0.000006s ]
INFO: [ app_init ] --END-- [ RunTime:0.000151s ]
INFO: [ app_begin ] --START--
INFO: Run Behavior\ReadHtmlCacheBehavior [ RunTime:0.000212s ]
INFO: [ app_begin ] --END-- [ RunTime:0.000227s ]
NOTIC: [8] A session had already been started - ignoring session_start() /home/www/hqjhc/ThinkPHP/Common/functions.php 第 1263 行.
SQL: SHOW COLUMNS FROM `hqjhc_orders` [ RunTime:0.0005s ]
SQL: SELECT COUNT(*) AS tp_count FROM `hqjhc_orders` WHERE hqjhc_orders.dataFlag = 0 LIMIT 1   [ RunTime:0.0002s ]
SQL: SELECT hqjhc_brands.brandLogo as brandLogo,hqjhc_goods.goods_display_img as goods_display_img,hqjhc_goods.name as name,hqjhc_goods.goods_price as goods_price,hqjhc_goods.marketPrice as marketprice,hqjhc_orders.orderNo as orderno,hqjhc_orders.createTime as createtime,hqjhc_orders.orderid as orderid,hqjhc_orders.num as num,hqjhc_orders.spec1 as spec1,hqjhc_orders.spec2 as spec2,hqjhc_orders.remarks as remarks,hqjhc_user_address.userAdress as useraddress FROM `hqjhc_orders` LEFT JOIN hqjhc_goods ON hqjhc_goods.id = hqjhc_orders.goodsid LEFT JOIN hqjhc_brands ON hqjhc_orders.brandsid = hqjhc_brands.brandid LEFT JOIN hqjhc_order_address ON hqjhc_order_address.orderno = hqjhc_orders.orderno LEFT JOIN hqjhc_user_address ON hqjhc_user_address.addressid = hqjhc_order_address.addressid  WHERE hqjhc_orders.dataFlag = 0 ORDER BY hqjhc_orders.orderid desc LIMIT 0,15   [ RunTime:0.0012s ]
INFO: [ view_parse ] --START--
INFO: [ template_filter ] --START--
INFO: Run Behavior\ContentReplaceBehavior [ RunTime:0.000075s ]
INFO: [ template_filter ] --END-- [ RunTime:0.000090s ]
NOTIC: [8] Undefined index: id /home/www/hqjhc/backend/Runtime/Cache/Order/d56dfcc0f322f6aedaa1d922c0f64d5c.php 第 631 行.
NOTIC: [8] Undefined index: id /home/www/hqjhc/backend/Runtime/Cache/Order/d56dfcc0f322f6aedaa1d922c0f64d5c.php 第 637 行.
NOTIC: [8] Undefined index: id /home/www/hqjhc/backend/Runtime/Cache/Order/d56dfcc0f322f6aedaa1d922c0f64d5c.php 第 638 行.
NOTIC: [8] Undefined index: id /home/www/hqjhc/backend/Runtime/Cache/Order/d56dfcc0f322f6aedaa1d922c0f64d5c.php 第 631 行.
NOTIC: [8] Undefined index: id /home/www/hqjhc/backend/Runtime/Cache/Order/d56dfcc0f322f6aedaa1d922c0f64d5c.php 第 637 行.
NOTIC: [8] Undefined index: id /home/www/hqjhc/backend/Runtime/Cache/Order/d56dfcc0f322f6aedaa1d922c0f64d5c.php 第 638 行.
NOTIC: [8] Undefined index: id /home/www/hqjhc/backend/Runtime/Cache/Order/d56dfcc0f322f6aedaa1d922c0f64d5c.php 第 631 行.
NOTIC: [8] Undefined index: id /home/www/hqjhc/backend/Runtime/Cache/Order/d56dfcc0f322f6aedaa1d922c0f64d5c.php 第 637 行.
NOTIC: [8] Undefined index: id /home/www/hqjhc/backend/Runtime/Cache/Order/d56dfcc0f322f6aedaa1d922c0f64d5c.php 第 638 行.
NOTIC: [8] Undefined index: id /home/www/hqjhc/backend/Runtime/Cache/Order/d56dfcc0f322f6aedaa1d922c0f64d5c.php 第 631 行.
NOTIC: [8] Undefined index: id /home/www/hqjhc/backend/Runtime/Cache/Order/d56dfcc0f322f6aedaa1d922c0f64d5c.php 第 637 行.
NOTIC: [8] Undefined index: id /home/www/hqjhc/backend/Runtime/Cache/Order/d56dfcc0f322f6aedaa1d922c0f64d5c.php 第 638 行.
NOTIC: [8] Undefined index: id /home/www/hqjhc/backend/Runtime/Cache/Order/d56dfcc0f322f6aedaa1d922c0f64d5c.php 第 631 行.
NOTIC: [8] Undefined index: id /home/www/hqjhc/backend/Runtime/Cache/Order/d56dfcc0f322f6aedaa1d922c0f64d5c.php 第 637 行.
NOTIC: [8] Undefined index: id /home/www/hqjhc/backend/Runtime/Cache/Order/d56dfcc0f322f6aedaa1d922c0f64d5c.php 第 638 行.
NOTIC: [8] Undefined index: id /home/www/hqjhc/backend/Runtime/Cache/Order/d56dfcc0f322f6aedaa1d922c0f64d5c.php 第 631 行.
NOTIC: [8] Undefined index: id /home/www/hqjhc/backend/Runtime/Cache/Order/d56dfcc0f322f6aedaa1d922c0f64d5c.php 第 637 行.
NOTIC: [8] Undefined index: id /home/www/hqjhc/backend/Runtime/Cache/Order/d56dfcc0f322f6aedaa1d922c0f64d5c.php 第 638 行.
NOTIC: [8] Undefined index: id /home/www/hqjhc/backend/Runtime/Cache/Order/d56dfcc0f322f6aedaa1d922c0f64d5c.php 第 631 行.
NOTIC: [8] Undefined index: id /home/www/hqjhc/backend/Runtime/Cache/Order/d56dfcc0f322f6aedaa1d922c0f64d5c.php 第 637 行.
NOTIC: [8] Undefined index: id /home/www/hqjhc/backend/Runtime/Cache/Order/d56dfcc0f322f6aedaa1d922c0f64d5c.php 第 638 行.
NOTIC: [8] Undefined index: id /home/www/hqjhc/backend/Runtime/Cache/Order/d56dfcc0f322f6aedaa1d922c0f64d5c.php 第 631 行.
NOTIC: [8] Undefined index: id /home/www/hqjhc/backend/Runtime/Cache/Order/d56dfcc0f322f6aedaa1d922c0f64d5c.php 第 637 行.
NOTIC: [8] Undefined index: id /home/www/hqjhc/backend/Runtime/Cache/Order/d56dfcc0f322f6aedaa1d922c0f64d5c.php 第 638 行.
NOTIC: [8] Undefined index: id /home/www/hqjhc/backend/Runtime/Cache/Order/d56dfcc0f322f6aedaa1d922c0f64d5c.php 第 631 行.
NOTIC: [8] Undefined index: id /home/www/hqjhc/backend/Runtime/Cache/Order/d56dfcc0f322f6aedaa1d922c0f64d5c.php 第 637 行.
NOTIC: [8] Undefined index: id /home/www/hqjhc/backend/Runtime/Cache/Order/d56dfcc0f322f6aedaa1d922c0f64d5c.php 第 638 行.
NOTIC: [8] Undefined index: id /home/www/hqjhc/backend/Runtime/Cache/Order/d56dfcc0f322f6aedaa1d922c0f64d5c.php 第 631 行.
NOTIC: [8] Undefined index: id /home/www/hqjhc/backend/Runtime/Cache/Order/d56dfcc0f322f6aedaa1d922c0f64d5c.php 第 637 行.
NOTIC: [8] Undefined index: id /home/www/hqjhc/backend/Runtime/Cache/Order/d56dfcc0f322f6aedaa1d922c0f64d5c.php 第 638 行.
NOTIC: [8] Undefined index: id /home/www/hqjhc/backend/Runtime/Cache/Order/d56dfcc0f322f6aedaa1d922c0f64d5c.php 第 631 行.
NOTIC: [8] Undefined index: id /home/www/hqjhc/backend/Runtime/Cache/Order/d56dfcc0f322f6aedaa1d922c0f64d5c.php 第 637 行.
NOTIC: [8] Undefined index: id /home/www/hqjhc/backend/Runtime/Cache/Order/d56dfcc0f322f6aedaa1d922c0f64d5c.php 第 638 行.
NOTIC: [8] Undefined index: id /home/www/hqjhc/backend/Runtime/Cache/Order/d56dfcc0f322f6aedaa1d922c0f64d5c.php 第 631 行.
NOTIC: [8] Undefined index: id /home/www/hqjhc/backend/Runtime/Cache/Order/d56dfcc0f322f6aedaa1d922c0f64d5c.php 第 637 行.
NOTIC: [8] Undefined index: id /home/www/hqjhc/backend/Runtime/Cache/Order/d56dfcc0f322f6aedaa1d922c0f64d5c.php 第 638 行.
NOTIC: [8] Undefined index: id /home/www/hqjhc/backend/Runtime/Cache/Order/d56dfcc0f322f6aedaa1d922c0f64d5c.php 第 631 行.
NOTIC: [8] Undefined index: id /home/www/hqjhc/backend/Runtime/Cache/Order/d56dfcc0f322f6aedaa1d922c0f64d5c.php 第 637 行.
NOTIC: [8] Undefined index: id /home/www/hqjhc/backend/Runtime/Cache/Order/d56dfcc0f322f6aedaa1d922c0f64d5c.php 第 638 行.
NOTIC: [8] Undefined index: id /home/www/hqjhc/backend/Runtime/Cache/Order/d56dfcc0f322f6aedaa1d922c0f64d5c.php 第 631 行.
NOTIC: [8] Undefined index: id /home/www/hqjhc/backend/Runtime/Cache/Order/d56dfcc0f322f6aedaa1d922c0f64d5c.php 第 637 行.
NOTIC: [8] Undefined index: id /home/www/hqjhc/backend/Runtime/Cache/Order/d56dfcc0f322f6aedaa1d922c0f64d5c.php 第 638 行.
NOTIC: [8] Undefined index: id /home/www/hqjhc/backend/Runtime/Cache/Order/d56dfcc0f322f6aedaa1d922c0f64d5c.php 第 631 行.
NOTIC: [8] Undefined index: id /home/www/hqjhc/backend/Runtime/Cache/Order/d56dfcc0f322f6aedaa1d922c0f64d5c.php 第 637 行.
NOTIC: [8] Undefined index: id /home/www/hqjhc/backend/Runtime/Cache/Order/d56dfcc0f322f6aedaa1d922c0f64d5c.php 第 638 行.
INFO: Run Behavior\ParseTemplateBehavior [ RunTime:0.007553s ]
INFO: [ view_parse ] --END-- [ RunTime:0.007566s ]
INFO: [ view_filter ] --START--
INFO: Run Behavior\WriteHtmlCacheBehavior [ RunTime:0.000072s ]
INFO: [ view_filter ] --END-- [ RunTime:0.000083s ]
INFO: [ app_end ] --START--
INFO: Run Behavior\ShowPageTraceBehavior [ RunTime:0.000226s ]
INFO: [ app_end ] --END-- [ RunTime:0.000239s ]

[ 2017-11-27T22:35:57+08:00 ] 101.226.66.179 /admin.php/order/index/index.html
INFO: [ app_init ] --START--
INFO: Run Behavior\BuildLiteBehavior [ RunTime:0.000007s ]
INFO: [ app_init ] --END-- [ RunTime:0.000189s ]
INFO: [ app_begin ] --START--
INFO: Run Behavior\ReadHtmlCacheBehavior [ RunTime:0.000221s ]
INFO: [ app_begin ] --END-- [ RunTime:0.000238s ]
NOTIC: [8] A session had already been started - ignoring session_start() /home/www/hqjhc/ThinkPHP/Common/functions.php 第 1263 行.
SQL: SHOW COLUMNS FROM `hqjhc_orders` [ RunTime:0.0005s ]
SQL: SELECT COUNT(*) AS tp_count FROM `hqjhc_orders` WHERE hqjhc_orders.dataFlag = 0 LIMIT 1   [ RunTime:0.0002s ]
SQL: SELECT hqjhc_brands.brandLogo as brandLogo,hqjhc_goods.goods_display_img as goods_display_img,hqjhc_goods.name as name,hqjhc_goods.goods_price as goods_price,hqjhc_goods.marketPrice as marketprice,hqjhc_orders.orderNo as orderno,hqjhc_orders.createTime as createtime,hqjhc_orders.orderid as orderid,hqjhc_orders.num as num,hqjhc_orders.spec1 as spec1,hqjhc_orders.spec2 as spec2,hqjhc_orders.remarks as remarks,hqjhc_user_address.userAdress as useraddress FROM `hqjhc_orders` LEFT JOIN hqjhc_goods ON hqjhc_goods.id = hqjhc_orders.goodsid LEFT JOIN hqjhc_brands ON hqjhc_orders.brandsid = hqjhc_brands.brandid LEFT JOIN hqjhc_order_address ON hqjhc_order_address.orderno = hqjhc_orders.orderno LEFT JOIN hqjhc_user_address ON hqjhc_user_address.addressid = hqjhc_order_address.addressid  WHERE hqjhc_orders.dataFlag = 0 ORDER BY hqjhc_orders.orderid desc LIMIT 0,15   [ RunTime:0.0012s ]
INFO: [ view_parse ] --START--
INFO: [ template_filter ] --START--
INFO: Run Behavior\ContentReplaceBehavior [ RunTime:0.000075s ]
INFO: [ template_filter ] --END-- [ RunTime:0.000090s ]
NOTIC: [8] Undefined index: id /home/www/hqjhc/backend/Runtime/Cache/Order/d56dfcc0f322f6aedaa1d922c0f64d5c.php 第 631 行.
NOTIC: [8] Undefined index: id /home/www/hqjhc/backend/Runtime/Cache/Order/d56dfcc0f322f6aedaa1d922c0f64d5c.php 第 637 行.
NOTIC: [8] Undefined index: id /home/www/hqjhc/backend/Runtime/Cache/Order/d56dfcc0f322f6aedaa1d922c0f64d5c.php 第 638 行.
NOTIC: [8] Undefined index: id /home/www/hqjhc/backend/Runtime/Cache/Order/d56dfcc0f322f6aedaa1d922c0f64d5c.php 第 631 行.
NOTIC: [8] Undefined index: id /home/www/hqjhc/backend/Runtime/Cache/Order/d56dfcc0f322f6aedaa1d922c0f64d5c.php 第 637 行.
NOTIC: [8] Undefined index: id /home/www/hqjhc/backend/Runtime/Cache/Order/d56dfcc0f322f6aedaa1d922c0f64d5c.php 第 638 行.
NOTIC: [8] Undefined index: id /home/www/hqjhc/backend/Runtime/Cache/Order/d56dfcc0f322f6aedaa1d922c0f64d5c.php 第 631 行.
NOTIC: [8] Undefined index: id /home/www/hqjhc/backend/Runtime/Cache/Order/d56dfcc0f322f6aedaa1d922c0f64d5c.php 第 637 行.
NOTIC: [8] Undefined index: id /home/www/hqjhc/backend/Runtime/Cache/Order/d56dfcc0f322f6aedaa1d922c0f64d5c.php 第 638 行.
NOTIC: [8] Undefined index: id /home/www/hqjhc/backend/Runtime/Cache/Order/d56dfcc0f322f6aedaa1d922c0f64d5c.php 第 631 行.
NOTIC: [8] Undefined index: id /home/www/hqjhc/backend/Runtime/Cache/Order/d56dfcc0f322f6aedaa1d922c0f64d5c.php 第 637 行.
NOTIC: [8] Undefined index: id /home/www/hqjhc/backend/Runtime/Cache/Order/d56dfcc0f322f6aedaa1d922c0f64d5c.php 第 638 行.
NOTIC: [8] Undefined index: id /home/www/hqjhc/backend/Runtime/Cache/Order/d56dfcc0f322f6aedaa1d922c0f64d5c.php 第 631 行.
NOTIC: [8] Undefined index: id /home/www/hqjhc/backend/Runtime/Cache/Order/d56dfcc0f322f6aedaa1d922c0f64d5c.php 第 637 行.
NOTIC: [8] Undefined index: id /home/www/hqjhc/backend/Runtime/Cache/Order/d56dfcc0f322f6aedaa1d922c0f64d5c.php 第 638 行.
NOTIC: [8] Undefined index: id /home/www/hqjhc/backend/Runtime/Cache/Order/d56dfcc0f322f6aedaa1d922c0f64d5c.php 第 631 行.
NOTIC: [8] Undefined index: id /home/www/hqjhc/backend/Runtime/Cache/Order/d56dfcc0f322f6aedaa1d922c0f64d5c.php 第 637 行.
NOTIC: [8] Undefined index: id /home/www/hqjhc/backend/Runtime/Cache/Order/d56dfcc0f322f6aedaa1d922c0f64d5c.php 第 638 行.
NOTIC: [8] Undefined index: id /home/www/hqjhc/backend/Runtime/Cache/Order/d56dfcc0f322f6aedaa1d922c0f64d5c.php 第 631 行.
NOTIC: [8] Undefined index: id /home/www/hqjhc/backend/Runtime/Cache/Order/d56dfcc0f322f6aedaa1d922c0f64d5c.php 第 637 行.
NOTIC: [8] Undefined index: id /home/www/hqjhc/backend/Runtime/Cache/Order/d56dfcc0f322f6aedaa1d922c0f64d5c.php 第 638 行.
NOTIC: [8] Undefined index: id /home/www/hqjhc/backend/Runtime/Cache/Order/d56dfcc0f322f6aedaa1d922c0f64d5c.php 第 631 行.
NOTIC: [8] Undefined index: id /home/www/hqjhc/backend/Runtime/Cache/Order/d56dfcc0f322f6aedaa1d922c0f64d5c.php 第 637 行.
NOTIC: [8] Undefined index: id /home/www/hqjhc/backend/Runtime/Cache/Order/d56dfcc0f322f6aedaa1d922c0f64d5c.php 第 638 行.
NOTIC: [8] Undefined index: id /home/www/hqjhc/backend/Runtime/Cache/Order/d56dfcc0f322f6aedaa1d922c0f64d5c.php 第 631 行.
NOTIC: [8] Undefined index: id /home/www/hqjhc/backend/Runtime/Cache/Order/d56dfcc0f322f6aedaa1d922c0f64d5c.php 第 637 行.
NOTIC: [8] Undefined index: id /home/www/hqjhc/backend/Runtime/Cache/Order/d56dfcc0f322f6aedaa1d922c0f64d5c.php 第 638 行.
NOTIC: [8] Undefined index: id /home/www/hqjhc/backend/Runtime/Cache/Order/d56dfcc0f322f6aedaa1d922c0f64d5c.php 第 631 行.
NOTIC: [8] Undefined index: id /home/www/hqjhc/backend/Runtime/Cache/Order/d56dfcc0f322f6aedaa1d922c0f64d5c.php 第 637 行.
NOTIC: [8] Undefined index: id /home/www/hqjhc/backend/Runtime/Cache/Order/d56dfcc0f322f6aedaa1d922c0f64d5c.php 第 638 行.
NOTIC: [8] Undefined index: id /home/www/hqjhc/backend/Runtime/Cache/Order/d56dfcc0f322f6aedaa1d922c0f64d5c.php 第 631 行.
NOTIC: [8] Undefined index: id /home/www/hqjhc/backend/Runtime/Cache/Order/d56dfcc0f322f6aedaa1d922c0f64d5c.php 第 637 行.
NOTIC: [8] Undefined index: id /home/www/hqjhc/backend/Runtime/Cache/Order/d56dfcc0f322f6aedaa1d922c0f64d5c.php 第 638 行.
NOTIC: [8] Undefined index: id /home/www/hqjhc/backend/Runtime/Cache/Order/d56dfcc0f322f6aedaa1d922c0f64d5c.php 第 631 行.
NOTIC: [8] Undefined index: id /home/www/hqjhc/backend/Runtime/Cache/Order/d56dfcc0f322f6aedaa1d922c0f64d5c.php 第 637 行.
NOTIC: [8] Undefined index: id /home/www/hqjhc/backend/Runtime/Cache/Order/d56dfcc0f322f6aedaa1d922c0f64d5c.php 第 638 行.
NOTIC: [8] Undefined index: id /home/www/hqjhc/backend/Runtime/Cache/Order/d56dfcc0f322f6aedaa1d922c0f64d5c.php 第 631 行.
NOTIC: [8] Undefined index: id /home/www/hqjhc/backend/Runtime/Cache/Order/d56dfcc0f322f6aedaa1d922c0f64d5c.php 第 637 行.
NOTIC: [8] Undefined index: id /home/www/hqjhc/backend/Runtime/Cache/Order/d56dfcc0f322f6aedaa1d922c0f64d5c.php 第 638 行.
NOTIC: [8] Undefined index: id /home/www/hqjhc/backend/Runtime/Cache/Order/d56dfcc0f322f6aedaa1d922c0f64d5c.php 第 631 行.
NOTIC: [8] Undefined index: id /home/www/hqjhc/backend/Runtime/Cache/Order/d56dfcc0f322f6aedaa1d922c0f64d5c.php 第 637 行.
NOTIC: [8] Undefined index: id /home/www/hqjhc/backend/Runtime/Cache/Order/d56dfcc0f322f6aedaa1d922c0f64d5c.php 第 638 行.
NOTIC: [8] Undefined index: id /home/www/hqjhc/backend/Runtime/Cache/Order/d56dfcc0f322f6aedaa1d922c0f64d5c.php 第 631 行.
NOTIC: [8] Undefined index: id /home/www/hqjhc/backend/Runtime/Cache/Order/d56dfcc0f322f6aedaa1d922c0f64d5c.php 第 637 行.
NOTIC: [8] Undefined index: id /home/www/hqjhc/backend/Runtime/Cache/Order/d56dfcc0f322f6aedaa1d922c0f64d5c.php 第 638 行.
INFO: Run Behavior\ParseTemplateBehavior [ RunTime:0.007558s ]
INFO: [ view_parse ] --END-- [ RunTime:0.007571s ]
INFO: [ view_filter ] --START--
INFO: Run Behavior\WriteHtmlCacheBehavior [ RunTime:0.000072s ]
INFO: [ view_filter ] --END-- [ RunTime:0.000082s ]
INFO: [ app_end ] --START--
INFO: Run Behavior\ShowPageTraceBehavior [ RunTime:0.000226s ]
INFO: [ app_end ] --END-- [ RunTime:0.000240s ]

