[ 2017-12-22T12:06:25+08:00 ] 116.226.130.39 /admin.php/Order/Index/index.html
INFO: [ app_init ] --START--
INFO: Run Behavior\BuildLiteBehavior [ RunTime:0.000007s ]
INFO: [ app_init ] --END-- [ RunTime:0.000181s ]
INFO: [ app_begin ] --START--
INFO: Run Behavior\ReadHtmlCacheBehavior [ RunTime:0.000280s ]
INFO: [ app_begin ] --END-- [ RunTime:0.000302s ]
NOTIC: [8] A session had already been started - ignoring session_start() /home/www/hqjhc/ThinkPHP/Common/functions.php 第 1263 行.
SQL: SHOW COLUMNS FROM `hqjhc_staffs` [ RunTime:0.0005s ]
SQL: SHOW COLUMNS FROM `hqjhc_staffs` [ RunTime:0.0003s ]
SQL: SELECT * FROM `hqjhc_staffs` WHERE `stffid` = 6 LIMIT 1   [ RunTime:0.0002s ]
SQL: SHOW COLUMNS FROM `hqjhc_orders` [ RunTime:0.0003s ]
SQL: SELECT COUNT(*) AS tp_count FROM `hqjhc_orders` WHERE hqjhc_orders.dataFlag = 0 LIMIT 1   [ RunTime:0.0003s ]
SQL: SELECT hqjhc_brands.brandLogo as brandLogo,hqjhc_goods.goods_display_img as goods_display_img,hqjhc_goods.name as name,hqjhc_goods.goods_price as goods_price,hqjhc_goods.marketPrice as marketprice,hqjhc_orders.orderNo as orderno,hqjhc_orders.createTime as createtime,hqjhc_orders.orderid as orderid,hqjhc_orders.num as num,hqjhc_orders.userid as userid,hqjhc_orders.spec1 as spec1,hqjhc_orders.spec2 as spec2,hqjhc_orders.orderStatus as orderstatus,hqjhc_orders.remarks as remarks,hqjhc_user_address.userAdress as useraddress FROM `hqjhc_orders` LEFT JOIN hqjhc_goods ON hqjhc_goods.id = hqjhc_orders.goodsid LEFT JOIN hqjhc_brands ON hqjhc_orders.brandsid = hqjhc_brands.brandid LEFT JOIN hqjhc_order_address ON hqjhc_order_address.orderno = hqjhc_orders.orderno LEFT JOIN hqjhc_user_address ON hqjhc_user_address.addressid = hqjhc_order_address.addressid  WHERE hqjhc_orders.dataFlag = 0 ORDER BY hqjhc_orders.orderid desc LIMIT 0,15   [ RunTime:0.0068s ]
SQL: SHOW COLUMNS FROM `hqjhc_users` [ RunTime:0.0004s ]
SQL: SELECT * FROM `hqjhc_users` WHERE `userid` = 47 LIMIT 1   [ RunTime:0.0002s ]
SQL: SELECT * FROM `hqjhc_users` WHERE `userid` = 39 LIMIT 1   [ RunTime:0.0002s ]
SQL: SELECT * FROM `hqjhc_users` WHERE `userid` = 39 LIMIT 1   [ RunTime:0.0002s ]
SQL: SELECT * FROM `hqjhc_users` WHERE `userid` = 39 LIMIT 1   [ RunTime:0.0002s ]
SQL: SELECT * FROM `hqjhc_users` WHERE `userid` = 39 LIMIT 1   [ RunTime:0.0001s ]
SQL: SELECT * FROM `hqjhc_users` WHERE `userid` = 39 LIMIT 1   [ RunTime:0.0001s ]
SQL: SELECT * FROM `hqjhc_users` WHERE `userid` = 39 LIMIT 1   [ RunTime:0.0001s ]
SQL: SELECT * FROM `hqjhc_users` WHERE `userid` = 39 LIMIT 1   [ RunTime:0.0001s ]
SQL: SELECT * FROM `hqjhc_users` WHERE `userid` = 29 LIMIT 1   [ RunTime:0.0001s ]
SQL: SELECT * FROM `hqjhc_users` WHERE `userid` = 51 LIMIT 1   [ RunTime:0.0001s ]
SQL: SELECT * FROM `hqjhc_users` WHERE `userid` = 51 LIMIT 1   [ RunTime:0.0001s ]
SQL: SELECT * FROM `hqjhc_users` WHERE `userid` = 51 LIMIT 1   [ RunTime:0.0001s ]
SQL: SELECT * FROM `hqjhc_users` WHERE `userid` = 51 LIMIT 1   [ RunTime:0.0001s ]
SQL: SELECT * FROM `hqjhc_users` WHERE `userid` = 51 LIMIT 1   [ RunTime:0.0001s ]
SQL: SELECT * FROM `hqjhc_users` WHERE `userid` = 51 LIMIT 1   [ RunTime:0.0001s ]
INFO: [ view_parse ] --START--
INFO: [ template_filter ] --START--
INFO: Run Behavior\ContentReplaceBehavior [ RunTime:0.000082s ]
INFO: [ template_filter ] --END-- [ RunTime:0.000096s ]
NOTIC: [8] Undefined property: Think\Storage\Driver\File::$_data /home/www/hqjhc/backend/Runtime/Cache/Order/d56dfcc0f322f6aedaa1d922c0f64d5c.php 第 243 行.
NOTIC: [8] Undefined index: id /home/www/hqjhc/backend/Runtime/Cache/Order/d56dfcc0f322f6aedaa1d922c0f64d5c.php 第 656 行.
NOTIC: [8] Undefined index: id /home/www/hqjhc/backend/Runtime/Cache/Order/d56dfcc0f322f6aedaa1d922c0f64d5c.php 第 662 行.
NOTIC: [8] Undefined index: id /home/www/hqjhc/backend/Runtime/Cache/Order/d56dfcc0f322f6aedaa1d922c0f64d5c.php 第 663 行.
NOTIC: [8] Undefined index: id /home/www/hqjhc/backend/Runtime/Cache/Order/d56dfcc0f322f6aedaa1d922c0f64d5c.php 第 656 行.
NOTIC: [8] Undefined index: id /home/www/hqjhc/backend/Runtime/Cache/Order/d56dfcc0f322f6aedaa1d922c0f64d5c.php 第 662 行.
NOTIC: [8] Undefined index: id /home/www/hqjhc/backend/Runtime/Cache/Order/d56dfcc0f322f6aedaa1d922c0f64d5c.php 第 663 行.
NOTIC: [8] Undefined index: id /home/www/hqjhc/backend/Runtime/Cache/Order/d56dfcc0f322f6aedaa1d922c0f64d5c.php 第 656 行.
NOTIC: [8] Undefined index: id /home/www/hqjhc/backend/Runtime/Cache/Order/d56dfcc0f322f6aedaa1d922c0f64d5c.php 第 662 行.
NOTIC: [8] Undefined index: id /home/www/hqjhc/backend/Runtime/Cache/Order/d56dfcc0f322f6aedaa1d922c0f64d5c.php 第 663 行.
NOTIC: [8] Undefined index: id /home/www/hqjhc/backend/Runtime/Cache/Order/d56dfcc0f322f6aedaa1d922c0f64d5c.php 第 656 行.
NOTIC: [8] Undefined index: id /home/www/hqjhc/backend/Runtime/Cache/Order/d56dfcc0f322f6aedaa1d922c0f64d5c.php 第 662 行.
NOTIC: [8] Undefined index: id /home/www/hqjhc/backend/Runtime/Cache/Order/d56dfcc0f322f6aedaa1d922c0f64d5c.php 第 663 行.
NOTIC: [8] Undefined index: id /home/www/hqjhc/backend/Runtime/Cache/Order/d56dfcc0f322f6aedaa1d922c0f64d5c.php 第 656 行.
NOTIC: [8] Undefined index: id /home/www/hqjhc/backend/Runtime/Cache/Order/d56dfcc0f322f6aedaa1d922c0f64d5c.php 第 662 行.
NOTIC: [8] Undefined index: id /home/www/hqjhc/backend/Runtime/Cache/Order/d56dfcc0f322f6aedaa1d922c0f64d5c.php 第 663 行.
NOTIC: [8] Undefined index: id /home/www/hqjhc/backend/Runtime/Cache/Order/d56dfcc0f322f6aedaa1d922c0f64d5c.php 第 656 行.
NOTIC: [8] Undefined index: id /home/www/hqjhc/backend/Runtime/Cache/Order/d56dfcc0f322f6aedaa1d922c0f64d5c.php 第 662 行.
NOTIC: [8] Undefined index: id /home/www/hqjhc/backend/Runtime/Cache/Order/d56dfcc0f322f6aedaa1d922c0f64d5c.php 第 663 行.
NOTIC: [8] Undefined index: id /home/www/hqjhc/backend/Runtime/Cache/Order/d56dfcc0f322f6aedaa1d922c0f64d5c.php 第 656 行.
NOTIC: [8] Undefined index: id /home/www/hqjhc/backend/Runtime/Cache/Order/d56dfcc0f322f6aedaa1d922c0f64d5c.php 第 662 行.
NOTIC: [8] Undefined index: id /home/www/hqjhc/backend/Runtime/Cache/Order/d56dfcc0f322f6aedaa1d922c0f64d5c.php 第 663 行.
NOTIC: [8] Undefined index: id /home/www/hqjhc/backend/Runtime/Cache/Order/d56dfcc0f322f6aedaa1d922c0f64d5c.php 第 656 行.
NOTIC: [8] Undefined index: id /home/www/hqjhc/backend/Runtime/Cache/Order/d56dfcc0f322f6aedaa1d922c0f64d5c.php 第 662 行.
NOTIC: [8] Undefined index: id /home/www/hqjhc/backend/Runtime/Cache/Order/d56dfcc0f322f6aedaa1d922c0f64d5c.php 第 663 行.
NOTIC: [8] Undefined index: id /home/www/hqjhc/backend/Runtime/Cache/Order/d56dfcc0f322f6aedaa1d922c0f64d5c.php 第 656 行.
NOTIC: [8] Undefined index: id /home/www/hqjhc/backend/Runtime/Cache/Order/d56dfcc0f322f6aedaa1d922c0f64d5c.php 第 662 行.
NOTIC: [8] Undefined index: id /home/www/hqjhc/backend/Runtime/Cache/Order/d56dfcc0f322f6aedaa1d922c0f64d5c.php 第 663 行.
NOTIC: [8] Undefined index: id /home/www/hqjhc/backend/Runtime/Cache/Order/d56dfcc0f322f6aedaa1d922c0f64d5c.php 第 656 行.
NOTIC: [8] Undefined index: id /home/www/hqjhc/backend/Runtime/Cache/Order/d56dfcc0f322f6aedaa1d922c0f64d5c.php 第 662 行.
NOTIC: [8] Undefined index: id /home/www/hqjhc/backend/Runtime/Cache/Order/d56dfcc0f322f6aedaa1d922c0f64d5c.php 第 663 行.
NOTIC: [8] Undefined index: id /home/www/hqjhc/backend/Runtime/Cache/Order/d56dfcc0f322f6aedaa1d922c0f64d5c.php 第 656 行.
NOTIC: [8] Undefined index: id /home/www/hqjhc/backend/Runtime/Cache/Order/d56dfcc0f322f6aedaa1d922c0f64d5c.php 第 662 行.
NOTIC: [8] Undefined index: id /home/www/hqjhc/backend/Runtime/Cache/Order/d56dfcc0f322f6aedaa1d922c0f64d5c.php 第 663 行.
NOTIC: [8] Undefined index: id /home/www/hqjhc/backend/Runtime/Cache/Order/d56dfcc0f322f6aedaa1d922c0f64d5c.php 第 656 行.
NOTIC: [8] Undefined index: id /home/www/hqjhc/backend/Runtime/Cache/Order/d56dfcc0f322f6aedaa1d922c0f64d5c.php 第 662 行.
NOTIC: [8] Undefined index: id /home/www/hqjhc/backend/Runtime/Cache/Order/d56dfcc0f322f6aedaa1d922c0f64d5c.php 第 663 行.
NOTIC: [8] Undefined index: id /home/www/hqjhc/backend/Runtime/Cache/Order/d56dfcc0f322f6aedaa1d922c0f64d5c.php 第 656 行.
NOTIC: [8] Undefined index: id /home/www/hqjhc/backend/Runtime/Cache/Order/d56dfcc0f322f6aedaa1d922c0f64d5c.php 第 662 行.
NOTIC: [8] Undefined index: id /home/www/hqjhc/backend/Runtime/Cache/Order/d56dfcc0f322f6aedaa1d922c0f64d5c.php 第 663 行.
NOTIC: [8] Undefined index: id /home/www/hqjhc/backend/Runtime/Cache/Order/d56dfcc0f322f6aedaa1d922c0f64d5c.php 第 656 行.
NOTIC: [8] Undefined index: id /home/www/hqjhc/backend/Runtime/Cache/Order/d56dfcc0f322f6aedaa1d922c0f64d5c.php 第 662 行.
NOTIC: [8] Undefined index: id /home/www/hqjhc/backend/Runtime/Cache/Order/d56dfcc0f322f6aedaa1d922c0f64d5c.php 第 663 行.
NOTIC: [8] Undefined index: id /home/www/hqjhc/backend/Runtime/Cache/Order/d56dfcc0f322f6aedaa1d922c0f64d5c.php 第 656 行.
NOTIC: [8] Undefined index: id /home/www/hqjhc/backend/Runtime/Cache/Order/d56dfcc0f322f6aedaa1d922c0f64d5c.php 第 662 行.
NOTIC: [8] Undefined index: id /home/www/hqjhc/backend/Runtime/Cache/Order/d56dfcc0f322f6aedaa1d922c0f64d5c.php 第 663 行.
INFO: Run Behavior\ParseTemplateBehavior [ RunTime:0.008080s ]
INFO: [ view_parse ] --END-- [ RunTime:0.008092s ]
INFO: [ view_filter ] --START--
INFO: Run Behavior\WriteHtmlCacheBehavior [ RunTime:0.000074s ]
INFO: [ view_filter ] --END-- [ RunTime:0.000085s ]
INFO: [ app_end ] --START--
INFO: Run Behavior\ShowPageTraceBehavior [ RunTime:0.000234s ]
INFO: [ app_end ] --END-- [ RunTime:0.000248s ]

[ 2017-12-22T12:06:29+08:00 ] 116.226.130.39 /admin.php/Order/Index/expressedorder.html
INFO: [ app_init ] --START--
INFO: Run Behavior\BuildLiteBehavior [ RunTime:0.000006s ]
INFO: [ app_init ] --END-- [ RunTime:0.000151s ]
INFO: [ app_begin ] --START--
INFO: Run Behavior\ReadHtmlCacheBehavior [ RunTime:0.000197s ]
INFO: [ app_begin ] --END-- [ RunTime:0.000211s ]
NOTIC: [8] A session had already been started - ignoring session_start() /home/www/hqjhc/ThinkPHP/Common/functions.php 第 1263 行.
SQL: SHOW COLUMNS FROM `hqjhc_staffs` [ RunTime:0.0005s ]
SQL: SHOW COLUMNS FROM `hqjhc_staffs` [ RunTime:0.0003s ]
SQL: SELECT * FROM `hqjhc_staffs` WHERE `stffid` = 6 LIMIT 1   [ RunTime:0.0002s ]
SQL: SHOW COLUMNS FROM `hqjhc_orders` [ RunTime:0.0004s ]
SQL: SELECT COUNT(*) AS tp_count FROM `hqjhc_orders` WHERE hqjhc_orders.dataFlag = 0 AND hqjhc_orders.orderStatus = 3 LIMIT 1   [ RunTime:0.0003s ]
SQL: SELECT hqjhc_brands.brandLogo as brandLogo,hqjhc_goods.goods_display_img as goods_display_img,hqjhc_goods.name as name,hqjhc_orders.userid as userid,hqjhc_goods.goods_price as goods_price,hqjhc_goods.marketPrice as marketprice,hqjhc_orders.orderNo as orderno,hqjhc_orders.createTime as createtime,hqjhc_orders.expressName as expressname,hqjhc_orders.expressNo as expressno,hqjhc_orders.orderid as orderid,hqjhc_orders.num as num,hqjhc_orders.spec1 as spec1,hqjhc_orders.spec2 as spec2,hqjhc_orders.remarks as remarks,hqjhc_user_address.userAdress as useraddress FROM `hqjhc_orders` LEFT JOIN hqjhc_goods ON hqjhc_goods.id = hqjhc_orders.goodsid LEFT JOIN hqjhc_brands ON hqjhc_orders.brandsid = hqjhc_brands.brandid LEFT JOIN hqjhc_order_address ON hqjhc_order_address.orderno = hqjhc_orders.orderno LEFT JOIN hqjhc_user_address ON hqjhc_user_address.addressid = hqjhc_order_address.addressid  WHERE hqjhc_orders.dataFlag = 0 AND hqjhc_orders.orderStatus = 3 ORDER BY hqjhc_orders.orderid desc LIMIT 0,15   [ RunTime:0.0008s ]
SQL: SHOW COLUMNS FROM `hqjhc_users` [ RunTime:0.0004s ]
SQL: SELECT * FROM `hqjhc_users` WHERE `userid` = 47 LIMIT 1   [ RunTime:0.0002s ]
SQL: SELECT * FROM `hqjhc_users` WHERE `userid` = 30 LIMIT 1   [ RunTime:0.0001s ]
SQL: SELECT * FROM `hqjhc_users` WHERE `userid` = 29 LIMIT 1   [ RunTime:0.0001s ]
INFO: [ view_parse ] --START--
INFO: [ template_filter ] --START--
INFO: Run Behavior\ContentReplaceBehavior [ RunTime:0.000076s ]
INFO: [ template_filter ] --END-- [ RunTime:0.000091s ]
NOTIC: [8] Undefined property: Think\Storage\Driver\File::$_data /home/www/hqjhc/backend/Runtime/Cache/Order/b1c5198a8fce35873623b49576069017.php 第 243 行.
INFO: Run Behavior\ParseTemplateBehavior [ RunTime:0.007129s ]
INFO: [ view_parse ] --END-- [ RunTime:0.007143s ]
INFO: [ view_filter ] --START--
INFO: Run Behavior\WriteHtmlCacheBehavior [ RunTime:0.000073s ]
INFO: [ view_filter ] --END-- [ RunTime:0.000084s ]
INFO: [ app_end ] --START--
INFO: Run Behavior\ShowPageTraceBehavior [ RunTime:0.000232s ]
INFO: [ app_end ] --END-- [ RunTime:0.000245s ]

[ 2017-12-22T12:06:48+08:00 ] 116.226.130.39 /admin.php/Order/Index/compeleteorder.html
INFO: [ app_init ] --START--
INFO: Run Behavior\BuildLiteBehavior [ RunTime:0.000007s ]
INFO: [ app_init ] --END-- [ RunTime:0.000155s ]
INFO: [ app_begin ] --START--
INFO: Run Behavior\ReadHtmlCacheBehavior [ RunTime:0.000211s ]
INFO: [ app_begin ] --END-- [ RunTime:0.000227s ]
NOTIC: [8] A session had already been started - ignoring session_start() /home/www/hqjhc/ThinkPHP/Common/functions.php 第 1263 行.
SQL: SHOW COLUMNS FROM `hqjhc_staffs` [ RunTime:0.0005s ]
SQL: SHOW COLUMNS FROM `hqjhc_staffs` [ RunTime:0.0003s ]
SQL: SELECT * FROM `hqjhc_staffs` WHERE `stffid` = 6 LIMIT 1   [ RunTime:0.0002s ]
SQL: SHOW COLUMNS FROM `hqjhc_orders` [ RunTime:0.0003s ]
SQL: SELECT COUNT(*) AS tp_count FROM `hqjhc_orders` WHERE hqjhc_orders.dataFlag = 0 AND hqjhc_orders.orderStatus = 5 LIMIT 1   [ RunTime:0.0003s ]
SQL: SELECT hqjhc_brands.brandLogo as brandLogo,hqjhc_goods.goods_display_img as goods_display_img,hqjhc_goods.name as name,hqjhc_orders.userid as userid,hqjhc_orders.orderStatus as orderstatus,hqjhc_goods.goods_price as goods_price,hqjhc_goods.marketPrice as marketprice,hqjhc_orders.expressName as expressname,hqjhc_orders.expressNo as expressno,hqjhc_orders.orderNo as orderno,hqjhc_orders.createTime as createtime,hqjhc_orders.orderid as orderid,hqjhc_orders.num as num,hqjhc_orders.spec1 as spec1,hqjhc_orders.spec2 as spec2,hqjhc_orders.remarks as remarks,hqjhc_user_address.userAdress as useraddress FROM `hqjhc_orders` LEFT JOIN hqjhc_goods ON hqjhc_goods.id = hqjhc_orders.goodsid LEFT JOIN hqjhc_brands ON hqjhc_orders.brandsid = hqjhc_brands.brandid LEFT JOIN hqjhc_order_address ON hqjhc_order_address.orderno = hqjhc_orders.orderno LEFT JOIN hqjhc_user_address ON hqjhc_user_address.addressid = hqjhc_order_address.addressid  WHERE hqjhc_orders.dataFlag = 0 AND hqjhc_orders.orderStatus = 5 ORDER BY hqjhc_orders.orderid desc LIMIT 0,15   [ RunTime:0.0009s ]
SQL: SHOW COLUMNS FROM `hqjhc_users` [ RunTime:0.0004s ]
SQL: SELECT * FROM `hqjhc_users` WHERE `userid` = 39 LIMIT 1   [ RunTime:0.0002s ]
SQL: SELECT * FROM `hqjhc_users` WHERE `userid` = 29 LIMIT 1   [ RunTime:0.0002s ]
SQL: SELECT * FROM `hqjhc_users` WHERE `userid` = 30 LIMIT 1   [ RunTime:0.0002s ]
SQL: SELECT * FROM `hqjhc_users` WHERE `userid` = 30 LIMIT 1   [ RunTime:0.0002s ]
SQL: SELECT * FROM `hqjhc_users` WHERE `userid` = 30 LIMIT 1   [ RunTime:0.0002s ]
SQL: SELECT * FROM `hqjhc_users` WHERE `userid` = 30 LIMIT 1   [ RunTime:0.0002s ]
SQL: SELECT * FROM `hqjhc_users` WHERE `userid` = 29 LIMIT 1   [ RunTime:0.0002s ]
INFO: [ view_parse ] --START--
INFO: [ template_filter ] --START--
INFO: Run Behavior\ContentReplaceBehavior [ RunTime:0.000077s ]
INFO: [ template_filter ] --END-- [ RunTime:0.000092s ]
NOTIC: [8] Undefined property: Think\Storage\Driver\File::$_data /home/www/hqjhc/backend/Runtime/Cache/Order/cfb5dd33efd8169c205e3b784aca0dc8.php 第 243 行.
INFO: Run Behavior\ParseTemplateBehavior [ RunTime:0.007727s ]
INFO: [ view_parse ] --END-- [ RunTime:0.007742s ]
INFO: [ view_filter ] --START--
INFO: Run Behavior\WriteHtmlCacheBehavior [ RunTime:0.000074s ]
INFO: [ view_filter ] --END-- [ RunTime:0.000085s ]
INFO: [ app_end ] --START--
INFO: Run Behavior\ShowPageTraceBehavior [ RunTime:0.000229s ]
INFO: [ app_end ] --END-- [ RunTime:0.000244s ]

[ 2017-12-22T12:06:50+08:00 ] 116.226.130.39 /admin.php/Order/Index/canceledorder.html
INFO: [ app_init ] --START--
INFO: Run Behavior\BuildLiteBehavior [ RunTime:0.000006s ]
INFO: [ app_init ] --END-- [ RunTime:0.000151s ]
INFO: [ app_begin ] --START--
INFO: Run Behavior\ReadHtmlCacheBehavior [ RunTime:0.000207s ]
INFO: [ app_begin ] --END-- [ RunTime:0.000223s ]
NOTIC: [8] A session had already been started - ignoring session_start() /home/www/hqjhc/ThinkPHP/Common/functions.php 第 1263 行.
SQL: SHOW COLUMNS FROM `hqjhc_staffs` [ RunTime:0.0005s ]
SQL: SHOW COLUMNS FROM `hqjhc_staffs` [ RunTime:0.0003s ]
SQL: SELECT * FROM `hqjhc_staffs` WHERE `stffid` = 6 LIMIT 1   [ RunTime:0.0002s ]
SQL: SHOW COLUMNS FROM `hqjhc_orders` [ RunTime:0.0003s ]
SQL: SELECT COUNT(*) AS tp_count FROM `hqjhc_orders` WHERE hqjhc_orders.dataFlag = 0 AND hqjhc_orders.orderStatus = 4 LIMIT 1   [ RunTime:0.0003s ]
SQL: SELECT hqjhc_brands.brandLogo as brandLogo,hqjhc_goods.goods_display_img as goods_display_img,hqjhc_goods.name as name,hqjhc_orders.userid as userid,hqjhc_goods.goods_price as goods_price,hqjhc_goods.marketPrice as marketprice,hqjhc_orders.orderNo as orderno,hqjhc_orders.createTime as createtime,hqjhc_orders.orderid as orderid,hqjhc_orders.num as num,hqjhc_orders.spec1 as spec1,hqjhc_orders.spec2 as spec2,hqjhc_orders.remarks as remarks,hqjhc_user_address.userAdress as useraddress FROM `hqjhc_orders` LEFT JOIN hqjhc_goods ON hqjhc_goods.id = hqjhc_orders.goodsid LEFT JOIN hqjhc_brands ON hqjhc_orders.brandsid = hqjhc_brands.brandid LEFT JOIN hqjhc_order_address ON hqjhc_order_address.orderno = hqjhc_orders.orderno LEFT JOIN hqjhc_user_address ON hqjhc_user_address.addressid = hqjhc_order_address.addressid  WHERE hqjhc_orders.dataFlag = 0 AND hqjhc_orders.orderStatus = 4 ORDER BY hqjhc_orders.orderid desc LIMIT 0,15   [ RunTime:0.0008s ]
SQL: SHOW COLUMNS FROM `hqjhc_users` [ RunTime:0.0004s ]
SQL: SELECT * FROM `hqjhc_users` WHERE `userid` = 32 LIMIT 1   [ RunTime:0.0002s ]
SQL: SELECT * FROM `hqjhc_users` WHERE `userid` = 32 LIMIT 1   [ RunTime:0.0002s ]
SQL: SELECT * FROM `hqjhc_users` WHERE `userid` = 29 LIMIT 1   [ RunTime:0.0002s ]
SQL: SELECT * FROM `hqjhc_users` WHERE `userid` = 30 LIMIT 1   [ RunTime:0.0002s ]
SQL: SELECT * FROM `hqjhc_users` WHERE `userid` = 30 LIMIT 1   [ RunTime:0.0001s ]
INFO: [ view_parse ] --START--
INFO: [ template_filter ] --START--
INFO: Run Behavior\ContentReplaceBehavior [ RunTime:0.000075s ]
INFO: [ template_filter ] --END-- [ RunTime:0.000090s ]
NOTIC: [8] Undefined property: Think\Storage\Driver\File::$_data /home/www/hqjhc/backend/Runtime/Cache/Order/d1c5eb8d3dfd912e96704969c206a7c5.php 第 243 行.
INFO: Run Behavior\ParseTemplateBehavior [ RunTime:0.006982s ]
INFO: [ view_parse ] --END-- [ RunTime:0.006994s ]
INFO: [ view_filter ] --START--
INFO: Run Behavior\WriteHtmlCacheBehavior [ RunTime:0.000071s ]
INFO: [ view_filter ] --END-- [ RunTime:0.000082s ]
INFO: [ app_end ] --START--
INFO: Run Behavior\ShowPageTraceBehavior [ RunTime:0.000222s ]
INFO: [ app_end ] --END-- [ RunTime:0.000236s ]

[ 2017-12-22T12:06:52+08:00 ] 116.226.130.39 /admin.php/Order/Index/compeleteorder.html
INFO: [ app_init ] --START--
INFO: Run Behavior\BuildLiteBehavior [ RunTime:0.000007s ]
INFO: [ app_init ] --END-- [ RunTime:0.000182s ]
INFO: [ app_begin ] --START--
INFO: Run Behavior\ReadHtmlCacheBehavior [ RunTime:0.000222s ]
INFO: [ app_begin ] --END-- [ RunTime:0.000239s ]
NOTIC: [8] A session had already been started - ignoring session_start() /home/www/hqjhc/ThinkPHP/Common/functions.php 第 1263 行.
SQL: SHOW COLUMNS FROM `hqjhc_staffs` [ RunTime:0.0005s ]
SQL: SHOW COLUMNS FROM `hqjhc_staffs` [ RunTime:0.0003s ]
SQL: SELECT * FROM `hqjhc_staffs` WHERE `stffid` = 6 LIMIT 1   [ RunTime:0.0002s ]
SQL: SHOW COLUMNS FROM `hqjhc_orders` [ RunTime:0.0004s ]
SQL: SELECT COUNT(*) AS tp_count FROM `hqjhc_orders` WHERE hqjhc_orders.dataFlag = 0 AND hqjhc_orders.orderStatus = 5 LIMIT 1   [ RunTime:0.0003s ]
SQL: SELECT hqjhc_brands.brandLogo as brandLogo,hqjhc_goods.goods_display_img as goods_display_img,hqjhc_goods.name as name,hqjhc_orders.userid as userid,hqjhc_orders.orderStatus as orderstatus,hqjhc_goods.goods_price as goods_price,hqjhc_goods.marketPrice as marketprice,hqjhc_orders.expressName as expressname,hqjhc_orders.expressNo as expressno,hqjhc_orders.orderNo as orderno,hqjhc_orders.createTime as createtime,hqjhc_orders.orderid as orderid,hqjhc_orders.num as num,hqjhc_orders.spec1 as spec1,hqjhc_orders.spec2 as spec2,hqjhc_orders.remarks as remarks,hqjhc_user_address.userAdress as useraddress FROM `hqjhc_orders` LEFT JOIN hqjhc_goods ON hqjhc_goods.id = hqjhc_orders.goodsid LEFT JOIN hqjhc_brands ON hqjhc_orders.brandsid = hqjhc_brands.brandid LEFT JOIN hqjhc_order_address ON hqjhc_order_address.orderno = hqjhc_orders.orderno LEFT JOIN hqjhc_user_address ON hqjhc_user_address.addressid = hqjhc_order_address.addressid  WHERE hqjhc_orders.dataFlag = 0 AND hqjhc_orders.orderStatus = 5 ORDER BY hqjhc_orders.orderid desc LIMIT 0,15   [ RunTime:0.0009s ]
SQL: SHOW COLUMNS FROM `hqjhc_users` [ RunTime:0.0004s ]
SQL: SELECT * FROM `hqjhc_users` WHERE `userid` = 39 LIMIT 1   [ RunTime:0.0002s ]
SQL: SELECT * FROM `hqjhc_users` WHERE `userid` = 29 LIMIT 1   [ RunTime:0.0002s ]
SQL: SELECT * FROM `hqjhc_users` WHERE `userid` = 30 LIMIT 1   [ RunTime:0.0002s ]
SQL: SELECT * FROM `hqjhc_users` WHERE `userid` = 30 LIMIT 1   [ RunTime:0.0001s ]
SQL: SELECT * FROM `hqjhc_users` WHERE `userid` = 30 LIMIT 1   [ RunTime:0.0001s ]
SQL: SELECT * FROM `hqjhc_users` WHERE `userid` = 30 LIMIT 1   [ RunTime:0.0001s ]
SQL: SELECT * FROM `hqjhc_users` WHERE `userid` = 29 LIMIT 1   [ RunTime:0.0002s ]
INFO: [ view_parse ] --START--
INFO: [ template_filter ] --START--
INFO: Run Behavior\ContentReplaceBehavior [ RunTime:0.000086s ]
INFO: [ template_filter ] --END-- [ RunTime:0.000101s ]
NOTIC: [8] Undefined property: Think\Storage\Driver\File::$_data /home/www/hqjhc/backend/Runtime/Cache/Order/cfb5dd33efd8169c205e3b784aca0dc8.php 第 243 行.
INFO: Run Behavior\ParseTemplateBehavior [ RunTime:0.007221s ]
INFO: [ view_parse ] --END-- [ RunTime:0.007235s ]
INFO: [ view_filter ] --START--
INFO: Run Behavior\WriteHtmlCacheBehavior [ RunTime:0.000070s ]
INFO: [ view_filter ] --END-- [ RunTime:0.000081s ]
INFO: [ app_end ] --START--
INFO: Run Behavior\ShowPageTraceBehavior [ RunTime:0.000232s ]
INFO: [ app_end ] --END-- [ RunTime:0.000246s ]

[ 2017-12-22T12:06:57+08:00 ] 116.226.130.39 /admin.php/Order/Index/orderinfo/id/549.html
INFO: [ app_init ] --START--
INFO: Run Behavior\BuildLiteBehavior [ RunTime:0.000006s ]
INFO: [ app_init ] --END-- [ RunTime:0.000153s ]
INFO: [ app_begin ] --START--
INFO: Run Behavior\ReadHtmlCacheBehavior [ RunTime:0.000201s ]
INFO: [ app_begin ] --END-- [ RunTime:0.000216s ]
NOTIC: [8] A session had already been started - ignoring session_start() /home/www/hqjhc/ThinkPHP/Common/functions.php 第 1263 行.
SQL: SHOW COLUMNS FROM `hqjhc_staffs` [ RunTime:0.0005s ]
SQL: SHOW COLUMNS FROM `hqjhc_staffs` [ RunTime:0.0003s ]
SQL: SELECT * FROM `hqjhc_staffs` WHERE `stffid` = 6 LIMIT 1   [ RunTime:0.0002s ]
SQL: SHOW COLUMNS FROM `hqjhc_orders` [ RunTime:0.0004s ]
SQL: SELECT hqjhc_brands.brandLogo as brandLogo,hqjhc_goods.goods_display_img as goods_display_img,hqjhc_goods.name as name,hqjhc_orders.userid as userid,hqjhc_orders.orderStatus as orderstatus,hqjhc_goods.goods_price as goods_price,hqjhc_goods.marketPrice as marketprice,hqjhc_orders.orderNo as orderno,hqjhc_orders.createTime as createtime,hqjhc_orders.orderid as orderid,hqjhc_orders.num as num,hqjhc_orders.spec1 as spec1,hqjhc_orders.spec2 as spec2,hqjhc_orders.remarks as remarks,hqjhc_user_address.userName as username,hqjhc_user_address.userPhone as userphone,hqjhc_user_address.areaidPath as areaidPath,hqjhc_user_address.userAdress as useraddress FROM `hqjhc_orders` LEFT JOIN hqjhc_goods ON hqjhc_goods.id = hqjhc_orders.goodsid LEFT JOIN hqjhc_brands ON hqjhc_orders.brandsid = hqjhc_brands.brandid LEFT JOIN hqjhc_order_address ON hqjhc_order_address.orderno = hqjhc_orders.orderno LEFT JOIN hqjhc_user_address ON hqjhc_user_address.addressid = hqjhc_orders.addressid  WHERE `orderid` = '549' LIMIT 1   [ RunTime:0.0004s ]
SQL: SHOW COLUMNS FROM `hqjhc_area` [ RunTime:0.0003s ]
SQL: SELECT * FROM `hqjhc_area` WHERE `region_id` = 25 LIMIT 1   [ RunTime:0.0001s ]
SQL: SELECT * FROM `hqjhc_area` WHERE `region_id` = 321 LIMIT 1   [ RunTime:0.0001s ]
SQL: SELECT * FROM `hqjhc_area` WHERE `region_id` = 2703 LIMIT 1   [ RunTime:0.0001s ]
INFO: [ view_parse ] --START--
INFO: [ template_filter ] --START--
INFO: Run Behavior\ContentReplaceBehavior [ RunTime:0.000073s ]
INFO: [ template_filter ] --END-- [ RunTime:0.000087s ]
NOTIC: [8] Undefined property: Think\Storage\Driver\File::$_data /home/www/hqjhc/backend/Runtime/Cache/Order/65df1652c525ef229bf013717e2f174a.php 第 243 行.
INFO: Run Behavior\ParseTemplateBehavior [ RunTime:0.006658s ]
INFO: [ view_parse ] --END-- [ RunTime:0.006673s ]
INFO: [ view_filter ] --START--
INFO: Run Behavior\WriteHtmlCacheBehavior [ RunTime:0.000071s ]
INFO: [ view_filter ] --END-- [ RunTime:0.000082s ]
INFO: [ app_end ] --START--
INFO: Run Behavior\ShowPageTraceBehavior [ RunTime:0.000252s ]
INFO: [ app_end ] --END-- [ RunTime:0.000266s ]

[ 2017-12-22T12:07:10+08:00 ] 116.226.130.39 /admin.php/Order/Index/expressedorder.html
INFO: [ app_init ] --START--
INFO: Run Behavior\BuildLiteBehavior [ RunTime:0.000007s ]
INFO: [ app_init ] --END-- [ RunTime:0.000188s ]
INFO: [ app_begin ] --START--
INFO: Run Behavior\ReadHtmlCacheBehavior [ RunTime:0.000226s ]
INFO: [ app_begin ] --END-- [ RunTime:0.000243s ]
NOTIC: [8] A session had already been started - ignoring session_start() /home/www/hqjhc/ThinkPHP/Common/functions.php 第 1263 行.
SQL: SHOW COLUMNS FROM `hqjhc_staffs` [ RunTime:0.0005s ]
SQL: SHOW COLUMNS FROM `hqjhc_staffs` [ RunTime:0.0003s ]
SQL: SELECT * FROM `hqjhc_staffs` WHERE `stffid` = 6 LIMIT 1   [ RunTime:0.0002s ]
SQL: SHOW COLUMNS FROM `hqjhc_orders` [ RunTime:0.0004s ]
SQL: SELECT COUNT(*) AS tp_count FROM `hqjhc_orders` WHERE hqjhc_orders.dataFlag = 0 AND hqjhc_orders.orderStatus = 3 LIMIT 1   [ RunTime:0.0003s ]
SQL: SELECT hqjhc_brands.brandLogo as brandLogo,hqjhc_goods.goods_display_img as goods_display_img,hqjhc_goods.name as name,hqjhc_orders.userid as userid,hqjhc_goods.goods_price as goods_price,hqjhc_goods.marketPrice as marketprice,hqjhc_orders.orderNo as orderno,hqjhc_orders.createTime as createtime,hqjhc_orders.expressName as expressname,hqjhc_orders.expressNo as expressno,hqjhc_orders.orderid as orderid,hqjhc_orders.num as num,hqjhc_orders.spec1 as spec1,hqjhc_orders.spec2 as spec2,hqjhc_orders.remarks as remarks,hqjhc_user_address.userAdress as useraddress FROM `hqjhc_orders` LEFT JOIN hqjhc_goods ON hqjhc_goods.id = hqjhc_orders.goodsid LEFT JOIN hqjhc_brands ON hqjhc_orders.brandsid = hqjhc_brands.brandid LEFT JOIN hqjhc_order_address ON hqjhc_order_address.orderno = hqjhc_orders.orderno LEFT JOIN hqjhc_user_address ON hqjhc_user_address.addressid = hqjhc_order_address.addressid  WHERE hqjhc_orders.dataFlag = 0 AND hqjhc_orders.orderStatus = 3 ORDER BY hqjhc_orders.orderid desc LIMIT 0,15   [ RunTime:0.0009s ]
SQL: SHOW COLUMNS FROM `hqjhc_users` [ RunTime:0.0004s ]
SQL: SELECT * FROM `hqjhc_users` WHERE `userid` = 47 LIMIT 1   [ RunTime:0.0002s ]
SQL: SELECT * FROM `hqjhc_users` WHERE `userid` = 30 LIMIT 1   [ RunTime:0.0002s ]
SQL: SELECT * FROM `hqjhc_users` WHERE `userid` = 29 LIMIT 1   [ RunTime:0.0002s ]
INFO: [ view_parse ] --START--
INFO: [ template_filter ] --START--
INFO: Run Behavior\ContentReplaceBehavior [ RunTime:0.000076s ]
INFO: [ template_filter ] --END-- [ RunTime:0.000100s ]
NOTIC: [8] Undefined property: Think\Storage\Driver\File::$_data /home/www/hqjhc/backend/Runtime/Cache/Order/b1c5198a8fce35873623b49576069017.php 第 243 行.
INFO: Run Behavior\ParseTemplateBehavior [ RunTime:0.007147s ]
INFO: [ view_parse ] --END-- [ RunTime:0.007162s ]
INFO: [ view_filter ] --START--
INFO: Run Behavior\WriteHtmlCacheBehavior [ RunTime:0.000072s ]
INFO: [ view_filter ] --END-- [ RunTime:0.000089s ]
INFO: [ app_end ] --START--
INFO: Run Behavior\ShowPageTraceBehavior [ RunTime:0.000223s ]
INFO: [ app_end ] --END-- [ RunTime:0.000237s ]

[ 2017-12-22T12:07:13+08:00 ] 116.226.130.39 /admin.php/Order/Index/checkedorder.html
INFO: [ app_init ] --START--
INFO: Run Behavior\BuildLiteBehavior [ RunTime:0.000006s ]
INFO: [ app_init ] --END-- [ RunTime:0.000175s ]
INFO: [ app_begin ] --START--
INFO: Run Behavior\ReadHtmlCacheBehavior [ RunTime:0.000227s ]
INFO: [ app_begin ] --END-- [ RunTime:0.000244s ]
NOTIC: [8] A session had already been started - ignoring session_start() /home/www/hqjhc/ThinkPHP/Common/functions.php 第 1263 行.
SQL: SHOW COLUMNS FROM `hqjhc_staffs` [ RunTime:0.0005s ]
SQL: SHOW COLUMNS FROM `hqjhc_staffs` [ RunTime:0.0003s ]
SQL: SELECT * FROM `hqjhc_staffs` WHERE `stffid` = 6 LIMIT 1   [ RunTime:0.0002s ]
SQL: SHOW COLUMNS FROM `hqjhc_orders` [ RunTime:0.0004s ]
SQL: SELECT COUNT(*) AS tp_count FROM `hqjhc_orders` WHERE hqjhc_orders.dataFlag = 0 AND hqjhc_orders.orderStatus = 2 LIMIT 1   [ RunTime:0.0003s ]
SQL: SELECT hqjhc_brands.brandLogo as brandLogo,hqjhc_goods.goods_display_img as goods_display_img,hqjhc_goods.name as name,hqjhc_orders.userid as userid,hqjhc_goods.goods_price as goods_price,hqjhc_goods.marketPrice as marketprice,hqjhc_orders.orderNo as orderno,hqjhc_orders.createTime as createtime,hqjhc_orders.orderid as orderid,hqjhc_orders.num as num,hqjhc_orders.spec1 as spec1,hqjhc_orders.spec2 as spec2,hqjhc_orders.remarks as remarks,hqjhc_user_address.userAdress as useraddress FROM `hqjhc_orders` LEFT JOIN hqjhc_goods ON hqjhc_goods.id = hqjhc_orders.goodsid LEFT JOIN hqjhc_brands ON hqjhc_orders.brandsid = hqjhc_brands.brandid LEFT JOIN hqjhc_order_address ON hqjhc_order_address.orderno = hqjhc_orders.orderno LEFT JOIN hqjhc_user_address ON hqjhc_user_address.addressid = hqjhc_order_address.addressid  WHERE hqjhc_orders.dataFlag = 0 AND hqjhc_orders.orderStatus = 2 ORDER BY hqjhc_orders.orderid desc LIMIT 0,15   [ RunTime:0.0007s ]
INFO: [ view_parse ] --START--
INFO: [ template_filter ] --START--
INFO: Run Behavior\ContentReplaceBehavior [ RunTime:0.000077s ]
INFO: [ template_filter ] --END-- [ RunTime:0.000093s ]
NOTIC: [8] Undefined property: Think\Storage\Driver\File::$_data /home/www/hqjhc/backend/Runtime/Cache/Order/d3eb41000b58279b191971995bd65c4f.php 第 243 行.
INFO: Run Behavior\ParseTemplateBehavior [ RunTime:0.007153s ]
INFO: [ view_parse ] --END-- [ RunTime:0.007167s ]
INFO: [ view_filter ] --START--
INFO: Run Behavior\WriteHtmlCacheBehavior [ RunTime:0.000074s ]
INFO: [ view_filter ] --END-- [ RunTime:0.000085s ]
INFO: [ app_end ] --START--
INFO: Run Behavior\ShowPageTraceBehavior [ RunTime:0.000240s ]
INFO: [ app_end ] --END-- [ RunTime:0.000255s ]

[ 2017-12-22T12:07:15+08:00 ] 116.226.130.39 /admin.php/Order/Index/waitexpress.html
INFO: [ app_init ] --START--
INFO: Run Behavior\BuildLiteBehavior [ RunTime:0.000007s ]
INFO: [ app_init ] --END-- [ RunTime:0.000181s ]
INFO: [ app_begin ] --START--
INFO: Run Behavior\ReadHtmlCacheBehavior [ RunTime:0.000232s ]
INFO: [ app_begin ] --END-- [ RunTime:0.000251s ]
NOTIC: [8] A session had already been started - ignoring session_start() /home/www/hqjhc/ThinkPHP/Common/functions.php 第 1263 行.
SQL: SHOW COLUMNS FROM `hqjhc_staffs` [ RunTime:0.0005s ]
SQL: SHOW COLUMNS FROM `hqjhc_staffs` [ RunTime:0.0003s ]
SQL: SELECT * FROM `hqjhc_staffs` WHERE `stffid` = 6 LIMIT 1   [ RunTime:0.0002s ]
SQL: SHOW COLUMNS FROM `hqjhc_orders` [ RunTime:0.0004s ]
SQL: SELECT COUNT(*) AS tp_count FROM `hqjhc_orders` WHERE hqjhc_orders.dataFlag = 0 AND hqjhc_orders.orderStatus = 1 LIMIT 1   [ RunTime:0.0003s ]
SQL: SELECT hqjhc_brands.brandLogo as brandLogo,hqjhc_goods.goods_display_img as goods_display_img,hqjhc_goods.name as name,hqjhc_goods.goods_price as goods_price,hqjhc_goods.marketPrice as marketprice,hqjhc_orders.userid as userid,hqjhc_orders.orderNo as orderno,hqjhc_orders.createTime as createtime,hqjhc_orders.orderid as orderid,hqjhc_orders.num as num,hqjhc_orders.spec1 as spec1,hqjhc_orders.spec2 as spec2,hqjhc_orders.remarks as remarks,hqjhc_user_address.userAdress as useraddress FROM `hqjhc_orders` LEFT JOIN hqjhc_goods ON hqjhc_goods.id = hqjhc_orders.goodsid LEFT JOIN hqjhc_brands ON hqjhc_orders.brandsid = hqjhc_brands.brandid LEFT JOIN hqjhc_order_address ON hqjhc_order_address.orderno = hqjhc_orders.orderno LEFT JOIN hqjhc_user_address ON hqjhc_user_address.addressid = hqjhc_order_address.addressid  WHERE hqjhc_orders.dataFlag = 0 AND hqjhc_orders.orderStatus = 1 ORDER BY hqjhc_orders.orderid desc LIMIT 0,15   [ RunTime:0.0010s ]
SQL: SHOW COLUMNS FROM `hqjhc_users` [ RunTime:0.0004s ]
SQL: SELECT * FROM `hqjhc_users` WHERE `userid` = 51 LIMIT 1   [ RunTime:0.0002s ]
SQL: SELECT * FROM `hqjhc_users` WHERE `userid` = 27 LIMIT 1   [ RunTime:0.0002s ]
SQL: SELECT * FROM `hqjhc_users` WHERE `userid` = 27 LIMIT 1   [ RunTime:0.0002s ]
SQL: SELECT * FROM `hqjhc_users` WHERE `userid` = 27 LIMIT 1   [ RunTime:0.0002s ]
SQL: SELECT * FROM `hqjhc_users` WHERE `userid` = 27 LIMIT 1   [ RunTime:0.0002s ]
SQL: SELECT * FROM `hqjhc_users` WHERE `userid` = 32 LIMIT 1   [ RunTime:0.0002s ]
SQL: SELECT * FROM `hqjhc_users` WHERE `userid` = 32 LIMIT 1   [ RunTime:0.0002s ]
SQL: SELECT * FROM `hqjhc_users` WHERE `userid` = 32 LIMIT 1   [ RunTime:0.0002s ]
SQL: SELECT * FROM `hqjhc_users` WHERE `userid` = 30 LIMIT 1   [ RunTime:0.0002s ]
SQL: SELECT * FROM `hqjhc_users` WHERE `userid` = 30 LIMIT 1   [ RunTime:0.0002s ]
SQL: SELECT * FROM `hqjhc_users` WHERE `userid` = 29 LIMIT 1   [ RunTime:0.0002s ]
SQL: SELECT * FROM `hqjhc_users` WHERE `userid` = 29 LIMIT 1   [ RunTime:0.0002s ]
SQL: SELECT * FROM `hqjhc_users` WHERE `userid` = 29 LIMIT 1   [ RunTime:0.0002s ]
SQL: SELECT * FROM `hqjhc_users` WHERE `userid` = 29 LIMIT 1   [ RunTime:0.0002s ]
INFO: [ view_parse ] --START--
INFO: [ template_filter ] --START--
INFO: Run Behavior\ContentReplaceBehavior [ RunTime:0.000084s ]
INFO: [ template_filter ] --END-- [ RunTime:0.000101s ]
NOTIC: [8] Undefined property: Think\Storage\Driver\File::$_data /home/www/hqjhc/backend/Runtime/Cache/Order/cb2443642aa88dd458816897f38f68a7.php 第 243 行.
INFO: Run Behavior\ParseTemplateBehavior [ RunTime:0.007199s ]
INFO: [ view_parse ] --END-- [ RunTime:0.007215s ]
INFO: [ view_filter ] --START--
INFO: Run Behavior\WriteHtmlCacheBehavior [ RunTime:0.000075s ]
INFO: [ view_filter ] --END-- [ RunTime:0.000088s ]
INFO: [ app_end ] --START--
INFO: Run Behavior\ShowPageTraceBehavior [ RunTime:0.000234s ]
INFO: [ app_end ] --END-- [ RunTime:0.000250s ]

[ 2017-12-22T18:14:54+08:00 ] 101.81.0.88 /admin.php/Order/Index/index.html
INFO: [ app_init ] --START--
INFO: Run Behavior\BuildLiteBehavior [ RunTime:0.000006s ]
INFO: [ app_init ] --END-- [ RunTime:0.000166s ]
INFO: [ app_begin ] --START--
INFO: Run Behavior\ReadHtmlCacheBehavior [ RunTime:0.000202s ]
INFO: [ app_begin ] --END-- [ RunTime:0.000218s ]
NOTIC: [8] A session had already been started - ignoring session_start() /home/www/hqjhc/ThinkPHP/Common/functions.php 第 1263 行.
SQL: SHOW COLUMNS FROM `hqjhc_staffs` [ RunTime:0.0005s ]
SQL: SHOW COLUMNS FROM `hqjhc_staffs` [ RunTime:0.0003s ]
SQL: SELECT * FROM `hqjhc_staffs` WHERE `stffid` = 6 LIMIT 1   [ RunTime:0.0002s ]
SQL: SHOW COLUMNS FROM `hqjhc_orders` [ RunTime:0.0003s ]
SQL: SELECT COUNT(*) AS tp_count FROM `hqjhc_orders` WHERE hqjhc_orders.dataFlag = 0 LIMIT 1   [ RunTime:0.0003s ]
SQL: SELECT hqjhc_brands.brandLogo as brandLogo,hqjhc_goods.goods_display_img as goods_display_img,hqjhc_goods.name as name,hqjhc_goods.goods_price as goods_price,hqjhc_goods.marketPrice as marketprice,hqjhc_orders.orderNo as orderno,hqjhc_orders.createTime as createtime,hqjhc_orders.orderid as orderid,hqjhc_orders.num as num,hqjhc_orders.userid as userid,hqjhc_orders.spec1 as spec1,hqjhc_orders.spec2 as spec2,hqjhc_orders.orderStatus as orderstatus,hqjhc_orders.remarks as remarks,hqjhc_user_address.userAdress as useraddress FROM `hqjhc_orders` LEFT JOIN hqjhc_goods ON hqjhc_goods.id = hqjhc_orders.goodsid LEFT JOIN hqjhc_brands ON hqjhc_orders.brandsid = hqjhc_brands.brandid LEFT JOIN hqjhc_order_address ON hqjhc_order_address.orderno = hqjhc_orders.orderno LEFT JOIN hqjhc_user_address ON hqjhc_user_address.addressid = hqjhc_order_address.addressid  WHERE hqjhc_orders.dataFlag = 0 ORDER BY hqjhc_orders.orderid desc LIMIT 0,15   [ RunTime:0.0068s ]
SQL: SHOW COLUMNS FROM `hqjhc_users` [ RunTime:0.0004s ]
SQL: SELECT * FROM `hqjhc_users` WHERE `userid` = 47 LIMIT 1   [ RunTime:0.0002s ]
SQL: SELECT * FROM `hqjhc_users` WHERE `userid` = 39 LIMIT 1   [ RunTime:0.0002s ]
SQL: SELECT * FROM `hqjhc_users` WHERE `userid` = 39 LIMIT 1   [ RunTime:0.0001s ]
SQL: SELECT * FROM `hqjhc_users` WHERE `userid` = 39 LIMIT 1   [ RunTime:0.0001s ]
SQL: SELECT * FROM `hqjhc_users` WHERE `userid` = 39 LIMIT 1   [ RunTime:0.0001s ]
SQL: SELECT * FROM `hqjhc_users` WHERE `userid` = 39 LIMIT 1   [ RunTime:0.0001s ]
SQL: SELECT * FROM `hqjhc_users` WHERE `userid` = 39 LIMIT 1   [ RunTime:0.0002s ]
SQL: SELECT * FROM `hqjhc_users` WHERE `userid` = 39 LIMIT 1   [ RunTime:0.0002s ]
SQL: SELECT * FROM `hqjhc_users` WHERE `userid` = 29 LIMIT 1   [ RunTime:0.0001s ]
SQL: SELECT * FROM `hqjhc_users` WHERE `userid` = 51 LIMIT 1   [ RunTime:0.0001s ]
SQL: SELECT * FROM `hqjhc_users` WHERE `userid` = 51 LIMIT 1   [ RunTime:0.0002s ]
SQL: SELECT * FROM `hqjhc_users` WHERE `userid` = 51 LIMIT 1   [ RunTime:0.0002s ]
SQL: SELECT * FROM `hqjhc_users` WHERE `userid` = 51 LIMIT 1   [ RunTime:0.0002s ]
SQL: SELECT * FROM `hqjhc_users` WHERE `userid` = 51 LIMIT 1   [ RunTime:0.0001s ]
SQL: SELECT * FROM `hqjhc_users` WHERE `userid` = 51 LIMIT 1   [ RunTime:0.0001s ]
INFO: [ view_parse ] --START--
INFO: [ template_filter ] --START--
INFO: Run Behavior\ContentReplaceBehavior [ RunTime:0.000080s ]
INFO: [ template_filter ] --END-- [ RunTime:0.000096s ]
NOTIC: [8] Undefined property: Think\Storage\Driver\File::$_data /home/www/hqjhc/backend/Runtime/Cache/Order/d56dfcc0f322f6aedaa1d922c0f64d5c.php 第 243 行.
NOTIC: [8] Undefined index: id /home/www/hqjhc/backend/Runtime/Cache/Order/d56dfcc0f322f6aedaa1d922c0f64d5c.php 第 656 行.
NOTIC: [8] Undefined index: id /home/www/hqjhc/backend/Runtime/Cache/Order/d56dfcc0f322f6aedaa1d922c0f64d5c.php 第 662 行.
NOTIC: [8] Undefined index: id /home/www/hqjhc/backend/Runtime/Cache/Order/d56dfcc0f322f6aedaa1d922c0f64d5c.php 第 663 行.
NOTIC: [8] Undefined index: id /home/www/hqjhc/backend/Runtime/Cache/Order/d56dfcc0f322f6aedaa1d922c0f64d5c.php 第 656 行.
NOTIC: [8] Undefined index: id /home/www/hqjhc/backend/Runtime/Cache/Order/d56dfcc0f322f6aedaa1d922c0f64d5c.php 第 662 行.
NOTIC: [8] Undefined index: id /home/www/hqjhc/backend/Runtime/Cache/Order/d56dfcc0f322f6aedaa1d922c0f64d5c.php 第 663 行.
NOTIC: [8] Undefined index: id /home/www/hqjhc/backend/Runtime/Cache/Order/d56dfcc0f322f6aedaa1d922c0f64d5c.php 第 656 行.
NOTIC: [8] Undefined index: id /home/www/hqjhc/backend/Runtime/Cache/Order/d56dfcc0f322f6aedaa1d922c0f64d5c.php 第 662 行.
NOTIC: [8] Undefined index: id /home/www/hqjhc/backend/Runtime/Cache/Order/d56dfcc0f322f6aedaa1d922c0f64d5c.php 第 663 行.
NOTIC: [8] Undefined index: id /home/www/hqjhc/backend/Runtime/Cache/Order/d56dfcc0f322f6aedaa1d922c0f64d5c.php 第 656 行.
NOTIC: [8] Undefined index: id /home/www/hqjhc/backend/Runtime/Cache/Order/d56dfcc0f322f6aedaa1d922c0f64d5c.php 第 662 行.
NOTIC: [8] Undefined index: id /home/www/hqjhc/backend/Runtime/Cache/Order/d56dfcc0f322f6aedaa1d922c0f64d5c.php 第 663 行.
NOTIC: [8] Undefined index: id /home/www/hqjhc/backend/Runtime/Cache/Order/d56dfcc0f322f6aedaa1d922c0f64d5c.php 第 656 行.
NOTIC: [8] Undefined index: id /home/www/hqjhc/backend/Runtime/Cache/Order/d56dfcc0f322f6aedaa1d922c0f64d5c.php 第 662 行.
NOTIC: [8] Undefined index: id /home/www/hqjhc/backend/Runtime/Cache/Order/d56dfcc0f322f6aedaa1d922c0f64d5c.php 第 663 行.
NOTIC: [8] Undefined index: id /home/www/hqjhc/backend/Runtime/Cache/Order/d56dfcc0f322f6aedaa1d922c0f64d5c.php 第 656 行.
NOTIC: [8] Undefined index: id /home/www/hqjhc/backend/Runtime/Cache/Order/d56dfcc0f322f6aedaa1d922c0f64d5c.php 第 662 行.
NOTIC: [8] Undefined index: id /home/www/hqjhc/backend/Runtime/Cache/Order/d56dfcc0f322f6aedaa1d922c0f64d5c.php 第 663 行.
NOTIC: [8] Undefined index: id /home/www/hqjhc/backend/Runtime/Cache/Order/d56dfcc0f322f6aedaa1d922c0f64d5c.php 第 656 行.
NOTIC: [8] Undefined index: id /home/www/hqjhc/backend/Runtime/Cache/Order/d56dfcc0f322f6aedaa1d922c0f64d5c.php 第 662 行.
NOTIC: [8] Undefined index: id /home/www/hqjhc/backend/Runtime/Cache/Order/d56dfcc0f322f6aedaa1d922c0f64d5c.php 第 663 行.
NOTIC: [8] Undefined index: id /home/www/hqjhc/backend/Runtime/Cache/Order/d56dfcc0f322f6aedaa1d922c0f64d5c.php 第 656 行.
NOTIC: [8] Undefined index: id /home/www/hqjhc/backend/Runtime/Cache/Order/d56dfcc0f322f6aedaa1d922c0f64d5c.php 第 662 行.
NOTIC: [8] Undefined index: id /home/www/hqjhc/backend/Runtime/Cache/Order/d56dfcc0f322f6aedaa1d922c0f64d5c.php 第 663 行.
NOTIC: [8] Undefined index: id /home/www/hqjhc/backend/Runtime/Cache/Order/d56dfcc0f322f6aedaa1d922c0f64d5c.php 第 656 行.
NOTIC: [8] Undefined index: id /home/www/hqjhc/backend/Runtime/Cache/Order/d56dfcc0f322f6aedaa1d922c0f64d5c.php 第 662 行.
NOTIC: [8] Undefined index: id /home/www/hqjhc/backend/Runtime/Cache/Order/d56dfcc0f322f6aedaa1d922c0f64d5c.php 第 663 行.
NOTIC: [8] Undefined index: id /home/www/hqjhc/backend/Runtime/Cache/Order/d56dfcc0f322f6aedaa1d922c0f64d5c.php 第 656 行.
NOTIC: [8] Undefined index: id /home/www/hqjhc/backend/Runtime/Cache/Order/d56dfcc0f322f6aedaa1d922c0f64d5c.php 第 662 行.
NOTIC: [8] Undefined index: id /home/www/hqjhc/backend/Runtime/Cache/Order/d56dfcc0f322f6aedaa1d922c0f64d5c.php 第 663 行.
NOTIC: [8] Undefined index: id /home/www/hqjhc/backend/Runtime/Cache/Order/d56dfcc0f322f6aedaa1d922c0f64d5c.php 第 656 行.
NOTIC: [8] Undefined index: id /home/www/hqjhc/backend/Runtime/Cache/Order/d56dfcc0f322f6aedaa1d922c0f64d5c.php 第 662 行.
NOTIC: [8] Undefined index: id /home/www/hqjhc/backend/Runtime/Cache/Order/d56dfcc0f322f6aedaa1d922c0f64d5c.php 第 663 行.
NOTIC: [8] Undefined index: id /home/www/hqjhc/backend/Runtime/Cache/Order/d56dfcc0f322f6aedaa1d922c0f64d5c.php 第 656 行.
NOTIC: [8] Undefined index: id /home/www/hqjhc/backend/Runtime/Cache/Order/d56dfcc0f322f6aedaa1d922c0f64d5c.php 第 662 行.
NOTIC: [8] Undefined index: id /home/www/hqjhc/backend/Runtime/Cache/Order/d56dfcc0f322f6aedaa1d922c0f64d5c.php 第 663 行.
NOTIC: [8] Undefined index: id /home/www/hqjhc/backend/Runtime/Cache/Order/d56dfcc0f322f6aedaa1d922c0f64d5c.php 第 656 行.
NOTIC: [8] Undefined index: id /home/www/hqjhc/backend/Runtime/Cache/Order/d56dfcc0f322f6aedaa1d922c0f64d5c.php 第 662 行.
NOTIC: [8] Undefined index: id /home/www/hqjhc/backend/Runtime/Cache/Order/d56dfcc0f322f6aedaa1d922c0f64d5c.php 第 663 行.
NOTIC: [8] Undefined index: id /home/www/hqjhc/backend/Runtime/Cache/Order/d56dfcc0f322f6aedaa1d922c0f64d5c.php 第 656 行.
NOTIC: [8] Undefined index: id /home/www/hqjhc/backend/Runtime/Cache/Order/d56dfcc0f322f6aedaa1d922c0f64d5c.php 第 662 行.
NOTIC: [8] Undefined index: id /home/www/hqjhc/backend/Runtime/Cache/Order/d56dfcc0f322f6aedaa1d922c0f64d5c.php 第 663 行.
NOTIC: [8] Undefined index: id /home/www/hqjhc/backend/Runtime/Cache/Order/d56dfcc0f322f6aedaa1d922c0f64d5c.php 第 656 行.
NOTIC: [8] Undefined index: id /home/www/hqjhc/backend/Runtime/Cache/Order/d56dfcc0f322f6aedaa1d922c0f64d5c.php 第 662 行.
NOTIC: [8] Undefined index: id /home/www/hqjhc/backend/Runtime/Cache/Order/d56dfcc0f322f6aedaa1d922c0f64d5c.php 第 663 行.
INFO: Run Behavior\ParseTemplateBehavior [ RunTime:0.008022s ]
INFO: [ view_parse ] --END-- [ RunTime:0.008034s ]
INFO: [ view_filter ] --START--
INFO: Run Behavior\WriteHtmlCacheBehavior [ RunTime:0.000087s ]
INFO: [ view_filter ] --END-- [ RunTime:0.000098s ]
INFO: [ app_end ] --START--
INFO: Run Behavior\ShowPageTraceBehavior [ RunTime:0.000244s ]
INFO: [ app_end ] --END-- [ RunTime:0.000256s ]

