[ 2017-12-12T13:25:49+08:00 ] 116.226.130.39 /admin.php/Order/Index/index.html
INFO: [ app_init ] --START--
INFO: Run Behavior\BuildLiteBehavior [ RunTime:0.000005s ]
INFO: [ app_init ] --END-- [ RunTime:0.000152s ]
INFO: [ app_begin ] --START--
INFO: Run Behavior\ReadHtmlCacheBehavior [ RunTime:0.000217s ]
INFO: [ app_begin ] --END-- [ RunTime:0.000233s ]
NOTIC: [8] A session had already been started - ignoring session_start() /home/www/hqjhc/ThinkPHP/Common/functions.php 第 1263 行.
SQL: SHOW COLUMNS FROM `hqjhc_staffs` [ RunTime:0.0005s ]
SQL: SHOW COLUMNS FROM `hqjhc_staffs` [ RunTime:0.0003s ]
SQL: SELECT * FROM `hqjhc_staffs` WHERE `stffid` = 6 LIMIT 1   [ RunTime:0.0002s ]
SQL: SHOW COLUMNS FROM `hqjhc_orders` [ RunTime:0.0004s ]
SQL: SELECT COUNT(*) AS tp_count FROM `hqjhc_orders` WHERE hqjhc_orders.dataFlag = 0 LIMIT 1   [ RunTime:0.0002s ]
SQL: SELECT hqjhc_brands.brandLogo as brandLogo,hqjhc_goods.goods_display_img as goods_display_img,hqjhc_goods.name as name,hqjhc_goods.goods_price as goods_price,hqjhc_goods.marketPrice as marketprice,hqjhc_orders.orderNo as orderno,hqjhc_orders.createTime as createtime,hqjhc_orders.orderid as orderid,hqjhc_orders.num as num,hqjhc_orders.userid as userid,hqjhc_orders.spec1 as spec1,hqjhc_orders.spec2 as spec2,hqjhc_orders.orderStatus as orderstatus,hqjhc_orders.remarks as remarks,hqjhc_user_address.userAdress as useraddress FROM `hqjhc_orders` LEFT JOIN hqjhc_goods ON hqjhc_goods.id = hqjhc_orders.goodsid LEFT JOIN hqjhc_brands ON hqjhc_orders.brandsid = hqjhc_brands.brandid LEFT JOIN hqjhc_order_address ON hqjhc_order_address.orderno = hqjhc_orders.orderno LEFT JOIN hqjhc_user_address ON hqjhc_user_address.addressid = hqjhc_order_address.addressid  WHERE hqjhc_orders.dataFlag = 0 ORDER BY hqjhc_orders.orderid desc LIMIT 0,15   [ RunTime:0.0018s ]
SQL: SHOW COLUMNS FROM `hqjhc_users` [ RunTime:0.0004s ]
SQL: SELECT * FROM `hqjhc_users` WHERE `userid` = 29 LIMIT 1   [ RunTime:0.0002s ]
SQL: SELECT * FROM `hqjhc_users` WHERE `userid` = 38 LIMIT 1   [ RunTime:0.0002s ]
SQL: SELECT * FROM `hqjhc_users` WHERE `userid` = 38 LIMIT 1   [ RunTime:0.0001s ]
SQL: SELECT * FROM `hqjhc_users` WHERE `userid` = 30 LIMIT 1   [ RunTime:0.0001s ]
SQL: SELECT * FROM `hqjhc_users` WHERE `userid` = 30 LIMIT 1   [ RunTime:0.0002s ]
SQL: SELECT * FROM `hqjhc_users` WHERE `userid` = 30 LIMIT 1   [ RunTime:0.0002s ]
SQL: SELECT * FROM `hqjhc_users` WHERE `userid` = 30 LIMIT 1   [ RunTime:0.0001s ]
SQL: SELECT * FROM `hqjhc_users` WHERE `userid` = 30 LIMIT 1   [ RunTime:0.0001s ]
SQL: SELECT * FROM `hqjhc_users` WHERE `userid` = 30 LIMIT 1   [ RunTime:0.0001s ]
SQL: SELECT * FROM `hqjhc_users` WHERE `userid` = 30 LIMIT 1   [ RunTime:0.0002s ]
SQL: SELECT * FROM `hqjhc_users` WHERE `userid` = 30 LIMIT 1   [ RunTime:0.0002s ]
SQL: SELECT * FROM `hqjhc_users` WHERE `userid` = 30 LIMIT 1   [ RunTime:0.0001s ]
SQL: SELECT * FROM `hqjhc_users` WHERE `userid` = 30 LIMIT 1   [ RunTime:0.0001s ]
SQL: SELECT * FROM `hqjhc_users` WHERE `userid` = 30 LIMIT 1   [ RunTime:0.0001s ]
SQL: SELECT * FROM `hqjhc_users` WHERE `userid` = 30 LIMIT 1   [ RunTime:0.0001s ]
INFO: [ view_parse ] --START--
INFO: [ template_filter ] --START--
INFO: Run Behavior\ContentReplaceBehavior [ RunTime:0.000079s ]
INFO: [ template_filter ] --END-- [ RunTime:0.000094s ]
NOTIC: [8] Undefined property: Think\Storage\Driver\File::$_data /home/www/hqjhc/backend/Runtime/Cache/Order/d56dfcc0f322f6aedaa1d922c0f64d5c.php 第 243 行.
NOTIC: [8] Undefined index: id /home/www/hqjhc/backend/Runtime/Cache/Order/d56dfcc0f322f6aedaa1d922c0f64d5c.php 第 647 行.
NOTIC: [8] Undefined index: id /home/www/hqjhc/backend/Runtime/Cache/Order/d56dfcc0f322f6aedaa1d922c0f64d5c.php 第 653 行.
NOTIC: [8] Undefined index: id /home/www/hqjhc/backend/Runtime/Cache/Order/d56dfcc0f322f6aedaa1d922c0f64d5c.php 第 654 行.
NOTIC: [8] Undefined index: id /home/www/hqjhc/backend/Runtime/Cache/Order/d56dfcc0f322f6aedaa1d922c0f64d5c.php 第 647 行.
NOTIC: [8] Undefined index: id /home/www/hqjhc/backend/Runtime/Cache/Order/d56dfcc0f322f6aedaa1d922c0f64d5c.php 第 653 行.
NOTIC: [8] Undefined index: id /home/www/hqjhc/backend/Runtime/Cache/Order/d56dfcc0f322f6aedaa1d922c0f64d5c.php 第 654 行.
NOTIC: [8] Undefined index: id /home/www/hqjhc/backend/Runtime/Cache/Order/d56dfcc0f322f6aedaa1d922c0f64d5c.php 第 647 行.
NOTIC: [8] Undefined index: id /home/www/hqjhc/backend/Runtime/Cache/Order/d56dfcc0f322f6aedaa1d922c0f64d5c.php 第 653 行.
NOTIC: [8] Undefined index: id /home/www/hqjhc/backend/Runtime/Cache/Order/d56dfcc0f322f6aedaa1d922c0f64d5c.php 第 654 行.
NOTIC: [8] Undefined index: id /home/www/hqjhc/backend/Runtime/Cache/Order/d56dfcc0f322f6aedaa1d922c0f64d5c.php 第 647 行.
NOTIC: [8] Undefined index: id /home/www/hqjhc/backend/Runtime/Cache/Order/d56dfcc0f322f6aedaa1d922c0f64d5c.php 第 653 行.
NOTIC: [8] Undefined index: id /home/www/hqjhc/backend/Runtime/Cache/Order/d56dfcc0f322f6aedaa1d922c0f64d5c.php 第 654 行.
NOTIC: [8] Undefined index: id /home/www/hqjhc/backend/Runtime/Cache/Order/d56dfcc0f322f6aedaa1d922c0f64d5c.php 第 647 行.
NOTIC: [8] Undefined index: id /home/www/hqjhc/backend/Runtime/Cache/Order/d56dfcc0f322f6aedaa1d922c0f64d5c.php 第 653 行.
NOTIC: [8] Undefined index: id /home/www/hqjhc/backend/Runtime/Cache/Order/d56dfcc0f322f6aedaa1d922c0f64d5c.php 第 654 行.
NOTIC: [8] Undefined index: id /home/www/hqjhc/backend/Runtime/Cache/Order/d56dfcc0f322f6aedaa1d922c0f64d5c.php 第 647 行.
NOTIC: [8] Undefined index: id /home/www/hqjhc/backend/Runtime/Cache/Order/d56dfcc0f322f6aedaa1d922c0f64d5c.php 第 653 行.
NOTIC: [8] Undefined index: id /home/www/hqjhc/backend/Runtime/Cache/Order/d56dfcc0f322f6aedaa1d922c0f64d5c.php 第 654 行.
NOTIC: [8] Undefined index: id /home/www/hqjhc/backend/Runtime/Cache/Order/d56dfcc0f322f6aedaa1d922c0f64d5c.php 第 647 行.
NOTIC: [8] Undefined index: id /home/www/hqjhc/backend/Runtime/Cache/Order/d56dfcc0f322f6aedaa1d922c0f64d5c.php 第 653 行.
NOTIC: [8] Undefined index: id /home/www/hqjhc/backend/Runtime/Cache/Order/d56dfcc0f322f6aedaa1d922c0f64d5c.php 第 654 行.
NOTIC: [8] Undefined index: id /home/www/hqjhc/backend/Runtime/Cache/Order/d56dfcc0f322f6aedaa1d922c0f64d5c.php 第 647 行.
NOTIC: [8] Undefined index: id /home/www/hqjhc/backend/Runtime/Cache/Order/d56dfcc0f322f6aedaa1d922c0f64d5c.php 第 653 行.
NOTIC: [8] Undefined index: id /home/www/hqjhc/backend/Runtime/Cache/Order/d56dfcc0f322f6aedaa1d922c0f64d5c.php 第 654 行.
NOTIC: [8] Undefined index: id /home/www/hqjhc/backend/Runtime/Cache/Order/d56dfcc0f322f6aedaa1d922c0f64d5c.php 第 647 行.
NOTIC: [8] Undefined index: id /home/www/hqjhc/backend/Runtime/Cache/Order/d56dfcc0f322f6aedaa1d922c0f64d5c.php 第 653 行.
NOTIC: [8] Undefined index: id /home/www/hqjhc/backend/Runtime/Cache/Order/d56dfcc0f322f6aedaa1d922c0f64d5c.php 第 654 行.
NOTIC: [8] Undefined index: id /home/www/hqjhc/backend/Runtime/Cache/Order/d56dfcc0f322f6aedaa1d922c0f64d5c.php 第 647 行.
NOTIC: [8] Undefined index: id /home/www/hqjhc/backend/Runtime/Cache/Order/d56dfcc0f322f6aedaa1d922c0f64d5c.php 第 653 行.
NOTIC: [8] Undefined index: id /home/www/hqjhc/backend/Runtime/Cache/Order/d56dfcc0f322f6aedaa1d922c0f64d5c.php 第 654 行.
NOTIC: [8] Undefined index: id /home/www/hqjhc/backend/Runtime/Cache/Order/d56dfcc0f322f6aedaa1d922c0f64d5c.php 第 647 行.
NOTIC: [8] Undefined index: id /home/www/hqjhc/backend/Runtime/Cache/Order/d56dfcc0f322f6aedaa1d922c0f64d5c.php 第 653 行.
NOTIC: [8] Undefined index: id /home/www/hqjhc/backend/Runtime/Cache/Order/d56dfcc0f322f6aedaa1d922c0f64d5c.php 第 654 行.
NOTIC: [8] Undefined index: id /home/www/hqjhc/backend/Runtime/Cache/Order/d56dfcc0f322f6aedaa1d922c0f64d5c.php 第 647 行.
NOTIC: [8] Undefined index: id /home/www/hqjhc/backend/Runtime/Cache/Order/d56dfcc0f322f6aedaa1d922c0f64d5c.php 第 653 行.
NOTIC: [8] Undefined index: id /home/www/hqjhc/backend/Runtime/Cache/Order/d56dfcc0f322f6aedaa1d922c0f64d5c.php 第 654 行.
NOTIC: [8] Undefined index: id /home/www/hqjhc/backend/Runtime/Cache/Order/d56dfcc0f322f6aedaa1d922c0f64d5c.php 第 647 行.
NOTIC: [8] Undefined index: id /home/www/hqjhc/backend/Runtime/Cache/Order/d56dfcc0f322f6aedaa1d922c0f64d5c.php 第 653 行.
NOTIC: [8] Undefined index: id /home/www/hqjhc/backend/Runtime/Cache/Order/d56dfcc0f322f6aedaa1d922c0f64d5c.php 第 654 行.
NOTIC: [8] Undefined index: id /home/www/hqjhc/backend/Runtime/Cache/Order/d56dfcc0f322f6aedaa1d922c0f64d5c.php 第 647 行.
NOTIC: [8] Undefined index: id /home/www/hqjhc/backend/Runtime/Cache/Order/d56dfcc0f322f6aedaa1d922c0f64d5c.php 第 653 行.
NOTIC: [8] Undefined index: id /home/www/hqjhc/backend/Runtime/Cache/Order/d56dfcc0f322f6aedaa1d922c0f64d5c.php 第 654 行.
NOTIC: [8] Undefined index: id /home/www/hqjhc/backend/Runtime/Cache/Order/d56dfcc0f322f6aedaa1d922c0f64d5c.php 第 647 行.
NOTIC: [8] Undefined index: id /home/www/hqjhc/backend/Runtime/Cache/Order/d56dfcc0f322f6aedaa1d922c0f64d5c.php 第 653 行.
NOTIC: [8] Undefined index: id /home/www/hqjhc/backend/Runtime/Cache/Order/d56dfcc0f322f6aedaa1d922c0f64d5c.php 第 654 行.
INFO: Run Behavior\ParseTemplateBehavior [ RunTime:0.007677s ]
INFO: [ view_parse ] --END-- [ RunTime:0.007690s ]
INFO: [ view_filter ] --START--
INFO: Run Behavior\WriteHtmlCacheBehavior [ RunTime:0.000071s ]
INFO: [ view_filter ] --END-- [ RunTime:0.000081s ]
INFO: [ app_end ] --START--
INFO: Run Behavior\ShowPageTraceBehavior [ RunTime:0.000240s ]
INFO: [ app_end ] --END-- [ RunTime:0.000254s ]

[ 2017-12-12T14:29:02+08:00 ] 101.81.0.88 /admin.php/Order/Index/index.html
INFO: [ app_init ] --START--
INFO: Run Behavior\BuildLiteBehavior [ RunTime:0.000005s ]
INFO: [ app_init ] --END-- [ RunTime:0.000152s ]
INFO: [ app_begin ] --START--
INFO: Run Behavior\ReadHtmlCacheBehavior [ RunTime:0.000198s ]
INFO: [ app_begin ] --END-- [ RunTime:0.000213s ]
NOTIC: [8] A session had already been started - ignoring session_start() /home/www/hqjhc/ThinkPHP/Common/functions.php 第 1263 行.
SQL: SHOW COLUMNS FROM `hqjhc_staffs` [ RunTime:0.0005s ]
SQL: SHOW COLUMNS FROM `hqjhc_staffs` [ RunTime:0.0003s ]
SQL: SELECT * FROM `hqjhc_staffs` WHERE `stffid` = 6 LIMIT 1   [ RunTime:0.0002s ]
SQL: SHOW COLUMNS FROM `hqjhc_orders` [ RunTime:0.0003s ]
SQL: SELECT COUNT(*) AS tp_count FROM `hqjhc_orders` WHERE hqjhc_orders.dataFlag = 0 LIMIT 1   [ RunTime:0.0002s ]
SQL: SELECT hqjhc_brands.brandLogo as brandLogo,hqjhc_goods.goods_display_img as goods_display_img,hqjhc_goods.name as name,hqjhc_goods.goods_price as goods_price,hqjhc_goods.marketPrice as marketprice,hqjhc_orders.orderNo as orderno,hqjhc_orders.createTime as createtime,hqjhc_orders.orderid as orderid,hqjhc_orders.num as num,hqjhc_orders.userid as userid,hqjhc_orders.spec1 as spec1,hqjhc_orders.spec2 as spec2,hqjhc_orders.orderStatus as orderstatus,hqjhc_orders.remarks as remarks,hqjhc_user_address.userAdress as useraddress FROM `hqjhc_orders` LEFT JOIN hqjhc_goods ON hqjhc_goods.id = hqjhc_orders.goodsid LEFT JOIN hqjhc_brands ON hqjhc_orders.brandsid = hqjhc_brands.brandid LEFT JOIN hqjhc_order_address ON hqjhc_order_address.orderno = hqjhc_orders.orderno LEFT JOIN hqjhc_user_address ON hqjhc_user_address.addressid = hqjhc_order_address.addressid  WHERE hqjhc_orders.dataFlag = 0 ORDER BY hqjhc_orders.orderid desc LIMIT 0,15   [ RunTime:0.0018s ]
SQL: SHOW COLUMNS FROM `hqjhc_users` [ RunTime:0.0004s ]
SQL: SELECT * FROM `hqjhc_users` WHERE `userid` = 29 LIMIT 1   [ RunTime:0.0002s ]
SQL: SELECT * FROM `hqjhc_users` WHERE `userid` = 38 LIMIT 1   [ RunTime:0.0002s ]
SQL: SELECT * FROM `hqjhc_users` WHERE `userid` = 38 LIMIT 1   [ RunTime:0.0002s ]
SQL: SELECT * FROM `hqjhc_users` WHERE `userid` = 30 LIMIT 1   [ RunTime:0.0001s ]
SQL: SELECT * FROM `hqjhc_users` WHERE `userid` = 30 LIMIT 1   [ RunTime:0.0001s ]
SQL: SELECT * FROM `hqjhc_users` WHERE `userid` = 30 LIMIT 1   [ RunTime:0.0001s ]
SQL: SELECT * FROM `hqjhc_users` WHERE `userid` = 30 LIMIT 1   [ RunTime:0.0001s ]
SQL: SELECT * FROM `hqjhc_users` WHERE `userid` = 30 LIMIT 1   [ RunTime:0.0002s ]
SQL: SELECT * FROM `hqjhc_users` WHERE `userid` = 30 LIMIT 1   [ RunTime:0.0001s ]
SQL: SELECT * FROM `hqjhc_users` WHERE `userid` = 30 LIMIT 1   [ RunTime:0.0001s ]
SQL: SELECT * FROM `hqjhc_users` WHERE `userid` = 30 LIMIT 1   [ RunTime:0.0001s ]
SQL: SELECT * FROM `hqjhc_users` WHERE `userid` = 30 LIMIT 1   [ RunTime:0.0001s ]
SQL: SELECT * FROM `hqjhc_users` WHERE `userid` = 30 LIMIT 1   [ RunTime:0.0002s ]
SQL: SELECT * FROM `hqjhc_users` WHERE `userid` = 30 LIMIT 1   [ RunTime:0.0001s ]
SQL: SELECT * FROM `hqjhc_users` WHERE `userid` = 30 LIMIT 1   [ RunTime:0.0001s ]
INFO: [ view_parse ] --START--
INFO: [ template_filter ] --START--
INFO: Run Behavior\ContentReplaceBehavior [ RunTime:0.000078s ]
INFO: [ template_filter ] --END-- [ RunTime:0.000093s ]
NOTIC: [8] Undefined property: Think\Storage\Driver\File::$_data /home/www/hqjhc/backend/Runtime/Cache/Order/d56dfcc0f322f6aedaa1d922c0f64d5c.php 第 243 行.
NOTIC: [8] Undefined index: id /home/www/hqjhc/backend/Runtime/Cache/Order/d56dfcc0f322f6aedaa1d922c0f64d5c.php 第 647 行.
NOTIC: [8] Undefined index: id /home/www/hqjhc/backend/Runtime/Cache/Order/d56dfcc0f322f6aedaa1d922c0f64d5c.php 第 653 行.
NOTIC: [8] Undefined index: id /home/www/hqjhc/backend/Runtime/Cache/Order/d56dfcc0f322f6aedaa1d922c0f64d5c.php 第 654 行.
NOTIC: [8] Undefined index: id /home/www/hqjhc/backend/Runtime/Cache/Order/d56dfcc0f322f6aedaa1d922c0f64d5c.php 第 647 行.
NOTIC: [8] Undefined index: id /home/www/hqjhc/backend/Runtime/Cache/Order/d56dfcc0f322f6aedaa1d922c0f64d5c.php 第 653 行.
NOTIC: [8] Undefined index: id /home/www/hqjhc/backend/Runtime/Cache/Order/d56dfcc0f322f6aedaa1d922c0f64d5c.php 第 654 行.
NOTIC: [8] Undefined index: id /home/www/hqjhc/backend/Runtime/Cache/Order/d56dfcc0f322f6aedaa1d922c0f64d5c.php 第 647 行.
NOTIC: [8] Undefined index: id /home/www/hqjhc/backend/Runtime/Cache/Order/d56dfcc0f322f6aedaa1d922c0f64d5c.php 第 653 行.
NOTIC: [8] Undefined index: id /home/www/hqjhc/backend/Runtime/Cache/Order/d56dfcc0f322f6aedaa1d922c0f64d5c.php 第 654 行.
NOTIC: [8] Undefined index: id /home/www/hqjhc/backend/Runtime/Cache/Order/d56dfcc0f322f6aedaa1d922c0f64d5c.php 第 647 行.
NOTIC: [8] Undefined index: id /home/www/hqjhc/backend/Runtime/Cache/Order/d56dfcc0f322f6aedaa1d922c0f64d5c.php 第 653 行.
NOTIC: [8] Undefined index: id /home/www/hqjhc/backend/Runtime/Cache/Order/d56dfcc0f322f6aedaa1d922c0f64d5c.php 第 654 行.
NOTIC: [8] Undefined index: id /home/www/hqjhc/backend/Runtime/Cache/Order/d56dfcc0f322f6aedaa1d922c0f64d5c.php 第 647 行.
NOTIC: [8] Undefined index: id /home/www/hqjhc/backend/Runtime/Cache/Order/d56dfcc0f322f6aedaa1d922c0f64d5c.php 第 653 行.
NOTIC: [8] Undefined index: id /home/www/hqjhc/backend/Runtime/Cache/Order/d56dfcc0f322f6aedaa1d922c0f64d5c.php 第 654 行.
NOTIC: [8] Undefined index: id /home/www/hqjhc/backend/Runtime/Cache/Order/d56dfcc0f322f6aedaa1d922c0f64d5c.php 第 647 行.
NOTIC: [8] Undefined index: id /home/www/hqjhc/backend/Runtime/Cache/Order/d56dfcc0f322f6aedaa1d922c0f64d5c.php 第 653 行.
NOTIC: [8] Undefined index: id /home/www/hqjhc/backend/Runtime/Cache/Order/d56dfcc0f322f6aedaa1d922c0f64d5c.php 第 654 行.
NOTIC: [8] Undefined index: id /home/www/hqjhc/backend/Runtime/Cache/Order/d56dfcc0f322f6aedaa1d922c0f64d5c.php 第 647 行.
NOTIC: [8] Undefined index: id /home/www/hqjhc/backend/Runtime/Cache/Order/d56dfcc0f322f6aedaa1d922c0f64d5c.php 第 653 行.
NOTIC: [8] Undefined index: id /home/www/hqjhc/backend/Runtime/Cache/Order/d56dfcc0f322f6aedaa1d922c0f64d5c.php 第 654 行.
NOTIC: [8] Undefined index: id /home/www/hqjhc/backend/Runtime/Cache/Order/d56dfcc0f322f6aedaa1d922c0f64d5c.php 第 647 行.
NOTIC: [8] Undefined index: id /home/www/hqjhc/backend/Runtime/Cache/Order/d56dfcc0f322f6aedaa1d922c0f64d5c.php 第 653 行.
NOTIC: [8] Undefined index: id /home/www/hqjhc/backend/Runtime/Cache/Order/d56dfcc0f322f6aedaa1d922c0f64d5c.php 第 654 行.
NOTIC: [8] Undefined index: id /home/www/hqjhc/backend/Runtime/Cache/Order/d56dfcc0f322f6aedaa1d922c0f64d5c.php 第 647 行.
NOTIC: [8] Undefined index: id /home/www/hqjhc/backend/Runtime/Cache/Order/d56dfcc0f322f6aedaa1d922c0f64d5c.php 第 653 行.
NOTIC: [8] Undefined index: id /home/www/hqjhc/backend/Runtime/Cache/Order/d56dfcc0f322f6aedaa1d922c0f64d5c.php 第 654 行.
NOTIC: [8] Undefined index: id /home/www/hqjhc/backend/Runtime/Cache/Order/d56dfcc0f322f6aedaa1d922c0f64d5c.php 第 647 行.
NOTIC: [8] Undefined index: id /home/www/hqjhc/backend/Runtime/Cache/Order/d56dfcc0f322f6aedaa1d922c0f64d5c.php 第 653 行.
NOTIC: [8] Undefined index: id /home/www/hqjhc/backend/Runtime/Cache/Order/d56dfcc0f322f6aedaa1d922c0f64d5c.php 第 654 行.
NOTIC: [8] Undefined index: id /home/www/hqjhc/backend/Runtime/Cache/Order/d56dfcc0f322f6aedaa1d922c0f64d5c.php 第 647 行.
NOTIC: [8] Undefined index: id /home/www/hqjhc/backend/Runtime/Cache/Order/d56dfcc0f322f6aedaa1d922c0f64d5c.php 第 653 行.
NOTIC: [8] Undefined index: id /home/www/hqjhc/backend/Runtime/Cache/Order/d56dfcc0f322f6aedaa1d922c0f64d5c.php 第 654 行.
NOTIC: [8] Undefined index: id /home/www/hqjhc/backend/Runtime/Cache/Order/d56dfcc0f322f6aedaa1d922c0f64d5c.php 第 647 行.
NOTIC: [8] Undefined index: id /home/www/hqjhc/backend/Runtime/Cache/Order/d56dfcc0f322f6aedaa1d922c0f64d5c.php 第 653 行.
NOTIC: [8] Undefined index: id /home/www/hqjhc/backend/Runtime/Cache/Order/d56dfcc0f322f6aedaa1d922c0f64d5c.php 第 654 行.
NOTIC: [8] Undefined index: id /home/www/hqjhc/backend/Runtime/Cache/Order/d56dfcc0f322f6aedaa1d922c0f64d5c.php 第 647 行.
NOTIC: [8] Undefined index: id /home/www/hqjhc/backend/Runtime/Cache/Order/d56dfcc0f322f6aedaa1d922c0f64d5c.php 第 653 行.
NOTIC: [8] Undefined index: id /home/www/hqjhc/backend/Runtime/Cache/Order/d56dfcc0f322f6aedaa1d922c0f64d5c.php 第 654 行.
NOTIC: [8] Undefined index: id /home/www/hqjhc/backend/Runtime/Cache/Order/d56dfcc0f322f6aedaa1d922c0f64d5c.php 第 647 行.
NOTIC: [8] Undefined index: id /home/www/hqjhc/backend/Runtime/Cache/Order/d56dfcc0f322f6aedaa1d922c0f64d5c.php 第 653 行.
NOTIC: [8] Undefined index: id /home/www/hqjhc/backend/Runtime/Cache/Order/d56dfcc0f322f6aedaa1d922c0f64d5c.php 第 654 行.
NOTIC: [8] Undefined index: id /home/www/hqjhc/backend/Runtime/Cache/Order/d56dfcc0f322f6aedaa1d922c0f64d5c.php 第 647 行.
NOTIC: [8] Undefined index: id /home/www/hqjhc/backend/Runtime/Cache/Order/d56dfcc0f322f6aedaa1d922c0f64d5c.php 第 653 行.
NOTIC: [8] Undefined index: id /home/www/hqjhc/backend/Runtime/Cache/Order/d56dfcc0f322f6aedaa1d922c0f64d5c.php 第 654 行.
INFO: Run Behavior\ParseTemplateBehavior [ RunTime:0.007442s ]
INFO: [ view_parse ] --END-- [ RunTime:0.007455s ]
INFO: [ view_filter ] --START--
INFO: Run Behavior\WriteHtmlCacheBehavior [ RunTime:0.000074s ]
INFO: [ view_filter ] --END-- [ RunTime:0.000085s ]
INFO: [ app_end ] --START--
INFO: Run Behavior\ShowPageTraceBehavior [ RunTime:0.000223s ]
INFO: [ app_end ] --END-- [ RunTime:0.000236s ]

