[ 2018-02-28T17:06:20+08:00 ] 101.44.12.72 /admin.php/Order/Index/index.html
INFO: [ app_init ] --START--
INFO: Run Behavior\BuildLiteBehavior [ RunTime:0.000007s ]
INFO: [ app_init ] --END-- [ RunTime:0.000181s ]
INFO: [ app_begin ] --START--
INFO: Run Behavior\ReadHtmlCacheBehavior [ RunTime:0.000243s ]
INFO: [ app_begin ] --END-- [ RunTime:0.000259s ]
NOTIC: [8] A session had already been started - ignoring session_start() /home/www/hqjhc/ThinkPHP/Common/functions.php 第 1263 行.
SQL: SHOW COLUMNS FROM `hqjhc_staffs` [ RunTime:0.0005s ]
SQL: SHOW COLUMNS FROM `hqjhc_staffs` [ RunTime:0.0003s ]
SQL: SELECT * FROM `hqjhc_staffs` WHERE `stffid` = 6 LIMIT 1   [ RunTime:0.0002s ]
SQL: SHOW COLUMNS FROM `hqjhc_orders` [ RunTime:0.0004s ]
SQL: SELECT COUNT(*) AS tp_count FROM `hqjhc_orders` WHERE hqjhc_orders.dataFlag = 0 LIMIT 1   [ RunTime:0.0003s ]
SQL: SELECT hqjhc_brands.brandLogo as brandLogo,hqjhc_goods.goods_display_img as goods_display_img,hqjhc_goods.name as name,hqjhc_goods.goods_price as goods_price,hqjhc_goods.marketPrice as marketprice,hqjhc_orders.orderNo as orderno,hqjhc_orders.createTime as createtime,hqjhc_orders.orderid as orderid,hqjhc_orders.num as num,hqjhc_orders.userid as userid,hqjhc_orders.spec1 as spec1,hqjhc_orders.spec2 as spec2,hqjhc_orders.orderStatus as orderstatus,hqjhc_orders.remarks as remarks,hqjhc_user_address.userAdress as useraddress FROM `hqjhc_orders` LEFT JOIN hqjhc_goods ON hqjhc_goods.id = hqjhc_orders.goodsid LEFT JOIN hqjhc_brands ON hqjhc_orders.brandsid = hqjhc_brands.brandid LEFT JOIN hqjhc_order_address ON hqjhc_order_address.orderno = hqjhc_orders.orderno LEFT JOIN hqjhc_user_address ON hqjhc_user_address.addressid = hqjhc_order_address.addressid  WHERE hqjhc_orders.dataFlag = 0 ORDER BY hqjhc_orders.orderid desc LIMIT 0,15   [ RunTime:0.0130s ]
SQL: SHOW COLUMNS FROM `hqjhc_users` [ RunTime:0.0004s ]
SQL: SELECT * FROM `hqjhc_users` WHERE `userid` = 32 LIMIT 1   [ RunTime:0.0002s ]
SQL: SELECT * FROM `hqjhc_users` WHERE `userid` = 32 LIMIT 1   [ RunTime:0.0002s ]
SQL: SELECT * FROM `hqjhc_users` WHERE `userid` = 47 LIMIT 1   [ RunTime:0.0002s ]
SQL: SELECT * FROM `hqjhc_users` WHERE `userid` = 47 LIMIT 1   [ RunTime:0.0002s ]
SQL: SELECT * FROM `hqjhc_users` WHERE `userid` = 47 LIMIT 1   [ RunTime:0.0002s ]
SQL: SELECT * FROM `hqjhc_users` WHERE `userid` = 47 LIMIT 1   [ RunTime:0.0002s ]
SQL: SELECT * FROM `hqjhc_users` WHERE `userid` = 47 LIMIT 1   [ RunTime:0.0002s ]
SQL: SELECT * FROM `hqjhc_users` WHERE `userid` = 47 LIMIT 1   [ RunTime:0.0002s ]
SQL: SELECT * FROM `hqjhc_users` WHERE `userid` = 47 LIMIT 1   [ RunTime:0.0002s ]
SQL: SELECT * FROM `hqjhc_users` WHERE `userid` = 47 LIMIT 1   [ RunTime:0.0002s ]
SQL: SELECT * FROM `hqjhc_users` WHERE `userid` = 47 LIMIT 1   [ RunTime:0.0002s ]
SQL: SELECT * FROM `hqjhc_users` WHERE `userid` = 47 LIMIT 1   [ RunTime:0.0002s ]
SQL: SELECT * FROM `hqjhc_users` WHERE `userid` = 47 LIMIT 1   [ RunTime:0.0002s ]
SQL: SELECT * FROM `hqjhc_users` WHERE `userid` = 47 LIMIT 1   [ RunTime:0.0002s ]
SQL: SELECT * FROM `hqjhc_users` WHERE `userid` = 47 LIMIT 1   [ RunTime:0.0002s ]
INFO: [ view_parse ] --START--
INFO: [ template_filter ] --START--
INFO: Run Behavior\ContentReplaceBehavior [ RunTime:0.000082s ]
INFO: [ template_filter ] --END-- [ RunTime:0.000100s ]
NOTIC: [8] Undefined property: Think\Storage\Driver\File::$_data /home/www/hqjhc/backend/Runtime/Cache/Order/d56dfcc0f322f6aedaa1d922c0f64d5c.php 第 243 行.
NOTIC: [8] Undefined index: id /home/www/hqjhc/backend/Runtime/Cache/Order/d56dfcc0f322f6aedaa1d922c0f64d5c.php 第 656 行.
NOTIC: [8] Undefined index: id /home/www/hqjhc/backend/Runtime/Cache/Order/d56dfcc0f322f6aedaa1d922c0f64d5c.php 第 662 行.
NOTIC: [8] Undefined index: id /home/www/hqjhc/backend/Runtime/Cache/Order/d56dfcc0f322f6aedaa1d922c0f64d5c.php 第 663 行.
NOTIC: [8] Undefined index: id /home/www/hqjhc/backend/Runtime/Cache/Order/d56dfcc0f322f6aedaa1d922c0f64d5c.php 第 656 行.
NOTIC: [8] Undefined index: id /home/www/hqjhc/backend/Runtime/Cache/Order/d56dfcc0f322f6aedaa1d922c0f64d5c.php 第 662 行.
NOTIC: [8] Undefined index: id /home/www/hqjhc/backend/Runtime/Cache/Order/d56dfcc0f322f6aedaa1d922c0f64d5c.php 第 663 行.
NOTIC: [8] Undefined index: id /home/www/hqjhc/backend/Runtime/Cache/Order/d56dfcc0f322f6aedaa1d922c0f64d5c.php 第 656 行.
NOTIC: [8] Undefined index: id /home/www/hqjhc/backend/Runtime/Cache/Order/d56dfcc0f322f6aedaa1d922c0f64d5c.php 第 662 行.
NOTIC: [8] Undefined index: id /home/www/hqjhc/backend/Runtime/Cache/Order/d56dfcc0f322f6aedaa1d922c0f64d5c.php 第 663 行.
NOTIC: [8] Undefined index: id /home/www/hqjhc/backend/Runtime/Cache/Order/d56dfcc0f322f6aedaa1d922c0f64d5c.php 第 656 行.
NOTIC: [8] Undefined index: id /home/www/hqjhc/backend/Runtime/Cache/Order/d56dfcc0f322f6aedaa1d922c0f64d5c.php 第 662 行.
NOTIC: [8] Undefined index: id /home/www/hqjhc/backend/Runtime/Cache/Order/d56dfcc0f322f6aedaa1d922c0f64d5c.php 第 663 行.
NOTIC: [8] Undefined index: id /home/www/hqjhc/backend/Runtime/Cache/Order/d56dfcc0f322f6aedaa1d922c0f64d5c.php 第 656 行.
NOTIC: [8] Undefined index: id /home/www/hqjhc/backend/Runtime/Cache/Order/d56dfcc0f322f6aedaa1d922c0f64d5c.php 第 662 行.
NOTIC: [8] Undefined index: id /home/www/hqjhc/backend/Runtime/Cache/Order/d56dfcc0f322f6aedaa1d922c0f64d5c.php 第 663 行.
NOTIC: [8] Undefined index: id /home/www/hqjhc/backend/Runtime/Cache/Order/d56dfcc0f322f6aedaa1d922c0f64d5c.php 第 656 行.
NOTIC: [8] Undefined index: id /home/www/hqjhc/backend/Runtime/Cache/Order/d56dfcc0f322f6aedaa1d922c0f64d5c.php 第 662 行.
NOTIC: [8] Undefined index: id /home/www/hqjhc/backend/Runtime/Cache/Order/d56dfcc0f322f6aedaa1d922c0f64d5c.php 第 663 行.
NOTIC: [8] Undefined index: id /home/www/hqjhc/backend/Runtime/Cache/Order/d56dfcc0f322f6aedaa1d922c0f64d5c.php 第 656 行.
NOTIC: [8] Undefined index: id /home/www/hqjhc/backend/Runtime/Cache/Order/d56dfcc0f322f6aedaa1d922c0f64d5c.php 第 662 行.
NOTIC: [8] Undefined index: id /home/www/hqjhc/backend/Runtime/Cache/Order/d56dfcc0f322f6aedaa1d922c0f64d5c.php 第 663 行.
NOTIC: [8] Undefined index: id /home/www/hqjhc/backend/Runtime/Cache/Order/d56dfcc0f322f6aedaa1d922c0f64d5c.php 第 656 行.
NOTIC: [8] Undefined index: id /home/www/hqjhc/backend/Runtime/Cache/Order/d56dfcc0f322f6aedaa1d922c0f64d5c.php 第 662 行.
NOTIC: [8] Undefined index: id /home/www/hqjhc/backend/Runtime/Cache/Order/d56dfcc0f322f6aedaa1d922c0f64d5c.php 第 663 行.
NOTIC: [8] Undefined index: id /home/www/hqjhc/backend/Runtime/Cache/Order/d56dfcc0f322f6aedaa1d922c0f64d5c.php 第 656 行.
NOTIC: [8] Undefined index: id /home/www/hqjhc/backend/Runtime/Cache/Order/d56dfcc0f322f6aedaa1d922c0f64d5c.php 第 662 行.
NOTIC: [8] Undefined index: id /home/www/hqjhc/backend/Runtime/Cache/Order/d56dfcc0f322f6aedaa1d922c0f64d5c.php 第 663 行.
NOTIC: [8] Undefined index: id /home/www/hqjhc/backend/Runtime/Cache/Order/d56dfcc0f322f6aedaa1d922c0f64d5c.php 第 656 行.
NOTIC: [8] Undefined index: id /home/www/hqjhc/backend/Runtime/Cache/Order/d56dfcc0f322f6aedaa1d922c0f64d5c.php 第 662 行.
NOTIC: [8] Undefined index: id /home/www/hqjhc/backend/Runtime/Cache/Order/d56dfcc0f322f6aedaa1d922c0f64d5c.php 第 663 行.
NOTIC: [8] Undefined index: id /home/www/hqjhc/backend/Runtime/Cache/Order/d56dfcc0f322f6aedaa1d922c0f64d5c.php 第 656 行.
NOTIC: [8] Undefined index: id /home/www/hqjhc/backend/Runtime/Cache/Order/d56dfcc0f322f6aedaa1d922c0f64d5c.php 第 662 行.
NOTIC: [8] Undefined index: id /home/www/hqjhc/backend/Runtime/Cache/Order/d56dfcc0f322f6aedaa1d922c0f64d5c.php 第 663 行.
NOTIC: [8] Undefined index: id /home/www/hqjhc/backend/Runtime/Cache/Order/d56dfcc0f322f6aedaa1d922c0f64d5c.php 第 656 行.
NOTIC: [8] Undefined index: id /home/www/hqjhc/backend/Runtime/Cache/Order/d56dfcc0f322f6aedaa1d922c0f64d5c.php 第 662 行.
NOTIC: [8] Undefined index: id /home/www/hqjhc/backend/Runtime/Cache/Order/d56dfcc0f322f6aedaa1d922c0f64d5c.php 第 663 行.
NOTIC: [8] Undefined index: id /home/www/hqjhc/backend/Runtime/Cache/Order/d56dfcc0f322f6aedaa1d922c0f64d5c.php 第 656 行.
NOTIC: [8] Undefined index: id /home/www/hqjhc/backend/Runtime/Cache/Order/d56dfcc0f322f6aedaa1d922c0f64d5c.php 第 662 行.
NOTIC: [8] Undefined index: id /home/www/hqjhc/backend/Runtime/Cache/Order/d56dfcc0f322f6aedaa1d922c0f64d5c.php 第 663 行.
NOTIC: [8] Undefined index: id /home/www/hqjhc/backend/Runtime/Cache/Order/d56dfcc0f322f6aedaa1d922c0f64d5c.php 第 656 行.
NOTIC: [8] Undefined index: id /home/www/hqjhc/backend/Runtime/Cache/Order/d56dfcc0f322f6aedaa1d922c0f64d5c.php 第 662 行.
NOTIC: [8] Undefined index: id /home/www/hqjhc/backend/Runtime/Cache/Order/d56dfcc0f322f6aedaa1d922c0f64d5c.php 第 663 行.
NOTIC: [8] Undefined index: id /home/www/hqjhc/backend/Runtime/Cache/Order/d56dfcc0f322f6aedaa1d922c0f64d5c.php 第 656 行.
NOTIC: [8] Undefined index: id /home/www/hqjhc/backend/Runtime/Cache/Order/d56dfcc0f322f6aedaa1d922c0f64d5c.php 第 662 行.
NOTIC: [8] Undefined index: id /home/www/hqjhc/backend/Runtime/Cache/Order/d56dfcc0f322f6aedaa1d922c0f64d5c.php 第 663 行.
INFO: Run Behavior\ParseTemplateBehavior [ RunTime:0.009421s ]
INFO: [ view_parse ] --END-- [ RunTime:0.009437s ]
INFO: [ view_filter ] --START--
INFO: Run Behavior\WriteHtmlCacheBehavior [ RunTime:0.000079s ]
INFO: [ view_filter ] --END-- [ RunTime:0.000092s ]
INFO: [ app_end ] --START--
INFO: Run Behavior\ShowPageTraceBehavior [ RunTime:0.000278s ]
INFO: [ app_end ] --END-- [ RunTime:0.000295s ]

[ 2018-02-28T17:06:28+08:00 ] 101.44.12.72 /admin.php/Order/Index/paymenting.html
INFO: [ app_init ] --START--
INFO: Run Behavior\BuildLiteBehavior [ RunTime:0.000010s ]
INFO: [ app_init ] --END-- [ RunTime:0.000194s ]
INFO: [ app_begin ] --START--
INFO: Run Behavior\ReadHtmlCacheBehavior [ RunTime:0.000231s ]
INFO: [ app_begin ] --END-- [ RunTime:0.000248s ]
NOTIC: [8] A session had already been started - ignoring session_start() /home/www/hqjhc/ThinkPHP/Common/functions.php 第 1263 行.
SQL: SHOW COLUMNS FROM `hqjhc_staffs` [ RunTime:0.0006s ]
SQL: SHOW COLUMNS FROM `hqjhc_staffs` [ RunTime:0.0003s ]
SQL: SELECT * FROM `hqjhc_staffs` WHERE `stffid` = 6 LIMIT 1   [ RunTime:0.0002s ]
SQL: SHOW COLUMNS FROM `hqjhc_orders` [ RunTime:0.0004s ]
SQL: SELECT COUNT(*) AS tp_count FROM `hqjhc_orders` WHERE hqjhc_orders.dataFlag = 0 AND hqjhc_orders.orderStatus = 0 LIMIT 1   [ RunTime:0.0004s ]
SQL: SELECT hqjhc_brands.brandLogo as brandLogo,hqjhc_goods.goods_display_img as goods_display_img,hqjhc_goods.name as name,hqjhc_goods.goods_price as goods_price,hqjhc_goods.marketPrice as marketprice,hqjhc_orders.userid as userid,hqjhc_orders.orderNo as orderno,hqjhc_orders.createTime as createtime,hqjhc_orders.orderid as orderid,hqjhc_orders.num as num,hqjhc_orders.spec1 as spec1,hqjhc_orders.spec2 as spec2,hqjhc_orders.remarks as remarks,hqjhc_user_address.userAdress as useraddress FROM `hqjhc_orders` LEFT JOIN hqjhc_goods ON hqjhc_goods.id = hqjhc_orders.goodsid LEFT JOIN hqjhc_brands ON hqjhc_orders.brandsid = hqjhc_brands.brandid LEFT JOIN hqjhc_order_address ON hqjhc_order_address.orderno = hqjhc_orders.orderno LEFT JOIN hqjhc_user_address ON hqjhc_user_address.addressid = hqjhc_order_address.addressid  WHERE hqjhc_orders.dataFlag = 0 AND hqjhc_orders.orderStatus = 0 ORDER BY hqjhc_orders.orderid desc LIMIT 0,15   [ RunTime:0.0009s ]
INFO: [ view_parse ] --START--
INFO: [ template_filter ] --START--
INFO: Run Behavior\ContentReplaceBehavior [ RunTime:0.000080s ]
INFO: [ template_filter ] --END-- [ RunTime:0.000097s ]
NOTIC: [8] Undefined property: Think\Storage\Driver\File::$_data /home/www/hqjhc/backend/Runtime/Cache/Order/7b3af35fcef8aa43e70271a6f073d5c5.php 第 243 行.
INFO: Run Behavior\ParseTemplateBehavior [ RunTime:0.008363s ]
INFO: [ view_parse ] --END-- [ RunTime:0.008380s ]
INFO: [ view_filter ] --START--
INFO: Run Behavior\WriteHtmlCacheBehavior [ RunTime:0.000079s ]
INFO: [ view_filter ] --END-- [ RunTime:0.000093s ]
INFO: [ app_end ] --START--
INFO: Run Behavior\ShowPageTraceBehavior [ RunTime:0.000277s ]
INFO: [ app_end ] --END-- [ RunTime:0.000295s ]

[ 2018-02-28T17:06:30+08:00 ] 101.44.12.72 /admin.php/Order/Index/waitexpress.html
INFO: [ app_init ] --START--
INFO: Run Behavior\BuildLiteBehavior [ RunTime:0.000007s ]
INFO: [ app_init ] --END-- [ RunTime:0.000171s ]
INFO: [ app_begin ] --START--
INFO: Run Behavior\ReadHtmlCacheBehavior [ RunTime:0.000225s ]
INFO: [ app_begin ] --END-- [ RunTime:0.000243s ]
NOTIC: [8] A session had already been started - ignoring session_start() /home/www/hqjhc/ThinkPHP/Common/functions.php 第 1263 行.
SQL: SHOW COLUMNS FROM `hqjhc_staffs` [ RunTime:0.0006s ]
SQL: SHOW COLUMNS FROM `hqjhc_staffs` [ RunTime:0.0003s ]
SQL: SELECT * FROM `hqjhc_staffs` WHERE `stffid` = 6 LIMIT 1   [ RunTime:0.0002s ]
SQL: SHOW COLUMNS FROM `hqjhc_orders` [ RunTime:0.0004s ]
SQL: SELECT COUNT(*) AS tp_count FROM `hqjhc_orders` WHERE hqjhc_orders.dataFlag = 0 AND hqjhc_orders.orderStatus = 1 LIMIT 1   [ RunTime:0.0003s ]
SQL: SELECT hqjhc_brands.brandLogo as brandLogo,hqjhc_goods.goods_display_img as goods_display_img,hqjhc_goods.name as name,hqjhc_goods.goods_price as goods_price,hqjhc_goods.marketPrice as marketprice,hqjhc_orders.userid as userid,hqjhc_orders.orderNo as orderno,hqjhc_orders.createTime as createtime,hqjhc_orders.orderid as orderid,hqjhc_orders.num as num,hqjhc_orders.spec1 as spec1,hqjhc_orders.spec2 as spec2,hqjhc_orders.remarks as remarks,hqjhc_user_address.userAdress as useraddress FROM `hqjhc_orders` LEFT JOIN hqjhc_goods ON hqjhc_goods.id = hqjhc_orders.goodsid LEFT JOIN hqjhc_brands ON hqjhc_orders.brandsid = hqjhc_brands.brandid LEFT JOIN hqjhc_order_address ON hqjhc_order_address.orderno = hqjhc_orders.orderno LEFT JOIN hqjhc_user_address ON hqjhc_user_address.addressid = hqjhc_order_address.addressid  WHERE hqjhc_orders.dataFlag = 0 AND hqjhc_orders.orderStatus = 1 ORDER BY hqjhc_orders.orderid desc LIMIT 0,15   [ RunTime:0.0013s ]
SQL: SHOW COLUMNS FROM `hqjhc_users` [ RunTime:0.0004s ]
SQL: SELECT * FROM `hqjhc_users` WHERE `userid` = 51 LIMIT 1   [ RunTime:0.0002s ]
SQL: SELECT * FROM `hqjhc_users` WHERE `userid` = 27 LIMIT 1   [ RunTime:0.0002s ]
SQL: SELECT * FROM `hqjhc_users` WHERE `userid` = 27 LIMIT 1   [ RunTime:0.0002s ]
SQL: SELECT * FROM `hqjhc_users` WHERE `userid` = 27 LIMIT 1   [ RunTime:0.0002s ]
SQL: SELECT * FROM `hqjhc_users` WHERE `userid` = 27 LIMIT 1   [ RunTime:0.0002s ]
SQL: SELECT * FROM `hqjhc_users` WHERE `userid` = 32 LIMIT 1   [ RunTime:0.0002s ]
SQL: SELECT * FROM `hqjhc_users` WHERE `userid` = 32 LIMIT 1   [ RunTime:0.0002s ]
SQL: SELECT * FROM `hqjhc_users` WHERE `userid` = 32 LIMIT 1   [ RunTime:0.0002s ]
SQL: SELECT * FROM `hqjhc_users` WHERE `userid` = 30 LIMIT 1   [ RunTime:0.0002s ]
SQL: SELECT * FROM `hqjhc_users` WHERE `userid` = 30 LIMIT 1   [ RunTime:0.0002s ]
SQL: SELECT * FROM `hqjhc_users` WHERE `userid` = 29 LIMIT 1   [ RunTime:0.0002s ]
SQL: SELECT * FROM `hqjhc_users` WHERE `userid` = 29 LIMIT 1   [ RunTime:0.0002s ]
SQL: SELECT * FROM `hqjhc_users` WHERE `userid` = 29 LIMIT 1   [ RunTime:0.0002s ]
SQL: SELECT * FROM `hqjhc_users` WHERE `userid` = 29 LIMIT 1   [ RunTime:0.0002s ]
INFO: [ view_parse ] --START--
INFO: [ template_filter ] --START--
INFO: Run Behavior\ContentReplaceBehavior [ RunTime:0.000078s ]
INFO: [ template_filter ] --END-- [ RunTime:0.000094s ]
NOTIC: [8] Undefined property: Think\Storage\Driver\File::$_data /home/www/hqjhc/backend/Runtime/Cache/Order/cb2443642aa88dd458816897f38f68a7.php 第 243 行.
INFO: Run Behavior\ParseTemplateBehavior [ RunTime:0.008134s ]
INFO: [ view_parse ] --END-- [ RunTime:0.008150s ]
INFO: [ view_filter ] --START--
INFO: Run Behavior\WriteHtmlCacheBehavior [ RunTime:0.000083s ]
INFO: [ view_filter ] --END-- [ RunTime:0.000096s ]
INFO: [ app_end ] --START--
INFO: Run Behavior\ShowPageTraceBehavior [ RunTime:0.000257s ]
INFO: [ app_end ] --END-- [ RunTime:0.000272s ]

[ 2018-02-28T17:06:31+08:00 ] 101.44.12.72 /admin.php/Order/Index/checkedorder.html
INFO: [ app_init ] --START--
INFO: Run Behavior\BuildLiteBehavior [ RunTime:0.000020s ]
INFO: [ app_init ] --END-- [ RunTime:0.000184s ]
INFO: [ app_begin ] --START--
INFO: Run Behavior\ReadHtmlCacheBehavior [ RunTime:0.000228s ]
INFO: [ app_begin ] --END-- [ RunTime:0.000245s ]
NOTIC: [8] A session had already been started - ignoring session_start() /home/www/hqjhc/ThinkPHP/Common/functions.php 第 1263 行.
SQL: SHOW COLUMNS FROM `hqjhc_staffs` [ RunTime:0.0006s ]
SQL: SHOW COLUMNS FROM `hqjhc_staffs` [ RunTime:0.0003s ]
SQL: SELECT * FROM `hqjhc_staffs` WHERE `stffid` = 6 LIMIT 1   [ RunTime:0.0002s ]
SQL: SHOW COLUMNS FROM `hqjhc_orders` [ RunTime:0.0004s ]
SQL: SELECT COUNT(*) AS tp_count FROM `hqjhc_orders` WHERE hqjhc_orders.dataFlag = 0 AND hqjhc_orders.orderStatus = 2 LIMIT 1   [ RunTime:0.0004s ]
SQL: SELECT hqjhc_brands.brandLogo as brandLogo,hqjhc_goods.goods_display_img as goods_display_img,hqjhc_goods.name as name,hqjhc_orders.userid as userid,hqjhc_goods.goods_price as goods_price,hqjhc_goods.marketPrice as marketprice,hqjhc_orders.orderNo as orderno,hqjhc_orders.createTime as createtime,hqjhc_orders.orderid as orderid,hqjhc_orders.num as num,hqjhc_orders.spec1 as spec1,hqjhc_orders.spec2 as spec2,hqjhc_orders.remarks as remarks,hqjhc_user_address.userAdress as useraddress FROM `hqjhc_orders` LEFT JOIN hqjhc_goods ON hqjhc_goods.id = hqjhc_orders.goodsid LEFT JOIN hqjhc_brands ON hqjhc_orders.brandsid = hqjhc_brands.brandid LEFT JOIN hqjhc_order_address ON hqjhc_order_address.orderno = hqjhc_orders.orderno LEFT JOIN hqjhc_user_address ON hqjhc_user_address.addressid = hqjhc_order_address.addressid  WHERE hqjhc_orders.dataFlag = 0 AND hqjhc_orders.orderStatus = 2 ORDER BY hqjhc_orders.orderid desc LIMIT 0,15   [ RunTime:0.0009s ]
INFO: [ view_parse ] --START--
INFO: [ template_filter ] --START--
INFO: Run Behavior\ContentReplaceBehavior [ RunTime:0.000079s ]
INFO: [ template_filter ] --END-- [ RunTime:0.000097s ]
NOTIC: [8] Undefined property: Think\Storage\Driver\File::$_data /home/www/hqjhc/backend/Runtime/Cache/Order/d3eb41000b58279b191971995bd65c4f.php 第 243 行.
INFO: Run Behavior\ParseTemplateBehavior [ RunTime:0.008159s ]
INFO: [ view_parse ] --END-- [ RunTime:0.008176s ]
INFO: [ view_filter ] --START--
INFO: Run Behavior\WriteHtmlCacheBehavior [ RunTime:0.000078s ]
INFO: [ view_filter ] --END-- [ RunTime:0.000091s ]
INFO: [ app_end ] --START--
INFO: Run Behavior\ShowPageTraceBehavior [ RunTime:0.000275s ]
INFO: [ app_end ] --END-- [ RunTime:0.000292s ]

[ 2018-02-28T17:06:33+08:00 ] 101.44.12.72 /admin.php/Order/Index/waitexpress.html
INFO: [ app_init ] --START--
INFO: Run Behavior\BuildLiteBehavior [ RunTime:0.000007s ]
INFO: [ app_init ] --END-- [ RunTime:0.000194s ]
INFO: [ app_begin ] --START--
INFO: Run Behavior\ReadHtmlCacheBehavior [ RunTime:0.000281s ]
INFO: [ app_begin ] --END-- [ RunTime:0.000300s ]
NOTIC: [8] A session had already been started - ignoring session_start() /home/www/hqjhc/ThinkPHP/Common/functions.php 第 1263 行.
SQL: SHOW COLUMNS FROM `hqjhc_staffs` [ RunTime:0.0005s ]
SQL: SHOW COLUMNS FROM `hqjhc_staffs` [ RunTime:0.0003s ]
SQL: SELECT * FROM `hqjhc_staffs` WHERE `stffid` = 6 LIMIT 1   [ RunTime:0.0002s ]
SQL: SHOW COLUMNS FROM `hqjhc_orders` [ RunTime:0.0004s ]
SQL: SELECT COUNT(*) AS tp_count FROM `hqjhc_orders` WHERE hqjhc_orders.dataFlag = 0 AND hqjhc_orders.orderStatus = 1 LIMIT 1   [ RunTime:0.0004s ]
SQL: SELECT hqjhc_brands.brandLogo as brandLogo,hqjhc_goods.goods_display_img as goods_display_img,hqjhc_goods.name as name,hqjhc_goods.goods_price as goods_price,hqjhc_goods.marketPrice as marketprice,hqjhc_orders.userid as userid,hqjhc_orders.orderNo as orderno,hqjhc_orders.createTime as createtime,hqjhc_orders.orderid as orderid,hqjhc_orders.num as num,hqjhc_orders.spec1 as spec1,hqjhc_orders.spec2 as spec2,hqjhc_orders.remarks as remarks,hqjhc_user_address.userAdress as useraddress FROM `hqjhc_orders` LEFT JOIN hqjhc_goods ON hqjhc_goods.id = hqjhc_orders.goodsid LEFT JOIN hqjhc_brands ON hqjhc_orders.brandsid = hqjhc_brands.brandid LEFT JOIN hqjhc_order_address ON hqjhc_order_address.orderno = hqjhc_orders.orderno LEFT JOIN hqjhc_user_address ON hqjhc_user_address.addressid = hqjhc_order_address.addressid  WHERE hqjhc_orders.dataFlag = 0 AND hqjhc_orders.orderStatus = 1 ORDER BY hqjhc_orders.orderid desc LIMIT 0,15   [ RunTime:0.0013s ]
SQL: SHOW COLUMNS FROM `hqjhc_users` [ RunTime:0.0004s ]
SQL: SELECT * FROM `hqjhc_users` WHERE `userid` = 51 LIMIT 1   [ RunTime:0.0002s ]
SQL: SELECT * FROM `hqjhc_users` WHERE `userid` = 27 LIMIT 1   [ RunTime:0.0002s ]
SQL: SELECT * FROM `hqjhc_users` WHERE `userid` = 27 LIMIT 1   [ RunTime:0.0002s ]
SQL: SELECT * FROM `hqjhc_users` WHERE `userid` = 27 LIMIT 1   [ RunTime:0.0002s ]
SQL: SELECT * FROM `hqjhc_users` WHERE `userid` = 27 LIMIT 1   [ RunTime:0.0002s ]
SQL: SELECT * FROM `hqjhc_users` WHERE `userid` = 32 LIMIT 1   [ RunTime:0.0002s ]
SQL: SELECT * FROM `hqjhc_users` WHERE `userid` = 32 LIMIT 1   [ RunTime:0.0002s ]
SQL: SELECT * FROM `hqjhc_users` WHERE `userid` = 32 LIMIT 1   [ RunTime:0.0002s ]
SQL: SELECT * FROM `hqjhc_users` WHERE `userid` = 30 LIMIT 1   [ RunTime:0.0002s ]
SQL: SELECT * FROM `hqjhc_users` WHERE `userid` = 30 LIMIT 1   [ RunTime:0.0002s ]
SQL: SELECT * FROM `hqjhc_users` WHERE `userid` = 29 LIMIT 1   [ RunTime:0.0002s ]
SQL: SELECT * FROM `hqjhc_users` WHERE `userid` = 29 LIMIT 1   [ RunTime:0.0002s ]
SQL: SELECT * FROM `hqjhc_users` WHERE `userid` = 29 LIMIT 1   [ RunTime:0.0002s ]
SQL: SELECT * FROM `hqjhc_users` WHERE `userid` = 29 LIMIT 1   [ RunTime:0.0002s ]
INFO: [ view_parse ] --START--
INFO: [ template_filter ] --START--
INFO: Run Behavior\ContentReplaceBehavior [ RunTime:0.000086s ]
INFO: [ template_filter ] --END-- [ RunTime:0.000103s ]
NOTIC: [8] Undefined property: Think\Storage\Driver\File::$_data /home/www/hqjhc/backend/Runtime/Cache/Order/cb2443642aa88dd458816897f38f68a7.php 第 243 行.
INFO: Run Behavior\ParseTemplateBehavior [ RunTime:0.007863s ]
INFO: [ view_parse ] --END-- [ RunTime:0.007891s ]
INFO: [ view_filter ] --START--
INFO: Run Behavior\WriteHtmlCacheBehavior [ RunTime:0.000078s ]
INFO: [ view_filter ] --END-- [ RunTime:0.000091s ]
INFO: [ app_end ] --START--
INFO: Run Behavior\ShowPageTraceBehavior [ RunTime:0.000278s ]
INFO: [ app_end ] --END-- [ RunTime:0.000294s ]

[ 2018-02-28T17:06:36+08:00 ] 101.44.12.72 /admin.php/Order/Index/paymenting.html
INFO: [ app_init ] --START--
INFO: Run Behavior\BuildLiteBehavior [ RunTime:0.000007s ]
INFO: [ app_init ] --END-- [ RunTime:0.000167s ]
INFO: [ app_begin ] --START--
INFO: Run Behavior\ReadHtmlCacheBehavior [ RunTime:0.000238s ]
INFO: [ app_begin ] --END-- [ RunTime:0.000255s ]
NOTIC: [8] A session had already been started - ignoring session_start() /home/www/hqjhc/ThinkPHP/Common/functions.php 第 1263 行.
SQL: SHOW COLUMNS FROM `hqjhc_staffs` [ RunTime:0.0005s ]
SQL: SHOW COLUMNS FROM `hqjhc_staffs` [ RunTime:0.0003s ]
SQL: SELECT * FROM `hqjhc_staffs` WHERE `stffid` = 6 LIMIT 1   [ RunTime:0.0002s ]
SQL: SHOW COLUMNS FROM `hqjhc_orders` [ RunTime:0.0004s ]
SQL: SELECT COUNT(*) AS tp_count FROM `hqjhc_orders` WHERE hqjhc_orders.dataFlag = 0 AND hqjhc_orders.orderStatus = 0 LIMIT 1   [ RunTime:0.0004s ]
SQL: SELECT hqjhc_brands.brandLogo as brandLogo,hqjhc_goods.goods_display_img as goods_display_img,hqjhc_goods.name as name,hqjhc_goods.goods_price as goods_price,hqjhc_goods.marketPrice as marketprice,hqjhc_orders.userid as userid,hqjhc_orders.orderNo as orderno,hqjhc_orders.createTime as createtime,hqjhc_orders.orderid as orderid,hqjhc_orders.num as num,hqjhc_orders.spec1 as spec1,hqjhc_orders.spec2 as spec2,hqjhc_orders.remarks as remarks,hqjhc_user_address.userAdress as useraddress FROM `hqjhc_orders` LEFT JOIN hqjhc_goods ON hqjhc_goods.id = hqjhc_orders.goodsid LEFT JOIN hqjhc_brands ON hqjhc_orders.brandsid = hqjhc_brands.brandid LEFT JOIN hqjhc_order_address ON hqjhc_order_address.orderno = hqjhc_orders.orderno LEFT JOIN hqjhc_user_address ON hqjhc_user_address.addressid = hqjhc_order_address.addressid  WHERE hqjhc_orders.dataFlag = 0 AND hqjhc_orders.orderStatus = 0 ORDER BY hqjhc_orders.orderid desc LIMIT 0,15   [ RunTime:0.0008s ]
INFO: [ view_parse ] --START--
INFO: [ template_filter ] --START--
INFO: Run Behavior\ContentReplaceBehavior [ RunTime:0.000079s ]
INFO: [ template_filter ] --END-- [ RunTime:0.000095s ]
NOTIC: [8] Undefined property: Think\Storage\Driver\File::$_data /home/www/hqjhc/backend/Runtime/Cache/Order/7b3af35fcef8aa43e70271a6f073d5c5.php 第 243 行.
INFO: Run Behavior\ParseTemplateBehavior [ RunTime:0.007813s ]
INFO: [ view_parse ] --END-- [ RunTime:0.007830s ]
INFO: [ view_filter ] --START--
INFO: Run Behavior\WriteHtmlCacheBehavior [ RunTime:0.000074s ]
INFO: [ view_filter ] --END-- [ RunTime:0.000087s ]
INFO: [ app_end ] --START--
INFO: Run Behavior\ShowPageTraceBehavior [ RunTime:0.000266s ]
INFO: [ app_end ] --END-- [ RunTime:0.000283s ]

[ 2018-02-28T17:06:38+08:00 ] 101.44.12.72 /admin.php/Order/Index/index.html
INFO: [ app_init ] --START--
INFO: Run Behavior\BuildLiteBehavior [ RunTime:0.000008s ]
INFO: [ app_init ] --END-- [ RunTime:0.000175s ]
INFO: [ app_begin ] --START--
INFO: Run Behavior\ReadHtmlCacheBehavior [ RunTime:0.000229s ]
INFO: [ app_begin ] --END-- [ RunTime:0.000246s ]
NOTIC: [8] A session had already been started - ignoring session_start() /home/www/hqjhc/ThinkPHP/Common/functions.php 第 1263 行.
SQL: SHOW COLUMNS FROM `hqjhc_staffs` [ RunTime:0.0006s ]
SQL: SHOW COLUMNS FROM `hqjhc_staffs` [ RunTime:0.0004s ]
SQL: SELECT * FROM `hqjhc_staffs` WHERE `stffid` = 6 LIMIT 1   [ RunTime:0.0002s ]
SQL: SHOW COLUMNS FROM `hqjhc_orders` [ RunTime:0.0004s ]
SQL: SELECT COUNT(*) AS tp_count FROM `hqjhc_orders` WHERE hqjhc_orders.dataFlag = 0 LIMIT 1   [ RunTime:0.0003s ]
SQL: SELECT hqjhc_brands.brandLogo as brandLogo,hqjhc_goods.goods_display_img as goods_display_img,hqjhc_goods.name as name,hqjhc_goods.goods_price as goods_price,hqjhc_goods.marketPrice as marketprice,hqjhc_orders.orderNo as orderno,hqjhc_orders.createTime as createtime,hqjhc_orders.orderid as orderid,hqjhc_orders.num as num,hqjhc_orders.userid as userid,hqjhc_orders.spec1 as spec1,hqjhc_orders.spec2 as spec2,hqjhc_orders.orderStatus as orderstatus,hqjhc_orders.remarks as remarks,hqjhc_user_address.userAdress as useraddress FROM `hqjhc_orders` LEFT JOIN hqjhc_goods ON hqjhc_goods.id = hqjhc_orders.goodsid LEFT JOIN hqjhc_brands ON hqjhc_orders.brandsid = hqjhc_brands.brandid LEFT JOIN hqjhc_order_address ON hqjhc_order_address.orderno = hqjhc_orders.orderno LEFT JOIN hqjhc_user_address ON hqjhc_user_address.addressid = hqjhc_order_address.addressid  WHERE hqjhc_orders.dataFlag = 0 ORDER BY hqjhc_orders.orderid desc LIMIT 0,15   [ RunTime:0.0130s ]
SQL: SHOW COLUMNS FROM `hqjhc_users` [ RunTime:0.0006s ]
SQL: SELECT * FROM `hqjhc_users` WHERE `userid` = 32 LIMIT 1   [ RunTime:0.0002s ]
SQL: SELECT * FROM `hqjhc_users` WHERE `userid` = 32 LIMIT 1   [ RunTime:0.0002s ]
SQL: SELECT * FROM `hqjhc_users` WHERE `userid` = 47 LIMIT 1   [ RunTime:0.0002s ]
SQL: SELECT * FROM `hqjhc_users` WHERE `userid` = 47 LIMIT 1   [ RunTime:0.0002s ]
SQL: SELECT * FROM `hqjhc_users` WHERE `userid` = 47 LIMIT 1   [ RunTime:0.0002s ]
SQL: SELECT * FROM `hqjhc_users` WHERE `userid` = 47 LIMIT 1   [ RunTime:0.0002s ]
SQL: SELECT * FROM `hqjhc_users` WHERE `userid` = 47 LIMIT 1   [ RunTime:0.0002s ]
SQL: SELECT * FROM `hqjhc_users` WHERE `userid` = 47 LIMIT 1   [ RunTime:0.0002s ]
SQL: SELECT * FROM `hqjhc_users` WHERE `userid` = 47 LIMIT 1   [ RunTime:0.0002s ]
SQL: SELECT * FROM `hqjhc_users` WHERE `userid` = 47 LIMIT 1   [ RunTime:0.0002s ]
SQL: SELECT * FROM `hqjhc_users` WHERE `userid` = 47 LIMIT 1   [ RunTime:0.0002s ]
SQL: SELECT * FROM `hqjhc_users` WHERE `userid` = 47 LIMIT 1   [ RunTime:0.0002s ]
SQL: SELECT * FROM `hqjhc_users` WHERE `userid` = 47 LIMIT 1   [ RunTime:0.0002s ]
SQL: SELECT * FROM `hqjhc_users` WHERE `userid` = 47 LIMIT 1   [ RunTime:0.0002s ]
SQL: SELECT * FROM `hqjhc_users` WHERE `userid` = 47 LIMIT 1   [ RunTime:0.0002s ]
INFO: [ view_parse ] --START--
INFO: [ template_filter ] --START--
INFO: Run Behavior\ContentReplaceBehavior [ RunTime:0.000085s ]
INFO: [ template_filter ] --END-- [ RunTime:0.000104s ]
NOTIC: [8] Undefined property: Think\Storage\Driver\File::$_data /home/www/hqjhc/backend/Runtime/Cache/Order/d56dfcc0f322f6aedaa1d922c0f64d5c.php 第 243 行.
NOTIC: [8] Undefined index: id /home/www/hqjhc/backend/Runtime/Cache/Order/d56dfcc0f322f6aedaa1d922c0f64d5c.php 第 656 行.
NOTIC: [8] Undefined index: id /home/www/hqjhc/backend/Runtime/Cache/Order/d56dfcc0f322f6aedaa1d922c0f64d5c.php 第 662 行.
NOTIC: [8] Undefined index: id /home/www/hqjhc/backend/Runtime/Cache/Order/d56dfcc0f322f6aedaa1d922c0f64d5c.php 第 663 行.
NOTIC: [8] Undefined index: id /home/www/hqjhc/backend/Runtime/Cache/Order/d56dfcc0f322f6aedaa1d922c0f64d5c.php 第 656 行.
NOTIC: [8] Undefined index: id /home/www/hqjhc/backend/Runtime/Cache/Order/d56dfcc0f322f6aedaa1d922c0f64d5c.php 第 662 行.
NOTIC: [8] Undefined index: id /home/www/hqjhc/backend/Runtime/Cache/Order/d56dfcc0f322f6aedaa1d922c0f64d5c.php 第 663 行.
NOTIC: [8] Undefined index: id /home/www/hqjhc/backend/Runtime/Cache/Order/d56dfcc0f322f6aedaa1d922c0f64d5c.php 第 656 行.
NOTIC: [8] Undefined index: id /home/www/hqjhc/backend/Runtime/Cache/Order/d56dfcc0f322f6aedaa1d922c0f64d5c.php 第 662 行.
NOTIC: [8] Undefined index: id /home/www/hqjhc/backend/Runtime/Cache/Order/d56dfcc0f322f6aedaa1d922c0f64d5c.php 第 663 行.
NOTIC: [8] Undefined index: id /home/www/hqjhc/backend/Runtime/Cache/Order/d56dfcc0f322f6aedaa1d922c0f64d5c.php 第 656 行.
NOTIC: [8] Undefined index: id /home/www/hqjhc/backend/Runtime/Cache/Order/d56dfcc0f322f6aedaa1d922c0f64d5c.php 第 662 行.
NOTIC: [8] Undefined index: id /home/www/hqjhc/backend/Runtime/Cache/Order/d56dfcc0f322f6aedaa1d922c0f64d5c.php 第 663 行.
NOTIC: [8] Undefined index: id /home/www/hqjhc/backend/Runtime/Cache/Order/d56dfcc0f322f6aedaa1d922c0f64d5c.php 第 656 行.
NOTIC: [8] Undefined index: id /home/www/hqjhc/backend/Runtime/Cache/Order/d56dfcc0f322f6aedaa1d922c0f64d5c.php 第 662 行.
NOTIC: [8] Undefined index: id /home/www/hqjhc/backend/Runtime/Cache/Order/d56dfcc0f322f6aedaa1d922c0f64d5c.php 第 663 行.
NOTIC: [8] Undefined index: id /home/www/hqjhc/backend/Runtime/Cache/Order/d56dfcc0f322f6aedaa1d922c0f64d5c.php 第 656 行.
NOTIC: [8] Undefined index: id /home/www/hqjhc/backend/Runtime/Cache/Order/d56dfcc0f322f6aedaa1d922c0f64d5c.php 第 662 行.
NOTIC: [8] Undefined index: id /home/www/hqjhc/backend/Runtime/Cache/Order/d56dfcc0f322f6aedaa1d922c0f64d5c.php 第 663 行.
NOTIC: [8] Undefined index: id /home/www/hqjhc/backend/Runtime/Cache/Order/d56dfcc0f322f6aedaa1d922c0f64d5c.php 第 656 行.
NOTIC: [8] Undefined index: id /home/www/hqjhc/backend/Runtime/Cache/Order/d56dfcc0f322f6aedaa1d922c0f64d5c.php 第 662 行.
NOTIC: [8] Undefined index: id /home/www/hqjhc/backend/Runtime/Cache/Order/d56dfcc0f322f6aedaa1d922c0f64d5c.php 第 663 行.
NOTIC: [8] Undefined index: id /home/www/hqjhc/backend/Runtime/Cache/Order/d56dfcc0f322f6aedaa1d922c0f64d5c.php 第 656 行.
NOTIC: [8] Undefined index: id /home/www/hqjhc/backend/Runtime/Cache/Order/d56dfcc0f322f6aedaa1d922c0f64d5c.php 第 662 行.
NOTIC: [8] Undefined index: id /home/www/hqjhc/backend/Runtime/Cache/Order/d56dfcc0f322f6aedaa1d922c0f64d5c.php 第 663 行.
NOTIC: [8] Undefined index: id /home/www/hqjhc/backend/Runtime/Cache/Order/d56dfcc0f322f6aedaa1d922c0f64d5c.php 第 656 行.
NOTIC: [8] Undefined index: id /home/www/hqjhc/backend/Runtime/Cache/Order/d56dfcc0f322f6aedaa1d922c0f64d5c.php 第 662 行.
NOTIC: [8] Undefined index: id /home/www/hqjhc/backend/Runtime/Cache/Order/d56dfcc0f322f6aedaa1d922c0f64d5c.php 第 663 行.
NOTIC: [8] Undefined index: id /home/www/hqjhc/backend/Runtime/Cache/Order/d56dfcc0f322f6aedaa1d922c0f64d5c.php 第 656 行.
NOTIC: [8] Undefined index: id /home/www/hqjhc/backend/Runtime/Cache/Order/d56dfcc0f322f6aedaa1d922c0f64d5c.php 第 662 行.
NOTIC: [8] Undefined index: id /home/www/hqjhc/backend/Runtime/Cache/Order/d56dfcc0f322f6aedaa1d922c0f64d5c.php 第 663 行.
NOTIC: [8] Undefined index: id /home/www/hqjhc/backend/Runtime/Cache/Order/d56dfcc0f322f6aedaa1d922c0f64d5c.php 第 656 行.
NOTIC: [8] Undefined index: id /home/www/hqjhc/backend/Runtime/Cache/Order/d56dfcc0f322f6aedaa1d922c0f64d5c.php 第 662 行.
NOTIC: [8] Undefined index: id /home/www/hqjhc/backend/Runtime/Cache/Order/d56dfcc0f322f6aedaa1d922c0f64d5c.php 第 663 行.
NOTIC: [8] Undefined index: id /home/www/hqjhc/backend/Runtime/Cache/Order/d56dfcc0f322f6aedaa1d922c0f64d5c.php 第 656 行.
NOTIC: [8] Undefined index: id /home/www/hqjhc/backend/Runtime/Cache/Order/d56dfcc0f322f6aedaa1d922c0f64d5c.php 第 662 行.
NOTIC: [8] Undefined index: id /home/www/hqjhc/backend/Runtime/Cache/Order/d56dfcc0f322f6aedaa1d922c0f64d5c.php 第 663 行.
NOTIC: [8] Undefined index: id /home/www/hqjhc/backend/Runtime/Cache/Order/d56dfcc0f322f6aedaa1d922c0f64d5c.php 第 656 行.
NOTIC: [8] Undefined index: id /home/www/hqjhc/backend/Runtime/Cache/Order/d56dfcc0f322f6aedaa1d922c0f64d5c.php 第 662 行.
NOTIC: [8] Undefined index: id /home/www/hqjhc/backend/Runtime/Cache/Order/d56dfcc0f322f6aedaa1d922c0f64d5c.php 第 663 行.
NOTIC: [8] Undefined index: id /home/www/hqjhc/backend/Runtime/Cache/Order/d56dfcc0f322f6aedaa1d922c0f64d5c.php 第 656 行.
NOTIC: [8] Undefined index: id /home/www/hqjhc/backend/Runtime/Cache/Order/d56dfcc0f322f6aedaa1d922c0f64d5c.php 第 662 行.
NOTIC: [8] Undefined index: id /home/www/hqjhc/backend/Runtime/Cache/Order/d56dfcc0f322f6aedaa1d922c0f64d5c.php 第 663 行.
NOTIC: [8] Undefined index: id /home/www/hqjhc/backend/Runtime/Cache/Order/d56dfcc0f322f6aedaa1d922c0f64d5c.php 第 656 行.
NOTIC: [8] Undefined index: id /home/www/hqjhc/backend/Runtime/Cache/Order/d56dfcc0f322f6aedaa1d922c0f64d5c.php 第 662 行.
NOTIC: [8] Undefined index: id /home/www/hqjhc/backend/Runtime/Cache/Order/d56dfcc0f322f6aedaa1d922c0f64d5c.php 第 663 行.
INFO: Run Behavior\ParseTemplateBehavior [ RunTime:0.009435s ]
INFO: [ view_parse ] --END-- [ RunTime:0.009452s ]
INFO: [ view_filter ] --START--
INFO: Run Behavior\WriteHtmlCacheBehavior [ RunTime:0.000086s ]
INFO: [ view_filter ] --END-- [ RunTime:0.000100s ]
INFO: [ app_end ] --START--
INFO: Run Behavior\ShowPageTraceBehavior [ RunTime:0.000313s ]
INFO: [ app_end ] --END-- [ RunTime:0.000331s ]

[ 2018-02-28T17:06:41+08:00 ] 101.44.12.72 /admin.php/Order/Index/orderinfo/id/1045.html
INFO: [ app_init ] --START--
INFO: Run Behavior\BuildLiteBehavior [ RunTime:0.000007s ]
INFO: [ app_init ] --END-- [ RunTime:0.000184s ]
INFO: [ app_begin ] --START--
INFO: Run Behavior\ReadHtmlCacheBehavior [ RunTime:0.000247s ]
INFO: [ app_begin ] --END-- [ RunTime:0.000264s ]
NOTIC: [8] A session had already been started - ignoring session_start() /home/www/hqjhc/ThinkPHP/Common/functions.php 第 1263 行.
SQL: SHOW COLUMNS FROM `hqjhc_staffs` [ RunTime:0.0006s ]
SQL: SHOW COLUMNS FROM `hqjhc_staffs` [ RunTime:0.0003s ]
SQL: SELECT * FROM `hqjhc_staffs` WHERE `stffid` = 6 LIMIT 1   [ RunTime:0.0002s ]
SQL: SHOW COLUMNS FROM `hqjhc_orders` [ RunTime:0.0004s ]
SQL: SELECT hqjhc_brands.brandLogo as brandLogo,hqjhc_goods.goods_display_img as goods_display_img,hqjhc_goods.name as name,hqjhc_orders.userid as userid,hqjhc_orders.orderStatus as orderstatus,hqjhc_goods.goods_price as goods_price,hqjhc_goods.marketPrice as marketprice,hqjhc_orders.orderNo as orderno,hqjhc_orders.createTime as createtime,hqjhc_orders.orderid as orderid,hqjhc_orders.num as num,hqjhc_orders.spec1 as spec1,hqjhc_orders.spec2 as spec2,hqjhc_orders.remarks as remarks,hqjhc_user_address.userName as username,hqjhc_user_address.userPhone as userphone,hqjhc_user_address.areaidPath as areaidPath,hqjhc_user_address.userAdress as useraddress FROM `hqjhc_orders` LEFT JOIN hqjhc_goods ON hqjhc_goods.id = hqjhc_orders.goodsid LEFT JOIN hqjhc_brands ON hqjhc_orders.brandsid = hqjhc_brands.brandid LEFT JOIN hqjhc_order_address ON hqjhc_order_address.orderno = hqjhc_orders.orderno LEFT JOIN hqjhc_user_address ON hqjhc_user_address.addressid = hqjhc_orders.addressid  WHERE `orderid` = '1045' LIMIT 1   [ RunTime:0.0004s ]
NOTIC: [8] Undefined offset: 1 /home/www/hqjhc/backend/Order/Controller/IndexController.class.php 第 606 行.
NOTIC: [8] Undefined offset: 2 /home/www/hqjhc/backend/Order/Controller/IndexController.class.php 第 607 行.
SQL: SHOW COLUMNS FROM `hqjhc_area` [ RunTime:0.0003s ]
SQL: SELECT * FROM `hqjhc_area` WHERE `region_id` = 0 LIMIT 1   [ RunTime:0.0001s ]
SQL: SELECT * FROM `hqjhc_area` WHERE `region_id` = null LIMIT 1   [ RunTime:0.0001s ]
SQL: SELECT * FROM `hqjhc_area` WHERE `region_id` = null LIMIT 1   [ RunTime:0.0001s ]
INFO: [ view_parse ] --START--
INFO: [ template_filter ] --START--
INFO: Run Behavior\ContentReplaceBehavior [ RunTime:0.000075s ]
INFO: [ template_filter ] --END-- [ RunTime:0.000092s ]
NOTIC: [8] Undefined property: Think\Storage\Driver\File::$_data /home/www/hqjhc/backend/Runtime/Cache/Order/65df1652c525ef229bf013717e2f174a.php 第 243 行.
INFO: Run Behavior\ParseTemplateBehavior [ RunTime:0.008172s ]
INFO: [ view_parse ] --END-- [ RunTime:0.008189s ]
INFO: [ view_filter ] --START--
INFO: Run Behavior\WriteHtmlCacheBehavior [ RunTime:0.000079s ]
INFO: [ view_filter ] --END-- [ RunTime:0.000093s ]
INFO: [ app_end ] --START--
INFO: Run Behavior\ShowPageTraceBehavior [ RunTime:0.000262s ]
INFO: [ app_end ] --END-- [ RunTime:0.000279s ]

[ 2018-02-28T17:07:30+08:00 ] 61.151.178.167 /admin.php/Order/Index/waitexpress.html
INFO: [ app_init ] --START--
INFO: Run Behavior\BuildLiteBehavior [ RunTime:0.000007s ]
INFO: [ app_init ] --END-- [ RunTime:0.000208s ]
INFO: [ app_begin ] --START--
INFO: Run Behavior\ReadHtmlCacheBehavior [ RunTime:0.000264s ]
INFO: [ app_begin ] --END-- [ RunTime:0.000283s ]
NOTIC: [8] A session had already been started - ignoring session_start() /home/www/hqjhc/ThinkPHP/Common/functions.php 第 1263 行.
SQL: SHOW COLUMNS FROM `hqjhc_staffs` [ RunTime:0.0006s ]

