[ 2017-12-06T14:33:23+08:00 ] 101.81.120.60 /offer.php/Order/Index/index.html
INFO: [ app_init ] --START--
INFO: Run Behavior\BuildLiteBehavior [ RunTime:0.000007s ]
INFO: [ app_init ] --END-- [ RunTime:0.000180s ]
INFO: [ app_begin ] --START--
INFO: Run Behavior\ReadHtmlCacheBehavior [ RunTime:0.000249s ]
INFO: [ app_begin ] --END-- [ RunTime:0.000268s ]
NOTIC: [8] A session had already been started - ignoring session_start() /home/www/hqjhc/ThinkPHP/Common/functions.php 第 1263 行.
SQL: SHOW COLUMNS FROM `hqjhc_offers` [ RunTime:0.0005s ]
SQL: SHOW COLUMNS FROM `hqjhc_offers` [ RunTime:0.0003s ]
SQL: SELECT * FROM `hqjhc_offers` WHERE `offerid` = 11 LIMIT 1   [ RunTime:0.0002s ]
SQL: SHOW COLUMNS FROM `hqjhc_orders` [ RunTime:0.0004s ]
SQL: SELECT COUNT(*) AS tp_count FROM `hqjhc_orders` LEFT JOIN hqjhc_goods ON hqjhc_orders.goodsid = hqjhc_goods.id  WHERE hqjhc_orders.dataFlag = 0 AND hqjhc_goods.offerid = '11' LIMIT 1   [ RunTime:0.0003s ]
SQL: SELECT hqjhc_brands.brandLogo as brandLogo,hqjhc_goods.goods_display_img as goods_display_img,hqjhc_goods.name as name,hqjhc_goods.goods_price as goods_price,hqjhc_goods.marketPrice as marketprice,hqjhc_orders.orderNo as orderno,hqjhc_orders.createTime as createtime,hqjhc_orders.orderid as orderid,hqjhc_orders.num as num,hqjhc_orders.spec1 as spec1,hqjhc_orders.spec2 as spec2,hqjhc_orders.remarks as remarks,hqjhc_orders.orderStatus as orderstatus,hqjhc_user_address.userAdress as useraddress FROM `hqjhc_orders` LEFT JOIN hqjhc_goods ON hqjhc_goods.id = hqjhc_orders.goodsid LEFT JOIN hqjhc_brands ON hqjhc_orders.brandsid = hqjhc_brands.brandid LEFT JOIN hqjhc_user_address ON hqjhc_user_address.addressid = hqjhc_orders.addressid  WHERE hqjhc_orders.dataFlag = 0 AND hqjhc_goods.offerid = '11' ORDER BY hqjhc_orders.orderid desc LIMIT 0,15   [ RunTime:0.0006s ]
NOTIC: [8] Undefined index: userid /home/www/hqjhc/bussiness/Order/Controller/IndexController.class.php 第 68 行.
SQL: SHOW COLUMNS FROM `hqjhc_users` [ RunTime:0.0004s ]
SQL: SELECT * FROM `hqjhc_users` WHERE `loginName` = null LIMIT 1   [ RunTime:0.0002s ]
NOTIC: [8] Undefined index: userid /home/www/hqjhc/bussiness/Order/Controller/IndexController.class.php 第 68 行.
SQL: SELECT * FROM `hqjhc_users` WHERE `loginName` = null LIMIT 1   [ RunTime:0.0002s ]
NOTIC: [8] Undefined index: userid /home/www/hqjhc/bussiness/Order/Controller/IndexController.class.php 第 68 行.
SQL: SELECT * FROM `hqjhc_users` WHERE `loginName` = null LIMIT 1   [ RunTime:0.0002s ]
NOTIC: [8] Undefined index: userid /home/www/hqjhc/bussiness/Order/Controller/IndexController.class.php 第 68 行.
SQL: SELECT * FROM `hqjhc_users` WHERE `loginName` = null LIMIT 1   [ RunTime:0.0002s ]
NOTIC: [8] Undefined index: userid /home/www/hqjhc/bussiness/Order/Controller/IndexController.class.php 第 68 行.
SQL: SELECT * FROM `hqjhc_users` WHERE `loginName` = null LIMIT 1   [ RunTime:0.0002s ]
NOTIC: [8] Undefined index: userid /home/www/hqjhc/bussiness/Order/Controller/IndexController.class.php 第 68 行.
SQL: SELECT * FROM `hqjhc_users` WHERE `loginName` = null LIMIT 1   [ RunTime:0.0002s ]
NOTIC: [8] Undefined index: userid /home/www/hqjhc/bussiness/Order/Controller/IndexController.class.php 第 68 行.
SQL: SELECT * FROM `hqjhc_users` WHERE `loginName` = null LIMIT 1   [ RunTime:0.0002s ]
NOTIC: [8] Undefined index: userid /home/www/hqjhc/bussiness/Order/Controller/IndexController.class.php 第 68 行.
SQL: SELECT * FROM `hqjhc_users` WHERE `loginName` = null LIMIT 1   [ RunTime:0.0002s ]
NOTIC: [8] Undefined index: userid /home/www/hqjhc/bussiness/Order/Controller/IndexController.class.php 第 68 行.
SQL: SELECT * FROM `hqjhc_users` WHERE `loginName` = null LIMIT 1   [ RunTime:0.0002s ]
NOTIC: [8] Undefined index: userid /home/www/hqjhc/bussiness/Order/Controller/IndexController.class.php 第 68 行.
SQL: SELECT * FROM `hqjhc_users` WHERE `loginName` = null LIMIT 1   [ RunTime:0.0002s ]
NOTIC: [8] Undefined index: userid /home/www/hqjhc/bussiness/Order/Controller/IndexController.class.php 第 68 行.
SQL: SELECT * FROM `hqjhc_users` WHERE `loginName` = null LIMIT 1   [ RunTime:0.0002s ]
NOTIC: [8] Undefined index: userid /home/www/hqjhc/bussiness/Order/Controller/IndexController.class.php 第 68 行.
SQL: SELECT * FROM `hqjhc_users` WHERE `loginName` = null LIMIT 1   [ RunTime:0.0002s ]
NOTIC: [8] Undefined index: userid /home/www/hqjhc/bussiness/Order/Controller/IndexController.class.php 第 68 行.
SQL: SELECT * FROM `hqjhc_users` WHERE `loginName` = null LIMIT 1   [ RunTime:0.0002s ]
NOTIC: [8] Undefined index: userid /home/www/hqjhc/bussiness/Order/Controller/IndexController.class.php 第 68 行.
SQL: SELECT * FROM `hqjhc_users` WHERE `loginName` = null LIMIT 1   [ RunTime:0.0002s ]
NOTIC: [8] Undefined index: userid /home/www/hqjhc/bussiness/Order/Controller/IndexController.class.php 第 68 行.
SQL: SELECT * FROM `hqjhc_users` WHERE `loginName` = null LIMIT 1   [ RunTime:0.0002s ]
INFO: [ view_parse ] --START--
INFO: [ template_filter ] --START--
INFO: Run Behavior\ContentReplaceBehavior [ RunTime:0.000073s ]
INFO: [ template_filter ] --END-- [ RunTime:0.000087s ]
NOTIC: [8] Undefined index: id /home/www/hqjhc/bussiness/Runtime/Cache/Order/182a47826f0372247c82e2fc0f90341e.php 第 546 行.
NOTIC: [8] Undefined index: id /home/www/hqjhc/bussiness/Runtime/Cache/Order/182a47826f0372247c82e2fc0f90341e.php 第 552 行.
NOTIC: [8] Undefined index: id /home/www/hqjhc/bussiness/Runtime/Cache/Order/182a47826f0372247c82e2fc0f90341e.php 第 553 行.
NOTIC: [8] Undefined index: id /home/www/hqjhc/bussiness/Runtime/Cache/Order/182a47826f0372247c82e2fc0f90341e.php 第 546 行.
NOTIC: [8] Undefined index: id /home/www/hqjhc/bussiness/Runtime/Cache/Order/182a47826f0372247c82e2fc0f90341e.php 第 552 行.
NOTIC: [8] Undefined index: id /home/www/hqjhc/bussiness/Runtime/Cache/Order/182a47826f0372247c82e2fc0f90341e.php 第 553 行.
NOTIC: [8] Undefined index: id /home/www/hqjhc/bussiness/Runtime/Cache/Order/182a47826f0372247c82e2fc0f90341e.php 第 546 行.
NOTIC: [8] Undefined index: id /home/www/hqjhc/bussiness/Runtime/Cache/Order/182a47826f0372247c82e2fc0f90341e.php 第 552 行.
NOTIC: [8] Undefined index: id /home/www/hqjhc/bussiness/Runtime/Cache/Order/182a47826f0372247c82e2fc0f90341e.php 第 553 行.
NOTIC: [8] Undefined index: id /home/www/hqjhc/bussiness/Runtime/Cache/Order/182a47826f0372247c82e2fc0f90341e.php 第 546 行.
NOTIC: [8] Undefined index: id /home/www/hqjhc/bussiness/Runtime/Cache/Order/182a47826f0372247c82e2fc0f90341e.php 第 552 行.
NOTIC: [8] Undefined index: id /home/www/hqjhc/bussiness/Runtime/Cache/Order/182a47826f0372247c82e2fc0f90341e.php 第 553 行.
NOTIC: [8] Undefined index: id /home/www/hqjhc/bussiness/Runtime/Cache/Order/182a47826f0372247c82e2fc0f90341e.php 第 546 行.
NOTIC: [8] Undefined index: id /home/www/hqjhc/bussiness/Runtime/Cache/Order/182a47826f0372247c82e2fc0f90341e.php 第 552 行.
NOTIC: [8] Undefined index: id /home/www/hqjhc/bussiness/Runtime/Cache/Order/182a47826f0372247c82e2fc0f90341e.php 第 553 行.
NOTIC: [8] Undefined index: id /home/www/hqjhc/bussiness/Runtime/Cache/Order/182a47826f0372247c82e2fc0f90341e.php 第 546 行.
NOTIC: [8] Undefined index: id /home/www/hqjhc/bussiness/Runtime/Cache/Order/182a47826f0372247c82e2fc0f90341e.php 第 552 行.
NOTIC: [8] Undefined index: id /home/www/hqjhc/bussiness/Runtime/Cache/Order/182a47826f0372247c82e2fc0f90341e.php 第 553 行.
NOTIC: [8] Undefined index: id /home/www/hqjhc/bussiness/Runtime/Cache/Order/182a47826f0372247c82e2fc0f90341e.php 第 546 行.
NOTIC: [8] Undefined index: id /home/www/hqjhc/bussiness/Runtime/Cache/Order/182a47826f0372247c82e2fc0f90341e.php 第 552 行.
NOTIC: [8] Undefined index: id /home/www/hqjhc/bussiness/Runtime/Cache/Order/182a47826f0372247c82e2fc0f90341e.php 第 553 行.
NOTIC: [8] Undefined index: id /home/www/hqjhc/bussiness/Runtime/Cache/Order/182a47826f0372247c82e2fc0f90341e.php 第 546 行.
NOTIC: [8] Undefined index: id /home/www/hqjhc/bussiness/Runtime/Cache/Order/182a47826f0372247c82e2fc0f90341e.php 第 552 行.
NOTIC: [8] Undefined index: id /home/www/hqjhc/bussiness/Runtime/Cache/Order/182a47826f0372247c82e2fc0f90341e.php 第 553 行.
NOTIC: [8] Undefined index: id /home/www/hqjhc/bussiness/Runtime/Cache/Order/182a47826f0372247c82e2fc0f90341e.php 第 546 行.
NOTIC: [8] Undefined index: id /home/www/hqjhc/bussiness/Runtime/Cache/Order/182a47826f0372247c82e2fc0f90341e.php 第 552 行.
NOTIC: [8] Undefined index: id /home/www/hqjhc/bussiness/Runtime/Cache/Order/182a47826f0372247c82e2fc0f90341e.php 第 553 行.
NOTIC: [8] Undefined index: id /home/www/hqjhc/bussiness/Runtime/Cache/Order/182a47826f0372247c82e2fc0f90341e.php 第 546 行.
NOTIC: [8] Undefined index: id /home/www/hqjhc/bussiness/Runtime/Cache/Order/182a47826f0372247c82e2fc0f90341e.php 第 552 行.
NOTIC: [8] Undefined index: id /home/www/hqjhc/bussiness/Runtime/Cache/Order/182a47826f0372247c82e2fc0f90341e.php 第 553 行.
NOTIC: [8] Undefined index: id /home/www/hqjhc/bussiness/Runtime/Cache/Order/182a47826f0372247c82e2fc0f90341e.php 第 546 行.
NOTIC: [8] Undefined index: id /home/www/hqjhc/bussiness/Runtime/Cache/Order/182a47826f0372247c82e2fc0f90341e.php 第 552 行.
NOTIC: [8] Undefined index: id /home/www/hqjhc/bussiness/Runtime/Cache/Order/182a47826f0372247c82e2fc0f90341e.php 第 553 行.
NOTIC: [8] Undefined index: id /home/www/hqjhc/bussiness/Runtime/Cache/Order/182a47826f0372247c82e2fc0f90341e.php 第 546 行.
NOTIC: [8] Undefined index: id /home/www/hqjhc/bussiness/Runtime/Cache/Order/182a47826f0372247c82e2fc0f90341e.php 第 552 行.
NOTIC: [8] Undefined index: id /home/www/hqjhc/bussiness/Runtime/Cache/Order/182a47826f0372247c82e2fc0f90341e.php 第 553 行.
NOTIC: [8] Undefined index: id /home/www/hqjhc/bussiness/Runtime/Cache/Order/182a47826f0372247c82e2fc0f90341e.php 第 546 行.
NOTIC: [8] Undefined index: id /home/www/hqjhc/bussiness/Runtime/Cache/Order/182a47826f0372247c82e2fc0f90341e.php 第 552 行.
NOTIC: [8] Undefined index: id /home/www/hqjhc/bussiness/Runtime/Cache/Order/182a47826f0372247c82e2fc0f90341e.php 第 553 行.
NOTIC: [8] Undefined index: id /home/www/hqjhc/bussiness/Runtime/Cache/Order/182a47826f0372247c82e2fc0f90341e.php 第 546 行.
NOTIC: [8] Undefined index: id /home/www/hqjhc/bussiness/Runtime/Cache/Order/182a47826f0372247c82e2fc0f90341e.php 第 552 行.
NOTIC: [8] Undefined index: id /home/www/hqjhc/bussiness/Runtime/Cache/Order/182a47826f0372247c82e2fc0f90341e.php 第 553 行.
NOTIC: [8] Undefined index: id /home/www/hqjhc/bussiness/Runtime/Cache/Order/182a47826f0372247c82e2fc0f90341e.php 第 546 行.
NOTIC: [8] Undefined index: id /home/www/hqjhc/bussiness/Runtime/Cache/Order/182a47826f0372247c82e2fc0f90341e.php 第 552 行.
NOTIC: [8] Undefined index: id /home/www/hqjhc/bussiness/Runtime/Cache/Order/182a47826f0372247c82e2fc0f90341e.php 第 553 行.
INFO: Run Behavior\ParseTemplateBehavior [ RunTime:0.006934s ]
INFO: [ view_parse ] --END-- [ RunTime:0.006948s ]
INFO: [ view_filter ] --START--
INFO: Run Behavior\WriteHtmlCacheBehavior [ RunTime:0.000072s ]
INFO: [ view_filter ] --END-- [ RunTime:0.000082s ]
INFO: [ app_end ] --START--
INFO: Run Behavior\ShowPageTraceBehavior [ RunTime:0.000241s ]
INFO: [ app_end ] --END-- [ RunTime:0.000254s ]

[ 2017-12-06T14:33:24+08:00 ] 101.81.120.60 /offer.php/Order/Index/expressedorder.html
INFO: [ app_init ] --START--
INFO: Run Behavior\BuildLiteBehavior [ RunTime:0.000006s ]
INFO: [ app_init ] --END-- [ RunTime:0.000151s ]
INFO: [ app_begin ] --START--
INFO: Run Behavior\ReadHtmlCacheBehavior [ RunTime:0.000196s ]
INFO: [ app_begin ] --END-- [ RunTime:0.000211s ]
NOTIC: [8] A session had already been started - ignoring session_start() /home/www/hqjhc/ThinkPHP/Common/functions.php 第 1263 行.
SQL: SHOW COLUMNS FROM `hqjhc_offers` [ RunTime:0.0005s ]
SQL: SHOW COLUMNS FROM `hqjhc_offers` [ RunTime:0.0003s ]
SQL: SELECT * FROM `hqjhc_offers` WHERE `offerid` = 11 LIMIT 1   [ RunTime:0.0002s ]
SQL: SHOW COLUMNS FROM `hqjhc_orders` [ RunTime:0.0004s ]
SQL: SELECT COUNT(*) AS tp_count FROM `hqjhc_orders` LEFT JOIN hqjhc_goods ON hqjhc_orders.goodsid = hqjhc_goods.id  WHERE hqjhc_orders.dataFlag = 0 AND hqjhc_orders.orderStatus = 3 AND hqjhc_goods.offerid = '11' LIMIT 1   [ RunTime:0.0002s ]
SQL: SELECT hqjhc_brands.brandLogo as brandLogo,hqjhc_goods.goods_display_img as goods_display_img,hqjhc_goods.name as name,hqjhc_goods.goods_price as goods_price,hqjhc_goods.marketPrice as marketprice,hqjhc_orders.orderNo as orderno,hqjhc_orders.createTime as createtime,hqjhc_orders.orderid as orderid,hqjhc_orders.num as num,hqjhc_orders.spec1 as spec1,hqjhc_orders.spec2 as spec2,hqjhc_orders.remarks as remarks,hqjhc_user_address.userAdress as useraddress FROM `hqjhc_orders` LEFT JOIN hqjhc_goods ON hqjhc_goods.id = hqjhc_orders.goodsid LEFT JOIN hqjhc_brands ON hqjhc_orders.brandsid = hqjhc_brands.brandid LEFT JOIN hqjhc_user_address ON hqjhc_user_address.addressid = hqjhc_orders.addressid  WHERE hqjhc_orders.dataFlag = 0 AND hqjhc_orders.orderStatus = 3 AND hqjhc_goods.offerid = '11' ORDER BY hqjhc_orders.orderid desc LIMIT 0,15   [ RunTime:0.0003s ]
INFO: [ view_parse ] --START--
INFO: [ template_filter ] --START--
INFO: Run Behavior\ContentReplaceBehavior [ RunTime:0.000072s ]
INFO: [ template_filter ] --END-- [ RunTime:0.000086s ]
INFO: Run Behavior\ParseTemplateBehavior [ RunTime:0.006456s ]
INFO: [ view_parse ] --END-- [ RunTime:0.006471s ]
INFO: [ view_filter ] --START--
INFO: Run Behavior\WriteHtmlCacheBehavior [ RunTime:0.000070s ]
INFO: [ view_filter ] --END-- [ RunTime:0.000090s ]
INFO: [ app_end ] --START--
INFO: Run Behavior\ShowPageTraceBehavior [ RunTime:0.000225s ]
INFO: [ app_end ] --END-- [ RunTime:0.000238s ]

[ 2017-12-06T14:33:24+08:00 ] 101.81.120.60 /offer.php/Order/Index/checkedorder.html
INFO: [ app_init ] --START--
INFO: Run Behavior\BuildLiteBehavior [ RunTime:0.000006s ]
INFO: [ app_init ] --END-- [ RunTime:0.000183s ]
INFO: [ app_begin ] --START--
INFO: Run Behavior\ReadHtmlCacheBehavior [ RunTime:0.000222s ]
INFO: [ app_begin ] --END-- [ RunTime:0.000239s ]
NOTIC: [8] A session had already been started - ignoring session_start() /home/www/hqjhc/ThinkPHP/Common/functions.php 第 1263 行.
SQL: SHOW COLUMNS FROM `hqjhc_offers` [ RunTime:0.0005s ]
SQL: SHOW COLUMNS FROM `hqjhc_offers` [ RunTime:0.0003s ]
SQL: SELECT * FROM `hqjhc_offers` WHERE `offerid` = 11 LIMIT 1   [ RunTime:0.0002s ]
SQL: SHOW COLUMNS FROM `hqjhc_orders` [ RunTime:0.0004s ]
SQL: SELECT COUNT(*) AS tp_count FROM `hqjhc_orders` LEFT JOIN hqjhc_goods ON hqjhc_orders.goodsid = hqjhc_goods.id  WHERE hqjhc_orders.dataFlag = 0 AND hqjhc_orders.orderStatus = 2 AND hqjhc_goods.offerid = '11' LIMIT 1   [ RunTime:0.0003s ]
SQL: SELECT hqjhc_brands.brandLogo as brandLogo,hqjhc_goods.goods_display_img as goods_display_img,hqjhc_goods.name as name,hqjhc_goods.goods_price as goods_price,hqjhc_goods.marketPrice as marketprice,hqjhc_orders.orderNo as orderno,hqjhc_orders.createTime as createtime,hqjhc_orders.orderid as orderid,hqjhc_orders.num as num,hqjhc_orders.spec1 as spec1,hqjhc_orders.spec2 as spec2,hqjhc_orders.remarks as remarks,hqjhc_user_address.userAdress as useraddress FROM `hqjhc_orders` LEFT JOIN hqjhc_goods ON hqjhc_goods.id = hqjhc_orders.goodsid LEFT JOIN hqjhc_brands ON hqjhc_orders.brandsid = hqjhc_brands.brandid LEFT JOIN hqjhc_user_address ON hqjhc_user_address.addressid = hqjhc_orders.addressid  WHERE hqjhc_orders.dataFlag = 0 AND hqjhc_orders.orderStatus = 2 AND hqjhc_goods.offerid = '11' ORDER BY hqjhc_orders.orderid desc LIMIT 0,15   [ RunTime:0.0003s ]
NOTIC: [8] Undefined index: userid /home/www/hqjhc/bussiness/Order/Controller/IndexController.class.php 第 260 行.
SQL: SHOW COLUMNS FROM `hqjhc_users` [ RunTime:0.0005s ]
SQL: SELECT * FROM `hqjhc_users` WHERE `loginName` = null LIMIT 1   [ RunTime:0.0002s ]
INFO: [ view_parse ] --START--
INFO: [ template_filter ] --START--
INFO: Run Behavior\ContentReplaceBehavior [ RunTime:0.000077s ]
INFO: [ template_filter ] --END-- [ RunTime:0.000093s ]
NOTIC: [8] Undefined index: id /home/www/hqjhc/bussiness/Runtime/Cache/Order/9d81cb33ab243e462092f1815249594e.php 第 536 行.
INFO: Run Behavior\ParseTemplateBehavior [ RunTime:0.006411s ]
INFO: [ view_parse ] --END-- [ RunTime:0.006425s ]
INFO: [ view_filter ] --START--
INFO: Run Behavior\WriteHtmlCacheBehavior [ RunTime:0.000075s ]
INFO: [ view_filter ] --END-- [ RunTime:0.000086s ]
INFO: [ app_end ] --START--
INFO: Run Behavior\ShowPageTraceBehavior [ RunTime:0.000231s ]
INFO: [ app_end ] --END-- [ RunTime:0.000246s ]

[ 2017-12-06T14:33:26+08:00 ] 101.81.120.60 /offer.php/Order/Index/adddeliveryinfo.html?orderno=2017120410098991
INFO: [ app_init ] --START--
INFO: Run Behavior\BuildLiteBehavior [ RunTime:0.000007s ]
INFO: [ app_init ] --END-- [ RunTime:0.000170s ]
INFO: [ app_begin ] --START--
INFO: Run Behavior\ReadHtmlCacheBehavior [ RunTime:0.000244s ]
INFO: [ app_begin ] --END-- [ RunTime:0.000270s ]
NOTIC: [8] A session had already been started - ignoring session_start() /home/www/hqjhc/ThinkPHP/Common/functions.php 第 1263 行.
SQL: SHOW COLUMNS FROM `hqjhc_offers` [ RunTime:0.0005s ]
SQL: SHOW COLUMNS FROM `hqjhc_offers` [ RunTime:0.0003s ]
SQL: SELECT * FROM `hqjhc_offers` WHERE `offerid` = 11 LIMIT 1   [ RunTime:0.0002s ]
INFO: [ view_parse ] --START--
INFO: [ template_filter ] --START--
INFO: Run Behavior\ContentReplaceBehavior [ RunTime:0.000062s ]
INFO: [ template_filter ] --END-- [ RunTime:0.000084s ]
INFO: Run Behavior\ParseTemplateBehavior [ RunTime:0.005694s ]
INFO: [ view_parse ] --END-- [ RunTime:0.005710s ]
INFO: [ view_filter ] --START--
INFO: Run Behavior\WriteHtmlCacheBehavior [ RunTime:0.000067s ]
INFO: [ view_filter ] --END-- [ RunTime:0.000078s ]
INFO: [ app_end ] --START--
INFO: Run Behavior\ShowPageTraceBehavior [ RunTime:0.000236s ]
INFO: [ app_end ] --END-- [ RunTime:0.000249s ]

[ 2017-12-06T14:33:32+08:00 ] 101.81.120.60 /offer.php/Order/Index/doAdddeleveryinfo.html
INFO: [ app_init ] --START--
INFO: Run Behavior\BuildLiteBehavior [ RunTime:0.000006s ]
INFO: [ app_init ] --END-- [ RunTime:0.000151s ]
INFO: [ app_begin ] --START--
INFO: Run Behavior\ReadHtmlCacheBehavior [ RunTime:0.000198s ]
INFO: [ app_begin ] --END-- [ RunTime:0.000214s ]
NOTIC: [8] A session had already been started - ignoring session_start() /home/www/hqjhc/ThinkPHP/Common/functions.php 第 1263 行.
SQL: SHOW COLUMNS FROM `hqjhc_offers` [ RunTime:0.0005s ]
SQL: SHOW COLUMNS FROM `hqjhc_offers` [ RunTime:0.0003s ]
SQL: SELECT * FROM `hqjhc_offers` WHERE `offerid` = 11 LIMIT 1   [ RunTime:0.0002s ]
SQL: SHOW COLUMNS FROM `hqjhc_orders` [ RunTime:0.0004s ]
SQL: SHOW COLUMNS FROM `hqjhc_orders` [ RunTime:0.0003s ]
SQL: UPDATE `hqjhc_orders` SET `orderStatus`='3' WHERE `orderNo` = '2017120410098991' [ RunTime:0.0035s ]
SQL: UPDATE `hqjhc_orders` SET `expressNo`='600512137065',`expressName`='圆通速递' WHERE `orderNo` = '2017120410098991' [ RunTime:0.0026s ]
INFO: [ view_parse ] --START--
INFO: [ template_filter ] --START--
INFO: Run Behavior\ContentReplaceBehavior [ RunTime:0.000017s ]
INFO: [ template_filter ] --END-- [ RunTime:0.000032s ]
INFO: Run Behavior\ParseTemplateBehavior [ RunTime:0.002275s ]
INFO: [ view_parse ] --END-- [ RunTime:0.002290s ]
INFO: [ view_filter ] --START--
INFO: Run Behavior\WriteHtmlCacheBehavior [ RunTime:0.000063s ]
INFO: [ view_filter ] --END-- [ RunTime:0.000072s ]
INFO: [ app_end ] --START--
INFO: Run Behavior\ShowPageTraceBehavior [ RunTime:0.000222s ]
INFO: [ app_end ] --END-- [ RunTime:0.000234s ]

[ 2017-12-06T14:33:34+08:00 ] 101.81.120.60 /offer.php/Order/Index/adddeliveryinfo.html?orderno=2017120410098991
INFO: [ app_init ] --START--
INFO: Run Behavior\BuildLiteBehavior [ RunTime:0.000006s ]
INFO: [ app_init ] --END-- [ RunTime:0.000169s ]
INFO: [ app_begin ] --START--
INFO: Run Behavior\ReadHtmlCacheBehavior [ RunTime:0.000234s ]
INFO: [ app_begin ] --END-- [ RunTime:0.000252s ]
NOTIC: [8] A session had already been started - ignoring session_start() /home/www/hqjhc/ThinkPHP/Common/functions.php 第 1263 行.
SQL: SHOW COLUMNS FROM `hqjhc_offers` [ RunTime:0.0005s ]
SQL: SHOW COLUMNS FROM `hqjhc_offers` [ RunTime:0.0003s ]
SQL: SELECT * FROM `hqjhc_offers` WHERE `offerid` = 11 LIMIT 1   [ RunTime:0.0002s ]
INFO: [ view_parse ] --START--
INFO: [ template_filter ] --START--
INFO: Run Behavior\ContentReplaceBehavior [ RunTime:0.000063s ]
INFO: [ template_filter ] --END-- [ RunTime:0.000078s ]
INFO: Run Behavior\ParseTemplateBehavior [ RunTime:0.005514s ]
INFO: [ view_parse ] --END-- [ RunTime:0.005530s ]
INFO: [ view_filter ] --START--
INFO: Run Behavior\WriteHtmlCacheBehavior [ RunTime:0.000069s ]
INFO: [ view_filter ] --END-- [ RunTime:0.000079s ]
INFO: [ app_end ] --START--
INFO: Run Behavior\ShowPageTraceBehavior [ RunTime:0.000224s ]
INFO: [ app_end ] --END-- [ RunTime:0.000237s ]

