[ 2017-11-30T09:24:26+08:00 ] 101.81.120.60 /offer.php/Order/Index/index.html
INFO: [ app_init ] --START--
INFO: Run Behavior\BuildLiteBehavior [ RunTime:0.000006s ]
INFO: [ app_init ] --END-- [ RunTime:0.000160s ]
INFO: [ app_begin ] --START--
INFO: Run Behavior\ReadHtmlCacheBehavior [ RunTime:0.000201s ]
INFO: [ app_begin ] --END-- [ RunTime:0.000216s ]
NOTIC: [8] A session had already been started - ignoring session_start() /home/www/hqjhc/ThinkPHP/Common/functions.php 第 1263 行.
SQL: SHOW COLUMNS FROM `hqjhc_offers` [ RunTime:0.0005s ]
SQL: SHOW COLUMNS FROM `hqjhc_offers` [ RunTime:0.0003s ]
SQL: SELECT * FROM `hqjhc_offers` WHERE `offerid` = 9 LIMIT 1   [ RunTime:0.0002s ]
SQL: SHOW COLUMNS FROM `hqjhc_orders` [ RunTime:0.0003s ]
SQL: SELECT COUNT(*) AS tp_count FROM `hqjhc_orders` WHERE hqjhc_orders.dataFlag = 0 LIMIT 1   [ RunTime:0.0002s ]
SQL: SELECT hqjhc_brands.brandLogo as brandLogo,hqjhc_goods.goods_display_img as goods_display_img,hqjhc_goods.name as name,hqjhc_goods.goods_price as goods_price,hqjhc_goods.marketPrice as marketprice,hqjhc_orders.orderNo as orderno,hqjhc_orders.createTime as createtime,hqjhc_orders.orderid as orderid,hqjhc_orders.num as num,hqjhc_orders.spec1 as spec1,hqjhc_orders.spec2 as spec2,hqjhc_orders.remarks as remarks,hqjhc_user_address.userAdress as useraddress FROM `hqjhc_orders` LEFT JOIN hqjhc_goods ON hqjhc_goods.id = hqjhc_orders.goodsid LEFT JOIN hqjhc_brands ON hqjhc_orders.brandsid = hqjhc_brands.brandid LEFT JOIN hqjhc_order_address ON hqjhc_order_address.orderno = hqjhc_orders.orderno LEFT JOIN hqjhc_user_address ON hqjhc_user_address.addressid = hqjhc_order_address.addressid  WHERE hqjhc_orders.dataFlag = 0 AND hqjhc_goods.offerid = '9' ORDER BY hqjhc_orders.orderid desc LIMIT 0,15   [ RunTime:0.0017s ]
INFO: [ view_parse ] --START--
INFO: [ template_filter ] --START--
INFO: Run Behavior\ContentReplaceBehavior [ RunTime:0.000079s ]
INFO: [ template_filter ] --END-- [ RunTime:0.000094s ]
NOTIC: [8] Undefined index: id /home/www/hqjhc/bussiness/Runtime/Cache/Order/182a47826f0372247c82e2fc0f90341e.php 第 540 行.
NOTIC: [8] Undefined index: id /home/www/hqjhc/bussiness/Runtime/Cache/Order/182a47826f0372247c82e2fc0f90341e.php 第 546 行.
NOTIC: [8] Undefined index: id /home/www/hqjhc/bussiness/Runtime/Cache/Order/182a47826f0372247c82e2fc0f90341e.php 第 547 行.
NOTIC: [8] Undefined index: id /home/www/hqjhc/bussiness/Runtime/Cache/Order/182a47826f0372247c82e2fc0f90341e.php 第 540 行.
NOTIC: [8] Undefined index: id /home/www/hqjhc/bussiness/Runtime/Cache/Order/182a47826f0372247c82e2fc0f90341e.php 第 546 行.
NOTIC: [8] Undefined index: id /home/www/hqjhc/bussiness/Runtime/Cache/Order/182a47826f0372247c82e2fc0f90341e.php 第 547 行.
NOTIC: [8] Undefined index: id /home/www/hqjhc/bussiness/Runtime/Cache/Order/182a47826f0372247c82e2fc0f90341e.php 第 540 行.
NOTIC: [8] Undefined index: id /home/www/hqjhc/bussiness/Runtime/Cache/Order/182a47826f0372247c82e2fc0f90341e.php 第 546 行.
NOTIC: [8] Undefined index: id /home/www/hqjhc/bussiness/Runtime/Cache/Order/182a47826f0372247c82e2fc0f90341e.php 第 547 行.
NOTIC: [8] Undefined index: id /home/www/hqjhc/bussiness/Runtime/Cache/Order/182a47826f0372247c82e2fc0f90341e.php 第 540 行.
NOTIC: [8] Undefined index: id /home/www/hqjhc/bussiness/Runtime/Cache/Order/182a47826f0372247c82e2fc0f90341e.php 第 546 行.
NOTIC: [8] Undefined index: id /home/www/hqjhc/bussiness/Runtime/Cache/Order/182a47826f0372247c82e2fc0f90341e.php 第 547 行.
NOTIC: [8] Undefined index: id /home/www/hqjhc/bussiness/Runtime/Cache/Order/182a47826f0372247c82e2fc0f90341e.php 第 540 行.
NOTIC: [8] Undefined index: id /home/www/hqjhc/bussiness/Runtime/Cache/Order/182a47826f0372247c82e2fc0f90341e.php 第 546 行.
NOTIC: [8] Undefined index: id /home/www/hqjhc/bussiness/Runtime/Cache/Order/182a47826f0372247c82e2fc0f90341e.php 第 547 行.
NOTIC: [8] Undefined index: id /home/www/hqjhc/bussiness/Runtime/Cache/Order/182a47826f0372247c82e2fc0f90341e.php 第 540 行.
NOTIC: [8] Undefined index: id /home/www/hqjhc/bussiness/Runtime/Cache/Order/182a47826f0372247c82e2fc0f90341e.php 第 546 行.
NOTIC: [8] Undefined index: id /home/www/hqjhc/bussiness/Runtime/Cache/Order/182a47826f0372247c82e2fc0f90341e.php 第 547 行.
NOTIC: [8] Undefined index: id /home/www/hqjhc/bussiness/Runtime/Cache/Order/182a47826f0372247c82e2fc0f90341e.php 第 540 行.
NOTIC: [8] Undefined index: id /home/www/hqjhc/bussiness/Runtime/Cache/Order/182a47826f0372247c82e2fc0f90341e.php 第 546 行.
NOTIC: [8] Undefined index: id /home/www/hqjhc/bussiness/Runtime/Cache/Order/182a47826f0372247c82e2fc0f90341e.php 第 547 行.
NOTIC: [8] Undefined index: id /home/www/hqjhc/bussiness/Runtime/Cache/Order/182a47826f0372247c82e2fc0f90341e.php 第 540 行.
NOTIC: [8] Undefined index: id /home/www/hqjhc/bussiness/Runtime/Cache/Order/182a47826f0372247c82e2fc0f90341e.php 第 546 行.
NOTIC: [8] Undefined index: id /home/www/hqjhc/bussiness/Runtime/Cache/Order/182a47826f0372247c82e2fc0f90341e.php 第 547 行.
NOTIC: [8] Undefined index: id /home/www/hqjhc/bussiness/Runtime/Cache/Order/182a47826f0372247c82e2fc0f90341e.php 第 540 行.
NOTIC: [8] Undefined index: id /home/www/hqjhc/bussiness/Runtime/Cache/Order/182a47826f0372247c82e2fc0f90341e.php 第 546 行.
NOTIC: [8] Undefined index: id /home/www/hqjhc/bussiness/Runtime/Cache/Order/182a47826f0372247c82e2fc0f90341e.php 第 547 行.
NOTIC: [8] Undefined index: id /home/www/hqjhc/bussiness/Runtime/Cache/Order/182a47826f0372247c82e2fc0f90341e.php 第 540 行.
NOTIC: [8] Undefined index: id /home/www/hqjhc/bussiness/Runtime/Cache/Order/182a47826f0372247c82e2fc0f90341e.php 第 546 行.
NOTIC: [8] Undefined index: id /home/www/hqjhc/bussiness/Runtime/Cache/Order/182a47826f0372247c82e2fc0f90341e.php 第 547 行.
NOTIC: [8] Undefined index: id /home/www/hqjhc/bussiness/Runtime/Cache/Order/182a47826f0372247c82e2fc0f90341e.php 第 540 行.
NOTIC: [8] Undefined index: id /home/www/hqjhc/bussiness/Runtime/Cache/Order/182a47826f0372247c82e2fc0f90341e.php 第 546 行.
NOTIC: [8] Undefined index: id /home/www/hqjhc/bussiness/Runtime/Cache/Order/182a47826f0372247c82e2fc0f90341e.php 第 547 行.
NOTIC: [8] Undefined index: id /home/www/hqjhc/bussiness/Runtime/Cache/Order/182a47826f0372247c82e2fc0f90341e.php 第 540 行.
NOTIC: [8] Undefined index: id /home/www/hqjhc/bussiness/Runtime/Cache/Order/182a47826f0372247c82e2fc0f90341e.php 第 546 行.
NOTIC: [8] Undefined index: id /home/www/hqjhc/bussiness/Runtime/Cache/Order/182a47826f0372247c82e2fc0f90341e.php 第 547 行.
NOTIC: [8] Undefined index: id /home/www/hqjhc/bussiness/Runtime/Cache/Order/182a47826f0372247c82e2fc0f90341e.php 第 540 行.
NOTIC: [8] Undefined index: id /home/www/hqjhc/bussiness/Runtime/Cache/Order/182a47826f0372247c82e2fc0f90341e.php 第 546 行.
NOTIC: [8] Undefined index: id /home/www/hqjhc/bussiness/Runtime/Cache/Order/182a47826f0372247c82e2fc0f90341e.php 第 547 行.
NOTIC: [8] Undefined index: id /home/www/hqjhc/bussiness/Runtime/Cache/Order/182a47826f0372247c82e2fc0f90341e.php 第 540 行.
NOTIC: [8] Undefined index: id /home/www/hqjhc/bussiness/Runtime/Cache/Order/182a47826f0372247c82e2fc0f90341e.php 第 546 行.
NOTIC: [8] Undefined index: id /home/www/hqjhc/bussiness/Runtime/Cache/Order/182a47826f0372247c82e2fc0f90341e.php 第 547 行.
NOTIC: [8] Undefined index: id /home/www/hqjhc/bussiness/Runtime/Cache/Order/182a47826f0372247c82e2fc0f90341e.php 第 540 行.
NOTIC: [8] Undefined index: id /home/www/hqjhc/bussiness/Runtime/Cache/Order/182a47826f0372247c82e2fc0f90341e.php 第 546 行.
NOTIC: [8] Undefined index: id /home/www/hqjhc/bussiness/Runtime/Cache/Order/182a47826f0372247c82e2fc0f90341e.php 第 547 行.
INFO: Run Behavior\ParseTemplateBehavior [ RunTime:0.006649s ]
INFO: [ view_parse ] --END-- [ RunTime:0.006662s ]
INFO: [ view_filter ] --START--
INFO: Run Behavior\WriteHtmlCacheBehavior [ RunTime:0.000072s ]
INFO: [ view_filter ] --END-- [ RunTime:0.000082s ]
INFO: [ app_end ] --START--
INFO: Run Behavior\ShowPageTraceBehavior [ RunTime:0.000228s ]
INFO: [ app_end ] --END-- [ RunTime:0.000242s ]

[ 2017-11-30T09:24:36+08:00 ] 101.226.33.205 /offer.php/Order/Index/index.html
INFO: [ app_init ] --START--
INFO: Run Behavior\BuildLiteBehavior [ RunTime:0.000006s ]
INFO: [ app_init ] --END-- [ RunTime:0.000164s ]
INFO: [ app_begin ] --START--
INFO: Run Behavior\ReadHtmlCacheBehavior [ RunTime:0.000209s ]
INFO: [ app_begin ] --END-- [ RunTime:0.000224s ]
NOTIC: [8] A session had already been started - ignoring session_start() /home/www/hqjhc/ThinkPHP/Common/functions.php 第 1263 行.
SQL: SHOW COLUMNS FROM `hqjhc_offers` [ RunTime:0.0005s ]

[ 2017-11-30T09:26:52+08:00 ] 101.81.120.60 /offer.php/Order/Index/index.html
INFO: [ app_init ] --START--
INFO: Run Behavior\BuildLiteBehavior [ RunTime:0.000006s ]
INFO: [ app_init ] --END-- [ RunTime:0.000172s ]
INFO: [ app_begin ] --START--
INFO: Run Behavior\ReadHtmlCacheBehavior [ RunTime:0.000244s ]
INFO: [ app_begin ] --END-- [ RunTime:0.000261s ]
NOTIC: [8] A session had already been started - ignoring session_start() /home/www/hqjhc/ThinkPHP/Common/functions.php 第 1263 行.
SQL: SHOW COLUMNS FROM `hqjhc_offers` [ RunTime:0.0005s ]
SQL: SHOW COLUMNS FROM `hqjhc_offers` [ RunTime:0.0003s ]
SQL: SELECT * FROM `hqjhc_offers` WHERE `offerid` = 9 LIMIT 1   [ RunTime:0.0002s ]
SQL: SHOW COLUMNS FROM `hqjhc_orders` [ RunTime:0.0004s ]
SQL: SELECT COUNT(*) AS tp_count FROM `hqjhc_orders` WHERE hqjhc_orders.dataFlag = 0 LIMIT 1   [ RunTime:0.0002s ]
SQL: SELECT hqjhc_brands.brandLogo as brandLogo,hqjhc_goods.goods_display_img as goods_display_img,hqjhc_goods.name as name,hqjhc_goods.goods_price as goods_price,hqjhc_goods.marketPrice as marketprice,hqjhc_orders.orderNo as orderno,hqjhc_orders.createTime as createtime,hqjhc_orders.orderid as orderid,hqjhc_orders.num as num,hqjhc_orders.spec1 as spec1,hqjhc_orders.spec2 as spec2,hqjhc_orders.remarks as remarks,hqjhc_user_address.userAdress as useraddress FROM `hqjhc_orders` LEFT JOIN hqjhc_goods ON hqjhc_goods.id = hqjhc_orders.goodsid LEFT JOIN hqjhc_brands ON hqjhc_orders.brandsid = hqjhc_brands.brandid LEFT JOIN hqjhc_order_address ON hqjhc_order_address.orderno = hqjhc_orders.orderno LEFT JOIN hqjhc_user_address ON hqjhc_user_address.addressid = hqjhc_order_address.addressid  WHERE hqjhc_orders.dataFlag = 0 AND hqjhc_goods.offerid = '9' ORDER BY hqjhc_orders.orderid desc LIMIT 0,15   [ RunTime:0.0017s ]
INFO: [ view_parse ] --START--
INFO: [ template_filter ] --START--
INFO: Run Behavior\ContentReplaceBehavior [ RunTime:0.000077s ]
INFO: [ template_filter ] --END-- [ RunTime:0.000093s ]
NOTIC: [8] Undefined index: id /home/www/hqjhc/bussiness/Runtime/Cache/Order/182a47826f0372247c82e2fc0f90341e.php 第 540 行.
NOTIC: [8] Undefined index: id /home/www/hqjhc/bussiness/Runtime/Cache/Order/182a47826f0372247c82e2fc0f90341e.php 第 546 行.
NOTIC: [8] Undefined index: id /home/www/hqjhc/bussiness/Runtime/Cache/Order/182a47826f0372247c82e2fc0f90341e.php 第 547 行.
NOTIC: [8] Undefined index: id /home/www/hqjhc/bussiness/Runtime/Cache/Order/182a47826f0372247c82e2fc0f90341e.php 第 540 行.
NOTIC: [8] Undefined index: id /home/www/hqjhc/bussiness/Runtime/Cache/Order/182a47826f0372247c82e2fc0f90341e.php 第 546 行.
NOTIC: [8] Undefined index: id /home/www/hqjhc/bussiness/Runtime/Cache/Order/182a47826f0372247c82e2fc0f90341e.php 第 547 行.
NOTIC: [8] Undefined index: id /home/www/hqjhc/bussiness/Runtime/Cache/Order/182a47826f0372247c82e2fc0f90341e.php 第 540 行.
NOTIC: [8] Undefined index: id /home/www/hqjhc/bussiness/Runtime/Cache/Order/182a47826f0372247c82e2fc0f90341e.php 第 546 行.
NOTIC: [8] Undefined index: id /home/www/hqjhc/bussiness/Runtime/Cache/Order/182a47826f0372247c82e2fc0f90341e.php 第 547 行.
NOTIC: [8] Undefined index: id /home/www/hqjhc/bussiness/Runtime/Cache/Order/182a47826f0372247c82e2fc0f90341e.php 第 540 行.
NOTIC: [8] Undefined index: id /home/www/hqjhc/bussiness/Runtime/Cache/Order/182a47826f0372247c82e2fc0f90341e.php 第 546 行.
NOTIC: [8] Undefined index: id /home/www/hqjhc/bussiness/Runtime/Cache/Order/182a47826f0372247c82e2fc0f90341e.php 第 547 行.
NOTIC: [8] Undefined index: id /home/www/hqjhc/bussiness/Runtime/Cache/Order/182a47826f0372247c82e2fc0f90341e.php 第 540 行.
NOTIC: [8] Undefined index: id /home/www/hqjhc/bussiness/Runtime/Cache/Order/182a47826f0372247c82e2fc0f90341e.php 第 546 行.
NOTIC: [8] Undefined index: id /home/www/hqjhc/bussiness/Runtime/Cache/Order/182a47826f0372247c82e2fc0f90341e.php 第 547 行.
NOTIC: [8] Undefined index: id /home/www/hqjhc/bussiness/Runtime/Cache/Order/182a47826f0372247c82e2fc0f90341e.php 第 540 行.
NOTIC: [8] Undefined index: id /home/www/hqjhc/bussiness/Runtime/Cache/Order/182a47826f0372247c82e2fc0f90341e.php 第 546 行.
NOTIC: [8] Undefined index: id /home/www/hqjhc/bussiness/Runtime/Cache/Order/182a47826f0372247c82e2fc0f90341e.php 第 547 行.
NOTIC: [8] Undefined index: id /home/www/hqjhc/bussiness/Runtime/Cache/Order/182a47826f0372247c82e2fc0f90341e.php 第 540 行.
NOTIC: [8] Undefined index: id /home/www/hqjhc/bussiness/Runtime/Cache/Order/182a47826f0372247c82e2fc0f90341e.php 第 546 行.
NOTIC: [8] Undefined index: id /home/www/hqjhc/bussiness/Runtime/Cache/Order/182a47826f0372247c82e2fc0f90341e.php 第 547 行.
NOTIC: [8] Undefined index: id /home/www/hqjhc/bussiness/Runtime/Cache/Order/182a47826f0372247c82e2fc0f90341e.php 第 540 行.
NOTIC: [8] Undefined index: id /home/www/hqjhc/bussiness/Runtime/Cache/Order/182a47826f0372247c82e2fc0f90341e.php 第 546 行.
NOTIC: [8] Undefined index: id /home/www/hqjhc/bussiness/Runtime/Cache/Order/182a47826f0372247c82e2fc0f90341e.php 第 547 行.
NOTIC: [8] Undefined index: id /home/www/hqjhc/bussiness/Runtime/Cache/Order/182a47826f0372247c82e2fc0f90341e.php 第 540 行.
NOTIC: [8] Undefined index: id /home/www/hqjhc/bussiness/Runtime/Cache/Order/182a47826f0372247c82e2fc0f90341e.php 第 546 行.
NOTIC: [8] Undefined index: id /home/www/hqjhc/bussiness/Runtime/Cache/Order/182a47826f0372247c82e2fc0f90341e.php 第 547 行.
NOTIC: [8] Undefined index: id /home/www/hqjhc/bussiness/Runtime/Cache/Order/182a47826f0372247c82e2fc0f90341e.php 第 540 行.
NOTIC: [8] Undefined index: id /home/www/hqjhc/bussiness/Runtime/Cache/Order/182a47826f0372247c82e2fc0f90341e.php 第 546 行.
NOTIC: [8] Undefined index: id /home/www/hqjhc/bussiness/Runtime/Cache/Order/182a47826f0372247c82e2fc0f90341e.php 第 547 行.
NOTIC: [8] Undefined index: id /home/www/hqjhc/bussiness/Runtime/Cache/Order/182a47826f0372247c82e2fc0f90341e.php 第 540 行.
NOTIC: [8] Undefined index: id /home/www/hqjhc/bussiness/Runtime/Cache/Order/182a47826f0372247c82e2fc0f90341e.php 第 546 行.
NOTIC: [8] Undefined index: id /home/www/hqjhc/bussiness/Runtime/Cache/Order/182a47826f0372247c82e2fc0f90341e.php 第 547 行.
NOTIC: [8] Undefined index: id /home/www/hqjhc/bussiness/Runtime/Cache/Order/182a47826f0372247c82e2fc0f90341e.php 第 540 行.
NOTIC: [8] Undefined index: id /home/www/hqjhc/bussiness/Runtime/Cache/Order/182a47826f0372247c82e2fc0f90341e.php 第 546 行.
NOTIC: [8] Undefined index: id /home/www/hqjhc/bussiness/Runtime/Cache/Order/182a47826f0372247c82e2fc0f90341e.php 第 547 行.
NOTIC: [8] Undefined index: id /home/www/hqjhc/bussiness/Runtime/Cache/Order/182a47826f0372247c82e2fc0f90341e.php 第 540 行.
NOTIC: [8] Undefined index: id /home/www/hqjhc/bussiness/Runtime/Cache/Order/182a47826f0372247c82e2fc0f90341e.php 第 546 行.
NOTIC: [8] Undefined index: id /home/www/hqjhc/bussiness/Runtime/Cache/Order/182a47826f0372247c82e2fc0f90341e.php 第 547 行.
NOTIC: [8] Undefined index: id /home/www/hqjhc/bussiness/Runtime/Cache/Order/182a47826f0372247c82e2fc0f90341e.php 第 540 行.
NOTIC: [8] Undefined index: id /home/www/hqjhc/bussiness/Runtime/Cache/Order/182a47826f0372247c82e2fc0f90341e.php 第 546 行.
NOTIC: [8] Undefined index: id /home/www/hqjhc/bussiness/Runtime/Cache/Order/182a47826f0372247c82e2fc0f90341e.php 第 547 行.
NOTIC: [8] Undefined index: id /home/www/hqjhc/bussiness/Runtime/Cache/Order/182a47826f0372247c82e2fc0f90341e.php 第 540 行.
NOTIC: [8] Undefined index: id /home/www/hqjhc/bussiness/Runtime/Cache/Order/182a47826f0372247c82e2fc0f90341e.php 第 546 行.
NOTIC: [8] Undefined index: id /home/www/hqjhc/bussiness/Runtime/Cache/Order/182a47826f0372247c82e2fc0f90341e.php 第 547 行.
INFO: Run Behavior\ParseTemplateBehavior [ RunTime:0.006701s ]
INFO: [ view_parse ] --END-- [ RunTime:0.006714s ]
INFO: [ view_filter ] --START--
INFO: Run Behavior\WriteHtmlCacheBehavior [ RunTime:0.000074s ]
INFO: [ view_filter ] --END-- [ RunTime:0.000085s ]
INFO: [ app_end ] --START--
INFO: Run Behavior\ShowPageTraceBehavior [ RunTime:0.000229s ]
INFO: [ app_end ] --END-- [ RunTime:0.000243s ]

[ 2017-11-30T09:27:04+08:00 ] 101.81.120.60 /offer.php/Order/Index/index.html
INFO: [ app_init ] --START--
INFO: Run Behavior\BuildLiteBehavior [ RunTime:0.000006s ]
INFO: [ app_init ] --END-- [ RunTime:0.000156s ]
INFO: [ app_begin ] --START--
INFO: Run Behavior\ReadHtmlCacheBehavior [ RunTime:0.000204s ]
INFO: [ app_begin ] --END-- [ RunTime:0.000220s ]
NOTIC: [8] A session had already been started - ignoring session_start() /home/www/hqjhc/ThinkPHP/Common/functions.php 第 1263 行.
SQL: SHOW COLUMNS FROM `hqjhc_offers` [ RunTime:0.0005s ]
SQL: SHOW COLUMNS FROM `hqjhc_offers` [ RunTime:0.0005s ]
SQL: SELECT * FROM `hqjhc_offers` WHERE `offerid` = 9 LIMIT 1   [ RunTime:0.0002s ]
SQL: SHOW COLUMNS FROM `hqjhc_orders` [ RunTime:0.0004s ]
SQL: SELECT COUNT(*) AS tp_count FROM `hqjhc_orders` WHERE hqjhc_orders.dataFlag = 0 LIMIT 1   [ RunTime:0.0002s ]
SQL: SELECT hqjhc_brands.brandLogo as brandLogo,hqjhc_goods.goods_display_img as goods_display_img,hqjhc_goods.name as name,hqjhc_goods.goods_price as goods_price,hqjhc_goods.marketPrice as marketprice,hqjhc_orders.orderNo as orderno,hqjhc_orders.createTime as createtime,hqjhc_orders.orderid as orderid,hqjhc_orders.num as num,hqjhc_orders.spec1 as spec1,hqjhc_orders.spec2 as spec2,hqjhc_orders.remarks as remarks,hqjhc_user_address.userAdress as useraddress FROM `hqjhc_orders` LEFT JOIN hqjhc_goods ON hqjhc_goods.id = hqjhc_orders.goodsid LEFT JOIN hqjhc_brands ON hqjhc_orders.brandsid = hqjhc_brands.brandid LEFT JOIN hqjhc_order_address ON hqjhc_order_address.orderno = hqjhc_orders.orderno LEFT JOIN hqjhc_user_address ON hqjhc_user_address.addressid = hqjhc_order_address.addressid  WHERE hqjhc_orders.dataFlag = 0 AND hqjhc_goods.offerid = '9' ORDER BY hqjhc_orders.orderid desc LIMIT 0,15   [ RunTime:0.0017s ]
INFO: [ view_parse ] --START--
INFO: [ template_filter ] --START--
INFO: Run Behavior\ContentReplaceBehavior [ RunTime:0.000074s ]
INFO: [ template_filter ] --END-- [ RunTime:0.000089s ]
NOTIC: [8] Undefined index: id /home/www/hqjhc/bussiness/Runtime/Cache/Order/182a47826f0372247c82e2fc0f90341e.php 第 540 行.
NOTIC: [8] Undefined index: id /home/www/hqjhc/bussiness/Runtime/Cache/Order/182a47826f0372247c82e2fc0f90341e.php 第 546 行.
NOTIC: [8] Undefined index: id /home/www/hqjhc/bussiness/Runtime/Cache/Order/182a47826f0372247c82e2fc0f90341e.php 第 547 行.
NOTIC: [8] Undefined index: id /home/www/hqjhc/bussiness/Runtime/Cache/Order/182a47826f0372247c82e2fc0f90341e.php 第 540 行.
NOTIC: [8] Undefined index: id /home/www/hqjhc/bussiness/Runtime/Cache/Order/182a47826f0372247c82e2fc0f90341e.php 第 546 行.
NOTIC: [8] Undefined index: id /home/www/hqjhc/bussiness/Runtime/Cache/Order/182a47826f0372247c82e2fc0f90341e.php 第 547 行.
NOTIC: [8] Undefined index: id /home/www/hqjhc/bussiness/Runtime/Cache/Order/182a47826f0372247c82e2fc0f90341e.php 第 540 行.
NOTIC: [8] Undefined index: id /home/www/hqjhc/bussiness/Runtime/Cache/Order/182a47826f0372247c82e2fc0f90341e.php 第 546 行.
NOTIC: [8] Undefined index: id /home/www/hqjhc/bussiness/Runtime/Cache/Order/182a47826f0372247c82e2fc0f90341e.php 第 547 行.
NOTIC: [8] Undefined index: id /home/www/hqjhc/bussiness/Runtime/Cache/Order/182a47826f0372247c82e2fc0f90341e.php 第 540 行.
NOTIC: [8] Undefined index: id /home/www/hqjhc/bussiness/Runtime/Cache/Order/182a47826f0372247c82e2fc0f90341e.php 第 546 行.
NOTIC: [8] Undefined index: id /home/www/hqjhc/bussiness/Runtime/Cache/Order/182a47826f0372247c82e2fc0f90341e.php 第 547 行.
NOTIC: [8] Undefined index: id /home/www/hqjhc/bussiness/Runtime/Cache/Order/182a47826f0372247c82e2fc0f90341e.php 第 540 行.
NOTIC: [8] Undefined index: id /home/www/hqjhc/bussiness/Runtime/Cache/Order/182a47826f0372247c82e2fc0f90341e.php 第 546 行.
NOTIC: [8] Undefined index: id /home/www/hqjhc/bussiness/Runtime/Cache/Order/182a47826f0372247c82e2fc0f90341e.php 第 547 行.
NOTIC: [8] Undefined index: id /home/www/hqjhc/bussiness/Runtime/Cache/Order/182a47826f0372247c82e2fc0f90341e.php 第 540 行.
NOTIC: [8] Undefined index: id /home/www/hqjhc/bussiness/Runtime/Cache/Order/182a47826f0372247c82e2fc0f90341e.php 第 546 行.
NOTIC: [8] Undefined index: id /home/www/hqjhc/bussiness/Runtime/Cache/Order/182a47826f0372247c82e2fc0f90341e.php 第 547 行.
NOTIC: [8] Undefined index: id /home/www/hqjhc/bussiness/Runtime/Cache/Order/182a47826f0372247c82e2fc0f90341e.php 第 540 行.
NOTIC: [8] Undefined index: id /home/www/hqjhc/bussiness/Runtime/Cache/Order/182a47826f0372247c82e2fc0f90341e.php 第 546 行.
NOTIC: [8] Undefined index: id /home/www/hqjhc/bussiness/Runtime/Cache/Order/182a47826f0372247c82e2fc0f90341e.php 第 547 行.
NOTIC: [8] Undefined index: id /home/www/hqjhc/bussiness/Runtime/Cache/Order/182a47826f0372247c82e2fc0f90341e.php 第 540 行.
NOTIC: [8] Undefined index: id /home/www/hqjhc/bussiness/Runtime/Cache/Order/182a47826f0372247c82e2fc0f90341e.php 第 546 行.
NOTIC: [8] Undefined index: id /home/www/hqjhc/bussiness/Runtime/Cache/Order/182a47826f0372247c82e2fc0f90341e.php 第 547 行.
NOTIC: [8] Undefined index: id /home/www/hqjhc/bussiness/Runtime/Cache/Order/182a47826f0372247c82e2fc0f90341e.php 第 540 行.
NOTIC: [8] Undefined index: id /home/www/hqjhc/bussiness/Runtime/Cache/Order/182a47826f0372247c82e2fc0f90341e.php 第 546 行.
NOTIC: [8] Undefined index: id /home/www/hqjhc/bussiness/Runtime/Cache/Order/182a47826f0372247c82e2fc0f90341e.php 第 547 行.
NOTIC: [8] Undefined index: id /home/www/hqjhc/bussiness/Runtime/Cache/Order/182a47826f0372247c82e2fc0f90341e.php 第 540 行.
NOTIC: [8] Undefined index: id /home/www/hqjhc/bussiness/Runtime/Cache/Order/182a47826f0372247c82e2fc0f90341e.php 第 546 行.
NOTIC: [8] Undefined index: id /home/www/hqjhc/bussiness/Runtime/Cache/Order/182a47826f0372247c82e2fc0f90341e.php 第 547 行.
NOTIC: [8] Undefined index: id /home/www/hqjhc/bussiness/Runtime/Cache/Order/182a47826f0372247c82e2fc0f90341e.php 第 540 行.
NOTIC: [8] Undefined index: id /home/www/hqjhc/bussiness/Runtime/Cache/Order/182a47826f0372247c82e2fc0f90341e.php 第 546 行.
NOTIC: [8] Undefined index: id /home/www/hqjhc/bussiness/Runtime/Cache/Order/182a47826f0372247c82e2fc0f90341e.php 第 547 行.
NOTIC: [8] Undefined index: id /home/www/hqjhc/bussiness/Runtime/Cache/Order/182a47826f0372247c82e2fc0f90341e.php 第 540 行.
NOTIC: [8] Undefined index: id /home/www/hqjhc/bussiness/Runtime/Cache/Order/182a47826f0372247c82e2fc0f90341e.php 第 546 行.
NOTIC: [8] Undefined index: id /home/www/hqjhc/bussiness/Runtime/Cache/Order/182a47826f0372247c82e2fc0f90341e.php 第 547 行.
NOTIC: [8] Undefined index: id /home/www/hqjhc/bussiness/Runtime/Cache/Order/182a47826f0372247c82e2fc0f90341e.php 第 540 行.
NOTIC: [8] Undefined index: id /home/www/hqjhc/bussiness/Runtime/Cache/Order/182a47826f0372247c82e2fc0f90341e.php 第 546 行.
NOTIC: [8] Undefined index: id /home/www/hqjhc/bussiness/Runtime/Cache/Order/182a47826f0372247c82e2fc0f90341e.php 第 547 行.
NOTIC: [8] Undefined index: id /home/www/hqjhc/bussiness/Runtime/Cache/Order/182a47826f0372247c82e2fc0f90341e.php 第 540 行.
NOTIC: [8] Undefined index: id /home/www/hqjhc/bussiness/Runtime/Cache/Order/182a47826f0372247c82e2fc0f90341e.php 第 546 行.
NOTIC: [8] Undefined index: id /home/www/hqjhc/bussiness/Runtime/Cache/Order/182a47826f0372247c82e2fc0f90341e.php 第 547 行.
NOTIC: [8] Undefined index: id /home/www/hqjhc/bussiness/Runtime/Cache/Order/182a47826f0372247c82e2fc0f90341e.php 第 540 行.
NOTIC: [8] Undefined index: id /home/www/hqjhc/bussiness/Runtime/Cache/Order/182a47826f0372247c82e2fc0f90341e.php 第 546 行.
NOTIC: [8] Undefined index: id /home/www/hqjhc/bussiness/Runtime/Cache/Order/182a47826f0372247c82e2fc0f90341e.php 第 547 行.
INFO: Run Behavior\ParseTemplateBehavior [ RunTime:0.007002s ]
INFO: [ view_parse ] --END-- [ RunTime:0.007016s ]
INFO: [ view_filter ] --START--
INFO: Run Behavior\WriteHtmlCacheBehavior [ RunTime:0.000075s ]
INFO: [ view_filter ] --END-- [ RunTime:0.000086s ]
INFO: [ app_end ] --START--
INFO: Run Behavior\ShowPageTraceBehavior [ RunTime:0.000253s ]
INFO: [ app_end ] --END-- [ RunTime:0.000268s ]

[ 2017-11-30T13:40:43+08:00 ] 101.81.120.60 /offer.php/Order/Index/index.html
INFO: [ app_init ] --START--
INFO: Run Behavior\BuildLiteBehavior [ RunTime:0.000007s ]
INFO: [ app_init ] --END-- [ RunTime:0.000181s ]
INFO: [ app_begin ] --START--
INFO: Run Behavior\ReadHtmlCacheBehavior [ RunTime:0.000222s ]
INFO: [ app_begin ] --END-- [ RunTime:0.000240s ]
NOTIC: [8] A session had already been started - ignoring session_start() /home/www/hqjhc/ThinkPHP/Common/functions.php 第 1263 行.
SQL: SHOW COLUMNS FROM `hqjhc_offers` [ RunTime:0.0005s ]
SQL: SHOW COLUMNS FROM `hqjhc_offers` [ RunTime:0.0003s ]
SQL: SELECT * FROM `hqjhc_offers` WHERE `offerid` = 9 LIMIT 1   [ RunTime:0.0002s ]
SQL: SHOW COLUMNS FROM `hqjhc_orders` [ RunTime:0.0003s ]
SQL: SELECT COUNT(*) AS tp_count FROM `hqjhc_orders` WHERE hqjhc_orders.dataFlag = 0 LIMIT 1   [ RunTime:0.0002s ]
SQL: SELECT hqjhc_brands.brandLogo as brandLogo,hqjhc_goods.goods_display_img as goods_display_img,hqjhc_goods.name as name,hqjhc_goods.goods_price as goods_price,hqjhc_goods.marketPrice as marketprice,hqjhc_orders.orderNo as orderno,hqjhc_orders.createTime as createtime,hqjhc_orders.orderid as orderid,hqjhc_orders.num as num,hqjhc_orders.spec1 as spec1,hqjhc_orders.spec2 as spec2,hqjhc_orders.remarks as remarks,hqjhc_user_address.userAdress as useraddress FROM `hqjhc_orders` LEFT JOIN hqjhc_goods ON hqjhc_goods.id = hqjhc_orders.goodsid LEFT JOIN hqjhc_brands ON hqjhc_orders.brandsid = hqjhc_brands.brandid LEFT JOIN hqjhc_order_address ON hqjhc_order_address.orderno = hqjhc_orders.orderno LEFT JOIN hqjhc_user_address ON hqjhc_user_address.addressid = hqjhc_order_address.addressid  WHERE hqjhc_orders.dataFlag = 0 AND hqjhc_goods.offerid = '9' ORDER BY hqjhc_orders.orderid desc LIMIT 0,15   [ RunTime:0.0025s ]
INFO: [ view_parse ] --START--
INFO: [ template_filter ] --START--
INFO: Run Behavior\ContentReplaceBehavior [ RunTime:0.000071s ]
INFO: [ template_filter ] --END-- [ RunTime:0.000086s ]
NOTIC: [8] Undefined index: id /home/www/hqjhc/bussiness/Runtime/Cache/Order/182a47826f0372247c82e2fc0f90341e.php 第 540 行.
NOTIC: [8] Undefined index: id /home/www/hqjhc/bussiness/Runtime/Cache/Order/182a47826f0372247c82e2fc0f90341e.php 第 546 行.
NOTIC: [8] Undefined index: id /home/www/hqjhc/bussiness/Runtime/Cache/Order/182a47826f0372247c82e2fc0f90341e.php 第 547 行.
NOTIC: [8] Undefined index: id /home/www/hqjhc/bussiness/Runtime/Cache/Order/182a47826f0372247c82e2fc0f90341e.php 第 540 行.
NOTIC: [8] Undefined index: id /home/www/hqjhc/bussiness/Runtime/Cache/Order/182a47826f0372247c82e2fc0f90341e.php 第 546 行.
NOTIC: [8] Undefined index: id /home/www/hqjhc/bussiness/Runtime/Cache/Order/182a47826f0372247c82e2fc0f90341e.php 第 547 行.
NOTIC: [8] Undefined index: id /home/www/hqjhc/bussiness/Runtime/Cache/Order/182a47826f0372247c82e2fc0f90341e.php 第 540 行.
NOTIC: [8] Undefined index: id /home/www/hqjhc/bussiness/Runtime/Cache/Order/182a47826f0372247c82e2fc0f90341e.php 第 546 行.
NOTIC: [8] Undefined index: id /home/www/hqjhc/bussiness/Runtime/Cache/Order/182a47826f0372247c82e2fc0f90341e.php 第 547 行.
NOTIC: [8] Undefined index: id /home/www/hqjhc/bussiness/Runtime/Cache/Order/182a47826f0372247c82e2fc0f90341e.php 第 540 行.
NOTIC: [8] Undefined index: id /home/www/hqjhc/bussiness/Runtime/Cache/Order/182a47826f0372247c82e2fc0f90341e.php 第 546 行.
NOTIC: [8] Undefined index: id /home/www/hqjhc/bussiness/Runtime/Cache/Order/182a47826f0372247c82e2fc0f90341e.php 第 547 行.
NOTIC: [8] Undefined index: id /home/www/hqjhc/bussiness/Runtime/Cache/Order/182a47826f0372247c82e2fc0f90341e.php 第 540 行.
NOTIC: [8] Undefined index: id /home/www/hqjhc/bussiness/Runtime/Cache/Order/182a47826f0372247c82e2fc0f90341e.php 第 546 行.
NOTIC: [8] Undefined index: id /home/www/hqjhc/bussiness/Runtime/Cache/Order/182a47826f0372247c82e2fc0f90341e.php 第 547 行.
NOTIC: [8] Undefined index: id /home/www/hqjhc/bussiness/Runtime/Cache/Order/182a47826f0372247c82e2fc0f90341e.php 第 540 行.
NOTIC: [8] Undefined index: id /home/www/hqjhc/bussiness/Runtime/Cache/Order/182a47826f0372247c82e2fc0f90341e.php 第 546 行.
NOTIC: [8] Undefined index: id /home/www/hqjhc/bussiness/Runtime/Cache/Order/182a47826f0372247c82e2fc0f90341e.php 第 547 行.
NOTIC: [8] Undefined index: id /home/www/hqjhc/bussiness/Runtime/Cache/Order/182a47826f0372247c82e2fc0f90341e.php 第 540 行.
NOTIC: [8] Undefined index: id /home/www/hqjhc/bussiness/Runtime/Cache/Order/182a47826f0372247c82e2fc0f90341e.php 第 546 行.
NOTIC: [8] Undefined index: id /home/www/hqjhc/bussiness/Runtime/Cache/Order/182a47826f0372247c82e2fc0f90341e.php 第 547 行.
NOTIC: [8] Undefined index: id /home/www/hqjhc/bussiness/Runtime/Cache/Order/182a47826f0372247c82e2fc0f90341e.php 第 540 行.
NOTIC: [8] Undefined index: id /home/www/hqjhc/bussiness/Runtime/Cache/Order/182a47826f0372247c82e2fc0f90341e.php 第 546 行.
NOTIC: [8] Undefined index: id /home/www/hqjhc/bussiness/Runtime/Cache/Order/182a47826f0372247c82e2fc0f90341e.php 第 547 行.
NOTIC: [8] Undefined index: id /home/www/hqjhc/bussiness/Runtime/Cache/Order/182a47826f0372247c82e2fc0f90341e.php 第 540 行.
NOTIC: [8] Undefined index: id /home/www/hqjhc/bussiness/Runtime/Cache/Order/182a47826f0372247c82e2fc0f90341e.php 第 546 行.
NOTIC: [8] Undefined index: id /home/www/hqjhc/bussiness/Runtime/Cache/Order/182a47826f0372247c82e2fc0f90341e.php 第 547 行.
NOTIC: [8] Undefined index: id /home/www/hqjhc/bussiness/Runtime/Cache/Order/182a47826f0372247c82e2fc0f90341e.php 第 540 行.
NOTIC: [8] Undefined index: id /home/www/hqjhc/bussiness/Runtime/Cache/Order/182a47826f0372247c82e2fc0f90341e.php 第 546 行.
NOTIC: [8] Undefined index: id /home/www/hqjhc/bussiness/Runtime/Cache/Order/182a47826f0372247c82e2fc0f90341e.php 第 547 行.
NOTIC: [8] Undefined index: id /home/www/hqjhc/bussiness/Runtime/Cache/Order/182a47826f0372247c82e2fc0f90341e.php 第 540 行.
NOTIC: [8] Undefined index: id /home/www/hqjhc/bussiness/Runtime/Cache/Order/182a47826f0372247c82e2fc0f90341e.php 第 546 行.
NOTIC: [8] Undefined index: id /home/www/hqjhc/bussiness/Runtime/Cache/Order/182a47826f0372247c82e2fc0f90341e.php 第 547 行.
NOTIC: [8] Undefined index: id /home/www/hqjhc/bussiness/Runtime/Cache/Order/182a47826f0372247c82e2fc0f90341e.php 第 540 行.
NOTIC: [8] Undefined index: id /home/www/hqjhc/bussiness/Runtime/Cache/Order/182a47826f0372247c82e2fc0f90341e.php 第 546 行.
NOTIC: [8] Undefined index: id /home/www/hqjhc/bussiness/Runtime/Cache/Order/182a47826f0372247c82e2fc0f90341e.php 第 547 行.
NOTIC: [8] Undefined index: id /home/www/hqjhc/bussiness/Runtime/Cache/Order/182a47826f0372247c82e2fc0f90341e.php 第 540 行.
NOTIC: [8] Undefined index: id /home/www/hqjhc/bussiness/Runtime/Cache/Order/182a47826f0372247c82e2fc0f90341e.php 第 546 行.
NOTIC: [8] Undefined index: id /home/www/hqjhc/bussiness/Runtime/Cache/Order/182a47826f0372247c82e2fc0f90341e.php 第 547 行.
NOTIC: [8] Undefined index: id /home/www/hqjhc/bussiness/Runtime/Cache/Order/182a47826f0372247c82e2fc0f90341e.php 第 540 行.
NOTIC: [8] Undefined index: id /home/www/hqjhc/bussiness/Runtime/Cache/Order/182a47826f0372247c82e2fc0f90341e.php 第 546 行.
NOTIC: [8] Undefined index: id /home/www/hqjhc/bussiness/Runtime/Cache/Order/182a47826f0372247c82e2fc0f90341e.php 第 547 行.
NOTIC: [8] Undefined index: id /home/www/hqjhc/bussiness/Runtime/Cache/Order/182a47826f0372247c82e2fc0f90341e.php 第 540 行.
NOTIC: [8] Undefined index: id /home/www/hqjhc/bussiness/Runtime/Cache/Order/182a47826f0372247c82e2fc0f90341e.php 第 546 行.
NOTIC: [8] Undefined index: id /home/www/hqjhc/bussiness/Runtime/Cache/Order/182a47826f0372247c82e2fc0f90341e.php 第 547 行.
INFO: Run Behavior\ParseTemplateBehavior [ RunTime:0.007186s ]
INFO: [ view_parse ] --END-- [ RunTime:0.007199s ]
INFO: [ view_filter ] --START--
INFO: Run Behavior\WriteHtmlCacheBehavior [ RunTime:0.000071s ]
INFO: [ view_filter ] --END-- [ RunTime:0.000081s ]
INFO: [ app_end ] --START--
INFO: Run Behavior\ShowPageTraceBehavior [ RunTime:0.000241s ]
INFO: [ app_end ] --END-- [ RunTime:0.000256s ]

[ 2017-11-30T13:40:44+08:00 ] 101.81.120.60 /offer.php/Order/Index/waitexpress.html
INFO: [ app_init ] --START--
INFO: Run Behavior\BuildLiteBehavior [ RunTime:0.000006s ]
INFO: [ app_init ] --END-- [ RunTime:0.000185s ]
INFO: [ app_begin ] --START--
INFO: Run Behavior\ReadHtmlCacheBehavior [ RunTime:0.000233s ]
INFO: [ app_begin ] --END-- [ RunTime:0.000250s ]
NOTIC: [8] A session had already been started - ignoring session_start() /home/www/hqjhc/ThinkPHP/Common/functions.php 第 1263 行.
SQL: SHOW COLUMNS FROM `hqjhc_offers` [ RunTime:0.0005s ]
SQL: SHOW COLUMNS FROM `hqjhc_offers` [ RunTime:0.0003s ]
SQL: SELECT * FROM `hqjhc_offers` WHERE `offerid` = 9 LIMIT 1   [ RunTime:0.0002s ]
SQL: SHOW COLUMNS FROM `hqjhc_orders` [ RunTime:0.0003s ]
SQL: SELECT COUNT(*) AS tp_count FROM `hqjhc_orders` WHERE hqjhc_orders.dataFlag = 0 AND hqjhc_orders.orderStatus = 1 LIMIT 1   [ RunTime:0.0002s ]
SQL: SELECT hqjhc_brands.brandLogo as brandLogo,hqjhc_goods.goods_display_img as goods_display_img,hqjhc_goods.name as name,hqjhc_goods.goods_price as goods_price,hqjhc_goods.marketPrice as marketprice,hqjhc_orders.orderNo as orderno,hqjhc_orders.createTime as createtime,hqjhc_orders.orderid as orderid,hqjhc_orders.num as num,hqjhc_orders.spec1 as spec1,hqjhc_orders.spec2 as spec2,hqjhc_orders.remarks as remarks,hqjhc_user_address.userAdress as useraddress FROM `hqjhc_orders` LEFT JOIN hqjhc_goods ON hqjhc_goods.id = hqjhc_orders.goodsid LEFT JOIN hqjhc_brands ON hqjhc_orders.brandsid = hqjhc_brands.brandid LEFT JOIN hqjhc_order_address ON hqjhc_order_address.orderno = hqjhc_orders.orderno LEFT JOIN hqjhc_user_address ON hqjhc_user_address.addressid = hqjhc_order_address.addressid  WHERE hqjhc_orders.dataFlag = 0 AND hqjhc_orders.orderStatus = 1 ORDER BY hqjhc_orders.orderid desc LIMIT 0,15   [ RunTime:0.0007s ]
INFO: [ view_parse ] --START--
INFO: [ template_filter ] --START--
INFO: Run Behavior\ContentReplaceBehavior [ RunTime:0.000072s ]
INFO: [ template_filter ] --END-- [ RunTime:0.000087s ]
NOTIC: [8] Undefined index: id /home/www/hqjhc/bussiness/Runtime/Cache/Order/f8158751baa4069d2590432482c76011.php 第 544 行.
NOTIC: [8] Undefined index: id /home/www/hqjhc/bussiness/Runtime/Cache/Order/f8158751baa4069d2590432482c76011.php 第 545 行.
NOTIC: [8] Undefined index: id /home/www/hqjhc/bussiness/Runtime/Cache/Order/f8158751baa4069d2590432482c76011.php 第 544 行.
NOTIC: [8] Undefined index: id /home/www/hqjhc/bussiness/Runtime/Cache/Order/f8158751baa4069d2590432482c76011.php 第 545 行.
NOTIC: [8] Undefined index: id /home/www/hqjhc/bussiness/Runtime/Cache/Order/f8158751baa4069d2590432482c76011.php 第 544 行.
NOTIC: [8] Undefined index: id /home/www/hqjhc/bussiness/Runtime/Cache/Order/f8158751baa4069d2590432482c76011.php 第 545 行.
NOTIC: [8] Undefined index: id /home/www/hqjhc/bussiness/Runtime/Cache/Order/f8158751baa4069d2590432482c76011.php 第 544 行.
NOTIC: [8] Undefined index: id /home/www/hqjhc/bussiness/Runtime/Cache/Order/f8158751baa4069d2590432482c76011.php 第 545 行.
NOTIC: [8] Undefined index: id /home/www/hqjhc/bussiness/Runtime/Cache/Order/f8158751baa4069d2590432482c76011.php 第 544 行.
NOTIC: [8] Undefined index: id /home/www/hqjhc/bussiness/Runtime/Cache/Order/f8158751baa4069d2590432482c76011.php 第 545 行.
NOTIC: [8] Undefined index: id /home/www/hqjhc/bussiness/Runtime/Cache/Order/f8158751baa4069d2590432482c76011.php 第 544 行.
NOTIC: [8] Undefined index: id /home/www/hqjhc/bussiness/Runtime/Cache/Order/f8158751baa4069d2590432482c76011.php 第 545 行.
NOTIC: [8] Undefined index: id /home/www/hqjhc/bussiness/Runtime/Cache/Order/f8158751baa4069d2590432482c76011.php 第 544 行.
NOTIC: [8] Undefined index: id /home/www/hqjhc/bussiness/Runtime/Cache/Order/f8158751baa4069d2590432482c76011.php 第 545 行.
NOTIC: [8] Undefined index: id /home/www/hqjhc/bussiness/Runtime/Cache/Order/f8158751baa4069d2590432482c76011.php 第 544 行.
NOTIC: [8] Undefined index: id /home/www/hqjhc/bussiness/Runtime/Cache/Order/f8158751baa4069d2590432482c76011.php 第 545 行.
NOTIC: [8] Undefined index: id /home/www/hqjhc/bussiness/Runtime/Cache/Order/f8158751baa4069d2590432482c76011.php 第 544 行.
NOTIC: [8] Undefined index: id /home/www/hqjhc/bussiness/Runtime/Cache/Order/f8158751baa4069d2590432482c76011.php 第 545 行.
NOTIC: [8] Undefined index: id /home/www/hqjhc/bussiness/Runtime/Cache/Order/f8158751baa4069d2590432482c76011.php 第 544 行.
NOTIC: [8] Undefined index: id /home/www/hqjhc/bussiness/Runtime/Cache/Order/f8158751baa4069d2590432482c76011.php 第 545 行.
NOTIC: [8] Undefined index: id /home/www/hqjhc/bussiness/Runtime/Cache/Order/f8158751baa4069d2590432482c76011.php 第 544 行.
NOTIC: [8] Undefined index: id /home/www/hqjhc/bussiness/Runtime/Cache/Order/f8158751baa4069d2590432482c76011.php 第 545 行.
NOTIC: [8] Undefined index: id /home/www/hqjhc/bussiness/Runtime/Cache/Order/f8158751baa4069d2590432482c76011.php 第 544 行.
NOTIC: [8] Undefined index: id /home/www/hqjhc/bussiness/Runtime/Cache/Order/f8158751baa4069d2590432482c76011.php 第 545 行.
NOTIC: [8] Undefined index: id /home/www/hqjhc/bussiness/Runtime/Cache/Order/f8158751baa4069d2590432482c76011.php 第 544 行.
NOTIC: [8] Undefined index: id /home/www/hqjhc/bussiness/Runtime/Cache/Order/f8158751baa4069d2590432482c76011.php 第 545 行.
INFO: Run Behavior\ParseTemplateBehavior [ RunTime:0.007160s ]
INFO: [ view_parse ] --END-- [ RunTime:0.007174s ]
INFO: [ view_filter ] --START--
INFO: Run Behavior\WriteHtmlCacheBehavior [ RunTime:0.000073s ]
INFO: [ view_filter ] --END-- [ RunTime:0.000084s ]
INFO: [ app_end ] --START--
INFO: Run Behavior\ShowPageTraceBehavior [ RunTime:0.000239s ]
INFO: [ app_end ] --END-- [ RunTime:0.000254s ]

[ 2017-11-30T14:27:20+08:00 ] 101.81.120.60 /offer.php/Order/Index/expressedorder.html
INFO: [ app_init ] --START--
INFO: Run Behavior\BuildLiteBehavior [ RunTime:0.000006s ]
INFO: [ app_init ] --END-- [ RunTime:0.000161s ]
INFO: [ app_begin ] --START--
INFO: Run Behavior\ReadHtmlCacheBehavior [ RunTime:0.000200s ]
INFO: [ app_begin ] --END-- [ RunTime:0.000216s ]
NOTIC: [8] A session had already been started - ignoring session_start() /home/www/hqjhc/ThinkPHP/Common/functions.php 第 1263 行.
SQL: SHOW COLUMNS FROM `hqjhc_offers` [ RunTime:0.0005s ]
SQL: SHOW COLUMNS FROM `hqjhc_offers` [ RunTime:0.0003s ]
SQL: SELECT * FROM `hqjhc_offers` WHERE `offerid` = 9 LIMIT 1   [ RunTime:0.0002s ]
SQL: SHOW COLUMNS FROM `hqjhc_orders` [ RunTime:0.0003s ]
SQL: SELECT COUNT(*) AS tp_count FROM `hqjhc_orders` WHERE hqjhc_orders.dataFlag = 0 AND hqjhc_orders.orderStatus = 3 LIMIT 1   [ RunTime:0.0002s ]
SQL: SELECT hqjhc_brands.brandLogo as brandLogo,hqjhc_goods.goods_display_img as goods_display_img,hqjhc_goods.name as name,hqjhc_goods.goods_price as goods_price,hqjhc_goods.marketPrice as marketprice,hqjhc_orders.orderNo as orderno,hqjhc_orders.createTime as createtime,hqjhc_orders.orderid as orderid,hqjhc_orders.num as num,hqjhc_orders.spec1 as spec1,hqjhc_orders.spec2 as spec2,hqjhc_orders.remarks as remarks,hqjhc_user_address.userAdress as useraddress FROM `hqjhc_orders` LEFT JOIN hqjhc_goods ON hqjhc_goods.id = hqjhc_orders.goodsid LEFT JOIN hqjhc_brands ON hqjhc_orders.brandsid = hqjhc_brands.brandid LEFT JOIN hqjhc_order_address ON hqjhc_order_address.orderno = hqjhc_orders.orderno LEFT JOIN hqjhc_user_address ON hqjhc_user_address.addressid = hqjhc_order_address.addressid  WHERE hqjhc_orders.dataFlag = 0 AND hqjhc_orders.orderStatus = 3 ORDER BY hqjhc_orders.orderid desc LIMIT 0,15   [ RunTime:0.0005s ]
INFO: [ view_parse ] --START--
INFO: [ template_filter ] --START--
INFO: Run Behavior\ContentReplaceBehavior [ RunTime:0.000081s ]
INFO: [ template_filter ] --END-- [ RunTime:0.000097s ]
INFO: Run Behavior\ParseTemplateBehavior [ RunTime:0.006958s ]
INFO: [ view_parse ] --END-- [ RunTime:0.006975s ]
INFO: [ view_filter ] --START--
INFO: Run Behavior\WriteHtmlCacheBehavior [ RunTime:0.000072s ]
INFO: [ view_filter ] --END-- [ RunTime:0.000083s ]
INFO: [ app_end ] --START--
INFO: Run Behavior\ShowPageTraceBehavior [ RunTime:0.000245s ]
INFO: [ app_end ] --END-- [ RunTime:0.000258s ]

[ 2017-11-30T14:27:22+08:00 ] 101.81.120.60 /offer.php/Order/Index/canceledorder.html
INFO: [ app_init ] --START--
INFO: Run Behavior\BuildLiteBehavior [ RunTime:0.000007s ]
INFO: [ app_init ] --END-- [ RunTime:0.000177s ]
INFO: [ app_begin ] --START--
INFO: Run Behavior\ReadHtmlCacheBehavior [ RunTime:0.000241s ]
INFO: [ app_begin ] --END-- [ RunTime:0.000259s ]
NOTIC: [8] A session had already been started - ignoring session_start() /home/www/hqjhc/ThinkPHP/Common/functions.php 第 1263 行.
SQL: SHOW COLUMNS FROM `hqjhc_offers` [ RunTime:0.0005s ]
SQL: SHOW COLUMNS FROM `hqjhc_offers` [ RunTime:0.0003s ]
SQL: SELECT * FROM `hqjhc_offers` WHERE `offerid` = 9 LIMIT 1   [ RunTime:0.0002s ]
SQL: SHOW COLUMNS FROM `hqjhc_orders` [ RunTime:0.0003s ]
SQL: SELECT COUNT(*) AS tp_count FROM `hqjhc_orders` WHERE hqjhc_orders.dataFlag = 0 AND hqjhc_orders.orderStatus = 4 LIMIT 1   [ RunTime:0.0002s ]
SQL: SELECT hqjhc_brands.brandLogo as brandLogo,hqjhc_goods.goods_display_img as goods_display_img,hqjhc_goods.name as name,hqjhc_goods.goods_price as goods_price,hqjhc_goods.marketPrice as marketprice,hqjhc_orders.orderNo as orderno,hqjhc_orders.createTime as createtime,hqjhc_orders.orderid as orderid,hqjhc_orders.num as num,hqjhc_orders.spec1 as spec1,hqjhc_orders.spec2 as spec2,hqjhc_orders.remarks as remarks,hqjhc_user_address.userAdress as useraddress FROM `hqjhc_orders` LEFT JOIN hqjhc_goods ON hqjhc_goods.id = hqjhc_orders.goodsid LEFT JOIN hqjhc_brands ON hqjhc_orders.brandsid = hqjhc_brands.brandid LEFT JOIN hqjhc_order_address ON hqjhc_order_address.orderno = hqjhc_orders.orderno LEFT JOIN hqjhc_user_address ON hqjhc_user_address.addressid = hqjhc_order_address.addressid  WHERE hqjhc_orders.dataFlag = 0 AND hqjhc_orders.orderStatus = 4 ORDER BY hqjhc_orders.orderid desc LIMIT 0,15   [ RunTime:0.0005s ]
INFO: [ view_parse ] --START--
INFO: [ template_filter ] --START--
INFO: Run Behavior\ContentReplaceBehavior [ RunTime:0.000072s ]
INFO: [ template_filter ] --END-- [ RunTime:0.000088s ]
NOTIC: [8] Undefined index: id /home/www/hqjhc/bussiness/Runtime/Cache/Order/89aa1ac3743ac3f0153ede5ff9034ebe.php 第 540 行.
NOTIC: [8] Undefined index: id /home/www/hqjhc/bussiness/Runtime/Cache/Order/89aa1ac3743ac3f0153ede5ff9034ebe.php 第 546 行.
NOTIC: [8] Undefined index: id /home/www/hqjhc/bussiness/Runtime/Cache/Order/89aa1ac3743ac3f0153ede5ff9034ebe.php 第 547 行.
NOTIC: [8] Undefined index: id /home/www/hqjhc/bussiness/Runtime/Cache/Order/89aa1ac3743ac3f0153ede5ff9034ebe.php 第 540 行.
NOTIC: [8] Undefined index: id /home/www/hqjhc/bussiness/Runtime/Cache/Order/89aa1ac3743ac3f0153ede5ff9034ebe.php 第 546 行.
NOTIC: [8] Undefined index: id /home/www/hqjhc/bussiness/Runtime/Cache/Order/89aa1ac3743ac3f0153ede5ff9034ebe.php 第 547 行.
INFO: Run Behavior\ParseTemplateBehavior [ RunTime:0.007053s ]
INFO: [ view_parse ] --END-- [ RunTime:0.007066s ]
INFO: [ view_filter ] --START--
INFO: Run Behavior\WriteHtmlCacheBehavior [ RunTime:0.000076s ]
INFO: [ view_filter ] --END-- [ RunTime:0.000088s ]
INFO: [ app_end ] --START--
INFO: Run Behavior\ShowPageTraceBehavior [ RunTime:0.000229s ]
INFO: [ app_end ] --END-- [ RunTime:0.000244s ]

[ 2017-11-30T14:27:34+08:00 ] 101.81.120.60 /offer.php/Order/Index/expressedorder.html
INFO: [ app_init ] --START--
INFO: Run Behavior\BuildLiteBehavior [ RunTime:0.000006s ]
INFO: [ app_init ] --END-- [ RunTime:0.000192s ]
INFO: [ app_begin ] --START--
INFO: Run Behavior\ReadHtmlCacheBehavior [ RunTime:0.000224s ]
INFO: [ app_begin ] --END-- [ RunTime:0.000241s ]
NOTIC: [8] A session had already been started - ignoring session_start() /home/www/hqjhc/ThinkPHP/Common/functions.php 第 1263 行.
SQL: SHOW COLUMNS FROM `hqjhc_offers` [ RunTime:0.0005s ]
SQL: SHOW COLUMNS FROM `hqjhc_offers` [ RunTime:0.0003s ]
SQL: SELECT * FROM `hqjhc_offers` WHERE `offerid` = 9 LIMIT 1   [ RunTime:0.0002s ]
SQL: SHOW COLUMNS FROM `hqjhc_orders` [ RunTime:0.0004s ]
SQL: SELECT COUNT(*) AS tp_count FROM `hqjhc_orders` WHERE hqjhc_orders.dataFlag = 0 AND hqjhc_orders.orderStatus = 3 LIMIT 1   [ RunTime:0.0002s ]
SQL: SELECT hqjhc_brands.brandLogo as brandLogo,hqjhc_goods.goods_display_img as goods_display_img,hqjhc_goods.name as name,hqjhc_goods.goods_price as goods_price,hqjhc_goods.marketPrice as marketprice,hqjhc_orders.orderNo as orderno,hqjhc_orders.createTime as createtime,hqjhc_orders.orderid as orderid,hqjhc_orders.num as num,hqjhc_orders.spec1 as spec1,hqjhc_orders.spec2 as spec2,hqjhc_orders.remarks as remarks,hqjhc_user_address.userAdress as useraddress FROM `hqjhc_orders` LEFT JOIN hqjhc_goods ON hqjhc_goods.id = hqjhc_orders.goodsid LEFT JOIN hqjhc_brands ON hqjhc_orders.brandsid = hqjhc_brands.brandid LEFT JOIN hqjhc_order_address ON hqjhc_order_address.orderno = hqjhc_orders.orderno LEFT JOIN hqjhc_user_address ON hqjhc_user_address.addressid = hqjhc_order_address.addressid  WHERE hqjhc_orders.dataFlag = 0 AND hqjhc_orders.orderStatus = 3 ORDER BY hqjhc_orders.orderid desc LIMIT 0,15   [ RunTime:0.0005s ]
INFO: [ view_parse ] --START--
INFO: [ template_filter ] --START--
INFO: Run Behavior\ContentReplaceBehavior [ RunTime:0.000072s ]
INFO: [ template_filter ] --END-- [ RunTime:0.000086s ]
INFO: Run Behavior\ParseTemplateBehavior [ RunTime:0.006900s ]
INFO: [ view_parse ] --END-- [ RunTime:0.006915s ]
INFO: [ view_filter ] --START--
INFO: Run Behavior\WriteHtmlCacheBehavior [ RunTime:0.000070s ]
INFO: [ view_filter ] --END-- [ RunTime:0.000081s ]
INFO: [ app_end ] --START--
INFO: Run Behavior\ShowPageTraceBehavior [ RunTime:0.000226s ]
INFO: [ app_end ] --END-- [ RunTime:0.000240s ]

[ 2017-11-30T14:27:36+08:00 ] 101.81.120.60 /offer.php/Order/Index/checkedorder.html
INFO: [ app_init ] --START--
INFO: Run Behavior\BuildLiteBehavior [ RunTime:0.000006s ]
INFO: [ app_init ] --END-- [ RunTime:0.000150s ]
INFO: [ app_begin ] --START--
INFO: Run Behavior\ReadHtmlCacheBehavior [ RunTime:0.000208s ]
INFO: [ app_begin ] --END-- [ RunTime:0.000223s ]
NOTIC: [8] A session had already been started - ignoring session_start() /home/www/hqjhc/ThinkPHP/Common/functions.php 第 1263 行.
SQL: SHOW COLUMNS FROM `hqjhc_offers` [ RunTime:0.0005s ]
SQL: SHOW COLUMNS FROM `hqjhc_offers` [ RunTime:0.0003s ]
SQL: SELECT * FROM `hqjhc_offers` WHERE `offerid` = 9 LIMIT 1   [ RunTime:0.0002s ]
SQL: SHOW COLUMNS FROM `hqjhc_orders` [ RunTime:0.0004s ]
SQL: SELECT COUNT(*) AS tp_count FROM `hqjhc_orders` WHERE hqjhc_orders.dataFlag = 0 AND hqjhc_orders.orderStatus = 2 LIMIT 1   [ RunTime:0.0002s ]
SQL: SELECT hqjhc_brands.brandLogo as brandLogo,hqjhc_goods.goods_display_img as goods_display_img,hqjhc_goods.name as name,hqjhc_goods.goods_price as goods_price,hqjhc_goods.marketPrice as marketprice,hqjhc_orders.orderNo as orderno,hqjhc_orders.createTime as createtime,hqjhc_orders.orderid as orderid,hqjhc_orders.num as num,hqjhc_orders.spec1 as spec1,hqjhc_orders.spec2 as spec2,hqjhc_orders.remarks as remarks,hqjhc_user_address.userAdress as useraddress FROM `hqjhc_orders` LEFT JOIN hqjhc_goods ON hqjhc_goods.id = hqjhc_orders.goodsid LEFT JOIN hqjhc_brands ON hqjhc_orders.brandsid = hqjhc_brands.brandid LEFT JOIN hqjhc_order_address ON hqjhc_order_address.orderno = hqjhc_orders.orderno LEFT JOIN hqjhc_user_address ON hqjhc_user_address.addressid = hqjhc_order_address.addressid  WHERE hqjhc_orders.dataFlag = 0 AND hqjhc_orders.orderStatus = 2 ORDER BY hqjhc_orders.orderid desc LIMIT 0,15   [ RunTime:0.0005s ]
INFO: [ view_parse ] --START--
INFO: [ template_filter ] --START--
INFO: Run Behavior\ContentReplaceBehavior [ RunTime:0.000072s ]
INFO: [ template_filter ] --END-- [ RunTime:0.000086s ]
INFO: Run Behavior\ParseTemplateBehavior [ RunTime:0.006874s ]
INFO: [ view_parse ] --END-- [ RunTime:0.006889s ]
INFO: [ view_filter ] --START--
INFO: Run Behavior\WriteHtmlCacheBehavior [ RunTime:0.000070s ]
INFO: [ view_filter ] --END-- [ RunTime:0.000080s ]
INFO: [ app_end ] --START--
INFO: Run Behavior\ShowPageTraceBehavior [ RunTime:0.000223s ]
INFO: [ app_end ] --END-- [ RunTime:0.000237s ]

[ 2017-11-30T14:27:41+08:00 ] 101.81.120.60 /offer.php/Order/Index/waitexpress.html
INFO: [ app_init ] --START--
INFO: Run Behavior\BuildLiteBehavior [ RunTime:0.000006s ]
INFO: [ app_init ] --END-- [ RunTime:0.000193s ]
INFO: [ app_begin ] --START--
INFO: Run Behavior\ReadHtmlCacheBehavior [ RunTime:0.000226s ]
INFO: [ app_begin ] --END-- [ RunTime:0.000244s ]
NOTIC: [8] A session had already been started - ignoring session_start() /home/www/hqjhc/ThinkPHP/Common/functions.php 第 1263 行.
SQL: SHOW COLUMNS FROM `hqjhc_offers` [ RunTime:0.0005s ]
SQL: SHOW COLUMNS FROM `hqjhc_offers` [ RunTime:0.0003s ]
SQL: SELECT * FROM `hqjhc_offers` WHERE `offerid` = 9 LIMIT 1   [ RunTime:0.0002s ]
SQL: SHOW COLUMNS FROM `hqjhc_orders` [ RunTime:0.0003s ]
SQL: SELECT COUNT(*) AS tp_count FROM `hqjhc_orders` WHERE hqjhc_orders.dataFlag = 0 AND hqjhc_orders.orderStatus = 1 LIMIT 1   [ RunTime:0.0002s ]
SQL: SELECT hqjhc_brands.brandLogo as brandLogo,hqjhc_goods.goods_display_img as goods_display_img,hqjhc_goods.name as name,hqjhc_goods.goods_price as goods_price,hqjhc_goods.marketPrice as marketprice,hqjhc_orders.orderNo as orderno,hqjhc_orders.createTime as createtime,hqjhc_orders.orderid as orderid,hqjhc_orders.num as num,hqjhc_orders.spec1 as spec1,hqjhc_orders.spec2 as spec2,hqjhc_orders.remarks as remarks,hqjhc_user_address.userAdress as useraddress FROM `hqjhc_orders` LEFT JOIN hqjhc_goods ON hqjhc_goods.id = hqjhc_orders.goodsid LEFT JOIN hqjhc_brands ON hqjhc_orders.brandsid = hqjhc_brands.brandid LEFT JOIN hqjhc_order_address ON hqjhc_order_address.orderno = hqjhc_orders.orderno LEFT JOIN hqjhc_user_address ON hqjhc_user_address.addressid = hqjhc_order_address.addressid  WHERE hqjhc_orders.dataFlag = 0 AND hqjhc_orders.orderStatus = 1 ORDER BY hqjhc_orders.orderid desc LIMIT 0,15   [ RunTime:0.0007s ]
INFO: [ view_parse ] --START--
INFO: [ template_filter ] --START--
INFO: Run Behavior\ContentReplaceBehavior [ RunTime:0.000079s ]
INFO: [ template_filter ] --END-- [ RunTime:0.000094s ]
NOTIC: [8] Undefined index: id /home/www/hqjhc/bussiness/Runtime/Cache/Order/f8158751baa4069d2590432482c76011.php 第 544 行.
NOTIC: [8] Undefined index: id /home/www/hqjhc/bussiness/Runtime/Cache/Order/f8158751baa4069d2590432482c76011.php 第 545 行.
NOTIC: [8] Undefined index: id /home/www/hqjhc/bussiness/Runtime/Cache/Order/f8158751baa4069d2590432482c76011.php 第 544 行.
NOTIC: [8] Undefined index: id /home/www/hqjhc/bussiness/Runtime/Cache/Order/f8158751baa4069d2590432482c76011.php 第 545 行.
NOTIC: [8] Undefined index: id /home/www/hqjhc/bussiness/Runtime/Cache/Order/f8158751baa4069d2590432482c76011.php 第 544 行.
NOTIC: [8] Undefined index: id /home/www/hqjhc/bussiness/Runtime/Cache/Order/f8158751baa4069d2590432482c76011.php 第 545 行.
NOTIC: [8] Undefined index: id /home/www/hqjhc/bussiness/Runtime/Cache/Order/f8158751baa4069d2590432482c76011.php 第 544 行.
NOTIC: [8] Undefined index: id /home/www/hqjhc/bussiness/Runtime/Cache/Order/f8158751baa4069d2590432482c76011.php 第 545 行.
NOTIC: [8] Undefined index: id /home/www/hqjhc/bussiness/Runtime/Cache/Order/f8158751baa4069d2590432482c76011.php 第 544 行.
NOTIC: [8] Undefined index: id /home/www/hqjhc/bussiness/Runtime/Cache/Order/f8158751baa4069d2590432482c76011.php 第 545 行.
NOTIC: [8] Undefined index: id /home/www/hqjhc/bussiness/Runtime/Cache/Order/f8158751baa4069d2590432482c76011.php 第 544 行.
NOTIC: [8] Undefined index: id /home/www/hqjhc/bussiness/Runtime/Cache/Order/f8158751baa4069d2590432482c76011.php 第 545 行.
NOTIC: [8] Undefined index: id /home/www/hqjhc/bussiness/Runtime/Cache/Order/f8158751baa4069d2590432482c76011.php 第 544 行.
NOTIC: [8] Undefined index: id /home/www/hqjhc/bussiness/Runtime/Cache/Order/f8158751baa4069d2590432482c76011.php 第 545 行.
NOTIC: [8] Undefined index: id /home/www/hqjhc/bussiness/Runtime/Cache/Order/f8158751baa4069d2590432482c76011.php 第 544 行.
NOTIC: [8] Undefined index: id /home/www/hqjhc/bussiness/Runtime/Cache/Order/f8158751baa4069d2590432482c76011.php 第 545 行.
NOTIC: [8] Undefined index: id /home/www/hqjhc/bussiness/Runtime/Cache/Order/f8158751baa4069d2590432482c76011.php 第 544 行.
NOTIC: [8] Undefined index: id /home/www/hqjhc/bussiness/Runtime/Cache/Order/f8158751baa4069d2590432482c76011.php 第 545 行.
NOTIC: [8] Undefined index: id /home/www/hqjhc/bussiness/Runtime/Cache/Order/f8158751baa4069d2590432482c76011.php 第 544 行.
NOTIC: [8] Undefined index: id /home/www/hqjhc/bussiness/Runtime/Cache/Order/f8158751baa4069d2590432482c76011.php 第 545 行.
NOTIC: [8] Undefined index: id /home/www/hqjhc/bussiness/Runtime/Cache/Order/f8158751baa4069d2590432482c76011.php 第 544 行.
NOTIC: [8] Undefined index: id /home/www/hqjhc/bussiness/Runtime/Cache/Order/f8158751baa4069d2590432482c76011.php 第 545 行.
NOTIC: [8] Undefined index: id /home/www/hqjhc/bussiness/Runtime/Cache/Order/f8158751baa4069d2590432482c76011.php 第 544 行.
NOTIC: [8] Undefined index: id /home/www/hqjhc/bussiness/Runtime/Cache/Order/f8158751baa4069d2590432482c76011.php 第 545 行.
NOTIC: [8] Undefined index: id /home/www/hqjhc/bussiness/Runtime/Cache/Order/f8158751baa4069d2590432482c76011.php 第 544 行.
NOTIC: [8] Undefined index: id /home/www/hqjhc/bussiness/Runtime/Cache/Order/f8158751baa4069d2590432482c76011.php 第 545 行.
INFO: Run Behavior\ParseTemplateBehavior [ RunTime:0.007136s ]
INFO: [ view_parse ] --END-- [ RunTime:0.007149s ]
INFO: [ view_filter ] --START--
INFO: Run Behavior\WriteHtmlCacheBehavior [ RunTime:0.000071s ]
INFO: [ view_filter ] --END-- [ RunTime:0.000081s ]
INFO: [ app_end ] --START--
INFO: Run Behavior\ShowPageTraceBehavior [ RunTime:0.000235s ]
INFO: [ app_end ] --END-- [ RunTime:0.000249s ]

