[ 2018-02-28T14:15:27+08:00 ] 101.44.12.72 /admin.php/Product/Brands/index.html
INFO: [ app_init ] --START--
INFO: Run Behavior\BuildLiteBehavior [ RunTime:0.000006s ]
INFO: [ app_init ] --END-- [ RunTime:0.000173s ]
INFO: [ app_begin ] --START--
INFO: Run Behavior\ReadHtmlCacheBehavior [ RunTime:0.000244s ]
INFO: [ app_begin ] --END-- [ RunTime:0.000263s ]
NOTIC: [8] A session had already been started - ignoring session_start() /home/www/hqjhc/ThinkPHP/Common/functions.php 第 1263 行.
SQL: SHOW COLUMNS FROM `hqjhc_staffs` [ RunTime:0.0006s ]
SQL: SHOW COLUMNS FROM `hqjhc_staffs` [ RunTime:0.0004s ]
SQL: SELECT * FROM `hqjhc_staffs` WHERE `stffid` = 6 LIMIT 1   [ RunTime:0.0002s ]
SQL: SHOW COLUMNS FROM `hqjhc_brands` [ RunTime:0.0003s ]
SQL: SELECT COUNT(*) AS tp_count FROM `hqjhc_brands` WHERE `dataFlag` = 0 LIMIT 1   [ RunTime:0.0002s ]
SQL: SELECT * FROM `hqjhc_brands` WHERE `dataFlag` = 0 ORDER BY `brandid` desc LIMIT 0,15   [ RunTime:0.0002s ]
SQL: SHOW COLUMNS FROM `hqjhc_staffs` [ RunTime:0.0003s ]
SQL: SELECT * FROM `hqjhc_staffs` WHERE `stffid` = 6 LIMIT 1   [ RunTime:0.0002s ]
SQL: SHOW COLUMNS FROM `hqjhc_staffs` [ RunTime:0.0003s ]
SQL: SELECT * FROM `hqjhc_staffs` WHERE `stffid` = 6 LIMIT 1   [ RunTime:0.0002s ]
SQL: SHOW COLUMNS FROM `hqjhc_staffs` [ RunTime:0.0003s ]
SQL: SELECT * FROM `hqjhc_staffs` WHERE `stffid` = 6 LIMIT 1   [ RunTime:0.0002s ]
INFO: [ view_parse ] --START--
INFO: [ template_filter ] --START--
INFO: Run Behavior\ContentReplaceBehavior [ RunTime:0.000077s ]
INFO: [ template_filter ] --END-- [ RunTime:0.000094s ]
NOTIC: [8] Undefined property: Think\Storage\Driver\File::$_data /home/www/hqjhc/backend/Runtime/Cache/Product/dc166e5ed3e6c02076516e7cb07bdb33.php 第 244 行.
INFO: Run Behavior\ParseTemplateBehavior [ RunTime:0.008443s ]
INFO: [ view_parse ] --END-- [ RunTime:0.008459s ]
INFO: [ view_filter ] --START--
INFO: Run Behavior\WriteHtmlCacheBehavior [ RunTime:0.000078s ]
INFO: [ view_filter ] --END-- [ RunTime:0.000090s ]
INFO: [ app_end ] --START--
INFO: Run Behavior\ShowPageTraceBehavior [ RunTime:0.000262s ]
INFO: [ app_end ] --END-- [ RunTime:0.000287s ]

[ 2018-02-28T14:15:31+08:00 ] 101.44.12.72 /admin.php/Product/Index/index.html
INFO: [ app_init ] --START--
INFO: Run Behavior\BuildLiteBehavior [ RunTime:0.000006s ]
INFO: [ app_init ] --END-- [ RunTime:0.000184s ]
INFO: [ app_begin ] --START--
INFO: Run Behavior\ReadHtmlCacheBehavior [ RunTime:0.000234s ]
INFO: [ app_begin ] --END-- [ RunTime:0.000251s ]
NOTIC: [8] A session had already been started - ignoring session_start() /home/www/hqjhc/ThinkPHP/Common/functions.php 第 1263 行.
SQL: SHOW COLUMNS FROM `hqjhc_staffs` [ RunTime:0.0006s ]
SQL: SHOW COLUMNS FROM `hqjhc_staffs` [ RunTime:0.0003s ]
SQL: SELECT * FROM `hqjhc_staffs` WHERE `stffid` = 6 LIMIT 1   [ RunTime:0.0002s ]
SQL: SHOW COLUMNS FROM `hqjhc_goods` [ RunTime:0.0005s ]
SQL: SELECT COUNT(*) AS tp_count FROM `hqjhc_goods` WHERE `dataFlag` = 0 AND `status` = 0 LIMIT 1   [ RunTime:0.0002s ]
SQL: SELECT * FROM `hqjhc_goods` WHERE `dataFlag` = 0 AND `status` = 0 ORDER BY `id` desc LIMIT 0,15   [ RunTime:0.0005s ]
SQL: SHOW COLUMNS FROM `hqjhc_staffs` [ RunTime:0.0003s ]
SQL: SELECT * FROM `hqjhc_staffs` WHERE `stffid` = 6 LIMIT 1   [ RunTime:0.0002s ]
SQL: SHOW COLUMNS FROM `hqjhc_staffs` [ RunTime:0.0003s ]
SQL: SELECT * FROM `hqjhc_staffs` WHERE `stffid` = 6 LIMIT 1   [ RunTime:0.0002s ]
SQL: SHOW COLUMNS FROM `hqjhc_staffs` [ RunTime:0.0003s ]
SQL: SELECT * FROM `hqjhc_staffs` WHERE `stffid` = 6 LIMIT 1   [ RunTime:0.0001s ]
SQL: SHOW COLUMNS FROM `hqjhc_staffs` [ RunTime:0.0003s ]
SQL: SELECT * FROM `hqjhc_staffs` WHERE `stffid` = 6 LIMIT 1   [ RunTime:0.0002s ]
INFO: [ view_parse ] --START--
INFO: [ template_filter ] --START--
INFO: Run Behavior\ContentReplaceBehavior [ RunTime:0.000083s ]
INFO: [ template_filter ] --END-- [ RunTime:0.000100s ]
NOTIC: [8] Undefined property: Think\Storage\Driver\File::$_data /home/www/hqjhc/backend/Runtime/Cache/Product/704c2fabc170fcbe2f81534a8a83106f.php 第 243 行.
INFO: Run Behavior\ParseTemplateBehavior [ RunTime:0.008418s ]
INFO: [ view_parse ] --END-- [ RunTime:0.008435s ]
INFO: [ view_filter ] --START--
INFO: Run Behavior\WriteHtmlCacheBehavior [ RunTime:0.000079s ]
INFO: [ view_filter ] --END-- [ RunTime:0.000092s ]
INFO: [ app_end ] --START--
INFO: Run Behavior\ShowPageTraceBehavior [ RunTime:0.000278s ]
INFO: [ app_end ] --END-- [ RunTime:0.000295s ]

[ 2018-02-28T14:16:27+08:00 ] 61.129.8.203 /admin.php/Product/Brands/index.html
INFO: [ app_init ] --START--
INFO: Run Behavior\BuildLiteBehavior [ RunTime:0.000006s ]
INFO: [ app_init ] --END-- [ RunTime:0.000169s ]
INFO: [ app_begin ] --START--
INFO: Run Behavior\ReadHtmlCacheBehavior [ RunTime:0.000225s ]
INFO: [ app_begin ] --END-- [ RunTime:0.000243s ]
NOTIC: [8] A session had already been started - ignoring session_start() /home/www/hqjhc/ThinkPHP/Common/functions.php 第 1263 行.
SQL: SHOW COLUMNS FROM `hqjhc_staffs` [ RunTime:0.0006s ]

[ 2018-02-28T14:16:31+08:00 ] 61.129.7.254 /admin.php/Product/Index/index.html
INFO: [ app_init ] --START--
INFO: Run Behavior\BuildLiteBehavior [ RunTime:0.000006s ]
INFO: [ app_init ] --END-- [ RunTime:0.000170s ]
INFO: [ app_begin ] --START--
INFO: Run Behavior\ReadHtmlCacheBehavior [ RunTime:0.000228s ]
INFO: [ app_begin ] --END-- [ RunTime:0.000246s ]
NOTIC: [8] A session had already been started - ignoring session_start() /home/www/hqjhc/ThinkPHP/Common/functions.php 第 1263 行.
SQL: SHOW COLUMNS FROM `hqjhc_staffs` [ RunTime:0.0006s ]

[ 2018-02-28T17:03:35+08:00 ] 101.44.12.72 /admin.php/Product/Index/index.html
INFO: [ app_init ] --START--
INFO: Run Behavior\BuildLiteBehavior [ RunTime:0.000007s ]
INFO: [ app_init ] --END-- [ RunTime:0.000184s ]
INFO: [ app_begin ] --START--
INFO: Run Behavior\ReadHtmlCacheBehavior [ RunTime:0.000242s ]
INFO: [ app_begin ] --END-- [ RunTime:0.000259s ]
NOTIC: [8] A session had already been started - ignoring session_start() /home/www/hqjhc/ThinkPHP/Common/functions.php 第 1263 行.
SQL: SHOW COLUMNS FROM `hqjhc_staffs` [ RunTime:0.0006s ]
SQL: SHOW COLUMNS FROM `hqjhc_staffs` [ RunTime:0.0003s ]
SQL: SELECT * FROM `hqjhc_staffs` WHERE `stffid` = 6 LIMIT 1   [ RunTime:0.0002s ]
SQL: SHOW COLUMNS FROM `hqjhc_goods` [ RunTime:0.0005s ]
SQL: SELECT COUNT(*) AS tp_count FROM `hqjhc_goods` WHERE `dataFlag` = 0 AND `status` = 0 LIMIT 1   [ RunTime:0.0002s ]
SQL: SELECT * FROM `hqjhc_goods` WHERE `dataFlag` = 0 AND `status` = 0 ORDER BY `id` desc LIMIT 0,15   [ RunTime:0.0005s ]
SQL: SHOW COLUMNS FROM `hqjhc_staffs` [ RunTime:0.0003s ]
SQL: SELECT * FROM `hqjhc_staffs` WHERE `stffid` = 6 LIMIT 1   [ RunTime:0.0002s ]
SQL: SHOW COLUMNS FROM `hqjhc_staffs` [ RunTime:0.0003s ]
SQL: SELECT * FROM `hqjhc_staffs` WHERE `stffid` = 6 LIMIT 1   [ RunTime:0.0002s ]
SQL: SHOW COLUMNS FROM `hqjhc_staffs` [ RunTime:0.0003s ]
SQL: SELECT * FROM `hqjhc_staffs` WHERE `stffid` = 6 LIMIT 1   [ RunTime:0.0002s ]
SQL: SHOW COLUMNS FROM `hqjhc_staffs` [ RunTime:0.0003s ]
SQL: SELECT * FROM `hqjhc_staffs` WHERE `stffid` = 6 LIMIT 1   [ RunTime:0.0002s ]
INFO: [ view_parse ] --START--
INFO: [ template_filter ] --START--
INFO: Run Behavior\ContentReplaceBehavior [ RunTime:0.000083s ]
INFO: [ template_filter ] --END-- [ RunTime:0.000100s ]
NOTIC: [8] Undefined property: Think\Storage\Driver\File::$_data /home/www/hqjhc/backend/Runtime/Cache/Product/704c2fabc170fcbe2f81534a8a83106f.php 第 243 行.
INFO: Run Behavior\ParseTemplateBehavior [ RunTime:0.008154s ]
INFO: [ view_parse ] --END-- [ RunTime:0.008171s ]
INFO: [ view_filter ] --START--
INFO: Run Behavior\WriteHtmlCacheBehavior [ RunTime:0.000087s ]
INFO: [ view_filter ] --END-- [ RunTime:0.000101s ]
INFO: [ app_end ] --START--
INFO: Run Behavior\ShowPageTraceBehavior [ RunTime:0.000272s ]
INFO: [ app_end ] --END-- [ RunTime:0.000288s ]

[ 2018-02-28T17:15:33+08:00 ] 101.44.12.72 /admin.php/Product/Brands/index.html
INFO: [ app_init ] --START--
INFO: Run Behavior\BuildLiteBehavior [ RunTime:0.000007s ]
INFO: [ app_init ] --END-- [ RunTime:0.000184s ]
INFO: [ app_begin ] --START--
INFO: Run Behavior\ReadHtmlCacheBehavior [ RunTime:0.000234s ]
INFO: [ app_begin ] --END-- [ RunTime:0.000251s ]
NOTIC: [8] A session had already been started - ignoring session_start() /home/www/hqjhc/ThinkPHP/Common/functions.php 第 1263 行.
SQL: SHOW COLUMNS FROM `hqjhc_staffs` [ RunTime:0.0006s ]
SQL: SHOW COLUMNS FROM `hqjhc_staffs` [ RunTime:0.0003s ]
SQL: SELECT * FROM `hqjhc_staffs` WHERE `stffid` = 6 LIMIT 1   [ RunTime:0.0002s ]
SQL: SHOW COLUMNS FROM `hqjhc_brands` [ RunTime:0.0003s ]
SQL: SELECT COUNT(*) AS tp_count FROM `hqjhc_brands` WHERE `dataFlag` = 0 LIMIT 1   [ RunTime:0.0002s ]
SQL: SELECT * FROM `hqjhc_brands` WHERE `dataFlag` = 0 ORDER BY `brandid` desc LIMIT 0,15   [ RunTime:0.0002s ]
SQL: SHOW COLUMNS FROM `hqjhc_staffs` [ RunTime:0.0003s ]
SQL: SELECT * FROM `hqjhc_staffs` WHERE `stffid` = 6 LIMIT 1   [ RunTime:0.0001s ]
SQL: SHOW COLUMNS FROM `hqjhc_staffs` [ RunTime:0.0003s ]
SQL: SELECT * FROM `hqjhc_staffs` WHERE `stffid` = 6 LIMIT 1   [ RunTime:0.0001s ]
SQL: SHOW COLUMNS FROM `hqjhc_staffs` [ RunTime:0.0003s ]
SQL: SELECT * FROM `hqjhc_staffs` WHERE `stffid` = 6 LIMIT 1   [ RunTime:0.0001s ]
INFO: [ view_parse ] --START--
INFO: [ template_filter ] --START--
INFO: Run Behavior\ContentReplaceBehavior [ RunTime:0.000083s ]
INFO: [ template_filter ] --END-- [ RunTime:0.000100s ]
NOTIC: [8] Undefined property: Think\Storage\Driver\File::$_data /home/www/hqjhc/backend/Runtime/Cache/Product/dc166e5ed3e6c02076516e7cb07bdb33.php 第 244 行.
INFO: Run Behavior\ParseTemplateBehavior [ RunTime:0.008158s ]
INFO: [ view_parse ] --END-- [ RunTime:0.008174s ]
INFO: [ view_filter ] --START--
INFO: Run Behavior\WriteHtmlCacheBehavior [ RunTime:0.000075s ]
INFO: [ view_filter ] --END-- [ RunTime:0.000088s ]
INFO: [ app_end ] --START--
INFO: Run Behavior\ShowPageTraceBehavior [ RunTime:0.000265s ]
INFO: [ app_end ] --END-- [ RunTime:0.000282s ]

[ 2018-02-28T17:16:33+08:00 ] 61.151.178.177 /admin.php/Product/Brands/index.html
INFO: [ app_init ] --START--
INFO: Run Behavior\BuildLiteBehavior [ RunTime:0.000006s ]
INFO: [ app_init ] --END-- [ RunTime:0.000171s ]
INFO: [ app_begin ] --START--
INFO: Run Behavior\ReadHtmlCacheBehavior [ RunTime:0.000253s ]
INFO: [ app_begin ] --END-- [ RunTime:0.000270s ]
NOTIC: [8] A session had already been started - ignoring session_start() /home/www/hqjhc/ThinkPHP/Common/functions.php 第 1263 行.
SQL: SHOW COLUMNS FROM `hqjhc_staffs` [ RunTime:0.0005s ]

[ 2018-02-28T17:19:42+08:00 ] 101.44.12.72 /admin.php/Product/Brands/addbrandspage.html
INFO: [ app_init ] --START--
INFO: Run Behavior\BuildLiteBehavior [ RunTime:0.000006s ]
INFO: [ app_init ] --END-- [ RunTime:0.000171s ]
INFO: [ app_begin ] --START--
INFO: Run Behavior\ReadHtmlCacheBehavior [ RunTime:0.000243s ]
INFO: [ app_begin ] --END-- [ RunTime:0.000259s ]
NOTIC: [8] A session had already been started - ignoring session_start() /home/www/hqjhc/ThinkPHP/Common/functions.php 第 1263 行.
SQL: SHOW COLUMNS FROM `hqjhc_staffs` [ RunTime:0.0005s ]
SQL: SHOW COLUMNS FROM `hqjhc_staffs` [ RunTime:0.0003s ]
SQL: SELECT * FROM `hqjhc_staffs` WHERE `stffid` = 6 LIMIT 1   [ RunTime:0.0002s ]
INFO: [ view_parse ] --START--
INFO: [ template_filter ] --START--
INFO: Run Behavior\ContentReplaceBehavior [ RunTime:0.000081s ]
INFO: [ template_filter ] --END-- [ RunTime:0.000098s ]
NOTIC: [8] Undefined property: Think\Storage\Driver\File::$_data /home/www/hqjhc/backend/Runtime/Cache/Product/d34d049f8992cf7203792759adce19aa.php 第 243 行.
INFO: Run Behavior\ParseTemplateBehavior [ RunTime:0.007860s ]
INFO: [ view_parse ] --END-- [ RunTime:0.007876s ]
INFO: [ view_filter ] --START--
INFO: Run Behavior\WriteHtmlCacheBehavior [ RunTime:0.000073s ]
INFO: [ view_filter ] --END-- [ RunTime:0.000086s ]
INFO: [ app_end ] --START--
INFO: Run Behavior\ShowPageTraceBehavior [ RunTime:0.000269s ]
INFO: [ app_end ] --END-- [ RunTime:0.000284s ]

[ 2018-02-28T17:19:43+08:00 ] 101.44.12.72 /admin.php/Product/Brands/doAddBrands.html
INFO: [ app_init ] --START--
INFO: Run Behavior\BuildLiteBehavior [ RunTime:0.000006s ]
INFO: [ app_init ] --END-- [ RunTime:0.000169s ]
INFO: [ app_begin ] --START--
INFO: Run Behavior\ReadHtmlCacheBehavior [ RunTime:0.000222s ]
INFO: [ app_begin ] --END-- [ RunTime:0.000239s ]
NOTIC: [8] A session had already been started - ignoring session_start() /home/www/hqjhc/ThinkPHP/Common/functions.php 第 1263 行.
SQL: SHOW COLUMNS FROM `hqjhc_staffs` [ RunTime:0.0006s ]
SQL: SHOW COLUMNS FROM `hqjhc_staffs` [ RunTime:0.0003s ]
SQL: SELECT * FROM `hqjhc_staffs` WHERE `stffid` = 6 LIMIT 1   [ RunTime:0.0002s ]
SQL: SHOW COLUMNS FROM `hqjhc_brands` [ RunTime:0.0003s ]
SQL: SHOW COLUMNS FROM `hqjhc_brands` [ RunTime:0.0003s ]
NOTIC: [8] Undefined index: validate /home/www/hqjhc/ThinkPHP/Library/Think/Model.class.php 第 1185 行.
NOTIC: [8] Undefined index: auto /home/www/hqjhc/ThinkPHP/Library/Think/Model.class.php 第 1128 行.
SQL: INSERT INTO `hqjhc_brands` (`brandName`,`brandDesc`,`sort`,`brandLogo`,`isShow`,`createstaffid`,`createTime`) VALUES ('','','0','','0','6','2018-02-28 17:19:43') [ RunTime:0.0106s ]
INFO: [ view_parse ] --START--
INFO: [ template_filter ] --START--
INFO: Run Behavior\ContentReplaceBehavior [ RunTime:0.000018s ]
INFO: [ template_filter ] --END-- [ RunTime:0.000034s ]
INFO: Run Behavior\ParseTemplateBehavior [ RunTime:0.003328s ]
INFO: [ view_parse ] --END-- [ RunTime:0.003345s ]
INFO: [ view_filter ] --START--
INFO: Run Behavior\WriteHtmlCacheBehavior [ RunTime:0.000068s ]
INFO: [ view_filter ] --END-- [ RunTime:0.000080s ]
INFO: [ app_end ] --START--
INFO: Run Behavior\ShowPageTraceBehavior [ RunTime:0.000261s ]
INFO: [ app_end ] --END-- [ RunTime:0.000276s ]

[ 2018-02-28T17:19:45+08:00 ] 101.44.12.72 /admin.php/Product/Brands/addbrandspage.html
INFO: [ app_init ] --START--
INFO: Run Behavior\BuildLiteBehavior [ RunTime:0.000006s ]
INFO: [ app_init ] --END-- [ RunTime:0.000177s ]
INFO: [ app_begin ] --START--
INFO: Run Behavior\ReadHtmlCacheBehavior [ RunTime:0.000225s ]
INFO: [ app_begin ] --END-- [ RunTime:0.000241s ]
NOTIC: [8] A session had already been started - ignoring session_start() /home/www/hqjhc/ThinkPHP/Common/functions.php 第 1263 行.
SQL: SHOW COLUMNS FROM `hqjhc_staffs` [ RunTime:0.0005s ]
SQL: SHOW COLUMNS FROM `hqjhc_staffs` [ RunTime:0.0004s ]
SQL: SELECT * FROM `hqjhc_staffs` WHERE `stffid` = 6 LIMIT 1   [ RunTime:0.0002s ]
INFO: [ view_parse ] --START--
INFO: [ template_filter ] --START--
INFO: Run Behavior\ContentReplaceBehavior [ RunTime:0.000082s ]
INFO: [ template_filter ] --END-- [ RunTime:0.000099s ]
NOTIC: [8] Undefined property: Think\Storage\Driver\File::$_data /home/www/hqjhc/backend/Runtime/Cache/Product/d34d049f8992cf7203792759adce19aa.php 第 243 行.
INFO: Run Behavior\ParseTemplateBehavior [ RunTime:0.007650s ]
INFO: [ view_parse ] --END-- [ RunTime:0.007667s ]
INFO: [ view_filter ] --START--
INFO: Run Behavior\WriteHtmlCacheBehavior [ RunTime:0.000074s ]
INFO: [ view_filter ] --END-- [ RunTime:0.000087s ]
INFO: [ app_end ] --START--
INFO: Run Behavior\ShowPageTraceBehavior [ RunTime:0.000257s ]
INFO: [ app_end ] --END-- [ RunTime:0.000274s ]

[ 2018-02-28T17:19:47+08:00 ] 101.44.12.72 /admin.php/Product/Brands/index.html
INFO: [ app_init ] --START--
INFO: Run Behavior\BuildLiteBehavior [ RunTime:0.000007s ]
INFO: [ app_init ] --END-- [ RunTime:0.000175s ]
INFO: [ app_begin ] --START--
INFO: Run Behavior\ReadHtmlCacheBehavior [ RunTime:0.000245s ]
INFO: [ app_begin ] --END-- [ RunTime:0.000262s ]
NOTIC: [8] A session had already been started - ignoring session_start() /home/www/hqjhc/ThinkPHP/Common/functions.php 第 1263 行.
SQL: SHOW COLUMNS FROM `hqjhc_staffs` [ RunTime:0.0006s ]
SQL: SHOW COLUMNS FROM `hqjhc_staffs` [ RunTime:0.0004s ]
SQL: SELECT * FROM `hqjhc_staffs` WHERE `stffid` = 6 LIMIT 1   [ RunTime:0.0002s ]
SQL: SHOW COLUMNS FROM `hqjhc_brands` [ RunTime:0.0003s ]
SQL: SELECT COUNT(*) AS tp_count FROM `hqjhc_brands` WHERE `dataFlag` = 0 LIMIT 1   [ RunTime:0.0002s ]
SQL: SELECT * FROM `hqjhc_brands` WHERE `dataFlag` = 0 ORDER BY `brandid` desc LIMIT 0,15   [ RunTime:0.0002s ]
SQL: SHOW COLUMNS FROM `hqjhc_staffs` [ RunTime:0.0003s ]
SQL: SELECT * FROM `hqjhc_staffs` WHERE `stffid` = 6 LIMIT 1   [ RunTime:0.0002s ]
SQL: SHOW COLUMNS FROM `hqjhc_staffs` [ RunTime:0.0003s ]
SQL: SELECT * FROM `hqjhc_staffs` WHERE `stffid` = 6 LIMIT 1   [ RunTime:0.0002s ]
SQL: SHOW COLUMNS FROM `hqjhc_staffs` [ RunTime:0.0003s ]
SQL: SELECT * FROM `hqjhc_staffs` WHERE `stffid` = 6 LIMIT 1   [ RunTime:0.0002s ]
SQL: SHOW COLUMNS FROM `hqjhc_staffs` [ RunTime:0.0003s ]
SQL: SELECT * FROM `hqjhc_staffs` WHERE `stffid` = 6 LIMIT 1   [ RunTime:0.0002s ]
INFO: [ view_parse ] --START--
INFO: [ template_filter ] --START--
INFO: Run Behavior\ContentReplaceBehavior [ RunTime:0.000085s ]
INFO: [ template_filter ] --END-- [ RunTime:0.000102s ]
NOTIC: [8] Undefined property: Think\Storage\Driver\File::$_data /home/www/hqjhc/backend/Runtime/Cache/Product/dc166e5ed3e6c02076516e7cb07bdb33.php 第 244 行.
INFO: Run Behavior\ParseTemplateBehavior [ RunTime:0.008297s ]
INFO: [ view_parse ] --END-- [ RunTime:0.008313s ]
INFO: [ view_filter ] --START--
INFO: Run Behavior\WriteHtmlCacheBehavior [ RunTime:0.000096s ]
INFO: [ view_filter ] --END-- [ RunTime:0.000110s ]
INFO: [ app_end ] --START--
INFO: Run Behavior\ShowPageTraceBehavior [ RunTime:0.000268s ]
INFO: [ app_end ] --END-- [ RunTime:0.000285s ]

[ 2018-02-28T17:19:51+08:00 ] 101.44.12.72 /admin.php/Product/Brands/delete/brandid/18.html
INFO: [ app_init ] --START--
INFO: Run Behavior\BuildLiteBehavior [ RunTime:0.000007s ]
INFO: [ app_init ] --END-- [ RunTime:0.000172s ]
INFO: [ app_begin ] --START--
INFO: Run Behavior\ReadHtmlCacheBehavior [ RunTime:0.000240s ]
INFO: [ app_begin ] --END-- [ RunTime:0.000257s ]
NOTIC: [8] A session had already been started - ignoring session_start() /home/www/hqjhc/ThinkPHP/Common/functions.php 第 1263 行.
SQL: SHOW COLUMNS FROM `hqjhc_staffs` [ RunTime:0.0006s ]
SQL: SHOW COLUMNS FROM `hqjhc_staffs` [ RunTime:0.0003s ]
SQL: SELECT * FROM `hqjhc_staffs` WHERE `stffid` = 6 LIMIT 1   [ RunTime:0.0002s ]
SQL: SHOW COLUMNS FROM `hqjhc_brands` [ RunTime:0.0003s ]
SQL: SHOW COLUMNS FROM `hqjhc_brands` [ RunTime:0.0003s ]
SQL: UPDATE `hqjhc_brands` SET `dataFlag`='1',`updatestaffid`='6' WHERE `brandid` = 18 [ RunTime:0.0038s ]
INFO: [ view_parse ] --START--
INFO: [ template_filter ] --START--
INFO: Run Behavior\ContentReplaceBehavior [ RunTime:0.000023s ]
INFO: [ template_filter ] --END-- [ RunTime:0.000042s ]
INFO: Run Behavior\ParseTemplateBehavior [ RunTime:0.003500s ]
INFO: [ view_parse ] --END-- [ RunTime:0.003518s ]
INFO: [ view_filter ] --START--
INFO: Run Behavior\WriteHtmlCacheBehavior [ RunTime:0.000075s ]
INFO: [ view_filter ] --END-- [ RunTime:0.000087s ]
INFO: [ app_end ] --START--
INFO: Run Behavior\ShowPageTraceBehavior [ RunTime:0.000280s ]
INFO: [ app_end ] --END-- [ RunTime:0.000296s ]

[ 2018-02-28T17:19:52+08:00 ] 101.44.12.72 /admin.php/Product/Brands/index.html
INFO: [ app_init ] --START--
INFO: Run Behavior\BuildLiteBehavior [ RunTime:0.000007s ]
INFO: [ app_init ] --END-- [ RunTime:0.000189s ]
INFO: [ app_begin ] --START--
INFO: Run Behavior\ReadHtmlCacheBehavior [ RunTime:0.000238s ]
INFO: [ app_begin ] --END-- [ RunTime:0.000254s ]
NOTIC: [8] A session had already been started - ignoring session_start() /home/www/hqjhc/ThinkPHP/Common/functions.php 第 1263 行.
SQL: SHOW COLUMNS FROM `hqjhc_staffs` [ RunTime:0.0006s ]
SQL: SHOW COLUMNS FROM `hqjhc_staffs` [ RunTime:0.0003s ]
SQL: SELECT * FROM `hqjhc_staffs` WHERE `stffid` = 6 LIMIT 1   [ RunTime:0.0002s ]
SQL: SHOW COLUMNS FROM `hqjhc_brands` [ RunTime:0.0003s ]
SQL: SELECT COUNT(*) AS tp_count FROM `hqjhc_brands` WHERE `dataFlag` = 0 LIMIT 1   [ RunTime:0.0002s ]
SQL: SELECT * FROM `hqjhc_brands` WHERE `dataFlag` = 0 ORDER BY `brandid` desc LIMIT 0,15   [ RunTime:0.0002s ]
SQL: SHOW COLUMNS FROM `hqjhc_staffs` [ RunTime:0.0003s ]
SQL: SELECT * FROM `hqjhc_staffs` WHERE `stffid` = 6 LIMIT 1   [ RunTime:0.0002s ]
SQL: SHOW COLUMNS FROM `hqjhc_staffs` [ RunTime:0.0003s ]
SQL: SELECT * FROM `hqjhc_staffs` WHERE `stffid` = 6 LIMIT 1   [ RunTime:0.0002s ]
SQL: SHOW COLUMNS FROM `hqjhc_staffs` [ RunTime:0.0004s ]
SQL: SELECT * FROM `hqjhc_staffs` WHERE `stffid` = 6 LIMIT 1   [ RunTime:0.0002s ]
INFO: [ view_parse ] --START--
INFO: [ template_filter ] --START--
INFO: Run Behavior\ContentReplaceBehavior [ RunTime:0.000080s ]
INFO: [ template_filter ] --END-- [ RunTime:0.000098s ]
NOTIC: [8] Undefined property: Think\Storage\Driver\File::$_data /home/www/hqjhc/backend/Runtime/Cache/Product/dc166e5ed3e6c02076516e7cb07bdb33.php 第 244 行.
INFO: Run Behavior\ParseTemplateBehavior [ RunTime:0.008303s ]
INFO: [ view_parse ] --END-- [ RunTime:0.008319s ]
INFO: [ view_filter ] --START--
INFO: Run Behavior\WriteHtmlCacheBehavior [ RunTime:0.000079s ]
INFO: [ view_filter ] --END-- [ RunTime:0.000092s ]
INFO: [ app_end ] --START--
INFO: Run Behavior\ShowPageTraceBehavior [ RunTime:0.000286s ]
INFO: [ app_end ] --END-- [ RunTime:0.000305s ]

[ 2018-02-28T17:53:34+08:00 ] 101.44.12.72 /admin.php/Product/Brands/index.html
INFO: [ app_init ] --START--
INFO: Run Behavior\BuildLiteBehavior [ RunTime:0.000007s ]
INFO: [ app_init ] --END-- [ RunTime:0.000183s ]
INFO: [ app_begin ] --START--
INFO: Run Behavior\ReadHtmlCacheBehavior [ RunTime:0.000228s ]
INFO: [ app_begin ] --END-- [ RunTime:0.000246s ]
NOTIC: [8] A session had already been started - ignoring session_start() /home/www/hqjhc/ThinkPHP/Common/functions.php 第 1263 行.
SQL: SHOW COLUMNS FROM `hqjhc_staffs` [ RunTime:0.0006s ]
SQL: SHOW COLUMNS FROM `hqjhc_staffs` [ RunTime:0.0004s ]
SQL: SELECT * FROM `hqjhc_staffs` WHERE `stffid` = 6 LIMIT 1   [ RunTime:0.0002s ]
SQL: SHOW COLUMNS FROM `hqjhc_brands` [ RunTime:0.0004s ]
SQL: SELECT COUNT(*) AS tp_count FROM `hqjhc_brands` WHERE `dataFlag` = 0 LIMIT 1   [ RunTime:0.0002s ]
SQL: SELECT * FROM `hqjhc_brands` WHERE `dataFlag` = 0 ORDER BY `brandid` desc LIMIT 0,15   [ RunTime:0.0002s ]
SQL: SHOW COLUMNS FROM `hqjhc_staffs` [ RunTime:0.0003s ]
SQL: SELECT * FROM `hqjhc_staffs` WHERE `stffid` = 6 LIMIT 1   [ RunTime:0.0002s ]
SQL: SHOW COLUMNS FROM `hqjhc_staffs` [ RunTime:0.0003s ]
SQL: SELECT * FROM `hqjhc_staffs` WHERE `stffid` = 6 LIMIT 1   [ RunTime:0.0002s ]
SQL: SHOW COLUMNS FROM `hqjhc_staffs` [ RunTime:0.0003s ]
SQL: SELECT * FROM `hqjhc_staffs` WHERE `stffid` = 6 LIMIT 1   [ RunTime:0.0002s ]
INFO: [ view_parse ] --START--
INFO: [ template_filter ] --START--
INFO: Run Behavior\ContentReplaceBehavior [ RunTime:0.000078s ]
INFO: [ template_filter ] --END-- [ RunTime:0.000095s ]
NOTIC: [8] Undefined property: Think\Storage\Driver\File::$_data /home/www/hqjhc/backend/Runtime/Cache/Product/dc166e5ed3e6c02076516e7cb07bdb33.php 第 244 行.
INFO: Run Behavior\ParseTemplateBehavior [ RunTime:0.008214s ]
INFO: [ view_parse ] --END-- [ RunTime:0.008231s ]
INFO: [ view_filter ] --START--
INFO: Run Behavior\WriteHtmlCacheBehavior [ RunTime:0.000078s ]
INFO: [ view_filter ] --END-- [ RunTime:0.000091s ]
INFO: [ app_end ] --START--
INFO: Run Behavior\ShowPageTraceBehavior [ RunTime:0.000282s ]
INFO: [ app_end ] --END-- [ RunTime:0.000299s ]

[ 2018-02-28T17:53:35+08:00 ] 101.44.12.72 /admin.php/Product/Goodscats/index.html
INFO: [ app_init ] --START--
INFO: Run Behavior\BuildLiteBehavior [ RunTime:0.000007s ]
INFO: [ app_init ] --END-- [ RunTime:0.000192s ]
INFO: [ app_begin ] --START--
INFO: Run Behavior\ReadHtmlCacheBehavior [ RunTime:0.000265s ]
INFO: [ app_begin ] --END-- [ RunTime:0.000286s ]
NOTIC: [8] A session had already been started - ignoring session_start() /home/www/hqjhc/ThinkPHP/Common/functions.php 第 1263 行.
SQL: SHOW COLUMNS FROM `hqjhc_staffs` [ RunTime:0.0006s ]
SQL: SHOW COLUMNS FROM `hqjhc_staffs` [ RunTime:0.0003s ]
SQL: SELECT * FROM `hqjhc_staffs` WHERE `stffid` = 6 LIMIT 1   [ RunTime:0.0002s ]
SQL: SHOW COLUMNS FROM `hqjhc_goods_cats` [ RunTime:0.0004s ]
SQL: SHOW COLUMNS FROM `hqjhc_goods_cats` [ RunTime:0.0003s ]
SQL: SELECT * FROM `hqjhc_goods_cats` WHERE `dataFlag` = 0  [ RunTime:0.0002s ]
INFO: [ view_parse ] --START--
INFO: [ template_filter ] --START--
INFO: Run Behavior\ContentReplaceBehavior [ RunTime:0.000082s ]
INFO: [ template_filter ] --END-- [ RunTime:0.000100s ]
NOTIC: [8] Undefined property: Think\Storage\Driver\File::$_data /home/www/hqjhc/backend/Runtime/Cache/Product/8ca892e2fd3414678028c4c06051ffc9.php 第 244 行.
INFO: Run Behavior\ParseTemplateBehavior [ RunTime:0.008083s ]
INFO: [ view_parse ] --END-- [ RunTime:0.008099s ]
INFO: [ view_filter ] --START--
INFO: Run Behavior\WriteHtmlCacheBehavior [ RunTime:0.000076s ]
INFO: [ view_filter ] --END-- [ RunTime:0.000089s ]
INFO: [ app_end ] --START--
INFO: Run Behavior\ShowPageTraceBehavior [ RunTime:0.000260s ]
INFO: [ app_end ] --END-- [ RunTime:0.000276s ]

[ 2018-02-28T17:53:43+08:00 ] 101.44.12.72 /admin.php/Product/Index/index.html
INFO: [ app_init ] --START--
INFO: Run Behavior\BuildLiteBehavior [ RunTime:0.000006s ]
INFO: [ app_init ] --END-- [ RunTime:0.000179s ]
INFO: [ app_begin ] --START--
INFO: Run Behavior\ReadHtmlCacheBehavior [ RunTime:0.000222s ]
INFO: [ app_begin ] --END-- [ RunTime:0.000239s ]
NOTIC: [8] A session had already been started - ignoring session_start() /home/www/hqjhc/ThinkPHP/Common/functions.php 第 1263 行.
SQL: SHOW COLUMNS FROM `hqjhc_staffs` [ RunTime:0.0005s ]
SQL: SHOW COLUMNS FROM `hqjhc_staffs` [ RunTime:0.0003s ]
SQL: SELECT * FROM `hqjhc_staffs` WHERE `stffid` = 6 LIMIT 1   [ RunTime:0.0002s ]
SQL: SHOW COLUMNS FROM `hqjhc_goods` [ RunTime:0.0005s ]
SQL: SELECT COUNT(*) AS tp_count FROM `hqjhc_goods` WHERE `dataFlag` = 0 AND `status` = 0 LIMIT 1   [ RunTime:0.0002s ]
SQL: SELECT * FROM `hqjhc_goods` WHERE `dataFlag` = 0 AND `status` = 0 ORDER BY `id` desc LIMIT 0,15   [ RunTime:0.0005s ]
SQL: SHOW COLUMNS FROM `hqjhc_staffs` [ RunTime:0.0003s ]
SQL: SELECT * FROM `hqjhc_staffs` WHERE `stffid` = 6 LIMIT 1   [ RunTime:0.0002s ]
SQL: SHOW COLUMNS FROM `hqjhc_staffs` [ RunTime:0.0003s ]
SQL: SELECT * FROM `hqjhc_staffs` WHERE `stffid` = 6 LIMIT 1   [ RunTime:0.0001s ]
SQL: SHOW COLUMNS FROM `hqjhc_staffs` [ RunTime:0.0003s ]
SQL: SELECT * FROM `hqjhc_staffs` WHERE `stffid` = 6 LIMIT 1   [ RunTime:0.0001s ]
SQL: SHOW COLUMNS FROM `hqjhc_staffs` [ RunTime:0.0003s ]
SQL: SELECT * FROM `hqjhc_staffs` WHERE `stffid` = 6 LIMIT 1   [ RunTime:0.0002s ]
INFO: [ view_parse ] --START--
INFO: [ template_filter ] --START--
INFO: Run Behavior\ContentReplaceBehavior [ RunTime:0.000085s ]
INFO: [ template_filter ] --END-- [ RunTime:0.000102s ]
NOTIC: [8] Undefined property: Think\Storage\Driver\File::$_data /home/www/hqjhc/backend/Runtime/Cache/Product/704c2fabc170fcbe2f81534a8a83106f.php 第 243 行.
INFO: Run Behavior\ParseTemplateBehavior [ RunTime:0.008009s ]
INFO: [ view_parse ] --END-- [ RunTime:0.008025s ]
INFO: [ view_filter ] --START--
INFO: Run Behavior\WriteHtmlCacheBehavior [ RunTime:0.000075s ]
INFO: [ view_filter ] --END-- [ RunTime:0.000088s ]
INFO: [ app_end ] --START--
INFO: Run Behavior\ShowPageTraceBehavior [ RunTime:0.000267s ]
INFO: [ app_end ] --END-- [ RunTime:0.000283s ]

[ 2018-02-28T17:54:39+08:00 ] 101.44.12.72 /admin.php/Product/Index/failpage.html
INFO: [ app_init ] --START--
INFO: Run Behavior\BuildLiteBehavior [ RunTime:0.000007s ]
INFO: [ app_init ] --END-- [ RunTime:0.000185s ]
INFO: [ app_begin ] --START--
INFO: Run Behavior\ReadHtmlCacheBehavior [ RunTime:0.000235s ]
INFO: [ app_begin ] --END-- [ RunTime:0.000251s ]
NOTIC: [8] A session had already been started - ignoring session_start() /home/www/hqjhc/ThinkPHP/Common/functions.php 第 1263 行.
SQL: SHOW COLUMNS FROM `hqjhc_staffs` [ RunTime:0.0006s ]
SQL: SHOW COLUMNS FROM `hqjhc_staffs` [ RunTime:0.0003s ]
SQL: SELECT * FROM `hqjhc_staffs` WHERE `stffid` = 6 LIMIT 1   [ RunTime:0.0002s ]
SQL: SHOW COLUMNS FROM `hqjhc_goods` [ RunTime:0.0005s ]
SQL: SELECT COUNT(*) AS tp_count FROM `hqjhc_goods` WHERE `dataFlag` = 0 AND `status` = 2 LIMIT 1   [ RunTime:0.0002s ]
SQL: SELECT * FROM `hqjhc_goods` WHERE `dataFlag` = 0 AND `status` = 2 ORDER BY `id` desc LIMIT 0,15   [ RunTime:0.0004s ]
INFO: [ view_parse ] --START--
INFO: [ template_filter ] --START--
INFO: Run Behavior\ContentReplaceBehavior [ RunTime:0.000079s ]
INFO: [ template_filter ] --END-- [ RunTime:0.000096s ]
NOTIC: [8] Undefined property: Think\Storage\Driver\File::$_data /home/www/hqjhc/backend/Runtime/Cache/Product/ab0c2a33284737dd9493506c96a39751.php 第 243 行.
INFO: Run Behavior\ParseTemplateBehavior [ RunTime:0.008171s ]
INFO: [ view_parse ] --END-- [ RunTime:0.008187s ]
INFO: [ view_filter ] --START--
INFO: Run Behavior\WriteHtmlCacheBehavior [ RunTime:0.000074s ]
INFO: [ view_filter ] --END-- [ RunTime:0.000087s ]
INFO: [ app_end ] --START--
INFO: Run Behavior\ShowPageTraceBehavior [ RunTime:0.000287s ]
INFO: [ app_end ] --END-- [ RunTime:0.000304s ]

[ 2018-02-28T17:54:40+08:00 ] 101.44.12.72 /admin.php/Product/Index/downproductpage.html
INFO: [ app_init ] --START--
INFO: Run Behavior\BuildLiteBehavior [ RunTime:0.000006s ]
INFO: [ app_init ] --END-- [ RunTime:0.000171s ]
INFO: [ app_begin ] --START--
INFO: Run Behavior\ReadHtmlCacheBehavior [ RunTime:0.000253s ]
INFO: [ app_begin ] --END-- [ RunTime:0.000271s ]
NOTIC: [8] A session had already been started - ignoring session_start() /home/www/hqjhc/ThinkPHP/Common/functions.php 第 1263 行.
SQL: SHOW COLUMNS FROM `hqjhc_staffs` [ RunTime:0.0006s ]
SQL: SHOW COLUMNS FROM `hqjhc_staffs` [ RunTime:0.0004s ]
SQL: SELECT * FROM `hqjhc_staffs` WHERE `stffid` = 6 LIMIT 1   [ RunTime:0.0002s ]
SQL: SHOW COLUMNS FROM `hqjhc_goods` [ RunTime:0.0005s ]
SQL: SELECT COUNT(*) AS tp_count FROM `hqjhc_goods` WHERE `dataFlag` = 0 AND `status` = 4 LIMIT 1   [ RunTime:0.0002s ]
SQL: SELECT * FROM `hqjhc_goods` WHERE `dataFlag` = 0 AND `status` = 4 ORDER BY `id` desc LIMIT 0,15   [ RunTime:0.0004s ]
INFO: [ view_parse ] --START--
INFO: [ template_filter ] --START--
INFO: Run Behavior\ContentReplaceBehavior [ RunTime:0.000086s ]
INFO: [ template_filter ] --END-- [ RunTime:0.000103s ]
NOTIC: [8] Undefined property: Think\Storage\Driver\File::$_data /home/www/hqjhc/backend/Runtime/Cache/Product/50a8c9f315e0a703893620addb971e33.php 第 243 行.
INFO: Run Behavior\ParseTemplateBehavior [ RunTime:0.008249s ]
INFO: [ view_parse ] --END-- [ RunTime:0.008264s ]
INFO: [ view_filter ] --START--
INFO: Run Behavior\WriteHtmlCacheBehavior [ RunTime:0.000090s ]
INFO: [ view_filter ] --END-- [ RunTime:0.000104s ]
INFO: [ app_end ] --START--
INFO: Run Behavior\ShowPageTraceBehavior [ RunTime:0.000259s ]
INFO: [ app_end ] --END-- [ RunTime:0.000277s ]

[ 2018-02-28T17:54:41+08:00 ] 101.44.12.72 /admin.php/Product/Index/upproductpage.html
INFO: [ app_init ] --START--
INFO: Run Behavior\BuildLiteBehavior [ RunTime:0.000007s ]
INFO: [ app_init ] --END-- [ RunTime:0.000198s ]
INFO: [ app_begin ] --START--
INFO: Run Behavior\ReadHtmlCacheBehavior [ RunTime:0.000270s ]
INFO: [ app_begin ] --END-- [ RunTime:0.000289s ]
NOTIC: [8] A session had already been started - ignoring session_start() /home/www/hqjhc/ThinkPHP/Common/functions.php 第 1263 行.
SQL: SHOW COLUMNS FROM `hqjhc_staffs` [ RunTime:0.0006s ]
SQL: SHOW COLUMNS FROM `hqjhc_staffs` [ RunTime:0.0004s ]
SQL: SELECT * FROM `hqjhc_staffs` WHERE `stffid` = 6 LIMIT 1   [ RunTime:0.0002s ]
SQL: SHOW COLUMNS FROM `hqjhc_goods` [ RunTime:0.0005s ]
SQL: SELECT COUNT(*) AS tp_count FROM `hqjhc_goods` WHERE `dataFlag` = 0 AND `status` = 3 LIMIT 1   [ RunTime:0.0002s ]
SQL: SELECT * FROM `hqjhc_goods` WHERE `dataFlag` = 0 AND `status` = 3 ORDER BY `id` desc LIMIT 0,15   [ RunTime:0.0004s ]
SQL: SHOW COLUMNS FROM `hqjhc_staffs` [ RunTime:0.0003s ]
SQL: SELECT * FROM `hqjhc_staffs` WHERE `stffid` = 6 LIMIT 1   [ RunTime:0.0002s ]
SQL: SHOW COLUMNS FROM `hqjhc_staffs` [ RunTime:0.0003s ]
SQL: SELECT * FROM `hqjhc_staffs` WHERE `stffid` = 6 LIMIT 1   [ RunTime:0.0002s ]
SQL: SHOW COLUMNS FROM `hqjhc_staffs` [ RunTime:0.0003s ]
SQL: SELECT * FROM `hqjhc_staffs` WHERE `stffid` = 6 LIMIT 1   [ RunTime:0.0002s ]
SQL: SHOW COLUMNS FROM `hqjhc_staffs` [ RunTime:0.0003s ]
SQL: SELECT * FROM `hqjhc_staffs` WHERE `stffid` = 6 LIMIT 1   [ RunTime:0.0002s ]
SQL: SHOW COLUMNS FROM `hqjhc_staffs` [ RunTime:0.0003s ]
SQL: SELECT * FROM `hqjhc_staffs` WHERE `stffid` = 6 LIMIT 1   [ RunTime:0.0002s ]
SQL: SHOW COLUMNS FROM `hqjhc_staffs` [ RunTime:0.0003s ]
SQL: SELECT * FROM `hqjhc_staffs` WHERE `stffid` = 6 LIMIT 1   [ RunTime:0.0002s ]
SQL: SHOW COLUMNS FROM `hqjhc_staffs` [ RunTime:0.0003s ]
SQL: SELECT * FROM `hqjhc_staffs` WHERE `stffid` = 6 LIMIT 1   [ RunTime:0.0002s ]
SQL: SHOW COLUMNS FROM `hqjhc_staffs` [ RunTime:0.0003s ]
SQL: SELECT * FROM `hqjhc_staffs` WHERE `stffid` = 6 LIMIT 1   [ RunTime:0.0002s ]
SQL: SHOW COLUMNS FROM `hqjhc_staffs` [ RunTime:0.0003s ]
SQL: SELECT * FROM `hqjhc_staffs` WHERE `stffid` = 6 LIMIT 1   [ RunTime:0.0002s ]
SQL: SHOW COLUMNS FROM `hqjhc_staffs` [ RunTime:0.0003s ]
SQL: SELECT * FROM `hqjhc_staffs` WHERE `stffid` = 6 LIMIT 1   [ RunTime:0.0002s ]
SQL: SHOW COLUMNS FROM `hqjhc_staffs` [ RunTime:0.0003s ]
SQL: SELECT * FROM `hqjhc_staffs` WHERE `stffid` = 6 LIMIT 1   [ RunTime:0.0001s ]
SQL: SHOW COLUMNS FROM `hqjhc_staffs` [ RunTime:0.0003s ]
SQL: SELECT * FROM `hqjhc_staffs` WHERE `stffid` = 6 LIMIT 1   [ RunTime:0.0002s ]
SQL: SHOW COLUMNS FROM `hqjhc_staffs` [ RunTime:0.0003s ]
SQL: SELECT * FROM `hqjhc_staffs` WHERE `stffid` = 6 LIMIT 1   [ RunTime:0.0002s ]
SQL: SHOW COLUMNS FROM `hqjhc_staffs` [ RunTime:0.0003s ]
SQL: SELECT * FROM `hqjhc_staffs` WHERE `stffid` = 6 LIMIT 1   [ RunTime:0.0001s ]
SQL: SHOW COLUMNS FROM `hqjhc_staffs` [ RunTime:0.0003s ]
SQL: SELECT * FROM `hqjhc_staffs` WHERE `stffid` = 6 LIMIT 1   [ RunTime:0.0002s ]
INFO: [ view_parse ] --START--
INFO: [ template_filter ] --START--
INFO: Run Behavior\ContentReplaceBehavior [ RunTime:0.000087s ]
INFO: [ template_filter ] --END-- [ RunTime:0.000103s ]
NOTIC: [8] Undefined property: Think\Storage\Driver\File::$_data /home/www/hqjhc/backend/Runtime/Cache/Product/1a44bb7e032edef322c7697db9b31796.php 第 243 行.
INFO: Run Behavior\ParseTemplateBehavior [ RunTime:0.009165s ]
INFO: [ view_parse ] --END-- [ RunTime:0.009182s ]
INFO: [ view_filter ] --START--
INFO: Run Behavior\WriteHtmlCacheBehavior [ RunTime:0.000080s ]
INFO: [ view_filter ] --END-- [ RunTime:0.000094s ]
INFO: [ app_end ] --START--
INFO: Run Behavior\ShowPageTraceBehavior [ RunTime:0.000312s ]
INFO: [ app_end ] --END-- [ RunTime:0.000330s ]

[ 2018-02-28T17:54:42+08:00 ] 101.44.12.72 /admin.php/Product/Index/acrosspage.html
INFO: [ app_init ] --START--
INFO: Run Behavior\BuildLiteBehavior [ RunTime:0.000007s ]
INFO: [ app_init ] --END-- [ RunTime:0.000206s ]
INFO: [ app_begin ] --START--
INFO: Run Behavior\ReadHtmlCacheBehavior [ RunTime:0.000290s ]
INFO: [ app_begin ] --END-- [ RunTime:0.000313s ]
NOTIC: [8] A session had already been started - ignoring session_start() /home/www/hqjhc/ThinkPHP/Common/functions.php 第 1263 行.
SQL: SHOW COLUMNS FROM `hqjhc_staffs` [ RunTime:0.0006s ]
SQL: SHOW COLUMNS FROM `hqjhc_staffs` [ RunTime:0.0004s ]
SQL: SELECT * FROM `hqjhc_staffs` WHERE `stffid` = 6 LIMIT 1   [ RunTime:0.0002s ]
SQL: SHOW COLUMNS FROM `hqjhc_goods` [ RunTime:0.0005s ]
SQL: SELECT COUNT(*) AS tp_count FROM `hqjhc_goods` WHERE `dataFlag` = 0 AND `status` = 1 LIMIT 1   [ RunTime:0.0002s ]
SQL: SELECT * FROM `hqjhc_goods` WHERE `dataFlag` = 0 AND `status` = 1 ORDER BY `id` desc LIMIT 0,15   [ RunTime:0.0005s ]
INFO: [ view_parse ] --START--
INFO: [ template_filter ] --START--
INFO: Run Behavior\ContentReplaceBehavior [ RunTime:0.000089s ]
INFO: [ template_filter ] --END-- [ RunTime:0.000107s ]
NOTIC: [8] Undefined property: Think\Storage\Driver\File::$_data /home/www/hqjhc/backend/Runtime/Cache/Product/a400cb47fd820adcf5a74c5959263d3d.php 第 243 行.
INFO: Run Behavior\ParseTemplateBehavior [ RunTime:0.008485s ]
INFO: [ view_parse ] --END-- [ RunTime:0.008501s ]
INFO: [ view_filter ] --START--
INFO: Run Behavior\WriteHtmlCacheBehavior [ RunTime:0.000073s ]
INFO: [ view_filter ] --END-- [ RunTime:0.000086s ]
INFO: [ app_end ] --START--
INFO: Run Behavior\ShowPageTraceBehavior [ RunTime:0.000302s ]
INFO: [ app_end ] --END-- [ RunTime:0.000318s ]

[ 2018-02-28T17:54:44+08:00 ] 101.44.12.72 /admin.php/Product/Index/index.html
INFO: [ app_init ] --START--
INFO: Run Behavior\BuildLiteBehavior [ RunTime:0.000006s ]
INFO: [ app_init ] --END-- [ RunTime:0.000183s ]
INFO: [ app_begin ] --START--
INFO: Run Behavior\ReadHtmlCacheBehavior [ RunTime:0.000228s ]
INFO: [ app_begin ] --END-- [ RunTime:0.000246s ]
NOTIC: [8] A session had already been started - ignoring session_start() /home/www/hqjhc/ThinkPHP/Common/functions.php 第 1263 行.
SQL: SHOW COLUMNS FROM `hqjhc_staffs` [ RunTime:0.0006s ]
SQL: SHOW COLUMNS FROM `hqjhc_staffs` [ RunTime:0.0003s ]
SQL: SELECT * FROM `hqjhc_staffs` WHERE `stffid` = 6 LIMIT 1   [ RunTime:0.0002s ]
SQL: SHOW COLUMNS FROM `hqjhc_goods` [ RunTime:0.0005s ]
SQL: SELECT COUNT(*) AS tp_count FROM `hqjhc_goods` WHERE `dataFlag` = 0 AND `status` = 0 LIMIT 1   [ RunTime:0.0002s ]
SQL: SELECT * FROM `hqjhc_goods` WHERE `dataFlag` = 0 AND `status` = 0 ORDER BY `id` desc LIMIT 0,15   [ RunTime:0.0005s ]
SQL: SHOW COLUMNS FROM `hqjhc_staffs` [ RunTime:0.0003s ]
SQL: SELECT * FROM `hqjhc_staffs` WHERE `stffid` = 6 LIMIT 1   [ RunTime:0.0002s ]
SQL: SHOW COLUMNS FROM `hqjhc_staffs` [ RunTime:0.0003s ]
SQL: SELECT * FROM `hqjhc_staffs` WHERE `stffid` = 6 LIMIT 1   [ RunTime:0.0002s ]
SQL: SHOW COLUMNS FROM `hqjhc_staffs` [ RunTime:0.0003s ]
SQL: SELECT * FROM `hqjhc_staffs` WHERE `stffid` = 6 LIMIT 1   [ RunTime:0.0002s ]
SQL: SHOW COLUMNS FROM `hqjhc_staffs` [ RunTime:0.0003s ]
SQL: SELECT * FROM `hqjhc_staffs` WHERE `stffid` = 6 LIMIT 1   [ RunTime:0.0002s ]
INFO: [ view_parse ] --START--
INFO: [ template_filter ] --START--
INFO: Run Behavior\ContentReplaceBehavior [ RunTime:0.000080s ]
INFO: [ template_filter ] --END-- [ RunTime:0.000097s ]
NOTIC: [8] Undefined property: Think\Storage\Driver\File::$_data /home/www/hqjhc/backend/Runtime/Cache/Product/704c2fabc170fcbe2f81534a8a83106f.php 第 243 行.
INFO: Run Behavior\ParseTemplateBehavior [ RunTime:0.008104s ]
INFO: [ view_parse ] --END-- [ RunTime:0.008120s ]
INFO: [ view_filter ] --START--
INFO: Run Behavior\WriteHtmlCacheBehavior [ RunTime:0.000076s ]
INFO: [ view_filter ] --END-- [ RunTime:0.000089s ]
INFO: [ app_end ] --START--
INFO: Run Behavior\ShowPageTraceBehavior [ RunTime:0.000276s ]
INFO: [ app_end ] --END-- [ RunTime:0.000292s ]

[ 2018-02-28T17:55:39+08:00 ] 61.151.178.170 /admin.php/Product/Index/failpage.html
INFO: [ app_init ] --START--
INFO: Run Behavior\BuildLiteBehavior [ RunTime:0.000006s ]
INFO: [ app_init ] --END-- [ RunTime:0.000187s ]
INFO: [ app_begin ] --START--
INFO: Run Behavior\ReadHtmlCacheBehavior [ RunTime:0.000239s ]
INFO: [ app_begin ] --END-- [ RunTime:0.000257s ]
NOTIC: [8] A session had already been started - ignoring session_start() /home/www/hqjhc/ThinkPHP/Common/functions.php 第 1263 行.
SQL: SHOW COLUMNS FROM `hqjhc_staffs` [ RunTime:0.0006s ]

[ 2018-02-28T17:55:40+08:00 ] 61.151.218.119 /admin.php/Product/Index/downproductpage.html
INFO: [ app_init ] --START--
INFO: Run Behavior\BuildLiteBehavior [ RunTime:0.000007s ]
INFO: [ app_init ] --END-- [ RunTime:0.000180s ]
INFO: [ app_begin ] --START--
INFO: Run Behavior\ReadHtmlCacheBehavior [ RunTime:0.000230s ]
INFO: [ app_begin ] --END-- [ RunTime:0.000247s ]
NOTIC: [8] A session had already been started - ignoring session_start() /home/www/hqjhc/ThinkPHP/Common/functions.php 第 1263 行.
SQL: SHOW COLUMNS FROM `hqjhc_staffs` [ RunTime:0.0005s ]

