[ 2017-12-01T19:45:31+08:00 ] 101.81.120.60 /admin.php/Ship/Shipping/index.html
INFO: [ app_init ] --START--
INFO: Run Behavior\BuildLiteBehavior [ RunTime:0.000007s ]
INFO: [ app_init ] --END-- [ RunTime:0.000184s ]
INFO: [ app_begin ] --START--
INFO: Run Behavior\ReadHtmlCacheBehavior [ RunTime:0.000228s ]
INFO: [ app_begin ] --END-- [ RunTime:0.000245s ]
NOTIC: [8] A session had already been started - ignoring session_start() /home/www/hqjhc/ThinkPHP/Common/functions.php 第 1263 行.
SQL: SHOW COLUMNS FROM `hqjhc_staffs` [ RunTime:0.0005s ]
SQL: SHOW COLUMNS FROM `hqjhc_staffs` [ RunTime:0.0003s ]
SQL: SELECT * FROM `hqjhc_staffs` WHERE `stffid` = 6 LIMIT 1   [ RunTime:0.0002s ]
SQL: SHOW COLUMNS FROM `hqjhc_goods_template` [ RunTime:0.0003s ]
NOTIC: [8] Undefined index: template_name /home/www/hqjhc/backend/Ship/Controller/ShippingController.class.php 第 13 行.
NOTIC: [8] Undefined index: price_way /home/www/hqjhc/backend/Ship/Controller/ShippingController.class.php 第 20 行.
NOTIC: [8] Undefined index: start_add_time /home/www/hqjhc/backend/Ship/Controller/ShippingController.class.php 第 28 行.
NOTIC: [8] Undefined index: end_add_time /home/www/hqjhc/backend/Ship/Controller/ShippingController.class.php 第 37 行.
SQL: SELECT COUNT(*) AS tp_count FROM `hqjhc_goods_template` WHERE `status` = 1 LIMIT 1   [ RunTime:0.0002s ]
SQL: SELECT * FROM `hqjhc_goods_template` WHERE `status` = 1 ORDER BY price_way LIMIT 0,10   [ RunTime:0.0002s ]
SQL: SHOW COLUMNS FROM `hqjhc_shipping_way` [ RunTime:0.0003s ]
NOTIC: [8] Use of undefined constant country - assumed 'country' /home/www/hqjhc/backend/Ship/Controller/ShippingController.class.php 第 56 行.
SQL: SHOW COLUMNS FROM `hqjhc_area` [ RunTime:0.0003s ]
SQL: SELECT `region_name` FROM `hqjhc_area` WHERE ( region_id=1 ) LIMIT 1   [ RunTime:0.0001s ]
NOTIC: [8] Use of undefined constant province - assumed 'province' /home/www/hqjhc/backend/Ship/Controller/ShippingController.class.php 第 57 行.
SQL: SELECT `region_name` FROM `hqjhc_area` WHERE ( region_id=4 ) LIMIT 1   [ RunTime:0.0001s ]
NOTIC: [8] Use of undefined constant city - assumed 'city' /home/www/hqjhc/backend/Ship/Controller/ShippingController.class.php 第 58 行.
SQL: SELECT `region_name` FROM `hqjhc_area` WHERE ( region_id=54 ) LIMIT 1   [ RunTime:0.0001s ]
SQL: SELECT `region_name` FROM `hqjhc_area` WHERE ( region_id=532 ) LIMIT 1   [ RunTime:0.0001s ]
SQL: SELECT * FROM `hqjhc_shipping_way` WHERE ( template_id=91 and is_default=1 ) LIMIT 1   [ RunTime:0.0002s ]
NOTIC: [8] Use of undefined constant country - assumed 'country' /home/www/hqjhc/backend/Ship/Controller/ShippingController.class.php 第 56 行.
SQL: SELECT `region_name` FROM `hqjhc_area` WHERE ( region_id=1 ) LIMIT 1   [ RunTime:0.0001s ]
NOTIC: [8] Use of undefined constant province - assumed 'province' /home/www/hqjhc/backend/Ship/Controller/ShippingController.class.php 第 57 行.
SQL: SELECT `region_name` FROM `hqjhc_area` WHERE ( region_id=3 ) LIMIT 1   [ RunTime:0.0001s ]
NOTIC: [8] Use of undefined constant city - assumed 'city' /home/www/hqjhc/backend/Ship/Controller/ShippingController.class.php 第 58 行.
SQL: SELECT `region_name` FROM `hqjhc_area` WHERE ( region_id=38 ) LIMIT 1   [ RunTime:0.0001s ]
SQL: SELECT `region_name` FROM `hqjhc_area` WHERE ( region_id=418 ) LIMIT 1   [ RunTime:0.0001s ]
SQL: SELECT * FROM `hqjhc_shipping_way` WHERE ( template_id=92 and is_default=1 ) LIMIT 1   [ RunTime:0.0002s ]
NOTIC: [8] Use of undefined constant country - assumed 'country' /home/www/hqjhc/backend/Ship/Controller/ShippingController.class.php 第 56 行.
SQL: SELECT `region_name` FROM `hqjhc_area` WHERE ( region_id=1 ) LIMIT 1   [ RunTime:0.0001s ]
NOTIC: [8] Use of undefined constant province - assumed 'province' /home/www/hqjhc/backend/Ship/Controller/ShippingController.class.php 第 57 行.
SQL: SELECT `region_name` FROM `hqjhc_area` WHERE ( region_id=3 ) LIMIT 1   [ RunTime:0.0001s ]
NOTIC: [8] Use of undefined constant city - assumed 'city' /home/www/hqjhc/backend/Ship/Controller/ShippingController.class.php 第 58 行.
SQL: SELECT `region_name` FROM `hqjhc_area` WHERE ( region_id=39 ) LIMIT 1   [ RunTime:0.0001s ]
SQL: SELECT `region_name` FROM `hqjhc_area` WHERE ( region_id=424 ) LIMIT 1   [ RunTime:0.0001s ]
SQL: SELECT * FROM `hqjhc_shipping_way` WHERE ( template_id=93 and is_default=1 ) LIMIT 1   [ RunTime:0.0002s ]
NOTIC: [8] Use of undefined constant country - assumed 'country' /home/www/hqjhc/backend/Ship/Controller/ShippingController.class.php 第 56 行.
SQL: SELECT `region_name` FROM `hqjhc_area` WHERE ( region_id=1 ) LIMIT 1   [ RunTime:0.0001s ]
NOTIC: [8] Use of undefined constant province - assumed 'province' /home/www/hqjhc/backend/Ship/Controller/ShippingController.class.php 第 57 行.
SQL: SELECT `region_name` FROM `hqjhc_area` WHERE ( region_id=4 ) LIMIT 1   [ RunTime:0.0001s ]
NOTIC: [8] Use of undefined constant city - assumed 'city' /home/www/hqjhc/backend/Ship/Controller/ShippingController.class.php 第 58 行.
SQL: SELECT `region_name` FROM `hqjhc_area` WHERE ( region_id=56 ) LIMIT 1   [ RunTime:0.0001s ]
SQL: SELECT `region_name` FROM `hqjhc_area` WHERE ( region_id=551 ) LIMIT 1   [ RunTime:0.0001s ]
SQL: SELECT * FROM `hqjhc_shipping_way` WHERE ( template_id=94 and is_default=1 ) LIMIT 1   [ RunTime:0.0002s ]
NOTIC: [8] Use of undefined constant country - assumed 'country' /home/www/hqjhc/backend/Ship/Controller/ShippingController.class.php 第 56 行.
SQL: SELECT `region_name` FROM `hqjhc_area` WHERE ( region_id=1 ) LIMIT 1   [ RunTime:0.0001s ]
NOTIC: [8] Use of undefined constant province - assumed 'province' /home/www/hqjhc/backend/Ship/Controller/ShippingController.class.php 第 57 行.
SQL: SELECT `region_name` FROM `hqjhc_area` WHERE ( region_id=3 ) LIMIT 1   [ RunTime:0.0001s ]
NOTIC: [8] Use of undefined constant city - assumed 'city' /home/www/hqjhc/backend/Ship/Controller/ShippingController.class.php 第 58 行.
SQL: SELECT `region_name` FROM `hqjhc_area` WHERE ( region_id=46 ) LIMIT 1   [ RunTime:0.0001s ]
SQL: SELECT `region_name` FROM `hqjhc_area` WHERE ( region_id=469 ) LIMIT 1   [ RunTime:0.0001s ]
SQL: SELECT * FROM `hqjhc_shipping_way` WHERE ( template_id=95 and is_default=1 ) LIMIT 1   [ RunTime:0.0002s ]
NOTIC: [8] Use of undefined constant country - assumed 'country' /home/www/hqjhc/backend/Ship/Controller/ShippingController.class.php 第 56 行.
SQL: SELECT `region_name` FROM `hqjhc_area` WHERE ( region_id=1 ) LIMIT 1   [ RunTime:0.0001s ]
NOTIC: [8] Use of undefined constant province - assumed 'province' /home/www/hqjhc/backend/Ship/Controller/ShippingController.class.php 第 57 行.
SQL: SELECT `region_name` FROM `hqjhc_area` WHERE ( region_id=3 ) LIMIT 1   [ RunTime:0.0001s ]
NOTIC: [8] Use of undefined constant city - assumed 'city' /home/www/hqjhc/backend/Ship/Controller/ShippingController.class.php 第 58 行.
SQL: SELECT `region_name` FROM `hqjhc_area` WHERE ( region_id=38 ) LIMIT 1   [ RunTime:0.0001s ]
SQL: SELECT `region_name` FROM `hqjhc_area` WHERE ( region_id=418 ) LIMIT 1   [ RunTime:0.0001s ]
SQL: SELECT * FROM `hqjhc_shipping_way` WHERE ( template_id=96 and is_default=1 ) LIMIT 1   [ RunTime:0.0002s ]
NOTIC: [8] Use of undefined constant country - assumed 'country' /home/www/hqjhc/backend/Ship/Controller/ShippingController.class.php 第 56 行.
SQL: SELECT `region_name` FROM `hqjhc_area` WHERE ( region_id=1 ) LIMIT 1   [ RunTime:0.0001s ]
NOTIC: [8] Use of undefined constant province - assumed 'province' /home/www/hqjhc/backend/Ship/Controller/ShippingController.class.php 第 57 行.
SQL: SELECT `region_name` FROM `hqjhc_area` WHERE ( region_id=5 ) LIMIT 1   [ RunTime:0.0001s ]
NOTIC: [8] Use of undefined constant city - assumed 'city' /home/www/hqjhc/backend/Ship/Controller/ShippingController.class.php 第 58 行.
SQL: SELECT `region_name` FROM `hqjhc_area` WHERE ( region_id=65 ) LIMIT 1   [ RunTime:0.0001s ]
SQL: SELECT `region_name` FROM `hqjhc_area` WHERE ( region_id=627 ) LIMIT 1   [ RunTime:0.0001s ]
SQL: SELECT * FROM `hqjhc_shipping_way` WHERE ( template_id=97 and is_default=1 ) LIMIT 1   [ RunTime:0.0002s ]
NOTIC: [8] Use of undefined constant country - assumed 'country' /home/www/hqjhc/backend/Ship/Controller/ShippingController.class.php 第 56 行.
SQL: SELECT `region_name` FROM `hqjhc_area` WHERE ( region_id=1 ) LIMIT 1   [ RunTime:0.0001s ]
NOTIC: [8] Use of undefined constant province - assumed 'province' /home/www/hqjhc/backend/Ship/Controller/ShippingController.class.php 第 57 行.
SQL: SELECT `region_name` FROM `hqjhc_area` WHERE ( region_id=25 ) LIMIT 1   [ RunTime:0.0001s ]
NOTIC: [8] Use of undefined constant city - assumed 'city' /home/www/hqjhc/backend/Ship/Controller/ShippingController.class.php 第 58 行.
SQL: SELECT `region_name` FROM `hqjhc_area` WHERE ( region_id=321 ) LIMIT 1   [ RunTime:0.0001s ]
SQL: SELECT `region_name` FROM `hqjhc_area` WHERE ( region_id=2708 ) LIMIT 1   [ RunTime:0.0001s ]
SQL: SELECT * FROM `hqjhc_shipping_way` WHERE ( template_id=99 and is_default=1 ) LIMIT 1   [ RunTime:0.0002s ]
INFO: [ view_parse ] --START--
INFO: [ template_filter ] --START--
INFO: Run Behavior\ContentReplaceBehavior [ RunTime:0.000081s ]
INFO: [ template_filter ] --END-- [ RunTime:0.000096s ]
NOTIC: [8] Undefined property: Think\Storage\Driver\File::$_data /home/www/hqjhc/backend/Runtime/Cache/Ship/529c4d375933c9f92131117ff931bbde.php 第 244 行.
NOTIC: [8] Use of undefined constant template_id - assumed 'template_id' /home/www/hqjhc/backend/Runtime/Cache/Ship/529c4d375933c9f92131117ff931bbde.php 第 634 行.
NOTIC: [8] Use of undefined constant template_id - assumed 'template_id' /home/www/hqjhc/backend/Runtime/Cache/Ship/529c4d375933c9f92131117ff931bbde.php 第 635 行.
NOTIC: [8] Undefined variable: vo /home/www/hqjhc/backend/Runtime/Cache/Ship/529c4d375933c9f92131117ff931bbde.php 第 637 行.
NOTIC: [8] Use of undefined constant template_id - assumed 'template_id' /home/www/hqjhc/backend/Runtime/Cache/Ship/529c4d375933c9f92131117ff931bbde.php 第 634 行.
NOTIC: [8] Use of undefined constant template_id - assumed 'template_id' /home/www/hqjhc/backend/Runtime/Cache/Ship/529c4d375933c9f92131117ff931bbde.php 第 635 行.
NOTIC: [8] Undefined variable: vo /home/www/hqjhc/backend/Runtime/Cache/Ship/529c4d375933c9f92131117ff931bbde.php 第 637 行.
NOTIC: [8] Use of undefined constant template_id - assumed 'template_id' /home/www/hqjhc/backend/Runtime/Cache/Ship/529c4d375933c9f92131117ff931bbde.php 第 634 行.
NOTIC: [8] Use of undefined constant template_id - assumed 'template_id' /home/www/hqjhc/backend/Runtime/Cache/Ship/529c4d375933c9f92131117ff931bbde.php 第 635 行.
NOTIC: [8] Undefined variable: vo /home/www/hqjhc/backend/Runtime/Cache/Ship/529c4d375933c9f92131117ff931bbde.php 第 637 行.
NOTIC: [8] Use of undefined constant template_id - assumed 'template_id' /home/www/hqjhc/backend/Runtime/Cache/Ship/529c4d375933c9f92131117ff931bbde.php 第 634 行.
NOTIC: [8] Use of undefined constant template_id - assumed 'template_id' /home/www/hqjhc/backend/Runtime/Cache/Ship/529c4d375933c9f92131117ff931bbde.php 第 635 行.
NOTIC: [8] Undefined variable: vo /home/www/hqjhc/backend/Runtime/Cache/Ship/529c4d375933c9f92131117ff931bbde.php 第 637 行.
NOTIC: [8] Use of undefined constant template_id - assumed 'template_id' /home/www/hqjhc/backend/Runtime/Cache/Ship/529c4d375933c9f92131117ff931bbde.php 第 634 行.
NOTIC: [8] Use of undefined constant template_id - assumed 'template_id' /home/www/hqjhc/backend/Runtime/Cache/Ship/529c4d375933c9f92131117ff931bbde.php 第 635 行.
NOTIC: [8] Undefined variable: vo /home/www/hqjhc/backend/Runtime/Cache/Ship/529c4d375933c9f92131117ff931bbde.php 第 637 行.
NOTIC: [8] Use of undefined constant template_id - assumed 'template_id' /home/www/hqjhc/backend/Runtime/Cache/Ship/529c4d375933c9f92131117ff931bbde.php 第 634 行.
NOTIC: [8] Use of undefined constant template_id - assumed 'template_id' /home/www/hqjhc/backend/Runtime/Cache/Ship/529c4d375933c9f92131117ff931bbde.php 第 635 行.
NOTIC: [8] Undefined variable: vo /home/www/hqjhc/backend/Runtime/Cache/Ship/529c4d375933c9f92131117ff931bbde.php 第 637 行.
NOTIC: [8] Use of undefined constant template_id - assumed 'template_id' /home/www/hqjhc/backend/Runtime/Cache/Ship/529c4d375933c9f92131117ff931bbde.php 第 634 行.
NOTIC: [8] Use of undefined constant template_id - assumed 'template_id' /home/www/hqjhc/backend/Runtime/Cache/Ship/529c4d375933c9f92131117ff931bbde.php 第 635 行.
NOTIC: [8] Undefined variable: vo /home/www/hqjhc/backend/Runtime/Cache/Ship/529c4d375933c9f92131117ff931bbde.php 第 637 行.
NOTIC: [8] Use of undefined constant template_id - assumed 'template_id' /home/www/hqjhc/backend/Runtime/Cache/Ship/529c4d375933c9f92131117ff931bbde.php 第 634 行.
NOTIC: [8] Use of undefined constant template_id - assumed 'template_id' /home/www/hqjhc/backend/Runtime/Cache/Ship/529c4d375933c9f92131117ff931bbde.php 第 635 行.
NOTIC: [8] Undefined variable: vo /home/www/hqjhc/backend/Runtime/Cache/Ship/529c4d375933c9f92131117ff931bbde.php 第 637 行.
NOTIC: [8] Undefined variable: vo /home/www/hqjhc/backend/Runtime/Cache/Ship/529c4d375933c9f92131117ff931bbde.php 第 640 行.
NOTIC: [8] Undefined variable: vo /home/www/hqjhc/backend/Runtime/Cache/Ship/529c4d375933c9f92131117ff931bbde.php 第 641 行.
NOTIC: [8] Undefined variable: vo /home/www/hqjhc/backend/Runtime/Cache/Ship/529c4d375933c9f92131117ff931bbde.php 第 642 行.
NOTIC: [8] Undefined variable: vo /home/www/hqjhc/backend/Runtime/Cache/Ship/529c4d375933c9f92131117ff931bbde.php 第 643 行.
NOTIC: [8] Undefined variable: vo /home/www/hqjhc/backend/Runtime/Cache/Ship/529c4d375933c9f92131117ff931bbde.php 第 644 行.
NOTIC: [8] Undefined variable: vo /home/www/hqjhc/backend/Runtime/Cache/Ship/529c4d375933c9f92131117ff931bbde.php 第 645 行.
NOTIC: [8] Undefined variable: vo /home/www/hqjhc/backend/Runtime/Cache/Ship/529c4d375933c9f92131117ff931bbde.php 第 646 行.
NOTIC: [8] Undefined variable: vo /home/www/hqjhc/backend/Runtime/Cache/Ship/529c4d375933c9f92131117ff931bbde.php 第 647 行.
NOTIC: [8] Undefined variable: vo /home/www/hqjhc/backend/Runtime/Cache/Ship/529c4d375933c9f92131117ff931bbde.php 第 648 行.
NOTIC: [8] Undefined variable: vo /home/www/hqjhc/backend/Runtime/Cache/Ship/529c4d375933c9f92131117ff931bbde.php 第 650 行.
NOTIC: [8] Undefined variable: vo /home/www/hqjhc/backend/Runtime/Cache/Ship/529c4d375933c9f92131117ff931bbde.php 第 655 行.
NOTIC: [8] Undefined variable: vo /home/www/hqjhc/backend/Runtime/Cache/Ship/529c4d375933c9f92131117ff931bbde.php 第 658 行.
INFO: Run Behavior\ParseTemplateBehavior [ RunTime:0.007593s ]
INFO: [ view_parse ] --END-- [ RunTime:0.007606s ]
INFO: [ view_filter ] --START--
INFO: Run Behavior\WriteHtmlCacheBehavior [ RunTime:0.000089s ]
INFO: [ view_filter ] --END-- [ RunTime:0.000101s ]
INFO: [ app_end ] --START--
INFO: Run Behavior\ShowPageTraceBehavior [ RunTime:0.000252s ]
INFO: [ app_end ] --END-- [ RunTime:0.000266s ]

[ 2017-12-01T19:45:33+08:00 ] 101.81.120.60 /admin.php/Ship/Shipping/add.html
INFO: [ app_init ] --START--
INFO: Run Behavior\BuildLiteBehavior [ RunTime:0.000006s ]
INFO: [ app_init ] --END-- [ RunTime:0.000152s ]
INFO: [ app_begin ] --START--
INFO: Run Behavior\ReadHtmlCacheBehavior [ RunTime:0.000196s ]
INFO: [ app_begin ] --END-- [ RunTime:0.000212s ]
NOTIC: [8] A session had already been started - ignoring session_start() /home/www/hqjhc/ThinkPHP/Common/functions.php 第 1263 行.
SQL: SHOW COLUMNS FROM `hqjhc_staffs` [ RunTime:0.0005s ]
SQL: SHOW COLUMNS FROM `hqjhc_staffs` [ RunTime:0.0003s ]
SQL: SELECT * FROM `hqjhc_staffs` WHERE `stffid` = 6 LIMIT 1   [ RunTime:0.0002s ]
SQL: SHOW COLUMNS FROM `hqjhc_area` [ RunTime:0.0002s ]
NOTIC: [8] Undefined index: shop_id /home/www/hqjhc/backend/Ship/Controller/ShippingController.class.php 第 173 行.
SQL: SELECT * FROM `hqjhc_area` WHERE `region_type` = 0  [ RunTime:0.0002s ]
INFO: [ view_parse ] --START--
INFO: [ template_filter ] --START--
INFO: Run Behavior\ContentReplaceBehavior [ RunTime:0.000056s ]
INFO: [ template_filter ] --END-- [ RunTime:0.000071s ]
INFO: Run Behavior\ParseTemplateBehavior [ RunTime:0.004745s ]
INFO: [ view_parse ] --END-- [ RunTime:0.004760s ]
INFO: [ view_filter ] --START--
INFO: Run Behavior\WriteHtmlCacheBehavior [ RunTime:0.000069s ]
INFO: [ view_filter ] --END-- [ RunTime:0.000078s ]
INFO: [ app_end ] --START--
INFO: Run Behavior\ShowPageTraceBehavior [ RunTime:0.000233s ]
INFO: [ app_end ] --END-- [ RunTime:0.000246s ]

[ 2017-12-01T19:45:34+08:00 ] 101.81.120.60 /admin.php/Ship/Shipping/getArea.html
INFO: [ app_init ] --START--
INFO: Run Behavior\BuildLiteBehavior [ RunTime:0.000006s ]
INFO: [ app_init ] --END-- [ RunTime:0.000153s ]
INFO: [ app_begin ] --START--
INFO: Run Behavior\ReadHtmlCacheBehavior [ RunTime:0.000228s ]
INFO: [ app_begin ] --END-- [ RunTime:0.000245s ]
NOTIC: [8] A session had already been started - ignoring session_start() /home/www/hqjhc/ThinkPHP/Common/functions.php 第 1263 行.
SQL: SHOW COLUMNS FROM `hqjhc_staffs` [ RunTime:0.0005s ]
SQL: SHOW COLUMNS FROM `hqjhc_staffs` [ RunTime:0.0003s ]
SQL: SELECT * FROM `hqjhc_staffs` WHERE `stffid` = 6 LIMIT 1   [ RunTime:0.0002s ]
SQL: SHOW COLUMNS FROM `hqjhc_larger_area` [ RunTime:0.0003s ]
SQL: SELECT * FROM `hqjhc_larger_area`  [ RunTime:0.0001s ]
INFO: [ app_end ] --START--
INFO: Run Behavior\ShowPageTraceBehavior [ RunTime:0.000235s ]
INFO: [ app_end ] --END-- [ RunTime:0.000250s ]

[ 2017-12-01T19:45:38+08:00 ] 101.81.120.60 /admin.php/Ship/Shipping/get_city.html?parent=1
INFO: [ app_init ] --START--
INFO: Run Behavior\BuildLiteBehavior [ RunTime:0.000006s ]
INFO: [ app_init ] --END-- [ RunTime:0.000166s ]
INFO: [ app_begin ] --START--
INFO: Run Behavior\ReadHtmlCacheBehavior [ RunTime:0.000209s ]
INFO: [ app_begin ] --END-- [ RunTime:0.000224s ]
NOTIC: [8] A session had already been started - ignoring session_start() /home/www/hqjhc/ThinkPHP/Common/functions.php 第 1263 行.
SQL: SHOW COLUMNS FROM `hqjhc_staffs` [ RunTime:0.0005s ]
SQL: SHOW COLUMNS FROM `hqjhc_staffs` [ RunTime:0.0003s ]
SQL: SELECT * FROM `hqjhc_staffs` WHERE `stffid` = 6 LIMIT 1   [ RunTime:0.0002s ]
SQL: SHOW COLUMNS FROM `hqjhc_area` [ RunTime:0.0003s ]
SQL: SELECT * FROM `hqjhc_area` WHERE ( parent_id=1 )  [ RunTime:0.0002s ]

[ 2017-12-01T19:45:39+08:00 ] 101.81.120.60 /admin.php/Ship/Shipping/get_city.html?parent=12
INFO: [ app_init ] --START--
INFO: Run Behavior\BuildLiteBehavior [ RunTime:0.000007s ]
INFO: [ app_init ] --END-- [ RunTime:0.000175s ]
INFO: [ app_begin ] --START--
INFO: Run Behavior\ReadHtmlCacheBehavior [ RunTime:0.000229s ]
INFO: [ app_begin ] --END-- [ RunTime:0.000247s ]
NOTIC: [8] A session had already been started - ignoring session_start() /home/www/hqjhc/ThinkPHP/Common/functions.php 第 1263 行.
SQL: SHOW COLUMNS FROM `hqjhc_staffs` [ RunTime:0.0005s ]
SQL: SHOW COLUMNS FROM `hqjhc_staffs` [ RunTime:0.0003s ]
SQL: SELECT * FROM `hqjhc_staffs` WHERE `stffid` = 6 LIMIT 1   [ RunTime:0.0002s ]
SQL: SHOW COLUMNS FROM `hqjhc_area` [ RunTime:0.0003s ]
SQL: SELECT * FROM `hqjhc_area` WHERE ( parent_id=12 )  [ RunTime:0.0002s ]

[ 2017-12-01T19:45:41+08:00 ] 101.226.33.240 /admin.php/Ship/Shipping/index.html
INFO: [ app_init ] --START--
INFO: Run Behavior\BuildLiteBehavior [ RunTime:0.000006s ]
INFO: [ app_init ] --END-- [ RunTime:0.000151s ]
INFO: [ app_begin ] --START--
INFO: Run Behavior\ReadHtmlCacheBehavior [ RunTime:0.000196s ]
INFO: [ app_begin ] --END-- [ RunTime:0.000212s ]
NOTIC: [8] A session had already been started - ignoring session_start() /home/www/hqjhc/ThinkPHP/Common/functions.php 第 1263 行.
SQL: SHOW COLUMNS FROM `hqjhc_staffs` [ RunTime:0.0005s ]

[ 2017-12-01T19:45:41+08:00 ] 101.81.120.60 /admin.php/Ship/Shipping/get_city.html?parent=171
INFO: [ app_init ] --START--
INFO: Run Behavior\BuildLiteBehavior [ RunTime:0.000006s ]
INFO: [ app_init ] --END-- [ RunTime:0.000150s ]
INFO: [ app_begin ] --START--
INFO: Run Behavior\ReadHtmlCacheBehavior [ RunTime:0.000211s ]
INFO: [ app_begin ] --END-- [ RunTime:0.000227s ]
NOTIC: [8] A session had already been started - ignoring session_start() /home/www/hqjhc/ThinkPHP/Common/functions.php 第 1263 行.
SQL: SHOW COLUMNS FROM `hqjhc_staffs` [ RunTime:0.0005s ]
SQL: SHOW COLUMNS FROM `hqjhc_staffs` [ RunTime:0.0003s ]
SQL: SELECT * FROM `hqjhc_staffs` WHERE `stffid` = 6 LIMIT 1   [ RunTime:0.0002s ]
SQL: SHOW COLUMNS FROM `hqjhc_area` [ RunTime:0.0003s ]
SQL: SELECT * FROM `hqjhc_area` WHERE ( parent_id=171 )  [ RunTime:0.0002s ]

[ 2017-12-01T19:45:43+08:00 ] 101.226.33.201 /admin.php/Ship/Shipping/add.html
INFO: [ app_init ] --START--
INFO: Run Behavior\BuildLiteBehavior [ RunTime:0.000007s ]
INFO: [ app_init ] --END-- [ RunTime:0.000185s ]
INFO: [ app_begin ] --START--
INFO: Run Behavior\ReadHtmlCacheBehavior [ RunTime:0.000228s ]
INFO: [ app_begin ] --END-- [ RunTime:0.000245s ]
NOTIC: [8] A session had already been started - ignoring session_start() /home/www/hqjhc/ThinkPHP/Common/functions.php 第 1263 行.
SQL: SHOW COLUMNS FROM `hqjhc_staffs` [ RunTime:0.0005s ]

[ 2017-12-01T19:45:48+08:00 ] 101.226.33.219 /admin.php/Ship/Shipping/get_city.html?parent=1
INFO: [ app_init ] --START--
INFO: Run Behavior\BuildLiteBehavior [ RunTime:0.000007s ]
INFO: [ app_init ] --END-- [ RunTime:0.000173s ]
INFO: [ app_begin ] --START--
INFO: Run Behavior\ReadHtmlCacheBehavior [ RunTime:0.000246s ]
INFO: [ app_begin ] --END-- [ RunTime:0.000264s ]
NOTIC: [8] A session had already been started - ignoring session_start() /home/www/hqjhc/ThinkPHP/Common/functions.php 第 1263 行.
SQL: SHOW COLUMNS FROM `hqjhc_staffs` [ RunTime:0.0005s ]

[ 2017-12-01T19:45:49+08:00 ] 101.226.66.193 /admin.php/Ship/Shipping/get_city.html?parent=12
INFO: [ app_init ] --START--
INFO: Run Behavior\BuildLiteBehavior [ RunTime:0.000006s ]
INFO: [ app_init ] --END-- [ RunTime:0.000193s ]
INFO: [ app_begin ] --START--
INFO: Run Behavior\ReadHtmlCacheBehavior [ RunTime:0.000239s ]
INFO: [ app_begin ] --END-- [ RunTime:0.000256s ]
NOTIC: [8] A session had already been started - ignoring session_start() /home/www/hqjhc/ThinkPHP/Common/functions.php 第 1263 行.
SQL: SHOW COLUMNS FROM `hqjhc_staffs` [ RunTime:0.0005s ]

[ 2017-12-01T19:45:51+08:00 ] 101.226.33.239 /admin.php/Ship/Shipping/get_city.html?parent=171
INFO: [ app_init ] --START--
INFO: Run Behavior\BuildLiteBehavior [ RunTime:0.000005s ]
INFO: [ app_init ] --END-- [ RunTime:0.000160s ]
INFO: [ app_begin ] --START--
INFO: Run Behavior\ReadHtmlCacheBehavior [ RunTime:0.000197s ]
INFO: [ app_begin ] --END-- [ RunTime:0.000211s ]
NOTIC: [8] A session had already been started - ignoring session_start() /home/www/hqjhc/ThinkPHP/Common/functions.php 第 1263 行.
SQL: SHOW COLUMNS FROM `hqjhc_staffs` [ RunTime:0.0005s ]

