[ 2017-11-21T11:40:32+08:00 ] 101.81.120.60 /admin.php/Ship/Shipping/index.html
INFO: [ app_init ] --START--
INFO: Run Behavior\BuildLiteBehavior [ RunTime:0.000006s ]
INFO: [ app_init ] --END-- [ RunTime:0.000197s ]
INFO: [ app_begin ] --START--
INFO: Run Behavior\ReadHtmlCacheBehavior [ RunTime:0.000227s ]
INFO: [ app_begin ] --END-- [ RunTime:0.000244s ]
NOTIC: [8] A session had already been started - ignoring session_start() /home/www/hqjhc/ThinkPHP/Common/functions.php 第 1263 行.
SQL: SHOW COLUMNS FROM `hqjhc_staffs` [ RunTime:0.0006s ]
SQL: SHOW COLUMNS FROM `hqjhc_staffs` [ RunTime:0.0003s ]
SQL: SELECT * FROM `hqjhc_staffs` WHERE `stffid` = 6 LIMIT 1   [ RunTime:0.0003s ]
SQL: SHOW COLUMNS FROM `hqjhc_goods_template` [ RunTime:0.0003s ]
NOTIC: [8] Undefined index: template_name /home/www/hqjhc/backend/Ship/Controller/ShippingController.class.php 第 13 行.
NOTIC: [8] Undefined index: price_way /home/www/hqjhc/backend/Ship/Controller/ShippingController.class.php 第 20 行.
NOTIC: [8] Undefined index: start_add_time /home/www/hqjhc/backend/Ship/Controller/ShippingController.class.php 第 28 行.
NOTIC: [8] Undefined index: end_add_time /home/www/hqjhc/backend/Ship/Controller/ShippingController.class.php 第 37 行.
SQL: SELECT COUNT(*) AS tp_count FROM `hqjhc_goods_template` WHERE `status` = 1 LIMIT 1   [ RunTime:0.0002s ]
SQL: SELECT * FROM `hqjhc_goods_template` WHERE `status` = 1 ORDER BY price_way LIMIT 0,10   [ RunTime:0.0003s ]
SQL: SHOW COLUMNS FROM `hqjhc_shipping_way` [ RunTime:0.0003s ]
NOTIC: [8] Use of undefined constant country - assumed 'country' /home/www/hqjhc/backend/Ship/Controller/ShippingController.class.php 第 56 行.
SQL: SHOW COLUMNS FROM `hqjhc_area` [ RunTime:0.0003s ]
SQL: SELECT `region_name` FROM `hqjhc_area` WHERE ( region_id=1 ) LIMIT 1   [ RunTime:0.0002s ]
NOTIC: [8] Use of undefined constant province - assumed 'province' /home/www/hqjhc/backend/Ship/Controller/ShippingController.class.php 第 57 行.
SQL: SELECT `region_name` FROM `hqjhc_area` WHERE ( region_id=4 ) LIMIT 1   [ RunTime:0.0001s ]
NOTIC: [8] Use of undefined constant city - assumed 'city' /home/www/hqjhc/backend/Ship/Controller/ShippingController.class.php 第 58 行.
SQL: SELECT `region_name` FROM `hqjhc_area` WHERE ( region_id=54 ) LIMIT 1   [ RunTime:0.0001s ]
SQL: SELECT `region_name` FROM `hqjhc_area` WHERE ( region_id=532 ) LIMIT 1   [ RunTime:0.0001s ]
SQL: SELECT * FROM `hqjhc_shipping_way` WHERE ( template_id=91 and is_default=1 ) LIMIT 1   [ RunTime:0.0002s ]
NOTIC: [8] Use of undefined constant country - assumed 'country' /home/www/hqjhc/backend/Ship/Controller/ShippingController.class.php 第 56 行.
SQL: SELECT `region_name` FROM `hqjhc_area` WHERE ( region_id=1 ) LIMIT 1   [ RunTime:0.0002s ]
NOTIC: [8] Use of undefined constant province - assumed 'province' /home/www/hqjhc/backend/Ship/Controller/ShippingController.class.php 第 57 行.
SQL: SELECT `region_name` FROM `hqjhc_area` WHERE ( region_id=3 ) LIMIT 1   [ RunTime:0.0001s ]
NOTIC: [8] Use of undefined constant city - assumed 'city' /home/www/hqjhc/backend/Ship/Controller/ShippingController.class.php 第 58 行.
SQL: SELECT `region_name` FROM `hqjhc_area` WHERE ( region_id=38 ) LIMIT 1   [ RunTime:0.0001s ]
SQL: SELECT `region_name` FROM `hqjhc_area` WHERE ( region_id=418 ) LIMIT 1   [ RunTime:0.0001s ]
SQL: SELECT * FROM `hqjhc_shipping_way` WHERE ( template_id=92 and is_default=1 ) LIMIT 1   [ RunTime:0.0002s ]
NOTIC: [8] Use of undefined constant country - assumed 'country' /home/www/hqjhc/backend/Ship/Controller/ShippingController.class.php 第 56 行.
SQL: SELECT `region_name` FROM `hqjhc_area` WHERE ( region_id=1 ) LIMIT 1   [ RunTime:0.0001s ]
NOTIC: [8] Use of undefined constant province - assumed 'province' /home/www/hqjhc/backend/Ship/Controller/ShippingController.class.php 第 57 行.
SQL: SELECT `region_name` FROM `hqjhc_area` WHERE ( region_id=3 ) LIMIT 1   [ RunTime:0.0001s ]
NOTIC: [8] Use of undefined constant city - assumed 'city' /home/www/hqjhc/backend/Ship/Controller/ShippingController.class.php 第 58 行.
SQL: SELECT `region_name` FROM `hqjhc_area` WHERE ( region_id=39 ) LIMIT 1   [ RunTime:0.0001s ]
SQL: SELECT `region_name` FROM `hqjhc_area` WHERE ( region_id=424 ) LIMIT 1   [ RunTime:0.0001s ]
SQL: SELECT * FROM `hqjhc_shipping_way` WHERE ( template_id=93 and is_default=1 ) LIMIT 1   [ RunTime:0.0002s ]
NOTIC: [8] Use of undefined constant country - assumed 'country' /home/www/hqjhc/backend/Ship/Controller/ShippingController.class.php 第 56 行.
SQL: SELECT `region_name` FROM `hqjhc_area` WHERE ( region_id=1 ) LIMIT 1   [ RunTime:0.0001s ]
NOTIC: [8] Use of undefined constant province - assumed 'province' /home/www/hqjhc/backend/Ship/Controller/ShippingController.class.php 第 57 行.
SQL: SELECT `region_name` FROM `hqjhc_area` WHERE ( region_id=4 ) LIMIT 1   [ RunTime:0.0001s ]
NOTIC: [8] Use of undefined constant city - assumed 'city' /home/www/hqjhc/backend/Ship/Controller/ShippingController.class.php 第 58 行.
SQL: SELECT `region_name` FROM `hqjhc_area` WHERE ( region_id=56 ) LIMIT 1   [ RunTime:0.0001s ]
SQL: SELECT `region_name` FROM `hqjhc_area` WHERE ( region_id=551 ) LIMIT 1   [ RunTime:0.0001s ]
SQL: SELECT * FROM `hqjhc_shipping_way` WHERE ( template_id=94 and is_default=1 ) LIMIT 1   [ RunTime:0.0002s ]
NOTIC: [8] Use of undefined constant country - assumed 'country' /home/www/hqjhc/backend/Ship/Controller/ShippingController.class.php 第 56 行.
SQL: SELECT `region_name` FROM `hqjhc_area` WHERE ( region_id=1 ) LIMIT 1   [ RunTime:0.0001s ]
NOTIC: [8] Use of undefined constant province - assumed 'province' /home/www/hqjhc/backend/Ship/Controller/ShippingController.class.php 第 57 行.
SQL: SELECT `region_name` FROM `hqjhc_area` WHERE ( region_id=3 ) LIMIT 1   [ RunTime:0.0001s ]
NOTIC: [8] Use of undefined constant city - assumed 'city' /home/www/hqjhc/backend/Ship/Controller/ShippingController.class.php 第 58 行.
SQL: SELECT `region_name` FROM `hqjhc_area` WHERE ( region_id=46 ) LIMIT 1   [ RunTime:0.0001s ]
SQL: SELECT `region_name` FROM `hqjhc_area` WHERE ( region_id=469 ) LIMIT 1   [ RunTime:0.0001s ]
SQL: SELECT * FROM `hqjhc_shipping_way` WHERE ( template_id=95 and is_default=1 ) LIMIT 1   [ RunTime:0.0002s ]
NOTIC: [8] Use of undefined constant country - assumed 'country' /home/www/hqjhc/backend/Ship/Controller/ShippingController.class.php 第 56 行.
SQL: SELECT `region_name` FROM `hqjhc_area` WHERE ( region_id=1 ) LIMIT 1   [ RunTime:0.0001s ]
NOTIC: [8] Use of undefined constant province - assumed 'province' /home/www/hqjhc/backend/Ship/Controller/ShippingController.class.php 第 57 行.
SQL: SELECT `region_name` FROM `hqjhc_area` WHERE ( region_id=3 ) LIMIT 1   [ RunTime:0.0001s ]
NOTIC: [8] Use of undefined constant city - assumed 'city' /home/www/hqjhc/backend/Ship/Controller/ShippingController.class.php 第 58 行.
SQL: SELECT `region_name` FROM `hqjhc_area` WHERE ( region_id=38 ) LIMIT 1   [ RunTime:0.0001s ]
SQL: SELECT `region_name` FROM `hqjhc_area` WHERE ( region_id=418 ) LIMIT 1   [ RunTime:0.0001s ]
SQL: SELECT * FROM `hqjhc_shipping_way` WHERE ( template_id=96 and is_default=1 ) LIMIT 1   [ RunTime:0.0002s ]
NOTIC: [8] Use of undefined constant country - assumed 'country' /home/www/hqjhc/backend/Ship/Controller/ShippingController.class.php 第 56 行.
SQL: SELECT `region_name` FROM `hqjhc_area` WHERE ( region_id=1 ) LIMIT 1   [ RunTime:0.0001s ]
NOTIC: [8] Use of undefined constant province - assumed 'province' /home/www/hqjhc/backend/Ship/Controller/ShippingController.class.php 第 57 行.
SQL: SELECT `region_name` FROM `hqjhc_area` WHERE ( region_id=5 ) LIMIT 1   [ RunTime:0.0001s ]
NOTIC: [8] Use of undefined constant city - assumed 'city' /home/www/hqjhc/backend/Ship/Controller/ShippingController.class.php 第 58 行.
SQL: SELECT `region_name` FROM `hqjhc_area` WHERE ( region_id=65 ) LIMIT 1   [ RunTime:0.0001s ]
SQL: SELECT `region_name` FROM `hqjhc_area` WHERE ( region_id=627 ) LIMIT 1   [ RunTime:0.0001s ]
SQL: SELECT * FROM `hqjhc_shipping_way` WHERE ( template_id=97 and is_default=1 ) LIMIT 1   [ RunTime:0.0002s ]
NOTIC: [8] Use of undefined constant country - assumed 'country' /home/www/hqjhc/backend/Ship/Controller/ShippingController.class.php 第 56 行.
SQL: SELECT `region_name` FROM `hqjhc_area` WHERE ( region_id=1 ) LIMIT 1   [ RunTime:0.0001s ]
NOTIC: [8] Use of undefined constant province - assumed 'province' /home/www/hqjhc/backend/Ship/Controller/ShippingController.class.php 第 57 行.
SQL: SELECT `region_name` FROM `hqjhc_area` WHERE ( region_id=6 ) LIMIT 1   [ RunTime:0.0001s ]
NOTIC: [8] Use of undefined constant city - assumed 'city' /home/www/hqjhc/backend/Ship/Controller/ShippingController.class.php 第 58 行.
SQL: SELECT `region_name` FROM `hqjhc_area` WHERE ( region_id=79 ) LIMIT 1   [ RunTime:0.0001s ]
SQL: SELECT `region_name` FROM `hqjhc_area` WHERE ( region_id=718 ) LIMIT 1   [ RunTime:0.0001s ]
SQL: SELECT * FROM `hqjhc_shipping_way` WHERE ( template_id=98 and is_default=1 ) LIMIT 1   [ RunTime:0.0002s ]
INFO: [ view_parse ] --START--
INFO: [ template_filter ] --START--
INFO: Run Behavior\ContentReplaceBehavior [ RunTime:0.000082s ]
INFO: [ template_filter ] --END-- [ RunTime:0.000098s ]
NOTIC: [8] Use of undefined constant template_id - assumed 'template_id' /home/www/hqjhc/backend/Runtime/Cache/Ship/529c4d375933c9f92131117ff931bbde.php 第 625 行.
NOTIC: [8] Use of undefined constant template_id - assumed 'template_id' /home/www/hqjhc/backend/Runtime/Cache/Ship/529c4d375933c9f92131117ff931bbde.php 第 626 行.
NOTIC: [8] Undefined variable: vo /home/www/hqjhc/backend/Runtime/Cache/Ship/529c4d375933c9f92131117ff931bbde.php 第 628 行.
NOTIC: [8] Use of undefined constant template_id - assumed 'template_id' /home/www/hqjhc/backend/Runtime/Cache/Ship/529c4d375933c9f92131117ff931bbde.php 第 625 行.
NOTIC: [8] Use of undefined constant template_id - assumed 'template_id' /home/www/hqjhc/backend/Runtime/Cache/Ship/529c4d375933c9f92131117ff931bbde.php 第 626 行.
NOTIC: [8] Undefined variable: vo /home/www/hqjhc/backend/Runtime/Cache/Ship/529c4d375933c9f92131117ff931bbde.php 第 628 行.
NOTIC: [8] Use of undefined constant template_id - assumed 'template_id' /home/www/hqjhc/backend/Runtime/Cache/Ship/529c4d375933c9f92131117ff931bbde.php 第 625 行.
NOTIC: [8] Use of undefined constant template_id - assumed 'template_id' /home/www/hqjhc/backend/Runtime/Cache/Ship/529c4d375933c9f92131117ff931bbde.php 第 626 行.
NOTIC: [8] Undefined variable: vo /home/www/hqjhc/backend/Runtime/Cache/Ship/529c4d375933c9f92131117ff931bbde.php 第 628 行.
NOTIC: [8] Use of undefined constant template_id - assumed 'template_id' /home/www/hqjhc/backend/Runtime/Cache/Ship/529c4d375933c9f92131117ff931bbde.php 第 625 行.
NOTIC: [8] Use of undefined constant template_id - assumed 'template_id' /home/www/hqjhc/backend/Runtime/Cache/Ship/529c4d375933c9f92131117ff931bbde.php 第 626 行.
NOTIC: [8] Undefined variable: vo /home/www/hqjhc/backend/Runtime/Cache/Ship/529c4d375933c9f92131117ff931bbde.php 第 628 行.
NOTIC: [8] Use of undefined constant template_id - assumed 'template_id' /home/www/hqjhc/backend/Runtime/Cache/Ship/529c4d375933c9f92131117ff931bbde.php 第 625 行.
NOTIC: [8] Use of undefined constant template_id - assumed 'template_id' /home/www/hqjhc/backend/Runtime/Cache/Ship/529c4d375933c9f92131117ff931bbde.php 第 626 行.
NOTIC: [8] Undefined variable: vo /home/www/hqjhc/backend/Runtime/Cache/Ship/529c4d375933c9f92131117ff931bbde.php 第 628 行.
NOTIC: [8] Use of undefined constant template_id - assumed 'template_id' /home/www/hqjhc/backend/Runtime/Cache/Ship/529c4d375933c9f92131117ff931bbde.php 第 625 行.
NOTIC: [8] Use of undefined constant template_id - assumed 'template_id' /home/www/hqjhc/backend/Runtime/Cache/Ship/529c4d375933c9f92131117ff931bbde.php 第 626 行.
NOTIC: [8] Undefined variable: vo /home/www/hqjhc/backend/Runtime/Cache/Ship/529c4d375933c9f92131117ff931bbde.php 第 628 行.
NOTIC: [8] Use of undefined constant template_id - assumed 'template_id' /home/www/hqjhc/backend/Runtime/Cache/Ship/529c4d375933c9f92131117ff931bbde.php 第 625 行.
NOTIC: [8] Use of undefined constant template_id - assumed 'template_id' /home/www/hqjhc/backend/Runtime/Cache/Ship/529c4d375933c9f92131117ff931bbde.php 第 626 行.
NOTIC: [8] Undefined variable: vo /home/www/hqjhc/backend/Runtime/Cache/Ship/529c4d375933c9f92131117ff931bbde.php 第 628 行.
NOTIC: [8] Use of undefined constant template_id - assumed 'template_id' /home/www/hqjhc/backend/Runtime/Cache/Ship/529c4d375933c9f92131117ff931bbde.php 第 625 行.
NOTIC: [8] Use of undefined constant template_id - assumed 'template_id' /home/www/hqjhc/backend/Runtime/Cache/Ship/529c4d375933c9f92131117ff931bbde.php 第 626 行.
NOTIC: [8] Undefined variable: vo /home/www/hqjhc/backend/Runtime/Cache/Ship/529c4d375933c9f92131117ff931bbde.php 第 628 行.
NOTIC: [8] Undefined variable: vo /home/www/hqjhc/backend/Runtime/Cache/Ship/529c4d375933c9f92131117ff931bbde.php 第 631 行.
NOTIC: [8] Undefined variable: vo /home/www/hqjhc/backend/Runtime/Cache/Ship/529c4d375933c9f92131117ff931bbde.php 第 632 行.
NOTIC: [8] Undefined variable: vo /home/www/hqjhc/backend/Runtime/Cache/Ship/529c4d375933c9f92131117ff931bbde.php 第 633 行.
NOTIC: [8] Undefined variable: vo /home/www/hqjhc/backend/Runtime/Cache/Ship/529c4d375933c9f92131117ff931bbde.php 第 634 行.
NOTIC: [8] Undefined variable: vo /home/www/hqjhc/backend/Runtime/Cache/Ship/529c4d375933c9f92131117ff931bbde.php 第 635 行.
NOTIC: [8] Undefined variable: vo /home/www/hqjhc/backend/Runtime/Cache/Ship/529c4d375933c9f92131117ff931bbde.php 第 636 行.
NOTIC: [8] Undefined variable: vo /home/www/hqjhc/backend/Runtime/Cache/Ship/529c4d375933c9f92131117ff931bbde.php 第 637 行.
NOTIC: [8] Undefined variable: vo /home/www/hqjhc/backend/Runtime/Cache/Ship/529c4d375933c9f92131117ff931bbde.php 第 638 行.
NOTIC: [8] Undefined variable: vo /home/www/hqjhc/backend/Runtime/Cache/Ship/529c4d375933c9f92131117ff931bbde.php 第 639 行.
NOTIC: [8] Undefined variable: vo /home/www/hqjhc/backend/Runtime/Cache/Ship/529c4d375933c9f92131117ff931bbde.php 第 641 行.
NOTIC: [8] Undefined variable: vo /home/www/hqjhc/backend/Runtime/Cache/Ship/529c4d375933c9f92131117ff931bbde.php 第 646 行.
NOTIC: [8] Undefined variable: vo /home/www/hqjhc/backend/Runtime/Cache/Ship/529c4d375933c9f92131117ff931bbde.php 第 649 行.
INFO: Run Behavior\ParseTemplateBehavior [ RunTime:0.008049s ]
INFO: [ view_parse ] --END-- [ RunTime:0.008062s ]
INFO: [ view_filter ] --START--
INFO: Run Behavior\WriteHtmlCacheBehavior [ RunTime:0.000079s ]
INFO: [ view_filter ] --END-- [ RunTime:0.000099s ]
INFO: [ app_end ] --START--
INFO: Run Behavior\ShowPageTraceBehavior [ RunTime:0.000264s ]
INFO: [ app_end ] --END-- [ RunTime:0.000281s ]

[ 2017-11-21T11:40:38+08:00 ] 101.81.120.60 /admin.php/Ship/Shipping/add.html
INFO: [ app_init ] --START--
INFO: Run Behavior\BuildLiteBehavior [ RunTime:0.000018s ]
INFO: [ app_init ] --END-- [ RunTime:0.000165s ]
INFO: [ app_begin ] --START--
INFO: Run Behavior\ReadHtmlCacheBehavior [ RunTime:0.000196s ]
INFO: [ app_begin ] --END-- [ RunTime:0.000212s ]
NOTIC: [8] A session had already been started - ignoring session_start() /home/www/hqjhc/ThinkPHP/Common/functions.php 第 1263 行.
SQL: SHOW COLUMNS FROM `hqjhc_staffs` [ RunTime:0.0005s ]
SQL: SHOW COLUMNS FROM `hqjhc_staffs` [ RunTime:0.0003s ]
SQL: SELECT * FROM `hqjhc_staffs` WHERE `stffid` = 6 LIMIT 1   [ RunTime:0.0002s ]
SQL: SHOW COLUMNS FROM `hqjhc_area` [ RunTime:0.0003s ]
NOTIC: [8] Undefined index: shop_id /home/www/hqjhc/backend/Ship/Controller/ShippingController.class.php 第 173 行.
SQL: SELECT * FROM `hqjhc_area` WHERE `region_type` = 0  [ RunTime:0.0002s ]
INFO: [ view_parse ] --START--
INFO: [ template_filter ] --START--
INFO: Run Behavior\ContentReplaceBehavior [ RunTime:0.000057s ]
INFO: [ template_filter ] --END-- [ RunTime:0.000072s ]
INFO: Run Behavior\ParseTemplateBehavior [ RunTime:0.004216s ]
INFO: [ view_parse ] --END-- [ RunTime:0.004230s ]
INFO: [ view_filter ] --START--
INFO: Run Behavior\WriteHtmlCacheBehavior [ RunTime:0.000068s ]
INFO: [ view_filter ] --END-- [ RunTime:0.000079s ]
INFO: [ app_end ] --START--
INFO: Run Behavior\ShowPageTraceBehavior [ RunTime:0.000237s ]
INFO: [ app_end ] --END-- [ RunTime:0.000251s ]

[ 2017-11-21T11:40:39+08:00 ] 101.81.120.60 /admin.php/Ship/Shipping/getArea.html
INFO: [ app_init ] --START--
INFO: Run Behavior\BuildLiteBehavior [ RunTime:0.000006s ]
INFO: [ app_init ] --END-- [ RunTime:0.000152s ]
INFO: [ app_begin ] --START--
INFO: Run Behavior\ReadHtmlCacheBehavior [ RunTime:0.000209s ]
INFO: [ app_begin ] --END-- [ RunTime:0.000224s ]
NOTIC: [8] A session had already been started - ignoring session_start() /home/www/hqjhc/ThinkPHP/Common/functions.php 第 1263 行.
SQL: SHOW COLUMNS FROM `hqjhc_staffs` [ RunTime:0.0005s ]
SQL: SHOW COLUMNS FROM `hqjhc_staffs` [ RunTime:0.0003s ]
SQL: SELECT * FROM `hqjhc_staffs` WHERE `stffid` = 6 LIMIT 1   [ RunTime:0.0002s ]
SQL: SHOW COLUMNS FROM `hqjhc_larger_area` [ RunTime:0.0003s ]
SQL: SELECT * FROM `hqjhc_larger_area`  [ RunTime:0.0002s ]
INFO: [ app_end ] --START--
INFO: Run Behavior\ShowPageTraceBehavior [ RunTime:0.000247s ]
INFO: [ app_end ] --END-- [ RunTime:0.000263s ]

[ 2017-11-21T11:40:49+08:00 ] 101.226.33.217 /admin.php/Ship/Shipping/getArea.html
INFO: [ app_init ] --START--
INFO: Run Behavior\BuildLiteBehavior [ RunTime:0.000007s ]
INFO: [ app_init ] --END-- [ RunTime:0.000169s ]
INFO: [ app_begin ] --START--
INFO: Run Behavior\ReadHtmlCacheBehavior [ RunTime:0.000245s ]
INFO: [ app_begin ] --END-- [ RunTime:0.000263s ]
NOTIC: [8] A session had already been started - ignoring session_start() /home/www/hqjhc/ThinkPHP/Common/functions.php 第 1263 行.
SQL: SHOW COLUMNS FROM `hqjhc_staffs` [ RunTime:0.0005s ]

[ 2017-11-21T18:50:29+08:00 ] 101.81.120.60 /admin.php/Ship/Shipping/index.html
INFO: [ app_init ] --START--
INFO: Run Behavior\BuildLiteBehavior [ RunTime:0.000006s ]
INFO: [ app_init ] --END-- [ RunTime:0.000162s ]
INFO: [ app_begin ] --START--
INFO: Run Behavior\ReadHtmlCacheBehavior [ RunTime:0.000215s ]
INFO: [ app_begin ] --END-- [ RunTime:0.000230s ]
NOTIC: [8] A session had already been started - ignoring session_start() /home/www/hqjhc/ThinkPHP/Common/functions.php 第 1263 行.
SQL: SHOW COLUMNS FROM `hqjhc_staffs` [ RunTime:0.0005s ]
SQL: SHOW COLUMNS FROM `hqjhc_staffs` [ RunTime:0.0003s ]
SQL: SELECT * FROM `hqjhc_staffs` WHERE `stffid` = 6 LIMIT 1   [ RunTime:0.0002s ]
SQL: SHOW COLUMNS FROM `hqjhc_goods_template` [ RunTime:0.0003s ]
NOTIC: [8] Undefined index: template_name /home/www/hqjhc/backend/Ship/Controller/ShippingController.class.php 第 13 行.
NOTIC: [8] Undefined index: price_way /home/www/hqjhc/backend/Ship/Controller/ShippingController.class.php 第 20 行.
NOTIC: [8] Undefined index: start_add_time /home/www/hqjhc/backend/Ship/Controller/ShippingController.class.php 第 28 行.
NOTIC: [8] Undefined index: end_add_time /home/www/hqjhc/backend/Ship/Controller/ShippingController.class.php 第 37 行.
SQL: SELECT COUNT(*) AS tp_count FROM `hqjhc_goods_template` WHERE `status` = 1 LIMIT 1   [ RunTime:0.0001s ]
SQL: SELECT * FROM `hqjhc_goods_template` WHERE `status` = 1 ORDER BY price_way LIMIT 0,10   [ RunTime:0.0002s ]
SQL: SHOW COLUMNS FROM `hqjhc_shipping_way` [ RunTime:0.0003s ]
NOTIC: [8] Use of undefined constant country - assumed 'country' /home/www/hqjhc/backend/Ship/Controller/ShippingController.class.php 第 56 行.
SQL: SHOW COLUMNS FROM `hqjhc_area` [ RunTime:0.0003s ]
SQL: SELECT `region_name` FROM `hqjhc_area` WHERE ( region_id=1 ) LIMIT 1   [ RunTime:0.0001s ]
NOTIC: [8] Use of undefined constant province - assumed 'province' /home/www/hqjhc/backend/Ship/Controller/ShippingController.class.php 第 57 行.
SQL: SELECT `region_name` FROM `hqjhc_area` WHERE ( region_id=4 ) LIMIT 1   [ RunTime:0.0001s ]
NOTIC: [8] Use of undefined constant city - assumed 'city' /home/www/hqjhc/backend/Ship/Controller/ShippingController.class.php 第 58 行.
SQL: SELECT `region_name` FROM `hqjhc_area` WHERE ( region_id=54 ) LIMIT 1   [ RunTime:0.0001s ]
SQL: SELECT `region_name` FROM `hqjhc_area` WHERE ( region_id=532 ) LIMIT 1   [ RunTime:0.0001s ]
SQL: SELECT * FROM `hqjhc_shipping_way` WHERE ( template_id=91 and is_default=1 ) LIMIT 1   [ RunTime:0.0002s ]
NOTIC: [8] Use of undefined constant country - assumed 'country' /home/www/hqjhc/backend/Ship/Controller/ShippingController.class.php 第 56 行.
SQL: SELECT `region_name` FROM `hqjhc_area` WHERE ( region_id=1 ) LIMIT 1   [ RunTime:0.0001s ]
NOTIC: [8] Use of undefined constant province - assumed 'province' /home/www/hqjhc/backend/Ship/Controller/ShippingController.class.php 第 57 行.
SQL: SELECT `region_name` FROM `hqjhc_area` WHERE ( region_id=3 ) LIMIT 1   [ RunTime:0.0001s ]
NOTIC: [8] Use of undefined constant city - assumed 'city' /home/www/hqjhc/backend/Ship/Controller/ShippingController.class.php 第 58 行.
SQL: SELECT `region_name` FROM `hqjhc_area` WHERE ( region_id=38 ) LIMIT 1   [ RunTime:0.0001s ]
SQL: SELECT `region_name` FROM `hqjhc_area` WHERE ( region_id=418 ) LIMIT 1   [ RunTime:0.0001s ]
SQL: SELECT * FROM `hqjhc_shipping_way` WHERE ( template_id=92 and is_default=1 ) LIMIT 1   [ RunTime:0.0002s ]
NOTIC: [8] Use of undefined constant country - assumed 'country' /home/www/hqjhc/backend/Ship/Controller/ShippingController.class.php 第 56 行.
SQL: SELECT `region_name` FROM `hqjhc_area` WHERE ( region_id=1 ) LIMIT 1   [ RunTime:0.0001s ]
NOTIC: [8] Use of undefined constant province - assumed 'province' /home/www/hqjhc/backend/Ship/Controller/ShippingController.class.php 第 57 行.
SQL: SELECT `region_name` FROM `hqjhc_area` WHERE ( region_id=3 ) LIMIT 1   [ RunTime:0.0001s ]
NOTIC: [8] Use of undefined constant city - assumed 'city' /home/www/hqjhc/backend/Ship/Controller/ShippingController.class.php 第 58 行.
SQL: SELECT `region_name` FROM `hqjhc_area` WHERE ( region_id=39 ) LIMIT 1   [ RunTime:0.0001s ]
SQL: SELECT `region_name` FROM `hqjhc_area` WHERE ( region_id=424 ) LIMIT 1   [ RunTime:0.0001s ]
SQL: SELECT * FROM `hqjhc_shipping_way` WHERE ( template_id=93 and is_default=1 ) LIMIT 1   [ RunTime:0.0001s ]
NOTIC: [8] Use of undefined constant country - assumed 'country' /home/www/hqjhc/backend/Ship/Controller/ShippingController.class.php 第 56 行.
SQL: SELECT `region_name` FROM `hqjhc_area` WHERE ( region_id=1 ) LIMIT 1   [ RunTime:0.0001s ]
NOTIC: [8] Use of undefined constant province - assumed 'province' /home/www/hqjhc/backend/Ship/Controller/ShippingController.class.php 第 57 行.
SQL: SELECT `region_name` FROM `hqjhc_area` WHERE ( region_id=4 ) LIMIT 1   [ RunTime:0.0001s ]
NOTIC: [8] Use of undefined constant city - assumed 'city' /home/www/hqjhc/backend/Ship/Controller/ShippingController.class.php 第 58 行.
SQL: SELECT `region_name` FROM `hqjhc_area` WHERE ( region_id=56 ) LIMIT 1   [ RunTime:0.0001s ]
SQL: SELECT `region_name` FROM `hqjhc_area` WHERE ( region_id=551 ) LIMIT 1   [ RunTime:0.0001s ]
SQL: SELECT * FROM `hqjhc_shipping_way` WHERE ( template_id=94 and is_default=1 ) LIMIT 1   [ RunTime:0.0002s ]
NOTIC: [8] Use of undefined constant country - assumed 'country' /home/www/hqjhc/backend/Ship/Controller/ShippingController.class.php 第 56 行.
SQL: SELECT `region_name` FROM `hqjhc_area` WHERE ( region_id=1 ) LIMIT 1   [ RunTime:0.0001s ]
NOTIC: [8] Use of undefined constant province - assumed 'province' /home/www/hqjhc/backend/Ship/Controller/ShippingController.class.php 第 57 行.
SQL: SELECT `region_name` FROM `hqjhc_area` WHERE ( region_id=3 ) LIMIT 1   [ RunTime:0.0001s ]
NOTIC: [8] Use of undefined constant city - assumed 'city' /home/www/hqjhc/backend/Ship/Controller/ShippingController.class.php 第 58 行.
SQL: SELECT `region_name` FROM `hqjhc_area` WHERE ( region_id=46 ) LIMIT 1   [ RunTime:0.0001s ]
SQL: SELECT `region_name` FROM `hqjhc_area` WHERE ( region_id=469 ) LIMIT 1   [ RunTime:0.0001s ]
SQL: SELECT * FROM `hqjhc_shipping_way` WHERE ( template_id=95 and is_default=1 ) LIMIT 1   [ RunTime:0.0002s ]
NOTIC: [8] Use of undefined constant country - assumed 'country' /home/www/hqjhc/backend/Ship/Controller/ShippingController.class.php 第 56 行.
SQL: SELECT `region_name` FROM `hqjhc_area` WHERE ( region_id=1 ) LIMIT 1   [ RunTime:0.0001s ]
NOTIC: [8] Use of undefined constant province - assumed 'province' /home/www/hqjhc/backend/Ship/Controller/ShippingController.class.php 第 57 行.
SQL: SELECT `region_name` FROM `hqjhc_area` WHERE ( region_id=3 ) LIMIT 1   [ RunTime:0.0001s ]
NOTIC: [8] Use of undefined constant city - assumed 'city' /home/www/hqjhc/backend/Ship/Controller/ShippingController.class.php 第 58 行.
SQL: SELECT `region_name` FROM `hqjhc_area` WHERE ( region_id=38 ) LIMIT 1   [ RunTime:0.0001s ]
SQL: SELECT `region_name` FROM `hqjhc_area` WHERE ( region_id=418 ) LIMIT 1   [ RunTime:0.0001s ]
SQL: SELECT * FROM `hqjhc_shipping_way` WHERE ( template_id=96 and is_default=1 ) LIMIT 1   [ RunTime:0.0002s ]
NOTIC: [8] Use of undefined constant country - assumed 'country' /home/www/hqjhc/backend/Ship/Controller/ShippingController.class.php 第 56 行.
SQL: SELECT `region_name` FROM `hqjhc_area` WHERE ( region_id=1 ) LIMIT 1   [ RunTime:0.0001s ]
NOTIC: [8] Use of undefined constant province - assumed 'province' /home/www/hqjhc/backend/Ship/Controller/ShippingController.class.php 第 57 行.
SQL: SELECT `region_name` FROM `hqjhc_area` WHERE ( region_id=5 ) LIMIT 1   [ RunTime:0.0001s ]
NOTIC: [8] Use of undefined constant city - assumed 'city' /home/www/hqjhc/backend/Ship/Controller/ShippingController.class.php 第 58 行.
SQL: SELECT `region_name` FROM `hqjhc_area` WHERE ( region_id=65 ) LIMIT 1   [ RunTime:0.0001s ]
SQL: SELECT `region_name` FROM `hqjhc_area` WHERE ( region_id=627 ) LIMIT 1   [ RunTime:0.0001s ]
SQL: SELECT * FROM `hqjhc_shipping_way` WHERE ( template_id=97 and is_default=1 ) LIMIT 1   [ RunTime:0.0002s ]
NOTIC: [8] Use of undefined constant country - assumed 'country' /home/www/hqjhc/backend/Ship/Controller/ShippingController.class.php 第 56 行.
SQL: SELECT `region_name` FROM `hqjhc_area` WHERE ( region_id=1 ) LIMIT 1   [ RunTime:0.0001s ]
NOTIC: [8] Use of undefined constant province - assumed 'province' /home/www/hqjhc/backend/Ship/Controller/ShippingController.class.php 第 57 行.
SQL: SELECT `region_name` FROM `hqjhc_area` WHERE ( region_id=6 ) LIMIT 1   [ RunTime:0.0001s ]
NOTIC: [8] Use of undefined constant city - assumed 'city' /home/www/hqjhc/backend/Ship/Controller/ShippingController.class.php 第 58 行.
SQL: SELECT `region_name` FROM `hqjhc_area` WHERE ( region_id=79 ) LIMIT 1   [ RunTime:0.0001s ]
SQL: SELECT `region_name` FROM `hqjhc_area` WHERE ( region_id=718 ) LIMIT 1   [ RunTime:0.0001s ]
SQL: SELECT * FROM `hqjhc_shipping_way` WHERE ( template_id=98 and is_default=1 ) LIMIT 1   [ RunTime:0.0002s ]
INFO: [ view_parse ] --START--
INFO: [ template_filter ] --START--
INFO: Run Behavior\ContentReplaceBehavior [ RunTime:0.000084s ]
INFO: [ template_filter ] --END-- [ RunTime:0.000098s ]
NOTIC: [8] Use of undefined constant template_id - assumed 'template_id' /home/www/hqjhc/backend/Runtime/Cache/Ship/529c4d375933c9f92131117ff931bbde.php 第 625 行.
NOTIC: [8] Use of undefined constant template_id - assumed 'template_id' /home/www/hqjhc/backend/Runtime/Cache/Ship/529c4d375933c9f92131117ff931bbde.php 第 626 行.
NOTIC: [8] Undefined variable: vo /home/www/hqjhc/backend/Runtime/Cache/Ship/529c4d375933c9f92131117ff931bbde.php 第 628 行.
NOTIC: [8] Use of undefined constant template_id - assumed 'template_id' /home/www/hqjhc/backend/Runtime/Cache/Ship/529c4d375933c9f92131117ff931bbde.php 第 625 行.
NOTIC: [8] Use of undefined constant template_id - assumed 'template_id' /home/www/hqjhc/backend/Runtime/Cache/Ship/529c4d375933c9f92131117ff931bbde.php 第 626 行.
NOTIC: [8] Undefined variable: vo /home/www/hqjhc/backend/Runtime/Cache/Ship/529c4d375933c9f92131117ff931bbde.php 第 628 行.
NOTIC: [8] Use of undefined constant template_id - assumed 'template_id' /home/www/hqjhc/backend/Runtime/Cache/Ship/529c4d375933c9f92131117ff931bbde.php 第 625 行.
NOTIC: [8] Use of undefined constant template_id - assumed 'template_id' /home/www/hqjhc/backend/Runtime/Cache/Ship/529c4d375933c9f92131117ff931bbde.php 第 626 行.
NOTIC: [8] Undefined variable: vo /home/www/hqjhc/backend/Runtime/Cache/Ship/529c4d375933c9f92131117ff931bbde.php 第 628 行.
NOTIC: [8] Use of undefined constant template_id - assumed 'template_id' /home/www/hqjhc/backend/Runtime/Cache/Ship/529c4d375933c9f92131117ff931bbde.php 第 625 行.
NOTIC: [8] Use of undefined constant template_id - assumed 'template_id' /home/www/hqjhc/backend/Runtime/Cache/Ship/529c4d375933c9f92131117ff931bbde.php 第 626 行.
NOTIC: [8] Undefined variable: vo /home/www/hqjhc/backend/Runtime/Cache/Ship/529c4d375933c9f92131117ff931bbde.php 第 628 行.
NOTIC: [8] Use of undefined constant template_id - assumed 'template_id' /home/www/hqjhc/backend/Runtime/Cache/Ship/529c4d375933c9f92131117ff931bbde.php 第 625 行.
NOTIC: [8] Use of undefined constant template_id - assumed 'template_id' /home/www/hqjhc/backend/Runtime/Cache/Ship/529c4d375933c9f92131117ff931bbde.php 第 626 行.
NOTIC: [8] Undefined variable: vo /home/www/hqjhc/backend/Runtime/Cache/Ship/529c4d375933c9f92131117ff931bbde.php 第 628 行.
NOTIC: [8] Use of undefined constant template_id - assumed 'template_id' /home/www/hqjhc/backend/Runtime/Cache/Ship/529c4d375933c9f92131117ff931bbde.php 第 625 行.
NOTIC: [8] Use of undefined constant template_id - assumed 'template_id' /home/www/hqjhc/backend/Runtime/Cache/Ship/529c4d375933c9f92131117ff931bbde.php 第 626 行.
NOTIC: [8] Undefined variable: vo /home/www/hqjhc/backend/Runtime/Cache/Ship/529c4d375933c9f92131117ff931bbde.php 第 628 行.
NOTIC: [8] Use of undefined constant template_id - assumed 'template_id' /home/www/hqjhc/backend/Runtime/Cache/Ship/529c4d375933c9f92131117ff931bbde.php 第 625 行.
NOTIC: [8] Use of undefined constant template_id - assumed 'template_id' /home/www/hqjhc/backend/Runtime/Cache/Ship/529c4d375933c9f92131117ff931bbde.php 第 626 行.
NOTIC: [8] Undefined variable: vo /home/www/hqjhc/backend/Runtime/Cache/Ship/529c4d375933c9f92131117ff931bbde.php 第 628 行.
NOTIC: [8] Use of undefined constant template_id - assumed 'template_id' /home/www/hqjhc/backend/Runtime/Cache/Ship/529c4d375933c9f92131117ff931bbde.php 第 625 行.
NOTIC: [8] Use of undefined constant template_id - assumed 'template_id' /home/www/hqjhc/backend/Runtime/Cache/Ship/529c4d375933c9f92131117ff931bbde.php 第 626 行.
NOTIC: [8] Undefined variable: vo /home/www/hqjhc/backend/Runtime/Cache/Ship/529c4d375933c9f92131117ff931bbde.php 第 628 行.
NOTIC: [8] Undefined variable: vo /home/www/hqjhc/backend/Runtime/Cache/Ship/529c4d375933c9f92131117ff931bbde.php 第 631 行.
NOTIC: [8] Undefined variable: vo /home/www/hqjhc/backend/Runtime/Cache/Ship/529c4d375933c9f92131117ff931bbde.php 第 632 行.
NOTIC: [8] Undefined variable: vo /home/www/hqjhc/backend/Runtime/Cache/Ship/529c4d375933c9f92131117ff931bbde.php 第 633 行.
NOTIC: [8] Undefined variable: vo /home/www/hqjhc/backend/Runtime/Cache/Ship/529c4d375933c9f92131117ff931bbde.php 第 634 行.
NOTIC: [8] Undefined variable: vo /home/www/hqjhc/backend/Runtime/Cache/Ship/529c4d375933c9f92131117ff931bbde.php 第 635 行.
NOTIC: [8] Undefined variable: vo /home/www/hqjhc/backend/Runtime/Cache/Ship/529c4d375933c9f92131117ff931bbde.php 第 636 行.
NOTIC: [8] Undefined variable: vo /home/www/hqjhc/backend/Runtime/Cache/Ship/529c4d375933c9f92131117ff931bbde.php 第 637 行.
NOTIC: [8] Undefined variable: vo /home/www/hqjhc/backend/Runtime/Cache/Ship/529c4d375933c9f92131117ff931bbde.php 第 638 行.
NOTIC: [8] Undefined variable: vo /home/www/hqjhc/backend/Runtime/Cache/Ship/529c4d375933c9f92131117ff931bbde.php 第 639 行.
NOTIC: [8] Undefined variable: vo /home/www/hqjhc/backend/Runtime/Cache/Ship/529c4d375933c9f92131117ff931bbde.php 第 641 行.
NOTIC: [8] Undefined variable: vo /home/www/hqjhc/backend/Runtime/Cache/Ship/529c4d375933c9f92131117ff931bbde.php 第 646 行.
NOTIC: [8] Undefined variable: vo /home/www/hqjhc/backend/Runtime/Cache/Ship/529c4d375933c9f92131117ff931bbde.php 第 649 行.
INFO: Run Behavior\ParseTemplateBehavior [ RunTime:0.007677s ]
INFO: [ view_parse ] --END-- [ RunTime:0.007690s ]
INFO: [ view_filter ] --START--
INFO: Run Behavior\WriteHtmlCacheBehavior [ RunTime:0.000071s ]
INFO: [ view_filter ] --END-- [ RunTime:0.000082s ]
INFO: [ app_end ] --START--
INFO: Run Behavior\ShowPageTraceBehavior [ RunTime:0.000228s ]
INFO: [ app_end ] --END-- [ RunTime:0.000243s ]

[ 2017-11-21T19:04:57+08:00 ] 101.226.225.84 /admin.php/Ship/Shipping/index.html
INFO: [ app_init ] --START--
INFO: Run Behavior\BuildLiteBehavior [ RunTime:0.000006s ]
INFO: [ app_init ] --END-- [ RunTime:0.000150s ]
INFO: [ app_begin ] --START--
INFO: Run Behavior\ReadHtmlCacheBehavior [ RunTime:0.000206s ]
INFO: [ app_begin ] --END-- [ RunTime:0.000220s ]
NOTIC: [8] A session had already been started - ignoring session_start() /home/www/hqjhc/ThinkPHP/Common/functions.php 第 1263 行.
SQL: SHOW COLUMNS FROM `hqjhc_staffs` [ RunTime:0.0005s ]

