[ 2017-11-25T11:18:12+08:00 ] 114.83.117.78 /admin.php/Ship/Shipping/index.html
INFO: [ app_init ] --START--
INFO: Run Behavior\BuildLiteBehavior [ RunTime:0.000006s ]
INFO: [ app_init ] --END-- [ RunTime:0.000151s ]
INFO: [ app_begin ] --START--
INFO: Run Behavior\ReadHtmlCacheBehavior [ RunTime:0.000212s ]
INFO: [ app_begin ] --END-- [ RunTime:0.000227s ]
NOTIC: [8] A session had already been started - ignoring session_start() /home/www/hqjhc/ThinkPHP/Common/functions.php 第 1263 行.
SQL: SHOW COLUMNS FROM `hqjhc_staffs` [ RunTime:0.0005s ]
SQL: SHOW COLUMNS FROM `hqjhc_staffs` [ RunTime:0.0003s ]
SQL: SELECT * FROM `hqjhc_staffs` WHERE `stffid` = 6 LIMIT 1   [ RunTime:0.0002s ]
SQL: SHOW COLUMNS FROM `hqjhc_goods_template` [ RunTime:0.0003s ]
NOTIC: [8] Undefined index: template_name /home/www/hqjhc/backend/Ship/Controller/ShippingController.class.php 第 13 行.
NOTIC: [8] Undefined index: price_way /home/www/hqjhc/backend/Ship/Controller/ShippingController.class.php 第 20 行.
NOTIC: [8] Undefined index: start_add_time /home/www/hqjhc/backend/Ship/Controller/ShippingController.class.php 第 28 行.
NOTIC: [8] Undefined index: end_add_time /home/www/hqjhc/backend/Ship/Controller/ShippingController.class.php 第 37 行.
SQL: SELECT COUNT(*) AS tp_count FROM `hqjhc_goods_template` WHERE `status` = 1 LIMIT 1   [ RunTime:0.0002s ]
SQL: SELECT * FROM `hqjhc_goods_template` WHERE `status` = 1 ORDER BY price_way LIMIT 0,10   [ RunTime:0.0002s ]
SQL: SHOW COLUMNS FROM `hqjhc_shipping_way` [ RunTime:0.0003s ]
NOTIC: [8] Use of undefined constant country - assumed 'country' /home/www/hqjhc/backend/Ship/Controller/ShippingController.class.php 第 56 行.
SQL: SHOW COLUMNS FROM `hqjhc_area` [ RunTime:0.0003s ]
SQL: SELECT `region_name` FROM `hqjhc_area` WHERE ( region_id=1 ) LIMIT 1   [ RunTime:0.0001s ]
NOTIC: [8] Use of undefined constant province - assumed 'province' /home/www/hqjhc/backend/Ship/Controller/ShippingController.class.php 第 57 行.
SQL: SELECT `region_name` FROM `hqjhc_area` WHERE ( region_id=4 ) LIMIT 1   [ RunTime:0.0001s ]
NOTIC: [8] Use of undefined constant city - assumed 'city' /home/www/hqjhc/backend/Ship/Controller/ShippingController.class.php 第 58 行.
SQL: SELECT `region_name` FROM `hqjhc_area` WHERE ( region_id=54 ) LIMIT 1   [ RunTime:0.0001s ]
SQL: SELECT `region_name` FROM `hqjhc_area` WHERE ( region_id=532 ) LIMIT 1   [ RunTime:0.0001s ]
SQL: SELECT * FROM `hqjhc_shipping_way` WHERE ( template_id=91 and is_default=1 ) LIMIT 1   [ RunTime:0.0002s ]
NOTIC: [8] Use of undefined constant country - assumed 'country' /home/www/hqjhc/backend/Ship/Controller/ShippingController.class.php 第 56 行.
SQL: SELECT `region_name` FROM `hqjhc_area` WHERE ( region_id=1 ) LIMIT 1   [ RunTime:0.0001s ]
NOTIC: [8] Use of undefined constant province - assumed 'province' /home/www/hqjhc/backend/Ship/Controller/ShippingController.class.php 第 57 行.
SQL: SELECT `region_name` FROM `hqjhc_area` WHERE ( region_id=3 ) LIMIT 1   [ RunTime:0.0001s ]
NOTIC: [8] Use of undefined constant city - assumed 'city' /home/www/hqjhc/backend/Ship/Controller/ShippingController.class.php 第 58 行.
SQL: SELECT `region_name` FROM `hqjhc_area` WHERE ( region_id=38 ) LIMIT 1   [ RunTime:0.0001s ]
SQL: SELECT `region_name` FROM `hqjhc_area` WHERE ( region_id=418 ) LIMIT 1   [ RunTime:0.0001s ]
SQL: SELECT * FROM `hqjhc_shipping_way` WHERE ( template_id=92 and is_default=1 ) LIMIT 1   [ RunTime:0.0002s ]
NOTIC: [8] Use of undefined constant country - assumed 'country' /home/www/hqjhc/backend/Ship/Controller/ShippingController.class.php 第 56 行.
SQL: SELECT `region_name` FROM `hqjhc_area` WHERE ( region_id=1 ) LIMIT 1   [ RunTime:0.0001s ]
NOTIC: [8] Use of undefined constant province - assumed 'province' /home/www/hqjhc/backend/Ship/Controller/ShippingController.class.php 第 57 行.
SQL: SELECT `region_name` FROM `hqjhc_area` WHERE ( region_id=3 ) LIMIT 1   [ RunTime:0.0001s ]
NOTIC: [8] Use of undefined constant city - assumed 'city' /home/www/hqjhc/backend/Ship/Controller/ShippingController.class.php 第 58 行.
SQL: SELECT `region_name` FROM `hqjhc_area` WHERE ( region_id=39 ) LIMIT 1   [ RunTime:0.0001s ]
SQL: SELECT `region_name` FROM `hqjhc_area` WHERE ( region_id=424 ) LIMIT 1   [ RunTime:0.0001s ]
SQL: SELECT * FROM `hqjhc_shipping_way` WHERE ( template_id=93 and is_default=1 ) LIMIT 1   [ RunTime:0.0002s ]
NOTIC: [8] Use of undefined constant country - assumed 'country' /home/www/hqjhc/backend/Ship/Controller/ShippingController.class.php 第 56 行.
SQL: SELECT `region_name` FROM `hqjhc_area` WHERE ( region_id=1 ) LIMIT 1   [ RunTime:0.0001s ]
NOTIC: [8] Use of undefined constant province - assumed 'province' /home/www/hqjhc/backend/Ship/Controller/ShippingController.class.php 第 57 行.
SQL: SELECT `region_name` FROM `hqjhc_area` WHERE ( region_id=4 ) LIMIT 1   [ RunTime:0.0001s ]
NOTIC: [8] Use of undefined constant city - assumed 'city' /home/www/hqjhc/backend/Ship/Controller/ShippingController.class.php 第 58 行.
SQL: SELECT `region_name` FROM `hqjhc_area` WHERE ( region_id=56 ) LIMIT 1   [ RunTime:0.0001s ]
SQL: SELECT `region_name` FROM `hqjhc_area` WHERE ( region_id=551 ) LIMIT 1   [ RunTime:0.0001s ]
SQL: SELECT * FROM `hqjhc_shipping_way` WHERE ( template_id=94 and is_default=1 ) LIMIT 1   [ RunTime:0.0002s ]
NOTIC: [8] Use of undefined constant country - assumed 'country' /home/www/hqjhc/backend/Ship/Controller/ShippingController.class.php 第 56 行.
SQL: SELECT `region_name` FROM `hqjhc_area` WHERE ( region_id=1 ) LIMIT 1   [ RunTime:0.0001s ]
NOTIC: [8] Use of undefined constant province - assumed 'province' /home/www/hqjhc/backend/Ship/Controller/ShippingController.class.php 第 57 行.
SQL: SELECT `region_name` FROM `hqjhc_area` WHERE ( region_id=3 ) LIMIT 1   [ RunTime:0.0001s ]
NOTIC: [8] Use of undefined constant city - assumed 'city' /home/www/hqjhc/backend/Ship/Controller/ShippingController.class.php 第 58 行.
SQL: SELECT `region_name` FROM `hqjhc_area` WHERE ( region_id=46 ) LIMIT 1   [ RunTime:0.0001s ]
SQL: SELECT `region_name` FROM `hqjhc_area` WHERE ( region_id=469 ) LIMIT 1   [ RunTime:0.0001s ]
SQL: SELECT * FROM `hqjhc_shipping_way` WHERE ( template_id=95 and is_default=1 ) LIMIT 1   [ RunTime:0.0002s ]
NOTIC: [8] Use of undefined constant country - assumed 'country' /home/www/hqjhc/backend/Ship/Controller/ShippingController.class.php 第 56 行.
SQL: SELECT `region_name` FROM `hqjhc_area` WHERE ( region_id=1 ) LIMIT 1   [ RunTime:0.0001s ]
NOTIC: [8] Use of undefined constant province - assumed 'province' /home/www/hqjhc/backend/Ship/Controller/ShippingController.class.php 第 57 行.
SQL: SELECT `region_name` FROM `hqjhc_area` WHERE ( region_id=3 ) LIMIT 1   [ RunTime:0.0001s ]
NOTIC: [8] Use of undefined constant city - assumed 'city' /home/www/hqjhc/backend/Ship/Controller/ShippingController.class.php 第 58 行.
SQL: SELECT `region_name` FROM `hqjhc_area` WHERE ( region_id=38 ) LIMIT 1   [ RunTime:0.0001s ]
SQL: SELECT `region_name` FROM `hqjhc_area` WHERE ( region_id=418 ) LIMIT 1   [ RunTime:0.0001s ]
SQL: SELECT * FROM `hqjhc_shipping_way` WHERE ( template_id=96 and is_default=1 ) LIMIT 1   [ RunTime:0.0002s ]
NOTIC: [8] Use of undefined constant country - assumed 'country' /home/www/hqjhc/backend/Ship/Controller/ShippingController.class.php 第 56 行.
SQL: SELECT `region_name` FROM `hqjhc_area` WHERE ( region_id=1 ) LIMIT 1   [ RunTime:0.0001s ]
NOTIC: [8] Use of undefined constant province - assumed 'province' /home/www/hqjhc/backend/Ship/Controller/ShippingController.class.php 第 57 行.
SQL: SELECT `region_name` FROM `hqjhc_area` WHERE ( region_id=5 ) LIMIT 1   [ RunTime:0.0001s ]
NOTIC: [8] Use of undefined constant city - assumed 'city' /home/www/hqjhc/backend/Ship/Controller/ShippingController.class.php 第 58 行.
SQL: SELECT `region_name` FROM `hqjhc_area` WHERE ( region_id=65 ) LIMIT 1   [ RunTime:0.0001s ]
SQL: SELECT `region_name` FROM `hqjhc_area` WHERE ( region_id=627 ) LIMIT 1   [ RunTime:0.0001s ]
SQL: SELECT * FROM `hqjhc_shipping_way` WHERE ( template_id=97 and is_default=1 ) LIMIT 1   [ RunTime:0.0002s ]
NOTIC: [8] Use of undefined constant country - assumed 'country' /home/www/hqjhc/backend/Ship/Controller/ShippingController.class.php 第 56 行.
SQL: SELECT `region_name` FROM `hqjhc_area` WHERE ( region_id=1 ) LIMIT 1   [ RunTime:0.0001s ]
NOTIC: [8] Use of undefined constant province - assumed 'province' /home/www/hqjhc/backend/Ship/Controller/ShippingController.class.php 第 57 行.
SQL: SELECT `region_name` FROM `hqjhc_area` WHERE ( region_id=25 ) LIMIT 1   [ RunTime:0.0001s ]
NOTIC: [8] Use of undefined constant city - assumed 'city' /home/www/hqjhc/backend/Ship/Controller/ShippingController.class.php 第 58 行.
SQL: SELECT `region_name` FROM `hqjhc_area` WHERE ( region_id=321 ) LIMIT 1   [ RunTime:0.0001s ]
SQL: SELECT `region_name` FROM `hqjhc_area` WHERE ( region_id=2708 ) LIMIT 1   [ RunTime:0.0001s ]
SQL: SELECT * FROM `hqjhc_shipping_way` WHERE ( template_id=99 and is_default=1 ) LIMIT 1   [ RunTime:0.0002s ]
INFO: [ view_parse ] --START--
INFO: [ template_filter ] --START--
INFO: Run Behavior\ContentReplaceBehavior [ RunTime:0.000083s ]
INFO: [ template_filter ] --END-- [ RunTime:0.000098s ]
NOTIC: [8] Use of undefined constant template_id - assumed 'template_id' /home/www/hqjhc/backend/Runtime/Cache/Ship/529c4d375933c9f92131117ff931bbde.php 第 624 行.
NOTIC: [8] Use of undefined constant template_id - assumed 'template_id' /home/www/hqjhc/backend/Runtime/Cache/Ship/529c4d375933c9f92131117ff931bbde.php 第 625 行.
NOTIC: [8] Undefined variable: vo /home/www/hqjhc/backend/Runtime/Cache/Ship/529c4d375933c9f92131117ff931bbde.php 第 627 行.
NOTIC: [8] Use of undefined constant template_id - assumed 'template_id' /home/www/hqjhc/backend/Runtime/Cache/Ship/529c4d375933c9f92131117ff931bbde.php 第 624 行.
NOTIC: [8] Use of undefined constant template_id - assumed 'template_id' /home/www/hqjhc/backend/Runtime/Cache/Ship/529c4d375933c9f92131117ff931bbde.php 第 625 行.
NOTIC: [8] Undefined variable: vo /home/www/hqjhc/backend/Runtime/Cache/Ship/529c4d375933c9f92131117ff931bbde.php 第 627 行.
NOTIC: [8] Use of undefined constant template_id - assumed 'template_id' /home/www/hqjhc/backend/Runtime/Cache/Ship/529c4d375933c9f92131117ff931bbde.php 第 624 行.
NOTIC: [8] Use of undefined constant template_id - assumed 'template_id' /home/www/hqjhc/backend/Runtime/Cache/Ship/529c4d375933c9f92131117ff931bbde.php 第 625 行.
NOTIC: [8] Undefined variable: vo /home/www/hqjhc/backend/Runtime/Cache/Ship/529c4d375933c9f92131117ff931bbde.php 第 627 行.
NOTIC: [8] Use of undefined constant template_id - assumed 'template_id' /home/www/hqjhc/backend/Runtime/Cache/Ship/529c4d375933c9f92131117ff931bbde.php 第 624 行.
NOTIC: [8] Use of undefined constant template_id - assumed 'template_id' /home/www/hqjhc/backend/Runtime/Cache/Ship/529c4d375933c9f92131117ff931bbde.php 第 625 行.
NOTIC: [8] Undefined variable: vo /home/www/hqjhc/backend/Runtime/Cache/Ship/529c4d375933c9f92131117ff931bbde.php 第 627 行.
NOTIC: [8] Use of undefined constant template_id - assumed 'template_id' /home/www/hqjhc/backend/Runtime/Cache/Ship/529c4d375933c9f92131117ff931bbde.php 第 624 行.
NOTIC: [8] Use of undefined constant template_id - assumed 'template_id' /home/www/hqjhc/backend/Runtime/Cache/Ship/529c4d375933c9f92131117ff931bbde.php 第 625 行.
NOTIC: [8] Undefined variable: vo /home/www/hqjhc/backend/Runtime/Cache/Ship/529c4d375933c9f92131117ff931bbde.php 第 627 行.
NOTIC: [8] Use of undefined constant template_id - assumed 'template_id' /home/www/hqjhc/backend/Runtime/Cache/Ship/529c4d375933c9f92131117ff931bbde.php 第 624 行.
NOTIC: [8] Use of undefined constant template_id - assumed 'template_id' /home/www/hqjhc/backend/Runtime/Cache/Ship/529c4d375933c9f92131117ff931bbde.php 第 625 行.
NOTIC: [8] Undefined variable: vo /home/www/hqjhc/backend/Runtime/Cache/Ship/529c4d375933c9f92131117ff931bbde.php 第 627 行.
NOTIC: [8] Use of undefined constant template_id - assumed 'template_id' /home/www/hqjhc/backend/Runtime/Cache/Ship/529c4d375933c9f92131117ff931bbde.php 第 624 行.
NOTIC: [8] Use of undefined constant template_id - assumed 'template_id' /home/www/hqjhc/backend/Runtime/Cache/Ship/529c4d375933c9f92131117ff931bbde.php 第 625 行.
NOTIC: [8] Undefined variable: vo /home/www/hqjhc/backend/Runtime/Cache/Ship/529c4d375933c9f92131117ff931bbde.php 第 627 行.
NOTIC: [8] Use of undefined constant template_id - assumed 'template_id' /home/www/hqjhc/backend/Runtime/Cache/Ship/529c4d375933c9f92131117ff931bbde.php 第 624 行.
NOTIC: [8] Use of undefined constant template_id - assumed 'template_id' /home/www/hqjhc/backend/Runtime/Cache/Ship/529c4d375933c9f92131117ff931bbde.php 第 625 行.
NOTIC: [8] Undefined variable: vo /home/www/hqjhc/backend/Runtime/Cache/Ship/529c4d375933c9f92131117ff931bbde.php 第 627 行.
NOTIC: [8] Undefined variable: vo /home/www/hqjhc/backend/Runtime/Cache/Ship/529c4d375933c9f92131117ff931bbde.php 第 630 行.
NOTIC: [8] Undefined variable: vo /home/www/hqjhc/backend/Runtime/Cache/Ship/529c4d375933c9f92131117ff931bbde.php 第 631 行.
NOTIC: [8] Undefined variable: vo /home/www/hqjhc/backend/Runtime/Cache/Ship/529c4d375933c9f92131117ff931bbde.php 第 632 行.
NOTIC: [8] Undefined variable: vo /home/www/hqjhc/backend/Runtime/Cache/Ship/529c4d375933c9f92131117ff931bbde.php 第 633 行.
NOTIC: [8] Undefined variable: vo /home/www/hqjhc/backend/Runtime/Cache/Ship/529c4d375933c9f92131117ff931bbde.php 第 634 行.
NOTIC: [8] Undefined variable: vo /home/www/hqjhc/backend/Runtime/Cache/Ship/529c4d375933c9f92131117ff931bbde.php 第 635 行.
NOTIC: [8] Undefined variable: vo /home/www/hqjhc/backend/Runtime/Cache/Ship/529c4d375933c9f92131117ff931bbde.php 第 636 行.
NOTIC: [8] Undefined variable: vo /home/www/hqjhc/backend/Runtime/Cache/Ship/529c4d375933c9f92131117ff931bbde.php 第 637 行.
NOTIC: [8] Undefined variable: vo /home/www/hqjhc/backend/Runtime/Cache/Ship/529c4d375933c9f92131117ff931bbde.php 第 638 行.
NOTIC: [8] Undefined variable: vo /home/www/hqjhc/backend/Runtime/Cache/Ship/529c4d375933c9f92131117ff931bbde.php 第 640 行.
NOTIC: [8] Undefined variable: vo /home/www/hqjhc/backend/Runtime/Cache/Ship/529c4d375933c9f92131117ff931bbde.php 第 645 行.
NOTIC: [8] Undefined variable: vo /home/www/hqjhc/backend/Runtime/Cache/Ship/529c4d375933c9f92131117ff931bbde.php 第 648 行.
INFO: Run Behavior\ParseTemplateBehavior [ RunTime:0.007352s ]
INFO: [ view_parse ] --END-- [ RunTime:0.007365s ]
INFO: [ view_filter ] --START--
INFO: Run Behavior\WriteHtmlCacheBehavior [ RunTime:0.000070s ]
INFO: [ view_filter ] --END-- [ RunTime:0.000081s ]
INFO: [ app_end ] --START--
INFO: Run Behavior\ShowPageTraceBehavior [ RunTime:0.000243s ]
INFO: [ app_end ] --END-- [ RunTime:0.000258s ]

[ 2017-11-25T11:18:16+08:00 ] 114.83.117.78 /admin.php/Ship/Shipping/add.html
INFO: [ app_init ] --START--
INFO: Run Behavior\BuildLiteBehavior [ RunTime:0.000005s ]
INFO: [ app_init ] --END-- [ RunTime:0.000151s ]
INFO: [ app_begin ] --START--
INFO: Run Behavior\ReadHtmlCacheBehavior [ RunTime:0.000196s ]
INFO: [ app_begin ] --END-- [ RunTime:0.000212s ]
NOTIC: [8] A session had already been started - ignoring session_start() /home/www/hqjhc/ThinkPHP/Common/functions.php 第 1263 行.
SQL: SHOW COLUMNS FROM `hqjhc_staffs` [ RunTime:0.0005s ]
SQL: SHOW COLUMNS FROM `hqjhc_staffs` [ RunTime:0.0003s ]
SQL: SELECT * FROM `hqjhc_staffs` WHERE `stffid` = 6 LIMIT 1   [ RunTime:0.0002s ]
SQL: SHOW COLUMNS FROM `hqjhc_area` [ RunTime:0.0003s ]
NOTIC: [8] Undefined index: shop_id /home/www/hqjhc/backend/Ship/Controller/ShippingController.class.php 第 173 行.
SQL: SELECT * FROM `hqjhc_area` WHERE `region_type` = 0  [ RunTime:0.0002s ]
INFO: [ view_parse ] --START--
INFO: [ template_filter ] --START--
INFO: Run Behavior\ContentReplaceBehavior [ RunTime:0.000056s ]
INFO: [ template_filter ] --END-- [ RunTime:0.000071s ]
INFO: Run Behavior\ParseTemplateBehavior [ RunTime:0.004261s ]
INFO: [ view_parse ] --END-- [ RunTime:0.004276s ]
INFO: [ view_filter ] --START--
INFO: Run Behavior\WriteHtmlCacheBehavior [ RunTime:0.000068s ]
INFO: [ view_filter ] --END-- [ RunTime:0.000078s ]
INFO: [ app_end ] --START--
INFO: Run Behavior\ShowPageTraceBehavior [ RunTime:0.000227s ]
INFO: [ app_end ] --END-- [ RunTime:0.000240s ]

[ 2017-11-25T11:18:17+08:00 ] 114.83.117.78 /admin.php/Ship/Shipping/getArea.html
INFO: [ app_init ] --START--
INFO: Run Behavior\BuildLiteBehavior [ RunTime:0.000006s ]
INFO: [ app_init ] --END-- [ RunTime:0.000165s ]
INFO: [ app_begin ] --START--
INFO: Run Behavior\ReadHtmlCacheBehavior [ RunTime:0.000223s ]
INFO: [ app_begin ] --END-- [ RunTime:0.000240s ]
NOTIC: [8] A session had already been started - ignoring session_start() /home/www/hqjhc/ThinkPHP/Common/functions.php 第 1263 行.
SQL: SHOW COLUMNS FROM `hqjhc_staffs` [ RunTime:0.0005s ]
SQL: SHOW COLUMNS FROM `hqjhc_staffs` [ RunTime:0.0003s ]
SQL: SELECT * FROM `hqjhc_staffs` WHERE `stffid` = 6 LIMIT 1   [ RunTime:0.0002s ]
SQL: SHOW COLUMNS FROM `hqjhc_larger_area` [ RunTime:0.0006s ]
SQL: SELECT * FROM `hqjhc_larger_area`  [ RunTime:0.0001s ]
INFO: [ app_end ] --START--
INFO: Run Behavior\ShowPageTraceBehavior [ RunTime:0.000238s ]
INFO: [ app_end ] --END-- [ RunTime:0.000253s ]

[ 2017-11-25T11:18:21+08:00 ] 114.83.117.78 /admin.php/Ship/Shipping/get_city.html?parent=1
INFO: [ app_init ] --START--
INFO: Run Behavior\BuildLiteBehavior [ RunTime:0.000006s ]
INFO: [ app_init ] --END-- [ RunTime:0.000157s ]
INFO: [ app_begin ] --START--
INFO: Run Behavior\ReadHtmlCacheBehavior [ RunTime:0.000216s ]
INFO: [ app_begin ] --END-- [ RunTime:0.000233s ]
NOTIC: [8] A session had already been started - ignoring session_start() /home/www/hqjhc/ThinkPHP/Common/functions.php 第 1263 行.
SQL: SHOW COLUMNS FROM `hqjhc_staffs` [ RunTime:0.0005s ]
SQL: SHOW COLUMNS FROM `hqjhc_staffs` [ RunTime:0.0003s ]
SQL: SELECT * FROM `hqjhc_staffs` WHERE `stffid` = 6 LIMIT 1   [ RunTime:0.0002s ]
SQL: SHOW COLUMNS FROM `hqjhc_area` [ RunTime:0.0003s ]
SQL: SELECT * FROM `hqjhc_area` WHERE ( parent_id=1 )  [ RunTime:0.0002s ]

[ 2017-11-25T11:18:23+08:00 ] 114.83.117.78 /admin.php/Ship/Shipping/get_city.html?parent=3
INFO: [ app_init ] --START--
INFO: Run Behavior\BuildLiteBehavior [ RunTime:0.000008s ]
INFO: [ app_init ] --END-- [ RunTime:0.000191s ]
INFO: [ app_begin ] --START--
INFO: Run Behavior\ReadHtmlCacheBehavior [ RunTime:0.000229s ]
INFO: [ app_begin ] --END-- [ RunTime:0.000246s ]
NOTIC: [8] A session had already been started - ignoring session_start() /home/www/hqjhc/ThinkPHP/Common/functions.php 第 1263 行.
SQL: SHOW COLUMNS FROM `hqjhc_staffs` [ RunTime:0.0005s ]
SQL: SHOW COLUMNS FROM `hqjhc_staffs` [ RunTime:0.0003s ]
SQL: SELECT * FROM `hqjhc_staffs` WHERE `stffid` = 6 LIMIT 1   [ RunTime:0.0002s ]
SQL: SHOW COLUMNS FROM `hqjhc_area` [ RunTime:0.0003s ]
SQL: SELECT * FROM `hqjhc_area` WHERE ( parent_id=3 )  [ RunTime:0.0003s ]

[ 2017-11-25T11:18:24+08:00 ] 114.83.117.78 /admin.php/Ship/Shipping/get_city.html?parent=38
INFO: [ app_init ] --START--
INFO: Run Behavior\BuildLiteBehavior [ RunTime:0.000005s ]
INFO: [ app_init ] --END-- [ RunTime:0.000161s ]
INFO: [ app_begin ] --START--
INFO: Run Behavior\ReadHtmlCacheBehavior [ RunTime:0.000214s ]
INFO: [ app_begin ] --END-- [ RunTime:0.000228s ]
NOTIC: [8] A session had already been started - ignoring session_start() /home/www/hqjhc/ThinkPHP/Common/functions.php 第 1263 行.
SQL: SHOW COLUMNS FROM `hqjhc_staffs` [ RunTime:0.0005s ]
SQL: SHOW COLUMNS FROM `hqjhc_staffs` [ RunTime:0.0003s ]
SQL: SELECT * FROM `hqjhc_staffs` WHERE `stffid` = 6 LIMIT 1   [ RunTime:0.0002s ]
SQL: SHOW COLUMNS FROM `hqjhc_area` [ RunTime:0.0003s ]
SQL: SELECT * FROM `hqjhc_area` WHERE ( parent_id=38 )  [ RunTime:0.0002s ]

