[ 2017-12-05T14:18:33+08:00 ] 223.72.93.146 /admin.php/Admin/Index/index.html
INFO: [ app_init ] --START--
INFO: Run Behavior\BuildLiteBehavior [ RunTime:0.000006s ]
INFO: [ app_init ] --END-- [ RunTime:0.000164s ]
INFO: [ app_begin ] --START--
INFO: Run Behavior\ReadHtmlCacheBehavior [ RunTime:0.000229s ]
INFO: [ app_begin ] --END-- [ RunTime:0.000247s ]
NOTIC: [8] A session had already been started - ignoring session_start() /home/www/hqjhc/ThinkPHP/Common/functions.php 第 1263 行.
SQL: SHOW COLUMNS FROM `hqjhc_staffs` [ RunTime:0.0005s ]
SQL: SHOW COLUMNS FROM `hqjhc_staffs` [ RunTime:0.0003s ]
SQL: SELECT * FROM `hqjhc_staffs` WHERE `stffid` = 6 LIMIT 1   [ RunTime:0.0002s ]
SQL: SHOW COLUMNS FROM `hqjhc_staffs` [ RunTime:0.0003s ]
SQL: SELECT COUNT(*) AS tp_count FROM `hqjhc_staffs` WHERE `dataFlag` = 0 LIMIT 1   [ RunTime:0.0001s ]
SQL: SELECT * FROM `hqjhc_staffs` WHERE `dataFlag` = 0 ORDER BY `stffid` desc LIMIT 0,15   [ RunTime:0.0002s ]
SQL: SHOW COLUMNS FROM `hqjhc_staffs` [ RunTime:0.0003s ]
SQL: SELECT * FROM `hqjhc_staffs` WHERE `stffid` = 6 LIMIT 1   [ RunTime:0.0001s ]
INFO: [ view_parse ] --START--
INFO: [ template_filter ] --START--
INFO: Run Behavior\ContentReplaceBehavior [ RunTime:0.000073s ]
INFO: [ template_filter ] --END-- [ RunTime:0.000089s ]
NOTIC: [8] Undefined property: Think\Storage\Driver\File::$_data /home/www/hqjhc/backend/Runtime/Cache/Admin/a4757d518f99ac5a2cf27270b287e37a.php 第 244 行.
INFO: Run Behavior\ParseTemplateBehavior [ RunTime:0.016607s ]
INFO: [ view_parse ] --END-- [ RunTime:0.016622s ]
INFO: [ view_filter ] --START--
INFO: Run Behavior\WriteHtmlCacheBehavior [ RunTime:0.000068s ]
INFO: [ view_filter ] --END-- [ RunTime:0.000079s ]
INFO: [ app_end ] --START--
INFO: Run Behavior\ShowPageTraceBehavior [ RunTime:0.000241s ]
INFO: [ app_end ] --END-- [ RunTime:0.000254s ]

[ 2017-12-05T14:18:34+08:00 ] 14.116.133.171 /admin.php/Admin/Index/index.html?nsukey=%2FsvQ0u7UqPNXMoLTkV%2F4xYxoy%2BE0Bp1j9gYZrsZRolb41VjeLO%2FGlg4RE3aIfpMa7jnq%2BNXcVHQXmMaVOypA6kfmm7WKqJK9n0CVNPBqq5UbuJPy0Nx9YjDvUhzt3KBBiXGb9M5FCkgV6sUFLR%2BYfLZ78YE606tygkjdz%2Bm6%2B8ZEG3A2OHkwTOTkKOZ8Mfycf5q82F4p9C%2BrCNwvYA5FmA%3D%3D
INFO: [ app_init ] --START--
INFO: Run Behavior\BuildLiteBehavior [ RunTime:0.000006s ]
INFO: [ app_init ] --END-- [ RunTime:0.000157s ]
INFO: [ app_begin ] --START--
INFO: Run Behavior\ReadHtmlCacheBehavior [ RunTime:0.000202s ]
INFO: [ app_begin ] --END-- [ RunTime:0.000219s ]
NOTIC: [8] A session had already been started - ignoring session_start() /home/www/hqjhc/ThinkPHP/Common/functions.php 第 1263 行.
SQL: SHOW COLUMNS FROM `hqjhc_staffs` [ RunTime:0.0005s ]

[ 2017-12-05T14:18:35+08:00 ] 14.116.137.166 /admin.php/Admin/Index/index.html?nsukey=%2FsvQ0u7UqPNXMoLTkV%2F4xYxoy%2BE0Bp1j9gYZrsZRolb41VjeLO%2FGlg4RE3aIfpMa7jnq%2BNXcVHQXmMaVOypA6kfmm7WKqJK9n0CVNPBqq5UbuJPy0Nx9YjDvUhzt3KBBiXGb9M5FCkgV6sUFLR%2BYfLZ78YE606tygkjdz%2Bm6%2B8ZEG3A2OHkwTOTkKOZ8Mfycf5q82F4p9C%2BrCNwvYA5FmA%3D%3D
INFO: [ app_init ] --START--
INFO: Run Behavior\BuildLiteBehavior [ RunTime:0.000007s ]
INFO: [ app_init ] --END-- [ RunTime:0.000157s ]
INFO: [ app_begin ] --START--
INFO: Run Behavior\ReadHtmlCacheBehavior [ RunTime:0.000220s ]
INFO: [ app_begin ] --END-- [ RunTime:0.000237s ]
NOTIC: [8] A session had already been started - ignoring session_start() /home/www/hqjhc/ThinkPHP/Common/functions.php 第 1263 行.
SQL: SHOW COLUMNS FROM `hqjhc_staffs` [ RunTime:0.0006s ]

[ 2017-12-05T14:18:35+08:00 ] 223.72.93.146 /admin.php/Admin/Index/index.html?nsukey=%2FsvQ0u7UqPNXMoLTkV%2F4xYxoy%2BE0Bp1j9gYZrsZRolb41VjeLO%2FGlg4RE3aIfpMa7jnq%2BNXcVHQXmMaVOypA6kfmm7WKqJK9n0CVNPBqq5UbuJPy0Nx9YjDvUhzt3KBBiXGb9M5FCkgV6sUFLR%2BYfLZ78YE606tygkjdz%2Bm6%2B8ZEG3A2OHkwTOTkKOZ8Mfycf5q82F4p9C%2BrCNwvYA5FmA%3D%3D
INFO: [ app_init ] --START--
INFO: Run Behavior\BuildLiteBehavior [ RunTime:0.000007s ]
INFO: [ app_init ] --END-- [ RunTime:0.000182s ]
INFO: [ app_begin ] --START--
INFO: Run Behavior\ReadHtmlCacheBehavior [ RunTime:0.000224s ]
INFO: [ app_begin ] --END-- [ RunTime:0.000241s ]
NOTIC: [8] A session had already been started - ignoring session_start() /home/www/hqjhc/ThinkPHP/Common/functions.php 第 1263 行.
SQL: SHOW COLUMNS FROM `hqjhc_staffs` [ RunTime:0.0005s ]
SQL: SHOW COLUMNS FROM `hqjhc_staffs` [ RunTime:0.0003s ]
SQL: SELECT * FROM `hqjhc_staffs` WHERE `stffid` = 6 LIMIT 1   [ RunTime:0.0002s ]
SQL: SHOW COLUMNS FROM `hqjhc_staffs` [ RunTime:0.0003s ]
SQL: SELECT COUNT(*) AS tp_count FROM `hqjhc_staffs` WHERE `loginName` LIKE '%%' AND `createTime` > '' AND `dataFlag` = 0 LIMIT 1   [ RunTime:0.0002s ]
SQL: SELECT * FROM `hqjhc_staffs` WHERE `loginName` LIKE '%%' AND `createTime` > '' AND `dataFlag` = 0 ORDER BY `stffid` desc LIMIT 0,15   [ RunTime:0.0002s ]
SQL: SHOW COLUMNS FROM `hqjhc_staffs` [ RunTime:0.0003s ]
SQL: SELECT * FROM `hqjhc_staffs` WHERE `stffid` = 6 LIMIT 1   [ RunTime:0.0001s ]
INFO: [ view_parse ] --START--
INFO: [ template_filter ] --START--
INFO: Run Behavior\ContentReplaceBehavior [ RunTime:0.000076s ]
INFO: [ template_filter ] --END-- [ RunTime:0.000091s ]
NOTIC: [8] Undefined property: Think\Storage\Driver\File::$_data /home/www/hqjhc/backend/Runtime/Cache/Admin/a4757d518f99ac5a2cf27270b287e37a.php 第 244 行.
INFO: Run Behavior\ParseTemplateBehavior [ RunTime:0.007256s ]
INFO: [ view_parse ] --END-- [ RunTime:0.007270s ]
INFO: [ view_filter ] --START--
INFO: Run Behavior\WriteHtmlCacheBehavior [ RunTime:0.000070s ]
INFO: [ view_filter ] --END-- [ RunTime:0.000080s ]
INFO: [ app_end ] --START--
INFO: Run Behavior\ShowPageTraceBehavior [ RunTime:0.000224s ]
INFO: [ app_end ] --END-- [ RunTime:0.000237s ]

[ 2017-12-05T14:18:40+08:00 ] 223.72.93.146 /admin.php/Admin/Roles/index.html
INFO: [ app_init ] --START--
INFO: Run Behavior\BuildLiteBehavior [ RunTime:0.000006s ]
INFO: [ app_init ] --END-- [ RunTime:0.000174s ]
INFO: [ app_begin ] --START--
INFO: Run Behavior\ReadHtmlCacheBehavior [ RunTime:0.000231s ]
INFO: [ app_begin ] --END-- [ RunTime:0.000249s ]
NOTIC: [8] A session had already been started - ignoring session_start() /home/www/hqjhc/ThinkPHP/Common/functions.php 第 1263 行.
SQL: SHOW COLUMNS FROM `hqjhc_roles` [ RunTime:0.0005s ]
SQL: SELECT COUNT(*) AS tp_count FROM `hqjhc_roles` LIMIT 1   [ RunTime:0.0002s ]
SQL: SELECT * FROM `hqjhc_roles` ORDER BY `roleid` desc LIMIT 0,10   [ RunTime:0.0002s ]
INFO: [ view_parse ] --START--
INFO: [ template_filter ] --START--
INFO: Run Behavior\ContentReplaceBehavior [ RunTime:0.000073s ]
INFO: [ template_filter ] --END-- [ RunTime:0.000089s ]
NOTIC: [8] Undefined variable: data /home/www/hqjhc/backend/Runtime/Cache/Admin/f9c9f38e1d2cbec903108c9c0c1ea6f4.php 第 172 行.
NOTIC: [8] Undefined variable: data /home/www/hqjhc/backend/Runtime/Cache/Admin/f9c9f38e1d2cbec903108c9c0c1ea6f4.php 第 180 行.
NOTIC: [8] Undefined property: Think\Storage\Driver\File::$_data /home/www/hqjhc/backend/Runtime/Cache/Admin/f9c9f38e1d2cbec903108c9c0c1ea6f4.php 第 244 行.
NOTIC: [8] Undefined variable: data /home/www/hqjhc/backend/Runtime/Cache/Admin/f9c9f38e1d2cbec903108c9c0c1ea6f4.php 第 246 行.
INFO: Run Behavior\ParseTemplateBehavior [ RunTime:0.007230s ]
INFO: [ view_parse ] --END-- [ RunTime:0.007247s ]
INFO: [ view_filter ] --START--
INFO: Run Behavior\WriteHtmlCacheBehavior [ RunTime:0.000071s ]
INFO: [ view_filter ] --END-- [ RunTime:0.000081s ]
INFO: [ app_end ] --START--
INFO: Run Behavior\ShowPageTraceBehavior [ RunTime:0.000246s ]
INFO: [ app_end ] --END-- [ RunTime:0.000260s ]

[ 2017-12-05T14:18:42+08:00 ] 157.255.172.14 /admin.php/Admin/Roles/index.html?nsukey=8IKtlTMshVODnuim2NTp7Nw9b%2Bwe7ThwDM%2F9JLjgm3jXnGOE40XRPqv5JbIvVTtyflmPU9msZ3a3GheuTA5Gma0ypfAXE7KbJuhYB7rBjgOVZER28z7nuBiC8D%2BuNQBUV2ditbQuUG1dO5nDawCwyetOgalIIzGuFUhia6ZKiGNcmx4pejdBt4L7c6efKsylf0qmuX%2FhcxwV%2FW%2FtvlDhvA%3D%3D
INFO: [ app_init ] --START--
INFO: Run Behavior\BuildLiteBehavior [ RunTime:0.000006s ]
INFO: [ app_init ] --END-- [ RunTime:0.000154s ]
INFO: [ app_begin ] --START--
INFO: Run Behavior\ReadHtmlCacheBehavior [ RunTime:0.000219s ]
INFO: [ app_begin ] --END-- [ RunTime:0.000235s ]
NOTIC: [8] A session had already been started - ignoring session_start() /home/www/hqjhc/ThinkPHP/Common/functions.php 第 1263 行.
SQL: SHOW COLUMNS FROM `hqjhc_roles` [ RunTime:0.0005s ]
SQL: SELECT COUNT(*) AS tp_count FROM `hqjhc_roles` LIMIT 1   [ RunTime:0.0002s ]
SQL: SELECT * FROM `hqjhc_roles` ORDER BY `roleid` desc LIMIT 0,10   [ RunTime:0.0002s ]
INFO: [ view_parse ] --START--
INFO: [ template_filter ] --START--
INFO: Run Behavior\ContentReplaceBehavior [ RunTime:0.000076s ]
INFO: [ template_filter ] --END-- [ RunTime:0.000091s ]
NOTIC: [8] Undefined variable: data /home/www/hqjhc/backend/Runtime/Cache/Admin/f9c9f38e1d2cbec903108c9c0c1ea6f4.php 第 172 行.
NOTIC: [8] Undefined variable: data /home/www/hqjhc/backend/Runtime/Cache/Admin/f9c9f38e1d2cbec903108c9c0c1ea6f4.php 第 180 行.
NOTIC: [8] Undefined property: Think\Storage\Driver\File::$_data /home/www/hqjhc/backend/Runtime/Cache/Admin/f9c9f38e1d2cbec903108c9c0c1ea6f4.php 第 244 行.
NOTIC: [8] Undefined variable: data /home/www/hqjhc/backend/Runtime/Cache/Admin/f9c9f38e1d2cbec903108c9c0c1ea6f4.php 第 246 行.
INFO: Run Behavior\ParseTemplateBehavior [ RunTime:0.007069s ]
INFO: [ view_parse ] --END-- [ RunTime:0.007083s ]
INFO: [ view_filter ] --START--
INFO: Run Behavior\WriteHtmlCacheBehavior [ RunTime:0.000071s ]
INFO: [ view_filter ] --END-- [ RunTime:0.000081s ]
INFO: [ app_end ] --START--
INFO: Run Behavior\ShowPageTraceBehavior [ RunTime:0.000228s ]
INFO: [ app_end ] --END-- [ RunTime:0.000241s ]

[ 2017-12-05T14:18:42+08:00 ] 183.3.255.32 /admin.php/Admin/Roles/index.html?nsukey=8IKtlTMshVODnuim2NTp7Nw9b%2Bwe7ThwDM%2F9JLjgm3jXnGOE40XRPqv5JbIvVTtyflmPU9msZ3a3GheuTA5Gma0ypfAXE7KbJuhYB7rBjgOVZER28z7nuBiC8D%2BuNQBUV2ditbQuUG1dO5nDawCwyetOgalIIzGuFUhia6ZKiGNcmx4pejdBt4L7c6efKsylf0qmuX%2FhcxwV%2FW%2FtvlDhvA%3D%3D
INFO: [ app_init ] --START--
INFO: Run Behavior\BuildLiteBehavior [ RunTime:0.000006s ]
INFO: [ app_init ] --END-- [ RunTime:0.000183s ]
INFO: [ app_begin ] --START--
INFO: Run Behavior\ReadHtmlCacheBehavior [ RunTime:0.000233s ]
INFO: [ app_begin ] --END-- [ RunTime:0.000251s ]
NOTIC: [8] A session had already been started - ignoring session_start() /home/www/hqjhc/ThinkPHP/Common/functions.php 第 1263 行.
SQL: SHOW COLUMNS FROM `hqjhc_roles` [ RunTime:0.0005s ]
SQL: SELECT COUNT(*) AS tp_count FROM `hqjhc_roles` LIMIT 1   [ RunTime:0.0001s ]
SQL: SELECT * FROM `hqjhc_roles` ORDER BY `roleid` desc LIMIT 0,10   [ RunTime:0.0001s ]
INFO: [ view_parse ] --START--
INFO: [ template_filter ] --START--
INFO: Run Behavior\ContentReplaceBehavior [ RunTime:0.000075s ]
INFO: [ template_filter ] --END-- [ RunTime:0.000089s ]
NOTIC: [8] Undefined variable: data /home/www/hqjhc/backend/Runtime/Cache/Admin/f9c9f38e1d2cbec903108c9c0c1ea6f4.php 第 172 行.
NOTIC: [8] Undefined variable: data /home/www/hqjhc/backend/Runtime/Cache/Admin/f9c9f38e1d2cbec903108c9c0c1ea6f4.php 第 180 行.
NOTIC: [8] Undefined property: Think\Storage\Driver\File::$_data /home/www/hqjhc/backend/Runtime/Cache/Admin/f9c9f38e1d2cbec903108c9c0c1ea6f4.php 第 244 行.
NOTIC: [8] Undefined variable: data /home/www/hqjhc/backend/Runtime/Cache/Admin/f9c9f38e1d2cbec903108c9c0c1ea6f4.php 第 246 行.
INFO: Run Behavior\ParseTemplateBehavior [ RunTime:0.006991s ]
INFO: [ view_parse ] --END-- [ RunTime:0.007004s ]
INFO: [ view_filter ] --START--
INFO: Run Behavior\WriteHtmlCacheBehavior [ RunTime:0.000077s ]
INFO: [ view_filter ] --END-- [ RunTime:0.000087s ]
INFO: [ app_end ] --START--
INFO: Run Behavior\ShowPageTraceBehavior [ RunTime:0.000225s ]
INFO: [ app_end ] --END-- [ RunTime:0.000239s ]

[ 2017-12-05T14:18:43+08:00 ] 183.192.201.97 /admin.php/Admin/Index/index.html
INFO: [ app_init ] --START--
INFO: Run Behavior\BuildLiteBehavior [ RunTime:0.000006s ]
INFO: [ app_init ] --END-- [ RunTime:0.000159s ]
INFO: [ app_begin ] --START--
INFO: Run Behavior\ReadHtmlCacheBehavior [ RunTime:0.000197s ]
INFO: [ app_begin ] --END-- [ RunTime:0.000213s ]
NOTIC: [8] A session had already been started - ignoring session_start() /home/www/hqjhc/ThinkPHP/Common/functions.php 第 1263 行.
SQL: SHOW COLUMNS FROM `hqjhc_staffs` [ RunTime:0.0006s ]

[ 2017-12-05T14:18:44+08:00 ] 120.204.17.70 /admin.php/Admin/Index/index.html?nsukey=%2FsvQ0u7UqPNXMoLTkV%2F4xYxoy%2BE0Bp1j9gYZrsZRolb41VjeLO%2FGlg4RE3aIfpMa7jnq%2BNXcVHQXmMaVOypA6kfmm7WKqJK9n0CVNPBqq5UbuJPy0Nx9YjDvUhzt3KBBiXGb9M5FCkgV6sUFLR%2BYfLZ78YE606tygkjdz%2Bm6%2B8ZEG3A2OHkwTOTkKOZ8Mfycf5q82F4p9C%2BrCNwvYA5FmA%3D%3D
INFO: [ app_init ] --START--
INFO: Run Behavior\BuildLiteBehavior [ RunTime:0.000006s ]
INFO: [ app_init ] --END-- [ RunTime:0.000149s ]
INFO: [ app_begin ] --START--
INFO: Run Behavior\ReadHtmlCacheBehavior [ RunTime:0.000207s ]
INFO: [ app_begin ] --END-- [ RunTime:0.000223s ]
NOTIC: [8] A session had already been started - ignoring session_start() /home/www/hqjhc/ThinkPHP/Common/functions.php 第 1263 行.
SQL: SHOW COLUMNS FROM `hqjhc_staffs` [ RunTime:0.0005s ]

[ 2017-12-05T14:18:44+08:00 ] 58.247.212.55 /admin.php/Admin/Roles/index.html?nsukey=8IKtlTMshVODnuim2NTp7Nw9b%2Bwe7ThwDM%2F9JLjgm3jXnGOE40XRPqv5JbIvVTtyflmPU9msZ3a3GheuTA5Gma0ypfAXE7KbJuhYB7rBjgOVZER28z7nuBiC8D%2BuNQBUV2ditbQuUG1dO5nDawCwyetOgalIIzGuFUhia6ZKiGNcmx4pejdBt4L7c6efKsylf0qmuX%2FhcxwV%2FW%2FtvlDhvA%3D%3D
INFO: [ app_init ] --START--
INFO: Run Behavior\BuildLiteBehavior [ RunTime:0.000006s ]
INFO: [ app_init ] --END-- [ RunTime:0.000153s ]
INFO: [ app_begin ] --START--
INFO: Run Behavior\ReadHtmlCacheBehavior [ RunTime:0.000219s ]
INFO: [ app_begin ] --END-- [ RunTime:0.000235s ]
NOTIC: [8] A session had already been started - ignoring session_start() /home/www/hqjhc/ThinkPHP/Common/functions.php 第 1263 行.
SQL: SHOW COLUMNS FROM `hqjhc_roles` [ RunTime:0.0005s ]
SQL: SELECT COUNT(*) AS tp_count FROM `hqjhc_roles` LIMIT 1   [ RunTime:0.0002s ]
SQL: SELECT * FROM `hqjhc_roles` ORDER BY `roleid` desc LIMIT 0,10   [ RunTime:0.0001s ]
INFO: [ view_parse ] --START--
INFO: [ template_filter ] --START--
INFO: Run Behavior\ContentReplaceBehavior [ RunTime:0.000075s ]
INFO: [ template_filter ] --END-- [ RunTime:0.000091s ]
NOTIC: [8] Undefined variable: data /home/www/hqjhc/backend/Runtime/Cache/Admin/f9c9f38e1d2cbec903108c9c0c1ea6f4.php 第 172 行.
NOTIC: [8] Undefined variable: data /home/www/hqjhc/backend/Runtime/Cache/Admin/f9c9f38e1d2cbec903108c9c0c1ea6f4.php 第 180 行.
NOTIC: [8] Undefined property: Think\Storage\Driver\File::$_data /home/www/hqjhc/backend/Runtime/Cache/Admin/f9c9f38e1d2cbec903108c9c0c1ea6f4.php 第 244 行.
NOTIC: [8] Undefined variable: data /home/www/hqjhc/backend/Runtime/Cache/Admin/f9c9f38e1d2cbec903108c9c0c1ea6f4.php 第 246 行.
INFO: Run Behavior\ParseTemplateBehavior [ RunTime:0.007119s ]
INFO: [ view_parse ] --END-- [ RunTime:0.007133s ]
INFO: [ view_filter ] --START--
INFO: Run Behavior\WriteHtmlCacheBehavior [ RunTime:0.000071s ]
INFO: [ view_filter ] --END-- [ RunTime:0.000082s ]
INFO: [ app_end ] --START--
INFO: Run Behavior\ShowPageTraceBehavior [ RunTime:0.000240s ]
INFO: [ app_end ] --END-- [ RunTime:0.000253s ]

[ 2017-12-05T14:18:45+08:00 ] 61.151.178.168 /admin.php/Admin/Roles/index.html?nsukey=8IKtlTMshVODnuim2NTp7Nw9b%2Bwe7ThwDM%2F9JLjgm3jXnGOE40XRPqv5JbIvVTtyflmPU9msZ3a3GheuTA5Gma0ypfAXE7KbJuhYB7rBjgOVZER28z7nuBiC8D%2BuNQBUV2ditbQuUG1dO5nDawCwyetOgalIIzGuFUhia6ZKiGNcmx4pejdBt4L7c6efKsylf0qmuX%2FhcxwV%2FW%2FtvlDhvA%3D%3D
INFO: [ app_init ] --START--
INFO: Run Behavior\BuildLiteBehavior [ RunTime:0.000006s ]
INFO: [ app_init ] --END-- [ RunTime:0.000154s ]
INFO: [ app_begin ] --START--
INFO: Run Behavior\ReadHtmlCacheBehavior [ RunTime:0.000196s ]
INFO: [ app_begin ] --END-- [ RunTime:0.000212s ]
NOTIC: [8] A session had already been started - ignoring session_start() /home/www/hqjhc/ThinkPHP/Common/functions.php 第 1263 行.
SQL: SHOW COLUMNS FROM `hqjhc_roles` [ RunTime:0.0005s ]
SQL: SELECT COUNT(*) AS tp_count FROM `hqjhc_roles` LIMIT 1   [ RunTime:0.0001s ]
SQL: SELECT * FROM `hqjhc_roles` ORDER BY `roleid` desc LIMIT 0,10   [ RunTime:0.0001s ]
INFO: [ view_parse ] --START--
INFO: [ template_filter ] --START--
INFO: Run Behavior\ContentReplaceBehavior [ RunTime:0.000075s ]
INFO: [ template_filter ] --END-- [ RunTime:0.000089s ]
NOTIC: [8] Undefined variable: data /home/www/hqjhc/backend/Runtime/Cache/Admin/f9c9f38e1d2cbec903108c9c0c1ea6f4.php 第 172 行.
NOTIC: [8] Undefined variable: data /home/www/hqjhc/backend/Runtime/Cache/Admin/f9c9f38e1d2cbec903108c9c0c1ea6f4.php 第 180 行.
NOTIC: [8] Undefined property: Think\Storage\Driver\File::$_data /home/www/hqjhc/backend/Runtime/Cache/Admin/f9c9f38e1d2cbec903108c9c0c1ea6f4.php 第 244 行.
NOTIC: [8] Undefined variable: data /home/www/hqjhc/backend/Runtime/Cache/Admin/f9c9f38e1d2cbec903108c9c0c1ea6f4.php 第 246 行.
INFO: Run Behavior\ParseTemplateBehavior [ RunTime:0.007009s ]
INFO: [ view_parse ] --END-- [ RunTime:0.007023s ]
INFO: [ view_filter ] --START--
INFO: Run Behavior\WriteHtmlCacheBehavior [ RunTime:0.000069s ]
INFO: [ view_filter ] --END-- [ RunTime:0.000080s ]
INFO: [ app_end ] --START--
INFO: Run Behavior\ShowPageTraceBehavior [ RunTime:0.000232s ]
INFO: [ app_end ] --END-- [ RunTime:0.000247s ]

[ 2017-12-05T14:18:46+08:00 ] 61.129.7.217 /admin.php/Admin/Roles/index.html?nsukey=8IKtlTMshVODnuim2NTp7Nw9b%2Bwe7ThwDM%2F9JLjgm3jXnGOE40XRPqv5JbIvVTtyflmPU9msZ3a3GheuTA5Gma0ypfAXE7KbJuhYB7rBjgOVZER28z7nuBiC8D%2BuNQBUV2ditbQuUG1dO5nDawCwyetOgalIIzGuFUhia6ZKiGNcmx4pejdBt4L7c6efKsylf0qmuX%2FhcxwV%2FW%2FtvlDhvA%3D%3D
INFO: [ app_init ] --START--
INFO: Run Behavior\BuildLiteBehavior [ RunTime:0.000006s ]
INFO: [ app_init ] --END-- [ RunTime:0.000167s ]
INFO: [ app_begin ] --START--
INFO: Run Behavior\ReadHtmlCacheBehavior [ RunTime:0.000241s ]
INFO: [ app_begin ] --END-- [ RunTime:0.000259s ]
NOTIC: [8] A session had already been started - ignoring session_start() /home/www/hqjhc/ThinkPHP/Common/functions.php 第 1263 行.
SQL: SHOW COLUMNS FROM `hqjhc_roles` [ RunTime:0.0005s ]
SQL: SELECT COUNT(*) AS tp_count FROM `hqjhc_roles` LIMIT 1   [ RunTime:0.0001s ]
SQL: SELECT * FROM `hqjhc_roles` ORDER BY `roleid` desc LIMIT 0,10   [ RunTime:0.0001s ]
INFO: [ view_parse ] --START--
INFO: [ template_filter ] --START--
INFO: Run Behavior\ContentReplaceBehavior [ RunTime:0.000075s ]
INFO: [ template_filter ] --END-- [ RunTime:0.000089s ]
NOTIC: [8] Undefined variable: data /home/www/hqjhc/backend/Runtime/Cache/Admin/f9c9f38e1d2cbec903108c9c0c1ea6f4.php 第 172 行.
NOTIC: [8] Undefined variable: data /home/www/hqjhc/backend/Runtime/Cache/Admin/f9c9f38e1d2cbec903108c9c0c1ea6f4.php 第 180 行.
NOTIC: [8] Undefined property: Think\Storage\Driver\File::$_data /home/www/hqjhc/backend/Runtime/Cache/Admin/f9c9f38e1d2cbec903108c9c0c1ea6f4.php 第 244 行.
NOTIC: [8] Undefined variable: data /home/www/hqjhc/backend/Runtime/Cache/Admin/f9c9f38e1d2cbec903108c9c0c1ea6f4.php 第 246 行.
INFO: Run Behavior\ParseTemplateBehavior [ RunTime:0.007020s ]
INFO: [ view_parse ] --END-- [ RunTime:0.007034s ]
INFO: [ view_filter ] --START--
INFO: Run Behavior\WriteHtmlCacheBehavior [ RunTime:0.000067s ]
INFO: [ view_filter ] --END-- [ RunTime:0.000078s ]
INFO: [ app_end ] --START--
INFO: Run Behavior\ShowPageTraceBehavior [ RunTime:0.000234s ]
INFO: [ app_end ] --END-- [ RunTime:0.000247s ]

[ 2017-12-05T14:18:46+08:00 ] 157.255.172.20 /admin.php/Admin/Roles/index.html?nsukey=8IKtlTMshVODnuim2NTp7Nw9b%2Bwe7ThwDM%2F9JLjgm3jXnGOE40XRPqv5JbIvVTtyflmPU9msZ3a3GheuTA5Gma0ypfAXE7KbJuhYB7rBjgOVZER28z7nuBiC8D%2BuNQBUV2ditbQuUG1dO5nDawCwyetOgalIIzGuFUhia6ZKiGNcmx4pejdBt4L7c6efKsylf0qmuX%2FhcxwV%2FW%2FtvlDhvA%3D%3D
INFO: [ app_init ] --START--
INFO: Run Behavior\BuildLiteBehavior [ RunTime:0.000006s ]
INFO: [ app_init ] --END-- [ RunTime:0.000152s ]
INFO: [ app_begin ] --START--
INFO: Run Behavior\ReadHtmlCacheBehavior [ RunTime:0.000217s ]
INFO: [ app_begin ] --END-- [ RunTime:0.000233s ]
NOTIC: [8] A session had already been started - ignoring session_start() /home/www/hqjhc/ThinkPHP/Common/functions.php 第 1263 行.
SQL: SHOW COLUMNS FROM `hqjhc_roles` [ RunTime:0.0005s ]
SQL: SELECT COUNT(*) AS tp_count FROM `hqjhc_roles` LIMIT 1   [ RunTime:0.0002s ]
SQL: SELECT * FROM `hqjhc_roles` ORDER BY `roleid` desc LIMIT 0,10   [ RunTime:0.0002s ]
INFO: [ view_parse ] --START--
INFO: [ template_filter ] --START--
INFO: Run Behavior\ContentReplaceBehavior [ RunTime:0.000075s ]
INFO: [ template_filter ] --END-- [ RunTime:0.000091s ]
NOTIC: [8] Undefined variable: data /home/www/hqjhc/backend/Runtime/Cache/Admin/f9c9f38e1d2cbec903108c9c0c1ea6f4.php 第 172 行.
NOTIC: [8] Undefined variable: data /home/www/hqjhc/backend/Runtime/Cache/Admin/f9c9f38e1d2cbec903108c9c0c1ea6f4.php 第 180 行.
NOTIC: [8] Undefined property: Think\Storage\Driver\File::$_data /home/www/hqjhc/backend/Runtime/Cache/Admin/f9c9f38e1d2cbec903108c9c0c1ea6f4.php 第 244 行.
NOTIC: [8] Undefined variable: data /home/www/hqjhc/backend/Runtime/Cache/Admin/f9c9f38e1d2cbec903108c9c0c1ea6f4.php 第 246 行.
INFO: Run Behavior\ParseTemplateBehavior [ RunTime:0.007074s ]
INFO: [ view_parse ] --END-- [ RunTime:0.007087s ]
INFO: [ view_filter ] --START--
INFO: Run Behavior\WriteHtmlCacheBehavior [ RunTime:0.000071s ]
INFO: [ view_filter ] --END-- [ RunTime:0.000081s ]
INFO: [ app_end ] --START--
INFO: Run Behavior\ShowPageTraceBehavior [ RunTime:0.000227s ]
INFO: [ app_end ] --END-- [ RunTime:0.000240s ]

[ 2017-12-05T14:18:47+08:00 ] 223.72.93.146 /admin.php/Admin/Roles/index.html?nsukey=8IKtlTMshVODnuim2NTp7Nw9b%2Bwe7ThwDM%2F9JLjgm3jXnGOE40XRPqv5JbIvVTtyflmPU9msZ3a3GheuTA5Gma0ypfAXE7KbJuhYB7rBjgOVZER28z7nuBiC8D%2BuNQBUV2ditbQuUG1dO5nDawCwyetOgalIIzGuFUhia6ZKiGNcmx4pejdBt4L7c6efKsylf0qmuX%2FhcxwV%2FW%2FtvlDhvA%3D%3D
INFO: [ app_init ] --START--
INFO: Run Behavior\BuildLiteBehavior [ RunTime:0.000006s ]
INFO: [ app_init ] --END-- [ RunTime:0.000188s ]
INFO: [ app_begin ] --START--
INFO: Run Behavior\ReadHtmlCacheBehavior [ RunTime:0.000244s ]
INFO: [ app_begin ] --END-- [ RunTime:0.000261s ]
NOTIC: [8] A session had already been started - ignoring session_start() /home/www/hqjhc/ThinkPHP/Common/functions.php 第 1263 行.
SQL: SHOW COLUMNS FROM `hqjhc_roles` [ RunTime:0.0005s ]
SQL: SELECT COUNT(*) AS tp_count FROM `hqjhc_roles` LIMIT 1   [ RunTime:0.0002s ]
SQL: SELECT * FROM `hqjhc_roles` ORDER BY `roleid` desc LIMIT 0,10   [ RunTime:0.0001s ]
INFO: [ view_parse ] --START--
INFO: [ template_filter ] --START--
INFO: Run Behavior\ContentReplaceBehavior [ RunTime:0.000074s ]
INFO: [ template_filter ] --END-- [ RunTime:0.000089s ]
NOTIC: [8] Undefined variable: data /home/www/hqjhc/backend/Runtime/Cache/Admin/f9c9f38e1d2cbec903108c9c0c1ea6f4.php 第 172 行.
NOTIC: [8] Undefined variable: data /home/www/hqjhc/backend/Runtime/Cache/Admin/f9c9f38e1d2cbec903108c9c0c1ea6f4.php 第 180 行.
NOTIC: [8] Undefined property: Think\Storage\Driver\File::$_data /home/www/hqjhc/backend/Runtime/Cache/Admin/f9c9f38e1d2cbec903108c9c0c1ea6f4.php 第 244 行.
NOTIC: [8] Undefined variable: data /home/www/hqjhc/backend/Runtime/Cache/Admin/f9c9f38e1d2cbec903108c9c0c1ea6f4.php 第 246 行.
INFO: Run Behavior\ParseTemplateBehavior [ RunTime:0.007025s ]
INFO: [ view_parse ] --END-- [ RunTime:0.007048s ]
INFO: [ view_filter ] --START--
INFO: Run Behavior\WriteHtmlCacheBehavior [ RunTime:0.000071s ]
INFO: [ view_filter ] --END-- [ RunTime:0.000081s ]
INFO: [ app_end ] --START--
INFO: Run Behavior\ShowPageTraceBehavior [ RunTime:0.000223s ]
INFO: [ app_end ] --END-- [ RunTime:0.000236s ]

[ 2017-12-05T14:18:47+08:00 ] 113.96.218.51 /admin.php/Admin/Roles/index.html?nsukey=8IKtlTMshVODnuim2NTp7Nw9b%2Bwe7ThwDM%2F9JLjgm3jXnGOE40XRPqv5JbIvVTtyflmPU9msZ3a3GheuTA5Gma0ypfAXE7KbJuhYB7rBjgOVZER28z7nuBiC8D%2BuNQBUV2ditbQuUG1dO5nDawCwyetOgalIIzGuFUhia6ZKiGNcmx4pejdBt4L7c6efKsylf0qmuX%2FhcxwV%2FW%2FtvlDhvA%3D%3D
INFO: [ app_init ] --START--
INFO: Run Behavior\BuildLiteBehavior [ RunTime:0.000006s ]
INFO: [ app_init ] --END-- [ RunTime:0.000168s ]
INFO: [ app_begin ] --START--
INFO: Run Behavior\ReadHtmlCacheBehavior [ RunTime:0.000223s ]
INFO: [ app_begin ] --END-- [ RunTime:0.000255s ]
NOTIC: [8] A session had already been started - ignoring session_start() /home/www/hqjhc/ThinkPHP/Common/functions.php 第 1263 行.
SQL: SHOW COLUMNS FROM `hqjhc_roles` [ RunTime:0.0005s ]
SQL: SELECT COUNT(*) AS tp_count FROM `hqjhc_roles` LIMIT 1   [ RunTime:0.0002s ]
SQL: SELECT * FROM `hqjhc_roles` ORDER BY `roleid` desc LIMIT 0,10   [ RunTime:0.0001s ]
INFO: [ view_parse ] --START--
INFO: [ template_filter ] --START--
INFO: Run Behavior\ContentReplaceBehavior [ RunTime:0.000074s ]
INFO: [ template_filter ] --END-- [ RunTime:0.000088s ]
NOTIC: [8] Undefined variable: data /home/www/hqjhc/backend/Runtime/Cache/Admin/f9c9f38e1d2cbec903108c9c0c1ea6f4.php 第 172 行.
NOTIC: [8] Undefined variable: data /home/www/hqjhc/backend/Runtime/Cache/Admin/f9c9f38e1d2cbec903108c9c0c1ea6f4.php 第 180 行.
NOTIC: [8] Undefined property: Think\Storage\Driver\File::$_data /home/www/hqjhc/backend/Runtime/Cache/Admin/f9c9f38e1d2cbec903108c9c0c1ea6f4.php 第 244 行.
NOTIC: [8] Undefined variable: data /home/www/hqjhc/backend/Runtime/Cache/Admin/f9c9f38e1d2cbec903108c9c0c1ea6f4.php 第 246 行.
INFO: Run Behavior\ParseTemplateBehavior [ RunTime:0.006987s ]
INFO: [ view_parse ] --END-- [ RunTime:0.007001s ]
INFO: [ view_filter ] --START--
INFO: Run Behavior\WriteHtmlCacheBehavior [ RunTime:0.000067s ]
INFO: [ view_filter ] --END-- [ RunTime:0.000077s ]
INFO: [ app_end ] --START--
INFO: Run Behavior\ShowPageTraceBehavior [ RunTime:0.000236s ]
INFO: [ app_end ] --END-- [ RunTime:0.000249s ]

[ 2017-12-05T14:18:47+08:00 ] 61.129.6.147 /admin.php/Admin/Roles/index.html?nsukey=8IKtlTMshVODnuim2NTp7Nw9b%2Bwe7ThwDM%2F9JLjgm3jXnGOE40XRPqv5JbIvVTtyflmPU9msZ3a3GheuTA5Gma0ypfAXE7KbJuhYB7rBjgOVZER28z7nuBiC8D%2BuNQBUV2ditbQuUG1dO5nDawCwyetOgalIIzGuFUhia6ZKiGNcmx4pejdBt4L7c6efKsylf0qmuX%2FhcxwV%2FW%2FtvlDhvA%3D%3D
INFO: [ app_init ] --START--
INFO: Run Behavior\BuildLiteBehavior [ RunTime:0.000006s ]
INFO: [ app_init ] --END-- [ RunTime:0.000152s ]
INFO: [ app_begin ] --START--
INFO: Run Behavior\ReadHtmlCacheBehavior [ RunTime:0.000213s ]
INFO: [ app_begin ] --END-- [ RunTime:0.000238s ]
NOTIC: [8] A session had already been started - ignoring session_start() /home/www/hqjhc/ThinkPHP/Common/functions.php 第 1263 行.
SQL: SHOW COLUMNS FROM `hqjhc_roles` [ RunTime:0.0005s ]
SQL: SELECT COUNT(*) AS tp_count FROM `hqjhc_roles` LIMIT 1   [ RunTime:0.0001s ]
SQL: SELECT * FROM `hqjhc_roles` ORDER BY `roleid` desc LIMIT 0,10   [ RunTime:0.0001s ]
INFO: [ view_parse ] --START--
INFO: [ template_filter ] --START--
INFO: Run Behavior\ContentReplaceBehavior [ RunTime:0.000082s ]
INFO: [ template_filter ] --END-- [ RunTime:0.000098s ]
NOTIC: [8] Undefined variable: data /home/www/hqjhc/backend/Runtime/Cache/Admin/f9c9f38e1d2cbec903108c9c0c1ea6f4.php 第 172 行.
NOTIC: [8] Undefined variable: data /home/www/hqjhc/backend/Runtime/Cache/Admin/f9c9f38e1d2cbec903108c9c0c1ea6f4.php 第 180 行.
NOTIC: [8] Undefined property: Think\Storage\Driver\File::$_data /home/www/hqjhc/backend/Runtime/Cache/Admin/f9c9f38e1d2cbec903108c9c0c1ea6f4.php 第 244 行.
NOTIC: [8] Undefined variable: data /home/www/hqjhc/backend/Runtime/Cache/Admin/f9c9f38e1d2cbec903108c9c0c1ea6f4.php 第 246 行.
INFO: Run Behavior\ParseTemplateBehavior [ RunTime:0.006815s ]
INFO: [ view_parse ] --END-- [ RunTime:0.006829s ]
INFO: [ view_filter ] --START--
INFO: Run Behavior\WriteHtmlCacheBehavior [ RunTime:0.000074s ]
INFO: [ view_filter ] --END-- [ RunTime:0.000084s ]
INFO: [ app_end ] --START--
INFO: Run Behavior\ShowPageTraceBehavior [ RunTime:0.000231s ]
INFO: [ app_end ] --END-- [ RunTime:0.000245s ]

[ 2017-12-05T14:18:50+08:00 ] 120.204.17.70 /admin.php/Admin/Roles/index.html
INFO: [ app_init ] --START--
INFO: Run Behavior\BuildLiteBehavior [ RunTime:0.000006s ]
INFO: [ app_init ] --END-- [ RunTime:0.000165s ]
INFO: [ app_begin ] --START--
INFO: Run Behavior\ReadHtmlCacheBehavior [ RunTime:0.000207s ]
INFO: [ app_begin ] --END-- [ RunTime:0.000222s ]
NOTIC: [8] A session had already been started - ignoring session_start() /home/www/hqjhc/ThinkPHP/Common/functions.php 第 1263 行.
SQL: SHOW COLUMNS FROM `hqjhc_roles` [ RunTime:0.0005s ]
SQL: SELECT COUNT(*) AS tp_count FROM `hqjhc_roles` LIMIT 1   [ RunTime:0.0001s ]
SQL: SELECT * FROM `hqjhc_roles` ORDER BY `roleid` desc LIMIT 0,10   [ RunTime:0.0001s ]
INFO: [ view_parse ] --START--
INFO: [ template_filter ] --START--
INFO: Run Behavior\ContentReplaceBehavior [ RunTime:0.000079s ]
INFO: [ template_filter ] --END-- [ RunTime:0.000093s ]
NOTIC: [8] Undefined variable: data /home/www/hqjhc/backend/Runtime/Cache/Admin/f9c9f38e1d2cbec903108c9c0c1ea6f4.php 第 172 行.
NOTIC: [8] Undefined variable: data /home/www/hqjhc/backend/Runtime/Cache/Admin/f9c9f38e1d2cbec903108c9c0c1ea6f4.php 第 180 行.
NOTIC: [8] Undefined property: Think\Storage\Driver\File::$_data /home/www/hqjhc/backend/Runtime/Cache/Admin/f9c9f38e1d2cbec903108c9c0c1ea6f4.php 第 244 行.
NOTIC: [8] Undefined variable: data /home/www/hqjhc/backend/Runtime/Cache/Admin/f9c9f38e1d2cbec903108c9c0c1ea6f4.php 第 246 行.
INFO: Run Behavior\ParseTemplateBehavior [ RunTime:0.006763s ]
INFO: [ view_parse ] --END-- [ RunTime:0.006777s ]
INFO: [ view_filter ] --START--
INFO: Run Behavior\WriteHtmlCacheBehavior [ RunTime:0.000071s ]
INFO: [ view_filter ] --END-- [ RunTime:0.000082s ]
INFO: [ app_end ] --START--
INFO: Run Behavior\ShowPageTraceBehavior [ RunTime:0.000228s ]
INFO: [ app_end ] --END-- [ RunTime:0.000240s ]

[ 2017-12-05T14:18:51+08:00 ] 120.204.17.69 /admin.php/Admin/Roles/index.html?nsukey=8IKtlTMshVODnuim2NTp7Nw9b%2Bwe7ThwDM%2F9JLjgm3jXnGOE40XRPqv5JbIvVTtyflmPU9msZ3a3GheuTA5Gma0ypfAXE7KbJuhYB7rBjgOVZER28z7nuBiC8D%2BuNQBUV2ditbQuUG1dO5nDawCwyetOgalIIzGuFUhia6ZKiGNcmx4pejdBt4L7c6efKsylf0qmuX%2FhcxwV%2FW%2FtvlDhvA%3D%3D
INFO: [ app_init ] --START--
INFO: Run Behavior\BuildLiteBehavior [ RunTime:0.000006s ]
INFO: [ app_init ] --END-- [ RunTime:0.000159s ]
INFO: [ app_begin ] --START--
INFO: Run Behavior\ReadHtmlCacheBehavior [ RunTime:0.000196s ]
INFO: [ app_begin ] --END-- [ RunTime:0.000211s ]
NOTIC: [8] A session had already been started - ignoring session_start() /home/www/hqjhc/ThinkPHP/Common/functions.php 第 1263 行.
SQL: SHOW COLUMNS FROM `hqjhc_roles` [ RunTime:0.0005s ]
SQL: SELECT COUNT(*) AS tp_count FROM `hqjhc_roles` LIMIT 1   [ RunTime:0.0002s ]
SQL: SELECT * FROM `hqjhc_roles` ORDER BY `roleid` desc LIMIT 0,10   [ RunTime:0.0001s ]
INFO: [ view_parse ] --START--
INFO: [ template_filter ] --START--
INFO: Run Behavior\ContentReplaceBehavior [ RunTime:0.000074s ]
INFO: [ template_filter ] --END-- [ RunTime:0.000088s ]
NOTIC: [8] Undefined variable: data /home/www/hqjhc/backend/Runtime/Cache/Admin/f9c9f38e1d2cbec903108c9c0c1ea6f4.php 第 172 行.
NOTIC: [8] Undefined variable: data /home/www/hqjhc/backend/Runtime/Cache/Admin/f9c9f38e1d2cbec903108c9c0c1ea6f4.php 第 180 行.
NOTIC: [8] Undefined property: Think\Storage\Driver\File::$_data /home/www/hqjhc/backend/Runtime/Cache/Admin/f9c9f38e1d2cbec903108c9c0c1ea6f4.php 第 244 行.
NOTIC: [8] Undefined variable: data /home/www/hqjhc/backend/Runtime/Cache/Admin/f9c9f38e1d2cbec903108c9c0c1ea6f4.php 第 246 行.
INFO: Run Behavior\ParseTemplateBehavior [ RunTime:0.006523s ]
INFO: [ view_parse ] --END-- [ RunTime:0.006536s ]
INFO: [ view_filter ] --START--
INFO: Run Behavior\WriteHtmlCacheBehavior [ RunTime:0.000069s ]
INFO: [ view_filter ] --END-- [ RunTime:0.000080s ]
INFO: [ app_end ] --START--
INFO: Run Behavior\ShowPageTraceBehavior [ RunTime:0.000222s ]
INFO: [ app_end ] --END-- [ RunTime:0.000236s ]

[ 2017-12-05T14:18:52+08:00 ] 120.204.17.71 /admin.php/Admin/Roles/index.html?nsukey=8IKtlTMshVODnuim2NTp7Nw9b%2Bwe7ThwDM%2F9JLjgm3jXnGOE40XRPqv5JbIvVTtyflmPU9msZ3a3GheuTA5Gma0ypfAXE7KbJuhYB7rBjgOVZER28z7nuBiC8D%2BuNQBUV2ditbQuUG1dO5nDawCwyetOgalIIzGuFUhia6ZKiGNcmx4pejdBt4L7c6efKsylf0qmuX%2FhcxwV%2FW%2FtvlDhvA%3D%3D
INFO: [ app_init ] --START--
INFO: Run Behavior\BuildLiteBehavior [ RunTime:0.000006s ]
INFO: [ app_init ] --END-- [ RunTime:0.000156s ]
INFO: [ app_begin ] --START--
INFO: Run Behavior\ReadHtmlCacheBehavior [ RunTime:0.000203s ]
INFO: [ app_begin ] --END-- [ RunTime:0.000218s ]
NOTIC: [8] A session had already been started - ignoring session_start() /home/www/hqjhc/ThinkPHP/Common/functions.php 第 1263 行.
SQL: SHOW COLUMNS FROM `hqjhc_roles` [ RunTime:0.0005s ]
SQL: SELECT COUNT(*) AS tp_count FROM `hqjhc_roles` LIMIT 1   [ RunTime:0.0002s ]
SQL: SELECT * FROM `hqjhc_roles` ORDER BY `roleid` desc LIMIT 0,10   [ RunTime:0.0002s ]
INFO: [ view_parse ] --START--
INFO: [ template_filter ] --START--
INFO: Run Behavior\ContentReplaceBehavior [ RunTime:0.000083s ]
INFO: [ template_filter ] --END-- [ RunTime:0.000099s ]
NOTIC: [8] Undefined variable: data /home/www/hqjhc/backend/Runtime/Cache/Admin/f9c9f38e1d2cbec903108c9c0c1ea6f4.php 第 172 行.
NOTIC: [8] Undefined variable: data /home/www/hqjhc/backend/Runtime/Cache/Admin/f9c9f38e1d2cbec903108c9c0c1ea6f4.php 第 180 行.
NOTIC: [8] Undefined property: Think\Storage\Driver\File::$_data /home/www/hqjhc/backend/Runtime/Cache/Admin/f9c9f38e1d2cbec903108c9c0c1ea6f4.php 第 244 行.
NOTIC: [8] Undefined variable: data /home/www/hqjhc/backend/Runtime/Cache/Admin/f9c9f38e1d2cbec903108c9c0c1ea6f4.php 第 246 行.
INFO: Run Behavior\ParseTemplateBehavior [ RunTime:0.007974s ]
INFO: [ view_parse ] --END-- [ RunTime:0.007988s ]
INFO: [ view_filter ] --START--
INFO: Run Behavior\WriteHtmlCacheBehavior [ RunTime:0.000073s ]
INFO: [ view_filter ] --END-- [ RunTime:0.000085s ]
INFO: [ app_end ] --START--
INFO: Run Behavior\ShowPageTraceBehavior [ RunTime:0.000231s ]
INFO: [ app_end ] --END-- [ RunTime:0.000246s ]

[ 2017-12-05T15:13:41+08:00 ] 113.44.38.128 /admin.php/Admin/Index/index.html
INFO: [ app_init ] --START--
INFO: Run Behavior\BuildLiteBehavior [ RunTime:0.000006s ]
INFO: [ app_init ] --END-- [ RunTime:0.000180s ]
INFO: [ app_begin ] --START--
INFO: Run Behavior\ReadHtmlCacheBehavior [ RunTime:0.000225s ]
INFO: [ app_begin ] --END-- [ RunTime:0.000243s ]
NOTIC: [8] A session had already been started - ignoring session_start() /home/www/hqjhc/ThinkPHP/Common/functions.php 第 1263 行.
SQL: SHOW COLUMNS FROM `hqjhc_staffs` [ RunTime:0.0006s ]
SQL: SHOW COLUMNS FROM `hqjhc_staffs` [ RunTime:0.0003s ]
SQL: SELECT * FROM `hqjhc_staffs` WHERE `stffid` = 6 LIMIT 1   [ RunTime:0.0002s ]
SQL: SHOW COLUMNS FROM `hqjhc_staffs` [ RunTime:0.0003s ]
SQL: SELECT COUNT(*) AS tp_count FROM `hqjhc_staffs` WHERE `dataFlag` = 0 LIMIT 1   [ RunTime:0.0001s ]
SQL: SELECT * FROM `hqjhc_staffs` WHERE `dataFlag` = 0 ORDER BY `stffid` desc LIMIT 0,15   [ RunTime:0.0002s ]
SQL: SHOW COLUMNS FROM `hqjhc_staffs` [ RunTime:0.0003s ]
SQL: SELECT * FROM `hqjhc_staffs` WHERE `stffid` = 6 LIMIT 1   [ RunTime:0.0002s ]
INFO: [ view_parse ] --START--
INFO: [ template_filter ] --START--
INFO: Run Behavior\ContentReplaceBehavior [ RunTime:0.000074s ]
INFO: [ template_filter ] --END-- [ RunTime:0.000090s ]
NOTIC: [8] Undefined property: Think\Storage\Driver\File::$_data /home/www/hqjhc/backend/Runtime/Cache/Admin/a4757d518f99ac5a2cf27270b287e37a.php 第 244 行.
INFO: Run Behavior\ParseTemplateBehavior [ RunTime:0.006708s ]
INFO: [ view_parse ] --END-- [ RunTime:0.006722s ]
INFO: [ view_filter ] --START--
INFO: Run Behavior\WriteHtmlCacheBehavior [ RunTime:0.000073s ]
INFO: [ view_filter ] --END-- [ RunTime:0.000084s ]
INFO: [ app_end ] --START--
INFO: Run Behavior\ShowPageTraceBehavior [ RunTime:0.000230s ]
INFO: [ app_end ] --END-- [ RunTime:0.000244s ]

[ 2017-12-05T15:14:20+08:00 ] 113.44.38.128 /admin.php/Admin/Index/addUserPage.html
INFO: [ app_init ] --START--
INFO: Run Behavior\BuildLiteBehavior [ RunTime:0.000005s ]
INFO: [ app_init ] --END-- [ RunTime:0.000172s ]
INFO: [ app_begin ] --START--
INFO: Run Behavior\ReadHtmlCacheBehavior [ RunTime:0.000197s ]
INFO: [ app_begin ] --END-- [ RunTime:0.000211s ]
NOTIC: [8] A session had already been started - ignoring session_start() /home/www/hqjhc/ThinkPHP/Common/functions.php 第 1263 行.
SQL: SHOW COLUMNS FROM `hqjhc_staffs` [ RunTime:0.0005s ]
SQL: SHOW COLUMNS FROM `hqjhc_staffs` [ RunTime:0.0003s ]
SQL: SELECT * FROM `hqjhc_staffs` WHERE `stffid` = 6 LIMIT 1   [ RunTime:0.0002s ]
INFO: [ view_parse ] --START--
INFO: [ template_filter ] --START--
INFO: Run Behavior\ContentReplaceBehavior [ RunTime:0.000072s ]
INFO: [ template_filter ] --END-- [ RunTime:0.000088s ]
NOTIC: [8] Undefined property: Think\Storage\Driver\File::$_data /home/www/hqjhc/backend/Runtime/Cache/Admin/d4c7c4977ae35be446a4fd4f408e28b8.php 第 243 行.
INFO: Run Behavior\ParseTemplateBehavior [ RunTime:0.006492s ]
INFO: [ view_parse ] --END-- [ RunTime:0.006507s ]
INFO: [ view_filter ] --START--
INFO: Run Behavior\WriteHtmlCacheBehavior [ RunTime:0.000069s ]
INFO: [ view_filter ] --END-- [ RunTime:0.000078s ]
INFO: [ app_end ] --START--
INFO: Run Behavior\ShowPageTraceBehavior [ RunTime:0.000223s ]
INFO: [ app_end ] --END-- [ RunTime:0.000235s ]

[ 2017-12-05T15:17:01+08:00 ] 113.44.38.128 /admin.php/Admin/Index/doAddUser.html
INFO: [ app_init ] --START--
INFO: Run Behavior\BuildLiteBehavior [ RunTime:0.000007s ]
INFO: [ app_init ] --END-- [ RunTime:0.000157s ]
INFO: [ app_begin ] --START--
INFO: Run Behavior\ReadHtmlCacheBehavior [ RunTime:0.000203s ]
INFO: [ app_begin ] --END-- [ RunTime:0.000220s ]
NOTIC: [8] A session had already been started - ignoring session_start() /home/www/hqjhc/ThinkPHP/Common/functions.php 第 1263 行.
SQL: SHOW COLUMNS FROM `hqjhc_staffs` [ RunTime:0.0006s ]
SQL: SHOW COLUMNS FROM `hqjhc_staffs` [ RunTime:0.0003s ]
SQL: SELECT * FROM `hqjhc_staffs` WHERE `stffid` = 6 LIMIT 1   [ RunTime:0.0002s ]
SQL: SHOW COLUMNS FROM `hqjhc_staffs` [ RunTime:0.0003s ]
NOTIC: [8] Undefined index: validate /home/www/hqjhc/ThinkPHP/Library/Think/Model.class.php 第 1185 行.
NOTIC: [8] Undefined index: auto /home/www/hqjhc/ThinkPHP/Library/Think/Model.class.php 第 1128 行.
ERR: 1364:Field 'staffRoleid' doesn't have a default value
 [ SQL语句 ] : INSERT INTO `hqjhc_staffs` (`loginName`,`loginPwd`,`staffName`,`staffNo`,`staffPhoto`,`createstaffid`,`createTime`) VALUES ('ld','1234567','','','','6','2017-12-05 15:17:01')
ERR: 1364:Field 'staffRoleid' doesn't have a default value
 [ SQL语句 ] : INSERT INTO `hqjhc_staffs` (`loginName`,`loginPwd`,`staffName`,`staffNo`,`staffPhoto`,`createstaffid`,`createTime`) VALUES ('ld','1234567','','','','6','2017-12-05 15:17:01')

[ 2017-12-05T15:18:37+08:00 ] 113.44.38.128 /admin.php/Admin/Index/doAddUser.html
INFO: [ app_init ] --START--
INFO: Run Behavior\BuildLiteBehavior [ RunTime:0.000007s ]
INFO: [ app_init ] --END-- [ RunTime:0.000173s ]
INFO: [ app_begin ] --START--
INFO: Run Behavior\ReadHtmlCacheBehavior [ RunTime:0.000241s ]
INFO: [ app_begin ] --END-- [ RunTime:0.000270s ]
NOTIC: [8] A session had already been started - ignoring session_start() /home/www/hqjhc/ThinkPHP/Common/functions.php 第 1263 行.
SQL: SHOW COLUMNS FROM `hqjhc_staffs` [ RunTime:0.0005s ]
SQL: SHOW COLUMNS FROM `hqjhc_staffs` [ RunTime:0.0004s ]
SQL: SELECT * FROM `hqjhc_staffs` WHERE `stffid` = 6 LIMIT 1   [ RunTime:0.0002s ]
SQL: SHOW COLUMNS FROM `hqjhc_staffs` [ RunTime:0.0003s ]
NOTIC: [8] Undefined index: validate /home/www/hqjhc/ThinkPHP/Library/Think/Model.class.php 第 1185 行.
NOTIC: [8] Undefined index: auto /home/www/hqjhc/ThinkPHP/Library/Think/Model.class.php 第 1128 行.
SQL: INSERT INTO `hqjhc_staffs` (`loginName`,`loginPwd`,`staffName`,`staffNo`,`staffPhoto`,`staffRoleid`,`createstaffid`,`createTime`) VALUES ('ld','1234567','老大','0005','','1','6','2017-12-05 15:18:37') [ RunTime:0.0039s ]
INFO: [ view_parse ] --START--
INFO: [ template_filter ] --START--
INFO: Run Behavior\ContentReplaceBehavior [ RunTime:0.000017s ]
INFO: [ template_filter ] --END-- [ RunTime:0.000031s ]
INFO: Run Behavior\ParseTemplateBehavior [ RunTime:0.003433s ]
INFO: [ view_parse ] --END-- [ RunTime:0.003450s ]
INFO: [ view_filter ] --START--
INFO: Run Behavior\WriteHtmlCacheBehavior [ RunTime:0.000065s ]
INFO: [ view_filter ] --END-- [ RunTime:0.000075s ]
INFO: [ app_end ] --START--
INFO: Run Behavior\ShowPageTraceBehavior [ RunTime:0.000224s ]
INFO: [ app_end ] --END-- [ RunTime:0.000236s ]

[ 2017-12-05T15:18:38+08:00 ] 113.44.38.128 /admin.php/Admin/Index/addUserPage.html
INFO: [ app_init ] --START--
INFO: Run Behavior\BuildLiteBehavior [ RunTime:0.000005s ]
INFO: [ app_init ] --END-- [ RunTime:0.000153s ]
INFO: [ app_begin ] --START--
INFO: Run Behavior\ReadHtmlCacheBehavior [ RunTime:0.000222s ]
INFO: [ app_begin ] --END-- [ RunTime:0.000237s ]
NOTIC: [8] A session had already been started - ignoring session_start() /home/www/hqjhc/ThinkPHP/Common/functions.php 第 1263 行.
SQL: SHOW COLUMNS FROM `hqjhc_staffs` [ RunTime:0.0005s ]
SQL: SHOW COLUMNS FROM `hqjhc_staffs` [ RunTime:0.0003s ]
SQL: SELECT * FROM `hqjhc_staffs` WHERE `stffid` = 6 LIMIT 1   [ RunTime:0.0002s ]
INFO: [ view_parse ] --START--
INFO: [ template_filter ] --START--
INFO: Run Behavior\ContentReplaceBehavior [ RunTime:0.000073s ]
INFO: [ template_filter ] --END-- [ RunTime:0.000088s ]
NOTIC: [8] Undefined property: Think\Storage\Driver\File::$_data /home/www/hqjhc/backend/Runtime/Cache/Admin/d4c7c4977ae35be446a4fd4f408e28b8.php 第 243 行.
INFO: Run Behavior\ParseTemplateBehavior [ RunTime:0.006301s ]
INFO: [ view_parse ] --END-- [ RunTime:0.006315s ]
INFO: [ view_filter ] --START--
INFO: Run Behavior\WriteHtmlCacheBehavior [ RunTime:0.000073s ]
INFO: [ view_filter ] --END-- [ RunTime:0.000083s ]
INFO: [ app_end ] --START--
INFO: Run Behavior\ShowPageTraceBehavior [ RunTime:0.000223s ]
INFO: [ app_end ] --END-- [ RunTime:0.000237s ]

[ 2017-12-05T15:19:30+08:00 ] 113.44.38.128 /admin.php/Admin/Index/index.html
INFO: [ app_init ] --START--
INFO: Run Behavior\BuildLiteBehavior [ RunTime:0.000006s ]
INFO: [ app_init ] --END-- [ RunTime:0.000158s ]
INFO: [ app_begin ] --START--
INFO: Run Behavior\ReadHtmlCacheBehavior [ RunTime:0.000199s ]
INFO: [ app_begin ] --END-- [ RunTime:0.000215s ]
NOTIC: [8] A session had already been started - ignoring session_start() /home/www/hqjhc/ThinkPHP/Common/functions.php 第 1263 行.
SQL: SHOW COLUMNS FROM `hqjhc_staffs` [ RunTime:0.0006s ]
SQL: SHOW COLUMNS FROM `hqjhc_staffs` [ RunTime:0.0004s ]
SQL: SELECT * FROM `hqjhc_staffs` WHERE `stffid` = 6 LIMIT 1   [ RunTime:0.0002s ]
SQL: SHOW COLUMNS FROM `hqjhc_staffs` [ RunTime:0.0003s ]
SQL: SELECT COUNT(*) AS tp_count FROM `hqjhc_staffs` WHERE `dataFlag` = 0 LIMIT 1   [ RunTime:0.0001s ]
SQL: SELECT * FROM `hqjhc_staffs` WHERE `dataFlag` = 0 ORDER BY `stffid` desc LIMIT 0,15   [ RunTime:0.0002s ]
SQL: SHOW COLUMNS FROM `hqjhc_staffs` [ RunTime:0.0003s ]
SQL: SELECT * FROM `hqjhc_staffs` WHERE `stffid` = 6 LIMIT 1   [ RunTime:0.0002s ]
SQL: SHOW COLUMNS FROM `hqjhc_staffs` [ RunTime:0.0003s ]
SQL: SELECT * FROM `hqjhc_staffs` WHERE `stffid` = 6 LIMIT 1   [ RunTime:0.0001s ]
INFO: [ view_parse ] --START--
INFO: [ template_filter ] --START--
INFO: Run Behavior\ContentReplaceBehavior [ RunTime:0.000075s ]
INFO: [ template_filter ] --END-- [ RunTime:0.000090s ]
NOTIC: [8] Undefined property: Think\Storage\Driver\File::$_data /home/www/hqjhc/backend/Runtime/Cache/Admin/a4757d518f99ac5a2cf27270b287e37a.php 第 244 行.
INFO: Run Behavior\ParseTemplateBehavior [ RunTime:0.007015s ]
INFO: [ view_parse ] --END-- [ RunTime:0.007029s ]
INFO: [ view_filter ] --START--
INFO: Run Behavior\WriteHtmlCacheBehavior [ RunTime:0.000074s ]
INFO: [ view_filter ] --END-- [ RunTime:0.000085s ]
INFO: [ app_end ] --START--
INFO: Run Behavior\ShowPageTraceBehavior [ RunTime:0.000251s ]
INFO: [ app_end ] --END-- [ RunTime:0.000267s ]

[ 2017-12-05T15:38:38+08:00 ] 113.44.38.128 /admin.php/Admin/Index/index.html
INFO: [ app_init ] --START--
INFO: Run Behavior\BuildLiteBehavior [ RunTime:0.000007s ]
INFO: [ app_init ] --END-- [ RunTime:0.000169s ]
INFO: [ app_begin ] --START--
INFO: Run Behavior\ReadHtmlCacheBehavior [ RunTime:0.000228s ]
INFO: [ app_begin ] --END-- [ RunTime:0.000246s ]
NOTIC: [8] A session had already been started - ignoring session_start() /home/www/hqjhc/ThinkPHP/Common/functions.php 第 1263 行.
SQL: SHOW COLUMNS FROM `hqjhc_staffs` [ RunTime:0.0005s ]
SQL: SHOW COLUMNS FROM `hqjhc_staffs` [ RunTime:0.0004s ]
SQL: SELECT * FROM `hqjhc_staffs` WHERE `stffid` = 6 LIMIT 1   [ RunTime:0.0002s ]
SQL: SHOW COLUMNS FROM `hqjhc_staffs` [ RunTime:0.0003s ]
SQL: SELECT COUNT(*) AS tp_count FROM `hqjhc_staffs` WHERE `dataFlag` = 0 LIMIT 1   [ RunTime:0.0002s ]
SQL: SELECT * FROM `hqjhc_staffs` WHERE `dataFlag` = 0 ORDER BY `stffid` desc LIMIT 0,15   [ RunTime:0.0002s ]
SQL: SHOW COLUMNS FROM `hqjhc_staffs` [ RunTime:0.0003s ]
SQL: SELECT * FROM `hqjhc_staffs` WHERE `stffid` = 6 LIMIT 1   [ RunTime:0.0002s ]
SQL: SHOW COLUMNS FROM `hqjhc_staffs` [ RunTime:0.0003s ]
SQL: SELECT * FROM `hqjhc_staffs` WHERE `stffid` = 6 LIMIT 1   [ RunTime:0.0001s ]
INFO: [ view_parse ] --START--
INFO: [ template_filter ] --START--
INFO: Run Behavior\ContentReplaceBehavior [ RunTime:0.000073s ]
INFO: [ template_filter ] --END-- [ RunTime:0.000088s ]
NOTIC: [8] Undefined property: Think\Storage\Driver\File::$_data /home/www/hqjhc/backend/Runtime/Cache/Admin/a4757d518f99ac5a2cf27270b287e37a.php 第 244 行.
INFO: Run Behavior\ParseTemplateBehavior [ RunTime:0.006922s ]
INFO: [ view_parse ] --END-- [ RunTime:0.006936s ]
INFO: [ view_filter ] --START--
INFO: Run Behavior\WriteHtmlCacheBehavior [ RunTime:0.000072s ]
INFO: [ view_filter ] --END-- [ RunTime:0.000083s ]
INFO: [ app_end ] --START--
INFO: Run Behavior\ShowPageTraceBehavior [ RunTime:0.000245s ]
INFO: [ app_end ] --END-- [ RunTime:0.000259s ]

[ 2017-12-05T15:38:44+08:00 ] 116.226.130.39 /admin.php/Admin/Privileges/index.html
INFO: [ app_init ] --START--
INFO: Run Behavior\BuildLiteBehavior [ RunTime:0.000005s ]
INFO: [ app_init ] --END-- [ RunTime:0.000175s ]
INFO: [ app_begin ] --START--
INFO: Run Behavior\ReadHtmlCacheBehavior [ RunTime:0.000197s ]
INFO: [ app_begin ] --END-- [ RunTime:0.000213s ]
NOTIC: [8] A session had already been started - ignoring session_start() /home/www/hqjhc/ThinkPHP/Common/functions.php 第 1263 行.
SQL: SHOW COLUMNS FROM `hqjhc_staffs` [ RunTime:0.0005s ]
SQL: SHOW COLUMNS FROM `hqjhc_staffs` [ RunTime:0.0004s ]
SQL: SELECT * FROM `hqjhc_staffs` WHERE `stffid` = 6 LIMIT 1   [ RunTime:0.0002s ]
SQL: SHOW COLUMNS FROM `hqjhc_privileges` [ RunTime:0.0003s ]
SQL: SELECT COUNT(*) AS tp_count FROM `hqjhc_privileges` WHERE `dataFlag` = 0 LIMIT 1   [ RunTime:0.0002s ]
SQL: SELECT * FROM `hqjhc_privileges` WHERE `dataFlag` = 0 ORDER BY `privilegeid` desc LIMIT 0,15   [ RunTime:0.0002s ]
INFO: [ view_parse ] --START--
INFO: [ template_filter ] --START--
INFO: Run Behavior\ContentReplaceBehavior [ RunTime:0.000070s ]
INFO: [ template_filter ] --END-- [ RunTime:0.000084s ]
NOTIC: [8] Undefined property: Think\Storage\Driver\File::$_data /home/www/hqjhc/backend/Runtime/Cache/Admin/f14021a25d9ca198123b9e4097bd022b.php 第 244 行.
NOTIC: [8] Undefined index: privilegedesc /home/www/hqjhc/backend/Runtime/Cache/Admin/f14021a25d9ca198123b9e4097bd022b.php 第 589 行.
NOTIC: [8] Undefined index: createTime /home/www/hqjhc/backend/Runtime/Cache/Admin/f14021a25d9ca198123b9e4097bd022b.php 第 590 行.
NOTIC: [8] Undefined index: createid /home/www/hqjhc/backend/Runtime/Cache/Admin/f14021a25d9ca198123b9e4097bd022b.php 第 591 行.
NOTIC: [8] Undefined index: updateTime /home/www/hqjhc/backend/Runtime/Cache/Admin/f14021a25d9ca198123b9e4097bd022b.php 第 592 行.
NOTIC: [8] Undefined index: updateid /home/www/hqjhc/backend/Runtime/Cache/Admin/f14021a25d9ca198123b9e4097bd022b.php 第 593 行.
NOTIC: [8] Undefined index: privilegedesc /home/www/hqjhc/backend/Runtime/Cache/Admin/f14021a25d9ca198123b9e4097bd022b.php 第 589 行.
NOTIC: [8] Undefined index: createTime /home/www/hqjhc/backend/Runtime/Cache/Admin/f14021a25d9ca198123b9e4097bd022b.php 第 590 行.
NOTIC: [8] Undefined index: createid /home/www/hqjhc/backend/Runtime/Cache/Admin/f14021a25d9ca198123b9e4097bd022b.php 第 591 行.
NOTIC: [8] Undefined index: updateTime /home/www/hqjhc/backend/Runtime/Cache/Admin/f14021a25d9ca198123b9e4097bd022b.php 第 592 行.
NOTIC: [8] Undefined index: updateid /home/www/hqjhc/backend/Runtime/Cache/Admin/f14021a25d9ca198123b9e4097bd022b.php 第 593 行.
NOTIC: [8] Undefined index: privilegedesc /home/www/hqjhc/backend/Runtime/Cache/Admin/f14021a25d9ca198123b9e4097bd022b.php 第 589 行.
NOTIC: [8] Undefined index: createTime /home/www/hqjhc/backend/Runtime/Cache/Admin/f14021a25d9ca198123b9e4097bd022b.php 第 590 行.
NOTIC: [8] Undefined index: createid /home/www/hqjhc/backend/Runtime/Cache/Admin/f14021a25d9ca198123b9e4097bd022b.php 第 591 行.
NOTIC: [8] Undefined index: updateTime /home/www/hqjhc/backend/Runtime/Cache/Admin/f14021a25d9ca198123b9e4097bd022b.php 第 592 行.
NOTIC: [8] Undefined index: updateid /home/www/hqjhc/backend/Runtime/Cache/Admin/f14021a25d9ca198123b9e4097bd022b.php 第 593 行.
NOTIC: [8] Undefined index: privilegedesc /home/www/hqjhc/backend/Runtime/Cache/Admin/f14021a25d9ca198123b9e4097bd022b.php 第 589 行.
NOTIC: [8] Undefined index: createTime /home/www/hqjhc/backend/Runtime/Cache/Admin/f14021a25d9ca198123b9e4097bd022b.php 第 590 行.
NOTIC: [8] Undefined index: createid /home/www/hqjhc/backend/Runtime/Cache/Admin/f14021a25d9ca198123b9e4097bd022b.php 第 591 行.
NOTIC: [8] Undefined index: updateTime /home/www/hqjhc/backend/Runtime/Cache/Admin/f14021a25d9ca198123b9e4097bd022b.php 第 592 行.
NOTIC: [8] Undefined index: updateid /home/www/hqjhc/backend/Runtime/Cache/Admin/f14021a25d9ca198123b9e4097bd022b.php 第 593 行.
NOTIC: [8] Undefined index: privilegedesc /home/www/hqjhc/backend/Runtime/Cache/Admin/f14021a25d9ca198123b9e4097bd022b.php 第 589 行.
NOTIC: [8] Undefined index: createTime /home/www/hqjhc/backend/Runtime/Cache/Admin/f14021a25d9ca198123b9e4097bd022b.php 第 590 行.
NOTIC: [8] Undefined index: createid /home/www/hqjhc/backend/Runtime/Cache/Admin/f14021a25d9ca198123b9e4097bd022b.php 第 591 行.
NOTIC: [8] Undefined index: updateTime /home/www/hqjhc/backend/Runtime/Cache/Admin/f14021a25d9ca198123b9e4097bd022b.php 第 592 行.
NOTIC: [8] Undefined index: updateid /home/www/hqjhc/backend/Runtime/Cache/Admin/f14021a25d9ca198123b9e4097bd022b.php 第 593 行.
NOTIC: [8] Undefined index: privilegedesc /home/www/hqjhc/backend/Runtime/Cache/Admin/f14021a25d9ca198123b9e4097bd022b.php 第 589 行.
NOTIC: [8] Undefined index: createTime /home/www/hqjhc/backend/Runtime/Cache/Admin/f14021a25d9ca198123b9e4097bd022b.php 第 590 行.
NOTIC: [8] Undefined index: createid /home/www/hqjhc/backend/Runtime/Cache/Admin/f14021a25d9ca198123b9e4097bd022b.php 第 591 行.
NOTIC: [8] Undefined index: updateTime /home/www/hqjhc/backend/Runtime/Cache/Admin/f14021a25d9ca198123b9e4097bd022b.php 第 592 行.
NOTIC: [8] Undefined index: updateid /home/www/hqjhc/backend/Runtime/Cache/Admin/f14021a25d9ca198123b9e4097bd022b.php 第 593 行.
NOTIC: [8] Undefined index: privilegedesc /home/www/hqjhc/backend/Runtime/Cache/Admin/f14021a25d9ca198123b9e4097bd022b.php 第 589 行.
NOTIC: [8] Undefined index: createTime /home/www/hqjhc/backend/Runtime/Cache/Admin/f14021a25d9ca198123b9e4097bd022b.php 第 590 行.
NOTIC: [8] Undefined index: createid /home/www/hqjhc/backend/Runtime/Cache/Admin/f14021a25d9ca198123b9e4097bd022b.php 第 591 行.
NOTIC: [8] Undefined index: updateTime /home/www/hqjhc/backend/Runtime/Cache/Admin/f14021a25d9ca198123b9e4097bd022b.php 第 592 行.
NOTIC: [8] Undefined index: updateid /home/www/hqjhc/backend/Runtime/Cache/Admin/f14021a25d9ca198123b9e4097bd022b.php 第 593 行.
NOTIC: [8] Undefined index: privilegedesc /home/www/hqjhc/backend/Runtime/Cache/Admin/f14021a25d9ca198123b9e4097bd022b.php 第 589 行.
NOTIC: [8] Undefined index: createTime /home/www/hqjhc/backend/Runtime/Cache/Admin/f14021a25d9ca198123b9e4097bd022b.php 第 590 行.
NOTIC: [8] Undefined index: createid /home/www/hqjhc/backend/Runtime/Cache/Admin/f14021a25d9ca198123b9e4097bd022b.php 第 591 行.
NOTIC: [8] Undefined index: updateTime /home/www/hqjhc/backend/Runtime/Cache/Admin/f14021a25d9ca198123b9e4097bd022b.php 第 592 行.
NOTIC: [8] Undefined index: updateid /home/www/hqjhc/backend/Runtime/Cache/Admin/f14021a25d9ca198123b9e4097bd022b.php 第 593 行.
NOTIC: [8] Undefined index: privilegedesc /home/www/hqjhc/backend/Runtime/Cache/Admin/f14021a25d9ca198123b9e4097bd022b.php 第 589 行.
NOTIC: [8] Undefined index: createTime /home/www/hqjhc/backend/Runtime/Cache/Admin/f14021a25d9ca198123b9e4097bd022b.php 第 590 行.
NOTIC: [8] Undefined index: createid /home/www/hqjhc/backend/Runtime/Cache/Admin/f14021a25d9ca198123b9e4097bd022b.php 第 591 行.
NOTIC: [8] Undefined index: updateTime /home/www/hqjhc/backend/Runtime/Cache/Admin/f14021a25d9ca198123b9e4097bd022b.php 第 592 行.
NOTIC: [8] Undefined index: updateid /home/www/hqjhc/backend/Runtime/Cache/Admin/f14021a25d9ca198123b9e4097bd022b.php 第 593 行.
NOTIC: [8] Undefined index: privilegedesc /home/www/hqjhc/backend/Runtime/Cache/Admin/f14021a25d9ca198123b9e4097bd022b.php 第 589 行.
NOTIC: [8] Undefined index: createTime /home/www/hqjhc/backend/Runtime/Cache/Admin/f14021a25d9ca198123b9e4097bd022b.php 第 590 行.
NOTIC: [8] Undefined index: createid /home/www/hqjhc/backend/Runtime/Cache/Admin/f14021a25d9ca198123b9e4097bd022b.php 第 591 行.
NOTIC: [8] Undefined index: updateTime /home/www/hqjhc/backend/Runtime/Cache/Admin/f14021a25d9ca198123b9e4097bd022b.php 第 592 行.
NOTIC: [8] Undefined index: updateid /home/www/hqjhc/backend/Runtime/Cache/Admin/f14021a25d9ca198123b9e4097bd022b.php 第 593 行.
NOTIC: [8] Undefined index: privilegedesc /home/www/hqjhc/backend/Runtime/Cache/Admin/f14021a25d9ca198123b9e4097bd022b.php 第 589 行.
NOTIC: [8] Undefined index: createTime /home/www/hqjhc/backend/Runtime/Cache/Admin/f14021a25d9ca198123b9e4097bd022b.php 第 590 行.
NOTIC: [8] Undefined index: createid /home/www/hqjhc/backend/Runtime/Cache/Admin/f14021a25d9ca198123b9e4097bd022b.php 第 591 行.
NOTIC: [8] Undefined index: updateTime /home/www/hqjhc/backend/Runtime/Cache/Admin/f14021a25d9ca198123b9e4097bd022b.php 第 592 行.
NOTIC: [8] Undefined index: updateid /home/www/hqjhc/backend/Runtime/Cache/Admin/f14021a25d9ca198123b9e4097bd022b.php 第 593 行.
NOTIC: [8] Undefined index: privilegedesc /home/www/hqjhc/backend/Runtime/Cache/Admin/f14021a25d9ca198123b9e4097bd022b.php 第 589 行.
NOTIC: [8] Undefined index: createTime /home/www/hqjhc/backend/Runtime/Cache/Admin/f14021a25d9ca198123b9e4097bd022b.php 第 590 行.
NOTIC: [8] Undefined index: createid /home/www/hqjhc/backend/Runtime/Cache/Admin/f14021a25d9ca198123b9e4097bd022b.php 第 591 行.
NOTIC: [8] Undefined index: updateTime /home/www/hqjhc/backend/Runtime/Cache/Admin/f14021a25d9ca198123b9e4097bd022b.php 第 592 行.
NOTIC: [8] Undefined index: updateid /home/www/hqjhc/backend/Runtime/Cache/Admin/f14021a25d9ca198123b9e4097bd022b.php 第 593 行.
NOTIC: [8] Undefined index: privilegedesc /home/www/hqjhc/backend/Runtime/Cache/Admin/f14021a25d9ca198123b9e4097bd022b.php 第 589 行.
NOTIC: [8] Undefined index: createTime /home/www/hqjhc/backend/Runtime/Cache/Admin/f14021a25d9ca198123b9e4097bd022b.php 第 590 行.
NOTIC: [8] Undefined index: createid /home/www/hqjhc/backend/Runtime/Cache/Admin/f14021a25d9ca198123b9e4097bd022b.php 第 591 行.
NOTIC: [8] Undefined index: updateTime /home/www/hqjhc/backend/Runtime/Cache/Admin/f14021a25d9ca198123b9e4097bd022b.php 第 592 行.
NOTIC: [8] Undefined index: updateid /home/www/hqjhc/backend/Runtime/Cache/Admin/f14021a25d9ca198123b9e4097bd022b.php 第 593 行.
NOTIC: [8] Undefined index: privilegedesc /home/www/hqjhc/backend/Runtime/Cache/Admin/f14021a25d9ca198123b9e4097bd022b.php 第 589 行.
NOTIC: [8] Undefined index: createTime /home/www/hqjhc/backend/Runtime/Cache/Admin/f14021a25d9ca198123b9e4097bd022b.php 第 590 行.
NOTIC: [8] Undefined index: createid /home/www/hqjhc/backend/Runtime/Cache/Admin/f14021a25d9ca198123b9e4097bd022b.php 第 591 行.
NOTIC: [8] Undefined index: updateTime /home/www/hqjhc/backend/Runtime/Cache/Admin/f14021a25d9ca198123b9e4097bd022b.php 第 592 行.
NOTIC: [8] Undefined index: updateid /home/www/hqjhc/backend/Runtime/Cache/Admin/f14021a25d9ca198123b9e4097bd022b.php 第 593 行.
NOTIC: [8] Undefined index: privilegedesc /home/www/hqjhc/backend/Runtime/Cache/Admin/f14021a25d9ca198123b9e4097bd022b.php 第 589 行.
NOTIC: [8] Undefined index: createTime /home/www/hqjhc/backend/Runtime/Cache/Admin/f14021a25d9ca198123b9e4097bd022b.php 第 590 行.
NOTIC: [8] Undefined index: createid /home/www/hqjhc/backend/Runtime/Cache/Admin/f14021a25d9ca198123b9e4097bd022b.php 第 591 行.
NOTIC: [8] Undefined index: updateTime /home/www/hqjhc/backend/Runtime/Cache/Admin/f14021a25d9ca198123b9e4097bd022b.php 第 592 行.
NOTIC: [8] Undefined index: updateid /home/www/hqjhc/backend/Runtime/Cache/Admin/f14021a25d9ca198123b9e4097bd022b.php 第 593 行.
INFO: Run Behavior\ParseTemplateBehavior [ RunTime:0.006675s ]
INFO: [ view_parse ] --END-- [ RunTime:0.006689s ]
INFO: [ view_filter ] --START--
INFO: Run Behavior\WriteHtmlCacheBehavior [ RunTime:0.000071s ]
INFO: [ view_filter ] --END-- [ RunTime:0.000081s ]
INFO: [ app_end ] --START--
INFO: Run Behavior\ShowPageTraceBehavior [ RunTime:0.000229s ]
INFO: [ app_end ] --END-- [ RunTime:0.000242s ]

[ 2017-12-05T15:38:49+08:00 ] 116.226.130.39 /admin.php/Admin/Roles/index.html
INFO: [ app_init ] --START--
INFO: Run Behavior\BuildLiteBehavior [ RunTime:0.000006s ]
INFO: [ app_init ] --END-- [ RunTime:0.000153s ]
INFO: [ app_begin ] --START--
INFO: Run Behavior\ReadHtmlCacheBehavior [ RunTime:0.000198s ]
INFO: [ app_begin ] --END-- [ RunTime:0.000212s ]
NOTIC: [8] A session had already been started - ignoring session_start() /home/www/hqjhc/ThinkPHP/Common/functions.php 第 1263 行.
SQL: SHOW COLUMNS FROM `hqjhc_roles` [ RunTime:0.0004s ]
SQL: SELECT COUNT(*) AS tp_count FROM `hqjhc_roles` LIMIT 1   [ RunTime:0.0002s ]
SQL: SELECT * FROM `hqjhc_roles` ORDER BY `roleid` desc LIMIT 0,10   [ RunTime:0.0002s ]
INFO: [ view_parse ] --START--
INFO: [ template_filter ] --START--
INFO: Run Behavior\ContentReplaceBehavior [ RunTime:0.000072s ]
INFO: [ template_filter ] --END-- [ RunTime:0.000086s ]
NOTIC: [8] Undefined variable: data /home/www/hqjhc/backend/Runtime/Cache/Admin/f9c9f38e1d2cbec903108c9c0c1ea6f4.php 第 172 行.
NOTIC: [8] Undefined variable: data /home/www/hqjhc/backend/Runtime/Cache/Admin/f9c9f38e1d2cbec903108c9c0c1ea6f4.php 第 180 行.
NOTIC: [8] Undefined property: Think\Storage\Driver\File::$_data /home/www/hqjhc/backend/Runtime/Cache/Admin/f9c9f38e1d2cbec903108c9c0c1ea6f4.php 第 244 行.
NOTIC: [8] Undefined variable: data /home/www/hqjhc/backend/Runtime/Cache/Admin/f9c9f38e1d2cbec903108c9c0c1ea6f4.php 第 246 行.
INFO: Run Behavior\ParseTemplateBehavior [ RunTime:0.006755s ]
INFO: [ view_parse ] --END-- [ RunTime:0.006769s ]
INFO: [ view_filter ] --START--
INFO: Run Behavior\WriteHtmlCacheBehavior [ RunTime:0.000069s ]
INFO: [ view_filter ] --END-- [ RunTime:0.000079s ]
INFO: [ app_end ] --START--
INFO: Run Behavior\ShowPageTraceBehavior [ RunTime:0.000230s ]
INFO: [ app_end ] --END-- [ RunTime:0.000244s ]

[ 2017-12-05T15:38:52+08:00 ] 116.226.130.39 /admin.php/Admin/Roles/addRolesPage.html
INFO: [ app_init ] --START--
INFO: Run Behavior\BuildLiteBehavior [ RunTime:0.000006s ]
INFO: [ app_init ] --END-- [ RunTime:0.000170s ]
INFO: [ app_begin ] --START--
INFO: Run Behavior\ReadHtmlCacheBehavior [ RunTime:0.000259s ]
INFO: [ app_begin ] --END-- [ RunTime:0.000277s ]
NOTIC: [8] A session had already been started - ignoring session_start() /home/www/hqjhc/ThinkPHP/Common/functions.php 第 1263 行.
SQL: SHOW COLUMNS FROM `hqjhc_privileges` [ RunTime:0.0005s ]
SQL: SELECT * FROM `hqjhc_privileges` WHERE `menuid` = 1 AND `dataFlag` = 0 AND `isMenuPrivilege` = 0  [ RunTime:0.0003s ]
SQL: SELECT * FROM `hqjhc_privileges` WHERE `menuid` = 2 AND `dataFlag` = 0 AND `isMenuPrivilege` = 0  [ RunTime:0.0002s ]
SQL: SELECT * FROM `hqjhc_privileges` WHERE `menuid` = 3 AND `dataFlag` = 0 AND `isMenuPrivilege` = 0  [ RunTime:0.0002s ]
SQL: SELECT * FROM `hqjhc_privileges` WHERE `menuid` = 4 AND `dataFlag` = 0 AND `isMenuPrivilege` = 0  [ RunTime:0.0002s ]
SQL: SELECT * FROM `hqjhc_privileges` WHERE `menuid` = 5 AND `dataFlag` = 0 AND `isMenuPrivilege` = 0  [ RunTime:0.0002s ]
SQL: SELECT * FROM `hqjhc_privileges` WHERE `menuid` = 6 AND `dataFlag` = 0 AND `isMenuPrivilege` = 0  [ RunTime:0.0002s ]
SQL: SELECT * FROM `hqjhc_privileges` WHERE `menuid` = 7 AND `dataFlag` = 0 AND `isMenuPrivilege` = 0  [ RunTime:0.0002s ]
SQL: SELECT * FROM `hqjhc_privileges` WHERE `menuid` = 8 AND `dataFlag` = 0 AND `isMenuPrivilege` = 0  [ RunTime:0.0002s ]
SQL: SELECT * FROM `hqjhc_privileges` WHERE `menuid` = 9 AND `dataFlag` = 0 AND `isMenuPrivilege` = 0  [ RunTime:0.0002s ]
SQL: SELECT * FROM `hqjhc_privileges` WHERE `menuid` = 10 AND `dataFlag` = 0 AND `isMenuPrivilege` = 0  [ RunTime:0.0002s ]
SQL: SELECT * FROM `hqjhc_privileges` WHERE `menuid` = 11 AND `dataFlag` = 0 AND `isMenuPrivilege` = 0  [ RunTime:0.0002s ]
SQL: SELECT * FROM `hqjhc_privileges` WHERE `menuid` = 12 AND `dataFlag` = 0 AND `isMenuPrivilege` = 0  [ RunTime:0.0002s ]
SQL: SELECT * FROM `hqjhc_privileges` WHERE `menuid` = 13 AND `dataFlag` = 0 AND `isMenuPrivilege` = 0  [ RunTime:0.0002s ]
NOTIC: [8] Undefined variable: infoelevn /home/www/hqjhc/backend/Admin/Controller/RolesController.class.php 第 52 行.
INFO: [ view_parse ] --START--
INFO: [ template_filter ] --START--
INFO: Run Behavior\ContentReplaceBehavior [ RunTime:0.000087s ]
INFO: [ template_filter ] --END-- [ RunTime:0.000102s ]
NOTIC: [8] Undefined variable: data /home/www/hqjhc/backend/Runtime/Cache/Admin/cb1e1959f69749e4cf60c8d234842b72.php 第 171 行.
NOTIC: [8] Undefined variable: data /home/www/hqjhc/backend/Runtime/Cache/Admin/cb1e1959f69749e4cf60c8d234842b72.php 第 179 行.
NOTIC: [8] Undefined property: Think\Storage\Driver\File::$_data /home/www/hqjhc/backend/Runtime/Cache/Admin/cb1e1959f69749e4cf60c8d234842b72.php 第 243 行.
NOTIC: [8] Undefined variable: data /home/www/hqjhc/backend/Runtime/Cache/Admin/cb1e1959f69749e4cf60c8d234842b72.php 第 245 行.
NOTIC: [8] Undefined variable: data /home/www/hqjhc/backend/Runtime/Cache/Admin/cb1e1959f69749e4cf60c8d234842b72.php 第 628 行.
INFO: Run Behavior\ParseTemplateBehavior [ RunTime:0.009070s ]
INFO: [ view_parse ] --END-- [ RunTime:0.009083s ]
INFO: [ view_filter ] --START--
INFO: Run Behavior\WriteHtmlCacheBehavior [ RunTime:0.000071s ]
INFO: [ view_filter ] --END-- [ RunTime:0.000081s ]
INFO: [ app_end ] --START--
INFO: Run Behavior\ShowPageTraceBehavior [ RunTime:0.000224s ]
INFO: [ app_end ] --END-- [ RunTime:0.000238s ]

[ 2017-12-05T15:39:04+08:00 ] 116.226.130.39 /admin.php/Admin/Index/index.html
INFO: [ app_init ] --START--
INFO: Run Behavior\BuildLiteBehavior [ RunTime:0.000006s ]
INFO: [ app_init ] --END-- [ RunTime:0.000154s ]
INFO: [ app_begin ] --START--
INFO: Run Behavior\ReadHtmlCacheBehavior [ RunTime:0.000199s ]
INFO: [ app_begin ] --END-- [ RunTime:0.000214s ]
NOTIC: [8] A session had already been started - ignoring session_start() /home/www/hqjhc/ThinkPHP/Common/functions.php 第 1263 行.
SQL: SHOW COLUMNS FROM `hqjhc_staffs` [ RunTime:0.0005s ]
SQL: SHOW COLUMNS FROM `hqjhc_staffs` [ RunTime:0.0004s ]
SQL: SELECT * FROM `hqjhc_staffs` WHERE `stffid` = 6 LIMIT 1   [ RunTime:0.0002s ]
SQL: SHOW COLUMNS FROM `hqjhc_staffs` [ RunTime:0.0003s ]
SQL: SELECT COUNT(*) AS tp_count FROM `hqjhc_staffs` WHERE `dataFlag` = 0 LIMIT 1   [ RunTime:0.0001s ]
SQL: SELECT * FROM `hqjhc_staffs` WHERE `dataFlag` = 0 ORDER BY `stffid` desc LIMIT 0,15   [ RunTime:0.0002s ]
SQL: SHOW COLUMNS FROM `hqjhc_staffs` [ RunTime:0.0003s ]
SQL: SELECT * FROM `hqjhc_staffs` WHERE `stffid` = 6 LIMIT 1   [ RunTime:0.0001s ]
SQL: SHOW COLUMNS FROM `hqjhc_staffs` [ RunTime:0.0003s ]
SQL: SELECT * FROM `hqjhc_staffs` WHERE `stffid` = 6 LIMIT 1   [ RunTime:0.0001s ]
INFO: [ view_parse ] --START--
INFO: [ template_filter ] --START--
INFO: Run Behavior\ContentReplaceBehavior [ RunTime:0.000073s ]
INFO: [ template_filter ] --END-- [ RunTime:0.000088s ]
NOTIC: [8] Undefined property: Think\Storage\Driver\File::$_data /home/www/hqjhc/backend/Runtime/Cache/Admin/a4757d518f99ac5a2cf27270b287e37a.php 第 244 行.
INFO: Run Behavior\ParseTemplateBehavior [ RunTime:0.006935s ]
INFO: [ view_parse ] --END-- [ RunTime:0.006949s ]
INFO: [ view_filter ] --START--
INFO: Run Behavior\WriteHtmlCacheBehavior [ RunTime:0.000071s ]
INFO: [ view_filter ] --END-- [ RunTime:0.000081s ]
INFO: [ app_end ] --START--
INFO: Run Behavior\ShowPageTraceBehavior [ RunTime:0.000223s ]
INFO: [ app_end ] --END-- [ RunTime:0.000237s ]

[ 2017-12-05T15:40:36+08:00 ] 116.226.130.39 /admin.php/Admin/Index/addUserPage.html
INFO: [ app_init ] --START--
INFO: Run Behavior\BuildLiteBehavior [ RunTime:0.000006s ]
INFO: [ app_init ] --END-- [ RunTime:0.000161s ]
INFO: [ app_begin ] --START--
INFO: Run Behavior\ReadHtmlCacheBehavior [ RunTime:0.000198s ]
INFO: [ app_begin ] --END-- [ RunTime:0.000213s ]
NOTIC: [8] A session had already been started - ignoring session_start() /home/www/hqjhc/ThinkPHP/Common/functions.php 第 1263 行.
SQL: SHOW COLUMNS FROM `hqjhc_staffs` [ RunTime:0.0005s ]
SQL: SHOW COLUMNS FROM `hqjhc_staffs` [ RunTime:0.0003s ]
SQL: SELECT * FROM `hqjhc_staffs` WHERE `stffid` = 6 LIMIT 1   [ RunTime:0.0002s ]
INFO: [ view_parse ] --START--
INFO: [ template_filter ] --START--
INFO: Run Behavior\ContentReplaceBehavior [ RunTime:0.000073s ]
INFO: [ template_filter ] --END-- [ RunTime:0.000088s ]
NOTIC: [8] Undefined property: Think\Storage\Driver\File::$_data /home/www/hqjhc/backend/Runtime/Cache/Admin/d4c7c4977ae35be446a4fd4f408e28b8.php 第 243 行.
INFO: Run Behavior\ParseTemplateBehavior [ RunTime:0.006508s ]
INFO: [ view_parse ] --END-- [ RunTime:0.006523s ]
INFO: [ view_filter ] --START--
INFO: Run Behavior\WriteHtmlCacheBehavior [ RunTime:0.000070s ]
INFO: [ view_filter ] --END-- [ RunTime:0.000081s ]
INFO: [ app_end ] --START--
INFO: Run Behavior\ShowPageTraceBehavior [ RunTime:0.000224s ]
INFO: [ app_end ] --END-- [ RunTime:0.000236s ]

[ 2017-12-05T15:41:22+08:00 ] 116.226.130.39 /admin.php/Admin/Index/doAddUser.html
INFO: [ app_init ] --START--
INFO: Run Behavior\BuildLiteBehavior [ RunTime:0.000006s ]
INFO: [ app_init ] --END-- [ RunTime:0.000169s ]
INFO: [ app_begin ] --START--
INFO: Run Behavior\ReadHtmlCacheBehavior [ RunTime:0.000206s ]
INFO: [ app_begin ] --END-- [ RunTime:0.000223s ]
NOTIC: [8] A session had already been started - ignoring session_start() /home/www/hqjhc/ThinkPHP/Common/functions.php 第 1263 行.
SQL: SHOW COLUMNS FROM `hqjhc_staffs` [ RunTime:0.0005s ]
SQL: SHOW COLUMNS FROM `hqjhc_staffs` [ RunTime:0.0003s ]
SQL: SELECT * FROM `hqjhc_staffs` WHERE `stffid` = 6 LIMIT 1   [ RunTime:0.0002s ]
SQL: SHOW COLUMNS FROM `hqjhc_staffs` [ RunTime:0.0003s ]
NOTIC: [8] Undefined index: validate /home/www/hqjhc/ThinkPHP/Library/Think/Model.class.php 第 1185 行.
NOTIC: [8] Undefined index: auto /home/www/hqjhc/ThinkPHP/Library/Think/Model.class.php 第 1128 行.
SQL: INSERT INTO `hqjhc_staffs` (`loginName`,`loginPwd`,`staffName`,`staffNo`,`staffPhoto`,`staffRoleid`,`createstaffid`,`createTime`) VALUES ('123123','123123','祝','008','','0','6','2017-12-05 15:41:22') [ RunTime:0.0040s ]
INFO: [ view_parse ] --START--
INFO: [ template_filter ] --START--
INFO: Run Behavior\ContentReplaceBehavior [ RunTime:0.000017s ]
INFO: [ template_filter ] --END-- [ RunTime:0.000032s ]
INFO: Run Behavior\ParseTemplateBehavior [ RunTime:0.002399s ]
INFO: [ view_parse ] --END-- [ RunTime:0.002414s ]
INFO: [ view_filter ] --START--
INFO: Run Behavior\WriteHtmlCacheBehavior [ RunTime:0.000065s ]
INFO: [ view_filter ] --END-- [ RunTime:0.000075s ]
INFO: [ app_end ] --START--
INFO: Run Behavior\ShowPageTraceBehavior [ RunTime:0.000238s ]
INFO: [ app_end ] --END-- [ RunTime:0.000250s ]

[ 2017-12-05T15:41:23+08:00 ] 116.226.130.39 /admin.php/Admin/Index/addUserPage.html
INFO: [ app_init ] --START--
INFO: Run Behavior\BuildLiteBehavior [ RunTime:0.000006s ]
INFO: [ app_init ] --END-- [ RunTime:0.000152s ]
INFO: [ app_begin ] --START--
INFO: Run Behavior\ReadHtmlCacheBehavior [ RunTime:0.000204s ]
INFO: [ app_begin ] --END-- [ RunTime:0.000221s ]
NOTIC: [8] A session had already been started - ignoring session_start() /home/www/hqjhc/ThinkPHP/Common/functions.php 第 1263 行.
SQL: SHOW COLUMNS FROM `hqjhc_staffs` [ RunTime:0.0005s ]
SQL: SHOW COLUMNS FROM `hqjhc_staffs` [ RunTime:0.0003s ]
SQL: SELECT * FROM `hqjhc_staffs` WHERE `stffid` = 6 LIMIT 1   [ RunTime:0.0002s ]
INFO: [ view_parse ] --START--
INFO: [ template_filter ] --START--
INFO: Run Behavior\ContentReplaceBehavior [ RunTime:0.000081s ]
INFO: [ template_filter ] --END-- [ RunTime:0.000097s ]
NOTIC: [8] Undefined property: Think\Storage\Driver\File::$_data /home/www/hqjhc/backend/Runtime/Cache/Admin/d4c7c4977ae35be446a4fd4f408e28b8.php 第 243 行.
INFO: Run Behavior\ParseTemplateBehavior [ RunTime:0.006482s ]
INFO: [ view_parse ] --END-- [ RunTime:0.006496s ]
INFO: [ view_filter ] --START--
INFO: Run Behavior\WriteHtmlCacheBehavior [ RunTime:0.000073s ]
INFO: [ view_filter ] --END-- [ RunTime:0.000083s ]
INFO: [ app_end ] --START--
INFO: Run Behavior\ShowPageTraceBehavior [ RunTime:0.000225s ]
INFO: [ app_end ] --END-- [ RunTime:0.000238s ]

[ 2017-12-05T15:41:29+08:00 ] 116.226.130.39 /admin.php/Admin/Index/index.html
INFO: [ app_init ] --START--
INFO: Run Behavior\BuildLiteBehavior [ RunTime:0.000006s ]
INFO: [ app_init ] --END-- [ RunTime:0.000156s ]
INFO: [ app_begin ] --START--
INFO: Run Behavior\ReadHtmlCacheBehavior [ RunTime:0.000211s ]
INFO: [ app_begin ] --END-- [ RunTime:0.000227s ]
NOTIC: [8] A session had already been started - ignoring session_start() /home/www/hqjhc/ThinkPHP/Common/functions.php 第 1263 行.
SQL: SHOW COLUMNS FROM `hqjhc_staffs` [ RunTime:0.0005s ]
SQL: SHOW COLUMNS FROM `hqjhc_staffs` [ RunTime:0.0003s ]
SQL: SELECT * FROM `hqjhc_staffs` WHERE `stffid` = 6 LIMIT 1   [ RunTime:0.0002s ]
SQL: SHOW COLUMNS FROM `hqjhc_staffs` [ RunTime:0.0003s ]
SQL: SELECT COUNT(*) AS tp_count FROM `hqjhc_staffs` WHERE `dataFlag` = 0 LIMIT 1   [ RunTime:0.0001s ]
SQL: SELECT * FROM `hqjhc_staffs` WHERE `dataFlag` = 0 ORDER BY `stffid` desc LIMIT 0,15   [ RunTime:0.0002s ]
SQL: SHOW COLUMNS FROM `hqjhc_staffs` [ RunTime:0.0003s ]
SQL: SELECT * FROM `hqjhc_staffs` WHERE `stffid` = 6 LIMIT 1   [ RunTime:0.0002s ]
SQL: SHOW COLUMNS FROM `hqjhc_staffs` [ RunTime:0.0003s ]
SQL: SELECT * FROM `hqjhc_staffs` WHERE `stffid` = 6 LIMIT 1   [ RunTime:0.0001s ]
SQL: SHOW COLUMNS FROM `hqjhc_staffs` [ RunTime:0.0003s ]
SQL: SELECT * FROM `hqjhc_staffs` WHERE `stffid` = 6 LIMIT 1   [ RunTime:0.0002s ]
INFO: [ view_parse ] --START--
INFO: [ template_filter ] --START--
INFO: Run Behavior\ContentReplaceBehavior [ RunTime:0.000079s ]
INFO: [ template_filter ] --END-- [ RunTime:0.000103s ]
NOTIC: [8] Undefined property: Think\Storage\Driver\File::$_data /home/www/hqjhc/backend/Runtime/Cache/Admin/a4757d518f99ac5a2cf27270b287e37a.php 第 244 行.
INFO: Run Behavior\ParseTemplateBehavior [ RunTime:0.006932s ]
INFO: [ view_parse ] --END-- [ RunTime:0.006947s ]
INFO: [ view_filter ] --START--
INFO: Run Behavior\WriteHtmlCacheBehavior [ RunTime:0.000072s ]
INFO: [ view_filter ] --END-- [ RunTime:0.000082s ]
INFO: [ app_end ] --START--
INFO: Run Behavior\ShowPageTraceBehavior [ RunTime:0.000227s ]
INFO: [ app_end ] --END-- [ RunTime:0.000242s ]

[ 2017-12-05T15:43:31+08:00 ] 113.44.38.128 /admin.php/Admin/Index/index.html
INFO: [ app_init ] --START--
INFO: Run Behavior\BuildLiteBehavior [ RunTime:0.000006s ]
INFO: [ app_init ] --END-- [ RunTime:0.000169s ]
INFO: [ app_begin ] --START--
INFO: Run Behavior\ReadHtmlCacheBehavior [ RunTime:0.000223s ]
INFO: [ app_begin ] --END-- [ RunTime:0.000240s ]
NOTIC: [8] A session had already been started - ignoring session_start() /home/www/hqjhc/ThinkPHP/Common/functions.php 第 1263 行.
SQL: SHOW COLUMNS FROM `hqjhc_staffs` [ RunTime:0.0005s ]
SQL: SHOW COLUMNS FROM `hqjhc_staffs` [ RunTime:0.0003s ]
SQL: SELECT * FROM `hqjhc_staffs` WHERE `stffid` = 6 LIMIT 1   [ RunTime:0.0002s ]
SQL: SHOW COLUMNS FROM `hqjhc_staffs` [ RunTime:0.0003s ]
SQL: SELECT COUNT(*) AS tp_count FROM `hqjhc_staffs` WHERE `dataFlag` = 0 LIMIT 1   [ RunTime:0.0002s ]
SQL: SELECT * FROM `hqjhc_staffs` WHERE `dataFlag` = 0 ORDER BY `stffid` desc LIMIT 0,15   [ RunTime:0.0002s ]
SQL: SHOW COLUMNS FROM `hqjhc_staffs` [ RunTime:0.0003s ]
SQL: SELECT * FROM `hqjhc_staffs` WHERE `stffid` = 6 LIMIT 1   [ RunTime:0.0002s ]
SQL: SHOW COLUMNS FROM `hqjhc_staffs` [ RunTime:0.0003s ]
SQL: SELECT * FROM `hqjhc_staffs` WHERE `stffid` = 6 LIMIT 1   [ RunTime:0.0001s ]
SQL: SHOW COLUMNS FROM `hqjhc_staffs` [ RunTime:0.0003s ]
SQL: SELECT * FROM `hqjhc_staffs` WHERE `stffid` = 6 LIMIT 1   [ RunTime:0.0001s ]
INFO: [ view_parse ] --START--
INFO: [ template_filter ] --START--
INFO: Run Behavior\ContentReplaceBehavior [ RunTime:0.000074s ]
INFO: [ template_filter ] --END-- [ RunTime:0.000089s ]
NOTIC: [8] Undefined property: Think\Storage\Driver\File::$_data /home/www/hqjhc/backend/Runtime/Cache/Admin/a4757d518f99ac5a2cf27270b287e37a.php 第 244 行.
INFO: Run Behavior\ParseTemplateBehavior [ RunTime:0.007102s ]
INFO: [ view_parse ] --END-- [ RunTime:0.007116s ]
INFO: [ view_filter ] --START--
INFO: Run Behavior\WriteHtmlCacheBehavior [ RunTime:0.000072s ]
INFO: [ view_filter ] --END-- [ RunTime:0.000083s ]
INFO: [ app_end ] --START--
INFO: Run Behavior\ShowPageTraceBehavior [ RunTime:0.000225s ]
INFO: [ app_end ] --END-- [ RunTime:0.000238s ]

[ 2017-12-05T15:45:32+08:00 ] 116.226.130.39 /admin.php/Admin/Index/index.html
INFO: [ app_init ] --START--
INFO: Run Behavior\BuildLiteBehavior [ RunTime:0.000007s ]
INFO: [ app_init ] --END-- [ RunTime:0.000157s ]
INFO: [ app_begin ] --START--
INFO: Run Behavior\ReadHtmlCacheBehavior [ RunTime:0.000228s ]
INFO: [ app_begin ] --END-- [ RunTime:0.000245s ]
NOTIC: [8] A session had already been started - ignoring session_start() /home/www/hqjhc/ThinkPHP/Common/functions.php 第 1263 行.
SQL: SHOW COLUMNS FROM `hqjhc_staffs` [ RunTime:0.0005s ]
SQL: SHOW COLUMNS FROM `hqjhc_staffs` [ RunTime:0.0004s ]
SQL: SELECT * FROM `hqjhc_staffs` WHERE `stffid` = 6 LIMIT 1   [ RunTime:0.0002s ]
SQL: SHOW COLUMNS FROM `hqjhc_staffs` [ RunTime:0.0003s ]
SQL: SELECT COUNT(*) AS tp_count FROM `hqjhc_staffs` WHERE `dataFlag` = 0 LIMIT 1   [ RunTime:0.0002s ]
SQL: SELECT * FROM `hqjhc_staffs` WHERE `dataFlag` = 0 ORDER BY `stffid` desc LIMIT 0,15   [ RunTime:0.0002s ]
SQL: SHOW COLUMNS FROM `hqjhc_staffs` [ RunTime:0.0003s ]
SQL: SELECT * FROM `hqjhc_staffs` WHERE `stffid` = 6 LIMIT 1   [ RunTime:0.0002s ]
SQL: SHOW COLUMNS FROM `hqjhc_staffs` [ RunTime:0.0003s ]
SQL: SELECT * FROM `hqjhc_staffs` WHERE `stffid` = 6 LIMIT 1   [ RunTime:0.0002s ]
SQL: SHOW COLUMNS FROM `hqjhc_staffs` [ RunTime:0.0003s ]
SQL: SELECT * FROM `hqjhc_staffs` WHERE `stffid` = 6 LIMIT 1   [ RunTime:0.0001s ]
INFO: [ view_parse ] --START--
INFO: [ template_filter ] --START--
INFO: Run Behavior\ContentReplaceBehavior [ RunTime:0.000073s ]
INFO: [ template_filter ] --END-- [ RunTime:0.000089s ]
NOTIC: [8] Undefined property: Think\Storage\Driver\File::$_data /home/www/hqjhc/backend/Runtime/Cache/Admin/a4757d518f99ac5a2cf27270b287e37a.php 第 244 行.
INFO: Run Behavior\ParseTemplateBehavior [ RunTime:0.007176s ]
INFO: [ view_parse ] --END-- [ RunTime:0.007190s ]
INFO: [ view_filter ] --START--
INFO: Run Behavior\WriteHtmlCacheBehavior [ RunTime:0.000093s ]
INFO: [ view_filter ] --END-- [ RunTime:0.000105s ]
INFO: [ app_end ] --START--
INFO: Run Behavior\ShowPageTraceBehavior [ RunTime:0.000227s ]
INFO: [ app_end ] --END-- [ RunTime:0.000242s ]

[ 2017-12-05T15:51:49+08:00 ] 116.226.130.39 /admin.php/Admin/Index/index.html
INFO: [ app_init ] --START--
INFO: Run Behavior\BuildLiteBehavior [ RunTime:0.000006s ]
INFO: [ app_init ] --END-- [ RunTime:0.000158s ]
INFO: [ app_begin ] --START--
INFO: Run Behavior\ReadHtmlCacheBehavior [ RunTime:0.000228s ]
INFO: [ app_begin ] --END-- [ RunTime:0.000244s ]
NOTIC: [8] A session had already been started - ignoring session_start() /home/www/hqjhc/ThinkPHP/Common/functions.php 第 1263 行.
SQL: SHOW COLUMNS FROM `hqjhc_staffs` [ RunTime:0.0005s ]
SQL: SHOW COLUMNS FROM `hqjhc_staffs` [ RunTime:0.0003s ]
SQL: SELECT * FROM `hqjhc_staffs` WHERE `stffid` = 6 LIMIT 1   [ RunTime:0.0002s ]
SQL: SHOW COLUMNS FROM `hqjhc_staffs` [ RunTime:0.0004s ]
SQL: SELECT COUNT(*) AS tp_count FROM `hqjhc_staffs` WHERE `dataFlag` = 0 LIMIT 1   [ RunTime:0.0001s ]
SQL: SELECT * FROM `hqjhc_staffs` WHERE `dataFlag` = 0 ORDER BY `stffid` desc LIMIT 0,15   [ RunTime:0.0002s ]
SQL: SHOW COLUMNS FROM `hqjhc_staffs` [ RunTime:0.0003s ]
SQL: SELECT * FROM `hqjhc_staffs` WHERE `stffid` = 6 LIMIT 1   [ RunTime:0.0001s ]
SQL: SHOW COLUMNS FROM `hqjhc_staffs` [ RunTime:0.0003s ]
SQL: SELECT * FROM `hqjhc_staffs` WHERE `stffid` = 6 LIMIT 1   [ RunTime:0.0002s ]
SQL: SHOW COLUMNS FROM `hqjhc_staffs` [ RunTime:0.0003s ]
SQL: SELECT * FROM `hqjhc_staffs` WHERE `stffid` = 6 LIMIT 1   [ RunTime:0.0001s ]
INFO: [ view_parse ] --START--
INFO: [ template_filter ] --START--
INFO: Run Behavior\ContentReplaceBehavior [ RunTime:0.000074s ]
INFO: [ template_filter ] --END-- [ RunTime:0.000090s ]
NOTIC: [8] Undefined property: Think\Storage\Driver\File::$_data /home/www/hqjhc/backend/Runtime/Cache/Admin/a4757d518f99ac5a2cf27270b287e37a.php 第 244 行.
INFO: Run Behavior\ParseTemplateBehavior [ RunTime:0.007231s ]
INFO: [ view_parse ] --END-- [ RunTime:0.007246s ]
INFO: [ view_filter ] --START--
INFO: Run Behavior\WriteHtmlCacheBehavior [ RunTime:0.000075s ]
INFO: [ view_filter ] --END-- [ RunTime:0.000086s ]
INFO: [ app_end ] --START--
INFO: Run Behavior\ShowPageTraceBehavior [ RunTime:0.000232s ]
INFO: [ app_end ] --END-- [ RunTime:0.000246s ]

[ 2017-12-05T16:55:42+08:00 ] 116.226.130.39 /admin.php/Admin/Roles/index.html
INFO: [ app_init ] --START--
INFO: Run Behavior\BuildLiteBehavior [ RunTime:0.000006s ]
INFO: [ app_init ] --END-- [ RunTime:0.000167s ]
INFO: [ app_begin ] --START--
INFO: Run Behavior\ReadHtmlCacheBehavior [ RunTime:0.000205s ]
INFO: [ app_begin ] --END-- [ RunTime:0.000221s ]
NOTIC: [8] A session had already been started - ignoring session_start() /home/www/hqjhc/ThinkPHP/Common/functions.php 第 1263 行.
SQL: SHOW COLUMNS FROM `hqjhc_roles` [ RunTime:0.0005s ]
SQL: SELECT COUNT(*) AS tp_count FROM `hqjhc_roles` LIMIT 1   [ RunTime:0.0002s ]
SQL: SELECT * FROM `hqjhc_roles` ORDER BY `roleid` desc LIMIT 0,10   [ RunTime:0.0002s ]
INFO: [ view_parse ] --START--
INFO: [ template_filter ] --START--
INFO: Run Behavior\ContentReplaceBehavior [ RunTime:0.000073s ]
INFO: [ template_filter ] --END-- [ RunTime:0.000088s ]
NOTIC: [8] Undefined variable: data /home/www/hqjhc/backend/Runtime/Cache/Admin/f9c9f38e1d2cbec903108c9c0c1ea6f4.php 第 172 行.
NOTIC: [8] Undefined variable: data /home/www/hqjhc/backend/Runtime/Cache/Admin/f9c9f38e1d2cbec903108c9c0c1ea6f4.php 第 180 行.
NOTIC: [8] Undefined property: Think\Storage\Driver\File::$_data /home/www/hqjhc/backend/Runtime/Cache/Admin/f9c9f38e1d2cbec903108c9c0c1ea6f4.php 第 244 行.
NOTIC: [8] Undefined variable: data /home/www/hqjhc/backend/Runtime/Cache/Admin/f9c9f38e1d2cbec903108c9c0c1ea6f4.php 第 246 行.
INFO: Run Behavior\ParseTemplateBehavior [ RunTime:0.006585s ]
INFO: [ view_parse ] --END-- [ RunTime:0.006599s ]
INFO: [ view_filter ] --START--
INFO: Run Behavior\WriteHtmlCacheBehavior [ RunTime:0.000071s ]
INFO: [ view_filter ] --END-- [ RunTime:0.000082s ]
INFO: [ app_end ] --START--
INFO: Run Behavior\ShowPageTraceBehavior [ RunTime:0.000242s ]
INFO: [ app_end ] --END-- [ RunTime:0.000256s ]

[ 2017-12-05T17:22:01+08:00 ] 116.226.130.39 /admin.php/Admin/Index/index.html
INFO: [ app_init ] --START--
INFO: Run Behavior\BuildLiteBehavior [ RunTime:0.000006s ]
INFO: [ app_init ] --END-- [ RunTime:0.000155s ]
INFO: [ app_begin ] --START--
INFO: Run Behavior\ReadHtmlCacheBehavior [ RunTime:0.000201s ]
INFO: [ app_begin ] --END-- [ RunTime:0.000218s ]
NOTIC: [8] A session had already been started - ignoring session_start() /home/www/hqjhc/ThinkPHP/Common/functions.php 第 1263 行.
SQL: SHOW COLUMNS FROM `hqjhc_staffs` [ RunTime:0.0005s ]
SQL: SHOW COLUMNS FROM `hqjhc_staffs` [ RunTime:0.0003s ]
SQL: SELECT * FROM `hqjhc_staffs` WHERE `stffid` = 6 LIMIT 1   [ RunTime:0.0002s ]
SQL: SHOW COLUMNS FROM `hqjhc_staffs` [ RunTime:0.0003s ]
SQL: SELECT COUNT(*) AS tp_count FROM `hqjhc_staffs` WHERE `dataFlag` = 0 LIMIT 1   [ RunTime:0.0002s ]
SQL: SELECT * FROM `hqjhc_staffs` WHERE `dataFlag` = 0 ORDER BY `stffid` desc LIMIT 0,15   [ RunTime:0.0002s ]
SQL: SHOW COLUMNS FROM `hqjhc_staffs` [ RunTime:0.0003s ]
SQL: SELECT * FROM `hqjhc_staffs` WHERE `stffid` = 6 LIMIT 1   [ RunTime:0.0002s ]
SQL: SHOW COLUMNS FROM `hqjhc_staffs` [ RunTime:0.0003s ]
SQL: SELECT * FROM `hqjhc_staffs` WHERE `stffid` = 6 LIMIT 1   [ RunTime:0.0002s ]
SQL: SHOW COLUMNS FROM `hqjhc_staffs` [ RunTime:0.0003s ]
SQL: SELECT * FROM `hqjhc_staffs` WHERE `stffid` = 6 LIMIT 1   [ RunTime:0.0001s ]
INFO: [ view_parse ] --START--
INFO: [ template_filter ] --START--
INFO: Run Behavior\ContentReplaceBehavior [ RunTime:0.000074s ]
INFO: [ template_filter ] --END-- [ RunTime:0.000089s ]
NOTIC: [8] Undefined property: Think\Storage\Driver\File::$_data /home/www/hqjhc/backend/Runtime/Cache/Admin/a4757d518f99ac5a2cf27270b287e37a.php 第 244 行.
INFO: Run Behavior\ParseTemplateBehavior [ RunTime:0.007014s ]
INFO: [ view_parse ] --END-- [ RunTime:0.007029s ]
INFO: [ view_filter ] --START--
INFO: Run Behavior\WriteHtmlCacheBehavior [ RunTime:0.000073s ]
INFO: [ view_filter ] --END-- [ RunTime:0.000084s ]
INFO: [ app_end ] --START--
INFO: Run Behavior\ShowPageTraceBehavior [ RunTime:0.000234s ]
INFO: [ app_end ] --END-- [ RunTime:0.000259s ]

[ 2017-12-05T17:22:49+08:00 ] 116.226.130.39 /admin.php/Admin/Index/addUserPage.html
INFO: [ app_init ] --START--
INFO: Run Behavior\BuildLiteBehavior [ RunTime:0.000006s ]
INFO: [ app_init ] --END-- [ RunTime:0.000173s ]
INFO: [ app_begin ] --START--
INFO: Run Behavior\ReadHtmlCacheBehavior [ RunTime:0.000233s ]
INFO: [ app_begin ] --END-- [ RunTime:0.000251s ]
NOTIC: [8] A session had already been started - ignoring session_start() /home/www/hqjhc/ThinkPHP/Common/functions.php 第 1263 行.
SQL: SHOW COLUMNS FROM `hqjhc_staffs` [ RunTime:0.0005s ]
SQL: SHOW COLUMNS FROM `hqjhc_staffs` [ RunTime:0.0003s ]
SQL: SELECT * FROM `hqjhc_staffs` WHERE `stffid` = 6 LIMIT 1   [ RunTime:0.0003s ]
INFO: [ view_parse ] --START--
INFO: [ template_filter ] --START--
INFO: Run Behavior\ContentReplaceBehavior [ RunTime:0.000079s ]
INFO: [ template_filter ] --END-- [ RunTime:0.000095s ]
NOTIC: [8] Undefined property: Think\Storage\Driver\File::$_data /home/www/hqjhc/backend/Runtime/Cache/Admin/d4c7c4977ae35be446a4fd4f408e28b8.php 第 243 行.
INFO: Run Behavior\ParseTemplateBehavior [ RunTime:0.006487s ]
INFO: [ view_parse ] --END-- [ RunTime:0.006501s ]
INFO: [ view_filter ] --START--
INFO: Run Behavior\WriteHtmlCacheBehavior [ RunTime:0.000070s ]
INFO: [ view_filter ] --END-- [ RunTime:0.000081s ]
INFO: [ app_end ] --START--
INFO: Run Behavior\ShowPageTraceBehavior [ RunTime:0.000228s ]
INFO: [ app_end ] --END-- [ RunTime:0.000242s ]

[ 2017-12-05T21:00:01+08:00 ] 114.83.92.198 /admin.php/Admin/Index/index.html
INFO: [ app_init ] --START--
INFO: Run Behavior\BuildLiteBehavior [ RunTime:0.000006s ]
INFO: [ app_init ] --END-- [ RunTime:0.000152s ]
INFO: [ app_begin ] --START--
INFO: Run Behavior\ReadHtmlCacheBehavior [ RunTime:0.000199s ]
INFO: [ app_begin ] --END-- [ RunTime:0.000214s ]
NOTIC: [8] A session had already been started - ignoring session_start() /home/www/hqjhc/ThinkPHP/Common/functions.php 第 1263 行.
SQL: SHOW COLUMNS FROM `hqjhc_staffs` [ RunTime:0.0005s ]
SQL: SHOW COLUMNS FROM `hqjhc_staffs` [ RunTime:0.0003s ]
SQL: SELECT * FROM `hqjhc_staffs` WHERE `stffid` = 6 LIMIT 1   [ RunTime:0.0002s ]
SQL: SHOW COLUMNS FROM `hqjhc_staffs` [ RunTime:0.0003s ]
SQL: SELECT COUNT(*) AS tp_count FROM `hqjhc_staffs` WHERE `dataFlag` = 0 LIMIT 1   [ RunTime:0.0002s ]
SQL: SELECT * FROM `hqjhc_staffs` WHERE `dataFlag` = 0 ORDER BY `stffid` desc LIMIT 0,15   [ RunTime:0.0002s ]
SQL: SHOW COLUMNS FROM `hqjhc_staffs` [ RunTime:0.0003s ]
SQL: SELECT * FROM `hqjhc_staffs` WHERE `stffid` = 6 LIMIT 1   [ RunTime:0.0002s ]
SQL: SHOW COLUMNS FROM `hqjhc_staffs` [ RunTime:0.0003s ]
SQL: SELECT * FROM `hqjhc_staffs` WHERE `stffid` = 6 LIMIT 1   [ RunTime:0.0001s ]
SQL: SHOW COLUMNS FROM `hqjhc_staffs` [ RunTime:0.0003s ]
SQL: SELECT * FROM `hqjhc_staffs` WHERE `stffid` = 6 LIMIT 1   [ RunTime:0.0002s ]
INFO: [ view_parse ] --START--
INFO: [ template_filter ] --START--
INFO: Run Behavior\ContentReplaceBehavior [ RunTime:0.000085s ]
INFO: [ template_filter ] --END-- [ RunTime:0.000104s ]
NOTIC: [8] Undefined property: Think\Storage\Driver\File::$_data /home/www/hqjhc/backend/Runtime/Cache/Admin/a4757d518f99ac5a2cf27270b287e37a.php 第 244 行.
INFO: Run Behavior\ParseTemplateBehavior [ RunTime:0.006795s ]
INFO: [ view_parse ] --END-- [ RunTime:0.006809s ]
INFO: [ view_filter ] --START--
INFO: Run Behavior\WriteHtmlCacheBehavior [ RunTime:0.000085s ]
INFO: [ view_filter ] --END-- [ RunTime:0.000096s ]
INFO: [ app_end ] --START--
INFO: Run Behavior\ShowPageTraceBehavior [ RunTime:0.000247s ]
INFO: [ app_end ] --END-- [ RunTime:0.000262s ]

[ 2017-12-05T21:00:36+08:00 ] 114.83.92.198 /admin.php/Admin/Index/index.html
INFO: [ app_init ] --START--
INFO: Run Behavior\BuildLiteBehavior [ RunTime:0.000006s ]
INFO: [ app_init ] --END-- [ RunTime:0.000172s ]
INFO: [ app_begin ] --START--
INFO: Run Behavior\ReadHtmlCacheBehavior [ RunTime:0.000246s ]
INFO: [ app_begin ] --END-- [ RunTime:0.000264s ]
NOTIC: [8] A session had already been started - ignoring session_start() /home/www/hqjhc/ThinkPHP/Common/functions.php 第 1263 行.
SQL: SHOW COLUMNS FROM `hqjhc_staffs` [ RunTime:0.0005s ]
SQL: SHOW COLUMNS FROM `hqjhc_staffs` [ RunTime:0.0003s ]
SQL: SELECT * FROM `hqjhc_staffs` WHERE `stffid` = 6 LIMIT 1   [ RunTime:0.0002s ]
SQL: SHOW COLUMNS FROM `hqjhc_staffs` [ RunTime:0.0004s ]
SQL: SELECT COUNT(*) AS tp_count FROM `hqjhc_staffs` WHERE `dataFlag` = 0 LIMIT 1   [ RunTime:0.0001s ]
SQL: SELECT * FROM `hqjhc_staffs` WHERE `dataFlag` = 0 ORDER BY `stffid` desc LIMIT 0,15   [ RunTime:0.0002s ]
SQL: SHOW COLUMNS FROM `hqjhc_staffs` [ RunTime:0.0003s ]
SQL: SELECT * FROM `hqjhc_staffs` WHERE `stffid` = 6 LIMIT 1   [ RunTime:0.0002s ]
SQL: SHOW COLUMNS FROM `hqjhc_staffs` [ RunTime:0.0003s ]
SQL: SELECT * FROM `hqjhc_staffs` WHERE `stffid` = 6 LIMIT 1   [ RunTime:0.0001s ]
SQL: SHOW COLUMNS FROM `hqjhc_staffs` [ RunTime:0.0003s ]
SQL: SELECT * FROM `hqjhc_staffs` WHERE `stffid` = 6 LIMIT 1   [ RunTime:0.0001s ]
INFO: [ view_parse ] --START--
INFO: [ template_filter ] --START--
INFO: Run Behavior\ContentReplaceBehavior [ RunTime:0.000074s ]
INFO: [ template_filter ] --END-- [ RunTime:0.000089s ]
NOTIC: [8] Undefined property: Think\Storage\Driver\File::$_data /home/www/hqjhc/backend/Runtime/Cache/Admin/a4757d518f99ac5a2cf27270b287e37a.php 第 244 行.
INFO: Run Behavior\ParseTemplateBehavior [ RunTime:0.006675s ]
INFO: [ view_parse ] --END-- [ RunTime:0.006689s ]
INFO: [ view_filter ] --START--
INFO: Run Behavior\WriteHtmlCacheBehavior [ RunTime:0.000072s ]
INFO: [ view_filter ] --END-- [ RunTime:0.000083s ]
INFO: [ app_end ] --START--
INFO: Run Behavior\ShowPageTraceBehavior [ RunTime:0.000239s ]
INFO: [ app_end ] --END-- [ RunTime:0.000255s ]

[ 2017-12-05T21:00:36+08:00 ] 114.83.92.198 /admin.php/Admin/Index/index.html
INFO: [ app_init ] --START--
INFO: Run Behavior\BuildLiteBehavior [ RunTime:0.000006s ]
INFO: [ app_init ] --END-- [ RunTime:0.000184s ]
INFO: [ app_begin ] --START--
INFO: Run Behavior\ReadHtmlCacheBehavior [ RunTime:0.000233s ]
INFO: [ app_begin ] --END-- [ RunTime:0.000250s ]
NOTIC: [8] A session had already been started - ignoring session_start() /home/www/hqjhc/ThinkPHP/Common/functions.php 第 1263 行.
SQL: SHOW COLUMNS FROM `hqjhc_staffs` [ RunTime:0.0005s ]
SQL: SHOW COLUMNS FROM `hqjhc_staffs` [ RunTime:0.0004s ]
SQL: SELECT * FROM `hqjhc_staffs` WHERE `stffid` = 6 LIMIT 1   [ RunTime:0.0002s ]
SQL: SHOW COLUMNS FROM `hqjhc_staffs` [ RunTime:0.0003s ]
SQL: SELECT COUNT(*) AS tp_count FROM `hqjhc_staffs` WHERE `dataFlag` = 0 LIMIT 1   [ RunTime:0.0001s ]
SQL: SELECT * FROM `hqjhc_staffs` WHERE `dataFlag` = 0 ORDER BY `stffid` desc LIMIT 0,15   [ RunTime:0.0002s ]
SQL: SHOW COLUMNS FROM `hqjhc_staffs` [ RunTime:0.0003s ]
SQL: SELECT * FROM `hqjhc_staffs` WHERE `stffid` = 6 LIMIT 1   [ RunTime:0.0001s ]
SQL: SHOW COLUMNS FROM `hqjhc_staffs` [ RunTime:0.0003s ]
SQL: SELECT * FROM `hqjhc_staffs` WHERE `stffid` = 6 LIMIT 1   [ RunTime:0.0002s ]
SQL: SHOW COLUMNS FROM `hqjhc_staffs` [ RunTime:0.0003s ]
SQL: SELECT * FROM `hqjhc_staffs` WHERE `stffid` = 6 LIMIT 1   [ RunTime:0.0001s ]
INFO: [ view_parse ] --START--
INFO: [ template_filter ] --START--
INFO: Run Behavior\ContentReplaceBehavior [ RunTime:0.000073s ]
INFO: [ template_filter ] --END-- [ RunTime:0.000088s ]
NOTIC: [8] Undefined property: Think\Storage\Driver\File::$_data /home/www/hqjhc/backend/Runtime/Cache/Admin/a4757d518f99ac5a2cf27270b287e37a.php 第 244 行.
INFO: Run Behavior\ParseTemplateBehavior [ RunTime:0.006651s ]
INFO: [ view_parse ] --END-- [ RunTime:0.006665s ]
INFO: [ view_filter ] --START--
INFO: Run Behavior\WriteHtmlCacheBehavior [ RunTime:0.000070s ]
INFO: [ view_filter ] --END-- [ RunTime:0.000086s ]
INFO: [ app_end ] --START--
INFO: Run Behavior\ShowPageTraceBehavior [ RunTime:0.000225s ]
INFO: [ app_end ] --END-- [ RunTime:0.000238s ]

[ 2017-12-05T21:00:39+08:00 ] 114.83.92.198 /admin.php/Admin/Roles/index.html
INFO: [ app_init ] --START--
INFO: Run Behavior\BuildLiteBehavior [ RunTime:0.000006s ]
INFO: [ app_init ] --END-- [ RunTime:0.000162s ]
INFO: [ app_begin ] --START--
INFO: Run Behavior\ReadHtmlCacheBehavior [ RunTime:0.000197s ]
INFO: [ app_begin ] --END-- [ RunTime:0.000212s ]
NOTIC: [8] A session had already been started - ignoring session_start() /home/www/hqjhc/ThinkPHP/Common/functions.php 第 1263 行.
SQL: SHOW COLUMNS FROM `hqjhc_roles` [ RunTime:0.0005s ]
SQL: SELECT COUNT(*) AS tp_count FROM `hqjhc_roles` LIMIT 1   [ RunTime:0.0001s ]
SQL: SELECT * FROM `hqjhc_roles` ORDER BY `roleid` desc LIMIT 0,10   [ RunTime:0.0002s ]
INFO: [ view_parse ] --START--
INFO: [ template_filter ] --START--
INFO: Run Behavior\ContentReplaceBehavior [ RunTime:0.000072s ]
INFO: [ template_filter ] --END-- [ RunTime:0.000087s ]
NOTIC: [8] Undefined variable: data /home/www/hqjhc/backend/Runtime/Cache/Admin/f9c9f38e1d2cbec903108c9c0c1ea6f4.php 第 172 行.
NOTIC: [8] Undefined variable: data /home/www/hqjhc/backend/Runtime/Cache/Admin/f9c9f38e1d2cbec903108c9c0c1ea6f4.php 第 180 行.
NOTIC: [8] Undefined property: Think\Storage\Driver\File::$_data /home/www/hqjhc/backend/Runtime/Cache/Admin/f9c9f38e1d2cbec903108c9c0c1ea6f4.php 第 244 行.
NOTIC: [8] Undefined variable: data /home/www/hqjhc/backend/Runtime/Cache/Admin/f9c9f38e1d2cbec903108c9c0c1ea6f4.php 第 246 行.
INFO: Run Behavior\ParseTemplateBehavior [ RunTime:0.006528s ]
INFO: [ view_parse ] --END-- [ RunTime:0.006542s ]
INFO: [ view_filter ] --START--
INFO: Run Behavior\WriteHtmlCacheBehavior [ RunTime:0.000070s ]
INFO: [ view_filter ] --END-- [ RunTime:0.000080s ]
INFO: [ app_end ] --START--
INFO: Run Behavior\ShowPageTraceBehavior [ RunTime:0.000241s ]
INFO: [ app_end ] --END-- [ RunTime:0.000255s ]

[ 2017-12-05T21:00:40+08:00 ] 114.83.92.198 /admin.php/Admin/Roles/addRolesPage.html
INFO: [ app_init ] --START--
INFO: Run Behavior\BuildLiteBehavior [ RunTime:0.000006s ]
INFO: [ app_init ] --END-- [ RunTime:0.000185s ]
INFO: [ app_begin ] --START--
INFO: Run Behavior\ReadHtmlCacheBehavior [ RunTime:0.000228s ]
INFO: [ app_begin ] --END-- [ RunTime:0.000246s ]
NOTIC: [8] A session had already been started - ignoring session_start() /home/www/hqjhc/ThinkPHP/Common/functions.php 第 1263 行.
SQL: SHOW COLUMNS FROM `hqjhc_privileges` [ RunTime:0.0005s ]
SQL: SELECT * FROM `hqjhc_privileges` WHERE `menuid` = 1 AND `dataFlag` = 0 AND `isMenuPrivilege` = 0  [ RunTime:0.0003s ]
SQL: SELECT * FROM `hqjhc_privileges` WHERE `menuid` = 2 AND `dataFlag` = 0 AND `isMenuPrivilege` = 0  [ RunTime:0.0002s ]
SQL: SELECT * FROM `hqjhc_privileges` WHERE `menuid` = 3 AND `dataFlag` = 0 AND `isMenuPrivilege` = 0  [ RunTime:0.0002s ]
SQL: SELECT * FROM `hqjhc_privileges` WHERE `menuid` = 4 AND `dataFlag` = 0 AND `isMenuPrivilege` = 0  [ RunTime:0.0003s ]
SQL: SELECT * FROM `hqjhc_privileges` WHERE `menuid` = 5 AND `dataFlag` = 0 AND `isMenuPrivilege` = 0  [ RunTime:0.0002s ]
SQL: SELECT * FROM `hqjhc_privileges` WHERE `menuid` = 6 AND `dataFlag` = 0 AND `isMenuPrivilege` = 0  [ RunTime:0.0002s ]
SQL: SELECT * FROM `hqjhc_privileges` WHERE `menuid` = 7 AND `dataFlag` = 0 AND `isMenuPrivilege` = 0  [ RunTime:0.0002s ]
SQL: SELECT * FROM `hqjhc_privileges` WHERE `menuid` = 8 AND `dataFlag` = 0 AND `isMenuPrivilege` = 0  [ RunTime:0.0002s ]
SQL: SELECT * FROM `hqjhc_privileges` WHERE `menuid` = 9 AND `dataFlag` = 0 AND `isMenuPrivilege` = 0  [ RunTime:0.0002s ]
SQL: SELECT * FROM `hqjhc_privileges` WHERE `menuid` = 10 AND `dataFlag` = 0 AND `isMenuPrivilege` = 0  [ RunTime:0.0002s ]
SQL: SELECT * FROM `hqjhc_privileges` WHERE `menuid` = 11 AND `dataFlag` = 0 AND `isMenuPrivilege` = 0  [ RunTime:0.0002s ]
SQL: SELECT * FROM `hqjhc_privileges` WHERE `menuid` = 12 AND `dataFlag` = 0 AND `isMenuPrivilege` = 0  [ RunTime:0.0002s ]
SQL: SELECT * FROM `hqjhc_privileges` WHERE `menuid` = 13 AND `dataFlag` = 0 AND `isMenuPrivilege` = 0  [ RunTime:0.0002s ]
NOTIC: [8] Undefined variable: infoelevn /home/www/hqjhc/backend/Admin/Controller/RolesController.class.php 第 52 行.
INFO: [ view_parse ] --START--
INFO: [ template_filter ] --START--
INFO: Run Behavior\ContentReplaceBehavior [ RunTime:0.000088s ]
INFO: [ template_filter ] --END-- [ RunTime:0.000103s ]
NOTIC: [8] Undefined variable: data /home/www/hqjhc/backend/Runtime/Cache/Admin/cb1e1959f69749e4cf60c8d234842b72.php 第 171 行.
NOTIC: [8] Undefined variable: data /home/www/hqjhc/backend/Runtime/Cache/Admin/cb1e1959f69749e4cf60c8d234842b72.php 第 179 行.
NOTIC: [8] Undefined property: Think\Storage\Driver\File::$_data /home/www/hqjhc/backend/Runtime/Cache/Admin/cb1e1959f69749e4cf60c8d234842b72.php 第 243 行.
NOTIC: [8] Undefined variable: data /home/www/hqjhc/backend/Runtime/Cache/Admin/cb1e1959f69749e4cf60c8d234842b72.php 第 245 行.
NOTIC: [8] Undefined variable: data /home/www/hqjhc/backend/Runtime/Cache/Admin/cb1e1959f69749e4cf60c8d234842b72.php 第 628 行.
INFO: Run Behavior\ParseTemplateBehavior [ RunTime:0.008651s ]
INFO: [ view_parse ] --END-- [ RunTime:0.008664s ]
INFO: [ view_filter ] --START--
INFO: Run Behavior\WriteHtmlCacheBehavior [ RunTime:0.000073s ]
INFO: [ view_filter ] --END-- [ RunTime:0.000084s ]
INFO: [ app_end ] --START--
INFO: Run Behavior\ShowPageTraceBehavior [ RunTime:0.000227s ]
INFO: [ app_end ] --END-- [ RunTime:0.000241s ]

[ 2017-12-05T21:03:05+08:00 ] 114.83.92.198 /admin.php/Admin/Index/index.html
INFO: [ app_init ] --START--
INFO: Run Behavior\BuildLiteBehavior [ RunTime:0.000006s ]
INFO: [ app_init ] --END-- [ RunTime:0.000161s ]
INFO: [ app_begin ] --START--
INFO: Run Behavior\ReadHtmlCacheBehavior [ RunTime:0.000196s ]
INFO: [ app_begin ] --END-- [ RunTime:0.000218s ]
NOTIC: [8] A session had already been started - ignoring session_start() /home/www/hqjhc/ThinkPHP/Common/functions.php 第 1263 行.
SQL: SHOW COLUMNS FROM `hqjhc_staffs` [ RunTime:0.0005s ]
SQL: SHOW COLUMNS FROM `hqjhc_staffs` [ RunTime:0.0003s ]
SQL: SELECT * FROM `hqjhc_staffs` WHERE `stffid` = 6 LIMIT 1   [ RunTime:0.0002s ]
SQL: SHOW COLUMNS FROM `hqjhc_staffs` [ RunTime:0.0003s ]
SQL: SELECT COUNT(*) AS tp_count FROM `hqjhc_staffs` WHERE `dataFlag` = 0 LIMIT 1   [ RunTime:0.0001s ]
SQL: SELECT * FROM `hqjhc_staffs` WHERE `dataFlag` = 0 ORDER BY `stffid` desc LIMIT 0,15   [ RunTime:0.0002s ]
SQL: SHOW COLUMNS FROM `hqjhc_staffs` [ RunTime:0.0003s ]
SQL: SELECT * FROM `hqjhc_staffs` WHERE `stffid` = 6 LIMIT 1   [ RunTime:0.0001s ]
SQL: SHOW COLUMNS FROM `hqjhc_staffs` [ RunTime:0.0004s ]
SQL: SELECT * FROM `hqjhc_staffs` WHERE `stffid` = 6 LIMIT 1   [ RunTime:0.0001s ]
SQL: SHOW COLUMNS FROM `hqjhc_staffs` [ RunTime:0.0003s ]
SQL: SELECT * FROM `hqjhc_staffs` WHERE `stffid` = 6 LIMIT 1   [ RunTime:0.0002s ]
INFO: [ view_parse ] --START--
INFO: [ template_filter ] --START--
INFO: Run Behavior\ContentReplaceBehavior [ RunTime:0.000073s ]
INFO: [ template_filter ] --END-- [ RunTime:0.000089s ]
NOTIC: [8] Undefined property: Think\Storage\Driver\File::$_data /home/www/hqjhc/backend/Runtime/Cache/Admin/a4757d518f99ac5a2cf27270b287e37a.php 第 244 行.
INFO: Run Behavior\ParseTemplateBehavior [ RunTime:0.006677s ]
INFO: [ view_parse ] --END-- [ RunTime:0.006691s ]
INFO: [ view_filter ] --START--
INFO: Run Behavior\WriteHtmlCacheBehavior [ RunTime:0.000069s ]
INFO: [ view_filter ] --END-- [ RunTime:0.000080s ]
INFO: [ app_end ] --START--
INFO: Run Behavior\ShowPageTraceBehavior [ RunTime:0.000251s ]
INFO: [ app_end ] --END-- [ RunTime:0.000266s ]

