[ 2017-12-11T09:42:18+08:00 ] 116.226.130.39 /admin.php/Admin/Index/index.html
INFO: [ app_init ] --START--
INFO: Run Behavior\BuildLiteBehavior [ RunTime:0.000006s ]
INFO: [ app_init ] --END-- [ RunTime:0.000160s ]
INFO: [ app_begin ] --START--
INFO: Run Behavior\ReadHtmlCacheBehavior [ RunTime:0.000196s ]
INFO: [ app_begin ] --END-- [ RunTime:0.000212s ]
NOTIC: [8] A session had already been started - ignoring session_start() /home/www/hqjhc/ThinkPHP/Common/functions.php 第 1263 行.
SQL: SHOW COLUMNS FROM `hqjhc_staffs` [ RunTime:0.0005s ]
SQL: SHOW COLUMNS FROM `hqjhc_staffs` [ RunTime:0.0003s ]
SQL: SELECT * FROM `hqjhc_staffs` WHERE `stffid` = 6 LIMIT 1   [ RunTime:0.0002s ]
SQL: SHOW COLUMNS FROM `hqjhc_staffs` [ RunTime:0.0003s ]
SQL: SELECT COUNT(*) AS tp_count FROM `hqjhc_staffs` WHERE `dataFlag` = 0 LIMIT 1   [ RunTime:0.0001s ]
SQL: SELECT * FROM `hqjhc_staffs` WHERE `dataFlag` = 0 ORDER BY `stffid` desc LIMIT 0,15   [ RunTime:0.0002s ]
SQL: SHOW COLUMNS FROM `hqjhc_staffs` [ RunTime:0.0003s ]
SQL: SELECT * FROM `hqjhc_staffs` WHERE `stffid` = 6 LIMIT 1   [ RunTime:0.0001s ]
SQL: SHOW COLUMNS FROM `hqjhc_staffs` [ RunTime:0.0003s ]
SQL: SELECT * FROM `hqjhc_staffs` WHERE `stffid` = 6 LIMIT 1   [ RunTime:0.0001s ]
SQL: SHOW COLUMNS FROM `hqjhc_staffs` [ RunTime:0.0003s ]
SQL: SELECT * FROM `hqjhc_staffs` WHERE `stffid` = 6 LIMIT 1   [ RunTime:0.0001s ]
INFO: [ view_parse ] --START--
INFO: [ template_filter ] --START--
INFO: Run Behavior\ContentReplaceBehavior [ RunTime:0.000074s ]
INFO: [ template_filter ] --END-- [ RunTime:0.000088s ]
NOTIC: [8] Undefined property: Think\Storage\Driver\File::$_data /home/www/hqjhc/backend/Runtime/Cache/Admin/a4757d518f99ac5a2cf27270b287e37a.php 第 244 行.
INFO: Run Behavior\ParseTemplateBehavior [ RunTime:0.007155s ]
INFO: [ view_parse ] --END-- [ RunTime:0.007170s ]
INFO: [ view_filter ] --START--
INFO: Run Behavior\WriteHtmlCacheBehavior [ RunTime:0.000080s ]
INFO: [ view_filter ] --END-- [ RunTime:0.000090s ]
INFO: [ app_end ] --START--
INFO: Run Behavior\ShowPageTraceBehavior [ RunTime:0.000225s ]
INFO: [ app_end ] --END-- [ RunTime:0.000240s ]

[ 2017-12-11T09:42:28+08:00 ] 120.204.17.73 /admin.php/admin/index/index.html
INFO: [ app_init ] --START--
INFO: Run Behavior\BuildLiteBehavior [ RunTime:0.000006s ]
INFO: [ app_init ] --END-- [ RunTime:0.000189s ]
INFO: [ app_begin ] --START--
INFO: Run Behavior\ReadHtmlCacheBehavior [ RunTime:0.000235s ]
INFO: [ app_begin ] --END-- [ RunTime:0.000252s ]
NOTIC: [8] A session had already been started - ignoring session_start() /home/www/hqjhc/ThinkPHP/Common/functions.php 第 1263 行.
SQL: SHOW COLUMNS FROM `hqjhc_staffs` [ RunTime:0.0005s ]

[ 2017-12-11T15:10:15+08:00 ] 116.226.130.39 /admin.php/Admin/Privileges/index.html
INFO: [ app_init ] --START--
INFO: Run Behavior\BuildLiteBehavior [ RunTime:0.000007s ]
INFO: [ app_init ] --END-- [ RunTime:0.000170s ]
INFO: [ app_begin ] --START--
INFO: Run Behavior\ReadHtmlCacheBehavior [ RunTime:0.000235s ]
INFO: [ app_begin ] --END-- [ RunTime:0.000253s ]
NOTIC: [8] A session had already been started - ignoring session_start() /home/www/hqjhc/ThinkPHP/Common/functions.php 第 1263 行.
SQL: SHOW COLUMNS FROM `hqjhc_staffs` [ RunTime:0.0005s ]
SQL: SHOW COLUMNS FROM `hqjhc_staffs` [ RunTime:0.0003s ]
SQL: SELECT * FROM `hqjhc_staffs` WHERE `stffid` = 6 LIMIT 1   [ RunTime:0.0002s ]
SQL: SHOW COLUMNS FROM `hqjhc_privileges` [ RunTime:0.0004s ]
SQL: SELECT COUNT(*) AS tp_count FROM `hqjhc_privileges` WHERE `dataFlag` = 0 LIMIT 1   [ RunTime:0.0002s ]
SQL: SELECT * FROM `hqjhc_privileges` WHERE `dataFlag` = 0 ORDER BY `privilegeid` desc LIMIT 0,15   [ RunTime:0.0002s ]
INFO: [ view_parse ] --START--
INFO: [ template_filter ] --START--
INFO: Run Behavior\ContentReplaceBehavior [ RunTime:0.000078s ]
INFO: [ template_filter ] --END-- [ RunTime:0.000094s ]
NOTIC: [8] Undefined property: Think\Storage\Driver\File::$_data /home/www/hqjhc/backend/Runtime/Cache/Admin/f14021a25d9ca198123b9e4097bd022b.php 第 244 行.
NOTIC: [8] Undefined index: privilegedesc /home/www/hqjhc/backend/Runtime/Cache/Admin/f14021a25d9ca198123b9e4097bd022b.php 第 589 行.
NOTIC: [8] Undefined index: createTime /home/www/hqjhc/backend/Runtime/Cache/Admin/f14021a25d9ca198123b9e4097bd022b.php 第 590 行.
NOTIC: [8] Undefined index: createid /home/www/hqjhc/backend/Runtime/Cache/Admin/f14021a25d9ca198123b9e4097bd022b.php 第 591 行.
NOTIC: [8] Undefined index: updateTime /home/www/hqjhc/backend/Runtime/Cache/Admin/f14021a25d9ca198123b9e4097bd022b.php 第 592 行.
NOTIC: [8] Undefined index: updateid /home/www/hqjhc/backend/Runtime/Cache/Admin/f14021a25d9ca198123b9e4097bd022b.php 第 593 行.
NOTIC: [8] Undefined index: privilegedesc /home/www/hqjhc/backend/Runtime/Cache/Admin/f14021a25d9ca198123b9e4097bd022b.php 第 589 行.
NOTIC: [8] Undefined index: createTime /home/www/hqjhc/backend/Runtime/Cache/Admin/f14021a25d9ca198123b9e4097bd022b.php 第 590 行.
NOTIC: [8] Undefined index: createid /home/www/hqjhc/backend/Runtime/Cache/Admin/f14021a25d9ca198123b9e4097bd022b.php 第 591 行.
NOTIC: [8] Undefined index: updateTime /home/www/hqjhc/backend/Runtime/Cache/Admin/f14021a25d9ca198123b9e4097bd022b.php 第 592 行.
NOTIC: [8] Undefined index: updateid /home/www/hqjhc/backend/Runtime/Cache/Admin/f14021a25d9ca198123b9e4097bd022b.php 第 593 行.
NOTIC: [8] Undefined index: privilegedesc /home/www/hqjhc/backend/Runtime/Cache/Admin/f14021a25d9ca198123b9e4097bd022b.php 第 589 行.
NOTIC: [8] Undefined index: createTime /home/www/hqjhc/backend/Runtime/Cache/Admin/f14021a25d9ca198123b9e4097bd022b.php 第 590 行.
NOTIC: [8] Undefined index: createid /home/www/hqjhc/backend/Runtime/Cache/Admin/f14021a25d9ca198123b9e4097bd022b.php 第 591 行.
NOTIC: [8] Undefined index: updateTime /home/www/hqjhc/backend/Runtime/Cache/Admin/f14021a25d9ca198123b9e4097bd022b.php 第 592 行.
NOTIC: [8] Undefined index: updateid /home/www/hqjhc/backend/Runtime/Cache/Admin/f14021a25d9ca198123b9e4097bd022b.php 第 593 行.
NOTIC: [8] Undefined index: privilegedesc /home/www/hqjhc/backend/Runtime/Cache/Admin/f14021a25d9ca198123b9e4097bd022b.php 第 589 行.
NOTIC: [8] Undefined index: createTime /home/www/hqjhc/backend/Runtime/Cache/Admin/f14021a25d9ca198123b9e4097bd022b.php 第 590 行.
NOTIC: [8] Undefined index: createid /home/www/hqjhc/backend/Runtime/Cache/Admin/f14021a25d9ca198123b9e4097bd022b.php 第 591 行.
NOTIC: [8] Undefined index: updateTime /home/www/hqjhc/backend/Runtime/Cache/Admin/f14021a25d9ca198123b9e4097bd022b.php 第 592 行.
NOTIC: [8] Undefined index: updateid /home/www/hqjhc/backend/Runtime/Cache/Admin/f14021a25d9ca198123b9e4097bd022b.php 第 593 行.
NOTIC: [8] Undefined index: privilegedesc /home/www/hqjhc/backend/Runtime/Cache/Admin/f14021a25d9ca198123b9e4097bd022b.php 第 589 行.
NOTIC: [8] Undefined index: createTime /home/www/hqjhc/backend/Runtime/Cache/Admin/f14021a25d9ca198123b9e4097bd022b.php 第 590 行.
NOTIC: [8] Undefined index: createid /home/www/hqjhc/backend/Runtime/Cache/Admin/f14021a25d9ca198123b9e4097bd022b.php 第 591 行.
NOTIC: [8] Undefined index: updateTime /home/www/hqjhc/backend/Runtime/Cache/Admin/f14021a25d9ca198123b9e4097bd022b.php 第 592 行.
NOTIC: [8] Undefined index: updateid /home/www/hqjhc/backend/Runtime/Cache/Admin/f14021a25d9ca198123b9e4097bd022b.php 第 593 行.
NOTIC: [8] Undefined index: privilegedesc /home/www/hqjhc/backend/Runtime/Cache/Admin/f14021a25d9ca198123b9e4097bd022b.php 第 589 行.
NOTIC: [8] Undefined index: createTime /home/www/hqjhc/backend/Runtime/Cache/Admin/f14021a25d9ca198123b9e4097bd022b.php 第 590 行.
NOTIC: [8] Undefined index: createid /home/www/hqjhc/backend/Runtime/Cache/Admin/f14021a25d9ca198123b9e4097bd022b.php 第 591 行.
NOTIC: [8] Undefined index: updateTime /home/www/hqjhc/backend/Runtime/Cache/Admin/f14021a25d9ca198123b9e4097bd022b.php 第 592 行.
NOTIC: [8] Undefined index: updateid /home/www/hqjhc/backend/Runtime/Cache/Admin/f14021a25d9ca198123b9e4097bd022b.php 第 593 行.
NOTIC: [8] Undefined index: privilegedesc /home/www/hqjhc/backend/Runtime/Cache/Admin/f14021a25d9ca198123b9e4097bd022b.php 第 589 行.
NOTIC: [8] Undefined index: createTime /home/www/hqjhc/backend/Runtime/Cache/Admin/f14021a25d9ca198123b9e4097bd022b.php 第 590 行.
NOTIC: [8] Undefined index: createid /home/www/hqjhc/backend/Runtime/Cache/Admin/f14021a25d9ca198123b9e4097bd022b.php 第 591 行.
NOTIC: [8] Undefined index: updateTime /home/www/hqjhc/backend/Runtime/Cache/Admin/f14021a25d9ca198123b9e4097bd022b.php 第 592 行.
NOTIC: [8] Undefined index: updateid /home/www/hqjhc/backend/Runtime/Cache/Admin/f14021a25d9ca198123b9e4097bd022b.php 第 593 行.
NOTIC: [8] Undefined index: privilegedesc /home/www/hqjhc/backend/Runtime/Cache/Admin/f14021a25d9ca198123b9e4097bd022b.php 第 589 行.
NOTIC: [8] Undefined index: createTime /home/www/hqjhc/backend/Runtime/Cache/Admin/f14021a25d9ca198123b9e4097bd022b.php 第 590 行.
NOTIC: [8] Undefined index: createid /home/www/hqjhc/backend/Runtime/Cache/Admin/f14021a25d9ca198123b9e4097bd022b.php 第 591 行.
NOTIC: [8] Undefined index: updateTime /home/www/hqjhc/backend/Runtime/Cache/Admin/f14021a25d9ca198123b9e4097bd022b.php 第 592 行.
NOTIC: [8] Undefined index: updateid /home/www/hqjhc/backend/Runtime/Cache/Admin/f14021a25d9ca198123b9e4097bd022b.php 第 593 行.
NOTIC: [8] Undefined index: privilegedesc /home/www/hqjhc/backend/Runtime/Cache/Admin/f14021a25d9ca198123b9e4097bd022b.php 第 589 行.
NOTIC: [8] Undefined index: createTime /home/www/hqjhc/backend/Runtime/Cache/Admin/f14021a25d9ca198123b9e4097bd022b.php 第 590 行.
NOTIC: [8] Undefined index: createid /home/www/hqjhc/backend/Runtime/Cache/Admin/f14021a25d9ca198123b9e4097bd022b.php 第 591 行.
NOTIC: [8] Undefined index: updateTime /home/www/hqjhc/backend/Runtime/Cache/Admin/f14021a25d9ca198123b9e4097bd022b.php 第 592 行.
NOTIC: [8] Undefined index: updateid /home/www/hqjhc/backend/Runtime/Cache/Admin/f14021a25d9ca198123b9e4097bd022b.php 第 593 行.
NOTIC: [8] Undefined index: privilegedesc /home/www/hqjhc/backend/Runtime/Cache/Admin/f14021a25d9ca198123b9e4097bd022b.php 第 589 行.
NOTIC: [8] Undefined index: createTime /home/www/hqjhc/backend/Runtime/Cache/Admin/f14021a25d9ca198123b9e4097bd022b.php 第 590 行.
NOTIC: [8] Undefined index: createid /home/www/hqjhc/backend/Runtime/Cache/Admin/f14021a25d9ca198123b9e4097bd022b.php 第 591 行.
NOTIC: [8] Undefined index: updateTime /home/www/hqjhc/backend/Runtime/Cache/Admin/f14021a25d9ca198123b9e4097bd022b.php 第 592 行.
NOTIC: [8] Undefined index: updateid /home/www/hqjhc/backend/Runtime/Cache/Admin/f14021a25d9ca198123b9e4097bd022b.php 第 593 行.
NOTIC: [8] Undefined index: privilegedesc /home/www/hqjhc/backend/Runtime/Cache/Admin/f14021a25d9ca198123b9e4097bd022b.php 第 589 行.
NOTIC: [8] Undefined index: createTime /home/www/hqjhc/backend/Runtime/Cache/Admin/f14021a25d9ca198123b9e4097bd022b.php 第 590 行.
NOTIC: [8] Undefined index: createid /home/www/hqjhc/backend/Runtime/Cache/Admin/f14021a25d9ca198123b9e4097bd022b.php 第 591 行.
NOTIC: [8] Undefined index: updateTime /home/www/hqjhc/backend/Runtime/Cache/Admin/f14021a25d9ca198123b9e4097bd022b.php 第 592 行.
NOTIC: [8] Undefined index: updateid /home/www/hqjhc/backend/Runtime/Cache/Admin/f14021a25d9ca198123b9e4097bd022b.php 第 593 行.
NOTIC: [8] Undefined index: privilegedesc /home/www/hqjhc/backend/Runtime/Cache/Admin/f14021a25d9ca198123b9e4097bd022b.php 第 589 行.
NOTIC: [8] Undefined index: createTime /home/www/hqjhc/backend/Runtime/Cache/Admin/f14021a25d9ca198123b9e4097bd022b.php 第 590 行.
NOTIC: [8] Undefined index: createid /home/www/hqjhc/backend/Runtime/Cache/Admin/f14021a25d9ca198123b9e4097bd022b.php 第 591 行.
NOTIC: [8] Undefined index: updateTime /home/www/hqjhc/backend/Runtime/Cache/Admin/f14021a25d9ca198123b9e4097bd022b.php 第 592 行.
NOTIC: [8] Undefined index: updateid /home/www/hqjhc/backend/Runtime/Cache/Admin/f14021a25d9ca198123b9e4097bd022b.php 第 593 行.
NOTIC: [8] Undefined index: privilegedesc /home/www/hqjhc/backend/Runtime/Cache/Admin/f14021a25d9ca198123b9e4097bd022b.php 第 589 行.
NOTIC: [8] Undefined index: createTime /home/www/hqjhc/backend/Runtime/Cache/Admin/f14021a25d9ca198123b9e4097bd022b.php 第 590 行.
NOTIC: [8] Undefined index: createid /home/www/hqjhc/backend/Runtime/Cache/Admin/f14021a25d9ca198123b9e4097bd022b.php 第 591 行.
NOTIC: [8] Undefined index: updateTime /home/www/hqjhc/backend/Runtime/Cache/Admin/f14021a25d9ca198123b9e4097bd022b.php 第 592 行.
NOTIC: [8] Undefined index: updateid /home/www/hqjhc/backend/Runtime/Cache/Admin/f14021a25d9ca198123b9e4097bd022b.php 第 593 行.
NOTIC: [8] Undefined index: privilegedesc /home/www/hqjhc/backend/Runtime/Cache/Admin/f14021a25d9ca198123b9e4097bd022b.php 第 589 行.
NOTIC: [8] Undefined index: createTime /home/www/hqjhc/backend/Runtime/Cache/Admin/f14021a25d9ca198123b9e4097bd022b.php 第 590 行.
NOTIC: [8] Undefined index: createid /home/www/hqjhc/backend/Runtime/Cache/Admin/f14021a25d9ca198123b9e4097bd022b.php 第 591 行.
NOTIC: [8] Undefined index: updateTime /home/www/hqjhc/backend/Runtime/Cache/Admin/f14021a25d9ca198123b9e4097bd022b.php 第 592 行.
NOTIC: [8] Undefined index: updateid /home/www/hqjhc/backend/Runtime/Cache/Admin/f14021a25d9ca198123b9e4097bd022b.php 第 593 行.
NOTIC: [8] Undefined index: privilegedesc /home/www/hqjhc/backend/Runtime/Cache/Admin/f14021a25d9ca198123b9e4097bd022b.php 第 589 行.
NOTIC: [8] Undefined index: createTime /home/www/hqjhc/backend/Runtime/Cache/Admin/f14021a25d9ca198123b9e4097bd022b.php 第 590 行.
NOTIC: [8] Undefined index: createid /home/www/hqjhc/backend/Runtime/Cache/Admin/f14021a25d9ca198123b9e4097bd022b.php 第 591 行.
NOTIC: [8] Undefined index: updateTime /home/www/hqjhc/backend/Runtime/Cache/Admin/f14021a25d9ca198123b9e4097bd022b.php 第 592 行.
NOTIC: [8] Undefined index: updateid /home/www/hqjhc/backend/Runtime/Cache/Admin/f14021a25d9ca198123b9e4097bd022b.php 第 593 行.
INFO: Run Behavior\ParseTemplateBehavior [ RunTime:0.007079s ]
INFO: [ view_parse ] --END-- [ RunTime:0.007092s ]
INFO: [ view_filter ] --START--
INFO: Run Behavior\WriteHtmlCacheBehavior [ RunTime:0.000070s ]
INFO: [ view_filter ] --END-- [ RunTime:0.000081s ]
INFO: [ app_end ] --START--
INFO: Run Behavior\ShowPageTraceBehavior [ RunTime:0.000234s ]
INFO: [ app_end ] --END-- [ RunTime:0.000248s ]

[ 2017-12-11T15:10:41+08:00 ] 116.226.130.39 /admin.php/Admin/Privileges/index.html
INFO: [ app_init ] --START--
INFO: Run Behavior\BuildLiteBehavior [ RunTime:0.000014s ]
INFO: [ app_init ] --END-- [ RunTime:0.000178s ]
INFO: [ app_begin ] --START--
INFO: Run Behavior\ReadHtmlCacheBehavior [ RunTime:0.000226s ]
INFO: [ app_begin ] --END-- [ RunTime:0.000243s ]
NOTIC: [8] A session had already been started - ignoring session_start() /home/www/hqjhc/ThinkPHP/Common/functions.php 第 1263 行.
SQL: SHOW COLUMNS FROM `hqjhc_staffs` [ RunTime:0.0005s ]
SQL: SHOW COLUMNS FROM `hqjhc_staffs` [ RunTime:0.0003s ]
SQL: SELECT * FROM `hqjhc_staffs` WHERE `stffid` = 6 LIMIT 1   [ RunTime:0.0002s ]
SQL: SHOW COLUMNS FROM `hqjhc_privileges` [ RunTime:0.0003s ]
SQL: SELECT COUNT(*) AS tp_count FROM `hqjhc_privileges` WHERE `dataFlag` = 0 LIMIT 1   [ RunTime:0.0002s ]
SQL: SELECT * FROM `hqjhc_privileges` WHERE `dataFlag` = 0 ORDER BY `privilegeid` desc LIMIT 0,15   [ RunTime:0.0002s ]
INFO: [ view_parse ] --START--
INFO: [ template_filter ] --START--
INFO: Run Behavior\ContentReplaceBehavior [ RunTime:0.000076s ]
INFO: [ template_filter ] --END-- [ RunTime:0.000090s ]
NOTIC: [8] Undefined property: Think\Storage\Driver\File::$_data /home/www/hqjhc/backend/Runtime/Cache/Admin/f14021a25d9ca198123b9e4097bd022b.php 第 244 行.
NOTIC: [8] Undefined index: privilegedesc /home/www/hqjhc/backend/Runtime/Cache/Admin/f14021a25d9ca198123b9e4097bd022b.php 第 589 行.
NOTIC: [8] Undefined index: createTime /home/www/hqjhc/backend/Runtime/Cache/Admin/f14021a25d9ca198123b9e4097bd022b.php 第 590 行.
NOTIC: [8] Undefined index: createid /home/www/hqjhc/backend/Runtime/Cache/Admin/f14021a25d9ca198123b9e4097bd022b.php 第 591 行.
NOTIC: [8] Undefined index: updateTime /home/www/hqjhc/backend/Runtime/Cache/Admin/f14021a25d9ca198123b9e4097bd022b.php 第 592 行.
NOTIC: [8] Undefined index: updateid /home/www/hqjhc/backend/Runtime/Cache/Admin/f14021a25d9ca198123b9e4097bd022b.php 第 593 行.
NOTIC: [8] Undefined index: privilegedesc /home/www/hqjhc/backend/Runtime/Cache/Admin/f14021a25d9ca198123b9e4097bd022b.php 第 589 行.
NOTIC: [8] Undefined index: createTime /home/www/hqjhc/backend/Runtime/Cache/Admin/f14021a25d9ca198123b9e4097bd022b.php 第 590 行.
NOTIC: [8] Undefined index: createid /home/www/hqjhc/backend/Runtime/Cache/Admin/f14021a25d9ca198123b9e4097bd022b.php 第 591 行.
NOTIC: [8] Undefined index: updateTime /home/www/hqjhc/backend/Runtime/Cache/Admin/f14021a25d9ca198123b9e4097bd022b.php 第 592 行.
NOTIC: [8] Undefined index: updateid /home/www/hqjhc/backend/Runtime/Cache/Admin/f14021a25d9ca198123b9e4097bd022b.php 第 593 行.
NOTIC: [8] Undefined index: privilegedesc /home/www/hqjhc/backend/Runtime/Cache/Admin/f14021a25d9ca198123b9e4097bd022b.php 第 589 行.
NOTIC: [8] Undefined index: createTime /home/www/hqjhc/backend/Runtime/Cache/Admin/f14021a25d9ca198123b9e4097bd022b.php 第 590 行.
NOTIC: [8] Undefined index: createid /home/www/hqjhc/backend/Runtime/Cache/Admin/f14021a25d9ca198123b9e4097bd022b.php 第 591 行.
NOTIC: [8] Undefined index: updateTime /home/www/hqjhc/backend/Runtime/Cache/Admin/f14021a25d9ca198123b9e4097bd022b.php 第 592 行.
NOTIC: [8] Undefined index: updateid /home/www/hqjhc/backend/Runtime/Cache/Admin/f14021a25d9ca198123b9e4097bd022b.php 第 593 行.
NOTIC: [8] Undefined index: privilegedesc /home/www/hqjhc/backend/Runtime/Cache/Admin/f14021a25d9ca198123b9e4097bd022b.php 第 589 行.
NOTIC: [8] Undefined index: createTime /home/www/hqjhc/backend/Runtime/Cache/Admin/f14021a25d9ca198123b9e4097bd022b.php 第 590 行.
NOTIC: [8] Undefined index: createid /home/www/hqjhc/backend/Runtime/Cache/Admin/f14021a25d9ca198123b9e4097bd022b.php 第 591 行.
NOTIC: [8] Undefined index: updateTime /home/www/hqjhc/backend/Runtime/Cache/Admin/f14021a25d9ca198123b9e4097bd022b.php 第 592 行.
NOTIC: [8] Undefined index: updateid /home/www/hqjhc/backend/Runtime/Cache/Admin/f14021a25d9ca198123b9e4097bd022b.php 第 593 行.
NOTIC: [8] Undefined index: privilegedesc /home/www/hqjhc/backend/Runtime/Cache/Admin/f14021a25d9ca198123b9e4097bd022b.php 第 589 行.
NOTIC: [8] Undefined index: createTime /home/www/hqjhc/backend/Runtime/Cache/Admin/f14021a25d9ca198123b9e4097bd022b.php 第 590 行.
NOTIC: [8] Undefined index: createid /home/www/hqjhc/backend/Runtime/Cache/Admin/f14021a25d9ca198123b9e4097bd022b.php 第 591 行.
NOTIC: [8] Undefined index: updateTime /home/www/hqjhc/backend/Runtime/Cache/Admin/f14021a25d9ca198123b9e4097bd022b.php 第 592 行.
NOTIC: [8] Undefined index: updateid /home/www/hqjhc/backend/Runtime/Cache/Admin/f14021a25d9ca198123b9e4097bd022b.php 第 593 行.
NOTIC: [8] Undefined index: privilegedesc /home/www/hqjhc/backend/Runtime/Cache/Admin/f14021a25d9ca198123b9e4097bd022b.php 第 589 行.
NOTIC: [8] Undefined index: createTime /home/www/hqjhc/backend/Runtime/Cache/Admin/f14021a25d9ca198123b9e4097bd022b.php 第 590 行.
NOTIC: [8] Undefined index: createid /home/www/hqjhc/backend/Runtime/Cache/Admin/f14021a25d9ca198123b9e4097bd022b.php 第 591 行.
NOTIC: [8] Undefined index: updateTime /home/www/hqjhc/backend/Runtime/Cache/Admin/f14021a25d9ca198123b9e4097bd022b.php 第 592 行.
NOTIC: [8] Undefined index: updateid /home/www/hqjhc/backend/Runtime/Cache/Admin/f14021a25d9ca198123b9e4097bd022b.php 第 593 行.
NOTIC: [8] Undefined index: privilegedesc /home/www/hqjhc/backend/Runtime/Cache/Admin/f14021a25d9ca198123b9e4097bd022b.php 第 589 行.
NOTIC: [8] Undefined index: createTime /home/www/hqjhc/backend/Runtime/Cache/Admin/f14021a25d9ca198123b9e4097bd022b.php 第 590 行.
NOTIC: [8] Undefined index: createid /home/www/hqjhc/backend/Runtime/Cache/Admin/f14021a25d9ca198123b9e4097bd022b.php 第 591 行.
NOTIC: [8] Undefined index: updateTime /home/www/hqjhc/backend/Runtime/Cache/Admin/f14021a25d9ca198123b9e4097bd022b.php 第 592 行.
NOTIC: [8] Undefined index: updateid /home/www/hqjhc/backend/Runtime/Cache/Admin/f14021a25d9ca198123b9e4097bd022b.php 第 593 行.
NOTIC: [8] Undefined index: privilegedesc /home/www/hqjhc/backend/Runtime/Cache/Admin/f14021a25d9ca198123b9e4097bd022b.php 第 589 行.
NOTIC: [8] Undefined index: createTime /home/www/hqjhc/backend/Runtime/Cache/Admin/f14021a25d9ca198123b9e4097bd022b.php 第 590 行.
NOTIC: [8] Undefined index: createid /home/www/hqjhc/backend/Runtime/Cache/Admin/f14021a25d9ca198123b9e4097bd022b.php 第 591 行.
NOTIC: [8] Undefined index: updateTime /home/www/hqjhc/backend/Runtime/Cache/Admin/f14021a25d9ca198123b9e4097bd022b.php 第 592 行.
NOTIC: [8] Undefined index: updateid /home/www/hqjhc/backend/Runtime/Cache/Admin/f14021a25d9ca198123b9e4097bd022b.php 第 593 行.
NOTIC: [8] Undefined index: privilegedesc /home/www/hqjhc/backend/Runtime/Cache/Admin/f14021a25d9ca198123b9e4097bd022b.php 第 589 行.
NOTIC: [8] Undefined index: createTime /home/www/hqjhc/backend/Runtime/Cache/Admin/f14021a25d9ca198123b9e4097bd022b.php 第 590 行.
NOTIC: [8] Undefined index: createid /home/www/hqjhc/backend/Runtime/Cache/Admin/f14021a25d9ca198123b9e4097bd022b.php 第 591 行.
NOTIC: [8] Undefined index: updateTime /home/www/hqjhc/backend/Runtime/Cache/Admin/f14021a25d9ca198123b9e4097bd022b.php 第 592 行.
NOTIC: [8] Undefined index: updateid /home/www/hqjhc/backend/Runtime/Cache/Admin/f14021a25d9ca198123b9e4097bd022b.php 第 593 行.
NOTIC: [8] Undefined index: privilegedesc /home/www/hqjhc/backend/Runtime/Cache/Admin/f14021a25d9ca198123b9e4097bd022b.php 第 589 行.
NOTIC: [8] Undefined index: createTime /home/www/hqjhc/backend/Runtime/Cache/Admin/f14021a25d9ca198123b9e4097bd022b.php 第 590 行.
NOTIC: [8] Undefined index: createid /home/www/hqjhc/backend/Runtime/Cache/Admin/f14021a25d9ca198123b9e4097bd022b.php 第 591 行.
NOTIC: [8] Undefined index: updateTime /home/www/hqjhc/backend/Runtime/Cache/Admin/f14021a25d9ca198123b9e4097bd022b.php 第 592 行.
NOTIC: [8] Undefined index: updateid /home/www/hqjhc/backend/Runtime/Cache/Admin/f14021a25d9ca198123b9e4097bd022b.php 第 593 行.
NOTIC: [8] Undefined index: privilegedesc /home/www/hqjhc/backend/Runtime/Cache/Admin/f14021a25d9ca198123b9e4097bd022b.php 第 589 行.
NOTIC: [8] Undefined index: createTime /home/www/hqjhc/backend/Runtime/Cache/Admin/f14021a25d9ca198123b9e4097bd022b.php 第 590 行.
NOTIC: [8] Undefined index: createid /home/www/hqjhc/backend/Runtime/Cache/Admin/f14021a25d9ca198123b9e4097bd022b.php 第 591 行.
NOTIC: [8] Undefined index: updateTime /home/www/hqjhc/backend/Runtime/Cache/Admin/f14021a25d9ca198123b9e4097bd022b.php 第 592 行.
NOTIC: [8] Undefined index: updateid /home/www/hqjhc/backend/Runtime/Cache/Admin/f14021a25d9ca198123b9e4097bd022b.php 第 593 行.
NOTIC: [8] Undefined index: privilegedesc /home/www/hqjhc/backend/Runtime/Cache/Admin/f14021a25d9ca198123b9e4097bd022b.php 第 589 行.
NOTIC: [8] Undefined index: createTime /home/www/hqjhc/backend/Runtime/Cache/Admin/f14021a25d9ca198123b9e4097bd022b.php 第 590 行.
NOTIC: [8] Undefined index: createid /home/www/hqjhc/backend/Runtime/Cache/Admin/f14021a25d9ca198123b9e4097bd022b.php 第 591 行.
NOTIC: [8] Undefined index: updateTime /home/www/hqjhc/backend/Runtime/Cache/Admin/f14021a25d9ca198123b9e4097bd022b.php 第 592 行.
NOTIC: [8] Undefined index: updateid /home/www/hqjhc/backend/Runtime/Cache/Admin/f14021a25d9ca198123b9e4097bd022b.php 第 593 行.
NOTIC: [8] Undefined index: privilegedesc /home/www/hqjhc/backend/Runtime/Cache/Admin/f14021a25d9ca198123b9e4097bd022b.php 第 589 行.
NOTIC: [8] Undefined index: createTime /home/www/hqjhc/backend/Runtime/Cache/Admin/f14021a25d9ca198123b9e4097bd022b.php 第 590 行.
NOTIC: [8] Undefined index: createid /home/www/hqjhc/backend/Runtime/Cache/Admin/f14021a25d9ca198123b9e4097bd022b.php 第 591 行.
NOTIC: [8] Undefined index: updateTime /home/www/hqjhc/backend/Runtime/Cache/Admin/f14021a25d9ca198123b9e4097bd022b.php 第 592 行.
NOTIC: [8] Undefined index: updateid /home/www/hqjhc/backend/Runtime/Cache/Admin/f14021a25d9ca198123b9e4097bd022b.php 第 593 行.
NOTIC: [8] Undefined index: privilegedesc /home/www/hqjhc/backend/Runtime/Cache/Admin/f14021a25d9ca198123b9e4097bd022b.php 第 589 行.
NOTIC: [8] Undefined index: createTime /home/www/hqjhc/backend/Runtime/Cache/Admin/f14021a25d9ca198123b9e4097bd022b.php 第 590 行.
NOTIC: [8] Undefined index: createid /home/www/hqjhc/backend/Runtime/Cache/Admin/f14021a25d9ca198123b9e4097bd022b.php 第 591 行.
NOTIC: [8] Undefined index: updateTime /home/www/hqjhc/backend/Runtime/Cache/Admin/f14021a25d9ca198123b9e4097bd022b.php 第 592 行.
NOTIC: [8] Undefined index: updateid /home/www/hqjhc/backend/Runtime/Cache/Admin/f14021a25d9ca198123b9e4097bd022b.php 第 593 行.
NOTIC: [8] Undefined index: privilegedesc /home/www/hqjhc/backend/Runtime/Cache/Admin/f14021a25d9ca198123b9e4097bd022b.php 第 589 行.
NOTIC: [8] Undefined index: createTime /home/www/hqjhc/backend/Runtime/Cache/Admin/f14021a25d9ca198123b9e4097bd022b.php 第 590 行.
NOTIC: [8] Undefined index: createid /home/www/hqjhc/backend/Runtime/Cache/Admin/f14021a25d9ca198123b9e4097bd022b.php 第 591 行.
NOTIC: [8] Undefined index: updateTime /home/www/hqjhc/backend/Runtime/Cache/Admin/f14021a25d9ca198123b9e4097bd022b.php 第 592 行.
NOTIC: [8] Undefined index: updateid /home/www/hqjhc/backend/Runtime/Cache/Admin/f14021a25d9ca198123b9e4097bd022b.php 第 593 行.
INFO: Run Behavior\ParseTemplateBehavior [ RunTime:0.006922s ]
INFO: [ view_parse ] --END-- [ RunTime:0.006935s ]
INFO: [ view_filter ] --START--
INFO: Run Behavior\WriteHtmlCacheBehavior [ RunTime:0.000072s ]
INFO: [ view_filter ] --END-- [ RunTime:0.000081s ]
INFO: [ app_end ] --START--
INFO: Run Behavior\ShowPageTraceBehavior [ RunTime:0.000224s ]
INFO: [ app_end ] --END-- [ RunTime:0.000237s ]

