[ 2017-11-29T10:36:39+08:00 ] 101.81.120.60 /admin.php/Admin/Roles/index.html
INFO: [ app_init ] --START--
INFO: Run Behavior\BuildLiteBehavior [ RunTime:0.000006s ]
INFO: [ app_init ] --END-- [ RunTime:0.000160s ]
INFO: [ app_begin ] --START--
INFO: Run Behavior\ReadHtmlCacheBehavior [ RunTime:0.000195s ]
INFO: [ app_begin ] --END-- [ RunTime:0.000210s ]
NOTIC: [8] A session had already been started - ignoring session_start() /home/www/hqjhc/ThinkPHP/Common/functions.php 第 1263 行.
SQL: SHOW COLUMNS FROM `hqjhc_roles` [ RunTime:0.0005s ]
SQL: SELECT COUNT(*) AS tp_count FROM `hqjhc_roles` LIMIT 1   [ RunTime:0.0002s ]
SQL: SELECT * FROM `hqjhc_roles` ORDER BY `roleid` desc LIMIT 0,10   [ RunTime:0.0001s ]
INFO: [ view_parse ] --START--
INFO: [ template_filter ] --START--
INFO: Run Behavior\ContentReplaceBehavior [ RunTime:0.000077s ]
INFO: [ template_filter ] --END-- [ RunTime:0.000092s ]
INFO: Run Behavior\ParseTemplateBehavior [ RunTime:0.006587s ]
INFO: [ view_parse ] --END-- [ RunTime:0.006602s ]
INFO: [ view_filter ] --START--
INFO: Run Behavior\WriteHtmlCacheBehavior [ RunTime:0.000069s ]
INFO: [ view_filter ] --END-- [ RunTime:0.000080s ]
INFO: [ app_end ] --START--
INFO: Run Behavior\ShowPageTraceBehavior [ RunTime:0.000222s ]
INFO: [ app_end ] --END-- [ RunTime:0.000235s ]

[ 2017-11-29T10:36:41+08:00 ] 101.81.120.60 /admin.php/Admin/Roles/addRolesPage.html
INFO: [ app_init ] --START--
INFO: Run Behavior\BuildLiteBehavior [ RunTime:0.000007s ]
INFO: [ app_init ] --END-- [ RunTime:0.000170s ]
INFO: [ app_begin ] --START--
INFO: Run Behavior\ReadHtmlCacheBehavior [ RunTime:0.000201s ]
INFO: [ app_begin ] --END-- [ RunTime:0.000217s ]
NOTIC: [8] A session had already been started - ignoring session_start() /home/www/hqjhc/ThinkPHP/Common/functions.php 第 1263 行.
SQL: SHOW COLUMNS FROM `hqjhc_privileges` [ RunTime:0.0004s ]
SQL: SELECT * FROM `hqjhc_privileges` WHERE `menuid` = 1 AND `dataFlag` = 0 AND `isMenuPrivilege` = 0  [ RunTime:0.0003s ]
SQL: SELECT * FROM `hqjhc_privileges` WHERE `menuid` = 2 AND `dataFlag` = 0 AND `isMenuPrivilege` = 0  [ RunTime:0.0002s ]
SQL: SELECT * FROM `hqjhc_privileges` WHERE `menuid` = 3 AND `dataFlag` = 0 AND `isMenuPrivilege` = 0  [ RunTime:0.0002s ]
SQL: SELECT * FROM `hqjhc_privileges` WHERE `menuid` = 4 AND `dataFlag` = 0 AND `isMenuPrivilege` = 0  [ RunTime:0.0002s ]
SQL: SELECT * FROM `hqjhc_privileges` WHERE `menuid` = 5 AND `dataFlag` = 0 AND `isMenuPrivilege` = 0  [ RunTime:0.0002s ]
SQL: SELECT * FROM `hqjhc_privileges` WHERE `menuid` = 6 AND `dataFlag` = 0 AND `isMenuPrivilege` = 0  [ RunTime:0.0002s ]
SQL: SELECT * FROM `hqjhc_privileges` WHERE `menuid` = 7 AND `dataFlag` = 0 AND `isMenuPrivilege` = 0  [ RunTime:0.0002s ]
SQL: SELECT * FROM `hqjhc_privileges` WHERE `menuid` = 8 AND `dataFlag` = 0 AND `isMenuPrivilege` = 0  [ RunTime:0.0002s ]
SQL: SELECT * FROM `hqjhc_privileges` WHERE `menuid` = 9 AND `dataFlag` = 0 AND `isMenuPrivilege` = 0  [ RunTime:0.0002s ]
SQL: SELECT * FROM `hqjhc_privileges` WHERE `menuid` = 10 AND `dataFlag` = 0 AND `isMenuPrivilege` = 0  [ RunTime:0.0002s ]
SQL: SELECT * FROM `hqjhc_privileges` WHERE `menuid` = 11 AND `dataFlag` = 0 AND `isMenuPrivilege` = 0  [ RunTime:0.0002s ]
SQL: SELECT * FROM `hqjhc_privileges` WHERE `menuid` = 12 AND `dataFlag` = 0 AND `isMenuPrivilege` = 0  [ RunTime:0.0002s ]
SQL: SELECT * FROM `hqjhc_privileges` WHERE `menuid` = 13 AND `dataFlag` = 0 AND `isMenuPrivilege` = 0  [ RunTime:0.0002s ]
NOTIC: [8] Undefined variable: infoelevn /home/www/hqjhc/backend/Admin/Controller/RolesController.class.php 第 52 行.
INFO: [ view_parse ] --START--
INFO: [ template_filter ] --START--
INFO: Run Behavior\ContentReplaceBehavior [ RunTime:0.000086s ]
INFO: [ template_filter ] --END-- [ RunTime:0.000102s ]
NOTIC: [8] Undefined variable: data /home/www/hqjhc/backend/Runtime/Cache/Admin/cb1e1959f69749e4cf60c8d234842b72.php 第 623 行.
INFO: Run Behavior\ParseTemplateBehavior [ RunTime:0.008803s ]
INFO: [ view_parse ] --END-- [ RunTime:0.008817s ]
INFO: [ view_filter ] --START--
INFO: Run Behavior\WriteHtmlCacheBehavior [ RunTime:0.000070s ]
INFO: [ view_filter ] --END-- [ RunTime:0.000080s ]
INFO: [ app_end ] --START--
INFO: Run Behavior\ShowPageTraceBehavior [ RunTime:0.000222s ]
INFO: [ app_end ] --END-- [ RunTime:0.000236s ]

[ 2017-11-29T10:36:49+08:00 ] 101.226.226.221 /admin.php/Admin/Roles/index.html
INFO: [ app_init ] --START--
INFO: Run Behavior\BuildLiteBehavior [ RunTime:0.000006s ]
INFO: [ app_init ] --END-- [ RunTime:0.000169s ]
INFO: [ app_begin ] --START--
INFO: Run Behavior\ReadHtmlCacheBehavior [ RunTime:0.000223s ]
INFO: [ app_begin ] --END-- [ RunTime:0.000240s ]
NOTIC: [8] A session had already been started - ignoring session_start() /home/www/hqjhc/ThinkPHP/Common/functions.php 第 1263 行.
SQL: SHOW COLUMNS FROM `hqjhc_roles` [ RunTime:0.0004s ]
SQL: SELECT COUNT(*) AS tp_count FROM `hqjhc_roles` LIMIT 1   [ RunTime:0.0001s ]
SQL: SELECT * FROM `hqjhc_roles` ORDER BY `roleid` desc LIMIT 0,10   [ RunTime:0.0002s ]
INFO: [ view_parse ] --START--
INFO: [ template_filter ] --START--
INFO: Run Behavior\ContentReplaceBehavior [ RunTime:0.000072s ]
INFO: [ template_filter ] --END-- [ RunTime:0.000087s ]
INFO: Run Behavior\ParseTemplateBehavior [ RunTime:0.007515s ]
INFO: [ view_parse ] --END-- [ RunTime:0.007530s ]
INFO: [ view_filter ] --START--
INFO: Run Behavior\WriteHtmlCacheBehavior [ RunTime:0.000083s ]
INFO: [ view_filter ] --END-- [ RunTime:0.000094s ]
INFO: [ app_end ] --START--
INFO: Run Behavior\ShowPageTraceBehavior [ RunTime:0.000238s ]
INFO: [ app_end ] --END-- [ RunTime:0.000251s ]

