[ 2017-12-22T18:15:05+08:00 ] 101.81.0.88 /admin.php/Ticket/Index/index.html
INFO: [ app_init ] --START--
INFO: Run Behavior\BuildLiteBehavior [ RunTime:0.000005s ]
INFO: [ app_init ] --END-- [ RunTime:0.000154s ]
INFO: [ app_begin ] --START--
INFO: Run Behavior\ReadHtmlCacheBehavior [ RunTime:0.000208s ]
INFO: [ app_begin ] --END-- [ RunTime:0.000231s ]
NOTIC: [8] A session had already been started - ignoring session_start() /home/www/hqjhc/ThinkPHP/Common/functions.php 第 1263 行.
SQL: SHOW COLUMNS FROM `hqjhc_staffs` [ RunTime:0.0005s ]
SQL: SHOW COLUMNS FROM `hqjhc_staffs` [ RunTime:0.0003s ]
SQL: SELECT * FROM `hqjhc_staffs` WHERE `stffid` = 6 LIMIT 1   [ RunTime:0.0002s ]
SQL: SHOW COLUMNS FROM `hqjhc_ticket` [ RunTime:0.0003s ]
SQL: SELECT COUNT(*) AS tp_count FROM `hqjhc_ticket` WHERE `dataFlag` = 0 LIMIT 1   [ RunTime:0.0001s ]
SQL: SELECT * FROM `hqjhc_ticket` WHERE `dataFlag` = 0 ORDER BY `ticketid` desc LIMIT 0,15   [ RunTime:0.0002s ]
SQL: SHOW COLUMNS FROM `hqjhc_staffs` [ RunTime:0.0003s ]
SQL: SELECT * FROM `hqjhc_staffs` WHERE `stffid` = 6 LIMIT 1   [ RunTime:0.0001s ]
SQL: SHOW COLUMNS FROM `hqjhc_staffs` [ RunTime:0.0003s ]
SQL: SELECT * FROM `hqjhc_staffs` WHERE `stffid` = 6 LIMIT 1   [ RunTime:0.0002s ]
SQL: SHOW COLUMNS FROM `hqjhc_staffs` [ RunTime:0.0003s ]
SQL: SELECT * FROM `hqjhc_staffs` WHERE `stffid` = 6 LIMIT 1   [ RunTime:0.0001s ]
INFO: [ view_parse ] --START--
INFO: [ template_filter ] --START--
INFO: Run Behavior\ContentReplaceBehavior [ RunTime:0.000073s ]
INFO: [ template_filter ] --END-- [ RunTime:0.000088s ]
NOTIC: [8] Undefined property: Think\Storage\Driver\File::$_data /home/www/hqjhc/backend/Runtime/Cache/Ticket/b91cecd232e286780c127aef83cabe89.php 第 244 行.
NOTIC: [8] Undefined index: brandlogo /home/www/hqjhc/backend/Runtime/Cache/Ticket/b91cecd232e286780c127aef83cabe89.php 第 610 行.
NOTIC: [8] Undefined index: brandlogo /home/www/hqjhc/backend/Runtime/Cache/Ticket/b91cecd232e286780c127aef83cabe89.php 第 610 行.
INFO: Run Behavior\ParseTemplateBehavior [ RunTime:0.007089s ]
INFO: [ view_parse ] --END-- [ RunTime:0.007102s ]
INFO: [ view_filter ] --START--
INFO: Run Behavior\WriteHtmlCacheBehavior [ RunTime:0.000082s ]
INFO: [ view_filter ] --END-- [ RunTime:0.000093s ]
INFO: [ app_end ] --START--
INFO: Run Behavior\ShowPageTraceBehavior [ RunTime:0.000235s ]
INFO: [ app_end ] --END-- [ RunTime:0.000249s ]

[ 2017-12-22T18:16:05+08:00 ] 61.151.178.165 /admin.php/Ticket/Index/index.html
INFO: [ app_init ] --START--
INFO: Run Behavior\BuildLiteBehavior [ RunTime:0.000006s ]
INFO: [ app_init ] --END-- [ RunTime:0.000172s ]
INFO: [ app_begin ] --START--
INFO: Run Behavior\ReadHtmlCacheBehavior [ RunTime:0.000224s ]
INFO: [ app_begin ] --END-- [ RunTime:0.000240s ]
NOTIC: [8] A session had already been started - ignoring session_start() /home/www/hqjhc/ThinkPHP/Common/functions.php 第 1263 行.
SQL: SHOW COLUMNS FROM `hqjhc_staffs` [ RunTime:0.0005s ]

