[ 2017-11-14T18:56:04+08:00 ] 101.81.120.60 /admin.php
INFO: [ app_init ] --START--
INFO: Run Behavior\BuildLiteBehavior [ RunTime:0.000006s ]
INFO: [ app_init ] --END-- [ RunTime:0.000160s ]
INFO: [ app_begin ] --START--
INFO: Run Behavior\ReadHtmlCacheBehavior [ RunTime:0.000192s ]
INFO: [ app_begin ] --END-- [ RunTime:0.000208s ]
SQL: SHOW COLUMNS FROM `hqjhc_staffs` [ RunTime:0.0005s ]
SQL: SHOW COLUMNS FROM `hqjhc_staffs` [ RunTime:0.0003s ]
SQL: SELECT * FROM `hqjhc_staffs` WHERE `stffid` = 6 LIMIT 1   [ RunTime:0.0002s ]
SQL: SHOW COLUMNS FROM `hqjhc_logs_staffs_logins` [ RunTime:0.0003s ]
NOTIC: [8] Undefined variable: con /home/www/hqjhc/backend/Home/Controller/IndexController.class.php 第 9 行.
SQL: SELECT COUNT(*) AS tp_count FROM `hqjhc_logs_staffs_logins` LIMIT 1   [ RunTime:0.0001s ]
NOTIC: [8] Undefined variable: con /home/www/hqjhc/backend/Home/Controller/IndexController.class.php 第 13 行.
SQL: SELECT * FROM `hqjhc_logs_staffs_logins` ORDER BY `loginid` desc LIMIT 0,10   [ RunTime:0.0001s ]
SQL: SHOW COLUMNS FROM `hqjhc_staffs` [ RunTime:0.0003s ]
SQL: SELECT * FROM `hqjhc_staffs` WHERE `stffid` = 6 LIMIT 1   [ RunTime:0.0001s ]
SQL: SHOW COLUMNS FROM `hqjhc_staffs` [ RunTime:0.0003s ]
SQL: SELECT * FROM `hqjhc_staffs` WHERE `stffid` = 6 LIMIT 1   [ RunTime:0.0002s ]
SQL: SHOW COLUMNS FROM `hqjhc_staffs` [ RunTime:0.0003s ]
SQL: SELECT * FROM `hqjhc_staffs` WHERE `stffid` = 6 LIMIT 1   [ RunTime:0.0001s ]
SQL: SHOW COLUMNS FROM `hqjhc_staffs` [ RunTime:0.0003s ]
SQL: SELECT * FROM `hqjhc_staffs` WHERE `stffid` = 6 LIMIT 1   [ RunTime:0.0001s ]
SQL: SHOW COLUMNS FROM `hqjhc_staffs` [ RunTime:0.0003s ]
SQL: SELECT * FROM `hqjhc_staffs` WHERE `stffid` = 6 LIMIT 1   [ RunTime:0.0002s ]
SQL: SHOW COLUMNS FROM `hqjhc_staffs` [ RunTime:0.0003s ]
SQL: SELECT * FROM `hqjhc_staffs` WHERE `stffid` = 6 LIMIT 1   [ RunTime:0.0001s ]
SQL: SHOW COLUMNS FROM `hqjhc_staffs` [ RunTime:0.0003s ]
SQL: SELECT * FROM `hqjhc_staffs` WHERE `stffid` = 6 LIMIT 1   [ RunTime:0.0001s ]
SQL: SHOW COLUMNS FROM `hqjhc_staffs` [ RunTime:0.0003s ]
SQL: SELECT * FROM `hqjhc_staffs` WHERE `stffid` = 6 LIMIT 1   [ RunTime:0.0001s ]
SQL: SHOW COLUMNS FROM `hqjhc_staffs` [ RunTime:0.0003s ]
SQL: SELECT * FROM `hqjhc_staffs` WHERE `stffid` = 6 LIMIT 1   [ RunTime:0.0001s ]
SQL: SHOW COLUMNS FROM `hqjhc_staffs` [ RunTime:0.0003s ]
SQL: SELECT * FROM `hqjhc_staffs` WHERE `stffid` = 6 LIMIT 1   [ RunTime:0.0001s ]
INFO: [ view_parse ] --START--
INFO: [ template_filter ] --START--
INFO: Run Behavior\ContentReplaceBehavior [ RunTime:0.000085s ]
INFO: [ template_filter ] --END-- [ RunTime:0.000100s ]
INFO: Run Behavior\ParseTemplateBehavior [ RunTime:0.007302s ]
INFO: [ view_parse ] --END-- [ RunTime:0.007318s ]
INFO: [ view_filter ] --START--
INFO: Run Behavior\WriteHtmlCacheBehavior [ RunTime:0.000070s ]
INFO: [ view_filter ] --END-- [ RunTime:0.000080s ]
INFO: [ app_end ] --START--
INFO: Run Behavior\ShowPageTraceBehavior [ RunTime:0.000232s ]
INFO: [ app_end ] --END-- [ RunTime:0.000247s ]

[ 2017-11-14T21:44:09+08:00 ] 114.83.68.204 /admin.php
INFO: [ app_init ] --START--
INFO: Run Behavior\BuildLiteBehavior [ RunTime:0.000006s ]
INFO: [ app_init ] --END-- [ RunTime:0.000173s ]
INFO: [ app_begin ] --START--
INFO: Run Behavior\ReadHtmlCacheBehavior [ RunTime:0.000237s ]
INFO: [ app_begin ] --END-- [ RunTime:0.000254s ]
SQL: SHOW COLUMNS FROM `hqjhc_staffs` [ RunTime:0.0005s ]

[ 2017-11-14T21:44:13+08:00 ] 114.83.68.204 /admin.php/Home/Index/index.html
INFO: [ app_init ] --START--
INFO: Run Behavior\BuildLiteBehavior [ RunTime:0.000005s ]
INFO: [ app_init ] --END-- [ RunTime:0.000141s ]
INFO: [ app_begin ] --START--
INFO: Run Behavior\ReadHtmlCacheBehavior [ RunTime:0.000193s ]
INFO: [ app_begin ] --END-- [ RunTime:0.000208s ]
SQL: SHOW COLUMNS FROM `hqjhc_staffs` [ RunTime:0.0004s ]
SQL: SHOW COLUMNS FROM `hqjhc_staffs` [ RunTime:0.0003s ]
SQL: SELECT * FROM `hqjhc_staffs` WHERE `stffid` = 6 LIMIT 1   [ RunTime:0.0002s ]
SQL: SHOW COLUMNS FROM `hqjhc_logs_staffs_logins` [ RunTime:0.0003s ]
NOTIC: [8] Undefined variable: con /home/www/hqjhc/backend/Home/Controller/IndexController.class.php 第 9 行.
SQL: SELECT COUNT(*) AS tp_count FROM `hqjhc_logs_staffs_logins` LIMIT 1   [ RunTime:0.0001s ]
NOTIC: [8] Undefined variable: con /home/www/hqjhc/backend/Home/Controller/IndexController.class.php 第 13 行.
SQL: SELECT * FROM `hqjhc_logs_staffs_logins` ORDER BY `loginid` desc LIMIT 0,10   [ RunTime:0.0001s ]
SQL: SHOW COLUMNS FROM `hqjhc_staffs` [ RunTime:0.0003s ]
SQL: SELECT * FROM `hqjhc_staffs` WHERE `stffid` = 6 LIMIT 1   [ RunTime:0.0001s ]
SQL: SHOW COLUMNS FROM `hqjhc_staffs` [ RunTime:0.0003s ]
SQL: SELECT * FROM `hqjhc_staffs` WHERE `stffid` = 6 LIMIT 1   [ RunTime:0.0001s ]
SQL: SHOW COLUMNS FROM `hqjhc_staffs` [ RunTime:0.0003s ]
SQL: SELECT * FROM `hqjhc_staffs` WHERE `stffid` = 6 LIMIT 1   [ RunTime:0.0002s ]
SQL: SHOW COLUMNS FROM `hqjhc_staffs` [ RunTime:0.0003s ]
SQL: SELECT * FROM `hqjhc_staffs` WHERE `stffid` = 6 LIMIT 1   [ RunTime:0.0002s ]
SQL: SHOW COLUMNS FROM `hqjhc_staffs` [ RunTime:0.0003s ]
SQL: SELECT * FROM `hqjhc_staffs` WHERE `stffid` = 6 LIMIT 1   [ RunTime:0.0001s ]
SQL: SHOW COLUMNS FROM `hqjhc_staffs` [ RunTime:0.0003s ]
SQL: SELECT * FROM `hqjhc_staffs` WHERE `stffid` = 6 LIMIT 1   [ RunTime:0.0001s ]
SQL: SHOW COLUMNS FROM `hqjhc_staffs` [ RunTime:0.0003s ]
SQL: SELECT * FROM `hqjhc_staffs` WHERE `stffid` = 6 LIMIT 1   [ RunTime:0.0001s ]
SQL: SHOW COLUMNS FROM `hqjhc_staffs` [ RunTime:0.0003s ]
SQL: SELECT * FROM `hqjhc_staffs` WHERE `stffid` = 6 LIMIT 1   [ RunTime:0.0002s ]
SQL: SHOW COLUMNS FROM `hqjhc_staffs` [ RunTime:0.0003s ]
SQL: SELECT * FROM `hqjhc_staffs` WHERE `stffid` = 6 LIMIT 1   [ RunTime:0.0001s ]
SQL: SHOW COLUMNS FROM `hqjhc_staffs` [ RunTime:0.0003s ]
SQL: SELECT * FROM `hqjhc_staffs` WHERE `stffid` = 6 LIMIT 1   [ RunTime:0.0001s ]
INFO: [ view_parse ] --START--
INFO: [ template_filter ] --START--
INFO: Run Behavior\ContentReplaceBehavior [ RunTime:0.000080s ]
INFO: [ template_filter ] --END-- [ RunTime:0.000095s ]
INFO: Run Behavior\ParseTemplateBehavior [ RunTime:0.007262s ]
INFO: [ view_parse ] --END-- [ RunTime:0.007277s ]
INFO: [ view_filter ] --START--
INFO: Run Behavior\WriteHtmlCacheBehavior [ RunTime:0.000069s ]
INFO: [ view_filter ] --END-- [ RunTime:0.000079s ]
INFO: [ app_end ] --START--
INFO: Run Behavior\ShowPageTraceBehavior [ RunTime:0.000237s ]
INFO: [ app_end ] --END-- [ RunTime:0.000251s ]

[ 2017-11-14T21:44:35+08:00 ] 114.83.68.204 /admin.php/Home/Index/index.html
INFO: [ app_init ] --START--
INFO: Run Behavior\BuildLiteBehavior [ RunTime:0.000005s ]
INFO: [ app_init ] --END-- [ RunTime:0.000150s ]
INFO: [ app_begin ] --START--
INFO: Run Behavior\ReadHtmlCacheBehavior [ RunTime:0.000212s ]
INFO: [ app_begin ] --END-- [ RunTime:0.000227s ]
SQL: SHOW COLUMNS FROM `hqjhc_staffs` [ RunTime:0.0005s ]
SQL: SHOW COLUMNS FROM `hqjhc_staffs` [ RunTime:0.0003s ]
SQL: SELECT * FROM `hqjhc_staffs` WHERE `stffid` = 6 LIMIT 1   [ RunTime:0.0002s ]
SQL: SHOW COLUMNS FROM `hqjhc_logs_staffs_logins` [ RunTime:0.0002s ]
NOTIC: [8] Undefined variable: con /home/www/hqjhc/backend/Home/Controller/IndexController.class.php 第 9 行.
SQL: SELECT COUNT(*) AS tp_count FROM `hqjhc_logs_staffs_logins` LIMIT 1   [ RunTime:0.0001s ]
NOTIC: [8] Undefined variable: con /home/www/hqjhc/backend/Home/Controller/IndexController.class.php 第 13 行.
SQL: SELECT * FROM `hqjhc_logs_staffs_logins` ORDER BY `loginid` desc LIMIT 0,10   [ RunTime:0.0001s ]
SQL: SHOW COLUMNS FROM `hqjhc_staffs` [ RunTime:0.0003s ]
SQL: SELECT * FROM `hqjhc_staffs` WHERE `stffid` = 6 LIMIT 1   [ RunTime:0.0002s ]
SQL: SHOW COLUMNS FROM `hqjhc_staffs` [ RunTime:0.0003s ]
SQL: SELECT * FROM `hqjhc_staffs` WHERE `stffid` = 6 LIMIT 1   [ RunTime:0.0001s ]
SQL: SHOW COLUMNS FROM `hqjhc_staffs` [ RunTime:0.0003s ]
SQL: SELECT * FROM `hqjhc_staffs` WHERE `stffid` = 6 LIMIT 1   [ RunTime:0.0001s ]
SQL: SHOW COLUMNS FROM `hqjhc_staffs` [ RunTime:0.0003s ]
SQL: SELECT * FROM `hqjhc_staffs` WHERE `stffid` = 6 LIMIT 1   [ RunTime:0.0001s ]
SQL: SHOW COLUMNS FROM `hqjhc_staffs` [ RunTime:0.0003s ]
SQL: SELECT * FROM `hqjhc_staffs` WHERE `stffid` = 6 LIMIT 1   [ RunTime:0.0002s ]
SQL: SHOW COLUMNS FROM `hqjhc_staffs` [ RunTime:0.0003s ]
SQL: SELECT * FROM `hqjhc_staffs` WHERE `stffid` = 6 LIMIT 1   [ RunTime:0.0001s ]
SQL: SHOW COLUMNS FROM `hqjhc_staffs` [ RunTime:0.0003s ]
SQL: SELECT * FROM `hqjhc_staffs` WHERE `stffid` = 6 LIMIT 1   [ RunTime:0.0001s ]
SQL: SHOW COLUMNS FROM `hqjhc_staffs` [ RunTime:0.0003s ]
SQL: SELECT * FROM `hqjhc_staffs` WHERE `stffid` = 6 LIMIT 1   [ RunTime:0.0001s ]
SQL: SHOW COLUMNS FROM `hqjhc_staffs` [ RunTime:0.0003s ]
SQL: SELECT * FROM `hqjhc_staffs` WHERE `stffid` = 6 LIMIT 1   [ RunTime:0.0001s ]
SQL: SHOW COLUMNS FROM `hqjhc_staffs` [ RunTime:0.0003s ]
SQL: SELECT * FROM `hqjhc_staffs` WHERE `stffid` = 6 LIMIT 1   [ RunTime:0.0002s ]
INFO: [ view_parse ] --START--
INFO: [ template_filter ] --START--
INFO: Run Behavior\ContentReplaceBehavior [ RunTime:0.000082s ]
INFO: [ template_filter ] --END-- [ RunTime:0.000097s ]
INFO: Run Behavior\ParseTemplateBehavior [ RunTime:0.007374s ]
INFO: [ view_parse ] --END-- [ RunTime:0.007389s ]
INFO: [ view_filter ] --START--
INFO: Run Behavior\WriteHtmlCacheBehavior [ RunTime:0.000071s ]
INFO: [ view_filter ] --END-- [ RunTime:0.000082s ]
INFO: [ app_end ] --START--
INFO: Run Behavior\ShowPageTraceBehavior [ RunTime:0.000235s ]
INFO: [ app_end ] --END-- [ RunTime:0.000248s ]

[ 2017-11-14T22:06:40+08:00 ] 114.83.68.204 /admin.php/Home/Index/index.html
INFO: [ app_init ] --START--
INFO: Run Behavior\BuildLiteBehavior [ RunTime:0.000006s ]
INFO: [ app_init ] --END-- [ RunTime:0.000152s ]
INFO: [ app_begin ] --START--
INFO: Run Behavior\ReadHtmlCacheBehavior [ RunTime:0.000197s ]
INFO: [ app_begin ] --END-- [ RunTime:0.000212s ]
SQL: SHOW COLUMNS FROM `hqjhc_staffs` [ RunTime:0.0003s ]
SQL: SHOW COLUMNS FROM `hqjhc_staffs` [ RunTime:0.0003s ]
SQL: SELECT * FROM `hqjhc_staffs` WHERE `stffid` = 6 LIMIT 1   [ RunTime:0.0002s ]
SQL: SHOW COLUMNS FROM `hqjhc_logs_staffs_logins` [ RunTime:0.0003s ]
NOTIC: [8] Undefined variable: con /home/www/hqjhc/backend/Home/Controller/IndexController.class.php 第 9 行.
SQL: SELECT COUNT(*) AS tp_count FROM `hqjhc_logs_staffs_logins` LIMIT 1   [ RunTime:0.0001s ]
NOTIC: [8] Undefined variable: con /home/www/hqjhc/backend/Home/Controller/IndexController.class.php 第 13 行.
SQL: SELECT * FROM `hqjhc_logs_staffs_logins` ORDER BY `loginid` desc LIMIT 0,10   [ RunTime:0.0001s ]
SQL: SHOW COLUMNS FROM `hqjhc_staffs` [ RunTime:0.0003s ]
SQL: SELECT * FROM `hqjhc_staffs` WHERE `stffid` = 6 LIMIT 1   [ RunTime:0.0002s ]
SQL: SHOW COLUMNS FROM `hqjhc_staffs` [ RunTime:0.0003s ]
SQL: SELECT * FROM `hqjhc_staffs` WHERE `stffid` = 6 LIMIT 1   [ RunTime:0.0001s ]
SQL: SHOW COLUMNS FROM `hqjhc_staffs` [ RunTime:0.0003s ]
SQL: SELECT * FROM `hqjhc_staffs` WHERE `stffid` = 6 LIMIT 1   [ RunTime:0.0002s ]
SQL: SHOW COLUMNS FROM `hqjhc_staffs` [ RunTime:0.0003s ]
SQL: SELECT * FROM `hqjhc_staffs` WHERE `stffid` = 6 LIMIT 1   [ RunTime:0.0001s ]
SQL: SHOW COLUMNS FROM `hqjhc_staffs` [ RunTime:0.0003s ]
SQL: SELECT * FROM `hqjhc_staffs` WHERE `stffid` = 6 LIMIT 1   [ RunTime:0.0001s ]
SQL: SHOW COLUMNS FROM `hqjhc_staffs` [ RunTime:0.0003s ]
SQL: SELECT * FROM `hqjhc_staffs` WHERE `stffid` = 6 LIMIT 1   [ RunTime:0.0001s ]
SQL: SHOW COLUMNS FROM `hqjhc_staffs` [ RunTime:0.0003s ]
SQL: SELECT * FROM `hqjhc_staffs` WHERE `stffid` = 6 LIMIT 1   [ RunTime:0.0001s ]
SQL: SHOW COLUMNS FROM `hqjhc_staffs` [ RunTime:0.0003s ]
SQL: SELECT * FROM `hqjhc_staffs` WHERE `stffid` = 6 LIMIT 1   [ RunTime:0.0002s ]
SQL: SHOW COLUMNS FROM `hqjhc_staffs` [ RunTime:0.0003s ]
SQL: SELECT * FROM `hqjhc_staffs` WHERE `stffid` = 6 LIMIT 1   [ RunTime:0.0001s ]
SQL: SHOW COLUMNS FROM `hqjhc_staffs` [ RunTime:0.0003s ]
SQL: SELECT * FROM `hqjhc_staffs` WHERE `stffid` = 6 LIMIT 1   [ RunTime:0.0002s ]
INFO: [ view_parse ] --START--
INFO: [ template_filter ] --START--
INFO: Run Behavior\ContentReplaceBehavior [ RunTime:0.000081s ]
INFO: [ template_filter ] --END-- [ RunTime:0.000096s ]
INFO: Run Behavior\ParseTemplateBehavior [ RunTime:0.007290s ]
INFO: [ view_parse ] --END-- [ RunTime:0.007306s ]
INFO: [ view_filter ] --START--
INFO: Run Behavior\WriteHtmlCacheBehavior [ RunTime:0.000067s ]
INFO: [ view_filter ] --END-- [ RunTime:0.000078s ]
INFO: [ app_end ] --START--
INFO: Run Behavior\ShowPageTraceBehavior [ RunTime:0.000221s ]
INFO: [ app_end ] --END-- [ RunTime:0.000235s ]

[ 2017-11-14T22:12:34+08:00 ] 114.83.68.204 /admin.php/Home/Index/index.html
INFO: [ app_init ] --START--
INFO: Run Behavior\BuildLiteBehavior [ RunTime:0.000007s ]
INFO: [ app_init ] --END-- [ RunTime:0.000164s ]
INFO: [ app_begin ] --START--
INFO: Run Behavior\ReadHtmlCacheBehavior [ RunTime:0.000199s ]
INFO: [ app_begin ] --END-- [ RunTime:0.000214s ]
SQL: SHOW COLUMNS FROM `hqjhc_staffs` [ RunTime:0.0005s ]
SQL: SHOW COLUMNS FROM `hqjhc_staffs` [ RunTime:0.0003s ]
SQL: SELECT * FROM `hqjhc_staffs` WHERE `stffid` = 6 LIMIT 1   [ RunTime:0.0002s ]
SQL: SHOW COLUMNS FROM `hqjhc_logs_staffs_logins` [ RunTime:0.0003s ]
NOTIC: [8] Undefined variable: con /home/www/hqjhc/backend/Home/Controller/IndexController.class.php 第 9 行.
SQL: SELECT COUNT(*) AS tp_count FROM `hqjhc_logs_staffs_logins` LIMIT 1   [ RunTime:0.0001s ]
NOTIC: [8] Undefined variable: con /home/www/hqjhc/backend/Home/Controller/IndexController.class.php 第 13 行.
SQL: SELECT * FROM `hqjhc_logs_staffs_logins` ORDER BY `loginid` desc LIMIT 0,10   [ RunTime:0.0001s ]
SQL: SHOW COLUMNS FROM `hqjhc_staffs` [ RunTime:0.0003s ]
SQL: SELECT * FROM `hqjhc_staffs` WHERE `stffid` = 6 LIMIT 1   [ RunTime:0.0001s ]
SQL: SHOW COLUMNS FROM `hqjhc_staffs` [ RunTime:0.0003s ]
SQL: SELECT * FROM `hqjhc_staffs` WHERE `stffid` = 6 LIMIT 1   [ RunTime:0.0001s ]
SQL: SHOW COLUMNS FROM `hqjhc_staffs` [ RunTime:0.0003s ]
SQL: SELECT * FROM `hqjhc_staffs` WHERE `stffid` = 6 LIMIT 1   [ RunTime:0.0001s ]
SQL: SHOW COLUMNS FROM `hqjhc_staffs` [ RunTime:0.0003s ]
SQL: SELECT * FROM `hqjhc_staffs` WHERE `stffid` = 6 LIMIT 1   [ RunTime:0.0002s ]
SQL: SHOW COLUMNS FROM `hqjhc_staffs` [ RunTime:0.0003s ]
SQL: SELECT * FROM `hqjhc_staffs` WHERE `stffid` = 6 LIMIT 1   [ RunTime:0.0001s ]
SQL: SHOW COLUMNS FROM `hqjhc_staffs` [ RunTime:0.0003s ]
SQL: SELECT * FROM `hqjhc_staffs` WHERE `stffid` = 6 LIMIT 1   [ RunTime:0.0001s ]
SQL: SHOW COLUMNS FROM `hqjhc_staffs` [ RunTime:0.0003s ]
SQL: SELECT * FROM `hqjhc_staffs` WHERE `stffid` = 6 LIMIT 1   [ RunTime:0.0001s ]
SQL: SHOW COLUMNS FROM `hqjhc_staffs` [ RunTime:0.0003s ]
SQL: SELECT * FROM `hqjhc_staffs` WHERE `stffid` = 6 LIMIT 1   [ RunTime:0.0001s ]
SQL: SHOW COLUMNS FROM `hqjhc_staffs` [ RunTime:0.0003s ]
SQL: SELECT * FROM `hqjhc_staffs` WHERE `stffid` = 6 LIMIT 1   [ RunTime:0.0002s ]
SQL: SHOW COLUMNS FROM `hqjhc_staffs` [ RunTime:0.0003s ]
SQL: SELECT * FROM `hqjhc_staffs` WHERE `stffid` = 6 LIMIT 1   [ RunTime:0.0001s ]
INFO: [ view_parse ] --START--
INFO: [ template_filter ] --START--
INFO: Run Behavior\ContentReplaceBehavior [ RunTime:0.000078s ]
INFO: [ template_filter ] --END-- [ RunTime:0.000094s ]
INFO: Run Behavior\ParseTemplateBehavior [ RunTime:0.007138s ]
INFO: [ view_parse ] --END-- [ RunTime:0.007153s ]
INFO: [ view_filter ] --START--
INFO: Run Behavior\WriteHtmlCacheBehavior [ RunTime:0.000072s ]
INFO: [ view_filter ] --END-- [ RunTime:0.000082s ]
INFO: [ app_end ] --START--
INFO: Run Behavior\ShowPageTraceBehavior [ RunTime:0.000246s ]
INFO: [ app_end ] --END-- [ RunTime:0.000260s ]

[ 2017-11-14T22:12:46+08:00 ] 114.83.68.204 /admin.php/Home/Index/index/p/2.html
INFO: [ app_init ] --START--
INFO: Run Behavior\BuildLiteBehavior [ RunTime:0.000006s ]
INFO: [ app_init ] --END-- [ RunTime:0.000162s ]
INFO: [ app_begin ] --START--
INFO: Run Behavior\ReadHtmlCacheBehavior [ RunTime:0.000200s ]
INFO: [ app_begin ] --END-- [ RunTime:0.000215s ]
SQL: SHOW COLUMNS FROM `hqjhc_staffs` [ RunTime:0.0005s ]
SQL: SHOW COLUMNS FROM `hqjhc_staffs` [ RunTime:0.0003s ]
SQL: SELECT * FROM `hqjhc_staffs` WHERE `stffid` = 6 LIMIT 1   [ RunTime:0.0002s ]
SQL: SHOW COLUMNS FROM `hqjhc_logs_staffs_logins` [ RunTime:0.0003s ]
NOTIC: [8] Undefined variable: con /home/www/hqjhc/backend/Home/Controller/IndexController.class.php 第 9 行.
SQL: SELECT COUNT(*) AS tp_count FROM `hqjhc_logs_staffs_logins` LIMIT 1   [ RunTime:0.0001s ]
NOTIC: [8] Undefined variable: con /home/www/hqjhc/backend/Home/Controller/IndexController.class.php 第 13 行.
SQL: SELECT * FROM `hqjhc_logs_staffs_logins` ORDER BY `loginid` desc LIMIT 10,10   [ RunTime:0.0002s ]
SQL: SHOW COLUMNS FROM `hqjhc_staffs` [ RunTime:0.0003s ]
SQL: SELECT * FROM `hqjhc_staffs` WHERE `stffid` = 6 LIMIT 1   [ RunTime:0.0001s ]
SQL: SHOW COLUMNS FROM `hqjhc_staffs` [ RunTime:0.0003s ]
SQL: SELECT * FROM `hqjhc_staffs` WHERE `stffid` = 6 LIMIT 1   [ RunTime:0.0002s ]
SQL: SHOW COLUMNS FROM `hqjhc_staffs` [ RunTime:0.0003s ]
SQL: SELECT * FROM `hqjhc_staffs` WHERE `stffid` = 6 LIMIT 1   [ RunTime:0.0001s ]
SQL: SHOW COLUMNS FROM `hqjhc_staffs` [ RunTime:0.0003s ]
SQL: SELECT * FROM `hqjhc_staffs` WHERE `stffid` = 6 LIMIT 1   [ RunTime:0.0002s ]
SQL: SHOW COLUMNS FROM `hqjhc_staffs` [ RunTime:0.0003s ]
SQL: SELECT * FROM `hqjhc_staffs` WHERE `stffid` = 6 LIMIT 1   [ RunTime:0.0001s ]
SQL: SHOW COLUMNS FROM `hqjhc_staffs` [ RunTime:0.0003s ]
SQL: SELECT * FROM `hqjhc_staffs` WHERE `stffid` = 6 LIMIT 1   [ RunTime:0.0001s ]
SQL: SHOW COLUMNS FROM `hqjhc_staffs` [ RunTime:0.0003s ]
SQL: SELECT * FROM `hqjhc_staffs` WHERE `stffid` = 6 LIMIT 1   [ RunTime:0.0001s ]
SQL: SHOW COLUMNS FROM `hqjhc_staffs` [ RunTime:0.0003s ]
SQL: SELECT * FROM `hqjhc_staffs` WHERE `stffid` = 6 LIMIT 1   [ RunTime:0.0001s ]
SQL: SHOW COLUMNS FROM `hqjhc_staffs` [ RunTime:0.0003s ]
SQL: SELECT * FROM `hqjhc_staffs` WHERE `stffid` = 6 LIMIT 1   [ RunTime:0.0002s ]
SQL: SHOW COLUMNS FROM `hqjhc_staffs` [ RunTime:0.0003s ]
SQL: SELECT * FROM `hqjhc_staffs` WHERE `stffid` = 6 LIMIT 1   [ RunTime:0.0001s ]
INFO: [ view_parse ] --START--
INFO: [ template_filter ] --START--
INFO: Run Behavior\ContentReplaceBehavior [ RunTime:0.000077s ]
INFO: [ template_filter ] --END-- [ RunTime:0.000092s ]
INFO: Run Behavior\ParseTemplateBehavior [ RunTime:0.007095s ]
INFO: [ view_parse ] --END-- [ RunTime:0.007111s ]
INFO: [ view_filter ] --START--
INFO: Run Behavior\WriteHtmlCacheBehavior [ RunTime:0.000071s ]
INFO: [ view_filter ] --END-- [ RunTime:0.000082s ]
INFO: [ app_end ] --START--
INFO: Run Behavior\ShowPageTraceBehavior [ RunTime:0.000244s ]
INFO: [ app_end ] --END-- [ RunTime:0.000258s ]

[ 2017-11-14T22:12:48+08:00 ] 114.83.68.204 /admin.php/Home/Index/index/p/3.html
INFO: [ app_init ] --START--
INFO: Run Behavior\BuildLiteBehavior [ RunTime:0.000006s ]
INFO: [ app_init ] --END-- [ RunTime:0.000184s ]
INFO: [ app_begin ] --START--
INFO: Run Behavior\ReadHtmlCacheBehavior [ RunTime:0.000228s ]
INFO: [ app_begin ] --END-- [ RunTime:0.000245s ]
SQL: SHOW COLUMNS FROM `hqjhc_staffs` [ RunTime:0.0005s ]
SQL: SHOW COLUMNS FROM `hqjhc_staffs` [ RunTime:0.0003s ]
SQL: SELECT * FROM `hqjhc_staffs` WHERE `stffid` = 6 LIMIT 1   [ RunTime:0.0002s ]
SQL: SHOW COLUMNS FROM `hqjhc_logs_staffs_logins` [ RunTime:0.0003s ]
NOTIC: [8] Undefined variable: con /home/www/hqjhc/backend/Home/Controller/IndexController.class.php 第 9 行.
SQL: SELECT COUNT(*) AS tp_count FROM `hqjhc_logs_staffs_logins` LIMIT 1   [ RunTime:0.0001s ]
NOTIC: [8] Undefined variable: con /home/www/hqjhc/backend/Home/Controller/IndexController.class.php 第 13 行.
SQL: SELECT * FROM `hqjhc_logs_staffs_logins` ORDER BY `loginid` desc LIMIT 20,10   [ RunTime:0.0002s ]
SQL: SHOW COLUMNS FROM `hqjhc_staffs` [ RunTime:0.0003s ]
SQL: SELECT * FROM `hqjhc_staffs` WHERE `stffid` = 6 LIMIT 1   [ RunTime:0.0002s ]
SQL: SHOW COLUMNS FROM `hqjhc_staffs` [ RunTime:0.0003s ]
SQL: SELECT * FROM `hqjhc_staffs` WHERE `stffid` = 6 LIMIT 1   [ RunTime:0.0002s ]
SQL: SHOW COLUMNS FROM `hqjhc_staffs` [ RunTime:0.0003s ]
SQL: SELECT * FROM `hqjhc_staffs` WHERE `stffid` = 6 LIMIT 1   [ RunTime:0.0002s ]
SQL: SHOW COLUMNS FROM `hqjhc_staffs` [ RunTime:0.0003s ]
SQL: SELECT * FROM `hqjhc_staffs` WHERE `stffid` = 6 LIMIT 1   [ RunTime:0.0002s ]
INFO: [ view_parse ] --START--
INFO: [ template_filter ] --START--
INFO: Run Behavior\ContentReplaceBehavior [ RunTime:0.000077s ]
INFO: [ template_filter ] --END-- [ RunTime:0.000092s ]
INFO: Run Behavior\ParseTemplateBehavior [ RunTime:0.007120s ]
INFO: [ view_parse ] --END-- [ RunTime:0.007144s ]
INFO: [ view_filter ] --START--
INFO: Run Behavior\WriteHtmlCacheBehavior [ RunTime:0.000073s ]
INFO: [ view_filter ] --END-- [ RunTime:0.000084s ]
INFO: [ app_end ] --START--
INFO: Run Behavior\ShowPageTraceBehavior [ RunTime:0.000226s ]
INFO: [ app_end ] --END-- [ RunTime:0.000242s ]

[ 2017-11-14T22:13:35+08:00 ] 114.83.68.204 /admin.php/Home/Index/index/p/3.html
INFO: [ app_init ] --START--
INFO: Run Behavior\BuildLiteBehavior [ RunTime:0.000006s ]
INFO: [ app_init ] --END-- [ RunTime:0.000151s ]
INFO: [ app_begin ] --START--
INFO: Run Behavior\ReadHtmlCacheBehavior [ RunTime:0.000206s ]
INFO: [ app_begin ] --END-- [ RunTime:0.000222s ]
SQL: SHOW COLUMNS FROM `hqjhc_staffs` [ RunTime:0.0005s ]
SQL: SHOW COLUMNS FROM `hqjhc_staffs` [ RunTime:0.0003s ]
SQL: SELECT * FROM `hqjhc_staffs` WHERE `stffid` = 6 LIMIT 1   [ RunTime:0.0002s ]
SQL: SHOW COLUMNS FROM `hqjhc_logs_staffs_logins` [ RunTime:0.0003s ]
NOTIC: [8] Undefined variable: con /home/www/hqjhc/backend/Home/Controller/IndexController.class.php 第 9 行.
SQL: SELECT COUNT(*) AS tp_count FROM `hqjhc_logs_staffs_logins` LIMIT 1   [ RunTime:0.0001s ]
NOTIC: [8] Undefined variable: con /home/www/hqjhc/backend/Home/Controller/IndexController.class.php 第 13 行.
SQL: SELECT * FROM `hqjhc_logs_staffs_logins` ORDER BY `loginid` desc LIMIT 20,10   [ RunTime:0.0001s ]
SQL: SHOW COLUMNS FROM `hqjhc_staffs` [ RunTime:0.0003s ]
SQL: SELECT * FROM `hqjhc_staffs` WHERE `stffid` = 6 LIMIT 1   [ RunTime:0.0002s ]
SQL: SHOW COLUMNS FROM `hqjhc_staffs` [ RunTime:0.0003s ]
SQL: SELECT * FROM `hqjhc_staffs` WHERE `stffid` = 6 LIMIT 1   [ RunTime:0.0001s ]
SQL: SHOW COLUMNS FROM `hqjhc_staffs` [ RunTime:0.0003s ]
SQL: SELECT * FROM `hqjhc_staffs` WHERE `stffid` = 6 LIMIT 1   [ RunTime:0.0001s ]
SQL: SHOW COLUMNS FROM `hqjhc_staffs` [ RunTime:0.0003s ]
SQL: SELECT * FROM `hqjhc_staffs` WHERE `stffid` = 6 LIMIT 1   [ RunTime:0.0001s ]
INFO: [ view_parse ] --START--
INFO: [ template_filter ] --START--
INFO: Run Behavior\ContentReplaceBehavior [ RunTime:0.000083s ]
INFO: [ template_filter ] --END-- [ RunTime:0.000099s ]
INFO: Run Behavior\ParseTemplateBehavior [ RunTime:0.007090s ]
INFO: [ view_parse ] --END-- [ RunTime:0.007105s ]
INFO: [ view_filter ] --START--
INFO: Run Behavior\WriteHtmlCacheBehavior [ RunTime:0.000079s ]
INFO: [ view_filter ] --END-- [ RunTime:0.000090s ]
INFO: [ app_end ] --START--
INFO: Run Behavior\ShowPageTraceBehavior [ RunTime:0.000229s ]
INFO: [ app_end ] --END-- [ RunTime:0.000243s ]

[ 2017-11-14T22:15:08+08:00 ] 114.83.68.204 /admin.php/Home/Index/index/p/3.html
INFO: [ app_init ] --START--
INFO: Run Behavior\BuildLiteBehavior [ RunTime:0.000006s ]
INFO: [ app_init ] --END-- [ RunTime:0.000169s ]
INFO: [ app_begin ] --START--
INFO: Run Behavior\ReadHtmlCacheBehavior [ RunTime:0.000199s ]
INFO: [ app_begin ] --END-- [ RunTime:0.000215s ]
SQL: SHOW COLUMNS FROM `hqjhc_staffs` [ RunTime:0.0005s ]
SQL: SHOW COLUMNS FROM `hqjhc_staffs` [ RunTime:0.0003s ]
SQL: SELECT * FROM `hqjhc_staffs` WHERE `stffid` = 6 LIMIT 1   [ RunTime:0.0002s ]
SQL: SHOW COLUMNS FROM `hqjhc_logs_staffs_logins` [ RunTime:0.0003s ]
NOTIC: [8] Undefined variable: con /home/www/hqjhc/backend/Home/Controller/IndexController.class.php 第 9 行.
SQL: SELECT COUNT(*) AS tp_count FROM `hqjhc_logs_staffs_logins` LIMIT 1   [ RunTime:0.0001s ]
NOTIC: [8] Undefined variable: con /home/www/hqjhc/backend/Home/Controller/IndexController.class.php 第 13 行.
SQL: SELECT * FROM `hqjhc_logs_staffs_logins` ORDER BY `loginid` desc LIMIT 20,10   [ RunTime:0.0001s ]
SQL: SHOW COLUMNS FROM `hqjhc_staffs` [ RunTime:0.0003s ]
SQL: SELECT * FROM `hqjhc_staffs` WHERE `stffid` = 6 LIMIT 1   [ RunTime:0.0001s ]
SQL: SHOW COLUMNS FROM `hqjhc_staffs` [ RunTime:0.0003s ]
SQL: SELECT * FROM `hqjhc_staffs` WHERE `stffid` = 6 LIMIT 1   [ RunTime:0.0002s ]
SQL: SHOW COLUMNS FROM `hqjhc_staffs` [ RunTime:0.0003s ]
SQL: SELECT * FROM `hqjhc_staffs` WHERE `stffid` = 6 LIMIT 1   [ RunTime:0.0001s ]
SQL: SHOW COLUMNS FROM `hqjhc_staffs` [ RunTime:0.0003s ]
SQL: SELECT * FROM `hqjhc_staffs` WHERE `stffid` = 6 LIMIT 1   [ RunTime:0.0002s ]
INFO: [ view_parse ] --START--
INFO: [ template_filter ] --START--
INFO: Run Behavior\ContentReplaceBehavior [ RunTime:0.000081s ]
INFO: [ template_filter ] --END-- [ RunTime:0.000095s ]
INFO: Run Behavior\ParseTemplateBehavior [ RunTime:0.006893s ]
INFO: [ view_parse ] --END-- [ RunTime:0.006909s ]
INFO: [ view_filter ] --START--
INFO: Run Behavior\WriteHtmlCacheBehavior [ RunTime:0.000071s ]
INFO: [ view_filter ] --END-- [ RunTime:0.000082s ]
INFO: [ app_end ] --START--
INFO: Run Behavior\ShowPageTraceBehavior [ RunTime:0.000228s ]
INFO: [ app_end ] --END-- [ RunTime:0.000242s ]

[ 2017-11-14T22:45:15+08:00 ] 114.83.68.204 /admin.php/Home/Index/index.html
INFO: [ app_init ] --START--
INFO: Run Behavior\BuildLiteBehavior [ RunTime:0.000005s ]
INFO: [ app_init ] --END-- [ RunTime:0.000149s ]
INFO: [ app_begin ] --START--
INFO: Run Behavior\ReadHtmlCacheBehavior [ RunTime:0.000201s ]
INFO: [ app_begin ] --END-- [ RunTime:0.000217s ]
SQL: SHOW COLUMNS FROM `hqjhc_staffs` [ RunTime:0.0004s ]
SQL: SHOW COLUMNS FROM `hqjhc_staffs` [ RunTime:0.0003s ]
SQL: SELECT * FROM `hqjhc_staffs` WHERE `stffid` = 6 LIMIT 1   [ RunTime:0.0002s ]
SQL: SHOW COLUMNS FROM `hqjhc_logs_staffs_logins` [ RunTime:0.0003s ]
NOTIC: [8] Undefined variable: con /home/www/hqjhc/backend/Home/Controller/IndexController.class.php 第 9 行.
SQL: SELECT COUNT(*) AS tp_count FROM `hqjhc_logs_staffs_logins` LIMIT 1   [ RunTime:0.0001s ]
NOTIC: [8] Undefined variable: con /home/www/hqjhc/backend/Home/Controller/IndexController.class.php 第 13 行.
SQL: SELECT * FROM `hqjhc_logs_staffs_logins` ORDER BY `loginid` desc LIMIT 0,10   [ RunTime:0.0002s ]
SQL: SHOW COLUMNS FROM `hqjhc_staffs` [ RunTime:0.0003s ]
SQL: SELECT * FROM `hqjhc_staffs` WHERE `stffid` = 6 LIMIT 1   [ RunTime:0.0002s ]
SQL: SHOW COLUMNS FROM `hqjhc_staffs` [ RunTime:0.0003s ]
SQL: SELECT * FROM `hqjhc_staffs` WHERE `stffid` = 6 LIMIT 1   [ RunTime:0.0002s ]
SQL: SHOW COLUMNS FROM `hqjhc_staffs` [ RunTime:0.0004s ]
SQL: SELECT * FROM `hqjhc_staffs` WHERE `stffid` = 6 LIMIT 1   [ RunTime:0.0002s ]
SQL: SHOW COLUMNS FROM `hqjhc_staffs` [ RunTime:0.0003s ]
SQL: SELECT * FROM `hqjhc_staffs` WHERE `stffid` = 6 LIMIT 1   [ RunTime:0.0002s ]
SQL: SHOW COLUMNS FROM `hqjhc_staffs` [ RunTime:0.0003s ]
SQL: SELECT * FROM `hqjhc_staffs` WHERE `stffid` = 6 LIMIT 1   [ RunTime:0.0002s ]
SQL: SHOW COLUMNS FROM `hqjhc_staffs` [ RunTime:0.0003s ]
SQL: SELECT * FROM `hqjhc_staffs` WHERE `stffid` = 6 LIMIT 1   [ RunTime:0.0002s ]
SQL: SHOW COLUMNS FROM `hqjhc_staffs` [ RunTime:0.0003s ]
SQL: SELECT * FROM `hqjhc_staffs` WHERE `stffid` = 6 LIMIT 1   [ RunTime:0.0002s ]
SQL: SHOW COLUMNS FROM `hqjhc_staffs` [ RunTime:0.0003s ]
SQL: SELECT * FROM `hqjhc_staffs` WHERE `stffid` = 6 LIMIT 1   [ RunTime:0.0002s ]
SQL: SHOW COLUMNS FROM `hqjhc_staffs` [ RunTime:0.0003s ]
SQL: SELECT * FROM `hqjhc_staffs` WHERE `stffid` = 6 LIMIT 1   [ RunTime:0.0002s ]
SQL: SHOW COLUMNS FROM `hqjhc_staffs` [ RunTime:0.0003s ]
SQL: SELECT * FROM `hqjhc_staffs` WHERE `stffid` = 6 LIMIT 1   [ RunTime:0.0002s ]
INFO: [ view_parse ] --START--
INFO: [ template_filter ] --START--
INFO: Run Behavior\ContentReplaceBehavior [ RunTime:0.000082s ]
INFO: [ template_filter ] --END-- [ RunTime:0.000098s ]
INFO: Run Behavior\ParseTemplateBehavior [ RunTime:0.007392s ]
INFO: [ view_parse ] --END-- [ RunTime:0.007410s ]
INFO: [ view_filter ] --START--
INFO: Run Behavior\WriteHtmlCacheBehavior [ RunTime:0.000074s ]
INFO: [ view_filter ] --END-- [ RunTime:0.000086s ]
INFO: [ app_end ] --START--
INFO: Run Behavior\ShowPageTraceBehavior [ RunTime:0.000228s ]
INFO: [ app_end ] --END-- [ RunTime:0.000243s ]

[ 2017-11-14T22:46:44+08:00 ] 114.83.68.204 /admin.php/Home/Index/index.html
INFO: [ app_init ] --START--
INFO: Run Behavior\BuildLiteBehavior [ RunTime:0.000007s ]
INFO: [ app_init ] --END-- [ RunTime:0.000171s ]
INFO: [ app_begin ] --START--
INFO: Run Behavior\ReadHtmlCacheBehavior [ RunTime:0.000236s ]
INFO: [ app_begin ] --END-- [ RunTime:0.000253s ]
SQL: SHOW COLUMNS FROM `hqjhc_staffs` [ RunTime:0.0005s ]
SQL: SHOW COLUMNS FROM `hqjhc_staffs` [ RunTime:0.0003s ]
SQL: SELECT * FROM `hqjhc_staffs` WHERE `stffid` = 6 LIMIT 1   [ RunTime:0.0002s ]
SQL: SHOW COLUMNS FROM `hqjhc_logs_staffs_logins` [ RunTime:0.0003s ]
NOTIC: [8] Undefined variable: con /home/www/hqjhc/backend/Home/Controller/IndexController.class.php 第 9 行.
SQL: SELECT COUNT(*) AS tp_count FROM `hqjhc_logs_staffs_logins` LIMIT 1   [ RunTime:0.0001s ]
NOTIC: [8] Undefined variable: con /home/www/hqjhc/backend/Home/Controller/IndexController.class.php 第 13 行.
SQL: SELECT * FROM `hqjhc_logs_staffs_logins` ORDER BY `loginid` desc LIMIT 0,10   [ RunTime:0.0002s ]
SQL: SHOW COLUMNS FROM `hqjhc_staffs` [ RunTime:0.0003s ]
SQL: SELECT * FROM `hqjhc_staffs` WHERE `stffid` = 6 LIMIT 1   [ RunTime:0.0001s ]
SQL: SHOW COLUMNS FROM `hqjhc_staffs` [ RunTime:0.0003s ]
SQL: SELECT * FROM `hqjhc_staffs` WHERE `stffid` = 6 LIMIT 1   [ RunTime:0.0002s ]
SQL: SHOW COLUMNS FROM `hqjhc_staffs` [ RunTime:0.0003s ]
SQL: SELECT * FROM `hqjhc_staffs` WHERE `stffid` = 6 LIMIT 1   [ RunTime:0.0001s ]
SQL: SHOW COLUMNS FROM `hqjhc_staffs` [ RunTime:0.0003s ]
SQL: SELECT * FROM `hqjhc_staffs` WHERE `stffid` = 6 LIMIT 1   [ RunTime:0.0001s ]
SQL: SHOW COLUMNS FROM `hqjhc_staffs` [ RunTime:0.0003s ]
SQL: SELECT * FROM `hqjhc_staffs` WHERE `stffid` = 6 LIMIT 1   [ RunTime:0.0002s ]
SQL: SHOW COLUMNS FROM `hqjhc_staffs` [ RunTime:0.0003s ]
SQL: SELECT * FROM `hqjhc_staffs` WHERE `stffid` = 6 LIMIT 1   [ RunTime:0.0001s ]
SQL: SHOW COLUMNS FROM `hqjhc_staffs` [ RunTime:0.0003s ]
SQL: SELECT * FROM `hqjhc_staffs` WHERE `stffid` = 6 LIMIT 1   [ RunTime:0.0002s ]
SQL: SHOW COLUMNS FROM `hqjhc_staffs` [ RunTime:0.0003s ]
SQL: SELECT * FROM `hqjhc_staffs` WHERE `stffid` = 6 LIMIT 1   [ RunTime:0.0001s ]
SQL: SHOW COLUMNS FROM `hqjhc_staffs` [ RunTime:0.0003s ]
SQL: SELECT * FROM `hqjhc_staffs` WHERE `stffid` = 6 LIMIT 1   [ RunTime:0.0001s ]
SQL: SHOW COLUMNS FROM `hqjhc_staffs` [ RunTime:0.0003s ]
SQL: SELECT * FROM `hqjhc_staffs` WHERE `stffid` = 6 LIMIT 1   [ RunTime:0.0001s ]
INFO: [ view_parse ] --START--
INFO: [ template_filter ] --START--
INFO: Run Behavior\ContentReplaceBehavior [ RunTime:0.000085s ]
INFO: [ template_filter ] --END-- [ RunTime:0.000101s ]
INFO: Run Behavior\ParseTemplateBehavior [ RunTime:0.007344s ]
INFO: [ view_parse ] --END-- [ RunTime:0.007360s ]
INFO: [ view_filter ] --START--
INFO: Run Behavior\WriteHtmlCacheBehavior [ RunTime:0.000080s ]
INFO: [ view_filter ] --END-- [ RunTime:0.000091s ]
INFO: [ app_end ] --START--
INFO: Run Behavior\ShowPageTraceBehavior [ RunTime:0.000225s ]
INFO: [ app_end ] --END-- [ RunTime:0.000240s ]

[ 2017-11-14T22:48:43+08:00 ] 114.83.68.204 /admin.php/Home/Index/index.html
INFO: [ app_init ] --START--
INFO: Run Behavior\BuildLiteBehavior [ RunTime:0.000006s ]
INFO: [ app_init ] --END-- [ RunTime:0.000153s ]
INFO: [ app_begin ] --START--
INFO: Run Behavior\ReadHtmlCacheBehavior [ RunTime:0.000212s ]
INFO: [ app_begin ] --END-- [ RunTime:0.000228s ]
SQL: SHOW COLUMNS FROM `hqjhc_staffs` [ RunTime:0.0005s ]
SQL: SHOW COLUMNS FROM `hqjhc_staffs` [ RunTime:0.0003s ]
SQL: SELECT * FROM `hqjhc_staffs` WHERE `stffid` = 6 LIMIT 1   [ RunTime:0.0002s ]
SQL: SHOW COLUMNS FROM `hqjhc_logs_staffs_logins` [ RunTime:0.0002s ]
NOTIC: [8] Undefined variable: con /home/www/hqjhc/backend/Home/Controller/IndexController.class.php 第 9 行.
SQL: SELECT COUNT(*) AS tp_count FROM `hqjhc_logs_staffs_logins` LIMIT 1   [ RunTime:0.0001s ]
NOTIC: [8] Undefined variable: con /home/www/hqjhc/backend/Home/Controller/IndexController.class.php 第 13 行.
SQL: SELECT * FROM `hqjhc_logs_staffs_logins` ORDER BY `loginid` desc LIMIT 0,10   [ RunTime:0.0001s ]
SQL: SHOW COLUMNS FROM `hqjhc_staffs` [ RunTime:0.0003s ]
SQL: SELECT * FROM `hqjhc_staffs` WHERE `stffid` = 6 LIMIT 1   [ RunTime:0.0001s ]
SQL: SHOW COLUMNS FROM `hqjhc_staffs` [ RunTime:0.0003s ]
SQL: SELECT * FROM `hqjhc_staffs` WHERE `stffid` = 6 LIMIT 1   [ RunTime:0.0001s ]
SQL: SHOW COLUMNS FROM `hqjhc_staffs` [ RunTime:0.0003s ]
SQL: SELECT * FROM `hqjhc_staffs` WHERE `stffid` = 6 LIMIT 1   [ RunTime:0.0002s ]
SQL: SHOW COLUMNS FROM `hqjhc_staffs` [ RunTime:0.0003s ]
SQL: SELECT * FROM `hqjhc_staffs` WHERE `stffid` = 6 LIMIT 1   [ RunTime:0.0001s ]
SQL: SHOW COLUMNS FROM `hqjhc_staffs` [ RunTime:0.0003s ]
SQL: SELECT * FROM `hqjhc_staffs` WHERE `stffid` = 6 LIMIT 1   [ RunTime:0.0001s ]
SQL: SHOW COLUMNS FROM `hqjhc_staffs` [ RunTime:0.0003s ]
SQL: SELECT * FROM `hqjhc_staffs` WHERE `stffid` = 6 LIMIT 1   [ RunTime:0.0001s ]
SQL: SHOW COLUMNS FROM `hqjhc_staffs` [ RunTime:0.0003s ]
SQL: SELECT * FROM `hqjhc_staffs` WHERE `stffid` = 6 LIMIT 1   [ RunTime:0.0002s ]
SQL: SHOW COLUMNS FROM `hqjhc_staffs` [ RunTime:0.0003s ]
SQL: SELECT * FROM `hqjhc_staffs` WHERE `stffid` = 6 LIMIT 1   [ RunTime:0.0001s ]
SQL: SHOW COLUMNS FROM `hqjhc_staffs` [ RunTime:0.0003s ]
SQL: SELECT * FROM `hqjhc_staffs` WHERE `stffid` = 6 LIMIT 1   [ RunTime:0.0001s ]
SQL: SHOW COLUMNS FROM `hqjhc_staffs` [ RunTime:0.0003s ]
SQL: SELECT * FROM `hqjhc_staffs` WHERE `stffid` = 6 LIMIT 1   [ RunTime:0.0002s ]
INFO: [ view_parse ] --START--
INFO: [ template_filter ] --START--
INFO: Run Behavior\ContentReplaceBehavior [ RunTime:0.000081s ]
INFO: [ template_filter ] --END-- [ RunTime:0.000095s ]
INFO: Run Behavior\ParseTemplateBehavior [ RunTime:0.007354s ]
INFO: [ view_parse ] --END-- [ RunTime:0.007370s ]
INFO: [ view_filter ] --START--
INFO: Run Behavior\WriteHtmlCacheBehavior [ RunTime:0.000072s ]
INFO: [ view_filter ] --END-- [ RunTime:0.000082s ]
INFO: [ app_end ] --START--
INFO: Run Behavior\ShowPageTraceBehavior [ RunTime:0.000226s ]
INFO: [ app_end ] --END-- [ RunTime:0.000240s ]

[ 2017-11-14T22:53:14+08:00 ] 114.83.68.204 /admin.php/Home/Index/index.html
INFO: [ app_init ] --START--
INFO: Run Behavior\BuildLiteBehavior [ RunTime:0.000006s ]
INFO: [ app_init ] --END-- [ RunTime:0.000169s ]
INFO: [ app_begin ] --START--
INFO: Run Behavior\ReadHtmlCacheBehavior [ RunTime:0.000211s ]
INFO: [ app_begin ] --END-- [ RunTime:0.000227s ]
SQL: SHOW COLUMNS FROM `hqjhc_staffs` [ RunTime:0.0005s ]
SQL: SHOW COLUMNS FROM `hqjhc_staffs` [ RunTime:0.0003s ]
SQL: SELECT * FROM `hqjhc_staffs` WHERE `stffid` = 6 LIMIT 1   [ RunTime:0.0002s ]
SQL: SHOW COLUMNS FROM `hqjhc_logs_staffs_logins` [ RunTime:0.0003s ]
NOTIC: [8] Undefined variable: con /home/www/hqjhc/backend/Home/Controller/IndexController.class.php 第 9 行.
SQL: SELECT COUNT(*) AS tp_count FROM `hqjhc_logs_staffs_logins` LIMIT 1   [ RunTime:0.0001s ]
NOTIC: [8] Undefined variable: con /home/www/hqjhc/backend/Home/Controller/IndexController.class.php 第 13 行.
SQL: SELECT * FROM `hqjhc_logs_staffs_logins` ORDER BY `loginid` desc LIMIT 0,10   [ RunTime:0.0001s ]
SQL: SHOW COLUMNS FROM `hqjhc_staffs` [ RunTime:0.0003s ]
SQL: SELECT * FROM `hqjhc_staffs` WHERE `stffid` = 6 LIMIT 1   [ RunTime:0.0001s ]
SQL: SHOW COLUMNS FROM `hqjhc_staffs` [ RunTime:0.0003s ]
SQL: SELECT * FROM `hqjhc_staffs` WHERE `stffid` = 6 LIMIT 1   [ RunTime:0.0001s ]
SQL: SHOW COLUMNS FROM `hqjhc_staffs` [ RunTime:0.0003s ]
SQL: SELECT * FROM `hqjhc_staffs` WHERE `stffid` = 6 LIMIT 1   [ RunTime:0.0001s ]
SQL: SHOW COLUMNS FROM `hqjhc_staffs` [ RunTime:0.0003s ]
SQL: SELECT * FROM `hqjhc_staffs` WHERE `stffid` = 6 LIMIT 1   [ RunTime:0.0002s ]
SQL: SHOW COLUMNS FROM `hqjhc_staffs` [ RunTime:0.0003s ]
SQL: SELECT * FROM `hqjhc_staffs` WHERE `stffid` = 6 LIMIT 1   [ RunTime:0.0001s ]
SQL: SHOW COLUMNS FROM `hqjhc_staffs` [ RunTime:0.0003s ]
SQL: SELECT * FROM `hqjhc_staffs` WHERE `stffid` = 6 LIMIT 1   [ RunTime:0.0002s ]
SQL: SHOW COLUMNS FROM `hqjhc_staffs` [ RunTime:0.0003s ]
SQL: SELECT * FROM `hqjhc_staffs` WHERE `stffid` = 6 LIMIT 1   [ RunTime:0.0001s ]
SQL: SHOW COLUMNS FROM `hqjhc_staffs` [ RunTime:0.0003s ]
SQL: SELECT * FROM `hqjhc_staffs` WHERE `stffid` = 6 LIMIT 1   [ RunTime:0.0001s ]
SQL: SHOW COLUMNS FROM `hqjhc_staffs` [ RunTime:0.0003s ]
SQL: SELECT * FROM `hqjhc_staffs` WHERE `stffid` = 6 LIMIT 1   [ RunTime:0.0001s ]
SQL: SHOW COLUMNS FROM `hqjhc_staffs` [ RunTime:0.0003s ]
SQL: SELECT * FROM `hqjhc_staffs` WHERE `stffid` = 6 LIMIT 1   [ RunTime:0.0001s ]
INFO: [ view_parse ] --START--
INFO: [ template_filter ] --START--
INFO: Run Behavior\ContentReplaceBehavior [ RunTime:0.000082s ]
INFO: [ template_filter ] --END-- [ RunTime:0.000096s ]
INFO: Run Behavior\ParseTemplateBehavior [ RunTime:0.007359s ]
INFO: [ view_parse ] --END-- [ RunTime:0.007374s ]
INFO: [ view_filter ] --START--
INFO: Run Behavior\WriteHtmlCacheBehavior [ RunTime:0.000070s ]
INFO: [ view_filter ] --END-- [ RunTime:0.000080s ]
INFO: [ app_end ] --START--
INFO: Run Behavior\ShowPageTraceBehavior [ RunTime:0.000240s ]
INFO: [ app_end ] --END-- [ RunTime:0.000253s ]

[ 2017-11-14T22:54:19+08:00 ] 114.83.68.204 /admin.php/Home/Index/index.html
INFO: [ app_init ] --START--
INFO: Run Behavior\BuildLiteBehavior [ RunTime:0.000006s ]
INFO: [ app_init ] --END-- [ RunTime:0.000170s ]
INFO: [ app_begin ] --START--
INFO: Run Behavior\ReadHtmlCacheBehavior [ RunTime:0.000205s ]
INFO: [ app_begin ] --END-- [ RunTime:0.000221s ]
SQL: SHOW COLUMNS FROM `hqjhc_staffs` [ RunTime:0.0005s ]
SQL: SHOW COLUMNS FROM `hqjhc_staffs` [ RunTime:0.0003s ]
SQL: SELECT * FROM `hqjhc_staffs` WHERE `stffid` = 6 LIMIT 1   [ RunTime:0.0002s ]
SQL: SHOW COLUMNS FROM `hqjhc_logs_staffs_logins` [ RunTime:0.0003s ]
NOTIC: [8] Undefined variable: con /home/www/hqjhc/backend/Home/Controller/IndexController.class.php 第 9 行.
SQL: SELECT COUNT(*) AS tp_count FROM `hqjhc_logs_staffs_logins` LIMIT 1   [ RunTime:0.0001s ]
NOTIC: [8] Undefined variable: con /home/www/hqjhc/backend/Home/Controller/IndexController.class.php 第 13 行.
SQL: SELECT * FROM `hqjhc_logs_staffs_logins` ORDER BY `loginid` desc LIMIT 0,10   [ RunTime:0.0001s ]
SQL: SHOW COLUMNS FROM `hqjhc_staffs` [ RunTime:0.0003s ]
SQL: SELECT * FROM `hqjhc_staffs` WHERE `stffid` = 6 LIMIT 1   [ RunTime:0.0001s ]
SQL: SHOW COLUMNS FROM `hqjhc_staffs` [ RunTime:0.0003s ]
SQL: SELECT * FROM `hqjhc_staffs` WHERE `stffid` = 6 LIMIT 1   [ RunTime:0.0001s ]
SQL: SHOW COLUMNS FROM `hqjhc_staffs` [ RunTime:0.0003s ]
SQL: SELECT * FROM `hqjhc_staffs` WHERE `stffid` = 6 LIMIT 1   [ RunTime:0.0001s ]
SQL: SHOW COLUMNS FROM `hqjhc_staffs` [ RunTime:0.0003s ]
SQL: SELECT * FROM `hqjhc_staffs` WHERE `stffid` = 6 LIMIT 1   [ RunTime:0.0002s ]
SQL: SHOW COLUMNS FROM `hqjhc_staffs` [ RunTime:0.0003s ]
SQL: SELECT * FROM `hqjhc_staffs` WHERE `stffid` = 6 LIMIT 1   [ RunTime:0.0001s ]
SQL: SHOW COLUMNS FROM `hqjhc_staffs` [ RunTime:0.0003s ]
SQL: SELECT * FROM `hqjhc_staffs` WHERE `stffid` = 6 LIMIT 1   [ RunTime:0.0001s ]
SQL: SHOW COLUMNS FROM `hqjhc_staffs` [ RunTime:0.0003s ]
SQL: SELECT * FROM `hqjhc_staffs` WHERE `stffid` = 6 LIMIT 1   [ RunTime:0.0001s ]
SQL: SHOW COLUMNS FROM `hqjhc_staffs` [ RunTime:0.0003s ]
SQL: SELECT * FROM `hqjhc_staffs` WHERE `stffid` = 6 LIMIT 1   [ RunTime:0.0002s ]
SQL: SHOW COLUMNS FROM `hqjhc_staffs` [ RunTime:0.0003s ]
SQL: SELECT * FROM `hqjhc_staffs` WHERE `stffid` = 6 LIMIT 1   [ RunTime:0.0001s ]
SQL: SHOW COLUMNS FROM `hqjhc_staffs` [ RunTime:0.0003s ]
SQL: SELECT * FROM `hqjhc_staffs` WHERE `stffid` = 6 LIMIT 1   [ RunTime:0.0002s ]
INFO: [ view_parse ] --START--
INFO: [ template_filter ] --START--
INFO: Run Behavior\ContentReplaceBehavior [ RunTime:0.000085s ]
INFO: [ template_filter ] --END-- [ RunTime:0.000101s ]
INFO: Run Behavior\ParseTemplateBehavior [ RunTime:0.006411s ]
INFO: [ view_parse ] --END-- [ RunTime:0.006426s ]
INFO: [ view_filter ] --START--
INFO: Run Behavior\WriteHtmlCacheBehavior [ RunTime:0.000069s ]
INFO: [ view_filter ] --END-- [ RunTime:0.000079s ]
INFO: [ app_end ] --START--
INFO: Run Behavior\ShowPageTraceBehavior [ RunTime:0.000226s ]
INFO: [ app_end ] --END-- [ RunTime:0.000249s ]

[ 2017-11-14T22:55:32+08:00 ] 114.83.68.204 /admin.php/Home/Index/index.html
INFO: [ app_init ] --START--
INFO: Run Behavior\BuildLiteBehavior [ RunTime:0.000006s ]
INFO: [ app_init ] --END-- [ RunTime:0.000166s ]
INFO: [ app_begin ] --START--
INFO: Run Behavior\ReadHtmlCacheBehavior [ RunTime:0.000221s ]
INFO: [ app_begin ] --END-- [ RunTime:0.000238s ]
SQL: SHOW COLUMNS FROM `hqjhc_staffs` [ RunTime:0.0005s ]
SQL: SHOW COLUMNS FROM `hqjhc_staffs` [ RunTime:0.0003s ]
SQL: SELECT * FROM `hqjhc_staffs` WHERE `stffid` = 6 LIMIT 1   [ RunTime:0.0002s ]
SQL: SHOW COLUMNS FROM `hqjhc_logs_staffs_logins` [ RunTime:0.0003s ]
NOTIC: [8] Undefined variable: con /home/www/hqjhc/backend/Home/Controller/IndexController.class.php 第 9 行.
SQL: SELECT COUNT(*) AS tp_count FROM `hqjhc_logs_staffs_logins` LIMIT 1   [ RunTime:0.0001s ]
NOTIC: [8] Undefined variable: con /home/www/hqjhc/backend/Home/Controller/IndexController.class.php 第 13 行.
SQL: SELECT * FROM `hqjhc_logs_staffs_logins` ORDER BY `loginid` desc LIMIT 0,10   [ RunTime:0.0002s ]
SQL: SHOW COLUMNS FROM `hqjhc_staffs` [ RunTime:0.0003s ]
SQL: SELECT * FROM `hqjhc_staffs` WHERE `stffid` = 6 LIMIT 1   [ RunTime:0.0002s ]
SQL: SHOW COLUMNS FROM `hqjhc_staffs` [ RunTime:0.0003s ]
SQL: SELECT * FROM `hqjhc_staffs` WHERE `stffid` = 6 LIMIT 1   [ RunTime:0.0002s ]
SQL: SHOW COLUMNS FROM `hqjhc_staffs` [ RunTime:0.0003s ]
SQL: SELECT * FROM `hqjhc_staffs` WHERE `stffid` = 6 LIMIT 1   [ RunTime:0.0002s ]
SQL: SHOW COLUMNS FROM `hqjhc_staffs` [ RunTime:0.0003s ]
SQL: SELECT * FROM `hqjhc_staffs` WHERE `stffid` = 6 LIMIT 1   [ RunTime:0.0002s ]
SQL: SHOW COLUMNS FROM `hqjhc_staffs` [ RunTime:0.0003s ]
SQL: SELECT * FROM `hqjhc_staffs` WHERE `stffid` = 6 LIMIT 1   [ RunTime:0.0002s ]
SQL: SHOW COLUMNS FROM `hqjhc_staffs` [ RunTime:0.0003s ]
SQL: SELECT * FROM `hqjhc_staffs` WHERE `stffid` = 6 LIMIT 1   [ RunTime:0.0002s ]
SQL: SHOW COLUMNS FROM `hqjhc_staffs` [ RunTime:0.0003s ]
SQL: SELECT * FROM `hqjhc_staffs` WHERE `stffid` = 6 LIMIT 1   [ RunTime:0.0002s ]
SQL: SHOW COLUMNS FROM `hqjhc_staffs` [ RunTime:0.0003s ]
SQL: SELECT * FROM `hqjhc_staffs` WHERE `stffid` = 6 LIMIT 1   [ RunTime:0.0002s ]
SQL: SHOW COLUMNS FROM `hqjhc_staffs` [ RunTime:0.0003s ]
SQL: SELECT * FROM `hqjhc_staffs` WHERE `stffid` = 6 LIMIT 1   [ RunTime:0.0002s ]
SQL: SHOW COLUMNS FROM `hqjhc_staffs` [ RunTime:0.0003s ]
SQL: SELECT * FROM `hqjhc_staffs` WHERE `stffid` = 6 LIMIT 1   [ RunTime:0.0002s ]
INFO: [ view_parse ] --START--
INFO: [ template_filter ] --START--
INFO: Run Behavior\ContentReplaceBehavior [ RunTime:0.000077s ]
INFO: [ template_filter ] --END-- [ RunTime:0.000093s ]
INFO: Run Behavior\ParseTemplateBehavior [ RunTime:0.007002s ]
INFO: [ view_parse ] --END-- [ RunTime:0.007019s ]
INFO: [ view_filter ] --START--
INFO: Run Behavior\WriteHtmlCacheBehavior [ RunTime:0.000073s ]
INFO: [ view_filter ] --END-- [ RunTime:0.000085s ]
INFO: [ app_end ] --START--
INFO: Run Behavior\ShowPageTraceBehavior [ RunTime:0.000245s ]
INFO: [ app_end ] --END-- [ RunTime:0.000260s ]

[ 2017-11-14T22:59:11+08:00 ] 114.83.68.204 /admin.php/Home/Index/index.html
INFO: [ app_init ] --START--
INFO: Run Behavior\BuildLiteBehavior [ RunTime:0.000006s ]
INFO: [ app_init ] --END-- [ RunTime:0.000172s ]
INFO: [ app_begin ] --START--
INFO: Run Behavior\ReadHtmlCacheBehavior [ RunTime:0.000200s ]
INFO: [ app_begin ] --END-- [ RunTime:0.000216s ]
SQL: SHOW COLUMNS FROM `hqjhc_staffs` [ RunTime:0.0005s ]
SQL: SHOW COLUMNS FROM `hqjhc_staffs` [ RunTime:0.0003s ]
SQL: SELECT * FROM `hqjhc_staffs` WHERE `stffid` = 6 LIMIT 1   [ RunTime:0.0002s ]
SQL: SHOW COLUMNS FROM `hqjhc_logs_staffs_logins` [ RunTime:0.0004s ]
NOTIC: [8] Undefined variable: con /home/www/hqjhc/backend/Home/Controller/IndexController.class.php 第 9 行.
SQL: SELECT COUNT(*) AS tp_count FROM `hqjhc_logs_staffs_logins` LIMIT 1   [ RunTime:0.0001s ]
NOTIC: [8] Undefined variable: con /home/www/hqjhc/backend/Home/Controller/IndexController.class.php 第 13 行.
SQL: SELECT * FROM `hqjhc_logs_staffs_logins` ORDER BY `loginid` desc LIMIT 0,10   [ RunTime:0.0002s ]
SQL: SHOW COLUMNS FROM `hqjhc_staffs` [ RunTime:0.0003s ]
SQL: SELECT * FROM `hqjhc_staffs` WHERE `stffid` = 6 LIMIT 1   [ RunTime:0.0002s ]
SQL: SHOW COLUMNS FROM `hqjhc_staffs` [ RunTime:0.0003s ]
SQL: SELECT * FROM `hqjhc_staffs` WHERE `stffid` = 6 LIMIT 1   [ RunTime:0.0001s ]
SQL: SHOW COLUMNS FROM `hqjhc_staffs` [ RunTime:0.0003s ]
SQL: SELECT * FROM `hqjhc_staffs` WHERE `stffid` = 6 LIMIT 1   [ RunTime:0.0002s ]
SQL: SHOW COLUMNS FROM `hqjhc_staffs` [ RunTime:0.0003s ]
SQL: SELECT * FROM `hqjhc_staffs` WHERE `stffid` = 6 LIMIT 1   [ RunTime:0.0001s ]
SQL: SHOW COLUMNS FROM `hqjhc_staffs` [ RunTime:0.0003s ]
SQL: SELECT * FROM `hqjhc_staffs` WHERE `stffid` = 6 LIMIT 1   [ RunTime:0.0002s ]
SQL: SHOW COLUMNS FROM `hqjhc_staffs` [ RunTime:0.0003s ]
SQL: SELECT * FROM `hqjhc_staffs` WHERE `stffid` = 6 LIMIT 1   [ RunTime:0.0001s ]
SQL: SHOW COLUMNS FROM `hqjhc_staffs` [ RunTime:0.0004s ]
SQL: SELECT * FROM `hqjhc_staffs` WHERE `stffid` = 6 LIMIT 1   [ RunTime:0.0002s ]
SQL: SHOW COLUMNS FROM `hqjhc_staffs` [ RunTime:0.0003s ]
SQL: SELECT * FROM `hqjhc_staffs` WHERE `stffid` = 6 LIMIT 1   [ RunTime:0.0002s ]
SQL: SHOW COLUMNS FROM `hqjhc_staffs` [ RunTime:0.0003s ]
SQL: SELECT * FROM `hqjhc_staffs` WHERE `stffid` = 6 LIMIT 1   [ RunTime:0.0001s ]
SQL: SHOW COLUMNS FROM `hqjhc_staffs` [ RunTime:0.0003s ]
SQL: SELECT * FROM `hqjhc_staffs` WHERE `stffid` = 6 LIMIT 1   [ RunTime:0.0001s ]
INFO: [ view_parse ] --START--
INFO: [ template_filter ] --START--
INFO: Run Behavior\ContentReplaceBehavior [ RunTime:0.000077s ]
INFO: [ template_filter ] --END-- [ RunTime:0.000093s ]
INFO: Run Behavior\ParseTemplateBehavior [ RunTime:0.006485s ]
INFO: [ view_parse ] --END-- [ RunTime:0.006501s ]
INFO: [ view_filter ] --START--
INFO: Run Behavior\WriteHtmlCacheBehavior [ RunTime:0.000072s ]
INFO: [ view_filter ] --END-- [ RunTime:0.000083s ]
INFO: [ app_end ] --START--
INFO: Run Behavior\ShowPageTraceBehavior [ RunTime:0.000243s ]
INFO: [ app_end ] --END-- [ RunTime:0.000258s ]

[ 2017-11-14T22:59:48+08:00 ] 114.83.68.204 /admin.php/Home/Index/index.html
INFO: [ app_init ] --START--
INFO: Run Behavior\BuildLiteBehavior [ RunTime:0.000006s ]
INFO: [ app_init ] --END-- [ RunTime:0.000159s ]
INFO: [ app_begin ] --START--
INFO: Run Behavior\ReadHtmlCacheBehavior [ RunTime:0.000205s ]
INFO: [ app_begin ] --END-- [ RunTime:0.000223s ]
SQL: SHOW COLUMNS FROM `hqjhc_staffs` [ RunTime:0.0005s ]
SQL: SHOW COLUMNS FROM `hqjhc_staffs` [ RunTime:0.0003s ]
SQL: SELECT * FROM `hqjhc_staffs` WHERE `stffid` = 6 LIMIT 1   [ RunTime:0.0002s ]
SQL: SHOW COLUMNS FROM `hqjhc_logs_staffs_logins` [ RunTime:0.0003s ]
NOTIC: [8] Undefined variable: con /home/www/hqjhc/backend/Home/Controller/IndexController.class.php 第 9 行.
SQL: SELECT COUNT(*) AS tp_count FROM `hqjhc_logs_staffs_logins` LIMIT 1   [ RunTime:0.0002s ]
NOTIC: [8] Undefined variable: con /home/www/hqjhc/backend/Home/Controller/IndexController.class.php 第 13 行.
SQL: SELECT * FROM `hqjhc_logs_staffs_logins` ORDER BY `loginid` desc LIMIT 0,10   [ RunTime:0.0002s ]
SQL: SHOW COLUMNS FROM `hqjhc_staffs` [ RunTime:0.0003s ]
SQL: SELECT * FROM `hqjhc_staffs` WHERE `stffid` = 6 LIMIT 1   [ RunTime:0.0002s ]
SQL: SHOW COLUMNS FROM `hqjhc_staffs` [ RunTime:0.0003s ]
SQL: SELECT * FROM `hqjhc_staffs` WHERE `stffid` = 6 LIMIT 1   [ RunTime:0.0002s ]
SQL: SHOW COLUMNS FROM `hqjhc_staffs` [ RunTime:0.0004s ]
SQL: SELECT * FROM `hqjhc_staffs` WHERE `stffid` = 6 LIMIT 1   [ RunTime:0.0002s ]
SQL: SHOW COLUMNS FROM `hqjhc_staffs` [ RunTime:0.0003s ]
SQL: SELECT * FROM `hqjhc_staffs` WHERE `stffid` = 6 LIMIT 1   [ RunTime:0.0002s ]
SQL: SHOW COLUMNS FROM `hqjhc_staffs` [ RunTime:0.0003s ]
SQL: SELECT * FROM `hqjhc_staffs` WHERE `stffid` = 6 LIMIT 1   [ RunTime:0.0002s ]
SQL: SHOW COLUMNS FROM `hqjhc_staffs` [ RunTime:0.0003s ]
SQL: SELECT * FROM `hqjhc_staffs` WHERE `stffid` = 6 LIMIT 1   [ RunTime:0.0002s ]
SQL: SHOW COLUMNS FROM `hqjhc_staffs` [ RunTime:0.0003s ]
SQL: SELECT * FROM `hqjhc_staffs` WHERE `stffid` = 6 LIMIT 1   [ RunTime:0.0002s ]
SQL: SHOW COLUMNS FROM `hqjhc_staffs` [ RunTime:0.0003s ]
SQL: SELECT * FROM `hqjhc_staffs` WHERE `stffid` = 6 LIMIT 1   [ RunTime:0.0002s ]
SQL: SHOW COLUMNS FROM `hqjhc_staffs` [ RunTime:0.0003s ]
SQL: SELECT * FROM `hqjhc_staffs` WHERE `stffid` = 6 LIMIT 1   [ RunTime:0.0002s ]
SQL: SHOW COLUMNS FROM `hqjhc_staffs` [ RunTime:0.0003s ]
SQL: SELECT * FROM `hqjhc_staffs` WHERE `stffid` = 6 LIMIT 1   [ RunTime:0.0002s ]
INFO: [ view_parse ] --START--
INFO: [ template_filter ] --START--
INFO: Run Behavior\ContentReplaceBehavior [ RunTime:0.000077s ]
INFO: [ template_filter ] --END-- [ RunTime:0.000094s ]
INFO: Run Behavior\ParseTemplateBehavior [ RunTime:0.006524s ]
INFO: [ view_parse ] --END-- [ RunTime:0.006542s ]
INFO: [ view_filter ] --START--
INFO: Run Behavior\WriteHtmlCacheBehavior [ RunTime:0.000076s ]
INFO: [ view_filter ] --END-- [ RunTime:0.000087s ]
INFO: [ app_end ] --START--
INFO: Run Behavior\ShowPageTraceBehavior [ RunTime:0.000229s ]
INFO: [ app_end ] --END-- [ RunTime:0.000245s ]

[ 2017-11-14T23:00:30+08:00 ] 114.83.68.204 /admin.php/Home/Index/index.html
INFO: [ app_init ] --START--
INFO: Run Behavior\BuildLiteBehavior [ RunTime:0.000007s ]
INFO: [ app_init ] --END-- [ RunTime:0.000180s ]
INFO: [ app_begin ] --START--
INFO: Run Behavior\ReadHtmlCacheBehavior [ RunTime:0.000222s ]
INFO: [ app_begin ] --END-- [ RunTime:0.000239s ]
SQL: SHOW COLUMNS FROM `hqjhc_staffs` [ RunTime:0.0005s ]
SQL: SHOW COLUMNS FROM `hqjhc_staffs` [ RunTime:0.0003s ]
SQL: SELECT * FROM `hqjhc_staffs` WHERE `stffid` = 6 LIMIT 1   [ RunTime:0.0002s ]
SQL: SHOW COLUMNS FROM `hqjhc_logs_staffs_logins` [ RunTime:0.0003s ]
NOTIC: [8] Undefined variable: con /home/www/hqjhc/backend/Home/Controller/IndexController.class.php 第 9 行.
SQL: SELECT COUNT(*) AS tp_count FROM `hqjhc_logs_staffs_logins` LIMIT 1   [ RunTime:0.0002s ]
NOTIC: [8] Undefined variable: con /home/www/hqjhc/backend/Home/Controller/IndexController.class.php 第 13 行.
SQL: SELECT * FROM `hqjhc_logs_staffs_logins` ORDER BY `loginid` desc LIMIT 0,10   [ RunTime:0.0001s ]
SQL: SHOW COLUMNS FROM `hqjhc_staffs` [ RunTime:0.0003s ]
SQL: SELECT * FROM `hqjhc_staffs` WHERE `stffid` = 6 LIMIT 1   [ RunTime:0.0002s ]
SQL: SHOW COLUMNS FROM `hqjhc_staffs` [ RunTime:0.0003s ]
SQL: SELECT * FROM `hqjhc_staffs` WHERE `stffid` = 6 LIMIT 1   [ RunTime:0.0001s ]
SQL: SHOW COLUMNS FROM `hqjhc_staffs` [ RunTime:0.0003s ]
SQL: SELECT * FROM `hqjhc_staffs` WHERE `stffid` = 6 LIMIT 1   [ RunTime:0.0001s ]
SQL: SHOW COLUMNS FROM `hqjhc_staffs` [ RunTime:0.0003s ]
SQL: SELECT * FROM `hqjhc_staffs` WHERE `stffid` = 6 LIMIT 1   [ RunTime:0.0001s ]
SQL: SHOW COLUMNS FROM `hqjhc_staffs` [ RunTime:0.0003s ]
SQL: SELECT * FROM `hqjhc_staffs` WHERE `stffid` = 6 LIMIT 1   [ RunTime:0.0002s ]
SQL: SHOW COLUMNS FROM `hqjhc_staffs` [ RunTime:0.0003s ]
SQL: SELECT * FROM `hqjhc_staffs` WHERE `stffid` = 6 LIMIT 1   [ RunTime:0.0001s ]
SQL: SHOW COLUMNS FROM `hqjhc_staffs` [ RunTime:0.0003s ]
SQL: SELECT * FROM `hqjhc_staffs` WHERE `stffid` = 6 LIMIT 1   [ RunTime:0.0001s ]
SQL: SHOW COLUMNS FROM `hqjhc_staffs` [ RunTime:0.0003s ]
SQL: SELECT * FROM `hqjhc_staffs` WHERE `stffid` = 6 LIMIT 1   [ RunTime:0.0002s ]
SQL: SHOW COLUMNS FROM `hqjhc_staffs` [ RunTime:0.0003s ]
SQL: SELECT * FROM `hqjhc_staffs` WHERE `stffid` = 6 LIMIT 1   [ RunTime:0.0002s ]
SQL: SHOW COLUMNS FROM `hqjhc_staffs` [ RunTime:0.0003s ]
SQL: SELECT * FROM `hqjhc_staffs` WHERE `stffid` = 6 LIMIT 1   [ RunTime:0.0001s ]
INFO: [ view_parse ] --START--
INFO: [ template_filter ] --START--
INFO: Run Behavior\ContentReplaceBehavior [ RunTime:0.000078s ]
INFO: [ template_filter ] --END-- [ RunTime:0.000094s ]
INFO: Run Behavior\ParseTemplateBehavior [ RunTime:0.006424s ]
INFO: [ view_parse ] --END-- [ RunTime:0.006440s ]
INFO: [ view_filter ] --START--
INFO: Run Behavior\WriteHtmlCacheBehavior [ RunTime:0.000067s ]
INFO: [ view_filter ] --END-- [ RunTime:0.000078s ]
INFO: [ app_end ] --START--
INFO: Run Behavior\ShowPageTraceBehavior [ RunTime:0.000240s ]
INFO: [ app_end ] --END-- [ RunTime:0.000254s ]

