[ 2017-11-27T16:16:06+08:00 ] 101.81.120.60 /admin.php/Users/Index/index.html
INFO: [ app_init ] --START--
INFO: Run Behavior\BuildLiteBehavior [ RunTime:0.000006s ]
INFO: [ app_init ] --END-- [ RunTime:0.000181s ]
INFO: [ app_begin ] --START--
INFO: Run Behavior\ReadHtmlCacheBehavior [ RunTime:0.000225s ]
INFO: [ app_begin ] --END-- [ RunTime:0.000244s ]
NOTIC: [8] A session had already been started - ignoring session_start() /home/www/hqjhc/ThinkPHP/Common/functions.php 第 1263 行.
SQL: SHOW COLUMNS FROM `hqjhc_staffs` [ RunTime:0.0005s ]
SQL: SHOW COLUMNS FROM `hqjhc_staffs` [ RunTime:0.0003s ]
SQL: SELECT * FROM `hqjhc_staffs` WHERE `stffid` = 6 LIMIT 1   [ RunTime:0.0002s ]
SQL: SHOW COLUMNS FROM `hqjhc_users` [ RunTime:0.0004s ]
SQL: SELECT COUNT(*) AS tp_count FROM `hqjhc_users` WHERE `dataFlag` = 0 LIMIT 1   [ RunTime:0.0002s ]
SQL: SELECT * FROM `hqjhc_users` WHERE `dataFlag` = 0 ORDER BY `userid` desc LIMIT 0,15   [ RunTime:0.0003s ]
SQL: SHOW COLUMNS FROM `hqjhc_staffs` [ RunTime:0.0003s ]
SQL: SELECT * FROM `hqjhc_staffs` WHERE `stffid` = 6 LIMIT 1   [ RunTime:0.0001s ]
SQL: SHOW COLUMNS FROM `hqjhc_staffs` [ RunTime:0.0003s ]
SQL: SELECT * FROM `hqjhc_staffs` WHERE `stffid` = 6 LIMIT 1   [ RunTime:0.0002s ]
SQL: SHOW COLUMNS FROM `hqjhc_staffs` [ RunTime:0.0003s ]
SQL: SELECT * FROM `hqjhc_staffs` WHERE `stffid` = 0 LIMIT 1   [ RunTime:0.0001s ]
INFO: [ view_parse ] --START--
INFO: [ template_filter ] --START--
INFO: Run Behavior\ContentReplaceBehavior [ RunTime:0.000074s ]
INFO: [ template_filter ] --END-- [ RunTime:0.000090s ]
INFO: Run Behavior\ParseTemplateBehavior [ RunTime:0.007323s ]
INFO: [ view_parse ] --END-- [ RunTime:0.007339s ]
INFO: [ view_filter ] --START--
INFO: Run Behavior\WriteHtmlCacheBehavior [ RunTime:0.000070s ]
INFO: [ view_filter ] --END-- [ RunTime:0.000081s ]
INFO: [ app_end ] --START--
INFO: Run Behavior\ShowPageTraceBehavior [ RunTime:0.000226s ]
INFO: [ app_end ] --END-- [ RunTime:0.000240s ]

[ 2017-11-27T16:16:13+08:00 ] 101.81.120.60 /admin.php/Users/Index/index/p/2.html
INFO: [ app_init ] --START--
INFO: Run Behavior\BuildLiteBehavior [ RunTime:0.000006s ]
INFO: [ app_init ] --END-- [ RunTime:0.000149s ]
INFO: [ app_begin ] --START--
INFO: Run Behavior\ReadHtmlCacheBehavior [ RunTime:0.000220s ]
INFO: [ app_begin ] --END-- [ RunTime:0.000236s ]
NOTIC: [8] A session had already been started - ignoring session_start() /home/www/hqjhc/ThinkPHP/Common/functions.php 第 1263 行.
SQL: SHOW COLUMNS FROM `hqjhc_staffs` [ RunTime:0.0005s ]
SQL: SHOW COLUMNS FROM `hqjhc_staffs` [ RunTime:0.0003s ]
SQL: SELECT * FROM `hqjhc_staffs` WHERE `stffid` = 6 LIMIT 1   [ RunTime:0.0002s ]
SQL: SHOW COLUMNS FROM `hqjhc_users` [ RunTime:0.0004s ]
SQL: SELECT COUNT(*) AS tp_count FROM `hqjhc_users` WHERE `loginName` LIKE '%%' AND `nickname` LIKE '%%' AND `createTime` > '' AND `dataFlag` = 0 LIMIT 1   [ RunTime:0.0002s ]
SQL: SELECT * FROM `hqjhc_users` WHERE `loginName` LIKE '%%' AND `nickname` LIKE '%%' AND `createTime` > '' AND `dataFlag` = 0 ORDER BY `userid` desc LIMIT 15,15   [ RunTime:0.0003s ]
INFO: [ view_parse ] --START--
INFO: [ template_filter ] --START--
INFO: Run Behavior\ContentReplaceBehavior [ RunTime:0.000075s ]
INFO: [ template_filter ] --END-- [ RunTime:0.000089s ]
INFO: Run Behavior\ParseTemplateBehavior [ RunTime:0.007378s ]
INFO: [ view_parse ] --END-- [ RunTime:0.007394s ]
INFO: [ view_filter ] --START--
INFO: Run Behavior\WriteHtmlCacheBehavior [ RunTime:0.000068s ]
INFO: [ view_filter ] --END-- [ RunTime:0.000079s ]
INFO: [ app_end ] --START--
INFO: Run Behavior\ShowPageTraceBehavior [ RunTime:0.000224s ]
INFO: [ app_end ] --END-- [ RunTime:0.000237s ]

[ 2017-11-27T16:16:16+08:00 ] 101.226.33.220 /admin.php/Users/Index/index.html
INFO: [ app_init ] --START--
INFO: Run Behavior\BuildLiteBehavior [ RunTime:0.000006s ]
INFO: [ app_init ] --END-- [ RunTime:0.000171s ]
INFO: [ app_begin ] --START--
INFO: Run Behavior\ReadHtmlCacheBehavior [ RunTime:0.000238s ]
INFO: [ app_begin ] --END-- [ RunTime:0.000255s ]
NOTIC: [8] A session had already been started - ignoring session_start() /home/www/hqjhc/ThinkPHP/Common/functions.php 第 1263 行.
SQL: SHOW COLUMNS FROM `hqjhc_staffs` [ RunTime:0.0005s ]

[ 2017-11-27T16:16:16+08:00 ] 101.81.120.60 /admin.php/Users/Index/index.html
INFO: [ app_init ] --START--
INFO: Run Behavior\BuildLiteBehavior [ RunTime:0.000005s ]
INFO: [ app_init ] --END-- [ RunTime:0.000150s ]
INFO: [ app_begin ] --START--
INFO: Run Behavior\ReadHtmlCacheBehavior [ RunTime:0.000217s ]
INFO: [ app_begin ] --END-- [ RunTime:0.000233s ]
NOTIC: [8] A session had already been started - ignoring session_start() /home/www/hqjhc/ThinkPHP/Common/functions.php 第 1263 行.
SQL: SHOW COLUMNS FROM `hqjhc_staffs` [ RunTime:0.0005s ]
SQL: SHOW COLUMNS FROM `hqjhc_staffs` [ RunTime:0.0003s ]
SQL: SELECT * FROM `hqjhc_staffs` WHERE `stffid` = 6 LIMIT 1   [ RunTime:0.0002s ]
SQL: SHOW COLUMNS FROM `hqjhc_users` [ RunTime:0.0004s ]
SQL: SELECT COUNT(*) AS tp_count FROM `hqjhc_users` WHERE `dataFlag` = 0 LIMIT 1   [ RunTime:0.0002s ]
SQL: SELECT * FROM `hqjhc_users` WHERE `dataFlag` = 0 ORDER BY `userid` desc LIMIT 0,15   [ RunTime:0.0003s ]
SQL: SHOW COLUMNS FROM `hqjhc_staffs` [ RunTime:0.0003s ]
SQL: SELECT * FROM `hqjhc_staffs` WHERE `stffid` = 6 LIMIT 1   [ RunTime:0.0001s ]
SQL: SHOW COLUMNS FROM `hqjhc_staffs` [ RunTime:0.0003s ]
SQL: SELECT * FROM `hqjhc_staffs` WHERE `stffid` = 6 LIMIT 1   [ RunTime:0.0002s ]
SQL: SHOW COLUMNS FROM `hqjhc_staffs` [ RunTime:0.0003s ]
SQL: SELECT * FROM `hqjhc_staffs` WHERE `stffid` = 0 LIMIT 1   [ RunTime:0.0001s ]
INFO: [ view_parse ] --START--
INFO: [ template_filter ] --START--
INFO: Run Behavior\ContentReplaceBehavior [ RunTime:0.000075s ]
INFO: [ template_filter ] --END-- [ RunTime:0.000090s ]
INFO: Run Behavior\ParseTemplateBehavior [ RunTime:0.007582s ]
INFO: [ view_parse ] --END-- [ RunTime:0.007597s ]
INFO: [ view_filter ] --START--
INFO: Run Behavior\WriteHtmlCacheBehavior [ RunTime:0.000069s ]
INFO: [ view_filter ] --END-- [ RunTime:0.000079s ]
INFO: [ app_end ] --START--
INFO: Run Behavior\ShowPageTraceBehavior [ RunTime:0.000224s ]
INFO: [ app_end ] --END-- [ RunTime:0.000238s ]

[ 2017-11-27T16:23:43+08:00 ] 101.81.120.60 /admin.php/Users/Index/index.html
INFO: [ app_init ] --START--
INFO: Run Behavior\BuildLiteBehavior [ RunTime:0.000006s ]
INFO: [ app_init ] --END-- [ RunTime:0.000157s ]
INFO: [ app_begin ] --START--
INFO: Run Behavior\ReadHtmlCacheBehavior [ RunTime:0.000201s ]
INFO: [ app_begin ] --END-- [ RunTime:0.000232s ]
NOTIC: [8] A session had already been started - ignoring session_start() /home/www/hqjhc/ThinkPHP/Common/functions.php 第 1263 行.
SQL: SHOW COLUMNS FROM `hqjhc_staffs` [ RunTime:0.0005s ]
SQL: SHOW COLUMNS FROM `hqjhc_staffs` [ RunTime:0.0003s ]
SQL: SELECT * FROM `hqjhc_staffs` WHERE `stffid` = 6 LIMIT 1   [ RunTime:0.0002s ]
SQL: SHOW COLUMNS FROM `hqjhc_users` [ RunTime:0.0004s ]
SQL: SELECT COUNT(*) AS tp_count FROM `hqjhc_users` WHERE `dataFlag` = 0 LIMIT 1   [ RunTime:0.0002s ]
SQL: SELECT * FROM `hqjhc_users` WHERE `dataFlag` = 0 ORDER BY `userid` desc LIMIT 0,15   [ RunTime:0.0003s ]
SQL: SHOW COLUMNS FROM `hqjhc_staffs` [ RunTime:0.0003s ]
SQL: SELECT * FROM `hqjhc_staffs` WHERE `stffid` = 6 LIMIT 1   [ RunTime:0.0002s ]
SQL: SHOW COLUMNS FROM `hqjhc_staffs` [ RunTime:0.0003s ]
SQL: SELECT * FROM `hqjhc_staffs` WHERE `stffid` = 6 LIMIT 1   [ RunTime:0.0002s ]
SQL: SHOW COLUMNS FROM `hqjhc_staffs` [ RunTime:0.0003s ]
SQL: SELECT * FROM `hqjhc_staffs` WHERE `stffid` = 0 LIMIT 1   [ RunTime:0.0001s ]
INFO: [ view_parse ] --START--
INFO: [ template_filter ] --START--
INFO: Run Behavior\ContentReplaceBehavior [ RunTime:0.000076s ]
INFO: [ template_filter ] --END-- [ RunTime:0.000092s ]
INFO: Run Behavior\ParseTemplateBehavior [ RunTime:0.007669s ]
INFO: [ view_parse ] --END-- [ RunTime:0.007685s ]
INFO: [ view_filter ] --START--
INFO: Run Behavior\WriteHtmlCacheBehavior [ RunTime:0.000074s ]
INFO: [ view_filter ] --END-- [ RunTime:0.000086s ]
INFO: [ app_end ] --START--
INFO: Run Behavior\ShowPageTraceBehavior [ RunTime:0.000243s ]
INFO: [ app_end ] --END-- [ RunTime:0.000258s ]

[ 2017-11-27T16:28:50+08:00 ] 101.226.65.105 /admin.php/Users/Index/index.html
INFO: [ app_init ] --START--
INFO: Run Behavior\BuildLiteBehavior [ RunTime:0.000006s ]
INFO: [ app_init ] --END-- [ RunTime:0.000165s ]
INFO: [ app_begin ] --START--
INFO: Run Behavior\ReadHtmlCacheBehavior [ RunTime:0.000198s ]
INFO: [ app_begin ] --END-- [ RunTime:0.000215s ]
NOTIC: [8] A session had already been started - ignoring session_start() /home/www/hqjhc/ThinkPHP/Common/functions.php 第 1263 行.
SQL: SHOW COLUMNS FROM `hqjhc_staffs` [ RunTime:0.0005s ]

[ 2017-11-27T16:30:25+08:00 ] 101.81.120.60 /admin.php/Users/Index/index.html
INFO: [ app_init ] --START--
INFO: Run Behavior\BuildLiteBehavior [ RunTime:0.000006s ]
INFO: [ app_init ] --END-- [ RunTime:0.000196s ]
INFO: [ app_begin ] --START--
INFO: Run Behavior\ReadHtmlCacheBehavior [ RunTime:0.000221s ]
INFO: [ app_begin ] --END-- [ RunTime:0.000237s ]
NOTIC: [8] A session had already been started - ignoring session_start() /home/www/hqjhc/ThinkPHP/Common/functions.php 第 1263 行.
SQL: SHOW COLUMNS FROM `hqjhc_staffs` [ RunTime:0.0005s ]
SQL: SHOW COLUMNS FROM `hqjhc_staffs` [ RunTime:0.0003s ]
SQL: SELECT * FROM `hqjhc_staffs` WHERE `stffid` = 6 LIMIT 1   [ RunTime:0.0002s ]
SQL: SHOW COLUMNS FROM `hqjhc_users` [ RunTime:0.0003s ]
SQL: SELECT COUNT(*) AS tp_count FROM `hqjhc_users` WHERE `dataFlag` = 0 LIMIT 1   [ RunTime:0.0002s ]
SQL: SELECT * FROM `hqjhc_users` WHERE `dataFlag` = 0 ORDER BY `userid` desc LIMIT 0,15   [ RunTime:0.0003s ]
SQL: SHOW COLUMNS FROM `hqjhc_staffs` [ RunTime:0.0003s ]
SQL: SELECT * FROM `hqjhc_staffs` WHERE `stffid` = 6 LIMIT 1   [ RunTime:0.0002s ]
SQL: SHOW COLUMNS FROM `hqjhc_staffs` [ RunTime:0.0003s ]
SQL: SELECT * FROM `hqjhc_staffs` WHERE `stffid` = 6 LIMIT 1   [ RunTime:0.0001s ]
SQL: SHOW COLUMNS FROM `hqjhc_staffs` [ RunTime:0.0003s ]
SQL: SELECT * FROM `hqjhc_staffs` WHERE `stffid` = 0 LIMIT 1   [ RunTime:0.0001s ]
INFO: [ view_parse ] --START--
INFO: [ template_filter ] --START--
INFO: Run Behavior\ContentReplaceBehavior [ RunTime:0.000074s ]
INFO: [ template_filter ] --END-- [ RunTime:0.000089s ]
INFO: Run Behavior\ParseTemplateBehavior [ RunTime:0.007542s ]
INFO: [ view_parse ] --END-- [ RunTime:0.007557s ]
INFO: [ view_filter ] --START--
INFO: Run Behavior\WriteHtmlCacheBehavior [ RunTime:0.000081s ]
INFO: [ view_filter ] --END-- [ RunTime:0.000092s ]
INFO: [ app_end ] --START--
INFO: Run Behavior\ShowPageTraceBehavior [ RunTime:0.000234s ]
INFO: [ app_end ] --END-- [ RunTime:0.000248s ]

[ 2017-11-27T16:30:37+08:00 ] 101.81.120.60 /admin.php/Users/Index/index.html
INFO: [ app_init ] --START--
INFO: Run Behavior\BuildLiteBehavior [ RunTime:0.000005s ]
INFO: [ app_init ] --END-- [ RunTime:0.000153s ]
INFO: [ app_begin ] --START--
INFO: Run Behavior\ReadHtmlCacheBehavior [ RunTime:0.000196s ]
INFO: [ app_begin ] --END-- [ RunTime:0.000211s ]
NOTIC: [8] A session had already been started - ignoring session_start() /home/www/hqjhc/ThinkPHP/Common/functions.php 第 1263 行.
SQL: SHOW COLUMNS FROM `hqjhc_staffs` [ RunTime:0.0005s ]
SQL: SHOW COLUMNS FROM `hqjhc_staffs` [ RunTime:0.0003s ]
SQL: SELECT * FROM `hqjhc_staffs` WHERE `stffid` = 6 LIMIT 1   [ RunTime:0.0002s ]
SQL: SHOW COLUMNS FROM `hqjhc_users` [ RunTime:0.0004s ]
SQL: SELECT COUNT(*) AS tp_count FROM `hqjhc_users` WHERE `dataFlag` = 0 LIMIT 1   [ RunTime:0.0002s ]
SQL: SELECT * FROM `hqjhc_users` WHERE `dataFlag` = 0 ORDER BY `userid` desc LIMIT 0,15   [ RunTime:0.0003s ]
SQL: SHOW COLUMNS FROM `hqjhc_staffs` [ RunTime:0.0003s ]
SQL: SELECT * FROM `hqjhc_staffs` WHERE `stffid` = 6 LIMIT 1   [ RunTime:0.0002s ]
SQL: SHOW COLUMNS FROM `hqjhc_staffs` [ RunTime:0.0003s ]
SQL: SELECT * FROM `hqjhc_staffs` WHERE `stffid` = 6 LIMIT 1   [ RunTime:0.0001s ]
SQL: SHOW COLUMNS FROM `hqjhc_staffs` [ RunTime:0.0003s ]
SQL: SELECT * FROM `hqjhc_staffs` WHERE `stffid` = 0 LIMIT 1   [ RunTime:0.0001s ]
INFO: [ view_parse ] --START--
INFO: [ template_filter ] --START--
INFO: Run Behavior\ContentReplaceBehavior [ RunTime:0.000074s ]
INFO: [ template_filter ] --END-- [ RunTime:0.000089s ]
INFO: Run Behavior\ParseTemplateBehavior [ RunTime:0.007624s ]
INFO: [ view_parse ] --END-- [ RunTime:0.007639s ]
INFO: [ view_filter ] --START--
INFO: Run Behavior\WriteHtmlCacheBehavior [ RunTime:0.000069s ]
INFO: [ view_filter ] --END-- [ RunTime:0.000094s ]
INFO: [ app_end ] --START--
INFO: Run Behavior\ShowPageTraceBehavior [ RunTime:0.000237s ]
INFO: [ app_end ] --END-- [ RunTime:0.000252s ]

[ 2017-11-27T16:36:18+08:00 ] 101.81.120.60 /admin.php/Users/Index/index.html
INFO: [ app_init ] --START--
INFO: Run Behavior\BuildLiteBehavior [ RunTime:0.000007s ]
INFO: [ app_init ] --END-- [ RunTime:0.000197s ]
INFO: [ app_begin ] --START--
INFO: Run Behavior\ReadHtmlCacheBehavior [ RunTime:0.000221s ]
INFO: [ app_begin ] --END-- [ RunTime:0.000238s ]
NOTIC: [8] A session had already been started - ignoring session_start() /home/www/hqjhc/ThinkPHP/Common/functions.php 第 1263 行.
SQL: SHOW COLUMNS FROM `hqjhc_staffs` [ RunTime:0.0005s ]
SQL: SHOW COLUMNS FROM `hqjhc_staffs` [ RunTime:0.0004s ]
SQL: SELECT * FROM `hqjhc_staffs` WHERE `stffid` = 6 LIMIT 1   [ RunTime:0.0002s ]
SQL: SHOW COLUMNS FROM `hqjhc_users` [ RunTime:0.0004s ]
SQL: SELECT COUNT(*) AS tp_count FROM `hqjhc_users` WHERE `dataFlag` = 0 LIMIT 1   [ RunTime:0.0002s ]
SQL: SELECT * FROM `hqjhc_users` WHERE `dataFlag` = 0 ORDER BY `userid` desc LIMIT 0,15   [ RunTime:0.0003s ]
SQL: SHOW COLUMNS FROM `hqjhc_staffs` [ RunTime:0.0003s ]
SQL: SELECT * FROM `hqjhc_staffs` WHERE `stffid` = 6 LIMIT 1   [ RunTime:0.0001s ]
SQL: SHOW COLUMNS FROM `hqjhc_staffs` [ RunTime:0.0003s ]
SQL: SELECT * FROM `hqjhc_staffs` WHERE `stffid` = 6 LIMIT 1   [ RunTime:0.0002s ]
SQL: SHOW COLUMNS FROM `hqjhc_staffs` [ RunTime:0.0003s ]
SQL: SELECT * FROM `hqjhc_staffs` WHERE `stffid` = 0 LIMIT 1   [ RunTime:0.0001s ]
INFO: [ view_parse ] --START--
INFO: [ template_filter ] --START--
INFO: Run Behavior\ContentReplaceBehavior [ RunTime:0.000074s ]
INFO: [ template_filter ] --END-- [ RunTime:0.000089s ]
INFO: Run Behavior\ParseTemplateBehavior [ RunTime:0.007091s ]
INFO: [ view_parse ] --END-- [ RunTime:0.007107s ]
INFO: [ view_filter ] --START--
INFO: Run Behavior\WriteHtmlCacheBehavior [ RunTime:0.000068s ]
INFO: [ view_filter ] --END-- [ RunTime:0.000079s ]
INFO: [ app_end ] --START--
INFO: Run Behavior\ShowPageTraceBehavior [ RunTime:0.000239s ]
INFO: [ app_end ] --END-- [ RunTime:0.000252s ]

[ 2017-11-27T18:36:03+08:00 ] 101.81.120.60 /admin.php/Users/Index/index.html
INFO: [ app_init ] --START--
INFO: Run Behavior\BuildLiteBehavior [ RunTime:0.000006s ]
INFO: [ app_init ] --END-- [ RunTime:0.000165s ]
INFO: [ app_begin ] --START--
INFO: Run Behavior\ReadHtmlCacheBehavior [ RunTime:0.000206s ]
INFO: [ app_begin ] --END-- [ RunTime:0.000221s ]
NOTIC: [8] A session had already been started - ignoring session_start() /home/www/hqjhc/ThinkPHP/Common/functions.php 第 1263 行.
SQL: SHOW COLUMNS FROM `hqjhc_staffs` [ RunTime:0.0005s ]
SQL: SHOW COLUMNS FROM `hqjhc_staffs` [ RunTime:0.0003s ]
SQL: SELECT * FROM `hqjhc_staffs` WHERE `stffid` = 6 LIMIT 1   [ RunTime:0.0002s ]
SQL: SHOW COLUMNS FROM `hqjhc_users` [ RunTime:0.0004s ]
SQL: SELECT COUNT(*) AS tp_count FROM `hqjhc_users` WHERE `dataFlag` = 0 LIMIT 1   [ RunTime:0.0002s ]
SQL: SELECT * FROM `hqjhc_users` WHERE `dataFlag` = 0 ORDER BY `userid` desc LIMIT 0,15   [ RunTime:0.0003s ]
SQL: SHOW COLUMNS FROM `hqjhc_staffs` [ RunTime:0.0003s ]
SQL: SELECT * FROM `hqjhc_staffs` WHERE `stffid` = 6 LIMIT 1   [ RunTime:0.0001s ]
SQL: SHOW COLUMNS FROM `hqjhc_staffs` [ RunTime:0.0003s ]
SQL: SELECT * FROM `hqjhc_staffs` WHERE `stffid` = 6 LIMIT 1   [ RunTime:0.0002s ]
SQL: SHOW COLUMNS FROM `hqjhc_staffs` [ RunTime:0.0003s ]
SQL: SELECT * FROM `hqjhc_staffs` WHERE `stffid` = 0 LIMIT 1   [ RunTime:0.0001s ]
INFO: [ view_parse ] --START--
INFO: [ template_filter ] --START--
INFO: Run Behavior\ContentReplaceBehavior [ RunTime:0.000077s ]
INFO: [ template_filter ] --END-- [ RunTime:0.000092s ]
INFO: Run Behavior\ParseTemplateBehavior [ RunTime:0.007639s ]
INFO: [ view_parse ] --END-- [ RunTime:0.007655s ]
INFO: [ view_filter ] --START--
INFO: Run Behavior\WriteHtmlCacheBehavior [ RunTime:0.000071s ]
INFO: [ view_filter ] --END-- [ RunTime:0.000083s ]
INFO: [ app_end ] --START--
INFO: Run Behavior\ShowPageTraceBehavior [ RunTime:0.000231s ]
INFO: [ app_end ] --END-- [ RunTime:0.000245s ]

[ 2017-11-27T18:36:11+08:00 ] 101.81.120.60 /admin.php/Users/Index/index/p/2.html
INFO: [ app_init ] --START--
INFO: Run Behavior\BuildLiteBehavior [ RunTime:0.000006s ]
INFO: [ app_init ] --END-- [ RunTime:0.000156s ]
INFO: [ app_begin ] --START--
INFO: Run Behavior\ReadHtmlCacheBehavior [ RunTime:0.000201s ]
INFO: [ app_begin ] --END-- [ RunTime:0.000217s ]
NOTIC: [8] A session had already been started - ignoring session_start() /home/www/hqjhc/ThinkPHP/Common/functions.php 第 1263 行.
SQL: SHOW COLUMNS FROM `hqjhc_staffs` [ RunTime:0.0005s ]
SQL: SHOW COLUMNS FROM `hqjhc_staffs` [ RunTime:0.0003s ]
SQL: SELECT * FROM `hqjhc_staffs` WHERE `stffid` = 6 LIMIT 1   [ RunTime:0.0002s ]
SQL: SHOW COLUMNS FROM `hqjhc_users` [ RunTime:0.0004s ]
SQL: SELECT COUNT(*) AS tp_count FROM `hqjhc_users` WHERE `loginName` LIKE '%%' AND `nickname` LIKE '%%' AND `createTime` > '' AND `dataFlag` = 0 LIMIT 1   [ RunTime:0.0002s ]
SQL: SELECT * FROM `hqjhc_users` WHERE `loginName` LIKE '%%' AND `nickname` LIKE '%%' AND `createTime` > '' AND `dataFlag` = 0 ORDER BY `userid` desc LIMIT 15,15   [ RunTime:0.0003s ]
INFO: [ view_parse ] --START--
INFO: [ template_filter ] --START--
INFO: Run Behavior\ContentReplaceBehavior [ RunTime:0.000076s ]
INFO: [ template_filter ] --END-- [ RunTime:0.000092s ]
INFO: Run Behavior\ParseTemplateBehavior [ RunTime:0.007448s ]
INFO: [ view_parse ] --END-- [ RunTime:0.007464s ]
INFO: [ view_filter ] --START--
INFO: Run Behavior\WriteHtmlCacheBehavior [ RunTime:0.000072s ]
INFO: [ view_filter ] --END-- [ RunTime:0.000083s ]
INFO: [ app_end ] --START--
INFO: Run Behavior\ShowPageTraceBehavior [ RunTime:0.000231s ]
INFO: [ app_end ] --END-- [ RunTime:0.000245s ]

[ 2017-11-27T18:36:13+08:00 ] 101.81.120.60 /admin.php/Users/Index/index.html
INFO: [ app_init ] --START--
INFO: Run Behavior\BuildLiteBehavior [ RunTime:0.000006s ]
INFO: [ app_init ] --END-- [ RunTime:0.000154s ]
INFO: [ app_begin ] --START--
INFO: Run Behavior\ReadHtmlCacheBehavior [ RunTime:0.000219s ]
INFO: [ app_begin ] --END-- [ RunTime:0.000235s ]
NOTIC: [8] A session had already been started - ignoring session_start() /home/www/hqjhc/ThinkPHP/Common/functions.php 第 1263 行.
SQL: SHOW COLUMNS FROM `hqjhc_staffs` [ RunTime:0.0005s ]
SQL: SHOW COLUMNS FROM `hqjhc_staffs` [ RunTime:0.0003s ]
SQL: SELECT * FROM `hqjhc_staffs` WHERE `stffid` = 6 LIMIT 1   [ RunTime:0.0002s ]
SQL: SHOW COLUMNS FROM `hqjhc_users` [ RunTime:0.0004s ]
SQL: SELECT COUNT(*) AS tp_count FROM `hqjhc_users` WHERE `dataFlag` = 0 LIMIT 1   [ RunTime:0.0002s ]
SQL: SELECT * FROM `hqjhc_users` WHERE `dataFlag` = 0 ORDER BY `userid` desc LIMIT 0,15   [ RunTime:0.0003s ]
SQL: SHOW COLUMNS FROM `hqjhc_staffs` [ RunTime:0.0003s ]
SQL: SELECT * FROM `hqjhc_staffs` WHERE `stffid` = 6 LIMIT 1   [ RunTime:0.0002s ]
SQL: SHOW COLUMNS FROM `hqjhc_staffs` [ RunTime:0.0003s ]
SQL: SELECT * FROM `hqjhc_staffs` WHERE `stffid` = 6 LIMIT 1   [ RunTime:0.0002s ]
SQL: SHOW COLUMNS FROM `hqjhc_staffs` [ RunTime:0.0003s ]
SQL: SELECT * FROM `hqjhc_staffs` WHERE `stffid` = 0 LIMIT 1   [ RunTime:0.0001s ]
INFO: [ view_parse ] --START--
INFO: [ template_filter ] --START--
INFO: Run Behavior\ContentReplaceBehavior [ RunTime:0.000076s ]
INFO: [ template_filter ] --END-- [ RunTime:0.000092s ]
INFO: Run Behavior\ParseTemplateBehavior [ RunTime:0.007661s ]
INFO: [ view_parse ] --END-- [ RunTime:0.007677s ]
INFO: [ view_filter ] --START--
INFO: Run Behavior\WriteHtmlCacheBehavior [ RunTime:0.000075s ]
INFO: [ view_filter ] --END-- [ RunTime:0.000086s ]
INFO: [ app_end ] --START--
INFO: Run Behavior\ShowPageTraceBehavior [ RunTime:0.000231s ]
INFO: [ app_end ] --END-- [ RunTime:0.000245s ]

[ 2017-11-27T18:36:22+08:00 ] 101.81.120.60 /admin.php/Users/Vip/index.html
INFO: [ app_init ] --START--
INFO: Run Behavior\BuildLiteBehavior [ RunTime:0.000006s ]
INFO: [ app_init ] --END-- [ RunTime:0.000162s ]
INFO: [ app_begin ] --START--
INFO: Run Behavior\ReadHtmlCacheBehavior [ RunTime:0.000199s ]
INFO: [ app_begin ] --END-- [ RunTime:0.000214s ]
NOTIC: [8] A session had already been started - ignoring session_start() /home/www/hqjhc/ThinkPHP/Common/functions.php 第 1263 行.
SQL: SHOW COLUMNS FROM `hqjhc_staffs` [ RunTime:0.0005s ]
SQL: SHOW COLUMNS FROM `hqjhc_staffs` [ RunTime:0.0003s ]
SQL: SELECT * FROM `hqjhc_staffs` WHERE `stffid` = 6 LIMIT 1   [ RunTime:0.0002s ]
SQL: SHOW COLUMNS FROM `hqjhc_user_vip` [ RunTime:0.0003s ]
SQL: SELECT COUNT(*) AS tp_count FROM `hqjhc_user_vip` LIMIT 1   [ RunTime:0.0001s ]
SQL: SELECT * FROM `hqjhc_user_vip` LIMIT 0,15   [ RunTime:0.0001s ]
SQL: SHOW COLUMNS FROM `hqjhc_users` [ RunTime:0.0004s ]
SQL: SHOW COLUMNS FROM `hqjhc_users` [ RunTime:0.0003s ]
SQL: SELECT * FROM `hqjhc_users` WHERE `userid` = 19 AND `dataFlag` = 0 LIMIT 1   [ RunTime:0.0002s ]
SQL: SHOW COLUMNS FROM `hqjhc_users` [ RunTime:0.0003s ]
SQL: SELECT * FROM `hqjhc_users` WHERE `userid` = 19 AND `dataFlag` = 0 LIMIT 1   [ RunTime:0.0002s ]
INFO: [ view_parse ] --START--
INFO: [ template_filter ] --START--
INFO: Run Behavior\ContentReplaceBehavior [ RunTime:0.000071s ]
INFO: [ template_filter ] --END-- [ RunTime:0.000085s ]
INFO: Run Behavior\ParseTemplateBehavior [ RunTime:0.006235s ]
INFO: [ view_parse ] --END-- [ RunTime:0.006250s ]
INFO: [ view_filter ] --START--
INFO: Run Behavior\WriteHtmlCacheBehavior [ RunTime:0.000069s ]
INFO: [ view_filter ] --END-- [ RunTime:0.000079s ]
INFO: [ app_end ] --START--
INFO: Run Behavior\ShowPageTraceBehavior [ RunTime:0.000231s ]
INFO: [ app_end ] --END-- [ RunTime:0.000244s ]

[ 2017-11-27T18:36:28+08:00 ] 101.81.120.60 /admin.php/Users/Index/index.html
INFO: [ app_init ] --START--
INFO: Run Behavior\BuildLiteBehavior [ RunTime:0.000006s ]
INFO: [ app_init ] --END-- [ RunTime:0.000171s ]
INFO: [ app_begin ] --START--
INFO: Run Behavior\ReadHtmlCacheBehavior [ RunTime:0.000240s ]
INFO: [ app_begin ] --END-- [ RunTime:0.000257s ]
NOTIC: [8] A session had already been started - ignoring session_start() /home/www/hqjhc/ThinkPHP/Common/functions.php 第 1263 行.
SQL: SHOW COLUMNS FROM `hqjhc_staffs` [ RunTime:0.0005s ]
SQL: SHOW COLUMNS FROM `hqjhc_staffs` [ RunTime:0.0003s ]
SQL: SELECT * FROM `hqjhc_staffs` WHERE `stffid` = 6 LIMIT 1   [ RunTime:0.0002s ]
SQL: SHOW COLUMNS FROM `hqjhc_users` [ RunTime:0.0004s ]
SQL: SELECT COUNT(*) AS tp_count FROM `hqjhc_users` WHERE `dataFlag` = 0 LIMIT 1   [ RunTime:0.0002s ]
SQL: SELECT * FROM `hqjhc_users` WHERE `dataFlag` = 0 ORDER BY `userid` desc LIMIT 0,15   [ RunTime:0.0003s ]
SQL: SHOW COLUMNS FROM `hqjhc_staffs` [ RunTime:0.0003s ]
SQL: SELECT * FROM `hqjhc_staffs` WHERE `stffid` = 6 LIMIT 1   [ RunTime:0.0001s ]
SQL: SHOW COLUMNS FROM `hqjhc_staffs` [ RunTime:0.0003s ]
SQL: SELECT * FROM `hqjhc_staffs` WHERE `stffid` = 6 LIMIT 1   [ RunTime:0.0001s ]
SQL: SHOW COLUMNS FROM `hqjhc_staffs` [ RunTime:0.0003s ]
SQL: SELECT * FROM `hqjhc_staffs` WHERE `stffid` = 0 LIMIT 1   [ RunTime:0.0001s ]
INFO: [ view_parse ] --START--
INFO: [ template_filter ] --START--
INFO: Run Behavior\ContentReplaceBehavior [ RunTime:0.000075s ]
INFO: [ template_filter ] --END-- [ RunTime:0.000090s ]
INFO: Run Behavior\ParseTemplateBehavior [ RunTime:0.007550s ]
INFO: [ view_parse ] --END-- [ RunTime:0.007565s ]
INFO: [ view_filter ] --START--
INFO: Run Behavior\WriteHtmlCacheBehavior [ RunTime:0.000069s ]
INFO: [ view_filter ] --END-- [ RunTime:0.000080s ]
INFO: [ app_end ] --START--
INFO: Run Behavior\ShowPageTraceBehavior [ RunTime:0.000223s ]
INFO: [ app_end ] --END-- [ RunTime:0.000248s ]

[ 2017-11-27T18:36:29+08:00 ] 101.81.120.60 /admin.php/Users/Index/setvippage.html?userid=23
INFO: [ app_init ] --START--
INFO: Run Behavior\BuildLiteBehavior [ RunTime:0.000005s ]
INFO: [ app_init ] --END-- [ RunTime:0.000161s ]
INFO: [ app_begin ] --START--
INFO: Run Behavior\ReadHtmlCacheBehavior [ RunTime:0.000197s ]
INFO: [ app_begin ] --END-- [ RunTime:0.000213s ]
NOTIC: [8] A session had already been started - ignoring session_start() /home/www/hqjhc/ThinkPHP/Common/functions.php 第 1263 行.
SQL: SHOW COLUMNS FROM `hqjhc_staffs` [ RunTime:0.0005s ]
SQL: SHOW COLUMNS FROM `hqjhc_staffs` [ RunTime:0.0003s ]
SQL: SELECT * FROM `hqjhc_staffs` WHERE `stffid` = 6 LIMIT 1   [ RunTime:0.0002s ]
INFO: [ view_parse ] --START--
INFO: [ template_filter ] --START--
INFO: Run Behavior\ContentReplaceBehavior [ RunTime:0.000069s ]
INFO: [ template_filter ] --END-- [ RunTime:0.000084s ]
NOTIC: [8] Undefined variable: data /home/www/hqjhc/backend/Runtime/Cache/Users/2340529557658adfd943f5e10c550ecd.php 第 594 行.
INFO: Run Behavior\ParseTemplateBehavior [ RunTime:0.006412s ]
INFO: [ view_parse ] --END-- [ RunTime:0.006427s ]
INFO: [ view_filter ] --START--
INFO: Run Behavior\WriteHtmlCacheBehavior [ RunTime:0.000068s ]
INFO: [ view_filter ] --END-- [ RunTime:0.000079s ]
INFO: [ app_end ] --START--
INFO: Run Behavior\ShowPageTraceBehavior [ RunTime:0.000239s ]
INFO: [ app_end ] --END-- [ RunTime:0.000251s ]

[ 2017-11-27T18:36:32+08:00 ] 101.81.120.60 /admin.php/Users/Index/index.html
INFO: [ app_init ] --START--
INFO: Run Behavior\BuildLiteBehavior [ RunTime:0.000006s ]
INFO: [ app_init ] --END-- [ RunTime:0.000155s ]
INFO: [ app_begin ] --START--
INFO: Run Behavior\ReadHtmlCacheBehavior [ RunTime:0.000212s ]
INFO: [ app_begin ] --END-- [ RunTime:0.000228s ]
NOTIC: [8] A session had already been started - ignoring session_start() /home/www/hqjhc/ThinkPHP/Common/functions.php 第 1263 行.
SQL: SHOW COLUMNS FROM `hqjhc_staffs` [ RunTime:0.0005s ]
SQL: SHOW COLUMNS FROM `hqjhc_staffs` [ RunTime:0.0003s ]
SQL: SELECT * FROM `hqjhc_staffs` WHERE `stffid` = 6 LIMIT 1   [ RunTime:0.0002s ]
SQL: SHOW COLUMNS FROM `hqjhc_users` [ RunTime:0.0004s ]
SQL: SELECT COUNT(*) AS tp_count FROM `hqjhc_users` WHERE `dataFlag` = 0 LIMIT 1   [ RunTime:0.0002s ]
SQL: SELECT * FROM `hqjhc_users` WHERE `dataFlag` = 0 ORDER BY `userid` desc LIMIT 0,15   [ RunTime:0.0003s ]
SQL: SHOW COLUMNS FROM `hqjhc_staffs` [ RunTime:0.0003s ]
SQL: SELECT * FROM `hqjhc_staffs` WHERE `stffid` = 6 LIMIT 1   [ RunTime:0.0001s ]
SQL: SHOW COLUMNS FROM `hqjhc_staffs` [ RunTime:0.0003s ]
SQL: SELECT * FROM `hqjhc_staffs` WHERE `stffid` = 6 LIMIT 1   [ RunTime:0.0001s ]
SQL: SHOW COLUMNS FROM `hqjhc_staffs` [ RunTime:0.0003s ]
SQL: SELECT * FROM `hqjhc_staffs` WHERE `stffid` = 0 LIMIT 1   [ RunTime:0.0001s ]
INFO: [ view_parse ] --START--
INFO: [ template_filter ] --START--
INFO: Run Behavior\ContentReplaceBehavior [ RunTime:0.000076s ]
INFO: [ template_filter ] --END-- [ RunTime:0.000092s ]
INFO: Run Behavior\ParseTemplateBehavior [ RunTime:0.007167s ]
INFO: [ view_parse ] --END-- [ RunTime:0.007182s ]
INFO: [ view_filter ] --START--
INFO: Run Behavior\WriteHtmlCacheBehavior [ RunTime:0.000081s ]
INFO: [ view_filter ] --END-- [ RunTime:0.000092s ]
INFO: [ app_end ] --START--
INFO: Run Behavior\ShowPageTraceBehavior [ RunTime:0.000229s ]
INFO: [ app_end ] --END-- [ RunTime:0.000244s ]

[ 2017-11-27T18:36:39+08:00 ] 101.226.66.172 /admin.php/Users/Index/setvippage.html?userid=23
INFO: [ app_init ] --START--
INFO: Run Behavior\BuildLiteBehavior [ RunTime:0.000007s ]
INFO: [ app_init ] --END-- [ RunTime:0.000186s ]
INFO: [ app_begin ] --START--
INFO: Run Behavior\ReadHtmlCacheBehavior [ RunTime:0.000229s ]
INFO: [ app_begin ] --END-- [ RunTime:0.000248s ]
NOTIC: [8] A session had already been started - ignoring session_start() /home/www/hqjhc/ThinkPHP/Common/functions.php 第 1263 行.
SQL: SHOW COLUMNS FROM `hqjhc_staffs` [ RunTime:0.0006s ]

[ 2017-11-27T18:54:50+08:00 ] 101.81.120.60 /admin.php/Users/Index/index.html
INFO: [ app_init ] --START--
INFO: Run Behavior\BuildLiteBehavior [ RunTime:0.000005s ]
INFO: [ app_init ] --END-- [ RunTime:0.000152s ]
INFO: [ app_begin ] --START--
INFO: Run Behavior\ReadHtmlCacheBehavior [ RunTime:0.000212s ]
INFO: [ app_begin ] --END-- [ RunTime:0.000227s ]
NOTIC: [8] A session had already been started - ignoring session_start() /home/www/hqjhc/ThinkPHP/Common/functions.php 第 1263 行.
SQL: SHOW COLUMNS FROM `hqjhc_staffs` [ RunTime:0.0005s ]
SQL: SHOW COLUMNS FROM `hqjhc_staffs` [ RunTime:0.0003s ]
SQL: SELECT * FROM `hqjhc_staffs` WHERE `stffid` = 6 LIMIT 1   [ RunTime:0.0002s ]
SQL: SHOW COLUMNS FROM `hqjhc_users` [ RunTime:0.0004s ]
SQL: SELECT COUNT(*) AS tp_count FROM `hqjhc_users` WHERE `dataFlag` = 0 LIMIT 1   [ RunTime:0.0002s ]
SQL: SELECT * FROM `hqjhc_users` WHERE `dataFlag` = 0 ORDER BY `userid` desc LIMIT 0,15   [ RunTime:0.0003s ]
SQL: SHOW COLUMNS FROM `hqjhc_staffs` [ RunTime:0.0003s ]
SQL: SELECT * FROM `hqjhc_staffs` WHERE `stffid` = 6 LIMIT 1   [ RunTime:0.0001s ]
SQL: SHOW COLUMNS FROM `hqjhc_staffs` [ RunTime:0.0003s ]
SQL: SELECT * FROM `hqjhc_staffs` WHERE `stffid` = 6 LIMIT 1   [ RunTime:0.0001s ]
SQL: SHOW COLUMNS FROM `hqjhc_staffs` [ RunTime:0.0003s ]
SQL: SELECT * FROM `hqjhc_staffs` WHERE `stffid` = 0 LIMIT 1   [ RunTime:0.0001s ]
INFO: [ view_parse ] --START--
INFO: [ template_filter ] --START--
INFO: Run Behavior\ContentReplaceBehavior [ RunTime:0.000082s ]
INFO: [ template_filter ] --END-- [ RunTime:0.000098s ]
INFO: Run Behavior\ParseTemplateBehavior [ RunTime:0.007585s ]
INFO: [ view_parse ] --END-- [ RunTime:0.007601s ]
INFO: [ view_filter ] --START--
INFO: Run Behavior\WriteHtmlCacheBehavior [ RunTime:0.000079s ]
INFO: [ view_filter ] --END-- [ RunTime:0.000092s ]
INFO: [ app_end ] --START--
INFO: Run Behavior\ShowPageTraceBehavior [ RunTime:0.000234s ]
INFO: [ app_end ] --END-- [ RunTime:0.000248s ]

