[ 2017-12-08T09:53:23+08:00 ] 101.81.0.88 /admin.php/Users/Index/index.html
INFO: [ app_init ] --START--
INFO: Run Behavior\BuildLiteBehavior [ RunTime:0.000006s ]
INFO: [ app_init ] --END-- [ RunTime:0.000151s ]
INFO: [ app_begin ] --START--
INFO: Run Behavior\ReadHtmlCacheBehavior [ RunTime:0.000199s ]
INFO: [ app_begin ] --END-- [ RunTime:0.000213s ]
NOTIC: [8] A session had already been started - ignoring session_start() /home/www/hqjhc/ThinkPHP/Common/functions.php 第 1263 行.
SQL: SHOW COLUMNS FROM `hqjhc_staffs` [ RunTime:0.0005s ]
SQL: SHOW COLUMNS FROM `hqjhc_staffs` [ RunTime:0.0003s ]
SQL: SELECT * FROM `hqjhc_staffs` WHERE `stffid` = 6 LIMIT 1   [ RunTime:0.0002s ]
SQL: SHOW COLUMNS FROM `hqjhc_users` [ RunTime:0.0004s ]
SQL: SELECT COUNT(*) AS tp_count FROM `hqjhc_users` WHERE `dataFlag` = 0 LIMIT 1   [ RunTime:0.0002s ]
SQL: SELECT * FROM `hqjhc_users` WHERE `dataFlag` = 0 ORDER BY `userid` desc LIMIT 0,15   [ RunTime:0.0003s ]
INFO: [ view_parse ] --START--
INFO: [ template_filter ] --START--
INFO: Run Behavior\ContentReplaceBehavior [ RunTime:0.000075s ]
INFO: [ template_filter ] --END-- [ RunTime:0.000091s ]
NOTIC: [8] Undefined property: Think\Storage\Driver\File::$_data /home/www/hqjhc/backend/Runtime/Cache/Users/6bd77a6c58b77564a8b6ba3e7f78cc6a.php 第 243 行.
INFO: Run Behavior\ParseTemplateBehavior [ RunTime:0.007617s ]
INFO: [ view_parse ] --END-- [ RunTime:0.007631s ]
INFO: [ view_filter ] --START--
INFO: Run Behavior\WriteHtmlCacheBehavior [ RunTime:0.000071s ]
INFO: [ view_filter ] --END-- [ RunTime:0.000081s ]
INFO: [ app_end ] --START--
INFO: Run Behavior\ShowPageTraceBehavior [ RunTime:0.000226s ]
INFO: [ app_end ] --END-- [ RunTime:0.000240s ]

[ 2017-12-08T10:06:02+08:00 ] 101.81.0.88 /admin.php/Users/Index/index.html
INFO: [ app_init ] --START--
INFO: Run Behavior\BuildLiteBehavior [ RunTime:0.000007s ]
INFO: [ app_init ] --END-- [ RunTime:0.000186s ]
INFO: [ app_begin ] --START--
INFO: Run Behavior\ReadHtmlCacheBehavior [ RunTime:0.000240s ]
INFO: [ app_begin ] --END-- [ RunTime:0.000258s ]
NOTIC: [8] A session had already been started - ignoring session_start() /home/www/hqjhc/ThinkPHP/Common/functions.php 第 1263 行.
SQL: SHOW COLUMNS FROM `hqjhc_staffs` [ RunTime:0.0005s ]
SQL: SHOW COLUMNS FROM `hqjhc_staffs` [ RunTime:0.0003s ]
SQL: SELECT * FROM `hqjhc_staffs` WHERE `stffid` = 6 LIMIT 1   [ RunTime:0.0002s ]
SQL: SHOW COLUMNS FROM `hqjhc_users` [ RunTime:0.0004s ]
SQL: SELECT COUNT(*) AS tp_count FROM `hqjhc_users` WHERE `dataFlag` = 0 LIMIT 1   [ RunTime:0.0002s ]
SQL: SELECT * FROM `hqjhc_users` WHERE `dataFlag` = 0 ORDER BY `userid` desc LIMIT 0,15   [ RunTime:0.0003s ]
INFO: [ view_parse ] --START--
INFO: [ template_filter ] --START--
INFO: Run Behavior\ContentReplaceBehavior [ RunTime:0.000077s ]
INFO: [ template_filter ] --END-- [ RunTime:0.000092s ]
NOTIC: [8] Undefined property: Think\Storage\Driver\File::$_data /home/www/hqjhc/backend/Runtime/Cache/Users/6bd77a6c58b77564a8b6ba3e7f78cc6a.php 第 243 行.
INFO: Run Behavior\ParseTemplateBehavior [ RunTime:0.007618s ]
INFO: [ view_parse ] --END-- [ RunTime:0.007633s ]
INFO: [ view_filter ] --START--
INFO: Run Behavior\WriteHtmlCacheBehavior [ RunTime:0.000086s ]
INFO: [ view_filter ] --END-- [ RunTime:0.000097s ]
INFO: [ app_end ] --START--
INFO: Run Behavior\ShowPageTraceBehavior [ RunTime:0.000253s ]
INFO: [ app_end ] --END-- [ RunTime:0.000267s ]

[ 2017-12-08T10:06:03+08:00 ] 101.81.0.88 /admin.php/Users/Address/index.html
INFO: [ app_init ] --START--
INFO: Run Behavior\BuildLiteBehavior [ RunTime:0.000006s ]
INFO: [ app_init ] --END-- [ RunTime:0.000153s ]
INFO: [ app_begin ] --START--
INFO: Run Behavior\ReadHtmlCacheBehavior [ RunTime:0.000200s ]
INFO: [ app_begin ] --END-- [ RunTime:0.000215s ]
NOTIC: [8] A session had already been started - ignoring session_start() /home/www/hqjhc/ThinkPHP/Common/functions.php 第 1263 行.
SQL: SHOW COLUMNS FROM `hqjhc_staffs` [ RunTime:0.0005s ]
SQL: SHOW COLUMNS FROM `hqjhc_staffs` [ RunTime:0.0003s ]
SQL: SELECT * FROM `hqjhc_staffs` WHERE `stffid` = 6 LIMIT 1   [ RunTime:0.0002s ]
SQL: SHOW COLUMNS FROM `hqjhc_user_address` [ RunTime:0.0003s ]
SQL: SELECT COUNT(*) AS tp_count FROM `hqjhc_user_address` WHERE `dataFlag` = 0 LIMIT 1   [ RunTime:0.0001s ]
SQL: SELECT * FROM `hqjhc_user_address` WHERE `dataFlag` = 0 ORDER BY `addressid` desc LIMIT 0,15   [ RunTime:0.0002s ]
SQL: SHOW COLUMNS FROM `hqjhc_users` [ RunTime:0.0004s ]
SQL: SELECT * FROM `hqjhc_users` WHERE `userid` = 27 LIMIT 1   [ RunTime:0.0002s ]
SQL: SELECT * FROM `hqjhc_users` WHERE `userid` = 30 LIMIT 1   [ RunTime:0.0002s ]
SQL: SELECT * FROM `hqjhc_users` WHERE `userid` = 38 LIMIT 1   [ RunTime:0.0002s ]
SQL: SELECT * FROM `hqjhc_users` WHERE `userid` = 39 LIMIT 1   [ RunTime:0.0001s ]
SQL: SELECT * FROM `hqjhc_users` WHERE `userid` = 36 LIMIT 1   [ RunTime:0.0001s ]
SQL: SELECT * FROM `hqjhc_users` WHERE `userid` = 29 LIMIT 1   [ RunTime:0.0001s ]
SQL: SELECT * FROM `hqjhc_users` WHERE `userid` = 29 LIMIT 1   [ RunTime:0.0002s ]
INFO: [ view_parse ] --START--
INFO: [ template_filter ] --START--
INFO: Run Behavior\ContentReplaceBehavior [ RunTime:0.000075s ]
INFO: [ template_filter ] --END-- [ RunTime:0.000090s ]
NOTIC: [8] Undefined property: Think\Storage\Driver\File::$_data /home/www/hqjhc/backend/Runtime/Cache/Users/5529ca622aa0e5ca9c0f3a3dbe86046f.php 第 243 行.
NOTIC: [8] Undefined index: area /home/www/hqjhc/backend/Runtime/Cache/Users/5529ca622aa0e5ca9c0f3a3dbe86046f.php 第 607 行.
NOTIC: [8] Undefined index: useraddress /home/www/hqjhc/backend/Runtime/Cache/Users/5529ca622aa0e5ca9c0f3a3dbe86046f.php 第 608 行.
NOTIC: [8] Undefined index: lastip /home/www/hqjhc/backend/Runtime/Cache/Users/5529ca622aa0e5ca9c0f3a3dbe86046f.php 第 612 行.
NOTIC: [8] Undefined index: userstatus /home/www/hqjhc/backend/Runtime/Cache/Users/5529ca622aa0e5ca9c0f3a3dbe86046f.php 第 627 行.
NOTIC: [8] Undefined index: userstatus /home/www/hqjhc/backend/Runtime/Cache/Users/5529ca622aa0e5ca9c0f3a3dbe86046f.php 第 630 行.
NOTIC: [8] Undefined index: area /home/www/hqjhc/backend/Runtime/Cache/Users/5529ca622aa0e5ca9c0f3a3dbe86046f.php 第 607 行.
NOTIC: [8] Undefined index: useraddress /home/www/hqjhc/backend/Runtime/Cache/Users/5529ca622aa0e5ca9c0f3a3dbe86046f.php 第 608 行.
NOTIC: [8] Undefined index: lastip /home/www/hqjhc/backend/Runtime/Cache/Users/5529ca622aa0e5ca9c0f3a3dbe86046f.php 第 612 行.
NOTIC: [8] Undefined index: userstatus /home/www/hqjhc/backend/Runtime/Cache/Users/5529ca622aa0e5ca9c0f3a3dbe86046f.php 第 627 行.
NOTIC: [8] Undefined index: userstatus /home/www/hqjhc/backend/Runtime/Cache/Users/5529ca622aa0e5ca9c0f3a3dbe86046f.php 第 630 行.
NOTIC: [8] Undefined index: area /home/www/hqjhc/backend/Runtime/Cache/Users/5529ca622aa0e5ca9c0f3a3dbe86046f.php 第 607 行.
NOTIC: [8] Undefined index: useraddress /home/www/hqjhc/backend/Runtime/Cache/Users/5529ca622aa0e5ca9c0f3a3dbe86046f.php 第 608 行.
NOTIC: [8] Undefined index: lastip /home/www/hqjhc/backend/Runtime/Cache/Users/5529ca622aa0e5ca9c0f3a3dbe86046f.php 第 612 行.
NOTIC: [8] Undefined index: userstatus /home/www/hqjhc/backend/Runtime/Cache/Users/5529ca622aa0e5ca9c0f3a3dbe86046f.php 第 627 行.
NOTIC: [8] Undefined index: userstatus /home/www/hqjhc/backend/Runtime/Cache/Users/5529ca622aa0e5ca9c0f3a3dbe86046f.php 第 630 行.
NOTIC: [8] Undefined index: area /home/www/hqjhc/backend/Runtime/Cache/Users/5529ca622aa0e5ca9c0f3a3dbe86046f.php 第 607 行.
NOTIC: [8] Undefined index: useraddress /home/www/hqjhc/backend/Runtime/Cache/Users/5529ca622aa0e5ca9c0f3a3dbe86046f.php 第 608 行.
NOTIC: [8] Undefined index: lastip /home/www/hqjhc/backend/Runtime/Cache/Users/5529ca622aa0e5ca9c0f3a3dbe86046f.php 第 612 行.
NOTIC: [8] Undefined index: userstatus /home/www/hqjhc/backend/Runtime/Cache/Users/5529ca622aa0e5ca9c0f3a3dbe86046f.php 第 627 行.
NOTIC: [8] Undefined index: userstatus /home/www/hqjhc/backend/Runtime/Cache/Users/5529ca622aa0e5ca9c0f3a3dbe86046f.php 第 630 行.
NOTIC: [8] Undefined index: area /home/www/hqjhc/backend/Runtime/Cache/Users/5529ca622aa0e5ca9c0f3a3dbe86046f.php 第 607 行.
NOTIC: [8] Undefined index: useraddress /home/www/hqjhc/backend/Runtime/Cache/Users/5529ca622aa0e5ca9c0f3a3dbe86046f.php 第 608 行.
NOTIC: [8] Undefined index: lastip /home/www/hqjhc/backend/Runtime/Cache/Users/5529ca622aa0e5ca9c0f3a3dbe86046f.php 第 612 行.
NOTIC: [8] Undefined index: userstatus /home/www/hqjhc/backend/Runtime/Cache/Users/5529ca622aa0e5ca9c0f3a3dbe86046f.php 第 627 行.
NOTIC: [8] Undefined index: userstatus /home/www/hqjhc/backend/Runtime/Cache/Users/5529ca622aa0e5ca9c0f3a3dbe86046f.php 第 630 行.
NOTIC: [8] Undefined index: area /home/www/hqjhc/backend/Runtime/Cache/Users/5529ca622aa0e5ca9c0f3a3dbe86046f.php 第 607 行.
NOTIC: [8] Undefined index: useraddress /home/www/hqjhc/backend/Runtime/Cache/Users/5529ca622aa0e5ca9c0f3a3dbe86046f.php 第 608 行.
NOTIC: [8] Undefined index: lastip /home/www/hqjhc/backend/Runtime/Cache/Users/5529ca622aa0e5ca9c0f3a3dbe86046f.php 第 612 行.
NOTIC: [8] Undefined index: userstatus /home/www/hqjhc/backend/Runtime/Cache/Users/5529ca622aa0e5ca9c0f3a3dbe86046f.php 第 627 行.
NOTIC: [8] Undefined index: userstatus /home/www/hqjhc/backend/Runtime/Cache/Users/5529ca622aa0e5ca9c0f3a3dbe86046f.php 第 630 行.
NOTIC: [8] Undefined index: area /home/www/hqjhc/backend/Runtime/Cache/Users/5529ca622aa0e5ca9c0f3a3dbe86046f.php 第 607 行.
NOTIC: [8] Undefined index: useraddress /home/www/hqjhc/backend/Runtime/Cache/Users/5529ca622aa0e5ca9c0f3a3dbe86046f.php 第 608 行.
NOTIC: [8] Undefined index: lastip /home/www/hqjhc/backend/Runtime/Cache/Users/5529ca622aa0e5ca9c0f3a3dbe86046f.php 第 612 行.
NOTIC: [8] Undefined index: userstatus /home/www/hqjhc/backend/Runtime/Cache/Users/5529ca622aa0e5ca9c0f3a3dbe86046f.php 第 627 行.
NOTIC: [8] Undefined index: userstatus /home/www/hqjhc/backend/Runtime/Cache/Users/5529ca622aa0e5ca9c0f3a3dbe86046f.php 第 630 行.
INFO: Run Behavior\ParseTemplateBehavior [ RunTime:0.007344s ]
INFO: [ view_parse ] --END-- [ RunTime:0.007356s ]
INFO: [ view_filter ] --START--
INFO: Run Behavior\WriteHtmlCacheBehavior [ RunTime:0.000073s ]
INFO: [ view_filter ] --END-- [ RunTime:0.000083s ]
INFO: [ app_end ] --START--
INFO: Run Behavior\ShowPageTraceBehavior [ RunTime:0.000224s ]
INFO: [ app_end ] --END-- [ RunTime:0.000237s ]

[ 2017-12-08T19:39:13+08:00 ] 114.83.92.198 /admin.php/Users/Index/index.html
INFO: [ app_init ] --START--
INFO: Run Behavior\BuildLiteBehavior [ RunTime:0.000006s ]
INFO: [ app_init ] --END-- [ RunTime:0.000153s ]
INFO: [ app_begin ] --START--
INFO: Run Behavior\ReadHtmlCacheBehavior [ RunTime:0.000219s ]
INFO: [ app_begin ] --END-- [ RunTime:0.000236s ]
NOTIC: [8] A session had already been started - ignoring session_start() /home/www/hqjhc/ThinkPHP/Common/functions.php 第 1263 行.
SQL: SHOW COLUMNS FROM `hqjhc_staffs` [ RunTime:0.0005s ]
SQL: SHOW COLUMNS FROM `hqjhc_staffs` [ RunTime:0.0003s ]
SQL: SELECT * FROM `hqjhc_staffs` WHERE `stffid` = 6 LIMIT 1   [ RunTime:0.0002s ]
SQL: SHOW COLUMNS FROM `hqjhc_users` [ RunTime:0.0004s ]
SQL: SELECT COUNT(*) AS tp_count FROM `hqjhc_users` WHERE `dataFlag` = 0 LIMIT 1   [ RunTime:0.0002s ]
SQL: SELECT * FROM `hqjhc_users` WHERE `dataFlag` = 0 ORDER BY `userid` desc LIMIT 0,15   [ RunTime:0.0003s ]
INFO: [ view_parse ] --START--
INFO: [ template_filter ] --START--
INFO: Run Behavior\ContentReplaceBehavior [ RunTime:0.000082s ]
INFO: [ template_filter ] --END-- [ RunTime:0.000099s ]
NOTIC: [8] Undefined property: Think\Storage\Driver\File::$_data /home/www/hqjhc/backend/Runtime/Cache/Users/6bd77a6c58b77564a8b6ba3e7f78cc6a.php 第 243 行.
INFO: Run Behavior\ParseTemplateBehavior [ RunTime:0.007991s ]
INFO: [ view_parse ] --END-- [ RunTime:0.008007s ]
INFO: [ view_filter ] --START--
INFO: Run Behavior\WriteHtmlCacheBehavior [ RunTime:0.000074s ]
INFO: [ view_filter ] --END-- [ RunTime:0.000085s ]
INFO: [ app_end ] --START--
INFO: Run Behavior\ShowPageTraceBehavior [ RunTime:0.000236s ]
INFO: [ app_end ] --END-- [ RunTime:0.000251s ]

[ 2017-12-08T21:15:41+08:00 ] 114.83.92.198 /admin.php/Users/Index/index.html
INFO: [ app_init ] --START--
INFO: Run Behavior\BuildLiteBehavior [ RunTime:0.000005s ]
INFO: [ app_init ] --END-- [ RunTime:0.000161s ]
INFO: [ app_begin ] --START--
INFO: Run Behavior\ReadHtmlCacheBehavior [ RunTime:0.000202s ]
INFO: [ app_begin ] --END-- [ RunTime:0.000219s ]
NOTIC: [8] A session had already been started - ignoring session_start() /home/www/hqjhc/ThinkPHP/Common/functions.php 第 1263 行.
SQL: SHOW COLUMNS FROM `hqjhc_staffs` [ RunTime:0.0005s ]
SQL: SHOW COLUMNS FROM `hqjhc_staffs` [ RunTime:0.0003s ]
SQL: SELECT * FROM `hqjhc_staffs` WHERE `stffid` = 6 LIMIT 1   [ RunTime:0.0002s ]
SQL: SHOW COLUMNS FROM `hqjhc_users` [ RunTime:0.0004s ]
SQL: SELECT COUNT(*) AS tp_count FROM `hqjhc_users` WHERE `dataFlag` = 0 LIMIT 1   [ RunTime:0.0002s ]
SQL: SELECT * FROM `hqjhc_users` WHERE `dataFlag` = 0 ORDER BY `userid` desc LIMIT 0,15   [ RunTime:0.0003s ]
INFO: [ view_parse ] --START--
INFO: [ template_filter ] --START--
INFO: Run Behavior\ContentReplaceBehavior [ RunTime:0.000082s ]
INFO: [ template_filter ] --END-- [ RunTime:0.000099s ]
NOTIC: [8] Undefined property: Think\Storage\Driver\File::$_data /home/www/hqjhc/backend/Runtime/Cache/Users/6bd77a6c58b77564a8b6ba3e7f78cc6a.php 第 243 行.
INFO: Run Behavior\ParseTemplateBehavior [ RunTime:0.007868s ]
INFO: [ view_parse ] --END-- [ RunTime:0.007883s ]
INFO: [ view_filter ] --START--
INFO: Run Behavior\WriteHtmlCacheBehavior [ RunTime:0.000077s ]
INFO: [ view_filter ] --END-- [ RunTime:0.000089s ]
INFO: [ app_end ] --START--
INFO: Run Behavior\ShowPageTraceBehavior [ RunTime:0.000243s ]
INFO: [ app_end ] --END-- [ RunTime:0.000258s ]

