[ 2017-11-28T18:15:13+08:00 ] 101.81.120.60 /admin.php/Users/Index/index.html
INFO: [ app_init ] --START--
INFO: Run Behavior\BuildLiteBehavior [ RunTime:0.000006s ]
INFO: [ app_init ] --END-- [ RunTime:0.000151s ]
INFO: [ app_begin ] --START--
INFO: Run Behavior\ReadHtmlCacheBehavior [ RunTime:0.000197s ]
INFO: [ app_begin ] --END-- [ RunTime:0.000212s ]
NOTIC: [8] A session had already been started - ignoring session_start() /home/www/hqjhc/ThinkPHP/Common/functions.php 第 1263 行.
SQL: SHOW COLUMNS FROM `hqjhc_staffs` [ RunTime:0.0005s ]

[ 2017-11-28T18:15:25+08:00 ] 101.81.120.60 /admin.php/Users/Index/index.html
INFO: [ app_init ] --START--
INFO: Run Behavior\BuildLiteBehavior [ RunTime:0.000005s ]
INFO: [ app_init ] --END-- [ RunTime:0.000166s ]
INFO: [ app_begin ] --START--
INFO: Run Behavior\ReadHtmlCacheBehavior [ RunTime:0.000198s ]
INFO: [ app_begin ] --END-- [ RunTime:0.000215s ]
NOTIC: [8] A session had already been started - ignoring session_start() /home/www/hqjhc/ThinkPHP/Common/functions.php 第 1263 行.
SQL: SHOW COLUMNS FROM `hqjhc_staffs` [ RunTime:0.0005s ]
SQL: SHOW COLUMNS FROM `hqjhc_staffs` [ RunTime:0.0003s ]
SQL: SELECT * FROM `hqjhc_staffs` WHERE `stffid` = 6 LIMIT 1   [ RunTime:0.0002s ]
SQL: SHOW COLUMNS FROM `hqjhc_users` [ RunTime:0.0004s ]
SQL: SELECT COUNT(*) AS tp_count FROM `hqjhc_users` WHERE `dataFlag` = 0 LIMIT 1   [ RunTime:0.0002s ]
SQL: SELECT * FROM `hqjhc_users` WHERE `dataFlag` = 0 ORDER BY `userid` desc LIMIT 0,15   [ RunTime:0.0003s ]
SQL: SHOW COLUMNS FROM `hqjhc_staffs` [ RunTime:0.0003s ]
SQL: SELECT * FROM `hqjhc_staffs` WHERE `stffid` = 6 LIMIT 1   [ RunTime:0.0002s ]
SQL: SHOW COLUMNS FROM `hqjhc_staffs` [ RunTime:0.0003s ]
SQL: SELECT * FROM `hqjhc_staffs` WHERE `stffid` = 6 LIMIT 1   [ RunTime:0.0002s ]
SQL: SHOW COLUMNS FROM `hqjhc_staffs` [ RunTime:0.0003s ]
SQL: SELECT * FROM `hqjhc_staffs` WHERE `stffid` = 0 LIMIT 1   [ RunTime:0.0001s ]
INFO: [ view_parse ] --START--
INFO: [ template_filter ] --START--
INFO: Run Behavior\ContentReplaceBehavior [ RunTime:0.000076s ]
INFO: [ template_filter ] --END-- [ RunTime:0.000092s ]
INFO: Run Behavior\ParseTemplateBehavior [ RunTime:0.007674s ]
INFO: [ view_parse ] --END-- [ RunTime:0.007690s ]
INFO: [ view_filter ] --START--
INFO: Run Behavior\WriteHtmlCacheBehavior [ RunTime:0.000074s ]
INFO: [ view_filter ] --END-- [ RunTime:0.000086s ]
INFO: [ app_end ] --START--
INFO: Run Behavior\ShowPageTraceBehavior [ RunTime:0.000237s ]
INFO: [ app_end ] --END-- [ RunTime:0.000253s ]

[ 2017-11-28T21:43:20+08:00 ] 114.83.92.198 /admin.php/Users/Index/index.html
INFO: [ app_init ] --START--
INFO: Run Behavior\BuildLiteBehavior [ RunTime:0.000006s ]
INFO: [ app_init ] --END-- [ RunTime:0.000156s ]
INFO: [ app_begin ] --START--
INFO: Run Behavior\ReadHtmlCacheBehavior [ RunTime:0.000204s ]
INFO: [ app_begin ] --END-- [ RunTime:0.000220s ]
NOTIC: [8] A session had already been started - ignoring session_start() /home/www/hqjhc/ThinkPHP/Common/functions.php 第 1263 行.
SQL: SHOW COLUMNS FROM `hqjhc_staffs` [ RunTime:0.0005s ]
SQL: SHOW COLUMNS FROM `hqjhc_staffs` [ RunTime:0.0003s ]
SQL: SELECT * FROM `hqjhc_staffs` WHERE `stffid` = 6 LIMIT 1   [ RunTime:0.0002s ]
SQL: SHOW COLUMNS FROM `hqjhc_users` [ RunTime:0.0004s ]
SQL: SELECT COUNT(*) AS tp_count FROM `hqjhc_users` WHERE `dataFlag` = 0 LIMIT 1   [ RunTime:0.0002s ]
SQL: SELECT * FROM `hqjhc_users` WHERE `dataFlag` = 0 ORDER BY `userid` desc LIMIT 0,15   [ RunTime:0.0003s ]
SQL: SHOW COLUMNS FROM `hqjhc_staffs` [ RunTime:0.0003s ]
SQL: SELECT * FROM `hqjhc_staffs` WHERE `stffid` = 6 LIMIT 1   [ RunTime:0.0002s ]
SQL: SHOW COLUMNS FROM `hqjhc_staffs` [ RunTime:0.0003s ]
SQL: SELECT * FROM `hqjhc_staffs` WHERE `stffid` = 6 LIMIT 1   [ RunTime:0.0001s ]
SQL: SHOW COLUMNS FROM `hqjhc_staffs` [ RunTime:0.0003s ]
SQL: SELECT * FROM `hqjhc_staffs` WHERE `stffid` = 0 LIMIT 1   [ RunTime:0.0001s ]
INFO: [ view_parse ] --START--
INFO: [ template_filter ] --START--
INFO: Run Behavior\ContentReplaceBehavior [ RunTime:0.000076s ]
INFO: [ template_filter ] --END-- [ RunTime:0.000092s ]
INFO: Run Behavior\ParseTemplateBehavior [ RunTime:0.007583s ]
INFO: [ view_parse ] --END-- [ RunTime:0.007598s ]
INFO: [ view_filter ] --START--
INFO: Run Behavior\WriteHtmlCacheBehavior [ RunTime:0.000076s ]
INFO: [ view_filter ] --END-- [ RunTime:0.000088s ]
INFO: [ app_end ] --START--
INFO: Run Behavior\ShowPageTraceBehavior [ RunTime:0.000246s ]
INFO: [ app_end ] --END-- [ RunTime:0.000262s ]

[ 2017-11-28T21:43:39+08:00 ] 114.83.92.198 /admin.php/Users/Vip/index.html
INFO: [ app_init ] --START--
INFO: Run Behavior\BuildLiteBehavior [ RunTime:0.000006s ]
INFO: [ app_init ] --END-- [ RunTime:0.000189s ]
INFO: [ app_begin ] --START--
INFO: Run Behavior\ReadHtmlCacheBehavior [ RunTime:0.000234s ]
INFO: [ app_begin ] --END-- [ RunTime:0.000251s ]
NOTIC: [8] A session had already been started - ignoring session_start() /home/www/hqjhc/ThinkPHP/Common/functions.php 第 1263 行.
SQL: SHOW COLUMNS FROM `hqjhc_staffs` [ RunTime:0.0005s ]
SQL: SHOW COLUMNS FROM `hqjhc_staffs` [ RunTime:0.0003s ]
SQL: SELECT * FROM `hqjhc_staffs` WHERE `stffid` = 6 LIMIT 1   [ RunTime:0.0002s ]
SQL: SHOW COLUMNS FROM `hqjhc_user_vip` [ RunTime:0.0002s ]
SQL: SELECT COUNT(*) AS tp_count FROM `hqjhc_user_vip` LIMIT 1   [ RunTime:0.0001s ]
SQL: SELECT * FROM `hqjhc_user_vip` LIMIT 0,15   [ RunTime:0.0001s ]
SQL: SHOW COLUMNS FROM `hqjhc_users` [ RunTime:0.0004s ]
SQL: SHOW COLUMNS FROM `hqjhc_users` [ RunTime:0.0003s ]
SQL: SELECT * FROM `hqjhc_users` WHERE `userid` = 19 AND `dataFlag` = 0 LIMIT 1   [ RunTime:0.0002s ]
SQL: SHOW COLUMNS FROM `hqjhc_users` [ RunTime:0.0004s ]
SQL: SELECT * FROM `hqjhc_users` WHERE `userid` = 19 AND `dataFlag` = 0 LIMIT 1   [ RunTime:0.0002s ]
INFO: [ view_parse ] --START--
INFO: [ template_filter ] --START--
INFO: Run Behavior\ContentReplaceBehavior [ RunTime:0.000071s ]
INFO: [ template_filter ] --END-- [ RunTime:0.000085s ]
INFO: Run Behavior\ParseTemplateBehavior [ RunTime:0.006334s ]
INFO: [ view_parse ] --END-- [ RunTime:0.006349s ]
INFO: [ view_filter ] --START--
INFO: Run Behavior\WriteHtmlCacheBehavior [ RunTime:0.000072s ]
INFO: [ view_filter ] --END-- [ RunTime:0.000082s ]
INFO: [ app_end ] --START--
INFO: Run Behavior\ShowPageTraceBehavior [ RunTime:0.000241s ]
INFO: [ app_end ] --END-- [ RunTime:0.000256s ]

[ 2017-11-28T21:49:26+08:00 ] 114.83.92.198 /admin.php/Users/Index/index.html
INFO: [ app_init ] --START--
INFO: Run Behavior\BuildLiteBehavior [ RunTime:0.000006s ]
INFO: [ app_init ] --END-- [ RunTime:0.000154s ]
INFO: [ app_begin ] --START--
INFO: Run Behavior\ReadHtmlCacheBehavior [ RunTime:0.000200s ]
INFO: [ app_begin ] --END-- [ RunTime:0.000215s ]
NOTIC: [8] A session had already been started - ignoring session_start() /home/www/hqjhc/ThinkPHP/Common/functions.php 第 1263 行.
SQL: SHOW COLUMNS FROM `hqjhc_staffs` [ RunTime:0.0005s ]
SQL: SHOW COLUMNS FROM `hqjhc_staffs` [ RunTime:0.0003s ]
SQL: SELECT * FROM `hqjhc_staffs` WHERE `stffid` = 6 LIMIT 1   [ RunTime:0.0002s ]
SQL: SHOW COLUMNS FROM `hqjhc_users` [ RunTime:0.0004s ]
SQL: SELECT COUNT(*) AS tp_count FROM `hqjhc_users` WHERE `dataFlag` = 0 LIMIT 1   [ RunTime:0.0002s ]
SQL: SELECT * FROM `hqjhc_users` WHERE `dataFlag` = 0 ORDER BY `userid` desc LIMIT 0,15   [ RunTime:0.0003s ]
SQL: SHOW COLUMNS FROM `hqjhc_staffs` [ RunTime:0.0003s ]
SQL: SELECT * FROM `hqjhc_staffs` WHERE `stffid` = 6 LIMIT 1   [ RunTime:0.0001s ]
SQL: SHOW COLUMNS FROM `hqjhc_staffs` [ RunTime:0.0003s ]
SQL: SELECT * FROM `hqjhc_staffs` WHERE `stffid` = 6 LIMIT 1   [ RunTime:0.0001s ]
SQL: SHOW COLUMNS FROM `hqjhc_staffs` [ RunTime:0.0003s ]
SQL: SELECT * FROM `hqjhc_staffs` WHERE `stffid` = 0 LIMIT 1   [ RunTime:0.0001s ]
INFO: [ view_parse ] --START--
INFO: [ template_filter ] --START--
INFO: Run Behavior\ContentReplaceBehavior [ RunTime:0.000076s ]
INFO: [ template_filter ] --END-- [ RunTime:0.000090s ]
INFO: Run Behavior\ParseTemplateBehavior [ RunTime:0.007474s ]
INFO: [ view_parse ] --END-- [ RunTime:0.007489s ]
INFO: [ view_filter ] --START--
INFO: Run Behavior\WriteHtmlCacheBehavior [ RunTime:0.000072s ]
INFO: [ view_filter ] --END-- [ RunTime:0.000084s ]
INFO: [ app_end ] --START--
INFO: Run Behavior\ShowPageTraceBehavior [ RunTime:0.000228s ]
INFO: [ app_end ] --END-- [ RunTime:0.000242s ]

[ 2017-11-28T21:57:16+08:00 ] 114.83.92.198 /admin.php/Users/Index/index.html
INFO: [ app_init ] --START--
INFO: Run Behavior\BuildLiteBehavior [ RunTime:0.000006s ]
INFO: [ app_init ] --END-- [ RunTime:0.000170s ]
INFO: [ app_begin ] --START--
INFO: Run Behavior\ReadHtmlCacheBehavior [ RunTime:0.000224s ]
INFO: [ app_begin ] --END-- [ RunTime:0.000242s ]
NOTIC: [8] A session had already been started - ignoring session_start() /home/www/hqjhc/ThinkPHP/Common/functions.php 第 1263 行.
SQL: SHOW COLUMNS FROM `hqjhc_staffs` [ RunTime:0.0005s ]
SQL: SHOW COLUMNS FROM `hqjhc_staffs` [ RunTime:0.0003s ]
SQL: SELECT * FROM `hqjhc_staffs` WHERE `stffid` = 6 LIMIT 1   [ RunTime:0.0002s ]
SQL: SHOW COLUMNS FROM `hqjhc_users` [ RunTime:0.0004s ]
SQL: SELECT COUNT(*) AS tp_count FROM `hqjhc_users` WHERE `dataFlag` = 0 LIMIT 1   [ RunTime:0.0002s ]
SQL: SELECT * FROM `hqjhc_users` WHERE `dataFlag` = 0 ORDER BY `userid` desc LIMIT 0,15   [ RunTime:0.0003s ]
SQL: SHOW COLUMNS FROM `hqjhc_staffs` [ RunTime:0.0003s ]
SQL: SELECT * FROM `hqjhc_staffs` WHERE `stffid` = 6 LIMIT 1   [ RunTime:0.0001s ]
SQL: SHOW COLUMNS FROM `hqjhc_staffs` [ RunTime:0.0003s ]
SQL: SELECT * FROM `hqjhc_staffs` WHERE `stffid` = 6 LIMIT 1   [ RunTime:0.0001s ]
SQL: SHOW COLUMNS FROM `hqjhc_staffs` [ RunTime:0.0003s ]
SQL: SELECT * FROM `hqjhc_staffs` WHERE `stffid` = 0 LIMIT 1   [ RunTime:0.0001s ]
INFO: [ view_parse ] --START--
INFO: [ template_filter ] --START--
INFO: Run Behavior\ContentReplaceBehavior [ RunTime:0.000081s ]
INFO: [ template_filter ] --END-- [ RunTime:0.000096s ]
INFO: Run Behavior\ParseTemplateBehavior [ RunTime:0.007170s ]
INFO: [ view_parse ] --END-- [ RunTime:0.007185s ]
INFO: [ view_filter ] --START--
INFO: Run Behavior\WriteHtmlCacheBehavior [ RunTime:0.000072s ]
INFO: [ view_filter ] --END-- [ RunTime:0.000083s ]
INFO: [ app_end ] --START--
INFO: Run Behavior\ShowPageTraceBehavior [ RunTime:0.000239s ]
INFO: [ app_end ] --END-- [ RunTime:0.000253s ]

[ 2017-11-28T21:57:27+08:00 ] 114.83.92.198 /admin.php/Users/Address/index.html
INFO: [ app_init ] --START--
INFO: Run Behavior\BuildLiteBehavior [ RunTime:0.000006s ]
INFO: [ app_init ] --END-- [ RunTime:0.000155s ]
INFO: [ app_begin ] --START--
INFO: Run Behavior\ReadHtmlCacheBehavior [ RunTime:0.000212s ]
INFO: [ app_begin ] --END-- [ RunTime:0.000228s ]
NOTIC: [8] A session had already been started - ignoring session_start() /home/www/hqjhc/ThinkPHP/Common/functions.php 第 1263 行.
SQL: SHOW COLUMNS FROM `hqjhc_staffs` [ RunTime:0.0005s ]
SQL: SHOW COLUMNS FROM `hqjhc_staffs` [ RunTime:0.0003s ]
SQL: SELECT * FROM `hqjhc_staffs` WHERE `stffid` = 6 LIMIT 1   [ RunTime:0.0002s ]
SQL: SHOW COLUMNS FROM `hqjhc_user_address` [ RunTime:0.0003s ]
SQL: SELECT COUNT(*) AS tp_count FROM `hqjhc_user_address` WHERE `dataFlag` = 0 LIMIT 1   [ RunTime:0.0002s ]
SQL: SELECT * FROM `hqjhc_user_address` WHERE `dataFlag` = 0 ORDER BY `addressid` desc LIMIT 0,15   [ RunTime:0.0002s ]
SQL: SHOW COLUMNS FROM `hqjhc_users` [ RunTime:0.0004s ]
SQL: SELECT * FROM `hqjhc_users` WHERE `userid` = 15 LIMIT 1   [ RunTime:0.0002s ]
SQL: SELECT * FROM `hqjhc_users` WHERE `userid` = 10 LIMIT 1   [ RunTime:0.0002s ]
SQL: SELECT * FROM `hqjhc_users` WHERE `userid` = 22 LIMIT 1   [ RunTime:0.0001s ]
SQL: SELECT * FROM `hqjhc_users` WHERE `userid` = 19 LIMIT 1   [ RunTime:0.0001s ]
SQL: SELECT * FROM `hqjhc_users` WHERE `userid` = 14 LIMIT 1   [ RunTime:0.0001s ]
SQL: SELECT * FROM `hqjhc_users` WHERE `userid` = 14 LIMIT 1   [ RunTime:0.0002s ]
SQL: SELECT * FROM `hqjhc_users` WHERE `userid` = 12 LIMIT 1   [ RunTime:0.0002s ]
SQL: SELECT * FROM `hqjhc_users` WHERE `userid` = 12 LIMIT 1   [ RunTime:0.0001s ]
SQL: SELECT * FROM `hqjhc_users` WHERE `userid` = 13 LIMIT 1   [ RunTime:0.0001s ]
SQL: SELECT * FROM `hqjhc_users` WHERE `userid` = 7 LIMIT 1   [ RunTime:0.0002s ]
SQL: SELECT * FROM `hqjhc_users` WHERE `userid` = 4 LIMIT 1   [ RunTime:0.0001s ]
SQL: SELECT * FROM `hqjhc_users` WHERE `userid` = 4 LIMIT 1   [ RunTime:0.0001s ]
SQL: SELECT * FROM `hqjhc_users` WHERE `userid` = 4 LIMIT 1   [ RunTime:0.0001s ]
SQL: SELECT * FROM `hqjhc_users` WHERE `userid` = 4 LIMIT 1   [ RunTime:0.0001s ]
SQL: SELECT * FROM `hqjhc_users` WHERE `userid` = 4 LIMIT 1   [ RunTime:0.0001s ]
INFO: [ view_parse ] --START--
INFO: [ template_filter ] --START--
INFO: Run Behavior\ContentReplaceBehavior [ RunTime:0.000074s ]
INFO: [ template_filter ] --END-- [ RunTime:0.000088s ]
NOTIC: [8] Undefined index: area /home/www/hqjhc/backend/Runtime/Cache/Users/5529ca622aa0e5ca9c0f3a3dbe86046f.php 第 602 行.
NOTIC: [8] Undefined index: useraddress /home/www/hqjhc/backend/Runtime/Cache/Users/5529ca622aa0e5ca9c0f3a3dbe86046f.php 第 603 行.
NOTIC: [8] Undefined index: lastip /home/www/hqjhc/backend/Runtime/Cache/Users/5529ca622aa0e5ca9c0f3a3dbe86046f.php 第 607 行.
NOTIC: [8] Undefined index: userstatus /home/www/hqjhc/backend/Runtime/Cache/Users/5529ca622aa0e5ca9c0f3a3dbe86046f.php 第 622 行.
NOTIC: [8] Undefined index: userstatus /home/www/hqjhc/backend/Runtime/Cache/Users/5529ca622aa0e5ca9c0f3a3dbe86046f.php 第 625 行.
NOTIC: [8] Undefined index: area /home/www/hqjhc/backend/Runtime/Cache/Users/5529ca622aa0e5ca9c0f3a3dbe86046f.php 第 602 行.
NOTIC: [8] Undefined index: useraddress /home/www/hqjhc/backend/Runtime/Cache/Users/5529ca622aa0e5ca9c0f3a3dbe86046f.php 第 603 行.
NOTIC: [8] Undefined index: lastip /home/www/hqjhc/backend/Runtime/Cache/Users/5529ca622aa0e5ca9c0f3a3dbe86046f.php 第 607 行.
NOTIC: [8] Undefined index: userstatus /home/www/hqjhc/backend/Runtime/Cache/Users/5529ca622aa0e5ca9c0f3a3dbe86046f.php 第 622 行.
NOTIC: [8] Undefined index: userstatus /home/www/hqjhc/backend/Runtime/Cache/Users/5529ca622aa0e5ca9c0f3a3dbe86046f.php 第 625 行.
NOTIC: [8] Undefined index: area /home/www/hqjhc/backend/Runtime/Cache/Users/5529ca622aa0e5ca9c0f3a3dbe86046f.php 第 602 行.
NOTIC: [8] Undefined index: useraddress /home/www/hqjhc/backend/Runtime/Cache/Users/5529ca622aa0e5ca9c0f3a3dbe86046f.php 第 603 行.
NOTIC: [8] Undefined index: lastip /home/www/hqjhc/backend/Runtime/Cache/Users/5529ca622aa0e5ca9c0f3a3dbe86046f.php 第 607 行.
NOTIC: [8] Undefined index: userstatus /home/www/hqjhc/backend/Runtime/Cache/Users/5529ca622aa0e5ca9c0f3a3dbe86046f.php 第 622 行.
NOTIC: [8] Undefined index: userstatus /home/www/hqjhc/backend/Runtime/Cache/Users/5529ca622aa0e5ca9c0f3a3dbe86046f.php 第 625 行.
NOTIC: [8] Undefined index: area /home/www/hqjhc/backend/Runtime/Cache/Users/5529ca622aa0e5ca9c0f3a3dbe86046f.php 第 602 行.
NOTIC: [8] Undefined index: useraddress /home/www/hqjhc/backend/Runtime/Cache/Users/5529ca622aa0e5ca9c0f3a3dbe86046f.php 第 603 行.
NOTIC: [8] Undefined index: lastip /home/www/hqjhc/backend/Runtime/Cache/Users/5529ca622aa0e5ca9c0f3a3dbe86046f.php 第 607 行.
NOTIC: [8] Undefined index: userstatus /home/www/hqjhc/backend/Runtime/Cache/Users/5529ca622aa0e5ca9c0f3a3dbe86046f.php 第 622 行.
NOTIC: [8] Undefined index: userstatus /home/www/hqjhc/backend/Runtime/Cache/Users/5529ca622aa0e5ca9c0f3a3dbe86046f.php 第 625 行.
NOTIC: [8] Undefined index: area /home/www/hqjhc/backend/Runtime/Cache/Users/5529ca622aa0e5ca9c0f3a3dbe86046f.php 第 602 行.
NOTIC: [8] Undefined index: useraddress /home/www/hqjhc/backend/Runtime/Cache/Users/5529ca622aa0e5ca9c0f3a3dbe86046f.php 第 603 行.
NOTIC: [8] Undefined index: lastip /home/www/hqjhc/backend/Runtime/Cache/Users/5529ca622aa0e5ca9c0f3a3dbe86046f.php 第 607 行.
NOTIC: [8] Undefined index: userstatus /home/www/hqjhc/backend/Runtime/Cache/Users/5529ca622aa0e5ca9c0f3a3dbe86046f.php 第 622 行.
NOTIC: [8] Undefined index: userstatus /home/www/hqjhc/backend/Runtime/Cache/Users/5529ca622aa0e5ca9c0f3a3dbe86046f.php 第 625 行.
NOTIC: [8] Undefined index: area /home/www/hqjhc/backend/Runtime/Cache/Users/5529ca622aa0e5ca9c0f3a3dbe86046f.php 第 602 行.
NOTIC: [8] Undefined index: useraddress /home/www/hqjhc/backend/Runtime/Cache/Users/5529ca622aa0e5ca9c0f3a3dbe86046f.php 第 603 行.
NOTIC: [8] Undefined index: lastip /home/www/hqjhc/backend/Runtime/Cache/Users/5529ca622aa0e5ca9c0f3a3dbe86046f.php 第 607 行.
NOTIC: [8] Undefined index: userstatus /home/www/hqjhc/backend/Runtime/Cache/Users/5529ca622aa0e5ca9c0f3a3dbe86046f.php 第 622 行.
NOTIC: [8] Undefined index: userstatus /home/www/hqjhc/backend/Runtime/Cache/Users/5529ca622aa0e5ca9c0f3a3dbe86046f.php 第 625 行.
NOTIC: [8] Undefined index: area /home/www/hqjhc/backend/Runtime/Cache/Users/5529ca622aa0e5ca9c0f3a3dbe86046f.php 第 602 行.
NOTIC: [8] Undefined index: useraddress /home/www/hqjhc/backend/Runtime/Cache/Users/5529ca622aa0e5ca9c0f3a3dbe86046f.php 第 603 行.
NOTIC: [8] Undefined index: lastip /home/www/hqjhc/backend/Runtime/Cache/Users/5529ca622aa0e5ca9c0f3a3dbe86046f.php 第 607 行.
NOTIC: [8] Undefined index: userstatus /home/www/hqjhc/backend/Runtime/Cache/Users/5529ca622aa0e5ca9c0f3a3dbe86046f.php 第 622 行.
NOTIC: [8] Undefined index: userstatus /home/www/hqjhc/backend/Runtime/Cache/Users/5529ca622aa0e5ca9c0f3a3dbe86046f.php 第 625 行.
NOTIC: [8] Undefined index: area /home/www/hqjhc/backend/Runtime/Cache/Users/5529ca622aa0e5ca9c0f3a3dbe86046f.php 第 602 行.
NOTIC: [8] Undefined index: useraddress /home/www/hqjhc/backend/Runtime/Cache/Users/5529ca622aa0e5ca9c0f3a3dbe86046f.php 第 603 行.
NOTIC: [8] Undefined index: lastip /home/www/hqjhc/backend/Runtime/Cache/Users/5529ca622aa0e5ca9c0f3a3dbe86046f.php 第 607 行.
NOTIC: [8] Undefined index: userstatus /home/www/hqjhc/backend/Runtime/Cache/Users/5529ca622aa0e5ca9c0f3a3dbe86046f.php 第 622 行.
NOTIC: [8] Undefined index: userstatus /home/www/hqjhc/backend/Runtime/Cache/Users/5529ca622aa0e5ca9c0f3a3dbe86046f.php 第 625 行.
NOTIC: [8] Undefined index: area /home/www/hqjhc/backend/Runtime/Cache/Users/5529ca622aa0e5ca9c0f3a3dbe86046f.php 第 602 行.
NOTIC: [8] Undefined index: useraddress /home/www/hqjhc/backend/Runtime/Cache/Users/5529ca622aa0e5ca9c0f3a3dbe86046f.php 第 603 行.
NOTIC: [8] Undefined index: lastip /home/www/hqjhc/backend/Runtime/Cache/Users/5529ca622aa0e5ca9c0f3a3dbe86046f.php 第 607 行.
NOTIC: [8] Undefined index: userstatus /home/www/hqjhc/backend/Runtime/Cache/Users/5529ca622aa0e5ca9c0f3a3dbe86046f.php 第 622 行.
NOTIC: [8] Undefined index: userstatus /home/www/hqjhc/backend/Runtime/Cache/Users/5529ca622aa0e5ca9c0f3a3dbe86046f.php 第 625 行.
NOTIC: [8] Undefined index: area /home/www/hqjhc/backend/Runtime/Cache/Users/5529ca622aa0e5ca9c0f3a3dbe86046f.php 第 602 行.
NOTIC: [8] Undefined index: useraddress /home/www/hqjhc/backend/Runtime/Cache/Users/5529ca622aa0e5ca9c0f3a3dbe86046f.php 第 603 行.
NOTIC: [8] Undefined index: lastip /home/www/hqjhc/backend/Runtime/Cache/Users/5529ca622aa0e5ca9c0f3a3dbe86046f.php 第 607 行.
NOTIC: [8] Undefined index: userstatus /home/www/hqjhc/backend/Runtime/Cache/Users/5529ca622aa0e5ca9c0f3a3dbe86046f.php 第 622 行.
NOTIC: [8] Undefined index: userstatus /home/www/hqjhc/backend/Runtime/Cache/Users/5529ca622aa0e5ca9c0f3a3dbe86046f.php 第 625 行.
NOTIC: [8] Undefined index: area /home/www/hqjhc/backend/Runtime/Cache/Users/5529ca622aa0e5ca9c0f3a3dbe86046f.php 第 602 行.
NOTIC: [8] Undefined index: useraddress /home/www/hqjhc/backend/Runtime/Cache/Users/5529ca622aa0e5ca9c0f3a3dbe86046f.php 第 603 行.
NOTIC: [8] Undefined index: lastip /home/www/hqjhc/backend/Runtime/Cache/Users/5529ca622aa0e5ca9c0f3a3dbe86046f.php 第 607 行.
NOTIC: [8] Undefined index: userstatus /home/www/hqjhc/backend/Runtime/Cache/Users/5529ca622aa0e5ca9c0f3a3dbe86046f.php 第 622 行.
NOTIC: [8] Undefined index: userstatus /home/www/hqjhc/backend/Runtime/Cache/Users/5529ca622aa0e5ca9c0f3a3dbe86046f.php 第 625 行.
NOTIC: [8] Undefined index: area /home/www/hqjhc/backend/Runtime/Cache/Users/5529ca622aa0e5ca9c0f3a3dbe86046f.php 第 602 行.
NOTIC: [8] Undefined index: useraddress /home/www/hqjhc/backend/Runtime/Cache/Users/5529ca622aa0e5ca9c0f3a3dbe86046f.php 第 603 行.
NOTIC: [8] Undefined index: lastip /home/www/hqjhc/backend/Runtime/Cache/Users/5529ca622aa0e5ca9c0f3a3dbe86046f.php 第 607 行.
NOTIC: [8] Undefined index: userstatus /home/www/hqjhc/backend/Runtime/Cache/Users/5529ca622aa0e5ca9c0f3a3dbe86046f.php 第 622 行.
NOTIC: [8] Undefined index: userstatus /home/www/hqjhc/backend/Runtime/Cache/Users/5529ca622aa0e5ca9c0f3a3dbe86046f.php 第 625 行.
NOTIC: [8] Undefined index: area /home/www/hqjhc/backend/Runtime/Cache/Users/5529ca622aa0e5ca9c0f3a3dbe86046f.php 第 602 行.
NOTIC: [8] Undefined index: useraddress /home/www/hqjhc/backend/Runtime/Cache/Users/5529ca622aa0e5ca9c0f3a3dbe86046f.php 第 603 行.
NOTIC: [8] Undefined index: lastip /home/www/hqjhc/backend/Runtime/Cache/Users/5529ca622aa0e5ca9c0f3a3dbe86046f.php 第 607 行.
NOTIC: [8] Undefined index: userstatus /home/www/hqjhc/backend/Runtime/Cache/Users/5529ca622aa0e5ca9c0f3a3dbe86046f.php 第 622 行.
NOTIC: [8] Undefined index: userstatus /home/www/hqjhc/backend/Runtime/Cache/Users/5529ca622aa0e5ca9c0f3a3dbe86046f.php 第 625 行.
NOTIC: [8] Undefined index: area /home/www/hqjhc/backend/Runtime/Cache/Users/5529ca622aa0e5ca9c0f3a3dbe86046f.php 第 602 行.
NOTIC: [8] Undefined index: useraddress /home/www/hqjhc/backend/Runtime/Cache/Users/5529ca622aa0e5ca9c0f3a3dbe86046f.php 第 603 行.
NOTIC: [8] Undefined index: lastip /home/www/hqjhc/backend/Runtime/Cache/Users/5529ca622aa0e5ca9c0f3a3dbe86046f.php 第 607 行.
NOTIC: [8] Undefined index: userstatus /home/www/hqjhc/backend/Runtime/Cache/Users/5529ca622aa0e5ca9c0f3a3dbe86046f.php 第 622 行.
NOTIC: [8] Undefined index: userstatus /home/www/hqjhc/backend/Runtime/Cache/Users/5529ca622aa0e5ca9c0f3a3dbe86046f.php 第 625 行.
NOTIC: [8] Undefined index: area /home/www/hqjhc/backend/Runtime/Cache/Users/5529ca622aa0e5ca9c0f3a3dbe86046f.php 第 602 行.
NOTIC: [8] Undefined index: useraddress /home/www/hqjhc/backend/Runtime/Cache/Users/5529ca622aa0e5ca9c0f3a3dbe86046f.php 第 603 行.
NOTIC: [8] Undefined index: lastip /home/www/hqjhc/backend/Runtime/Cache/Users/5529ca622aa0e5ca9c0f3a3dbe86046f.php 第 607 行.
NOTIC: [8] Undefined index: userstatus /home/www/hqjhc/backend/Runtime/Cache/Users/5529ca622aa0e5ca9c0f3a3dbe86046f.php 第 622 行.
NOTIC: [8] Undefined index: userstatus /home/www/hqjhc/backend/Runtime/Cache/Users/5529ca622aa0e5ca9c0f3a3dbe86046f.php 第 625 行.
INFO: Run Behavior\ParseTemplateBehavior [ RunTime:0.007111s ]
INFO: [ view_parse ] --END-- [ RunTime:0.007124s ]
INFO: [ view_filter ] --START--
INFO: Run Behavior\WriteHtmlCacheBehavior [ RunTime:0.000071s ]
INFO: [ view_filter ] --END-- [ RunTime:0.000082s ]
INFO: [ app_end ] --START--
INFO: Run Behavior\ShowPageTraceBehavior [ RunTime:0.000236s ]
INFO: [ app_end ] --END-- [ RunTime:0.000250s ]

