[ 2017-12-07T12:05:58+08:00 ] 116.226.130.39 /admin.php/Users/Index/index.html
INFO: [ app_init ] --START--
INFO: Run Behavior\BuildLiteBehavior [ RunTime:0.000006s ]
INFO: [ app_init ] --END-- [ RunTime:0.000182s ]
INFO: [ app_begin ] --START--
INFO: Run Behavior\ReadHtmlCacheBehavior [ RunTime:0.000204s ]
INFO: [ app_begin ] --END-- [ RunTime:0.000221s ]
NOTIC: [8] A session had already been started - ignoring session_start() /home/www/hqjhc/ThinkPHP/Common/functions.php 第 1263 行.
SQL: SHOW COLUMNS FROM `hqjhc_staffs` [ RunTime:0.0006s ]
SQL: SHOW COLUMNS FROM `hqjhc_staffs` [ RunTime:0.0004s ]
SQL: SELECT * FROM `hqjhc_staffs` WHERE `stffid` = 6 LIMIT 1   [ RunTime:0.0002s ]
SQL: SHOW COLUMNS FROM `hqjhc_users` [ RunTime:0.0004s ]
SQL: SELECT COUNT(*) AS tp_count FROM `hqjhc_users` WHERE `dataFlag` = 0 LIMIT 1   [ RunTime:0.0002s ]
SQL: SELECT * FROM `hqjhc_users` WHERE `dataFlag` = 0 ORDER BY `userid` desc LIMIT 0,15   [ RunTime:0.0003s ]
INFO: [ view_parse ] --START--
INFO: [ template_filter ] --START--
INFO: Run Behavior\ContentReplaceBehavior [ RunTime:0.000083s ]
INFO: [ template_filter ] --END-- [ RunTime:0.000099s ]
NOTIC: [8] Undefined property: Think\Storage\Driver\File::$_data /home/www/hqjhc/backend/Runtime/Cache/Users/6bd77a6c58b77564a8b6ba3e7f78cc6a.php 第 243 行.
INFO: Run Behavior\ParseTemplateBehavior [ RunTime:0.007829s ]
INFO: [ view_parse ] --END-- [ RunTime:0.007843s ]
INFO: [ view_filter ] --START--
INFO: Run Behavior\WriteHtmlCacheBehavior [ RunTime:0.000074s ]
INFO: [ view_filter ] --END-- [ RunTime:0.000086s ]
INFO: [ app_end ] --START--
INFO: Run Behavior\ShowPageTraceBehavior [ RunTime:0.000233s ]
INFO: [ app_end ] --END-- [ RunTime:0.000247s ]

[ 2017-12-07T12:06:07+08:00 ] 116.226.130.39 /admin.php/Users/Index/edituserspage.html?userid=38
INFO: [ app_init ] --START--
INFO: Run Behavior\BuildLiteBehavior [ RunTime:0.000006s ]
INFO: [ app_init ] --END-- [ RunTime:0.000156s ]
INFO: [ app_begin ] --START--
INFO: Run Behavior\ReadHtmlCacheBehavior [ RunTime:0.000198s ]
INFO: [ app_begin ] --END-- [ RunTime:0.000215s ]
NOTIC: [8] A session had already been started - ignoring session_start() /home/www/hqjhc/ThinkPHP/Common/functions.php 第 1263 行.
SQL: SHOW COLUMNS FROM `hqjhc_staffs` [ RunTime:0.0005s ]
SQL: SHOW COLUMNS FROM `hqjhc_staffs` [ RunTime:0.0004s ]
SQL: SELECT * FROM `hqjhc_staffs` WHERE `stffid` = 6 LIMIT 1   [ RunTime:0.0002s ]
SQL: SHOW COLUMNS FROM `hqjhc_users` [ RunTime:0.0005s ]
SQL: SHOW COLUMNS FROM `hqjhc_users` [ RunTime:0.0004s ]
SQL: SELECT * FROM `hqjhc_users` WHERE `userid` = 38 AND `dataFlag` = 0 LIMIT 1   [ RunTime:0.0002s ]
INFO: [ view_parse ] --START--
INFO: [ template_filter ] --START--
INFO: Run Behavior\ContentReplaceBehavior [ RunTime:0.000072s ]
INFO: [ template_filter ] --END-- [ RunTime:0.000087s ]
NOTIC: [8] Undefined property: Think\Storage\Driver\File::$_data /home/www/hqjhc/backend/Runtime/Cache/Users/3c4f4906784f8f5957dd5dba04f5146c.php 第 243 行.
NOTIC: [8] Undefined index: staffid /home/www/hqjhc/backend/Runtime/Cache/Users/3c4f4906784f8f5957dd5dba04f5146c.php 第 613 行.
INFO: Run Behavior\ParseTemplateBehavior [ RunTime:0.006822s ]
INFO: [ view_parse ] --END-- [ RunTime:0.006836s ]
INFO: [ view_filter ] --START--
INFO: Run Behavior\WriteHtmlCacheBehavior [ RunTime:0.000072s ]
INFO: [ view_filter ] --END-- [ RunTime:0.000082s ]
INFO: [ app_end ] --START--
INFO: Run Behavior\ShowPageTraceBehavior [ RunTime:0.000241s ]
INFO: [ app_end ] --END-- [ RunTime:0.000257s ]

[ 2017-12-07T17:14:39+08:00 ] 101.81.0.88 /admin.php/Users/Index/index.html
INFO: [ app_init ] --START--
INFO: Run Behavior\BuildLiteBehavior [ RunTime:0.000006s ]
INFO: [ app_init ] --END-- [ RunTime:0.000176s ]
INFO: [ app_begin ] --START--
INFO: Run Behavior\ReadHtmlCacheBehavior [ RunTime:0.000227s ]
INFO: [ app_begin ] --END-- [ RunTime:0.000246s ]
NOTIC: [8] A session had already been started - ignoring session_start() /home/www/hqjhc/ThinkPHP/Common/functions.php 第 1263 行.
SQL: SHOW COLUMNS FROM `hqjhc_staffs` [ RunTime:0.0005s ]
SQL: SHOW COLUMNS FROM `hqjhc_staffs` [ RunTime:0.0003s ]
SQL: SELECT * FROM `hqjhc_staffs` WHERE `stffid` = 6 LIMIT 1   [ RunTime:0.0002s ]
SQL: SHOW COLUMNS FROM `hqjhc_users` [ RunTime:0.0005s ]
SQL: SELECT COUNT(*) AS tp_count FROM `hqjhc_users` WHERE `dataFlag` = 0 LIMIT 1   [ RunTime:0.0002s ]
SQL: SELECT * FROM `hqjhc_users` WHERE `dataFlag` = 0 ORDER BY `userid` desc LIMIT 0,15   [ RunTime:0.0003s ]
INFO: [ view_parse ] --START--
INFO: [ template_filter ] --START--
INFO: Run Behavior\ContentReplaceBehavior [ RunTime:0.000084s ]
INFO: [ template_filter ] --END-- [ RunTime:0.000099s ]
NOTIC: [8] Undefined property: Think\Storage\Driver\File::$_data /home/www/hqjhc/backend/Runtime/Cache/Users/6bd77a6c58b77564a8b6ba3e7f78cc6a.php 第 243 行.
INFO: Run Behavior\ParseTemplateBehavior [ RunTime:0.007846s ]
INFO: [ view_parse ] --END-- [ RunTime:0.007861s ]
INFO: [ view_filter ] --START--
INFO: Run Behavior\WriteHtmlCacheBehavior [ RunTime:0.000074s ]
INFO: [ view_filter ] --END-- [ RunTime:0.000085s ]
INFO: [ app_end ] --START--
INFO: Run Behavior\ShowPageTraceBehavior [ RunTime:0.000229s ]
INFO: [ app_end ] --END-- [ RunTime:0.000243s ]

[ 2017-12-07T17:17:49+08:00 ] 101.81.0.88 /admin.php/Users/Index/index.html
INFO: [ app_init ] --START--
INFO: Run Behavior\BuildLiteBehavior [ RunTime:0.000006s ]
INFO: [ app_init ] --END-- [ RunTime:0.000152s ]
INFO: [ app_begin ] --START--
INFO: Run Behavior\ReadHtmlCacheBehavior [ RunTime:0.000214s ]
INFO: [ app_begin ] --END-- [ RunTime:0.000229s ]
NOTIC: [8] A session had already been started - ignoring session_start() /home/www/hqjhc/ThinkPHP/Common/functions.php 第 1263 行.
SQL: SHOW COLUMNS FROM `hqjhc_staffs` [ RunTime:0.0005s ]
SQL: SHOW COLUMNS FROM `hqjhc_staffs` [ RunTime:0.0003s ]
SQL: SELECT * FROM `hqjhc_staffs` WHERE `stffid` = 6 LIMIT 1   [ RunTime:0.0002s ]
SQL: SHOW COLUMNS FROM `hqjhc_users` [ RunTime:0.0004s ]
SQL: SELECT COUNT(*) AS tp_count FROM `hqjhc_users` WHERE `dataFlag` = 0 LIMIT 1   [ RunTime:0.0002s ]
SQL: SELECT * FROM `hqjhc_users` WHERE `dataFlag` = 0 ORDER BY `userid` desc LIMIT 0,15   [ RunTime:0.0003s ]
INFO: [ view_parse ] --START--
INFO: [ template_filter ] --START--
INFO: Run Behavior\ContentReplaceBehavior [ RunTime:0.000075s ]
INFO: [ template_filter ] --END-- [ RunTime:0.000090s ]
NOTIC: [8] Undefined property: Think\Storage\Driver\File::$_data /home/www/hqjhc/backend/Runtime/Cache/Users/6bd77a6c58b77564a8b6ba3e7f78cc6a.php 第 243 行.
INFO: Run Behavior\ParseTemplateBehavior [ RunTime:0.007714s ]
INFO: [ view_parse ] --END-- [ RunTime:0.007728s ]
INFO: [ view_filter ] --START--
INFO: Run Behavior\WriteHtmlCacheBehavior [ RunTime:0.000070s ]
INFO: [ view_filter ] --END-- [ RunTime:0.000092s ]
INFO: [ app_end ] --START--
INFO: Run Behavior\ShowPageTraceBehavior [ RunTime:0.000235s ]
INFO: [ app_end ] --END-- [ RunTime:0.000249s ]

[ 2017-12-07T18:32:13+08:00 ] 101.81.0.88 /admin.php/Users/Index/index.html
INFO: [ app_init ] --START--
INFO: Run Behavior\BuildLiteBehavior [ RunTime:0.000006s ]
INFO: [ app_init ] --END-- [ RunTime:0.000165s ]
INFO: [ app_begin ] --START--
INFO: Run Behavior\ReadHtmlCacheBehavior [ RunTime:0.000209s ]
INFO: [ app_begin ] --END-- [ RunTime:0.000225s ]
NOTIC: [8] A session had already been started - ignoring session_start() /home/www/hqjhc/ThinkPHP/Common/functions.php 第 1263 行.
SQL: SHOW COLUMNS FROM `hqjhc_staffs` [ RunTime:0.0005s ]
SQL: SHOW COLUMNS FROM `hqjhc_staffs` [ RunTime:0.0004s ]
SQL: SELECT * FROM `hqjhc_staffs` WHERE `stffid` = 6 LIMIT 1   [ RunTime:0.0002s ]
SQL: SHOW COLUMNS FROM `hqjhc_users` [ RunTime:0.0004s ]
SQL: SELECT COUNT(*) AS tp_count FROM `hqjhc_users` WHERE `dataFlag` = 0 LIMIT 1   [ RunTime:0.0002s ]
SQL: SELECT * FROM `hqjhc_users` WHERE `dataFlag` = 0 ORDER BY `userid` desc LIMIT 0,15   [ RunTime:0.0003s ]
INFO: [ view_parse ] --START--
INFO: [ template_filter ] --START--
INFO: Run Behavior\ContentReplaceBehavior [ RunTime:0.000077s ]
INFO: [ template_filter ] --END-- [ RunTime:0.000091s ]
NOTIC: [8] Undefined property: Think\Storage\Driver\File::$_data /home/www/hqjhc/backend/Runtime/Cache/Users/6bd77a6c58b77564a8b6ba3e7f78cc6a.php 第 243 行.
INFO: Run Behavior\ParseTemplateBehavior [ RunTime:0.007718s ]
INFO: [ view_parse ] --END-- [ RunTime:0.007732s ]
INFO: [ view_filter ] --START--
INFO: Run Behavior\WriteHtmlCacheBehavior [ RunTime:0.000071s ]
INFO: [ view_filter ] --END-- [ RunTime:0.000082s ]
INFO: [ app_end ] --START--
INFO: Run Behavior\ShowPageTraceBehavior [ RunTime:0.000222s ]
INFO: [ app_end ] --END-- [ RunTime:0.000236s ]

[ 2017-12-07T18:47:55+08:00 ] 101.81.0.88 /admin.php/Users/Index/index.html
INFO: [ app_init ] --START--
INFO: Run Behavior\BuildLiteBehavior [ RunTime:0.000006s ]
INFO: [ app_init ] --END-- [ RunTime:0.000155s ]
INFO: [ app_begin ] --START--
INFO: Run Behavior\ReadHtmlCacheBehavior [ RunTime:0.000202s ]
INFO: [ app_begin ] --END-- [ RunTime:0.000218s ]
NOTIC: [8] A session had already been started - ignoring session_start() /home/www/hqjhc/ThinkPHP/Common/functions.php 第 1263 行.
SQL: SHOW COLUMNS FROM `hqjhc_staffs` [ RunTime:0.0005s ]
SQL: SHOW COLUMNS FROM `hqjhc_staffs` [ RunTime:0.0003s ]
SQL: SELECT * FROM `hqjhc_staffs` WHERE `stffid` = 6 LIMIT 1   [ RunTime:0.0002s ]
SQL: SHOW COLUMNS FROM `hqjhc_users` [ RunTime:0.0004s ]
SQL: SELECT COUNT(*) AS tp_count FROM `hqjhc_users` WHERE `dataFlag` = 0 LIMIT 1   [ RunTime:0.0002s ]
SQL: SELECT * FROM `hqjhc_users` WHERE `dataFlag` = 0 ORDER BY `userid` desc LIMIT 0,15   [ RunTime:0.0003s ]
INFO: [ view_parse ] --START--
INFO: [ template_filter ] --START--
INFO: Run Behavior\ContentReplaceBehavior [ RunTime:0.000077s ]
INFO: [ template_filter ] --END-- [ RunTime:0.000093s ]
NOTIC: [8] Undefined property: Think\Storage\Driver\File::$_data /home/www/hqjhc/backend/Runtime/Cache/Users/6bd77a6c58b77564a8b6ba3e7f78cc6a.php 第 243 行.
INFO: Run Behavior\ParseTemplateBehavior [ RunTime:0.007829s ]
INFO: [ view_parse ] --END-- [ RunTime:0.007844s ]
INFO: [ view_filter ] --START--
INFO: Run Behavior\WriteHtmlCacheBehavior [ RunTime:0.000074s ]
INFO: [ view_filter ] --END-- [ RunTime:0.000085s ]
INFO: [ app_end ] --START--
INFO: Run Behavior\ShowPageTraceBehavior [ RunTime:0.000249s ]
INFO: [ app_end ] --END-- [ RunTime:0.000263s ]

[ 2017-12-07T18:47:57+08:00 ] 101.81.0.88 /admin.php/Users/Address/index.html
INFO: [ app_init ] --START--
INFO: Run Behavior\BuildLiteBehavior [ RunTime:0.000006s ]
INFO: [ app_init ] --END-- [ RunTime:0.000170s ]
INFO: [ app_begin ] --START--
INFO: Run Behavior\ReadHtmlCacheBehavior [ RunTime:0.000240s ]
INFO: [ app_begin ] --END-- [ RunTime:0.000257s ]
NOTIC: [8] A session had already been started - ignoring session_start() /home/www/hqjhc/ThinkPHP/Common/functions.php 第 1263 行.
SQL: SHOW COLUMNS FROM `hqjhc_staffs` [ RunTime:0.0005s ]
SQL: SHOW COLUMNS FROM `hqjhc_staffs` [ RunTime:0.0003s ]
SQL: SELECT * FROM `hqjhc_staffs` WHERE `stffid` = 6 LIMIT 1   [ RunTime:0.0002s ]
SQL: SHOW COLUMNS FROM `hqjhc_user_address` [ RunTime:0.0003s ]
SQL: SELECT COUNT(*) AS tp_count FROM `hqjhc_user_address` WHERE `dataFlag` = 0 LIMIT 1   [ RunTime:0.0001s ]
SQL: SELECT * FROM `hqjhc_user_address` WHERE `dataFlag` = 0 ORDER BY `addressid` desc LIMIT 0,15   [ RunTime:0.0002s ]
SQL: SHOW COLUMNS FROM `hqjhc_users` [ RunTime:0.0004s ]
SQL: SELECT * FROM `hqjhc_users` WHERE `userid` = 30 LIMIT 1   [ RunTime:0.0002s ]
SQL: SELECT * FROM `hqjhc_users` WHERE `userid` = 27 LIMIT 1   [ RunTime:0.0002s ]
SQL: SELECT * FROM `hqjhc_users` WHERE `userid` = 38 LIMIT 1   [ RunTime:0.0002s ]
SQL: SELECT * FROM `hqjhc_users` WHERE `userid` = 39 LIMIT 1   [ RunTime:0.0001s ]
SQL: SELECT * FROM `hqjhc_users` WHERE `userid` = 36 LIMIT 1   [ RunTime:0.0001s ]
SQL: SELECT * FROM `hqjhc_users` WHERE `userid` = 29 LIMIT 1   [ RunTime:0.0001s ]
SQL: SELECT * FROM `hqjhc_users` WHERE `userid` = 29 LIMIT 1   [ RunTime:0.0001s ]
INFO: [ view_parse ] --START--
INFO: [ template_filter ] --START--
INFO: Run Behavior\ContentReplaceBehavior [ RunTime:0.000075s ]
INFO: [ template_filter ] --END-- [ RunTime:0.000090s ]
NOTIC: [8] Undefined property: Think\Storage\Driver\File::$_data /home/www/hqjhc/backend/Runtime/Cache/Users/5529ca622aa0e5ca9c0f3a3dbe86046f.php 第 243 行.
NOTIC: [8] Undefined index: area /home/www/hqjhc/backend/Runtime/Cache/Users/5529ca622aa0e5ca9c0f3a3dbe86046f.php 第 607 行.
NOTIC: [8] Undefined index: useraddress /home/www/hqjhc/backend/Runtime/Cache/Users/5529ca622aa0e5ca9c0f3a3dbe86046f.php 第 608 行.
NOTIC: [8] Undefined index: lastip /home/www/hqjhc/backend/Runtime/Cache/Users/5529ca622aa0e5ca9c0f3a3dbe86046f.php 第 612 行.
NOTIC: [8] Undefined index: userstatus /home/www/hqjhc/backend/Runtime/Cache/Users/5529ca622aa0e5ca9c0f3a3dbe86046f.php 第 627 行.
NOTIC: [8] Undefined index: userstatus /home/www/hqjhc/backend/Runtime/Cache/Users/5529ca622aa0e5ca9c0f3a3dbe86046f.php 第 630 行.
NOTIC: [8] Undefined index: area /home/www/hqjhc/backend/Runtime/Cache/Users/5529ca622aa0e5ca9c0f3a3dbe86046f.php 第 607 行.
NOTIC: [8] Undefined index: useraddress /home/www/hqjhc/backend/Runtime/Cache/Users/5529ca622aa0e5ca9c0f3a3dbe86046f.php 第 608 行.
NOTIC: [8] Undefined index: lastip /home/www/hqjhc/backend/Runtime/Cache/Users/5529ca622aa0e5ca9c0f3a3dbe86046f.php 第 612 行.
NOTIC: [8] Undefined index: userstatus /home/www/hqjhc/backend/Runtime/Cache/Users/5529ca622aa0e5ca9c0f3a3dbe86046f.php 第 627 行.
NOTIC: [8] Undefined index: userstatus /home/www/hqjhc/backend/Runtime/Cache/Users/5529ca622aa0e5ca9c0f3a3dbe86046f.php 第 630 行.
NOTIC: [8] Undefined index: area /home/www/hqjhc/backend/Runtime/Cache/Users/5529ca622aa0e5ca9c0f3a3dbe86046f.php 第 607 行.
NOTIC: [8] Undefined index: useraddress /home/www/hqjhc/backend/Runtime/Cache/Users/5529ca622aa0e5ca9c0f3a3dbe86046f.php 第 608 行.
NOTIC: [8] Undefined index: lastip /home/www/hqjhc/backend/Runtime/Cache/Users/5529ca622aa0e5ca9c0f3a3dbe86046f.php 第 612 行.
NOTIC: [8] Undefined index: userstatus /home/www/hqjhc/backend/Runtime/Cache/Users/5529ca622aa0e5ca9c0f3a3dbe86046f.php 第 627 行.
NOTIC: [8] Undefined index: userstatus /home/www/hqjhc/backend/Runtime/Cache/Users/5529ca622aa0e5ca9c0f3a3dbe86046f.php 第 630 行.
NOTIC: [8] Undefined index: area /home/www/hqjhc/backend/Runtime/Cache/Users/5529ca622aa0e5ca9c0f3a3dbe86046f.php 第 607 行.
NOTIC: [8] Undefined index: useraddress /home/www/hqjhc/backend/Runtime/Cache/Users/5529ca622aa0e5ca9c0f3a3dbe86046f.php 第 608 行.
NOTIC: [8] Undefined index: lastip /home/www/hqjhc/backend/Runtime/Cache/Users/5529ca622aa0e5ca9c0f3a3dbe86046f.php 第 612 行.
NOTIC: [8] Undefined index: userstatus /home/www/hqjhc/backend/Runtime/Cache/Users/5529ca622aa0e5ca9c0f3a3dbe86046f.php 第 627 行.
NOTIC: [8] Undefined index: userstatus /home/www/hqjhc/backend/Runtime/Cache/Users/5529ca622aa0e5ca9c0f3a3dbe86046f.php 第 630 行.
NOTIC: [8] Undefined index: area /home/www/hqjhc/backend/Runtime/Cache/Users/5529ca622aa0e5ca9c0f3a3dbe86046f.php 第 607 行.
NOTIC: [8] Undefined index: useraddress /home/www/hqjhc/backend/Runtime/Cache/Users/5529ca622aa0e5ca9c0f3a3dbe86046f.php 第 608 行.
NOTIC: [8] Undefined index: lastip /home/www/hqjhc/backend/Runtime/Cache/Users/5529ca622aa0e5ca9c0f3a3dbe86046f.php 第 612 行.
NOTIC: [8] Undefined index: userstatus /home/www/hqjhc/backend/Runtime/Cache/Users/5529ca622aa0e5ca9c0f3a3dbe86046f.php 第 627 行.
NOTIC: [8] Undefined index: userstatus /home/www/hqjhc/backend/Runtime/Cache/Users/5529ca622aa0e5ca9c0f3a3dbe86046f.php 第 630 行.
NOTIC: [8] Undefined index: area /home/www/hqjhc/backend/Runtime/Cache/Users/5529ca622aa0e5ca9c0f3a3dbe86046f.php 第 607 行.
NOTIC: [8] Undefined index: useraddress /home/www/hqjhc/backend/Runtime/Cache/Users/5529ca622aa0e5ca9c0f3a3dbe86046f.php 第 608 行.
NOTIC: [8] Undefined index: lastip /home/www/hqjhc/backend/Runtime/Cache/Users/5529ca622aa0e5ca9c0f3a3dbe86046f.php 第 612 行.
NOTIC: [8] Undefined index: userstatus /home/www/hqjhc/backend/Runtime/Cache/Users/5529ca622aa0e5ca9c0f3a3dbe86046f.php 第 627 行.
NOTIC: [8] Undefined index: userstatus /home/www/hqjhc/backend/Runtime/Cache/Users/5529ca622aa0e5ca9c0f3a3dbe86046f.php 第 630 行.
NOTIC: [8] Undefined index: area /home/www/hqjhc/backend/Runtime/Cache/Users/5529ca622aa0e5ca9c0f3a3dbe86046f.php 第 607 行.
NOTIC: [8] Undefined index: useraddress /home/www/hqjhc/backend/Runtime/Cache/Users/5529ca622aa0e5ca9c0f3a3dbe86046f.php 第 608 行.
NOTIC: [8] Undefined index: lastip /home/www/hqjhc/backend/Runtime/Cache/Users/5529ca622aa0e5ca9c0f3a3dbe86046f.php 第 612 行.
NOTIC: [8] Undefined index: userstatus /home/www/hqjhc/backend/Runtime/Cache/Users/5529ca622aa0e5ca9c0f3a3dbe86046f.php 第 627 行.
NOTIC: [8] Undefined index: userstatus /home/www/hqjhc/backend/Runtime/Cache/Users/5529ca622aa0e5ca9c0f3a3dbe86046f.php 第 630 行.
INFO: Run Behavior\ParseTemplateBehavior [ RunTime:0.007498s ]
INFO: [ view_parse ] --END-- [ RunTime:0.007510s ]
INFO: [ view_filter ] --START--
INFO: Run Behavior\WriteHtmlCacheBehavior [ RunTime:0.000069s ]
INFO: [ view_filter ] --END-- [ RunTime:0.000079s ]
INFO: [ app_end ] --START--
INFO: Run Behavior\ShowPageTraceBehavior [ RunTime:0.000242s ]
INFO: [ app_end ] --END-- [ RunTime:0.000256s ]

[ 2017-12-07T18:47:58+08:00 ] 101.81.0.88 /admin.php/Users/Index/index.html
INFO: [ app_init ] --START--
INFO: Run Behavior\BuildLiteBehavior [ RunTime:0.000006s ]
INFO: [ app_init ] --END-- [ RunTime:0.000153s ]
INFO: [ app_begin ] --START--
INFO: Run Behavior\ReadHtmlCacheBehavior [ RunTime:0.000199s ]
INFO: [ app_begin ] --END-- [ RunTime:0.000214s ]
NOTIC: [8] A session had already been started - ignoring session_start() /home/www/hqjhc/ThinkPHP/Common/functions.php 第 1263 行.
SQL: SHOW COLUMNS FROM `hqjhc_staffs` [ RunTime:0.0005s ]
SQL: SHOW COLUMNS FROM `hqjhc_staffs` [ RunTime:0.0003s ]
SQL: SELECT * FROM `hqjhc_staffs` WHERE `stffid` = 6 LIMIT 1   [ RunTime:0.0002s ]
SQL: SHOW COLUMNS FROM `hqjhc_users` [ RunTime:0.0004s ]
SQL: SELECT COUNT(*) AS tp_count FROM `hqjhc_users` WHERE `dataFlag` = 0 LIMIT 1   [ RunTime:0.0002s ]
SQL: SELECT * FROM `hqjhc_users` WHERE `dataFlag` = 0 ORDER BY `userid` desc LIMIT 0,15   [ RunTime:0.0003s ]
INFO: [ view_parse ] --START--
INFO: [ template_filter ] --START--
INFO: Run Behavior\ContentReplaceBehavior [ RunTime:0.000077s ]
INFO: [ template_filter ] --END-- [ RunTime:0.000091s ]
NOTIC: [8] Undefined property: Think\Storage\Driver\File::$_data /home/www/hqjhc/backend/Runtime/Cache/Users/6bd77a6c58b77564a8b6ba3e7f78cc6a.php 第 243 行.
INFO: Run Behavior\ParseTemplateBehavior [ RunTime:0.007782s ]
INFO: [ view_parse ] --END-- [ RunTime:0.007796s ]
INFO: [ view_filter ] --START--
INFO: Run Behavior\WriteHtmlCacheBehavior [ RunTime:0.000071s ]
INFO: [ view_filter ] --END-- [ RunTime:0.000082s ]
INFO: [ app_end ] --START--
INFO: Run Behavior\ShowPageTraceBehavior [ RunTime:0.000239s ]
INFO: [ app_end ] --END-- [ RunTime:0.000252s ]

[ 2017-12-07T18:49:08+08:00 ] 101.81.0.88 /admin.php/Users/Index/index.html
INFO: [ app_init ] --START--
INFO: Run Behavior\BuildLiteBehavior [ RunTime:0.000006s ]
INFO: [ app_init ] --END-- [ RunTime:0.000151s ]
INFO: [ app_begin ] --START--
INFO: Run Behavior\ReadHtmlCacheBehavior [ RunTime:0.000198s ]
INFO: [ app_begin ] --END-- [ RunTime:0.000212s ]
NOTIC: [8] A session had already been started - ignoring session_start() /home/www/hqjhc/ThinkPHP/Common/functions.php 第 1263 行.
SQL: SHOW COLUMNS FROM `hqjhc_staffs` [ RunTime:0.0005s ]
SQL: SHOW COLUMNS FROM `hqjhc_staffs` [ RunTime:0.0003s ]
SQL: SELECT * FROM `hqjhc_staffs` WHERE `stffid` = 6 LIMIT 1   [ RunTime:0.0002s ]
SQL: SHOW COLUMNS FROM `hqjhc_users` [ RunTime:0.0004s ]
SQL: SELECT COUNT(*) AS tp_count FROM `hqjhc_users` WHERE `dataFlag` = 0 LIMIT 1   [ RunTime:0.0002s ]
SQL: SELECT * FROM `hqjhc_users` WHERE `dataFlag` = 0 ORDER BY `userid` desc LIMIT 0,15   [ RunTime:0.0003s ]
INFO: [ view_parse ] --START--
INFO: [ template_filter ] --START--
INFO: Run Behavior\ContentReplaceBehavior [ RunTime:0.000076s ]
INFO: [ template_filter ] --END-- [ RunTime:0.000091s ]
NOTIC: [8] Undefined property: Think\Storage\Driver\File::$_data /home/www/hqjhc/backend/Runtime/Cache/Users/6bd77a6c58b77564a8b6ba3e7f78cc6a.php 第 243 行.
INFO: Run Behavior\ParseTemplateBehavior [ RunTime:0.007724s ]
INFO: [ view_parse ] --END-- [ RunTime:0.007740s ]
INFO: [ view_filter ] --START--
INFO: Run Behavior\WriteHtmlCacheBehavior [ RunTime:0.000070s ]
INFO: [ view_filter ] --END-- [ RunTime:0.000081s ]
INFO: [ app_end ] --START--
INFO: Run Behavior\ShowPageTraceBehavior [ RunTime:0.000222s ]
INFO: [ app_end ] --END-- [ RunTime:0.000236s ]

[ 2017-12-07T18:50:27+08:00 ] 101.81.0.88 /admin.php/Users/Index/index.html
INFO: [ app_init ] --START--
INFO: Run Behavior\BuildLiteBehavior [ RunTime:0.000006s ]
INFO: [ app_init ] --END-- [ RunTime:0.000163s ]
INFO: [ app_begin ] --START--
INFO: Run Behavior\ReadHtmlCacheBehavior [ RunTime:0.000205s ]
INFO: [ app_begin ] --END-- [ RunTime:0.000222s ]
NOTIC: [8] A session had already been started - ignoring session_start() /home/www/hqjhc/ThinkPHP/Common/functions.php 第 1263 行.
SQL: SHOW COLUMNS FROM `hqjhc_staffs` [ RunTime:0.0006s ]
SQL: SHOW COLUMNS FROM `hqjhc_staffs` [ RunTime:0.0003s ]
SQL: SELECT * FROM `hqjhc_staffs` WHERE `stffid` = 6 LIMIT 1   [ RunTime:0.0002s ]
SQL: SHOW COLUMNS FROM `hqjhc_users` [ RunTime:0.0004s ]
SQL: SELECT COUNT(*) AS tp_count FROM `hqjhc_users` WHERE `dataFlag` = 0 LIMIT 1   [ RunTime:0.0002s ]
SQL: SELECT * FROM `hqjhc_users` WHERE `dataFlag` = 0 ORDER BY `userid` desc LIMIT 0,15   [ RunTime:0.0003s ]
INFO: [ view_parse ] --START--
INFO: [ template_filter ] --START--
INFO: Run Behavior\ContentReplaceBehavior [ RunTime:0.000078s ]
INFO: [ template_filter ] --END-- [ RunTime:0.000094s ]
NOTIC: [8] Undefined property: Think\Storage\Driver\File::$_data /home/www/hqjhc/backend/Runtime/Cache/Users/6bd77a6c58b77564a8b6ba3e7f78cc6a.php 第 243 行.
INFO: Run Behavior\ParseTemplateBehavior [ RunTime:0.007872s ]
INFO: [ view_parse ] --END-- [ RunTime:0.007886s ]
INFO: [ view_filter ] --START--
INFO: Run Behavior\WriteHtmlCacheBehavior [ RunTime:0.000076s ]
INFO: [ view_filter ] --END-- [ RunTime:0.000088s ]
INFO: [ app_end ] --START--
INFO: Run Behavior\ShowPageTraceBehavior [ RunTime:0.000249s ]
INFO: [ app_end ] --END-- [ RunTime:0.000264s ]

[ 2017-12-07T18:50:48+08:00 ] 101.81.0.88 /admin.php/Users/Address/index.html
INFO: [ app_init ] --START--
INFO: Run Behavior\BuildLiteBehavior [ RunTime:0.000006s ]
INFO: [ app_init ] --END-- [ RunTime:0.000154s ]
INFO: [ app_begin ] --START--
INFO: Run Behavior\ReadHtmlCacheBehavior [ RunTime:0.000214s ]
INFO: [ app_begin ] --END-- [ RunTime:0.000230s ]
NOTIC: [8] A session had already been started - ignoring session_start() /home/www/hqjhc/ThinkPHP/Common/functions.php 第 1263 行.
SQL: SHOW COLUMNS FROM `hqjhc_staffs` [ RunTime:0.0005s ]
SQL: SHOW COLUMNS FROM `hqjhc_staffs` [ RunTime:0.0003s ]
SQL: SELECT * FROM `hqjhc_staffs` WHERE `stffid` = 6 LIMIT 1   [ RunTime:0.0002s ]
SQL: SHOW COLUMNS FROM `hqjhc_user_address` [ RunTime:0.0003s ]
SQL: SELECT COUNT(*) AS tp_count FROM `hqjhc_user_address` WHERE `dataFlag` = 0 LIMIT 1   [ RunTime:0.0002s ]
SQL: SELECT * FROM `hqjhc_user_address` WHERE `dataFlag` = 0 ORDER BY `addressid` desc LIMIT 0,15   [ RunTime:0.0002s ]
SQL: SHOW COLUMNS FROM `hqjhc_users` [ RunTime:0.0004s ]
SQL: SELECT * FROM `hqjhc_users` WHERE `userid` = 30 LIMIT 1   [ RunTime:0.0002s ]
SQL: SELECT * FROM `hqjhc_users` WHERE `userid` = 27 LIMIT 1   [ RunTime:0.0002s ]
SQL: SELECT * FROM `hqjhc_users` WHERE `userid` = 38 LIMIT 1   [ RunTime:0.0002s ]
SQL: SELECT * FROM `hqjhc_users` WHERE `userid` = 39 LIMIT 1   [ RunTime:0.0002s ]
SQL: SELECT * FROM `hqjhc_users` WHERE `userid` = 36 LIMIT 1   [ RunTime:0.0002s ]
SQL: SELECT * FROM `hqjhc_users` WHERE `userid` = 29 LIMIT 1   [ RunTime:0.0002s ]
SQL: SELECT * FROM `hqjhc_users` WHERE `userid` = 29 LIMIT 1   [ RunTime:0.0002s ]
INFO: [ view_parse ] --START--
INFO: [ template_filter ] --START--
INFO: Run Behavior\ContentReplaceBehavior [ RunTime:0.000076s ]
INFO: [ template_filter ] --END-- [ RunTime:0.000092s ]
NOTIC: [8] Undefined property: Think\Storage\Driver\File::$_data /home/www/hqjhc/backend/Runtime/Cache/Users/5529ca622aa0e5ca9c0f3a3dbe86046f.php 第 243 行.
NOTIC: [8] Undefined index: area /home/www/hqjhc/backend/Runtime/Cache/Users/5529ca622aa0e5ca9c0f3a3dbe86046f.php 第 607 行.
NOTIC: [8] Undefined index: useraddress /home/www/hqjhc/backend/Runtime/Cache/Users/5529ca622aa0e5ca9c0f3a3dbe86046f.php 第 608 行.
NOTIC: [8] Undefined index: lastip /home/www/hqjhc/backend/Runtime/Cache/Users/5529ca622aa0e5ca9c0f3a3dbe86046f.php 第 612 行.
NOTIC: [8] Undefined index: userstatus /home/www/hqjhc/backend/Runtime/Cache/Users/5529ca622aa0e5ca9c0f3a3dbe86046f.php 第 627 行.
NOTIC: [8] Undefined index: userstatus /home/www/hqjhc/backend/Runtime/Cache/Users/5529ca622aa0e5ca9c0f3a3dbe86046f.php 第 630 行.
NOTIC: [8] Undefined index: area /home/www/hqjhc/backend/Runtime/Cache/Users/5529ca622aa0e5ca9c0f3a3dbe86046f.php 第 607 行.
NOTIC: [8] Undefined index: useraddress /home/www/hqjhc/backend/Runtime/Cache/Users/5529ca622aa0e5ca9c0f3a3dbe86046f.php 第 608 行.
NOTIC: [8] Undefined index: lastip /home/www/hqjhc/backend/Runtime/Cache/Users/5529ca622aa0e5ca9c0f3a3dbe86046f.php 第 612 行.
NOTIC: [8] Undefined index: userstatus /home/www/hqjhc/backend/Runtime/Cache/Users/5529ca622aa0e5ca9c0f3a3dbe86046f.php 第 627 行.
NOTIC: [8] Undefined index: userstatus /home/www/hqjhc/backend/Runtime/Cache/Users/5529ca622aa0e5ca9c0f3a3dbe86046f.php 第 630 行.
NOTIC: [8] Undefined index: area /home/www/hqjhc/backend/Runtime/Cache/Users/5529ca622aa0e5ca9c0f3a3dbe86046f.php 第 607 行.
NOTIC: [8] Undefined index: useraddress /home/www/hqjhc/backend/Runtime/Cache/Users/5529ca622aa0e5ca9c0f3a3dbe86046f.php 第 608 行.
NOTIC: [8] Undefined index: lastip /home/www/hqjhc/backend/Runtime/Cache/Users/5529ca622aa0e5ca9c0f3a3dbe86046f.php 第 612 行.
NOTIC: [8] Undefined index: userstatus /home/www/hqjhc/backend/Runtime/Cache/Users/5529ca622aa0e5ca9c0f3a3dbe86046f.php 第 627 行.
NOTIC: [8] Undefined index: userstatus /home/www/hqjhc/backend/Runtime/Cache/Users/5529ca622aa0e5ca9c0f3a3dbe86046f.php 第 630 行.
NOTIC: [8] Undefined index: area /home/www/hqjhc/backend/Runtime/Cache/Users/5529ca622aa0e5ca9c0f3a3dbe86046f.php 第 607 行.
NOTIC: [8] Undefined index: useraddress /home/www/hqjhc/backend/Runtime/Cache/Users/5529ca622aa0e5ca9c0f3a3dbe86046f.php 第 608 行.
NOTIC: [8] Undefined index: lastip /home/www/hqjhc/backend/Runtime/Cache/Users/5529ca622aa0e5ca9c0f3a3dbe86046f.php 第 612 行.
NOTIC: [8] Undefined index: userstatus /home/www/hqjhc/backend/Runtime/Cache/Users/5529ca622aa0e5ca9c0f3a3dbe86046f.php 第 627 行.
NOTIC: [8] Undefined index: userstatus /home/www/hqjhc/backend/Runtime/Cache/Users/5529ca622aa0e5ca9c0f3a3dbe86046f.php 第 630 行.
NOTIC: [8] Undefined index: area /home/www/hqjhc/backend/Runtime/Cache/Users/5529ca622aa0e5ca9c0f3a3dbe86046f.php 第 607 行.
NOTIC: [8] Undefined index: useraddress /home/www/hqjhc/backend/Runtime/Cache/Users/5529ca622aa0e5ca9c0f3a3dbe86046f.php 第 608 行.
NOTIC: [8] Undefined index: lastip /home/www/hqjhc/backend/Runtime/Cache/Users/5529ca622aa0e5ca9c0f3a3dbe86046f.php 第 612 行.
NOTIC: [8] Undefined index: userstatus /home/www/hqjhc/backend/Runtime/Cache/Users/5529ca622aa0e5ca9c0f3a3dbe86046f.php 第 627 行.
NOTIC: [8] Undefined index: userstatus /home/www/hqjhc/backend/Runtime/Cache/Users/5529ca622aa0e5ca9c0f3a3dbe86046f.php 第 630 行.
NOTIC: [8] Undefined index: area /home/www/hqjhc/backend/Runtime/Cache/Users/5529ca622aa0e5ca9c0f3a3dbe86046f.php 第 607 行.
NOTIC: [8] Undefined index: useraddress /home/www/hqjhc/backend/Runtime/Cache/Users/5529ca622aa0e5ca9c0f3a3dbe86046f.php 第 608 行.
NOTIC: [8] Undefined index: lastip /home/www/hqjhc/backend/Runtime/Cache/Users/5529ca622aa0e5ca9c0f3a3dbe86046f.php 第 612 行.
NOTIC: [8] Undefined index: userstatus /home/www/hqjhc/backend/Runtime/Cache/Users/5529ca622aa0e5ca9c0f3a3dbe86046f.php 第 627 行.
NOTIC: [8] Undefined index: userstatus /home/www/hqjhc/backend/Runtime/Cache/Users/5529ca622aa0e5ca9c0f3a3dbe86046f.php 第 630 行.
NOTIC: [8] Undefined index: area /home/www/hqjhc/backend/Runtime/Cache/Users/5529ca622aa0e5ca9c0f3a3dbe86046f.php 第 607 行.
NOTIC: [8] Undefined index: useraddress /home/www/hqjhc/backend/Runtime/Cache/Users/5529ca622aa0e5ca9c0f3a3dbe86046f.php 第 608 行.
NOTIC: [8] Undefined index: lastip /home/www/hqjhc/backend/Runtime/Cache/Users/5529ca622aa0e5ca9c0f3a3dbe86046f.php 第 612 行.
NOTIC: [8] Undefined index: userstatus /home/www/hqjhc/backend/Runtime/Cache/Users/5529ca622aa0e5ca9c0f3a3dbe86046f.php 第 627 行.
NOTIC: [8] Undefined index: userstatus /home/www/hqjhc/backend/Runtime/Cache/Users/5529ca622aa0e5ca9c0f3a3dbe86046f.php 第 630 行.
INFO: Run Behavior\ParseTemplateBehavior [ RunTime:0.007610s ]
INFO: [ view_parse ] --END-- [ RunTime:0.007623s ]
INFO: [ view_filter ] --START--
INFO: Run Behavior\WriteHtmlCacheBehavior [ RunTime:0.000073s ]
INFO: [ view_filter ] --END-- [ RunTime:0.000084s ]
INFO: [ app_end ] --START--
INFO: Run Behavior\ShowPageTraceBehavior [ RunTime:0.000229s ]
INFO: [ app_end ] --END-- [ RunTime:0.000256s ]

[ 2017-12-07T18:50:51+08:00 ] 101.81.0.88 /admin.php/Users/Index/index.html
INFO: [ app_init ] --START--
INFO: Run Behavior\BuildLiteBehavior [ RunTime:0.000006s ]
INFO: [ app_init ] --END-- [ RunTime:0.000175s ]
INFO: [ app_begin ] --START--
INFO: Run Behavior\ReadHtmlCacheBehavior [ RunTime:0.000221s ]
INFO: [ app_begin ] --END-- [ RunTime:0.000239s ]
NOTIC: [8] A session had already been started - ignoring session_start() /home/www/hqjhc/ThinkPHP/Common/functions.php 第 1263 行.
SQL: SHOW COLUMNS FROM `hqjhc_staffs` [ RunTime:0.0005s ]
SQL: SHOW COLUMNS FROM `hqjhc_staffs` [ RunTime:0.0003s ]
SQL: SELECT * FROM `hqjhc_staffs` WHERE `stffid` = 6 LIMIT 1   [ RunTime:0.0002s ]
SQL: SHOW COLUMNS FROM `hqjhc_users` [ RunTime:0.0004s ]
SQL: SELECT COUNT(*) AS tp_count FROM `hqjhc_users` WHERE `dataFlag` = 0 LIMIT 1   [ RunTime:0.0002s ]
SQL: SELECT * FROM `hqjhc_users` WHERE `dataFlag` = 0 ORDER BY `userid` desc LIMIT 0,15   [ RunTime:0.0003s ]
INFO: [ view_parse ] --START--
INFO: [ template_filter ] --START--
INFO: Run Behavior\ContentReplaceBehavior [ RunTime:0.000076s ]
INFO: [ template_filter ] --END-- [ RunTime:0.000092s ]
NOTIC: [8] Undefined property: Think\Storage\Driver\File::$_data /home/www/hqjhc/backend/Runtime/Cache/Users/6bd77a6c58b77564a8b6ba3e7f78cc6a.php 第 243 行.
INFO: Run Behavior\ParseTemplateBehavior [ RunTime:0.007734s ]
INFO: [ view_parse ] --END-- [ RunTime:0.007748s ]
INFO: [ view_filter ] --START--
INFO: Run Behavior\WriteHtmlCacheBehavior [ RunTime:0.000070s ]
INFO: [ view_filter ] --END-- [ RunTime:0.000082s ]
INFO: [ app_end ] --START--
INFO: Run Behavior\ShowPageTraceBehavior [ RunTime:0.000240s ]
INFO: [ app_end ] --END-- [ RunTime:0.000255s ]

[ 2017-12-07T21:12:58+08:00 ] 114.83.92.198 /admin.php/Users/Index/index.html
INFO: [ app_init ] --START--
INFO: Run Behavior\BuildLiteBehavior [ RunTime:0.000006s ]
INFO: [ app_init ] --END-- [ RunTime:0.000171s ]
INFO: [ app_begin ] --START--
INFO: Run Behavior\ReadHtmlCacheBehavior [ RunTime:0.000241s ]
INFO: [ app_begin ] --END-- [ RunTime:0.000259s ]
NOTIC: [8] A session had already been started - ignoring session_start() /home/www/hqjhc/ThinkPHP/Common/functions.php 第 1263 行.
SQL: SHOW COLUMNS FROM `hqjhc_staffs` [ RunTime:0.0005s ]
SQL: SHOW COLUMNS FROM `hqjhc_staffs` [ RunTime:0.0003s ]
SQL: SELECT * FROM `hqjhc_staffs` WHERE `stffid` = 6 LIMIT 1   [ RunTime:0.0002s ]
SQL: SHOW COLUMNS FROM `hqjhc_users` [ RunTime:0.0004s ]
SQL: SELECT COUNT(*) AS tp_count FROM `hqjhc_users` WHERE `dataFlag` = 0 LIMIT 1   [ RunTime:0.0002s ]
SQL: SELECT * FROM `hqjhc_users` WHERE `dataFlag` = 0 ORDER BY `userid` desc LIMIT 0,15   [ RunTime:0.0003s ]
INFO: [ view_parse ] --START--
INFO: [ template_filter ] --START--
INFO: Run Behavior\ContentReplaceBehavior [ RunTime:0.000076s ]
INFO: [ template_filter ] --END-- [ RunTime:0.000091s ]
NOTIC: [8] Undefined property: Think\Storage\Driver\File::$_data /home/www/hqjhc/backend/Runtime/Cache/Users/6bd77a6c58b77564a8b6ba3e7f78cc6a.php 第 243 行.
INFO: Run Behavior\ParseTemplateBehavior [ RunTime:0.007747s ]
INFO: [ view_parse ] --END-- [ RunTime:0.007762s ]
INFO: [ view_filter ] --START--
INFO: Run Behavior\WriteHtmlCacheBehavior [ RunTime:0.000074s ]
INFO: [ view_filter ] --END-- [ RunTime:0.000084s ]
INFO: [ app_end ] --START--
INFO: Run Behavior\ShowPageTraceBehavior [ RunTime:0.000227s ]
INFO: [ app_end ] --END-- [ RunTime:0.000240s ]

