[ 2017-12-04T09:20:34+08:00 ] 101.81.120.60 /offer.php/Product/Index/delete/id/.html
INFO: [ app_init ] --START--
INFO: Run Behavior\BuildLiteBehavior [ RunTime:0.000007s ]
INFO: [ app_init ] --END-- [ RunTime:0.000181s ]
INFO: [ app_begin ] --START--
INFO: Run Behavior\ReadHtmlCacheBehavior [ RunTime:0.000236s ]
INFO: [ app_begin ] --END-- [ RunTime:0.000254s ]
NOTIC: [8] A session had already been started - ignoring session_start() /home/www/hqjhc/ThinkPHP/Common/functions.php 第 1263 行.
SQL: SHOW COLUMNS FROM `hqjhc_offers` [ RunTime:0.0005s ]
SQL: SHOW COLUMNS FROM `hqjhc_offers` [ RunTime:0.0004s ]
SQL: SELECT * FROM `hqjhc_offers` WHERE `offerid` = 12 LIMIT 1   [ RunTime:0.0002s ]
SQL: SHOW COLUMNS FROM `hqjhc_goods` [ RunTime:0.0005s ]
SQL: SHOW COLUMNS FROM `hqjhc_goods` [ RunTime:0.0004s ]
SQL: UPDATE `hqjhc_goods` SET `dataFlag`='1' WHERE `id` = 0 [ RunTime:0.0002s ]
INFO: [ view_parse ] --START--
INFO: [ template_filter ] --START--
INFO: Run Behavior\ContentReplaceBehavior [ RunTime:0.000017s ]
INFO: [ template_filter ] --END-- [ RunTime:0.000033s ]
INFO: Run Behavior\ParseTemplateBehavior [ RunTime:0.002290s ]
INFO: [ view_parse ] --END-- [ RunTime:0.002304s ]
INFO: [ view_filter ] --START--
INFO: Run Behavior\WriteHtmlCacheBehavior [ RunTime:0.000063s ]
INFO: [ view_filter ] --END-- [ RunTime:0.000073s ]

[ 2017-12-04T18:11:18+08:00 ] 101.81.120.60 /offer.php/Product/Index/index.html
INFO: [ app_init ] --START--
INFO: Run Behavior\BuildLiteBehavior [ RunTime:0.000006s ]
INFO: [ app_init ] --END-- [ RunTime:0.000150s ]
INFO: [ app_begin ] --START--
INFO: Run Behavior\ReadHtmlCacheBehavior [ RunTime:0.000206s ]
INFO: [ app_begin ] --END-- [ RunTime:0.000231s ]
NOTIC: [8] A session had already been started - ignoring session_start() /home/www/hqjhc/ThinkPHP/Common/functions.php 第 1263 行.
SQL: SHOW COLUMNS FROM `hqjhc_offers` [ RunTime:0.0005s ]
SQL: SHOW COLUMNS FROM `hqjhc_offers` [ RunTime:0.0003s ]
SQL: SELECT * FROM `hqjhc_offers` WHERE `offerid` = 12 LIMIT 1   [ RunTime:0.0002s ]
SQL: SHOW COLUMNS FROM `hqjhc_goods` [ RunTime:0.0004s ]
SQL: SELECT COUNT(*) AS tp_count FROM `hqjhc_goods` WHERE `dataFlag` = 0 AND `status` = 0 AND `offerid` = 12 LIMIT 1   [ RunTime:0.0002s ]
SQL: SELECT * FROM `hqjhc_goods` WHERE `dataFlag` = 0 AND `status` = 0 AND `offerid` = 12 ORDER BY `id` desc LIMIT 0,15   [ RunTime:0.0002s ]
INFO: [ view_parse ] --START--
INFO: [ template_filter ] --START--
INFO: Run Behavior\ContentReplaceBehavior [ RunTime:0.000071s ]
INFO: [ template_filter ] --END-- [ RunTime:0.000091s ]
INFO: Run Behavior\ParseTemplateBehavior [ RunTime:0.006207s ]
INFO: [ view_parse ] --END-- [ RunTime:0.006222s ]
INFO: [ view_filter ] --START--
INFO: Run Behavior\WriteHtmlCacheBehavior [ RunTime:0.000082s ]
INFO: [ view_filter ] --END-- [ RunTime:0.000093s ]
INFO: [ app_end ] --START--
INFO: Run Behavior\ShowPageTraceBehavior [ RunTime:0.000234s ]
INFO: [ app_end ] --END-- [ RunTime:0.000247s ]

[ 2017-12-04T18:12:48+08:00 ] 101.81.120.60 /offer.php/Product/Index/index.html
INFO: [ app_init ] --START--
INFO: Run Behavior\BuildLiteBehavior [ RunTime:0.000006s ]
INFO: [ app_init ] --END-- [ RunTime:0.000171s ]
INFO: [ app_begin ] --START--
INFO: Run Behavior\ReadHtmlCacheBehavior [ RunTime:0.000220s ]
INFO: [ app_begin ] --END-- [ RunTime:0.000236s ]
NOTIC: [8] A session had already been started - ignoring session_start() /home/www/hqjhc/ThinkPHP/Common/functions.php 第 1263 行.
SQL: SHOW COLUMNS FROM `hqjhc_offers` [ RunTime:0.0005s ]
SQL: SHOW COLUMNS FROM `hqjhc_offers` [ RunTime:0.0003s ]
SQL: SELECT * FROM `hqjhc_offers` WHERE `offerid` = 11 LIMIT 1   [ RunTime:0.0002s ]
SQL: SHOW COLUMNS FROM `hqjhc_goods` [ RunTime:0.0004s ]
SQL: SELECT COUNT(*) AS tp_count FROM `hqjhc_goods` WHERE `dataFlag` = 0 AND `status` = 0 AND `offerid` = 11 LIMIT 1   [ RunTime:0.0002s ]
SQL: SELECT * FROM `hqjhc_goods` WHERE `dataFlag` = 0 AND `status` = 0 AND `offerid` = 11 ORDER BY `id` desc LIMIT 0,15   [ RunTime:0.0002s ]
INFO: [ view_parse ] --START--
INFO: [ template_filter ] --START--
INFO: Run Behavior\ContentReplaceBehavior [ RunTime:0.000071s ]
INFO: [ template_filter ] --END-- [ RunTime:0.000086s ]
INFO: Run Behavior\ParseTemplateBehavior [ RunTime:0.006172s ]
INFO: [ view_parse ] --END-- [ RunTime:0.006186s ]
INFO: [ view_filter ] --START--
INFO: Run Behavior\WriteHtmlCacheBehavior [ RunTime:0.000069s ]
INFO: [ view_filter ] --END-- [ RunTime:0.000079s ]
INFO: [ app_end ] --START--
INFO: Run Behavior\ShowPageTraceBehavior [ RunTime:0.000223s ]
INFO: [ app_end ] --END-- [ RunTime:0.000237s ]

[ 2017-12-04T18:52:12+08:00 ] 101.81.120.60 /offer.php/Product/Index/index.html
INFO: [ app_init ] --START--
INFO: Run Behavior\BuildLiteBehavior [ RunTime:0.000007s ]
INFO: [ app_init ] --END-- [ RunTime:0.000180s ]
INFO: [ app_begin ] --START--
INFO: Run Behavior\ReadHtmlCacheBehavior [ RunTime:0.000229s ]
INFO: [ app_begin ] --END-- [ RunTime:0.000246s ]
NOTIC: [8] A session had already been started - ignoring session_start() /home/www/hqjhc/ThinkPHP/Common/functions.php 第 1263 行.
SQL: SHOW COLUMNS FROM `hqjhc_offers` [ RunTime:0.0005s ]
SQL: SHOW COLUMNS FROM `hqjhc_offers` [ RunTime:0.0003s ]
SQL: SELECT * FROM `hqjhc_offers` WHERE `offerid` = 12 LIMIT 1   [ RunTime:0.0002s ]
SQL: SHOW COLUMNS FROM `hqjhc_goods` [ RunTime:0.0004s ]
SQL: SELECT COUNT(*) AS tp_count FROM `hqjhc_goods` WHERE `dataFlag` = 0 AND `status` = 0 AND `offerid` = 12 LIMIT 1   [ RunTime:0.0002s ]
SQL: SELECT * FROM `hqjhc_goods` WHERE `dataFlag` = 0 AND `status` = 0 AND `offerid` = 12 ORDER BY `id` desc LIMIT 0,15   [ RunTime:0.0002s ]
INFO: [ view_parse ] --START--
INFO: [ template_filter ] --START--
INFO: Run Behavior\ContentReplaceBehavior [ RunTime:0.000073s ]
INFO: [ template_filter ] --END-- [ RunTime:0.000089s ]
INFO: Run Behavior\ParseTemplateBehavior [ RunTime:0.006313s ]
INFO: [ view_parse ] --END-- [ RunTime:0.006329s ]
INFO: [ view_filter ] --START--
INFO: Run Behavior\WriteHtmlCacheBehavior [ RunTime:0.000074s ]
INFO: [ view_filter ] --END-- [ RunTime:0.000085s ]
INFO: [ app_end ] --START--
INFO: Run Behavior\ShowPageTraceBehavior [ RunTime:0.000236s ]
INFO: [ app_end ] --END-- [ RunTime:0.000250s ]

[ 2017-12-04T18:52:13+08:00 ] 101.81.120.60 /offer.php/Product/Index/addproductpage.html
INFO: [ app_init ] --START--
INFO: Run Behavior\BuildLiteBehavior [ RunTime:0.000008s ]
INFO: [ app_init ] --END-- [ RunTime:0.000204s ]
INFO: [ app_begin ] --START--
INFO: Run Behavior\ReadHtmlCacheBehavior [ RunTime:0.000233s ]
INFO: [ app_begin ] --END-- [ RunTime:0.000251s ]
NOTIC: [8] A session had already been started - ignoring session_start() /home/www/hqjhc/ThinkPHP/Common/functions.php 第 1263 行.
SQL: SHOW COLUMNS FROM `hqjhc_offers` [ RunTime:0.0005s ]
SQL: SHOW COLUMNS FROM `hqjhc_offers` [ RunTime:0.0003s ]
SQL: SELECT * FROM `hqjhc_offers` WHERE `offerid` = 12 LIMIT 1   [ RunTime:0.0002s ]
SQL: SHOW COLUMNS FROM `hqjhc_goods_cats` [ RunTime:0.0003s ]
SQL: SHOW COLUMNS FROM `hqjhc_brands` [ RunTime:0.0003s ]
SQL: SHOW COLUMNS FROM `hqjhc_goods_cats` [ RunTime:0.0003s ]
SQL: SELECT * FROM `hqjhc_goods_cats` WHERE `dataFlag` = 0 AND `parentid` = 0  [ RunTime:0.0002s ]
SQL: SHOW COLUMNS FROM `hqjhc_brands` [ RunTime:0.0003s ]
SQL: SELECT * FROM `hqjhc_brands` WHERE `dataFlag` = 0  [ RunTime:0.0002s ]
NOTIC: [8] Undefined variable: goodstemplatelist /home/www/hqjhc/bussiness/Product/Controller/IndexController.class.php 第 199 行.
INFO: [ view_parse ] --START--
INFO: [ template_filter ] --START--
INFO: Run Behavior\ContentReplaceBehavior [ RunTime:0.000120s ]
INFO: [ template_filter ] --END-- [ RunTime:0.000135s ]
NOTIC: [8] Undefined variable: templateinfo /home/www/hqjhc/bussiness/Runtime/Cache/Product/2389a18cd909c259c0402f2c3f4125ab.php 第 532 行.
NOTIC: [8] Undefined index: stffid /home/www/hqjhc/bussiness/Runtime/Cache/Product/2389a18cd909c259c0402f2c3f4125ab.php 第 774 行.
INFO: Run Behavior\ParseTemplateBehavior [ RunTime:0.009506s ]
INFO: [ view_parse ] --END-- [ RunTime:0.009520s ]
INFO: [ view_filter ] --START--
INFO: Run Behavior\WriteHtmlCacheBehavior [ RunTime:0.000074s ]
INFO: [ view_filter ] --END-- [ RunTime:0.000084s ]
INFO: [ app_end ] --START--
INFO: Run Behavior\ShowPageTraceBehavior [ RunTime:0.000221s ]
INFO: [ app_end ] --END-- [ RunTime:0.000235s ]

[ 2017-12-04T18:52:23+08:00 ] 101.81.120.60 /offer.php/Product/Index/getgoodscatschild.html
INFO: [ app_init ] --START--
INFO: Run Behavior\BuildLiteBehavior [ RunTime:0.000006s ]
INFO: [ app_init ] --END-- [ RunTime:0.000174s ]
INFO: [ app_begin ] --START--
INFO: Run Behavior\ReadHtmlCacheBehavior [ RunTime:0.000193s ]
INFO: [ app_begin ] --END-- [ RunTime:0.000209s ]
NOTIC: [8] A session had already been started - ignoring session_start() /home/www/hqjhc/ThinkPHP/Common/functions.php 第 1263 行.
SQL: SHOW COLUMNS FROM `hqjhc_offers` [ RunTime:0.0005s ]
SQL: SHOW COLUMNS FROM `hqjhc_offers` [ RunTime:0.0003s ]
SQL: SELECT * FROM `hqjhc_offers` WHERE `offerid` = 12 LIMIT 1   [ RunTime:0.0002s ]
SQL: SHOW COLUMNS FROM `hqjhc_goods_cats` [ RunTime:0.0003s ]
SQL: SHOW COLUMNS FROM `hqjhc_goods_cats` [ RunTime:0.0003s ]
SQL: SELECT * FROM `hqjhc_goods_cats` WHERE `dataFlag` = 0 AND `parentid` = 23  [ RunTime:0.0002s ]
INFO: [ app_end ] --START--
INFO: Run Behavior\ShowPageTraceBehavior [ RunTime:0.000252s ]
INFO: [ app_end ] --END-- [ RunTime:0.000267s ]

[ 2017-12-04T18:52:24+08:00 ] 101.81.120.60 /offer.php/Product/Index/getgoodscatschildtwo.html
INFO: [ app_init ] --START--
INFO: Run Behavior\BuildLiteBehavior [ RunTime:0.000005s ]
INFO: [ app_init ] --END-- [ RunTime:0.000154s ]
INFO: [ app_begin ] --START--
INFO: Run Behavior\ReadHtmlCacheBehavior [ RunTime:0.000197s ]
INFO: [ app_begin ] --END-- [ RunTime:0.000212s ]
NOTIC: [8] A session had already been started - ignoring session_start() /home/www/hqjhc/ThinkPHP/Common/functions.php 第 1263 行.
SQL: SHOW COLUMNS FROM `hqjhc_offers` [ RunTime:0.0005s ]
SQL: SHOW COLUMNS FROM `hqjhc_offers` [ RunTime:0.0003s ]
SQL: SELECT * FROM `hqjhc_offers` WHERE `offerid` = 12 LIMIT 1   [ RunTime:0.0002s ]
SQL: SHOW COLUMNS FROM `hqjhc_goods_cats` [ RunTime:0.0003s ]
SQL: SHOW COLUMNS FROM `hqjhc_goods_cats` [ RunTime:0.0003s ]
SQL: SELECT * FROM `hqjhc_goods_cats` WHERE `dataFlag` = 0 AND `parentid` = 24  [ RunTime:0.0002s ]
INFO: [ app_end ] --START--
INFO: Run Behavior\ShowPageTraceBehavior [ RunTime:0.000237s ]
INFO: [ app_end ] --END-- [ RunTime:0.000252s ]

[ 2017-12-04T18:53:11+08:00 ] 101.81.120.60 /offer.php/Product/Index/doAddProduct.html
INFO: [ app_init ] --START--
INFO: Run Behavior\BuildLiteBehavior [ RunTime:0.000006s ]
INFO: [ app_init ] --END-- [ RunTime:0.000153s ]
INFO: [ app_begin ] --START--
INFO: Run Behavior\ReadHtmlCacheBehavior [ RunTime:0.000197s ]
INFO: [ app_begin ] --END-- [ RunTime:0.000212s ]
NOTIC: [8] A session had already been started - ignoring session_start() /home/www/hqjhc/ThinkPHP/Common/functions.php 第 1263 行.
SQL: SHOW COLUMNS FROM `hqjhc_offers` [ RunTime:0.0005s ]
SQL: SHOW COLUMNS FROM `hqjhc_offers` [ RunTime:0.0003s ]
SQL: SELECT * FROM `hqjhc_offers` WHERE `offerid` = 12 LIMIT 1   [ RunTime:0.0002s ]
SQL: SHOW COLUMNS FROM `hqjhc_goods` [ RunTime:0.0004s ]
SQL: SHOW COLUMNS FROM `hqjhc_goods` [ RunTime:0.0004s ]
NOTIC: [8] Undefined index: validate /home/www/hqjhc/ThinkPHP/Library/Think/Model.class.php 第 1185 行.
NOTIC: [8] Undefined index: auto /home/www/hqjhc/ThinkPHP/Library/Think/Model.class.php 第 1128 行.
SQL: INSERT INTO `hqjhc_goods` (`name`,`code_num`,`goodsCatIdfirst`,`goodsCatIdmiddle`,`isSpec`,`weight`,`offersPrice`,`number`,`goods_erama`,`goods_display_img`,`goods_other_img1`,`goods_other_img2`,`goods_other_img3`,`goods_other_img4`,`unit`,`once_shop_maxnum`,`user_shop_maxnum`,`sort`,`freight`,`brandid`,`type`,`isBest`,`isNew`,`isRecom`,`createstaffid`,`description`,`offerid`,`createTime`) VALUES ('85687686865','8658765856','23','24','1','','8568','856876','','2017-12-04/5a2528f945d78.jpg','2017-12-04/5a2528fe91110.jpg','2017-12-04/5a2529029f1d1.jpg','2017-12-04/5a25290805d41.jpg','2017-12-04/5a2529106f269.jpg','8765','8658','5876','8768','0','12','0','0','0','0','0','&lt;p&gt;876578568&lt;/p&gt;','12','2017-12-04 18:53:11') [ RunTime:0.0030s ]
NOTIC: [8] Uninitialized string offset: 0 /home/www/hqjhc/bussiness/Product/Controller/IndexController.class.php 第 263 行.
SQL: SHOW COLUMNS FROM `hqjhc_goods_specs` [ RunTime:0.0051s ]
SQL: SHOW COLUMNS FROM `hqjhc_goods_specs` [ RunTime:0.0003s ]
SQL: INSERT INTO `hqjhc_goods_specs` (`speca`,`specb`,`offerPrice`,`specnum`,`specdesc`,`speccode`,`specweight`,`goodsid`) VALUES ('856','876578','56876','8568','865','686','','46') [ RunTime:0.0025s ]
INFO: [ view_parse ] --START--
INFO: [ template_filter ] --START--
INFO: Run Behavior\ContentReplaceBehavior [ RunTime:0.000017s ]
INFO: [ template_filter ] --END-- [ RunTime:0.000031s ]
INFO: Run Behavior\ParseTemplateBehavior [ RunTime:0.002267s ]
INFO: [ view_parse ] --END-- [ RunTime:0.002281s ]
INFO: [ view_filter ] --START--
INFO: Run Behavior\WriteHtmlCacheBehavior [ RunTime:0.000066s ]
INFO: [ view_filter ] --END-- [ RunTime:0.000075s ]
INFO: [ app_end ] --START--
INFO: Run Behavior\ShowPageTraceBehavior [ RunTime:0.000245s ]
INFO: [ app_end ] --END-- [ RunTime:0.000258s ]

[ 2017-12-04T18:53:12+08:00 ] 101.81.120.60 /offer.php/Product/Index/addproductpage.html
INFO: [ app_init ] --START--
INFO: Run Behavior\BuildLiteBehavior [ RunTime:0.000007s ]
INFO: [ app_init ] --END-- [ RunTime:0.000177s ]
INFO: [ app_begin ] --START--
INFO: Run Behavior\ReadHtmlCacheBehavior [ RunTime:0.000257s ]
INFO: [ app_begin ] --END-- [ RunTime:0.000276s ]
NOTIC: [8] A session had already been started - ignoring session_start() /home/www/hqjhc/ThinkPHP/Common/functions.php 第 1263 行.
SQL: SHOW COLUMNS FROM `hqjhc_offers` [ RunTime:0.0005s ]
SQL: SHOW COLUMNS FROM `hqjhc_offers` [ RunTime:0.0003s ]
SQL: SELECT * FROM `hqjhc_offers` WHERE `offerid` = 12 LIMIT 1   [ RunTime:0.0002s ]
SQL: SHOW COLUMNS FROM `hqjhc_goods_cats` [ RunTime:0.0003s ]
SQL: SHOW COLUMNS FROM `hqjhc_brands` [ RunTime:0.0003s ]
SQL: SHOW COLUMNS FROM `hqjhc_goods_cats` [ RunTime:0.0003s ]
SQL: SELECT * FROM `hqjhc_goods_cats` WHERE `dataFlag` = 0 AND `parentid` = 0  [ RunTime:0.0002s ]
SQL: SHOW COLUMNS FROM `hqjhc_brands` [ RunTime:0.0003s ]
SQL: SELECT * FROM `hqjhc_brands` WHERE `dataFlag` = 0  [ RunTime:0.0002s ]
NOTIC: [8] Undefined variable: goodstemplatelist /home/www/hqjhc/bussiness/Product/Controller/IndexController.class.php 第 199 行.
INFO: [ view_parse ] --START--
INFO: [ template_filter ] --START--
INFO: Run Behavior\ContentReplaceBehavior [ RunTime:0.000113s ]
INFO: [ template_filter ] --END-- [ RunTime:0.000130s ]
NOTIC: [8] Undefined variable: templateinfo /home/www/hqjhc/bussiness/Runtime/Cache/Product/2389a18cd909c259c0402f2c3f4125ab.php 第 532 行.
NOTIC: [8] Undefined index: stffid /home/www/hqjhc/bussiness/Runtime/Cache/Product/2389a18cd909c259c0402f2c3f4125ab.php 第 774 行.
INFO: Run Behavior\ParseTemplateBehavior [ RunTime:0.008673s ]
INFO: [ view_parse ] --END-- [ RunTime:0.008687s ]
INFO: [ view_filter ] --START--
INFO: Run Behavior\WriteHtmlCacheBehavior [ RunTime:0.000073s ]
INFO: [ view_filter ] --END-- [ RunTime:0.000085s ]
INFO: [ app_end ] --START--
INFO: Run Behavior\ShowPageTraceBehavior [ RunTime:0.000230s ]
INFO: [ app_end ] --END-- [ RunTime:0.000246s ]

[ 2017-12-04T18:53:14+08:00 ] 101.81.120.60 /offer.php/Product/Index/index.html
INFO: [ app_init ] --START--
INFO: Run Behavior\BuildLiteBehavior [ RunTime:0.000007s ]
INFO: [ app_init ] --END-- [ RunTime:0.000177s ]
INFO: [ app_begin ] --START--
INFO: Run Behavior\ReadHtmlCacheBehavior [ RunTime:0.000229s ]
INFO: [ app_begin ] --END-- [ RunTime:0.000248s ]
NOTIC: [8] A session had already been started - ignoring session_start() /home/www/hqjhc/ThinkPHP/Common/functions.php 第 1263 行.
SQL: SHOW COLUMNS FROM `hqjhc_offers` [ RunTime:0.0005s ]
SQL: SHOW COLUMNS FROM `hqjhc_offers` [ RunTime:0.0003s ]
SQL: SELECT * FROM `hqjhc_offers` WHERE `offerid` = 12 LIMIT 1   [ RunTime:0.0002s ]
SQL: SHOW COLUMNS FROM `hqjhc_goods` [ RunTime:0.0004s ]
SQL: SELECT COUNT(*) AS tp_count FROM `hqjhc_goods` WHERE `dataFlag` = 0 AND `status` = 0 AND `offerid` = 12 LIMIT 1   [ RunTime:0.0002s ]
SQL: SELECT * FROM `hqjhc_goods` WHERE `dataFlag` = 0 AND `status` = 0 AND `offerid` = 12 ORDER BY `id` desc LIMIT 0,15   [ RunTime:0.0002s ]
INFO: [ view_parse ] --START--
INFO: [ template_filter ] --START--
INFO: Run Behavior\ContentReplaceBehavior [ RunTime:0.000071s ]
INFO: [ template_filter ] --END-- [ RunTime:0.000087s ]
NOTIC: [8] Undefined index: createstaffname /home/www/hqjhc/bussiness/Runtime/Cache/Product/89fe1682280a4de5dd97bdaf0f57dbc9.php 第 528 行.
INFO: Run Behavior\ParseTemplateBehavior [ RunTime:0.006325s ]
INFO: [ view_parse ] --END-- [ RunTime:0.006339s ]
INFO: [ view_filter ] --START--
INFO: Run Behavior\WriteHtmlCacheBehavior [ RunTime:0.000086s ]
INFO: [ view_filter ] --END-- [ RunTime:0.000098s ]
INFO: [ app_end ] --START--
INFO: Run Behavior\ShowPageTraceBehavior [ RunTime:0.000252s ]
INFO: [ app_end ] --END-- [ RunTime:0.000267s ]

[ 2017-12-04T18:53:15+08:00 ] 101.81.120.60 /offer.php/Product/Index/editproductpage/id/46.html
INFO: [ app_init ] --START--
INFO: Run Behavior\BuildLiteBehavior [ RunTime:0.000006s ]
INFO: [ app_init ] --END-- [ RunTime:0.000177s ]
INFO: [ app_begin ] --START--
INFO: Run Behavior\ReadHtmlCacheBehavior [ RunTime:0.000197s ]
INFO: [ app_begin ] --END-- [ RunTime:0.000212s ]
NOTIC: [8] A session had already been started - ignoring session_start() /home/www/hqjhc/ThinkPHP/Common/functions.php 第 1263 行.
SQL: SHOW COLUMNS FROM `hqjhc_offers` [ RunTime:0.0005s ]
SQL: SHOW COLUMNS FROM `hqjhc_offers` [ RunTime:0.0003s ]
SQL: SELECT * FROM `hqjhc_offers` WHERE `offerid` = 12 LIMIT 1   [ RunTime:0.0002s ]
SQL: SHOW COLUMNS FROM `hqjhc_goods` [ RunTime:0.0004s ]
SQL: SHOW COLUMNS FROM `hqjhc_goods_specs` [ RunTime:0.0003s ]
SQL: SHOW COLUMNS FROM `hqjhc_brands` [ RunTime:0.0003s ]
SQL: SHOW COLUMNS FROM `hqjhc_offers` [ RunTime:0.0003s ]
SQL: SHOW COLUMNS FROM `hqjhc_goods_cats` [ RunTime:0.0003s ]
SQL: SHOW COLUMNS FROM `hqjhc_brands` [ RunTime:0.0003s ]
SQL: SELECT * FROM `hqjhc_brands` WHERE `dataFlag` = 0  [ RunTime:0.0002s ]
SQL: SHOW COLUMNS FROM `hqjhc_goods_cats` [ RunTime:0.0003s ]
SQL: SELECT * FROM `hqjhc_goods_cats` WHERE `dataFlag` = 0 AND `parentid` = 0  [ RunTime:0.0002s ]
SQL: SHOW COLUMNS FROM `hqjhc_goods` [ RunTime:0.0004s ]
SQL: SELECT * FROM `hqjhc_goods` WHERE `id` = 46 AND `dataFlag` = 0 LIMIT 1   [ RunTime:0.0002s ]
SQL: SELECT * FROM `hqjhc_offers` WHERE `offerid` = 12 AND `dataFlag` = 0 LIMIT 1   [ RunTime:0.0001s ]
SQL: SHOW COLUMNS FROM `hqjhc_goods_specs` [ RunTime:0.0003s ]
SQL: SELECT * FROM `hqjhc_goods_specs` WHERE `goodsid` = 46 AND `dataFlag` = 0  [ RunTime:0.0002s ]
SQL: SELECT * FROM `hqjhc_goods_cats` WHERE `dataFlag` = 0 AND `parentid` = 23  [ RunTime:0.0001s ]
SQL: SELECT * FROM `hqjhc_goods_cats` WHERE `dataFlag` = 0 AND `parentid` = 24  [ RunTime:0.0001s ]
NOTIC: [8] Undefined variable: goodstemplatelist /home/www/hqjhc/bussiness/Product/Controller/IndexController.class.php 第 341 行.
INFO: [ view_parse ] --START--
INFO: [ template_filter ] --START--
INFO: Run Behavior\ContentReplaceBehavior [ RunTime:0.000108s ]
INFO: [ template_filter ] --END-- [ RunTime:0.000125s ]
NOTIC: [8] Undefined index: code /home/www/hqjhc/bussiness/Runtime/Cache/Product/ed23d57151e6fe2fd70453f206215ce4.php 第 588 行.
NOTIC: [8] Undefined index: weight /home/www/hqjhc/bussiness/Runtime/Cache/Product/ed23d57151e6fe2fd70453f206215ce4.php 第 591 行.
NOTIC: [8] Undefined index: stffid /home/www/hqjhc/bussiness/Runtime/Cache/Product/ed23d57151e6fe2fd70453f206215ce4.php 第 731 行.
INFO: Run Behavior\ParseTemplateBehavior [ RunTime:0.009364s ]
INFO: [ view_parse ] --END-- [ RunTime:0.009378s ]
INFO: [ view_filter ] --START--
INFO: Run Behavior\WriteHtmlCacheBehavior [ RunTime:0.000070s ]
INFO: [ view_filter ] --END-- [ RunTime:0.000081s ]
INFO: [ app_end ] --START--
INFO: Run Behavior\ShowPageTraceBehavior [ RunTime:0.000225s ]
INFO: [ app_end ] --END-- [ RunTime:0.000239s ]

[ 2017-12-04T18:53:25+08:00 ] 101.226.33.206 /offer.php/Product/Index/editproductpage/id/46.html
INFO: [ app_init ] --START--
INFO: Run Behavior\BuildLiteBehavior [ RunTime:0.000006s ]
INFO: [ app_init ] --END-- [ RunTime:0.000167s ]
INFO: [ app_begin ] --START--
INFO: Run Behavior\ReadHtmlCacheBehavior [ RunTime:0.000204s ]
INFO: [ app_begin ] --END-- [ RunTime:0.000220s ]
NOTIC: [8] A session had already been started - ignoring session_start() /home/www/hqjhc/ThinkPHP/Common/functions.php 第 1263 行.
SQL: SHOW COLUMNS FROM `hqjhc_offers` [ RunTime:0.0005s ]

[ 2017-12-04T18:53:27+08:00 ] 101.81.120.60 /offer.php/Product/Index/index.html
INFO: [ app_init ] --START--
INFO: Run Behavior\BuildLiteBehavior [ RunTime:0.000007s ]
INFO: [ app_init ] --END-- [ RunTime:0.000179s ]
INFO: [ app_begin ] --START--
INFO: Run Behavior\ReadHtmlCacheBehavior [ RunTime:0.000229s ]
INFO: [ app_begin ] --END-- [ RunTime:0.000246s ]
NOTIC: [8] A session had already been started - ignoring session_start() /home/www/hqjhc/ThinkPHP/Common/functions.php 第 1263 行.
SQL: SHOW COLUMNS FROM `hqjhc_offers` [ RunTime:0.0005s ]
SQL: SHOW COLUMNS FROM `hqjhc_offers` [ RunTime:0.0003s ]
SQL: SELECT * FROM `hqjhc_offers` WHERE `offerid` = 12 LIMIT 1   [ RunTime:0.0002s ]
SQL: SHOW COLUMNS FROM `hqjhc_goods` [ RunTime:0.0005s ]
SQL: SELECT COUNT(*) AS tp_count FROM `hqjhc_goods` WHERE `dataFlag` = 0 AND `status` = 0 AND `offerid` = 12 LIMIT 1   [ RunTime:0.0002s ]
SQL: SELECT * FROM `hqjhc_goods` WHERE `dataFlag` = 0 AND `status` = 0 AND `offerid` = 12 ORDER BY `id` desc LIMIT 0,15   [ RunTime:0.0002s ]
INFO: [ view_parse ] --START--
INFO: [ template_filter ] --START--
INFO: Run Behavior\ContentReplaceBehavior [ RunTime:0.000076s ]
INFO: [ template_filter ] --END-- [ RunTime:0.000092s ]
NOTIC: [8] Undefined index: createstaffname /home/www/hqjhc/bussiness/Runtime/Cache/Product/89fe1682280a4de5dd97bdaf0f57dbc9.php 第 528 行.
INFO: Run Behavior\ParseTemplateBehavior [ RunTime:0.007332s ]
INFO: [ view_parse ] --END-- [ RunTime:0.007346s ]
INFO: [ view_filter ] --START--
INFO: Run Behavior\WriteHtmlCacheBehavior [ RunTime:0.000073s ]
INFO: [ view_filter ] --END-- [ RunTime:0.000084s ]
INFO: [ app_end ] --START--
INFO: Run Behavior\ShowPageTraceBehavior [ RunTime:0.000243s ]
INFO: [ app_end ] --END-- [ RunTime:0.000257s ]

[ 2017-12-04T18:58:47+08:00 ] 101.81.120.60 /offer.php/Product/Index/failpage.html
INFO: [ app_init ] --START--
INFO: Run Behavior\BuildLiteBehavior [ RunTime:0.000006s ]
INFO: [ app_init ] --END-- [ RunTime:0.000170s ]
INFO: [ app_begin ] --START--
INFO: Run Behavior\ReadHtmlCacheBehavior [ RunTime:0.000221s ]
INFO: [ app_begin ] --END-- [ RunTime:0.000238s ]
NOTIC: [8] A session had already been started - ignoring session_start() /home/www/hqjhc/ThinkPHP/Common/functions.php 第 1263 行.
SQL: SHOW COLUMNS FROM `hqjhc_offers` [ RunTime:0.0005s ]
SQL: SHOW COLUMNS FROM `hqjhc_offers` [ RunTime:0.0003s ]
SQL: SELECT * FROM `hqjhc_offers` WHERE `offerid` = 12 LIMIT 1   [ RunTime:0.0002s ]
SQL: SHOW COLUMNS FROM `hqjhc_goods` [ RunTime:0.0004s ]
SQL: SELECT COUNT(*) AS tp_count FROM `hqjhc_goods` WHERE `dataFlag` = 0 AND `status` = 2 AND `offerid` = 12 LIMIT 1   [ RunTime:0.0002s ]
SQL: SELECT * FROM `hqjhc_goods` WHERE `dataFlag` = 0 AND `status` = 2 AND `offerid` = 12 ORDER BY `id` desc LIMIT 0,15   [ RunTime:0.0002s ]
INFO: [ view_parse ] --START--
INFO: [ template_filter ] --START--
INFO: Run Behavior\ContentReplaceBehavior [ RunTime:0.000071s ]
INFO: [ template_filter ] --END-- [ RunTime:0.000086s ]
INFO: Run Behavior\ParseTemplateBehavior [ RunTime:0.006287s ]
INFO: [ view_parse ] --END-- [ RunTime:0.006302s ]
INFO: [ view_filter ] --START--
INFO: Run Behavior\WriteHtmlCacheBehavior [ RunTime:0.000069s ]
INFO: [ view_filter ] --END-- [ RunTime:0.000079s ]
INFO: [ app_end ] --START--
INFO: Run Behavior\ShowPageTraceBehavior [ RunTime:0.000226s ]
INFO: [ app_end ] --END-- [ RunTime:0.000240s ]

[ 2017-12-04T18:58:59+08:00 ] 101.81.120.60 /offer.php/Product/Index/downproductpage.html
INFO: [ app_init ] --START--
INFO: Run Behavior\BuildLiteBehavior [ RunTime:0.000006s ]
INFO: [ app_init ] --END-- [ RunTime:0.000157s ]
INFO: [ app_begin ] --START--
INFO: Run Behavior\ReadHtmlCacheBehavior [ RunTime:0.000207s ]
INFO: [ app_begin ] --END-- [ RunTime:0.000224s ]
NOTIC: [8] A session had already been started - ignoring session_start() /home/www/hqjhc/ThinkPHP/Common/functions.php 第 1263 行.
SQL: SHOW COLUMNS FROM `hqjhc_offers` [ RunTime:0.0005s ]
SQL: SHOW COLUMNS FROM `hqjhc_offers` [ RunTime:0.0003s ]
SQL: SELECT * FROM `hqjhc_offers` WHERE `offerid` = 12 LIMIT 1   [ RunTime:0.0002s ]
SQL: SHOW COLUMNS FROM `hqjhc_goods` [ RunTime:0.0005s ]
SQL: SELECT COUNT(*) AS tp_count FROM `hqjhc_goods` WHERE `dataFlag` = 0 AND `status` = 4 AND `offerid` = 12 LIMIT 1   [ RunTime:0.0002s ]
SQL: SELECT * FROM `hqjhc_goods` WHERE `dataFlag` = 0 AND `status` = 4 AND `offerid` = 12 ORDER BY `id` desc LIMIT 0,15   [ RunTime:0.0002s ]
INFO: [ view_parse ] --START--
INFO: [ template_filter ] --START--
INFO: Run Behavior\ContentReplaceBehavior [ RunTime:0.000072s ]
INFO: [ template_filter ] --END-- [ RunTime:0.000087s ]
INFO: Run Behavior\ParseTemplateBehavior [ RunTime:0.006225s ]
INFO: [ view_parse ] --END-- [ RunTime:0.006241s ]
INFO: [ view_filter ] --START--
INFO: Run Behavior\WriteHtmlCacheBehavior [ RunTime:0.000072s ]
INFO: [ view_filter ] --END-- [ RunTime:0.000083s ]
INFO: [ app_end ] --START--
INFO: Run Behavior\ShowPageTraceBehavior [ RunTime:0.000234s ]
INFO: [ app_end ] --END-- [ RunTime:0.000249s ]

[ 2017-12-04T18:59:01+08:00 ] 101.81.120.60 /offer.php/Product/Index/failpage.html
INFO: [ app_init ] --START--
INFO: Run Behavior\BuildLiteBehavior [ RunTime:0.000007s ]
INFO: [ app_init ] --END-- [ RunTime:0.000155s ]
INFO: [ app_begin ] --START--
INFO: Run Behavior\ReadHtmlCacheBehavior [ RunTime:0.000221s ]
INFO: [ app_begin ] --END-- [ RunTime:0.000236s ]
NOTIC: [8] A session had already been started - ignoring session_start() /home/www/hqjhc/ThinkPHP/Common/functions.php 第 1263 行.
SQL: SHOW COLUMNS FROM `hqjhc_offers` [ RunTime:0.0005s ]
SQL: SHOW COLUMNS FROM `hqjhc_offers` [ RunTime:0.0003s ]
SQL: SELECT * FROM `hqjhc_offers` WHERE `offerid` = 12 LIMIT 1   [ RunTime:0.0002s ]
SQL: SHOW COLUMNS FROM `hqjhc_goods` [ RunTime:0.0004s ]
SQL: SELECT COUNT(*) AS tp_count FROM `hqjhc_goods` WHERE `dataFlag` = 0 AND `status` = 2 AND `offerid` = 12 LIMIT 1   [ RunTime:0.0002s ]
SQL: SELECT * FROM `hqjhc_goods` WHERE `dataFlag` = 0 AND `status` = 2 AND `offerid` = 12 ORDER BY `id` desc LIMIT 0,15   [ RunTime:0.0002s ]
INFO: [ view_parse ] --START--
INFO: [ template_filter ] --START--
INFO: Run Behavior\ContentReplaceBehavior [ RunTime:0.000072s ]
INFO: [ template_filter ] --END-- [ RunTime:0.000086s ]
INFO: Run Behavior\ParseTemplateBehavior [ RunTime:0.006305s ]
INFO: [ view_parse ] --END-- [ RunTime:0.006320s ]
INFO: [ view_filter ] --START--
INFO: Run Behavior\WriteHtmlCacheBehavior [ RunTime:0.000070s ]
INFO: [ view_filter ] --END-- [ RunTime:0.000081s ]
INFO: [ app_end ] --START--
INFO: Run Behavior\ShowPageTraceBehavior [ RunTime:0.000222s ]
INFO: [ app_end ] --END-- [ RunTime:0.000235s ]

[ 2017-12-04T21:48:32+08:00 ] 114.83.92.198 /offer.php/Product/Index/index.html
INFO: [ app_init ] --START--
INFO: Run Behavior\BuildLiteBehavior [ RunTime:0.000007s ]
INFO: [ app_init ] --END-- [ RunTime:0.000165s ]
INFO: [ app_begin ] --START--
INFO: Run Behavior\ReadHtmlCacheBehavior [ RunTime:0.000197s ]
INFO: [ app_begin ] --END-- [ RunTime:0.000213s ]
NOTIC: [8] A session had already been started - ignoring session_start() /home/www/hqjhc/ThinkPHP/Common/functions.php 第 1263 行.
SQL: SHOW COLUMNS FROM `hqjhc_offers` [ RunTime:0.0005s ]

[ 2017-12-04T21:49:25+08:00 ] 114.83.92.198 /offer.php/Product/Index/index.html
INFO: [ app_init ] --START--
INFO: Run Behavior\BuildLiteBehavior [ RunTime:0.000006s ]
INFO: [ app_init ] --END-- [ RunTime:0.000150s ]
INFO: [ app_begin ] --START--
INFO: Run Behavior\ReadHtmlCacheBehavior [ RunTime:0.000212s ]
INFO: [ app_begin ] --END-- [ RunTime:0.000227s ]
NOTIC: [8] A session had already been started - ignoring session_start() /home/www/hqjhc/ThinkPHP/Common/functions.php 第 1263 行.
SQL: SHOW COLUMNS FROM `hqjhc_offers` [ RunTime:0.0005s ]
SQL: SHOW COLUMNS FROM `hqjhc_offers` [ RunTime:0.0003s ]
SQL: SELECT * FROM `hqjhc_offers` WHERE `offerid` = 9 LIMIT 1   [ RunTime:0.0002s ]
SQL: SHOW COLUMNS FROM `hqjhc_goods` [ RunTime:0.0005s ]
SQL: SELECT COUNT(*) AS tp_count FROM `hqjhc_goods` WHERE `dataFlag` = 0 AND `status` = 0 AND `offerid` = 9 LIMIT 1   [ RunTime:0.0002s ]
SQL: SELECT * FROM `hqjhc_goods` WHERE `dataFlag` = 0 AND `status` = 0 AND `offerid` = 9 ORDER BY `id` desc LIMIT 0,15   [ RunTime:0.0002s ]
INFO: [ view_parse ] --START--
INFO: [ template_filter ] --START--
INFO: Run Behavior\ContentReplaceBehavior [ RunTime:0.000070s ]
INFO: [ template_filter ] --END-- [ RunTime:0.000085s ]
NOTIC: [8] Undefined index: createstaffname /home/www/hqjhc/bussiness/Runtime/Cache/Product/89fe1682280a4de5dd97bdaf0f57dbc9.php 第 528 行.
INFO: Run Behavior\ParseTemplateBehavior [ RunTime:0.006294s ]
INFO: [ view_parse ] --END-- [ RunTime:0.006308s ]
INFO: [ view_filter ] --START--
INFO: Run Behavior\WriteHtmlCacheBehavior [ RunTime:0.000069s ]
INFO: [ view_filter ] --END-- [ RunTime:0.000079s ]
INFO: [ app_end ] --START--
INFO: Run Behavior\ShowPageTraceBehavior [ RunTime:0.000222s ]
INFO: [ app_end ] --END-- [ RunTime:0.000236s ]

[ 2017-12-04T21:52:33+08:00 ] 114.83.92.198 /offer.php/Product/Index/index.html
INFO: [ app_init ] --START--
INFO: Run Behavior\BuildLiteBehavior [ RunTime:0.000005s ]
INFO: [ app_init ] --END-- [ RunTime:0.000152s ]
INFO: [ app_begin ] --START--
INFO: Run Behavior\ReadHtmlCacheBehavior [ RunTime:0.000198s ]
INFO: [ app_begin ] --END-- [ RunTime:0.000227s ]
NOTIC: [8] A session had already been started - ignoring session_start() /home/www/hqjhc/ThinkPHP/Common/functions.php 第 1263 行.
SQL: SHOW COLUMNS FROM `hqjhc_offers` [ RunTime:0.0005s ]
SQL: SHOW COLUMNS FROM `hqjhc_offers` [ RunTime:0.0003s ]
SQL: SELECT * FROM `hqjhc_offers` WHERE `offerid` = 9 LIMIT 1   [ RunTime:0.0002s ]
SQL: SHOW COLUMNS FROM `hqjhc_goods` [ RunTime:0.0005s ]
SQL: SELECT COUNT(*) AS tp_count FROM `hqjhc_goods` WHERE `dataFlag` = 0 AND `status` = 0 AND `offerid` = 9 LIMIT 1   [ RunTime:0.0002s ]
SQL: SELECT * FROM `hqjhc_goods` WHERE `dataFlag` = 0 AND `status` = 0 AND `offerid` = 9 ORDER BY `id` desc LIMIT 0,15   [ RunTime:0.0003s ]
INFO: [ view_parse ] --START--
INFO: [ template_filter ] --START--
INFO: Run Behavior\ContentReplaceBehavior [ RunTime:0.000072s ]
INFO: [ template_filter ] --END-- [ RunTime:0.000086s ]
NOTIC: [8] Undefined index: createstaffname /home/www/hqjhc/bussiness/Runtime/Cache/Product/89fe1682280a4de5dd97bdaf0f57dbc9.php 第 528 行.
INFO: Run Behavior\ParseTemplateBehavior [ RunTime:0.006261s ]
INFO: [ view_parse ] --END-- [ RunTime:0.006275s ]
INFO: [ view_filter ] --START--
INFO: Run Behavior\WriteHtmlCacheBehavior [ RunTime:0.000068s ]
INFO: [ view_filter ] --END-- [ RunTime:0.000078s ]
INFO: [ app_end ] --START--
INFO: Run Behavior\ShowPageTraceBehavior [ RunTime:0.000239s ]
INFO: [ app_end ] --END-- [ RunTime:0.000253s ]

[ 2017-12-04T21:52:43+08:00 ] 114.83.92.198 /offer.php/Product/Index/editproductpage/id/47.html
INFO: [ app_init ] --START--
INFO: Run Behavior\BuildLiteBehavior [ RunTime:0.000006s ]
INFO: [ app_init ] --END-- [ RunTime:0.000171s ]
INFO: [ app_begin ] --START--
INFO: Run Behavior\ReadHtmlCacheBehavior [ RunTime:0.000285s ]
INFO: [ app_begin ] --END-- [ RunTime:0.000302s ]
NOTIC: [8] A session had already been started - ignoring session_start() /home/www/hqjhc/ThinkPHP/Common/functions.php 第 1263 行.
SQL: SHOW COLUMNS FROM `hqjhc_offers` [ RunTime:0.0005s ]
SQL: SHOW COLUMNS FROM `hqjhc_offers` [ RunTime:0.0003s ]
SQL: SELECT * FROM `hqjhc_offers` WHERE `offerid` = 9 LIMIT 1   [ RunTime:0.0002s ]
SQL: SHOW COLUMNS FROM `hqjhc_goods` [ RunTime:0.0004s ]
SQL: SHOW COLUMNS FROM `hqjhc_goods_specs` [ RunTime:0.0003s ]
SQL: SHOW COLUMNS FROM `hqjhc_brands` [ RunTime:0.0003s ]
SQL: SHOW COLUMNS FROM `hqjhc_offers` [ RunTime:0.0003s ]
SQL: SHOW COLUMNS FROM `hqjhc_goods_cats` [ RunTime:0.0003s ]
SQL: SHOW COLUMNS FROM `hqjhc_brands` [ RunTime:0.0003s ]
SQL: SELECT * FROM `hqjhc_brands` WHERE `dataFlag` = 0  [ RunTime:0.0002s ]
SQL: SHOW COLUMNS FROM `hqjhc_goods_cats` [ RunTime:0.0003s ]
SQL: SELECT * FROM `hqjhc_goods_cats` WHERE `dataFlag` = 0 AND `parentid` = 0  [ RunTime:0.0002s ]
SQL: SHOW COLUMNS FROM `hqjhc_goods` [ RunTime:0.0004s ]
SQL: SELECT * FROM `hqjhc_goods` WHERE `id` = 47 AND `dataFlag` = 0 LIMIT 1   [ RunTime:0.0002s ]
SQL: SELECT * FROM `hqjhc_offers` WHERE `offerid` = 9 AND `dataFlag` = 0 LIMIT 1   [ RunTime:0.0002s ]
SQL: SHOW COLUMNS FROM `hqjhc_goods_specs` [ RunTime:0.0003s ]
SQL: SELECT * FROM `hqjhc_goods_specs` WHERE `goodsid` = 47 AND `dataFlag` = 0  [ RunTime:0.0002s ]
SQL: SELECT * FROM `hqjhc_goods_cats` WHERE `dataFlag` = 0 AND `parentid` = 26  [ RunTime:0.0001s ]
SQL: SELECT * FROM `hqjhc_goods_cats` WHERE `dataFlag` = 0 AND `parentid` = 27  [ RunTime:0.0001s ]
NOTIC: [8] Undefined variable: goodstemplatelist /home/www/hqjhc/bussiness/Product/Controller/IndexController.class.php 第 341 行.
INFO: [ view_parse ] --START--
INFO: [ template_filter ] --START--
INFO: Run Behavior\ContentReplaceBehavior [ RunTime:0.000103s ]
INFO: [ template_filter ] --END-- [ RunTime:0.000119s ]
NOTIC: [8] Undefined index: code /home/www/hqjhc/bussiness/Runtime/Cache/Product/ed23d57151e6fe2fd70453f206215ce4.php 第 588 行.
NOTIC: [8] Undefined index: weight /home/www/hqjhc/bussiness/Runtime/Cache/Product/ed23d57151e6fe2fd70453f206215ce4.php 第 591 行.
NOTIC: [8] Undefined index: stffid /home/www/hqjhc/bussiness/Runtime/Cache/Product/ed23d57151e6fe2fd70453f206215ce4.php 第 731 行.
INFO: Run Behavior\ParseTemplateBehavior [ RunTime:0.009282s ]
INFO: [ view_parse ] --END-- [ RunTime:0.009295s ]
INFO: [ view_filter ] --START--
INFO: Run Behavior\WriteHtmlCacheBehavior [ RunTime:0.000073s ]
INFO: [ view_filter ] --END-- [ RunTime:0.000083s ]
INFO: [ app_end ] --START--
INFO: Run Behavior\ShowPageTraceBehavior [ RunTime:0.000247s ]
INFO: [ app_end ] --END-- [ RunTime:0.000262s ]

