[ 2017-12-01T14:24:12+08:00 ] 116.226.130.39 /offer.php/Product/Index/index.html
INFO: [ app_init ] --START--
INFO: Run Behavior\BuildLiteBehavior [ RunTime:0.000006s ]
INFO: [ app_init ] --END-- [ RunTime:0.000178s ]
INFO: [ app_begin ] --START--
INFO: Run Behavior\ReadHtmlCacheBehavior [ RunTime:0.000200s ]
INFO: [ app_begin ] --END-- [ RunTime:0.000216s ]
NOTIC: [8] A session had already been started - ignoring session_start() /home/www/hqjhc/ThinkPHP/Common/functions.php 第 1263 行.
SQL: SHOW COLUMNS FROM `hqjhc_offers` [ RunTime:0.0005s ]
SQL: SHOW COLUMNS FROM `hqjhc_offers` [ RunTime:0.0003s ]
SQL: SELECT * FROM `hqjhc_offers` WHERE `offerid` = 9 LIMIT 1   [ RunTime:0.0002s ]
SQL: SHOW COLUMNS FROM `hqjhc_goods` [ RunTime:0.0004s ]
SQL: SELECT COUNT(*) AS tp_count FROM `hqjhc_goods` WHERE `dataFlag` = 0 AND `status` = 0 AND `offerid` = 9 LIMIT 1   [ RunTime:0.0002s ]
SQL: SELECT * FROM `hqjhc_goods` WHERE `dataFlag` = 0 AND `status` = 0 AND `offerid` = 9 ORDER BY `id` desc LIMIT 0,15   [ RunTime:0.0003s ]
INFO: [ view_parse ] --START--
INFO: [ template_filter ] --START--
INFO: Run Behavior\ContentReplaceBehavior [ RunTime:0.000072s ]
INFO: [ template_filter ] --END-- [ RunTime:0.000087s ]
NOTIC: [8] Undefined index: createstaffname /home/www/hqjhc/bussiness/Runtime/Cache/Product/89fe1682280a4de5dd97bdaf0f57dbc9.php 第 528 行.
NOTIC: [8] Undefined index: createstaffname /home/www/hqjhc/bussiness/Runtime/Cache/Product/89fe1682280a4de5dd97bdaf0f57dbc9.php 第 528 行.
NOTIC: [8] Undefined index: createstaffname /home/www/hqjhc/bussiness/Runtime/Cache/Product/89fe1682280a4de5dd97bdaf0f57dbc9.php 第 528 行.
NOTIC: [8] Undefined index: createstaffname /home/www/hqjhc/bussiness/Runtime/Cache/Product/89fe1682280a4de5dd97bdaf0f57dbc9.php 第 528 行.
NOTIC: [8] Undefined index: createstaffname /home/www/hqjhc/bussiness/Runtime/Cache/Product/89fe1682280a4de5dd97bdaf0f57dbc9.php 第 528 行.
INFO: Run Behavior\ParseTemplateBehavior [ RunTime:0.006835s ]
INFO: [ view_parse ] --END-- [ RunTime:0.006848s ]
INFO: [ view_filter ] --START--
INFO: Run Behavior\WriteHtmlCacheBehavior [ RunTime:0.000073s ]
INFO: [ view_filter ] --END-- [ RunTime:0.000084s ]
INFO: [ app_end ] --START--
INFO: Run Behavior\ShowPageTraceBehavior [ RunTime:0.000254s ]
INFO: [ app_end ] --END-- [ RunTime:0.000268s ]

[ 2017-12-01T14:24:13+08:00 ] 116.226.130.39 /offer.php/Product/Index/addproductpage.html
INFO: [ app_init ] --START--
INFO: Run Behavior\BuildLiteBehavior [ RunTime:0.000006s ]
INFO: [ app_init ] --END-- [ RunTime:0.000154s ]
INFO: [ app_begin ] --START--
INFO: Run Behavior\ReadHtmlCacheBehavior [ RunTime:0.000220s ]
INFO: [ app_begin ] --END-- [ RunTime:0.000236s ]
NOTIC: [8] A session had already been started - ignoring session_start() /home/www/hqjhc/ThinkPHP/Common/functions.php 第 1263 行.
SQL: SHOW COLUMNS FROM `hqjhc_offers` [ RunTime:0.0005s ]
SQL: SHOW COLUMNS FROM `hqjhc_offers` [ RunTime:0.0003s ]
SQL: SELECT * FROM `hqjhc_offers` WHERE `offerid` = 9 LIMIT 1   [ RunTime:0.0002s ]
SQL: SHOW COLUMNS FROM `hqjhc_goods_cats` [ RunTime:0.0003s ]
SQL: SHOW COLUMNS FROM `hqjhc_brands` [ RunTime:0.0003s ]
SQL: SHOW COLUMNS FROM `hqjhc_goods_cats` [ RunTime:0.0003s ]
SQL: SELECT * FROM `hqjhc_goods_cats` WHERE `dataFlag` = 0 AND `parentid` = 0  [ RunTime:0.0002s ]
SQL: SHOW COLUMNS FROM `hqjhc_brands` [ RunTime:0.0003s ]
SQL: SELECT * FROM `hqjhc_brands` WHERE `dataFlag` = 0  [ RunTime:0.0002s ]
NOTIC: [8] Undefined variable: goodstemplatelist /home/www/hqjhc/bussiness/Product/Controller/IndexController.class.php 第 199 行.
INFO: [ view_parse ] --START--
INFO: [ template_filter ] --START--
INFO: Run Behavior\ContentReplaceBehavior [ RunTime:0.000114s ]
INFO: [ template_filter ] --END-- [ RunTime:0.000130s ]
NOTIC: [8] Undefined variable: templateinfo /home/www/hqjhc/bussiness/Runtime/Cache/Product/2389a18cd909c259c0402f2c3f4125ab.php 第 535 行.
NOTIC: [8] Undefined index: stffid /home/www/hqjhc/bussiness/Runtime/Cache/Product/2389a18cd909c259c0402f2c3f4125ab.php 第 762 行.
INFO: Run Behavior\ParseTemplateBehavior [ RunTime:0.008932s ]
INFO: [ view_parse ] --END-- [ RunTime:0.008945s ]
INFO: [ view_filter ] --START--
INFO: Run Behavior\WriteHtmlCacheBehavior [ RunTime:0.000087s ]
INFO: [ view_filter ] --END-- [ RunTime:0.000099s ]
INFO: [ app_end ] --START--
INFO: Run Behavior\ShowPageTraceBehavior [ RunTime:0.000242s ]
INFO: [ app_end ] --END-- [ RunTime:0.000255s ]

[ 2017-12-01T14:24:20+08:00 ] 116.226.130.39 /offer.php/Product/Index/getgoodscatschild.html
INFO: [ app_init ] --START--
INFO: Run Behavior\BuildLiteBehavior [ RunTime:0.000005s ]
INFO: [ app_init ] --END-- [ RunTime:0.000150s ]
INFO: [ app_begin ] --START--
INFO: Run Behavior\ReadHtmlCacheBehavior [ RunTime:0.000193s ]
INFO: [ app_begin ] --END-- [ RunTime:0.000209s ]
NOTIC: [8] A session had already been started - ignoring session_start() /home/www/hqjhc/ThinkPHP/Common/functions.php 第 1263 行.
SQL: SHOW COLUMNS FROM `hqjhc_offers` [ RunTime:0.0005s ]
SQL: SHOW COLUMNS FROM `hqjhc_offers` [ RunTime:0.0003s ]
SQL: SELECT * FROM `hqjhc_offers` WHERE `offerid` = 9 LIMIT 1   [ RunTime:0.0002s ]
SQL: SHOW COLUMNS FROM `hqjhc_goods_cats` [ RunTime:0.0003s ]
SQL: SHOW COLUMNS FROM `hqjhc_goods_cats` [ RunTime:0.0003s ]
SQL: SELECT * FROM `hqjhc_goods_cats` WHERE `dataFlag` = 0 AND `parentid` = 23  [ RunTime:0.0002s ]
INFO: [ app_end ] --START--
INFO: Run Behavior\ShowPageTraceBehavior [ RunTime:0.000351s ]
INFO: [ app_end ] --END-- [ RunTime:0.000367s ]

[ 2017-12-01T14:24:22+08:00 ] 116.226.130.39 /offer.php/Product/Index/getgoodscatschild.html
INFO: [ app_init ] --START--
INFO: Run Behavior\BuildLiteBehavior [ RunTime:0.000006s ]
INFO: [ app_init ] --END-- [ RunTime:0.000162s ]
INFO: [ app_begin ] --START--
INFO: Run Behavior\ReadHtmlCacheBehavior [ RunTime:0.000194s ]
INFO: [ app_begin ] --END-- [ RunTime:0.000210s ]
NOTIC: [8] A session had already been started - ignoring session_start() /home/www/hqjhc/ThinkPHP/Common/functions.php 第 1263 行.
SQL: SHOW COLUMNS FROM `hqjhc_offers` [ RunTime:0.0005s ]
SQL: SHOW COLUMNS FROM `hqjhc_offers` [ RunTime:0.0003s ]
SQL: SELECT * FROM `hqjhc_offers` WHERE `offerid` = 9 LIMIT 1   [ RunTime:0.0002s ]
SQL: SHOW COLUMNS FROM `hqjhc_goods_cats` [ RunTime:0.0003s ]
SQL: SHOW COLUMNS FROM `hqjhc_goods_cats` [ RunTime:0.0003s ]
SQL: SELECT * FROM `hqjhc_goods_cats` WHERE `dataFlag` = 0 AND `parentid` = 23  [ RunTime:0.0002s ]
INFO: [ app_end ] --START--
INFO: Run Behavior\ShowPageTraceBehavior [ RunTime:0.000234s ]
INFO: [ app_end ] --END-- [ RunTime:0.000250s ]

[ 2017-12-01T14:33:17+08:00 ] 116.226.130.39 /offer.php/Product/Index/addproductpage.html
INFO: [ app_init ] --START--
INFO: Run Behavior\BuildLiteBehavior [ RunTime:0.000006s ]
INFO: [ app_init ] --END-- [ RunTime:0.000153s ]
INFO: [ app_begin ] --START--
INFO: Run Behavior\ReadHtmlCacheBehavior [ RunTime:0.000196s ]
INFO: [ app_begin ] --END-- [ RunTime:0.000210s ]
NOTIC: [8] A session had already been started - ignoring session_start() /home/www/hqjhc/ThinkPHP/Common/functions.php 第 1263 行.
SQL: SHOW COLUMNS FROM `hqjhc_offers` [ RunTime:0.0005s ]
SQL: SHOW COLUMNS FROM `hqjhc_offers` [ RunTime:0.0003s ]
SQL: SELECT * FROM `hqjhc_offers` WHERE `offerid` = 9 LIMIT 1   [ RunTime:0.0002s ]
SQL: SHOW COLUMNS FROM `hqjhc_goods_cats` [ RunTime:0.0003s ]
SQL: SHOW COLUMNS FROM `hqjhc_brands` [ RunTime:0.0003s ]
SQL: SHOW COLUMNS FROM `hqjhc_goods_cats` [ RunTime:0.0003s ]
SQL: SELECT * FROM `hqjhc_goods_cats` WHERE `dataFlag` = 0 AND `parentid` = 0  [ RunTime:0.0002s ]
SQL: SHOW COLUMNS FROM `hqjhc_brands` [ RunTime:0.0003s ]
SQL: SELECT * FROM `hqjhc_brands` WHERE `dataFlag` = 0  [ RunTime:0.0002s ]
NOTIC: [8] Undefined variable: goodstemplatelist /home/www/hqjhc/bussiness/Product/Controller/IndexController.class.php 第 199 行.
INFO: [ view_parse ] --START--
INFO: [ template_filter ] --START--
INFO: Run Behavior\ContentReplaceBehavior [ RunTime:0.000109s ]
INFO: [ template_filter ] --END-- [ RunTime:0.000125s ]
NOTIC: [8] Undefined variable: templateinfo /home/www/hqjhc/bussiness/Runtime/Cache/Product/2389a18cd909c259c0402f2c3f4125ab.php 第 535 行.
NOTIC: [8] Undefined index: stffid /home/www/hqjhc/bussiness/Runtime/Cache/Product/2389a18cd909c259c0402f2c3f4125ab.php 第 762 行.
INFO: Run Behavior\ParseTemplateBehavior [ RunTime:0.008913s ]
INFO: [ view_parse ] --END-- [ RunTime:0.008926s ]
INFO: [ view_filter ] --START--
INFO: Run Behavior\WriteHtmlCacheBehavior [ RunTime:0.000071s ]
INFO: [ view_filter ] --END-- [ RunTime:0.000082s ]
INFO: [ app_end ] --START--
INFO: Run Behavior\ShowPageTraceBehavior [ RunTime:0.000246s ]
INFO: [ app_end ] --END-- [ RunTime:0.000260s ]

[ 2017-12-01T15:39:20+08:00 ] 101.81.120.60 /offer.php/Product/Index/index.html
INFO: [ app_init ] --START--
INFO: Run Behavior\BuildLiteBehavior [ RunTime:0.000006s ]
INFO: [ app_init ] --END-- [ RunTime:0.000161s ]
INFO: [ app_begin ] --START--
INFO: Run Behavior\ReadHtmlCacheBehavior [ RunTime:0.000199s ]
INFO: [ app_begin ] --END-- [ RunTime:0.000213s ]
NOTIC: [8] A session had already been started - ignoring session_start() /home/www/hqjhc/ThinkPHP/Common/functions.php 第 1263 行.
SQL: SHOW COLUMNS FROM `hqjhc_offers` [ RunTime:0.0005s ]
SQL: SHOW COLUMNS FROM `hqjhc_offers` [ RunTime:0.0003s ]
SQL: SELECT * FROM `hqjhc_offers` WHERE `offerid` = 9 LIMIT 1   [ RunTime:0.0002s ]
SQL: SHOW COLUMNS FROM `hqjhc_goods` [ RunTime:0.0005s ]
SQL: SELECT COUNT(*) AS tp_count FROM `hqjhc_goods` WHERE `dataFlag` = 0 AND `status` = 0 AND `offerid` = 9 LIMIT 1   [ RunTime:0.0002s ]
SQL: SELECT * FROM `hqjhc_goods` WHERE `dataFlag` = 0 AND `status` = 0 AND `offerid` = 9 ORDER BY `id` desc LIMIT 0,15   [ RunTime:0.0003s ]
INFO: [ view_parse ] --START--
INFO: [ template_filter ] --START--
INFO: Run Behavior\ContentReplaceBehavior [ RunTime:0.000070s ]
INFO: [ template_filter ] --END-- [ RunTime:0.000085s ]
NOTIC: [8] Undefined index: createstaffname /home/www/hqjhc/bussiness/Runtime/Cache/Product/89fe1682280a4de5dd97bdaf0f57dbc9.php 第 528 行.
NOTIC: [8] Undefined index: createstaffname /home/www/hqjhc/bussiness/Runtime/Cache/Product/89fe1682280a4de5dd97bdaf0f57dbc9.php 第 528 行.
NOTIC: [8] Undefined index: createstaffname /home/www/hqjhc/bussiness/Runtime/Cache/Product/89fe1682280a4de5dd97bdaf0f57dbc9.php 第 528 行.
NOTIC: [8] Undefined index: createstaffname /home/www/hqjhc/bussiness/Runtime/Cache/Product/89fe1682280a4de5dd97bdaf0f57dbc9.php 第 528 行.
NOTIC: [8] Undefined index: createstaffname /home/www/hqjhc/bussiness/Runtime/Cache/Product/89fe1682280a4de5dd97bdaf0f57dbc9.php 第 528 行.
INFO: Run Behavior\ParseTemplateBehavior [ RunTime:0.006226s ]
INFO: [ view_parse ] --END-- [ RunTime:0.006239s ]
INFO: [ view_filter ] --START--
INFO: Run Behavior\WriteHtmlCacheBehavior [ RunTime:0.000069s ]
INFO: [ view_filter ] --END-- [ RunTime:0.000079s ]
INFO: [ app_end ] --START--
INFO: Run Behavior\ShowPageTraceBehavior [ RunTime:0.000238s ]
INFO: [ app_end ] --END-- [ RunTime:0.000252s ]

[ 2017-12-01T15:39:22+08:00 ] 101.81.120.60 /offer.php/Product/Index/addproductpage.html
INFO: [ app_init ] --START--
INFO: Run Behavior\BuildLiteBehavior [ RunTime:0.000006s ]
INFO: [ app_init ] --END-- [ RunTime:0.000154s ]
INFO: [ app_begin ] --START--
INFO: Run Behavior\ReadHtmlCacheBehavior [ RunTime:0.000218s ]
INFO: [ app_begin ] --END-- [ RunTime:0.000234s ]
NOTIC: [8] A session had already been started - ignoring session_start() /home/www/hqjhc/ThinkPHP/Common/functions.php 第 1263 行.
SQL: SHOW COLUMNS FROM `hqjhc_offers` [ RunTime:0.0005s ]
SQL: SHOW COLUMNS FROM `hqjhc_offers` [ RunTime:0.0003s ]
SQL: SELECT * FROM `hqjhc_offers` WHERE `offerid` = 9 LIMIT 1   [ RunTime:0.0002s ]
SQL: SHOW COLUMNS FROM `hqjhc_goods_cats` [ RunTime:0.0003s ]
SQL: SHOW COLUMNS FROM `hqjhc_brands` [ RunTime:0.0003s ]
SQL: SHOW COLUMNS FROM `hqjhc_goods_cats` [ RunTime:0.0003s ]
SQL: SELECT * FROM `hqjhc_goods_cats` WHERE `dataFlag` = 0 AND `parentid` = 0  [ RunTime:0.0002s ]
SQL: SHOW COLUMNS FROM `hqjhc_brands` [ RunTime:0.0003s ]
SQL: SELECT * FROM `hqjhc_brands` WHERE `dataFlag` = 0  [ RunTime:0.0002s ]
NOTIC: [8] Undefined variable: goodstemplatelist /home/www/hqjhc/bussiness/Product/Controller/IndexController.class.php 第 199 行.
INFO: [ view_parse ] --START--
INFO: [ template_filter ] --START--
INFO: Run Behavior\ContentReplaceBehavior [ RunTime:0.000120s ]
INFO: [ template_filter ] --END-- [ RunTime:0.000136s ]
NOTIC: [8] Undefined variable: templateinfo /home/www/hqjhc/bussiness/Runtime/Cache/Product/2389a18cd909c259c0402f2c3f4125ab.php 第 535 行.
NOTIC: [8] Undefined index: stffid /home/www/hqjhc/bussiness/Runtime/Cache/Product/2389a18cd909c259c0402f2c3f4125ab.php 第 776 行.
INFO: Run Behavior\ParseTemplateBehavior [ RunTime:0.008544s ]
INFO: [ view_parse ] --END-- [ RunTime:0.008558s ]
INFO: [ view_filter ] --START--
INFO: Run Behavior\WriteHtmlCacheBehavior [ RunTime:0.000074s ]
INFO: [ view_filter ] --END-- [ RunTime:0.000085s ]
INFO: [ app_end ] --START--
INFO: Run Behavior\ShowPageTraceBehavior [ RunTime:0.000236s ]
INFO: [ app_end ] --END-- [ RunTime:0.000251s ]

[ 2017-12-01T15:40:30+08:00 ] 101.81.120.60 /offer.php/Product/Index/index.html
INFO: [ app_init ] --START--
INFO: Run Behavior\BuildLiteBehavior [ RunTime:0.000006s ]
INFO: [ app_init ] --END-- [ RunTime:0.000153s ]
INFO: [ app_begin ] --START--
INFO: Run Behavior\ReadHtmlCacheBehavior [ RunTime:0.000198s ]
INFO: [ app_begin ] --END-- [ RunTime:0.000214s ]
NOTIC: [8] A session had already been started - ignoring session_start() /home/www/hqjhc/ThinkPHP/Common/functions.php 第 1263 行.
SQL: SHOW COLUMNS FROM `hqjhc_offers` [ RunTime:0.0005s ]
SQL: SHOW COLUMNS FROM `hqjhc_offers` [ RunTime:0.0003s ]
SQL: SELECT * FROM `hqjhc_offers` WHERE `offerid` = 9 LIMIT 1   [ RunTime:0.0002s ]
SQL: SHOW COLUMNS FROM `hqjhc_goods` [ RunTime:0.0004s ]
SQL: SELECT COUNT(*) AS tp_count FROM `hqjhc_goods` WHERE `dataFlag` = 0 AND `status` = 0 AND `offerid` = 9 LIMIT 1   [ RunTime:0.0002s ]
SQL: SELECT * FROM `hqjhc_goods` WHERE `dataFlag` = 0 AND `status` = 0 AND `offerid` = 9 ORDER BY `id` desc LIMIT 0,15   [ RunTime:0.0003s ]
INFO: [ view_parse ] --START--
INFO: [ template_filter ] --START--
INFO: Run Behavior\ContentReplaceBehavior [ RunTime:0.000071s ]
INFO: [ template_filter ] --END-- [ RunTime:0.000085s ]
NOTIC: [8] Undefined index: createstaffname /home/www/hqjhc/bussiness/Runtime/Cache/Product/89fe1682280a4de5dd97bdaf0f57dbc9.php 第 528 行.
NOTIC: [8] Undefined index: createstaffname /home/www/hqjhc/bussiness/Runtime/Cache/Product/89fe1682280a4de5dd97bdaf0f57dbc9.php 第 528 行.
NOTIC: [8] Undefined index: createstaffname /home/www/hqjhc/bussiness/Runtime/Cache/Product/89fe1682280a4de5dd97bdaf0f57dbc9.php 第 528 行.
NOTIC: [8] Undefined index: createstaffname /home/www/hqjhc/bussiness/Runtime/Cache/Product/89fe1682280a4de5dd97bdaf0f57dbc9.php 第 528 行.
NOTIC: [8] Undefined index: createstaffname /home/www/hqjhc/bussiness/Runtime/Cache/Product/89fe1682280a4de5dd97bdaf0f57dbc9.php 第 528 行.
INFO: Run Behavior\ParseTemplateBehavior [ RunTime:0.006223s ]
INFO: [ view_parse ] --END-- [ RunTime:0.006237s ]
INFO: [ view_filter ] --START--
INFO: Run Behavior\WriteHtmlCacheBehavior [ RunTime:0.000084s ]
INFO: [ view_filter ] --END-- [ RunTime:0.000094s ]
INFO: [ app_end ] --START--
INFO: Run Behavior\ShowPageTraceBehavior [ RunTime:0.000233s ]
INFO: [ app_end ] --END-- [ RunTime:0.000246s ]

[ 2017-12-01T15:40:32+08:00 ] 101.81.120.60 /offer.php/Product/Index/addproductpage.html
INFO: [ app_init ] --START--
INFO: Run Behavior\BuildLiteBehavior [ RunTime:0.000006s ]
INFO: [ app_init ] --END-- [ RunTime:0.000155s ]
INFO: [ app_begin ] --START--
INFO: Run Behavior\ReadHtmlCacheBehavior [ RunTime:0.000198s ]
INFO: [ app_begin ] --END-- [ RunTime:0.000213s ]
NOTIC: [8] A session had already been started - ignoring session_start() /home/www/hqjhc/ThinkPHP/Common/functions.php 第 1263 行.
SQL: SHOW COLUMNS FROM `hqjhc_offers` [ RunTime:0.0005s ]
SQL: SHOW COLUMNS FROM `hqjhc_offers` [ RunTime:0.0003s ]
SQL: SELECT * FROM `hqjhc_offers` WHERE `offerid` = 9 LIMIT 1   [ RunTime:0.0002s ]
SQL: SHOW COLUMNS FROM `hqjhc_goods_cats` [ RunTime:0.0003s ]
SQL: SHOW COLUMNS FROM `hqjhc_brands` [ RunTime:0.0003s ]
SQL: SHOW COLUMNS FROM `hqjhc_goods_cats` [ RunTime:0.0003s ]
SQL: SELECT * FROM `hqjhc_goods_cats` WHERE `dataFlag` = 0 AND `parentid` = 0  [ RunTime:0.0002s ]
SQL: SHOW COLUMNS FROM `hqjhc_brands` [ RunTime:0.0003s ]
SQL: SELECT * FROM `hqjhc_brands` WHERE `dataFlag` = 0  [ RunTime:0.0002s ]
NOTIC: [8] Undefined variable: goodstemplatelist /home/www/hqjhc/bussiness/Product/Controller/IndexController.class.php 第 199 行.
INFO: [ view_parse ] --START--
INFO: [ template_filter ] --START--
INFO: Run Behavior\ContentReplaceBehavior [ RunTime:0.000112s ]
INFO: [ template_filter ] --END-- [ RunTime:0.000126s ]
NOTIC: [8] Undefined variable: templateinfo /home/www/hqjhc/bussiness/Runtime/Cache/Product/2389a18cd909c259c0402f2c3f4125ab.php 第 535 行.
NOTIC: [8] Undefined index: stffid /home/www/hqjhc/bussiness/Runtime/Cache/Product/2389a18cd909c259c0402f2c3f4125ab.php 第 776 行.
INFO: Run Behavior\ParseTemplateBehavior [ RunTime:0.008466s ]
INFO: [ view_parse ] --END-- [ RunTime:0.008479s ]
INFO: [ view_filter ] --START--
INFO: Run Behavior\WriteHtmlCacheBehavior [ RunTime:0.000070s ]
INFO: [ view_filter ] --END-- [ RunTime:0.000080s ]
INFO: [ app_end ] --START--
INFO: Run Behavior\ShowPageTraceBehavior [ RunTime:0.000238s ]
INFO: [ app_end ] --END-- [ RunTime:0.000252s ]

[ 2017-12-01T15:41:18+08:00 ] 101.81.120.60 /offer.php/Product/Index/getgoodscatschild.html
INFO: [ app_init ] --START--
INFO: Run Behavior\BuildLiteBehavior [ RunTime:0.000006s ]
INFO: [ app_init ] --END-- [ RunTime:0.000190s ]
INFO: [ app_begin ] --START--
INFO: Run Behavior\ReadHtmlCacheBehavior [ RunTime:0.000224s ]
INFO: [ app_begin ] --END-- [ RunTime:0.000242s ]
NOTIC: [8] A session had already been started - ignoring session_start() /home/www/hqjhc/ThinkPHP/Common/functions.php 第 1263 行.
SQL: SHOW COLUMNS FROM `hqjhc_offers` [ RunTime:0.0005s ]
SQL: SHOW COLUMNS FROM `hqjhc_offers` [ RunTime:0.0003s ]
SQL: SELECT * FROM `hqjhc_offers` WHERE `offerid` = 9 LIMIT 1   [ RunTime:0.0002s ]
SQL: SHOW COLUMNS FROM `hqjhc_goods_cats` [ RunTime:0.0003s ]
SQL: SHOW COLUMNS FROM `hqjhc_goods_cats` [ RunTime:0.0003s ]
SQL: SELECT * FROM `hqjhc_goods_cats` WHERE `dataFlag` = 0 AND `parentid` = 23  [ RunTime:0.0002s ]
INFO: [ app_end ] --START--
INFO: Run Behavior\ShowPageTraceBehavior [ RunTime:0.000249s ]
INFO: [ app_end ] --END-- [ RunTime:0.000265s ]

[ 2017-12-01T15:41:19+08:00 ] 101.81.120.60 /offer.php/Product/Index/getgoodscatschild.html
INFO: [ app_init ] --START--
INFO: Run Behavior\BuildLiteBehavior [ RunTime:0.000007s ]
INFO: [ app_init ] --END-- [ RunTime:0.000167s ]
INFO: [ app_begin ] --START--
INFO: Run Behavior\ReadHtmlCacheBehavior [ RunTime:0.000201s ]
INFO: [ app_begin ] --END-- [ RunTime:0.000217s ]
NOTIC: [8] A session had already been started - ignoring session_start() /home/www/hqjhc/ThinkPHP/Common/functions.php 第 1263 行.
SQL: SHOW COLUMNS FROM `hqjhc_offers` [ RunTime:0.0005s ]
SQL: SHOW COLUMNS FROM `hqjhc_offers` [ RunTime:0.0003s ]
SQL: SELECT * FROM `hqjhc_offers` WHERE `offerid` = 9 LIMIT 1   [ RunTime:0.0002s ]
SQL: SHOW COLUMNS FROM `hqjhc_goods_cats` [ RunTime:0.0003s ]
SQL: SHOW COLUMNS FROM `hqjhc_goods_cats` [ RunTime:0.0003s ]
SQL: SELECT * FROM `hqjhc_goods_cats` WHERE `dataFlag` = 0 AND `parentid` = 26  [ RunTime:0.0002s ]
INFO: [ app_end ] --START--
INFO: Run Behavior\ShowPageTraceBehavior [ RunTime:0.000254s ]
INFO: [ app_end ] --END-- [ RunTime:0.000270s ]

[ 2017-12-01T15:41:20+08:00 ] 101.81.120.60 /offer.php/Product/Index/getgoodscatschildtwo.html
INFO: [ app_init ] --START--
INFO: Run Behavior\BuildLiteBehavior [ RunTime:0.000006s ]
INFO: [ app_init ] --END-- [ RunTime:0.000170s ]
INFO: [ app_begin ] --START--
INFO: Run Behavior\ReadHtmlCacheBehavior [ RunTime:0.000239s ]
INFO: [ app_begin ] --END-- [ RunTime:0.000272s ]
NOTIC: [8] A session had already been started - ignoring session_start() /home/www/hqjhc/ThinkPHP/Common/functions.php 第 1263 行.
SQL: SHOW COLUMNS FROM `hqjhc_offers` [ RunTime:0.0005s ]
SQL: SHOW COLUMNS FROM `hqjhc_offers` [ RunTime:0.0003s ]
SQL: SELECT * FROM `hqjhc_offers` WHERE `offerid` = 9 LIMIT 1   [ RunTime:0.0002s ]
SQL: SHOW COLUMNS FROM `hqjhc_goods_cats` [ RunTime:0.0003s ]
SQL: SHOW COLUMNS FROM `hqjhc_goods_cats` [ RunTime:0.0003s ]
SQL: SELECT * FROM `hqjhc_goods_cats` WHERE `dataFlag` = 0 AND `parentid` = 27  [ RunTime:0.0002s ]
INFO: [ app_end ] --START--
INFO: Run Behavior\ShowPageTraceBehavior [ RunTime:0.000244s ]
INFO: [ app_end ] --END-- [ RunTime:0.000258s ]

[ 2017-12-01T15:44:07+08:00 ] 101.81.120.60 /offer.php/Product/Index/getgoodscatschild.html
INFO: [ app_init ] --START--
INFO: Run Behavior\BuildLiteBehavior [ RunTime:0.000006s ]
INFO: [ app_init ] --END-- [ RunTime:0.000161s ]
INFO: [ app_begin ] --START--
INFO: Run Behavior\ReadHtmlCacheBehavior [ RunTime:0.000197s ]
INFO: [ app_begin ] --END-- [ RunTime:0.000211s ]
NOTIC: [8] A session had already been started - ignoring session_start() /home/www/hqjhc/ThinkPHP/Common/functions.php 第 1263 行.
SQL: SHOW COLUMNS FROM `hqjhc_offers` [ RunTime:0.0005s ]
SQL: SHOW COLUMNS FROM `hqjhc_offers` [ RunTime:0.0004s ]
SQL: SELECT * FROM `hqjhc_offers` WHERE `offerid` = 9 LIMIT 1   [ RunTime:0.0002s ]
SQL: SHOW COLUMNS FROM `hqjhc_goods_cats` [ RunTime:0.0003s ]
SQL: SHOW COLUMNS FROM `hqjhc_goods_cats` [ RunTime:0.0003s ]
SQL: SELECT * FROM `hqjhc_goods_cats` WHERE `dataFlag` = 0 AND `parentid` = 23  [ RunTime:0.0002s ]
INFO: [ app_end ] --START--
INFO: Run Behavior\ShowPageTraceBehavior [ RunTime:0.000246s ]
INFO: [ app_end ] --END-- [ RunTime:0.000262s ]

[ 2017-12-01T15:44:52+08:00 ] 101.81.120.60 /offer.php/Product/Index/index.html
INFO: [ app_init ] --START--
INFO: Run Behavior\BuildLiteBehavior [ RunTime:0.000005s ]
INFO: [ app_init ] --END-- [ RunTime:0.000163s ]
INFO: [ app_begin ] --START--
INFO: Run Behavior\ReadHtmlCacheBehavior [ RunTime:0.000200s ]
INFO: [ app_begin ] --END-- [ RunTime:0.000214s ]
NOTIC: [8] A session had already been started - ignoring session_start() /home/www/hqjhc/ThinkPHP/Common/functions.php 第 1263 行.
SQL: SHOW COLUMNS FROM `hqjhc_offers` [ RunTime:0.0005s ]
SQL: SHOW COLUMNS FROM `hqjhc_offers` [ RunTime:0.0003s ]
SQL: SELECT * FROM `hqjhc_offers` WHERE `offerid` = 9 LIMIT 1   [ RunTime:0.0002s ]
SQL: SHOW COLUMNS FROM `hqjhc_goods` [ RunTime:0.0005s ]
SQL: SELECT COUNT(*) AS tp_count FROM `hqjhc_goods` WHERE `dataFlag` = 0 AND `status` = 0 AND `offerid` = 9 LIMIT 1   [ RunTime:0.0002s ]
SQL: SELECT * FROM `hqjhc_goods` WHERE `dataFlag` = 0 AND `status` = 0 AND `offerid` = 9 ORDER BY `id` desc LIMIT 0,15   [ RunTime:0.0003s ]
INFO: [ view_parse ] --START--
INFO: [ template_filter ] --START--
INFO: Run Behavior\ContentReplaceBehavior [ RunTime:0.000070s ]
INFO: [ template_filter ] --END-- [ RunTime:0.000085s ]
NOTIC: [8] Undefined index: createstaffname /home/www/hqjhc/bussiness/Runtime/Cache/Product/89fe1682280a4de5dd97bdaf0f57dbc9.php 第 528 行.
NOTIC: [8] Undefined index: createstaffname /home/www/hqjhc/bussiness/Runtime/Cache/Product/89fe1682280a4de5dd97bdaf0f57dbc9.php 第 528 行.
NOTIC: [8] Undefined index: createstaffname /home/www/hqjhc/bussiness/Runtime/Cache/Product/89fe1682280a4de5dd97bdaf0f57dbc9.php 第 528 行.
NOTIC: [8] Undefined index: createstaffname /home/www/hqjhc/bussiness/Runtime/Cache/Product/89fe1682280a4de5dd97bdaf0f57dbc9.php 第 528 行.
NOTIC: [8] Undefined index: createstaffname /home/www/hqjhc/bussiness/Runtime/Cache/Product/89fe1682280a4de5dd97bdaf0f57dbc9.php 第 528 行.
INFO: Run Behavior\ParseTemplateBehavior [ RunTime:0.006315s ]
INFO: [ view_parse ] --END-- [ RunTime:0.006328s ]
INFO: [ view_filter ] --START--
INFO: Run Behavior\WriteHtmlCacheBehavior [ RunTime:0.000070s ]
INFO: [ view_filter ] --END-- [ RunTime:0.000080s ]
INFO: [ app_end ] --START--
INFO: Run Behavior\ShowPageTraceBehavior [ RunTime:0.000239s ]
INFO: [ app_end ] --END-- [ RunTime:0.000252s ]

[ 2017-12-01T15:44:55+08:00 ] 101.81.120.60 /offer.php/Product/Index/addproductpage.html
INFO: [ app_init ] --START--
INFO: Run Behavior\BuildLiteBehavior [ RunTime:0.000006s ]
INFO: [ app_init ] --END-- [ RunTime:0.000163s ]
INFO: [ app_begin ] --START--
INFO: Run Behavior\ReadHtmlCacheBehavior [ RunTime:0.000206s ]
INFO: [ app_begin ] --END-- [ RunTime:0.000222s ]
NOTIC: [8] A session had already been started - ignoring session_start() /home/www/hqjhc/ThinkPHP/Common/functions.php 第 1263 行.
SQL: SHOW COLUMNS FROM `hqjhc_offers` [ RunTime:0.0005s ]
SQL: SHOW COLUMNS FROM `hqjhc_offers` [ RunTime:0.0003s ]
SQL: SELECT * FROM `hqjhc_offers` WHERE `offerid` = 9 LIMIT 1   [ RunTime:0.0002s ]
SQL: SHOW COLUMNS FROM `hqjhc_goods_cats` [ RunTime:0.0003s ]
SQL: SHOW COLUMNS FROM `hqjhc_brands` [ RunTime:0.0003s ]
SQL: SHOW COLUMNS FROM `hqjhc_goods_cats` [ RunTime:0.0003s ]
SQL: SELECT * FROM `hqjhc_goods_cats` WHERE `dataFlag` = 0 AND `parentid` = 0  [ RunTime:0.0002s ]
SQL: SHOW COLUMNS FROM `hqjhc_brands` [ RunTime:0.0003s ]
SQL: SELECT * FROM `hqjhc_brands` WHERE `dataFlag` = 0  [ RunTime:0.0002s ]
NOTIC: [8] Undefined variable: goodstemplatelist /home/www/hqjhc/bussiness/Product/Controller/IndexController.class.php 第 199 行.
INFO: [ view_parse ] --START--
INFO: [ template_filter ] --START--
INFO: Run Behavior\ContentReplaceBehavior [ RunTime:0.000114s ]
INFO: [ template_filter ] --END-- [ RunTime:0.000130s ]
NOTIC: [8] Undefined variable: templateinfo /home/www/hqjhc/bussiness/Runtime/Cache/Product/2389a18cd909c259c0402f2c3f4125ab.php 第 535 行.
NOTIC: [8] Undefined index: stffid /home/www/hqjhc/bussiness/Runtime/Cache/Product/2389a18cd909c259c0402f2c3f4125ab.php 第 776 行.
INFO: Run Behavior\ParseTemplateBehavior [ RunTime:0.008549s ]
INFO: [ view_parse ] --END-- [ RunTime:0.008563s ]
INFO: [ view_filter ] --START--
INFO: Run Behavior\WriteHtmlCacheBehavior [ RunTime:0.000074s ]
INFO: [ view_filter ] --END-- [ RunTime:0.000084s ]
INFO: [ app_end ] --START--
INFO: Run Behavior\ShowPageTraceBehavior [ RunTime:0.000233s ]
INFO: [ app_end ] --END-- [ RunTime:0.000247s ]

[ 2017-12-01T15:45:01+08:00 ] 101.81.120.60 /offer.php/Product/Index/index.html
INFO: [ app_init ] --START--
INFO: Run Behavior\BuildLiteBehavior [ RunTime:0.000006s ]
INFO: [ app_init ] --END-- [ RunTime:0.000153s ]
INFO: [ app_begin ] --START--
INFO: Run Behavior\ReadHtmlCacheBehavior [ RunTime:0.000221s ]
INFO: [ app_begin ] --END-- [ RunTime:0.000237s ]
NOTIC: [8] A session had already been started - ignoring session_start() /home/www/hqjhc/ThinkPHP/Common/functions.php 第 1263 行.
SQL: SHOW COLUMNS FROM `hqjhc_offers` [ RunTime:0.0005s ]
SQL: SHOW COLUMNS FROM `hqjhc_offers` [ RunTime:0.0003s ]
SQL: SELECT * FROM `hqjhc_offers` WHERE `offerid` = 9 LIMIT 1   [ RunTime:0.0002s ]
SQL: SHOW COLUMNS FROM `hqjhc_goods` [ RunTime:0.0004s ]
SQL: SELECT COUNT(*) AS tp_count FROM `hqjhc_goods` WHERE `dataFlag` = 0 AND `status` = 0 AND `offerid` = 9 LIMIT 1   [ RunTime:0.0002s ]
SQL: SELECT * FROM `hqjhc_goods` WHERE `dataFlag` = 0 AND `status` = 0 AND `offerid` = 9 ORDER BY `id` desc LIMIT 0,15   [ RunTime:0.0003s ]
INFO: [ view_parse ] --START--
INFO: [ template_filter ] --START--
INFO: Run Behavior\ContentReplaceBehavior [ RunTime:0.000072s ]
INFO: [ template_filter ] --END-- [ RunTime:0.000086s ]
NOTIC: [8] Undefined index: createstaffname /home/www/hqjhc/bussiness/Runtime/Cache/Product/89fe1682280a4de5dd97bdaf0f57dbc9.php 第 528 行.
NOTIC: [8] Undefined index: createstaffname /home/www/hqjhc/bussiness/Runtime/Cache/Product/89fe1682280a4de5dd97bdaf0f57dbc9.php 第 528 行.
NOTIC: [8] Undefined index: createstaffname /home/www/hqjhc/bussiness/Runtime/Cache/Product/89fe1682280a4de5dd97bdaf0f57dbc9.php 第 528 行.
NOTIC: [8] Undefined index: createstaffname /home/www/hqjhc/bussiness/Runtime/Cache/Product/89fe1682280a4de5dd97bdaf0f57dbc9.php 第 528 行.
NOTIC: [8] Undefined index: createstaffname /home/www/hqjhc/bussiness/Runtime/Cache/Product/89fe1682280a4de5dd97bdaf0f57dbc9.php 第 528 行.
INFO: Run Behavior\ParseTemplateBehavior [ RunTime:0.006276s ]
INFO: [ view_parse ] --END-- [ RunTime:0.006290s ]
INFO: [ view_filter ] --START--
INFO: Run Behavior\WriteHtmlCacheBehavior [ RunTime:0.000071s ]
INFO: [ view_filter ] --END-- [ RunTime:0.000082s ]
INFO: [ app_end ] --START--
INFO: Run Behavior\ShowPageTraceBehavior [ RunTime:0.000231s ]
INFO: [ app_end ] --END-- [ RunTime:0.000245s ]

[ 2017-12-01T15:45:02+08:00 ] 101.81.120.60 /offer.php/Product/Index/editproductpage/id/37.html
INFO: [ app_init ] --START--
INFO: Run Behavior\BuildLiteBehavior [ RunTime:0.000007s ]
INFO: [ app_init ] --END-- [ RunTime:0.000193s ]
INFO: [ app_begin ] --START--
INFO: Run Behavior\ReadHtmlCacheBehavior [ RunTime:0.000232s ]
INFO: [ app_begin ] --END-- [ RunTime:0.000249s ]
NOTIC: [8] A session had already been started - ignoring session_start() /home/www/hqjhc/ThinkPHP/Common/functions.php 第 1263 行.
SQL: SHOW COLUMNS FROM `hqjhc_offers` [ RunTime:0.0005s ]
SQL: SHOW COLUMNS FROM `hqjhc_offers` [ RunTime:0.0003s ]
SQL: SELECT * FROM `hqjhc_offers` WHERE `offerid` = 9 LIMIT 1   [ RunTime:0.0002s ]
SQL: SHOW COLUMNS FROM `hqjhc_goods` [ RunTime:0.0005s ]
SQL: SHOW COLUMNS FROM `hqjhc_goods_specs` [ RunTime:0.0003s ]
SQL: SHOW COLUMNS FROM `hqjhc_brands` [ RunTime:0.0003s ]
SQL: SHOW COLUMNS FROM `hqjhc_offers` [ RunTime:0.0003s ]
SQL: SHOW COLUMNS FROM `hqjhc_goods_cats` [ RunTime:0.0003s ]
SQL: SHOW COLUMNS FROM `hqjhc_brands` [ RunTime:0.0003s ]
SQL: SELECT * FROM `hqjhc_brands` WHERE `dataFlag` = 0  [ RunTime:0.0002s ]
SQL: SHOW COLUMNS FROM `hqjhc_goods_cats` [ RunTime:0.0003s ]
SQL: SELECT * FROM `hqjhc_goods_cats` WHERE `dataFlag` = 0 AND `parentid` = 0  [ RunTime:0.0002s ]
SQL: SHOW COLUMNS FROM `hqjhc_goods` [ RunTime:0.0004s ]
SQL: SELECT * FROM `hqjhc_goods` WHERE `id` = 37 AND `dataFlag` = 0 LIMIT 1   [ RunTime:0.0002s ]
SQL: SELECT * FROM `hqjhc_offers` WHERE `offerid` = 9 AND `dataFlag` = 0 LIMIT 1   [ RunTime:0.0002s ]
SQL: SHOW COLUMNS FROM `hqjhc_goods_specs` [ RunTime:0.0003s ]
SQL: SELECT * FROM `hqjhc_goods_specs` WHERE `goodsid` = 37 AND `dataFlag` = 0  [ RunTime:0.0002s ]
SQL: SELECT * FROM `hqjhc_goods_cats` WHERE `dataFlag` = 0 AND `parentid` = 26  [ RunTime:0.0001s ]
SQL: SELECT * FROM `hqjhc_goods_cats` WHERE `dataFlag` = 0 AND `parentid` = null  [ RunTime:0.0001s ]
NOTIC: [8] Undefined variable: goodstemplatelist /home/www/hqjhc/bussiness/Product/Controller/IndexController.class.php 第 341 行.
INFO: [ view_parse ] --START--
INFO: [ template_filter ] --START--
INFO: Run Behavior\ContentReplaceBehavior [ RunTime:0.000106s ]
INFO: [ template_filter ] --END-- [ RunTime:0.000121s ]
NOTIC: [8] Undefined index: code /home/www/hqjhc/bussiness/Runtime/Cache/Product/ed23d57151e6fe2fd70453f206215ce4.php 第 589 行.
NOTIC: [8] Undefined index: weight /home/www/hqjhc/bussiness/Runtime/Cache/Product/ed23d57151e6fe2fd70453f206215ce4.php 第 592 行.
NOTIC: [8] Undefined index: stffid /home/www/hqjhc/bussiness/Runtime/Cache/Product/ed23d57151e6fe2fd70453f206215ce4.php 第 740 行.
INFO: Run Behavior\ParseTemplateBehavior [ RunTime:0.009353s ]
INFO: [ view_parse ] --END-- [ RunTime:0.009366s ]
INFO: [ view_filter ] --START--
INFO: Run Behavior\WriteHtmlCacheBehavior [ RunTime:0.000085s ]
INFO: [ view_filter ] --END-- [ RunTime:0.000096s ]
INFO: [ app_end ] --START--
INFO: Run Behavior\ShowPageTraceBehavior [ RunTime:0.000230s ]
INFO: [ app_end ] --END-- [ RunTime:0.000245s ]

[ 2017-12-01T15:45:12+08:00 ] 101.226.66.187 /offer.php/Product/Index/editproductpage/id/37.html
INFO: [ app_init ] --START--
INFO: Run Behavior\BuildLiteBehavior [ RunTime:0.000006s ]
INFO: [ app_init ] --END-- [ RunTime:0.000155s ]
INFO: [ app_begin ] --START--
INFO: Run Behavior\ReadHtmlCacheBehavior [ RunTime:0.000201s ]
INFO: [ app_begin ] --END-- [ RunTime:0.000216s ]
NOTIC: [8] A session had already been started - ignoring session_start() /home/www/hqjhc/ThinkPHP/Common/functions.php 第 1263 行.
SQL: SHOW COLUMNS FROM `hqjhc_offers` [ RunTime:0.0005s ]

[ 2017-12-01T15:45:19+08:00 ] 101.81.120.60 /offer.php/Product/Index/getgoodscatschild.html
INFO: [ app_init ] --START--
INFO: Run Behavior\BuildLiteBehavior [ RunTime:0.000006s ]
INFO: [ app_init ] --END-- [ RunTime:0.000151s ]
INFO: [ app_begin ] --START--
INFO: Run Behavior\ReadHtmlCacheBehavior [ RunTime:0.000196s ]
INFO: [ app_begin ] --END-- [ RunTime:0.000212s ]
NOTIC: [8] A session had already been started - ignoring session_start() /home/www/hqjhc/ThinkPHP/Common/functions.php 第 1263 行.
SQL: SHOW COLUMNS FROM `hqjhc_offers` [ RunTime:0.0005s ]
SQL: SHOW COLUMNS FROM `hqjhc_offers` [ RunTime:0.0003s ]
SQL: SELECT * FROM `hqjhc_offers` WHERE `offerid` = 9 LIMIT 1   [ RunTime:0.0002s ]
SQL: SHOW COLUMNS FROM `hqjhc_goods_cats` [ RunTime:0.0003s ]
SQL: SHOW COLUMNS FROM `hqjhc_goods_cats` [ RunTime:0.0003s ]
SQL: SELECT * FROM `hqjhc_goods_cats` WHERE `dataFlag` = 0 AND `parentid` = 23  [ RunTime:0.0002s ]
INFO: [ app_end ] --START--
INFO: Run Behavior\ShowPageTraceBehavior [ RunTime:0.000238s ]
INFO: [ app_end ] --END-- [ RunTime:0.000252s ]

[ 2017-12-01T15:45:21+08:00 ] 101.81.120.60 /offer.php/Product/Index/getgoodscatschildtwo.html
INFO: [ app_init ] --START--
INFO: Run Behavior\BuildLiteBehavior [ RunTime:0.000005s ]
INFO: [ app_init ] --END-- [ RunTime:0.000156s ]
INFO: [ app_begin ] --START--
INFO: Run Behavior\ReadHtmlCacheBehavior [ RunTime:0.000197s ]
INFO: [ app_begin ] --END-- [ RunTime:0.000211s ]
NOTIC: [8] A session had already been started - ignoring session_start() /home/www/hqjhc/ThinkPHP/Common/functions.php 第 1263 行.
SQL: SHOW COLUMNS FROM `hqjhc_offers` [ RunTime:0.0005s ]
SQL: SHOW COLUMNS FROM `hqjhc_offers` [ RunTime:0.0003s ]
SQL: SELECT * FROM `hqjhc_offers` WHERE `offerid` = 9 LIMIT 1   [ RunTime:0.0002s ]
SQL: SHOW COLUMNS FROM `hqjhc_goods_cats` [ RunTime:0.0003s ]
SQL: SHOW COLUMNS FROM `hqjhc_goods_cats` [ RunTime:0.0003s ]
SQL: SELECT * FROM `hqjhc_goods_cats` WHERE `dataFlag` = 0 AND `parentid` = 24  [ RunTime:0.0002s ]
INFO: [ app_end ] --START--
INFO: Run Behavior\ShowPageTraceBehavior [ RunTime:0.000247s ]
INFO: [ app_end ] --END-- [ RunTime:0.000261s ]

[ 2017-12-01T15:45:21+08:00 ] 101.81.120.60 /offer.php/Product/Index/getgoodscatschild.html
INFO: [ app_init ] --START--
INFO: Run Behavior\BuildLiteBehavior [ RunTime:0.000007s ]
INFO: [ app_init ] --END-- [ RunTime:0.000190s ]
INFO: [ app_begin ] --START--
INFO: Run Behavior\ReadHtmlCacheBehavior [ RunTime:0.000232s ]
INFO: [ app_begin ] --END-- [ RunTime:0.000249s ]
NOTIC: [8] A session had already been started - ignoring session_start() /home/www/hqjhc/ThinkPHP/Common/functions.php 第 1263 行.
SQL: SHOW COLUMNS FROM `hqjhc_offers` [ RunTime:0.0005s ]
SQL: SHOW COLUMNS FROM `hqjhc_offers` [ RunTime:0.0003s ]
SQL: SELECT * FROM `hqjhc_offers` WHERE `offerid` = 9 LIMIT 1   [ RunTime:0.0002s ]
SQL: SHOW COLUMNS FROM `hqjhc_goods_cats` [ RunTime:0.0003s ]
SQL: SHOW COLUMNS FROM `hqjhc_goods_cats` [ RunTime:0.0003s ]
SQL: SELECT * FROM `hqjhc_goods_cats` WHERE `dataFlag` = 0 AND `parentid` = 26  [ RunTime:0.0002s ]
INFO: [ app_end ] --START--
INFO: Run Behavior\ShowPageTraceBehavior [ RunTime:0.000242s ]
INFO: [ app_end ] --END-- [ RunTime:0.000257s ]

[ 2017-12-01T15:45:22+08:00 ] 101.81.120.60 /offer.php/Product/Index/getgoodscatschildtwo.html
INFO: [ app_init ] --START--
INFO: Run Behavior\BuildLiteBehavior [ RunTime:0.000008s ]
INFO: [ app_init ] --END-- [ RunTime:0.000163s ]
INFO: [ app_begin ] --START--
INFO: Run Behavior\ReadHtmlCacheBehavior [ RunTime:0.000213s ]
INFO: [ app_begin ] --END-- [ RunTime:0.000229s ]
NOTIC: [8] A session had already been started - ignoring session_start() /home/www/hqjhc/ThinkPHP/Common/functions.php 第 1263 行.
SQL: SHOW COLUMNS FROM `hqjhc_offers` [ RunTime:0.0005s ]
SQL: SHOW COLUMNS FROM `hqjhc_offers` [ RunTime:0.0003s ]
SQL: SELECT * FROM `hqjhc_offers` WHERE `offerid` = 9 LIMIT 1   [ RunTime:0.0002s ]
SQL: SHOW COLUMNS FROM `hqjhc_goods_cats` [ RunTime:0.0003s ]
SQL: SHOW COLUMNS FROM `hqjhc_goods_cats` [ RunTime:0.0003s ]
SQL: SELECT * FROM `hqjhc_goods_cats` WHERE `dataFlag` = 0 AND `parentid` = 27  [ RunTime:0.0002s ]
INFO: [ app_end ] --START--
INFO: Run Behavior\ShowPageTraceBehavior [ RunTime:0.000269s ]
INFO: [ app_end ] --END-- [ RunTime:0.000285s ]

[ 2017-12-01T15:45:47+08:00 ] 101.81.120.60 /offer.php/Product/Index/index.html
INFO: [ app_init ] --START--
INFO: Run Behavior\BuildLiteBehavior [ RunTime:0.000006s ]
INFO: [ app_init ] --END-- [ RunTime:0.000177s ]
INFO: [ app_begin ] --START--
INFO: Run Behavior\ReadHtmlCacheBehavior [ RunTime:0.000260s ]
INFO: [ app_begin ] --END-- [ RunTime:0.000279s ]
NOTIC: [8] A session had already been started - ignoring session_start() /home/www/hqjhc/ThinkPHP/Common/functions.php 第 1263 行.
SQL: SHOW COLUMNS FROM `hqjhc_offers` [ RunTime:0.0006s ]
SQL: SHOW COLUMNS FROM `hqjhc_offers` [ RunTime:0.0003s ]
SQL: SELECT * FROM `hqjhc_offers` WHERE `offerid` = 9 LIMIT 1   [ RunTime:0.0002s ]
SQL: SHOW COLUMNS FROM `hqjhc_goods` [ RunTime:0.0004s ]
SQL: SELECT COUNT(*) AS tp_count FROM `hqjhc_goods` WHERE `dataFlag` = 0 AND `status` = 0 AND `offerid` = 9 LIMIT 1   [ RunTime:0.0002s ]
SQL: SELECT * FROM `hqjhc_goods` WHERE `dataFlag` = 0 AND `status` = 0 AND `offerid` = 9 ORDER BY `id` desc LIMIT 0,15   [ RunTime:0.0003s ]
INFO: [ view_parse ] --START--
INFO: [ template_filter ] --START--
INFO: Run Behavior\ContentReplaceBehavior [ RunTime:0.000079s ]
INFO: [ template_filter ] --END-- [ RunTime:0.000095s ]
NOTIC: [8] Undefined index: createstaffname /home/www/hqjhc/bussiness/Runtime/Cache/Product/89fe1682280a4de5dd97bdaf0f57dbc9.php 第 528 行.
NOTIC: [8] Undefined index: createstaffname /home/www/hqjhc/bussiness/Runtime/Cache/Product/89fe1682280a4de5dd97bdaf0f57dbc9.php 第 528 行.
NOTIC: [8] Undefined index: createstaffname /home/www/hqjhc/bussiness/Runtime/Cache/Product/89fe1682280a4de5dd97bdaf0f57dbc9.php 第 528 行.
NOTIC: [8] Undefined index: createstaffname /home/www/hqjhc/bussiness/Runtime/Cache/Product/89fe1682280a4de5dd97bdaf0f57dbc9.php 第 528 行.
NOTIC: [8] Undefined index: createstaffname /home/www/hqjhc/bussiness/Runtime/Cache/Product/89fe1682280a4de5dd97bdaf0f57dbc9.php 第 528 行.
INFO: Run Behavior\ParseTemplateBehavior [ RunTime:0.006328s ]
INFO: [ view_parse ] --END-- [ RunTime:0.006343s ]
INFO: [ view_filter ] --START--
INFO: Run Behavior\WriteHtmlCacheBehavior [ RunTime:0.000084s ]
INFO: [ view_filter ] --END-- [ RunTime:0.000096s ]
INFO: [ app_end ] --START--
INFO: Run Behavior\ShowPageTraceBehavior [ RunTime:0.000231s ]
INFO: [ app_end ] --END-- [ RunTime:0.000246s ]

[ 2017-12-01T15:45:49+08:00 ] 101.81.120.60 /offer.php/Product/Index/downproductpage.html
INFO: [ app_init ] --START--
INFO: Run Behavior\BuildLiteBehavior [ RunTime:0.000007s ]
INFO: [ app_init ] --END-- [ RunTime:0.000155s ]
INFO: [ app_begin ] --START--
INFO: Run Behavior\ReadHtmlCacheBehavior [ RunTime:0.000215s ]
INFO: [ app_begin ] --END-- [ RunTime:0.000247s ]
NOTIC: [8] A session had already been started - ignoring session_start() /home/www/hqjhc/ThinkPHP/Common/functions.php 第 1263 行.
SQL: SHOW COLUMNS FROM `hqjhc_offers` [ RunTime:0.0005s ]
SQL: SHOW COLUMNS FROM `hqjhc_offers` [ RunTime:0.0003s ]
SQL: SELECT * FROM `hqjhc_offers` WHERE `offerid` = 9 LIMIT 1   [ RunTime:0.0002s ]
SQL: SHOW COLUMNS FROM `hqjhc_goods` [ RunTime:0.0005s ]
SQL: SELECT COUNT(*) AS tp_count FROM `hqjhc_goods` WHERE `dataFlag` = 0 AND `status` = 4 AND `offerid` = 9 LIMIT 1   [ RunTime:0.0002s ]
SQL: SELECT * FROM `hqjhc_goods` WHERE `dataFlag` = 0 AND `status` = 4 AND `offerid` = 9 ORDER BY `id` desc LIMIT 0,15   [ RunTime:0.0003s ]
INFO: [ view_parse ] --START--
INFO: [ template_filter ] --START--
INFO: Run Behavior\ContentReplaceBehavior [ RunTime:0.000072s ]
INFO: [ template_filter ] --END-- [ RunTime:0.000087s ]
INFO: Run Behavior\ParseTemplateBehavior [ RunTime:0.006193s ]
INFO: [ view_parse ] --END-- [ RunTime:0.006208s ]
INFO: [ view_filter ] --START--
INFO: Run Behavior\WriteHtmlCacheBehavior [ RunTime:0.000073s ]
INFO: [ view_filter ] --END-- [ RunTime:0.000084s ]
INFO: [ app_end ] --START--
INFO: Run Behavior\ShowPageTraceBehavior [ RunTime:0.000230s ]
INFO: [ app_end ] --END-- [ RunTime:0.000245s ]

[ 2017-12-01T15:45:59+08:00 ] 101.226.225.85 /offer.php/Product/Index/downproductpage.html
INFO: [ app_init ] --START--
INFO: Run Behavior\BuildLiteBehavior [ RunTime:0.000006s ]
INFO: [ app_init ] --END-- [ RunTime:0.000162s ]
INFO: [ app_begin ] --START--
INFO: Run Behavior\ReadHtmlCacheBehavior [ RunTime:0.000199s ]
INFO: [ app_begin ] --END-- [ RunTime:0.000214s ]
NOTIC: [8] A session had already been started - ignoring session_start() /home/www/hqjhc/ThinkPHP/Common/functions.php 第 1263 行.
SQL: SHOW COLUMNS FROM `hqjhc_offers` [ RunTime:0.0005s ]

[ 2017-12-01T19:46:55+08:00 ] 101.81.120.60 /offer.php/Product/Index/index.html
INFO: [ app_init ] --START--
INFO: Run Behavior\BuildLiteBehavior [ RunTime:0.000005s ]
INFO: [ app_init ] --END-- [ RunTime:0.000149s ]
INFO: [ app_begin ] --START--
INFO: Run Behavior\ReadHtmlCacheBehavior [ RunTime:0.000199s ]
INFO: [ app_begin ] --END-- [ RunTime:0.000214s ]
NOTIC: [8] A session had already been started - ignoring session_start() /home/www/hqjhc/ThinkPHP/Common/functions.php 第 1263 行.
SQL: SHOW COLUMNS FROM `hqjhc_offers` [ RunTime:0.0005s ]
SQL: SHOW COLUMNS FROM `hqjhc_offers` [ RunTime:0.0003s ]
SQL: SELECT * FROM `hqjhc_offers` WHERE `offerid` = 9 LIMIT 1   [ RunTime:0.0002s ]
SQL: SHOW COLUMNS FROM `hqjhc_goods` [ RunTime:0.0005s ]
SQL: SELECT COUNT(*) AS tp_count FROM `hqjhc_goods` WHERE `dataFlag` = 0 AND `status` = 0 AND `offerid` = 9 LIMIT 1   [ RunTime:0.0002s ]
SQL: SELECT * FROM `hqjhc_goods` WHERE `dataFlag` = 0 AND `status` = 0 AND `offerid` = 9 ORDER BY `id` desc LIMIT 0,15   [ RunTime:0.0003s ]
INFO: [ view_parse ] --START--
INFO: [ template_filter ] --START--
INFO: Run Behavior\ContentReplaceBehavior [ RunTime:0.000072s ]
INFO: [ template_filter ] --END-- [ RunTime:0.000087s ]
NOTIC: [8] Undefined index: createstaffname /home/www/hqjhc/bussiness/Runtime/Cache/Product/89fe1682280a4de5dd97bdaf0f57dbc9.php 第 528 行.
NOTIC: [8] Undefined index: createstaffname /home/www/hqjhc/bussiness/Runtime/Cache/Product/89fe1682280a4de5dd97bdaf0f57dbc9.php 第 528 行.
NOTIC: [8] Undefined index: createstaffname /home/www/hqjhc/bussiness/Runtime/Cache/Product/89fe1682280a4de5dd97bdaf0f57dbc9.php 第 528 行.
NOTIC: [8] Undefined index: createstaffname /home/www/hqjhc/bussiness/Runtime/Cache/Product/89fe1682280a4de5dd97bdaf0f57dbc9.php 第 528 行.
NOTIC: [8] Undefined index: createstaffname /home/www/hqjhc/bussiness/Runtime/Cache/Product/89fe1682280a4de5dd97bdaf0f57dbc9.php 第 528 行.
INFO: Run Behavior\ParseTemplateBehavior [ RunTime:0.006303s ]
INFO: [ view_parse ] --END-- [ RunTime:0.006316s ]
INFO: [ view_filter ] --START--
INFO: Run Behavior\WriteHtmlCacheBehavior [ RunTime:0.000070s ]
INFO: [ view_filter ] --END-- [ RunTime:0.000080s ]
INFO: [ app_end ] --START--
INFO: Run Behavior\ShowPageTraceBehavior [ RunTime:0.000241s ]
INFO: [ app_end ] --END-- [ RunTime:0.000255s ]

[ 2017-12-01T19:46:58+08:00 ] 101.81.120.60 /offer.php/Product/Index/addproductpage.html
INFO: [ app_init ] --START--
INFO: Run Behavior\BuildLiteBehavior [ RunTime:0.000006s ]
INFO: [ app_init ] --END-- [ RunTime:0.000165s ]
INFO: [ app_begin ] --START--
INFO: Run Behavior\ReadHtmlCacheBehavior [ RunTime:0.000209s ]
INFO: [ app_begin ] --END-- [ RunTime:0.000225s ]
NOTIC: [8] A session had already been started - ignoring session_start() /home/www/hqjhc/ThinkPHP/Common/functions.php 第 1263 行.
SQL: SHOW COLUMNS FROM `hqjhc_offers` [ RunTime:0.0005s ]
SQL: SHOW COLUMNS FROM `hqjhc_offers` [ RunTime:0.0003s ]
SQL: SELECT * FROM `hqjhc_offers` WHERE `offerid` = 9 LIMIT 1   [ RunTime:0.0002s ]
SQL: SHOW COLUMNS FROM `hqjhc_goods_cats` [ RunTime:0.0003s ]
SQL: SHOW COLUMNS FROM `hqjhc_brands` [ RunTime:0.0003s ]
SQL: SHOW COLUMNS FROM `hqjhc_goods_cats` [ RunTime:0.0003s ]
SQL: SELECT * FROM `hqjhc_goods_cats` WHERE `dataFlag` = 0 AND `parentid` = 0  [ RunTime:0.0002s ]
SQL: SHOW COLUMNS FROM `hqjhc_brands` [ RunTime:0.0003s ]
SQL: SELECT * FROM `hqjhc_brands` WHERE `dataFlag` = 0  [ RunTime:0.0002s ]
NOTIC: [8] Undefined variable: goodstemplatelist /home/www/hqjhc/bussiness/Product/Controller/IndexController.class.php 第 199 行.
INFO: [ view_parse ] --START--
INFO: [ template_filter ] --START--
INFO: Run Behavior\ContentReplaceBehavior [ RunTime:0.000113s ]
INFO: [ template_filter ] --END-- [ RunTime:0.000128s ]
NOTIC: [8] Undefined variable: templateinfo /home/www/hqjhc/bussiness/Runtime/Cache/Product/2389a18cd909c259c0402f2c3f4125ab.php 第 535 行.
NOTIC: [8] Undefined index: stffid /home/www/hqjhc/bussiness/Runtime/Cache/Product/2389a18cd909c259c0402f2c3f4125ab.php 第 776 行.
INFO: Run Behavior\ParseTemplateBehavior [ RunTime:0.008519s ]
INFO: [ view_parse ] --END-- [ RunTime:0.008532s ]
INFO: [ view_filter ] --START--
INFO: Run Behavior\WriteHtmlCacheBehavior [ RunTime:0.000079s ]
INFO: [ view_filter ] --END-- [ RunTime:0.000090s ]
INFO: [ app_end ] --START--
INFO: Run Behavior\ShowPageTraceBehavior [ RunTime:0.000225s ]
INFO: [ app_end ] --END-- [ RunTime:0.000237s ]

[ 2017-12-01T19:47:05+08:00 ] 101.226.33.224 /offer.php/Product/Index/index.html
INFO: [ app_init ] --START--
INFO: Run Behavior\BuildLiteBehavior [ RunTime:0.000007s ]
INFO: [ app_init ] --END-- [ RunTime:0.000169s ]
INFO: [ app_begin ] --START--
INFO: Run Behavior\ReadHtmlCacheBehavior [ RunTime:0.000234s ]
INFO: [ app_begin ] --END-- [ RunTime:0.000251s ]
NOTIC: [8] A session had already been started - ignoring session_start() /home/www/hqjhc/ThinkPHP/Common/functions.php 第 1263 行.
SQL: SHOW COLUMNS FROM `hqjhc_offers` [ RunTime:0.0005s ]

[ 2017-12-01T19:47:08+08:00 ] 101.226.33.202 /offer.php/Product/Index/addproductpage.html
INFO: [ app_init ] --START--
INFO: Run Behavior\BuildLiteBehavior [ RunTime:0.000016s ]
INFO: [ app_init ] --END-- [ RunTime:0.000182s ]
INFO: [ app_begin ] --START--
INFO: Run Behavior\ReadHtmlCacheBehavior [ RunTime:0.000220s ]
INFO: [ app_begin ] --END-- [ RunTime:0.000237s ]
NOTIC: [8] A session had already been started - ignoring session_start() /home/www/hqjhc/ThinkPHP/Common/functions.php 第 1263 行.
SQL: SHOW COLUMNS FROM `hqjhc_offers` [ RunTime:0.0005s ]

[ 2017-12-01T19:47:25+08:00 ] 101.81.120.60 /offer.php/Product/Index/index.html
INFO: [ app_init ] --START--
INFO: Run Behavior\BuildLiteBehavior [ RunTime:0.000006s ]
INFO: [ app_init ] --END-- [ RunTime:0.000154s ]
INFO: [ app_begin ] --START--
INFO: Run Behavior\ReadHtmlCacheBehavior [ RunTime:0.000220s ]
INFO: [ app_begin ] --END-- [ RunTime:0.000235s ]
NOTIC: [8] A session had already been started - ignoring session_start() /home/www/hqjhc/ThinkPHP/Common/functions.php 第 1263 行.
SQL: SHOW COLUMNS FROM `hqjhc_offers` [ RunTime:0.0005s ]
SQL: SHOW COLUMNS FROM `hqjhc_offers` [ RunTime:0.0003s ]
SQL: SELECT * FROM `hqjhc_offers` WHERE `offerid` = 9 LIMIT 1   [ RunTime:0.0002s ]
SQL: SHOW COLUMNS FROM `hqjhc_goods` [ RunTime:0.0004s ]
SQL: SELECT COUNT(*) AS tp_count FROM `hqjhc_goods` WHERE `dataFlag` = 0 AND `status` = 0 AND `offerid` = 9 LIMIT 1   [ RunTime:0.0002s ]
SQL: SELECT * FROM `hqjhc_goods` WHERE `dataFlag` = 0 AND `status` = 0 AND `offerid` = 9 ORDER BY `id` desc LIMIT 0,15   [ RunTime:0.0003s ]
INFO: [ view_parse ] --START--
INFO: [ template_filter ] --START--
INFO: Run Behavior\ContentReplaceBehavior [ RunTime:0.000071s ]
INFO: [ template_filter ] --END-- [ RunTime:0.000086s ]
NOTIC: [8] Undefined index: createstaffname /home/www/hqjhc/bussiness/Runtime/Cache/Product/89fe1682280a4de5dd97bdaf0f57dbc9.php 第 528 行.
NOTIC: [8] Undefined index: createstaffname /home/www/hqjhc/bussiness/Runtime/Cache/Product/89fe1682280a4de5dd97bdaf0f57dbc9.php 第 528 行.
NOTIC: [8] Undefined index: createstaffname /home/www/hqjhc/bussiness/Runtime/Cache/Product/89fe1682280a4de5dd97bdaf0f57dbc9.php 第 528 行.
NOTIC: [8] Undefined index: createstaffname /home/www/hqjhc/bussiness/Runtime/Cache/Product/89fe1682280a4de5dd97bdaf0f57dbc9.php 第 528 行.
NOTIC: [8] Undefined index: createstaffname /home/www/hqjhc/bussiness/Runtime/Cache/Product/89fe1682280a4de5dd97bdaf0f57dbc9.php 第 528 行.
INFO: Run Behavior\ParseTemplateBehavior [ RunTime:0.006280s ]
INFO: [ view_parse ] --END-- [ RunTime:0.006294s ]
INFO: [ view_filter ] --START--
INFO: Run Behavior\WriteHtmlCacheBehavior [ RunTime:0.000084s ]
INFO: [ view_filter ] --END-- [ RunTime:0.000095s ]
INFO: [ app_end ] --START--
INFO: Run Behavior\ShowPageTraceBehavior [ RunTime:0.000229s ]
INFO: [ app_end ] --END-- [ RunTime:0.000243s ]

[ 2017-12-01T19:47:27+08:00 ] 101.81.120.60 /offer.php/Product/Index/failpage.html
INFO: [ app_init ] --START--
INFO: Run Behavior\BuildLiteBehavior [ RunTime:0.000006s ]
INFO: [ app_init ] --END-- [ RunTime:0.000178s ]
INFO: [ app_begin ] --START--
INFO: Run Behavior\ReadHtmlCacheBehavior [ RunTime:0.000245s ]
INFO: [ app_begin ] --END-- [ RunTime:0.000279s ]
NOTIC: [8] A session had already been started - ignoring session_start() /home/www/hqjhc/ThinkPHP/Common/functions.php 第 1263 行.
SQL: SHOW COLUMNS FROM `hqjhc_offers` [ RunTime:0.0005s ]
SQL: SHOW COLUMNS FROM `hqjhc_offers` [ RunTime:0.0003s ]
SQL: SELECT * FROM `hqjhc_offers` WHERE `offerid` = 9 LIMIT 1   [ RunTime:0.0002s ]
SQL: SHOW COLUMNS FROM `hqjhc_goods` [ RunTime:0.0005s ]
SQL: SELECT COUNT(*) AS tp_count FROM `hqjhc_goods` WHERE `dataFlag` = 0 AND `status` = 2 AND `offerid` = 9 LIMIT 1   [ RunTime:0.0002s ]
SQL: SELECT * FROM `hqjhc_goods` WHERE `dataFlag` = 0 AND `status` = 2 AND `offerid` = 9 ORDER BY `id` desc LIMIT 0,15   [ RunTime:0.0003s ]
INFO: [ view_parse ] --START--
INFO: [ template_filter ] --START--
INFO: Run Behavior\ContentReplaceBehavior [ RunTime:0.000073s ]
INFO: [ template_filter ] --END-- [ RunTime:0.000089s ]
INFO: Run Behavior\ParseTemplateBehavior [ RunTime:0.006330s ]
INFO: [ view_parse ] --END-- [ RunTime:0.006346s ]
INFO: [ view_filter ] --START--
INFO: Run Behavior\WriteHtmlCacheBehavior [ RunTime:0.000073s ]
INFO: [ view_filter ] --END-- [ RunTime:0.000083s ]
INFO: [ app_end ] --START--
INFO: Run Behavior\ShowPageTraceBehavior [ RunTime:0.000245s ]
INFO: [ app_end ] --END-- [ RunTime:0.000262s ]

