[ 2017-12-02T16:11:59+08:00 ] 101.81.120.60 /admin.php/Funds/Recharge/index.html
INFO: [ app_init ] --START--
INFO: Run Behavior\BuildLiteBehavior [ RunTime:0.000006s ]
INFO: [ app_init ] --END-- [ RunTime:0.000164s ]
INFO: [ app_begin ] --START--
INFO: Run Behavior\ReadHtmlCacheBehavior [ RunTime:0.000194s ]
INFO: [ app_begin ] --END-- [ RunTime:0.000210s ]
NOTIC: [8] A session had already been started - ignoring session_start() /home/www/hqjhc/ThinkPHP/Common/functions.php 第 1263 行.
SQL: SHOW COLUMNS FROM `hqjhc_staffs` [ RunTime:0.0005s ]
SQL: SHOW COLUMNS FROM `hqjhc_staffs` [ RunTime:0.0003s ]
SQL: SELECT * FROM `hqjhc_staffs` WHERE `stffid` = 6 LIMIT 1   [ RunTime:0.0002s ]
SQL: SHOW COLUMNS FROM `hqjhc_recharge` [ RunTime:0.0003s ]
SQL: SELECT COUNT(*) AS tp_count FROM `hqjhc_recharge` WHERE `dataFlag` = 0 LIMIT 1   [ RunTime:0.0002s ]
SQL: SELECT * FROM `hqjhc_recharge` WHERE `dataFlag` = 0 ORDER BY `rechargeid` desc LIMIT 0,15   [ RunTime:0.0002s ]
NOTIC: [8] Undefined index: createstaffid /home/www/hqjhc/backend/Funds/Controller/RechargeController.class.php 第 45 行.
SQL: SHOW COLUMNS FROM `hqjhc_users` [ RunTime:0.0004s ]
SQL: SELECT * FROM `hqjhc_users` WHERE `userid` = 24 LIMIT 1   [ RunTime:0.0002s ]
NOTIC: [8] Undefined index: createstaffid /home/www/hqjhc/backend/Funds/Controller/RechargeController.class.php 第 45 行.
SQL: SELECT * FROM `hqjhc_users` WHERE `userid` = 24 LIMIT 1   [ RunTime:0.0002s ]
NOTIC: [8] Undefined index: createstaffid /home/www/hqjhc/backend/Funds/Controller/RechargeController.class.php 第 45 行.
SQL: SELECT * FROM `hqjhc_users` WHERE `userid` = 24 LIMIT 1   [ RunTime:0.0002s ]
NOTIC: [8] Undefined index: createstaffid /home/www/hqjhc/backend/Funds/Controller/RechargeController.class.php 第 45 行.
SQL: SELECT * FROM `hqjhc_users` WHERE `userid` = 24 LIMIT 1   [ RunTime:0.0001s ]
NOTIC: [8] Undefined index: createstaffid /home/www/hqjhc/backend/Funds/Controller/RechargeController.class.php 第 45 行.
SQL: SELECT * FROM `hqjhc_users` WHERE `userid` = 24 LIMIT 1   [ RunTime:0.0001s ]
NOTIC: [8] Undefined index: createstaffid /home/www/hqjhc/backend/Funds/Controller/RechargeController.class.php 第 45 行.
SQL: SELECT * FROM `hqjhc_users` WHERE `userid` = 24 LIMIT 1   [ RunTime:0.0001s ]
NOTIC: [8] Undefined index: createstaffid /home/www/hqjhc/backend/Funds/Controller/RechargeController.class.php 第 45 行.
SQL: SELECT * FROM `hqjhc_users` WHERE `userid` = 24 LIMIT 1   [ RunTime:0.0001s ]
NOTIC: [8] Undefined index: createstaffid /home/www/hqjhc/backend/Funds/Controller/RechargeController.class.php 第 45 行.
SQL: SELECT * FROM `hqjhc_users` WHERE `userid` = 24 LIMIT 1   [ RunTime:0.0001s ]
NOTIC: [8] Undefined index: createstaffid /home/www/hqjhc/backend/Funds/Controller/RechargeController.class.php 第 45 行.
SQL: SELECT * FROM `hqjhc_users` WHERE `userid` = null LIMIT 1   [ RunTime:0.0001s ]
NOTIC: [8] Undefined index: createstaffid /home/www/hqjhc/backend/Funds/Controller/RechargeController.class.php 第 45 行.
SQL: SELECT * FROM `hqjhc_users` WHERE `userid` = 4 LIMIT 1   [ RunTime:0.0001s ]
NOTIC: [8] Undefined index: createstaffid /home/www/hqjhc/backend/Funds/Controller/RechargeController.class.php 第 45 行.
SQL: SELECT * FROM `hqjhc_users` WHERE `userid` = 14 LIMIT 1   [ RunTime:0.0002s ]
NOTIC: [8] Undefined index: createstaffid /home/www/hqjhc/backend/Funds/Controller/RechargeController.class.php 第 45 行.
SQL: SELECT * FROM `hqjhc_users` WHERE `userid` = 14 LIMIT 1   [ RunTime:0.0001s ]
NOTIC: [8] Undefined index: createstaffid /home/www/hqjhc/backend/Funds/Controller/RechargeController.class.php 第 45 行.
SQL: SELECT * FROM `hqjhc_users` WHERE `userid` = 14 LIMIT 1   [ RunTime:0.0001s ]
NOTIC: [8] Undefined index: createstaffid /home/www/hqjhc/backend/Funds/Controller/RechargeController.class.php 第 45 行.
SQL: SELECT * FROM `hqjhc_users` WHERE `userid` = 14 LIMIT 1   [ RunTime:0.0001s ]
NOTIC: [8] Undefined index: createstaffid /home/www/hqjhc/backend/Funds/Controller/RechargeController.class.php 第 45 行.
SQL: SELECT * FROM `hqjhc_users` WHERE `userid` = 14 LIMIT 1   [ RunTime:0.0001s ]
INFO: [ view_parse ] --START--
INFO: [ template_filter ] --START--
INFO: Run Behavior\ContentReplaceBehavior [ RunTime:0.000081s ]
INFO: [ template_filter ] --END-- [ RunTime:0.000096s ]
NOTIC: [8] Undefined property: Think\Storage\Driver\File::$_data /home/www/hqjhc/backend/Runtime/Cache/Funds/5e8409fde3d229100bf44885de0a7dbf.php 第 244 行.
INFO: Run Behavior\ParseTemplateBehavior [ RunTime:0.007113s ]
INFO: [ view_parse ] --END-- [ RunTime:0.007141s ]
INFO: [ view_filter ] --START--
INFO: Run Behavior\WriteHtmlCacheBehavior [ RunTime:0.000072s ]
INFO: [ view_filter ] --END-- [ RunTime:0.000083s ]
INFO: [ app_end ] --START--
INFO: Run Behavior\ShowPageTraceBehavior [ RunTime:0.000236s ]
INFO: [ app_end ] --END-- [ RunTime:0.000249s ]

[ 2017-12-02T16:12:01+08:00 ] 101.81.120.60 /admin.php/Funds/Ordersettlement/index.html
INFO: [ app_init ] --START--
INFO: Run Behavior\BuildLiteBehavior [ RunTime:0.000006s ]
INFO: [ app_init ] --END-- [ RunTime:0.000155s ]
INFO: [ app_begin ] --START--
INFO: Run Behavior\ReadHtmlCacheBehavior [ RunTime:0.000201s ]
INFO: [ app_begin ] --END-- [ RunTime:0.000217s ]
NOTIC: [8] A session had already been started - ignoring session_start() /home/www/hqjhc/ThinkPHP/Common/functions.php 第 1263 行.
SQL: SHOW COLUMNS FROM `hqjhc_staffs` [ RunTime:0.0005s ]
SQL: SHOW COLUMNS FROM `hqjhc_staffs` [ RunTime:0.0004s ]
SQL: SELECT * FROM `hqjhc_staffs` WHERE `stffid` = 6 LIMIT 1   [ RunTime:0.0002s ]
SQL: SHOW COLUMNS FROM `hqjhc_order_settlement` [ RunTime:0.0003s ]
SQL: SELECT COUNT(*) AS tp_count FROM `hqjhc_order_settlement` WHERE `dataFlag` = 0 LIMIT 1   [ RunTime:0.0002s ]
SQL: SELECT * FROM `hqjhc_order_settlement` WHERE `dataFlag` = 0 ORDER BY `ordersettleid` desc LIMIT 0,15   [ RunTime:0.0002s ]
INFO: [ view_parse ] --START--
INFO: [ template_filter ] --START--
INFO: Run Behavior\ContentReplaceBehavior [ RunTime:0.000074s ]
INFO: [ template_filter ] --END-- [ RunTime:0.000090s ]
NOTIC: [8] Undefined property: Think\Storage\Driver\File::$_data /home/www/hqjhc/backend/Runtime/Cache/Funds/2327a953fb7e79643a3a06745e876629.php 第 244 行.
NOTIC: [8] Undefined index: username /home/www/hqjhc/backend/Runtime/Cache/Funds/2327a953fb7e79643a3a06745e876629.php 第 609 行.
NOTIC: [8] Undefined index: examount /home/www/hqjhc/backend/Runtime/Cache/Funds/2327a953fb7e79643a3a06745e876629.php 第 611 行.
NOTIC: [8] Undefined index: username /home/www/hqjhc/backend/Runtime/Cache/Funds/2327a953fb7e79643a3a06745e876629.php 第 609 行.
NOTIC: [8] Undefined index: examount /home/www/hqjhc/backend/Runtime/Cache/Funds/2327a953fb7e79643a3a06745e876629.php 第 611 行.
NOTIC: [8] Undefined index: username /home/www/hqjhc/backend/Runtime/Cache/Funds/2327a953fb7e79643a3a06745e876629.php 第 609 行.
NOTIC: [8] Undefined index: examount /home/www/hqjhc/backend/Runtime/Cache/Funds/2327a953fb7e79643a3a06745e876629.php 第 611 行.
NOTIC: [8] Undefined index: username /home/www/hqjhc/backend/Runtime/Cache/Funds/2327a953fb7e79643a3a06745e876629.php 第 609 行.
NOTIC: [8] Undefined index: examount /home/www/hqjhc/backend/Runtime/Cache/Funds/2327a953fb7e79643a3a06745e876629.php 第 611 行.
NOTIC: [8] Undefined index: username /home/www/hqjhc/backend/Runtime/Cache/Funds/2327a953fb7e79643a3a06745e876629.php 第 609 行.
NOTIC: [8] Undefined index: examount /home/www/hqjhc/backend/Runtime/Cache/Funds/2327a953fb7e79643a3a06745e876629.php 第 611 行.
NOTIC: [8] Undefined index: username /home/www/hqjhc/backend/Runtime/Cache/Funds/2327a953fb7e79643a3a06745e876629.php 第 609 行.
NOTIC: [8] Undefined index: examount /home/www/hqjhc/backend/Runtime/Cache/Funds/2327a953fb7e79643a3a06745e876629.php 第 611 行.
NOTIC: [8] Undefined index: username /home/www/hqjhc/backend/Runtime/Cache/Funds/2327a953fb7e79643a3a06745e876629.php 第 609 行.
NOTIC: [8] Undefined index: examount /home/www/hqjhc/backend/Runtime/Cache/Funds/2327a953fb7e79643a3a06745e876629.php 第 611 行.
NOTIC: [8] Undefined index: username /home/www/hqjhc/backend/Runtime/Cache/Funds/2327a953fb7e79643a3a06745e876629.php 第 609 行.
NOTIC: [8] Undefined index: examount /home/www/hqjhc/backend/Runtime/Cache/Funds/2327a953fb7e79643a3a06745e876629.php 第 611 行.
NOTIC: [8] Undefined index: username /home/www/hqjhc/backend/Runtime/Cache/Funds/2327a953fb7e79643a3a06745e876629.php 第 609 行.
NOTIC: [8] Undefined index: examount /home/www/hqjhc/backend/Runtime/Cache/Funds/2327a953fb7e79643a3a06745e876629.php 第 611 行.
NOTIC: [8] Undefined index: username /home/www/hqjhc/backend/Runtime/Cache/Funds/2327a953fb7e79643a3a06745e876629.php 第 609 行.
NOTIC: [8] Undefined index: examount /home/www/hqjhc/backend/Runtime/Cache/Funds/2327a953fb7e79643a3a06745e876629.php 第 611 行.
NOTIC: [8] Undefined index: username /home/www/hqjhc/backend/Runtime/Cache/Funds/2327a953fb7e79643a3a06745e876629.php 第 609 行.
NOTIC: [8] Undefined index: examount /home/www/hqjhc/backend/Runtime/Cache/Funds/2327a953fb7e79643a3a06745e876629.php 第 611 行.
NOTIC: [8] Undefined index: username /home/www/hqjhc/backend/Runtime/Cache/Funds/2327a953fb7e79643a3a06745e876629.php 第 609 行.
NOTIC: [8] Undefined index: examount /home/www/hqjhc/backend/Runtime/Cache/Funds/2327a953fb7e79643a3a06745e876629.php 第 611 行.
NOTIC: [8] Undefined index: username /home/www/hqjhc/backend/Runtime/Cache/Funds/2327a953fb7e79643a3a06745e876629.php 第 609 行.
NOTIC: [8] Undefined index: examount /home/www/hqjhc/backend/Runtime/Cache/Funds/2327a953fb7e79643a3a06745e876629.php 第 611 行.
NOTIC: [8] Undefined index: username /home/www/hqjhc/backend/Runtime/Cache/Funds/2327a953fb7e79643a3a06745e876629.php 第 609 行.
NOTIC: [8] Undefined index: examount /home/www/hqjhc/backend/Runtime/Cache/Funds/2327a953fb7e79643a3a06745e876629.php 第 611 行.
NOTIC: [8] Undefined index: username /home/www/hqjhc/backend/Runtime/Cache/Funds/2327a953fb7e79643a3a06745e876629.php 第 609 行.
NOTIC: [8] Undefined index: examount /home/www/hqjhc/backend/Runtime/Cache/Funds/2327a953fb7e79643a3a06745e876629.php 第 611 行.
INFO: Run Behavior\ParseTemplateBehavior [ RunTime:0.007252s ]
INFO: [ view_parse ] --END-- [ RunTime:0.007266s ]
INFO: [ view_filter ] --START--
INFO: Run Behavior\WriteHtmlCacheBehavior [ RunTime:0.000092s ]
INFO: [ view_filter ] --END-- [ RunTime:0.000103s ]
INFO: [ app_end ] --START--
INFO: Run Behavior\ShowPageTraceBehavior [ RunTime:0.000243s ]
INFO: [ app_end ] --END-- [ RunTime:0.000258s ]

[ 2017-12-02T16:12:09+08:00 ] 101.226.33.227 /admin.php/Funds/Recharge/index.html
INFO: [ app_init ] --START--
INFO: Run Behavior\BuildLiteBehavior [ RunTime:0.000006s ]
INFO: [ app_init ] --END-- [ RunTime:0.000160s ]
INFO: [ app_begin ] --START--
INFO: Run Behavior\ReadHtmlCacheBehavior [ RunTime:0.000201s ]
INFO: [ app_begin ] --END-- [ RunTime:0.000217s ]
NOTIC: [8] A session had already been started - ignoring session_start() /home/www/hqjhc/ThinkPHP/Common/functions.php 第 1263 行.
SQL: SHOW COLUMNS FROM `hqjhc_staffs` [ RunTime:0.0005s ]

[ 2017-12-02T16:12:10+08:00 ] 101.81.120.60 /admin.php/Funds/Userslogsmoneys/getentrance.html
INFO: [ app_init ] --START--
INFO: Run Behavior\BuildLiteBehavior [ RunTime:0.000006s ]
INFO: [ app_init ] --END-- [ RunTime:0.000156s ]
INFO: [ app_begin ] --START--
INFO: Run Behavior\ReadHtmlCacheBehavior [ RunTime:0.000211s ]
INFO: [ app_begin ] --END-- [ RunTime:0.000228s ]
NOTIC: [8] A session had already been started - ignoring session_start() /home/www/hqjhc/ThinkPHP/Common/functions.php 第 1263 行.
SQL: SHOW COLUMNS FROM `hqjhc_staffs` [ RunTime:0.0005s ]
SQL: SHOW COLUMNS FROM `hqjhc_staffs` [ RunTime:0.0003s ]
SQL: SELECT * FROM `hqjhc_staffs` WHERE `stffid` = 6 LIMIT 1   [ RunTime:0.0002s ]
SQL: SHOW COLUMNS FROM `hqjhc_logs_recharge` [ RunTime:0.0003s ]
SQL: SELECT COUNT(*) AS tp_count FROM `hqjhc_logs_recharge` LIMIT 1   [ RunTime:0.0001s ]
SQL: SELECT * FROM `hqjhc_logs_recharge` ORDER BY `log_rechargeid` desc LIMIT 0,15   [ RunTime:0.0002s ]
SQL: SHOW COLUMNS FROM `hqjhc_users` [ RunTime:0.0004s ]
SQL: SELECT * FROM `hqjhc_users` WHERE `userid` = 24 LIMIT 1   [ RunTime:0.0002s ]
SQL: SELECT * FROM `hqjhc_users` WHERE `userid` = null LIMIT 1   [ RunTime:0.0001s ]
SQL: SELECT * FROM `hqjhc_users` WHERE `userid` = 4 LIMIT 1   [ RunTime:0.0002s ]
SQL: SELECT * FROM `hqjhc_users` WHERE `userid` = 14 LIMIT 1   [ RunTime:0.0002s ]
SQL: SELECT * FROM `hqjhc_users` WHERE `userid` = 14 LIMIT 1   [ RunTime:0.0002s ]
SQL: SELECT * FROM `hqjhc_users` WHERE `userid` = 14 LIMIT 1   [ RunTime:0.0002s ]
SQL: SELECT * FROM `hqjhc_users` WHERE `userid` = 14 LIMIT 1   [ RunTime:0.0002s ]
SQL: SELECT * FROM `hqjhc_users` WHERE `userid` = 14 LIMIT 1   [ RunTime:0.0002s ]
SQL: SELECT * FROM `hqjhc_users` WHERE `userid` = 14 LIMIT 1   [ RunTime:0.0002s ]
SQL: SELECT * FROM `hqjhc_users` WHERE `userid` = 14 LIMIT 1   [ RunTime:0.0001s ]
SQL: SELECT * FROM `hqjhc_users` WHERE `userid` = 14 LIMIT 1   [ RunTime:0.0001s ]
SQL: SELECT * FROM `hqjhc_users` WHERE `userid` = 22 LIMIT 1   [ RunTime:0.0001s ]
SQL: SELECT * FROM `hqjhc_users` WHERE `userid` = null LIMIT 1   [ RunTime:0.0001s ]
SQL: SELECT * FROM `hqjhc_users` WHERE `userid` = 14 LIMIT 1   [ RunTime:0.0002s ]
SQL: SELECT * FROM `hqjhc_users` WHERE `userid` = null LIMIT 1   [ RunTime:0.0001s ]
INFO: [ view_parse ] --START--
INFO: [ template_filter ] --START--
INFO: Run Behavior\ContentReplaceBehavior [ RunTime:0.000073s ]
INFO: [ template_filter ] --END-- [ RunTime:0.000088s ]
NOTIC: [8] Undefined property: Think\Storage\Driver\File::$_data /home/www/hqjhc/backend/Runtime/Cache/Funds/e34b7cabf66aa73bba7b2c37a20b3bb9.php 第 244 行.
INFO: Run Behavior\ParseTemplateBehavior [ RunTime:0.007109s ]
INFO: [ view_parse ] --END-- [ RunTime:0.007125s ]
INFO: [ view_filter ] --START--
INFO: Run Behavior\WriteHtmlCacheBehavior [ RunTime:0.000072s ]
INFO: [ view_filter ] --END-- [ RunTime:0.000083s ]
INFO: [ app_end ] --START--
INFO: Run Behavior\ShowPageTraceBehavior [ RunTime:0.000247s ]
INFO: [ app_end ] --END-- [ RunTime:0.000263s ]

[ 2017-12-02T16:12:11+08:00 ] 101.226.225.85 /admin.php/Funds/Ordersettlement/index.html
INFO: [ app_init ] --START--
INFO: Run Behavior\BuildLiteBehavior [ RunTime:0.000006s ]
INFO: [ app_init ] --END-- [ RunTime:0.000169s ]
INFO: [ app_begin ] --START--
INFO: Run Behavior\ReadHtmlCacheBehavior [ RunTime:0.000242s ]
INFO: [ app_begin ] --END-- [ RunTime:0.000259s ]
NOTIC: [8] A session had already been started - ignoring session_start() /home/www/hqjhc/ThinkPHP/Common/functions.php 第 1263 行.
SQL: SHOW COLUMNS FROM `hqjhc_staffs` [ RunTime:0.0005s ]

[ 2017-12-02T16:12:13+08:00 ] 101.81.120.60 /admin.php/Funds/Recharge/index.html
INFO: [ app_init ] --START--
INFO: Run Behavior\BuildLiteBehavior [ RunTime:0.000007s ]
INFO: [ app_init ] --END-- [ RunTime:0.000188s ]
INFO: [ app_begin ] --START--
INFO: Run Behavior\ReadHtmlCacheBehavior [ RunTime:0.000223s ]
INFO: [ app_begin ] --END-- [ RunTime:0.000240s ]
NOTIC: [8] A session had already been started - ignoring session_start() /home/www/hqjhc/ThinkPHP/Common/functions.php 第 1263 行.
SQL: SHOW COLUMNS FROM `hqjhc_staffs` [ RunTime:0.0005s ]
SQL: SHOW COLUMNS FROM `hqjhc_staffs` [ RunTime:0.0003s ]
SQL: SELECT * FROM `hqjhc_staffs` WHERE `stffid` = 6 LIMIT 1   [ RunTime:0.0003s ]
SQL: SHOW COLUMNS FROM `hqjhc_recharge` [ RunTime:0.0003s ]
SQL: SELECT COUNT(*) AS tp_count FROM `hqjhc_recharge` WHERE `dataFlag` = 0 LIMIT 1   [ RunTime:0.0002s ]
SQL: SELECT * FROM `hqjhc_recharge` WHERE `dataFlag` = 0 ORDER BY `rechargeid` desc LIMIT 0,15   [ RunTime:0.0002s ]
NOTIC: [8] Undefined index: createstaffid /home/www/hqjhc/backend/Funds/Controller/RechargeController.class.php 第 45 行.
SQL: SHOW COLUMNS FROM `hqjhc_users` [ RunTime:0.0004s ]
SQL: SELECT * FROM `hqjhc_users` WHERE `userid` = 24 LIMIT 1   [ RunTime:0.0002s ]
NOTIC: [8] Undefined index: createstaffid /home/www/hqjhc/backend/Funds/Controller/RechargeController.class.php 第 45 行.
SQL: SELECT * FROM `hqjhc_users` WHERE `userid` = 24 LIMIT 1   [ RunTime:0.0002s ]
NOTIC: [8] Undefined index: createstaffid /home/www/hqjhc/backend/Funds/Controller/RechargeController.class.php 第 45 行.
SQL: SELECT * FROM `hqjhc_users` WHERE `userid` = 24 LIMIT 1   [ RunTime:0.0002s ]
NOTIC: [8] Undefined index: createstaffid /home/www/hqjhc/backend/Funds/Controller/RechargeController.class.php 第 45 行.
SQL: SELECT * FROM `hqjhc_users` WHERE `userid` = 24 LIMIT 1   [ RunTime:0.0001s ]
NOTIC: [8] Undefined index: createstaffid /home/www/hqjhc/backend/Funds/Controller/RechargeController.class.php 第 45 行.
SQL: SELECT * FROM `hqjhc_users` WHERE `userid` = 24 LIMIT 1   [ RunTime:0.0001s ]
NOTIC: [8] Undefined index: createstaffid /home/www/hqjhc/backend/Funds/Controller/RechargeController.class.php 第 45 行.
SQL: SELECT * FROM `hqjhc_users` WHERE `userid` = 24 LIMIT 1   [ RunTime:0.0001s ]
NOTIC: [8] Undefined index: createstaffid /home/www/hqjhc/backend/Funds/Controller/RechargeController.class.php 第 45 行.
SQL: SELECT * FROM `hqjhc_users` WHERE `userid` = 24 LIMIT 1   [ RunTime:0.0002s ]
NOTIC: [8] Undefined index: createstaffid /home/www/hqjhc/backend/Funds/Controller/RechargeController.class.php 第 45 行.
SQL: SELECT * FROM `hqjhc_users` WHERE `userid` = 24 LIMIT 1   [ RunTime:0.0002s ]
NOTIC: [8] Undefined index: createstaffid /home/www/hqjhc/backend/Funds/Controller/RechargeController.class.php 第 45 行.
SQL: SELECT * FROM `hqjhc_users` WHERE `userid` = null LIMIT 1   [ RunTime:0.0001s ]
NOTIC: [8] Undefined index: createstaffid /home/www/hqjhc/backend/Funds/Controller/RechargeController.class.php 第 45 行.
SQL: SELECT * FROM `hqjhc_users` WHERE `userid` = 4 LIMIT 1   [ RunTime:0.0001s ]
NOTIC: [8] Undefined index: createstaffid /home/www/hqjhc/backend/Funds/Controller/RechargeController.class.php 第 45 行.
SQL: SELECT * FROM `hqjhc_users` WHERE `userid` = 14 LIMIT 1   [ RunTime:0.0001s ]
NOTIC: [8] Undefined index: createstaffid /home/www/hqjhc/backend/Funds/Controller/RechargeController.class.php 第 45 行.
SQL: SELECT * FROM `hqjhc_users` WHERE `userid` = 14 LIMIT 1   [ RunTime:0.0002s ]
NOTIC: [8] Undefined index: createstaffid /home/www/hqjhc/backend/Funds/Controller/RechargeController.class.php 第 45 行.
SQL: SELECT * FROM `hqjhc_users` WHERE `userid` = 14 LIMIT 1   [ RunTime:0.0002s ]
NOTIC: [8] Undefined index: createstaffid /home/www/hqjhc/backend/Funds/Controller/RechargeController.class.php 第 45 行.
SQL: SELECT * FROM `hqjhc_users` WHERE `userid` = 14 LIMIT 1   [ RunTime:0.0001s ]
NOTIC: [8] Undefined index: createstaffid /home/www/hqjhc/backend/Funds/Controller/RechargeController.class.php 第 45 行.
SQL: SELECT * FROM `hqjhc_users` WHERE `userid` = 14 LIMIT 1   [ RunTime:0.0001s ]
INFO: [ view_parse ] --START--
INFO: [ template_filter ] --START--
INFO: Run Behavior\ContentReplaceBehavior [ RunTime:0.000073s ]
INFO: [ template_filter ] --END-- [ RunTime:0.000088s ]
NOTIC: [8] Undefined property: Think\Storage\Driver\File::$_data /home/www/hqjhc/backend/Runtime/Cache/Funds/5e8409fde3d229100bf44885de0a7dbf.php 第 244 行.
INFO: Run Behavior\ParseTemplateBehavior [ RunTime:0.007142s ]
INFO: [ view_parse ] --END-- [ RunTime:0.007155s ]
INFO: [ view_filter ] --START--
INFO: Run Behavior\WriteHtmlCacheBehavior [ RunTime:0.000084s ]
INFO: [ view_filter ] --END-- [ RunTime:0.000095s ]
INFO: [ app_end ] --START--
INFO: Run Behavior\ShowPageTraceBehavior [ RunTime:0.000238s ]
INFO: [ app_end ] --END-- [ RunTime:0.000252s ]

[ 2017-12-02T16:12:20+08:00 ] 101.226.33.219 /admin.php/Funds/Userslogsmoneys/getentrance.html
INFO: [ app_init ] --START--
INFO: Run Behavior\BuildLiteBehavior [ RunTime:0.000006s ]
INFO: [ app_init ] --END-- [ RunTime:0.000150s ]
INFO: [ app_begin ] --START--
INFO: Run Behavior\ReadHtmlCacheBehavior [ RunTime:0.000217s ]
INFO: [ app_begin ] --END-- [ RunTime:0.000232s ]
NOTIC: [8] A session had already been started - ignoring session_start() /home/www/hqjhc/ThinkPHP/Common/functions.php 第 1263 行.
SQL: SHOW COLUMNS FROM `hqjhc_staffs` [ RunTime:0.0005s ]

[ 2017-12-02T16:24:06+08:00 ] 101.81.120.60 /admin.php/Funds/Recharge/index.html
INFO: [ app_init ] --START--
INFO: Run Behavior\BuildLiteBehavior [ RunTime:0.000005s ]
INFO: [ app_init ] --END-- [ RunTime:0.000155s ]
INFO: [ app_begin ] --START--
INFO: Run Behavior\ReadHtmlCacheBehavior [ RunTime:0.000201s ]
INFO: [ app_begin ] --END-- [ RunTime:0.000231s ]
NOTIC: [8] A session had already been started - ignoring session_start() /home/www/hqjhc/ThinkPHP/Common/functions.php 第 1263 行.
SQL: SHOW COLUMNS FROM `hqjhc_staffs` [ RunTime:0.0005s ]
SQL: SHOW COLUMNS FROM `hqjhc_staffs` [ RunTime:0.0004s ]
SQL: SELECT * FROM `hqjhc_staffs` WHERE `stffid` = 6 LIMIT 1   [ RunTime:0.0002s ]
SQL: SHOW COLUMNS FROM `hqjhc_recharge` [ RunTime:0.0004s ]
SQL: SELECT COUNT(*) AS tp_count FROM `hqjhc_recharge` WHERE `dataFlag` = 0 LIMIT 1   [ RunTime:0.0002s ]
SQL: SELECT * FROM `hqjhc_recharge` WHERE `dataFlag` = 0 ORDER BY `rechargeid` desc LIMIT 0,15   [ RunTime:0.0002s ]
NOTIC: [8] Undefined index: createstaffid /home/www/hqjhc/backend/Funds/Controller/RechargeController.class.php 第 45 行.
SQL: SHOW COLUMNS FROM `hqjhc_users` [ RunTime:0.0004s ]
SQL: SELECT * FROM `hqjhc_users` WHERE `userid` = 24 LIMIT 1   [ RunTime:0.0002s ]
NOTIC: [8] Undefined index: createstaffid /home/www/hqjhc/backend/Funds/Controller/RechargeController.class.php 第 45 行.
SQL: SELECT * FROM `hqjhc_users` WHERE `userid` = 24 LIMIT 1   [ RunTime:0.0002s ]
NOTIC: [8] Undefined index: createstaffid /home/www/hqjhc/backend/Funds/Controller/RechargeController.class.php 第 45 行.
SQL: SELECT * FROM `hqjhc_users` WHERE `userid` = 24 LIMIT 1   [ RunTime:0.0002s ]
NOTIC: [8] Undefined index: createstaffid /home/www/hqjhc/backend/Funds/Controller/RechargeController.class.php 第 45 行.
SQL: SELECT * FROM `hqjhc_users` WHERE `userid` = 24 LIMIT 1   [ RunTime:0.0002s ]
NOTIC: [8] Undefined index: createstaffid /home/www/hqjhc/backend/Funds/Controller/RechargeController.class.php 第 45 行.
SQL: SELECT * FROM `hqjhc_users` WHERE `userid` = 24 LIMIT 1   [ RunTime:0.0002s ]
NOTIC: [8] Undefined index: createstaffid /home/www/hqjhc/backend/Funds/Controller/RechargeController.class.php 第 45 行.
SQL: SELECT * FROM `hqjhc_users` WHERE `userid` = 24 LIMIT 1   [ RunTime:0.0002s ]
NOTIC: [8] Undefined index: createstaffid /home/www/hqjhc/backend/Funds/Controller/RechargeController.class.php 第 45 行.
SQL: SELECT * FROM `hqjhc_users` WHERE `userid` = 24 LIMIT 1   [ RunTime:0.0002s ]
NOTIC: [8] Undefined index: createstaffid /home/www/hqjhc/backend/Funds/Controller/RechargeController.class.php 第 45 行.
SQL: SELECT * FROM `hqjhc_users` WHERE `userid` = 24 LIMIT 1   [ RunTime:0.0002s ]
NOTIC: [8] Undefined index: createstaffid /home/www/hqjhc/backend/Funds/Controller/RechargeController.class.php 第 45 行.
SQL: SELECT * FROM `hqjhc_users` WHERE `userid` = null LIMIT 1   [ RunTime:0.0001s ]
NOTIC: [8] Undefined index: createstaffid /home/www/hqjhc/backend/Funds/Controller/RechargeController.class.php 第 45 行.
SQL: SELECT * FROM `hqjhc_users` WHERE `userid` = 4 LIMIT 1   [ RunTime:0.0002s ]
NOTIC: [8] Undefined index: createstaffid /home/www/hqjhc/backend/Funds/Controller/RechargeController.class.php 第 45 行.
SQL: SELECT * FROM `hqjhc_users` WHERE `userid` = 14 LIMIT 1   [ RunTime:0.0002s ]
NOTIC: [8] Undefined index: createstaffid /home/www/hqjhc/backend/Funds/Controller/RechargeController.class.php 第 45 行.
SQL: SELECT * FROM `hqjhc_users` WHERE `userid` = 14 LIMIT 1   [ RunTime:0.0002s ]
NOTIC: [8] Undefined index: createstaffid /home/www/hqjhc/backend/Funds/Controller/RechargeController.class.php 第 45 行.
SQL: SELECT * FROM `hqjhc_users` WHERE `userid` = 14 LIMIT 1   [ RunTime:0.0002s ]
NOTIC: [8] Undefined index: createstaffid /home/www/hqjhc/backend/Funds/Controller/RechargeController.class.php 第 45 行.
SQL: SELECT * FROM `hqjhc_users` WHERE `userid` = 14 LIMIT 1   [ RunTime:0.0001s ]
NOTIC: [8] Undefined index: createstaffid /home/www/hqjhc/backend/Funds/Controller/RechargeController.class.php 第 45 行.
SQL: SELECT * FROM `hqjhc_users` WHERE `userid` = 14 LIMIT 1   [ RunTime:0.0001s ]
INFO: [ view_parse ] --START--
INFO: [ template_filter ] --START--
INFO: Run Behavior\ContentReplaceBehavior [ RunTime:0.000072s ]
INFO: [ template_filter ] --END-- [ RunTime:0.000088s ]
NOTIC: [8] Undefined property: Think\Storage\Driver\File::$_data /home/www/hqjhc/backend/Runtime/Cache/Funds/5e8409fde3d229100bf44885de0a7dbf.php 第 244 行.
INFO: Run Behavior\ParseTemplateBehavior [ RunTime:0.007196s ]
INFO: [ view_parse ] --END-- [ RunTime:0.007210s ]
INFO: [ view_filter ] --START--
INFO: Run Behavior\WriteHtmlCacheBehavior [ RunTime:0.000076s ]
INFO: [ view_filter ] --END-- [ RunTime:0.000087s ]
INFO: [ app_end ] --START--
INFO: Run Behavior\ShowPageTraceBehavior [ RunTime:0.000232s ]
INFO: [ app_end ] --END-- [ RunTime:0.000255s ]

[ 2017-12-02T16:24:10+08:00 ] 101.81.120.60 /admin.php/Funds/Ordersettlement/index.html
INFO: [ app_init ] --START--
INFO: Run Behavior\BuildLiteBehavior [ RunTime:0.000006s ]
INFO: [ app_init ] --END-- [ RunTime:0.000170s ]
INFO: [ app_begin ] --START--
INFO: Run Behavior\ReadHtmlCacheBehavior [ RunTime:0.000234s ]
INFO: [ app_begin ] --END-- [ RunTime:0.000264s ]
NOTIC: [8] A session had already been started - ignoring session_start() /home/www/hqjhc/ThinkPHP/Common/functions.php 第 1263 行.
SQL: SHOW COLUMNS FROM `hqjhc_staffs` [ RunTime:0.0005s ]
SQL: SHOW COLUMNS FROM `hqjhc_staffs` [ RunTime:0.0004s ]
SQL: SELECT * FROM `hqjhc_staffs` WHERE `stffid` = 6 LIMIT 1   [ RunTime:0.0002s ]
SQL: SHOW COLUMNS FROM `hqjhc_order_settlement` [ RunTime:0.0004s ]
SQL: SELECT COUNT(*) AS tp_count FROM `hqjhc_order_settlement` WHERE `dataFlag` = 0 LIMIT 1   [ RunTime:0.0002s ]
SQL: SELECT * FROM `hqjhc_order_settlement` WHERE `dataFlag` = 0 ORDER BY `ordersettleid` desc LIMIT 0,15   [ RunTime:0.0002s ]
INFO: [ view_parse ] --START--
INFO: [ template_filter ] --START--
INFO: Run Behavior\ContentReplaceBehavior [ RunTime:0.000073s ]
INFO: [ template_filter ] --END-- [ RunTime:0.000087s ]
NOTIC: [8] Undefined property: Think\Storage\Driver\File::$_data /home/www/hqjhc/backend/Runtime/Cache/Funds/2327a953fb7e79643a3a06745e876629.php 第 244 行.
NOTIC: [8] Undefined index: username /home/www/hqjhc/backend/Runtime/Cache/Funds/2327a953fb7e79643a3a06745e876629.php 第 609 行.
NOTIC: [8] Undefined index: examount /home/www/hqjhc/backend/Runtime/Cache/Funds/2327a953fb7e79643a3a06745e876629.php 第 611 行.
NOTIC: [8] Undefined index: username /home/www/hqjhc/backend/Runtime/Cache/Funds/2327a953fb7e79643a3a06745e876629.php 第 609 行.
NOTIC: [8] Undefined index: examount /home/www/hqjhc/backend/Runtime/Cache/Funds/2327a953fb7e79643a3a06745e876629.php 第 611 行.
NOTIC: [8] Undefined index: username /home/www/hqjhc/backend/Runtime/Cache/Funds/2327a953fb7e79643a3a06745e876629.php 第 609 行.
NOTIC: [8] Undefined index: examount /home/www/hqjhc/backend/Runtime/Cache/Funds/2327a953fb7e79643a3a06745e876629.php 第 611 行.
NOTIC: [8] Undefined index: username /home/www/hqjhc/backend/Runtime/Cache/Funds/2327a953fb7e79643a3a06745e876629.php 第 609 行.
NOTIC: [8] Undefined index: examount /home/www/hqjhc/backend/Runtime/Cache/Funds/2327a953fb7e79643a3a06745e876629.php 第 611 行.
NOTIC: [8] Undefined index: username /home/www/hqjhc/backend/Runtime/Cache/Funds/2327a953fb7e79643a3a06745e876629.php 第 609 行.
NOTIC: [8] Undefined index: examount /home/www/hqjhc/backend/Runtime/Cache/Funds/2327a953fb7e79643a3a06745e876629.php 第 611 行.
NOTIC: [8] Undefined index: username /home/www/hqjhc/backend/Runtime/Cache/Funds/2327a953fb7e79643a3a06745e876629.php 第 609 行.
NOTIC: [8] Undefined index: examount /home/www/hqjhc/backend/Runtime/Cache/Funds/2327a953fb7e79643a3a06745e876629.php 第 611 行.
NOTIC: [8] Undefined index: username /home/www/hqjhc/backend/Runtime/Cache/Funds/2327a953fb7e79643a3a06745e876629.php 第 609 行.
NOTIC: [8] Undefined index: examount /home/www/hqjhc/backend/Runtime/Cache/Funds/2327a953fb7e79643a3a06745e876629.php 第 611 行.
NOTIC: [8] Undefined index: username /home/www/hqjhc/backend/Runtime/Cache/Funds/2327a953fb7e79643a3a06745e876629.php 第 609 行.
NOTIC: [8] Undefined index: examount /home/www/hqjhc/backend/Runtime/Cache/Funds/2327a953fb7e79643a3a06745e876629.php 第 611 行.
NOTIC: [8] Undefined index: username /home/www/hqjhc/backend/Runtime/Cache/Funds/2327a953fb7e79643a3a06745e876629.php 第 609 行.
NOTIC: [8] Undefined index: examount /home/www/hqjhc/backend/Runtime/Cache/Funds/2327a953fb7e79643a3a06745e876629.php 第 611 行.
NOTIC: [8] Undefined index: username /home/www/hqjhc/backend/Runtime/Cache/Funds/2327a953fb7e79643a3a06745e876629.php 第 609 行.
NOTIC: [8] Undefined index: examount /home/www/hqjhc/backend/Runtime/Cache/Funds/2327a953fb7e79643a3a06745e876629.php 第 611 行.
NOTIC: [8] Undefined index: username /home/www/hqjhc/backend/Runtime/Cache/Funds/2327a953fb7e79643a3a06745e876629.php 第 609 行.
NOTIC: [8] Undefined index: examount /home/www/hqjhc/backend/Runtime/Cache/Funds/2327a953fb7e79643a3a06745e876629.php 第 611 行.
NOTIC: [8] Undefined index: username /home/www/hqjhc/backend/Runtime/Cache/Funds/2327a953fb7e79643a3a06745e876629.php 第 609 行.
NOTIC: [8] Undefined index: examount /home/www/hqjhc/backend/Runtime/Cache/Funds/2327a953fb7e79643a3a06745e876629.php 第 611 行.
NOTIC: [8] Undefined index: username /home/www/hqjhc/backend/Runtime/Cache/Funds/2327a953fb7e79643a3a06745e876629.php 第 609 行.
NOTIC: [8] Undefined index: examount /home/www/hqjhc/backend/Runtime/Cache/Funds/2327a953fb7e79643a3a06745e876629.php 第 611 行.
NOTIC: [8] Undefined index: username /home/www/hqjhc/backend/Runtime/Cache/Funds/2327a953fb7e79643a3a06745e876629.php 第 609 行.
NOTIC: [8] Undefined index: examount /home/www/hqjhc/backend/Runtime/Cache/Funds/2327a953fb7e79643a3a06745e876629.php 第 611 行.
NOTIC: [8] Undefined index: username /home/www/hqjhc/backend/Runtime/Cache/Funds/2327a953fb7e79643a3a06745e876629.php 第 609 行.
NOTIC: [8] Undefined index: examount /home/www/hqjhc/backend/Runtime/Cache/Funds/2327a953fb7e79643a3a06745e876629.php 第 611 行.
INFO: Run Behavior\ParseTemplateBehavior [ RunTime:0.006680s ]
INFO: [ view_parse ] --END-- [ RunTime:0.006694s ]
INFO: [ view_filter ] --START--
INFO: Run Behavior\WriteHtmlCacheBehavior [ RunTime:0.000071s ]
INFO: [ view_filter ] --END-- [ RunTime:0.000081s ]
INFO: [ app_end ] --START--
INFO: Run Behavior\ShowPageTraceBehavior [ RunTime:0.000241s ]
INFO: [ app_end ] --END-- [ RunTime:0.000255s ]

[ 2017-12-02T16:24:12+08:00 ] 101.81.120.60 /admin.php/Funds/Userslogsmoneys/getentrance.html
INFO: [ app_init ] --START--
INFO: Run Behavior\BuildLiteBehavior [ RunTime:0.000006s ]
INFO: [ app_init ] --END-- [ RunTime:0.000152s ]
INFO: [ app_begin ] --START--
INFO: Run Behavior\ReadHtmlCacheBehavior [ RunTime:0.000210s ]
INFO: [ app_begin ] --END-- [ RunTime:0.000226s ]
NOTIC: [8] A session had already been started - ignoring session_start() /home/www/hqjhc/ThinkPHP/Common/functions.php 第 1263 行.
SQL: SHOW COLUMNS FROM `hqjhc_staffs` [ RunTime:0.0005s ]
SQL: SHOW COLUMNS FROM `hqjhc_staffs` [ RunTime:0.0004s ]
SQL: SELECT * FROM `hqjhc_staffs` WHERE `stffid` = 6 LIMIT 1   [ RunTime:0.0002s ]
SQL: SHOW COLUMNS FROM `hqjhc_logs_recharge` [ RunTime:0.0003s ]
SQL: SELECT COUNT(*) AS tp_count FROM `hqjhc_logs_recharge` LIMIT 1   [ RunTime:0.0001s ]
SQL: SELECT * FROM `hqjhc_logs_recharge` ORDER BY `log_rechargeid` desc LIMIT 0,15   [ RunTime:0.0002s ]
SQL: SHOW COLUMNS FROM `hqjhc_users` [ RunTime:0.0004s ]
SQL: SELECT * FROM `hqjhc_users` WHERE `userid` = 24 LIMIT 1   [ RunTime:0.0002s ]
SQL: SELECT * FROM `hqjhc_users` WHERE `userid` = null LIMIT 1   [ RunTime:0.0001s ]
SQL: SELECT * FROM `hqjhc_users` WHERE `userid` = 4 LIMIT 1   [ RunTime:0.0001s ]
SQL: SELECT * FROM `hqjhc_users` WHERE `userid` = 14 LIMIT 1   [ RunTime:0.0002s ]
SQL: SELECT * FROM `hqjhc_users` WHERE `userid` = 14 LIMIT 1   [ RunTime:0.0001s ]
SQL: SELECT * FROM `hqjhc_users` WHERE `userid` = 14 LIMIT 1   [ RunTime:0.0001s ]
SQL: SELECT * FROM `hqjhc_users` WHERE `userid` = 14 LIMIT 1   [ RunTime:0.0001s ]
SQL: SELECT * FROM `hqjhc_users` WHERE `userid` = 14 LIMIT 1   [ RunTime:0.0002s ]
SQL: SELECT * FROM `hqjhc_users` WHERE `userid` = 14 LIMIT 1   [ RunTime:0.0001s ]
SQL: SELECT * FROM `hqjhc_users` WHERE `userid` = 14 LIMIT 1   [ RunTime:0.0001s ]
SQL: SELECT * FROM `hqjhc_users` WHERE `userid` = 14 LIMIT 1   [ RunTime:0.0001s ]
SQL: SELECT * FROM `hqjhc_users` WHERE `userid` = 22 LIMIT 1   [ RunTime:0.0001s ]
SQL: SELECT * FROM `hqjhc_users` WHERE `userid` = null LIMIT 1   [ RunTime:0.0001s ]
SQL: SELECT * FROM `hqjhc_users` WHERE `userid` = 14 LIMIT 1   [ RunTime:0.0001s ]
SQL: SELECT * FROM `hqjhc_users` WHERE `userid` = null LIMIT 1   [ RunTime:0.0001s ]
INFO: [ view_parse ] --START--
INFO: [ template_filter ] --START--
INFO: Run Behavior\ContentReplaceBehavior [ RunTime:0.000071s ]
INFO: [ template_filter ] --END-- [ RunTime:0.000086s ]
NOTIC: [8] Undefined property: Think\Storage\Driver\File::$_data /home/www/hqjhc/backend/Runtime/Cache/Funds/e34b7cabf66aa73bba7b2c37a20b3bb9.php 第 244 行.
INFO: Run Behavior\ParseTemplateBehavior [ RunTime:0.007022s ]
INFO: [ view_parse ] --END-- [ RunTime:0.007035s ]
INFO: [ view_filter ] --START--
INFO: Run Behavior\WriteHtmlCacheBehavior [ RunTime:0.000071s ]
INFO: [ view_filter ] --END-- [ RunTime:0.000082s ]
INFO: [ app_end ] --START--
INFO: Run Behavior\ShowPageTraceBehavior [ RunTime:0.000225s ]
INFO: [ app_end ] --END-- [ RunTime:0.000239s ]

[ 2017-12-02T16:24:15+08:00 ] 101.81.120.60 /admin.php/Funds/Userslogsmoneys/getentrance/p/2.html
INFO: [ app_init ] --START--
INFO: Run Behavior\BuildLiteBehavior [ RunTime:0.000005s ]
INFO: [ app_init ] --END-- [ RunTime:0.000152s ]
INFO: [ app_begin ] --START--
INFO: Run Behavior\ReadHtmlCacheBehavior [ RunTime:0.000196s ]
INFO: [ app_begin ] --END-- [ RunTime:0.000211s ]
NOTIC: [8] A session had already been started - ignoring session_start() /home/www/hqjhc/ThinkPHP/Common/functions.php 第 1263 行.
SQL: SHOW COLUMNS FROM `hqjhc_staffs` [ RunTime:0.0005s ]
SQL: SHOW COLUMNS FROM `hqjhc_staffs` [ RunTime:0.0004s ]
SQL: SELECT * FROM `hqjhc_staffs` WHERE `stffid` = 6 LIMIT 1   [ RunTime:0.0002s ]
SQL: SHOW COLUMNS FROM `hqjhc_users` [ RunTime:0.0004s ]
SQL: SELECT * FROM `hqjhc_users` WHERE `loginName` = '' LIMIT 1   [ RunTime:0.0003s ]
SQL: SHOW COLUMNS FROM `hqjhc_logs_recharge` [ RunTime:0.0003s ]
SQL: SELECT COUNT(*) AS tp_count FROM `hqjhc_logs_recharge` WHERE `createTime` > '' LIMIT 1   [ RunTime:0.0002s ]
SQL: SELECT * FROM `hqjhc_logs_recharge` WHERE `createTime` > '' ORDER BY `log_rechargeid` desc LIMIT 15,15   [ RunTime:0.0002s ]
SQL: SELECT * FROM `hqjhc_users` WHERE `userid` = null LIMIT 1   [ RunTime:0.0001s ]
SQL: SELECT * FROM `hqjhc_users` WHERE `userid` = null LIMIT 1   [ RunTime:0.0001s ]
SQL: SELECT * FROM `hqjhc_users` WHERE `userid` = null LIMIT 1   [ RunTime:0.0001s ]
SQL: SELECT * FROM `hqjhc_users` WHERE `userid` = 14 LIMIT 1   [ RunTime:0.0002s ]
SQL: SELECT * FROM `hqjhc_users` WHERE `userid` = 14 LIMIT 1   [ RunTime:0.0002s ]
SQL: SELECT * FROM `hqjhc_users` WHERE `userid` = 14 LIMIT 1   [ RunTime:0.0001s ]
SQL: SELECT * FROM `hqjhc_users` WHERE `userid` = 14 LIMIT 1   [ RunTime:0.0001s ]
SQL: SELECT * FROM `hqjhc_users` WHERE `userid` = 2 LIMIT 1   [ RunTime:0.0001s ]
SQL: SELECT * FROM `hqjhc_users` WHERE `userid` = 10 LIMIT 1   [ RunTime:0.0002s ]
SQL: SELECT * FROM `hqjhc_users` WHERE `userid` = 2 LIMIT 1   [ RunTime:0.0002s ]
SQL: SELECT * FROM `hqjhc_users` WHERE `userid` = 2 LIMIT 1   [ RunTime:0.0001s ]
SQL: SELECT * FROM `hqjhc_users` WHERE `userid` = 2 LIMIT 1   [ RunTime:0.0001s ]
SQL: SELECT * FROM `hqjhc_users` WHERE `userid` = 2 LIMIT 1   [ RunTime:0.0001s ]
SQL: SELECT * FROM `hqjhc_users` WHERE `userid` = 2 LIMIT 1   [ RunTime:0.0002s ]
SQL: SELECT * FROM `hqjhc_users` WHERE `userid` = 2 LIMIT 1   [ RunTime:0.0001s ]
INFO: [ view_parse ] --START--
INFO: [ template_filter ] --START--
INFO: Run Behavior\ContentReplaceBehavior [ RunTime:0.000074s ]
INFO: [ template_filter ] --END-- [ RunTime:0.000090s ]
NOTIC: [8] Undefined property: Think\Storage\Driver\File::$_data /home/www/hqjhc/backend/Runtime/Cache/Funds/e34b7cabf66aa73bba7b2c37a20b3bb9.php 第 244 行.
INFO: Run Behavior\ParseTemplateBehavior [ RunTime:0.007055s ]
INFO: [ view_parse ] --END-- [ RunTime:0.007069s ]
INFO: [ view_filter ] --START--
INFO: Run Behavior\WriteHtmlCacheBehavior [ RunTime:0.000072s ]
INFO: [ view_filter ] --END-- [ RunTime:0.000082s ]
INFO: [ app_end ] --START--
INFO: Run Behavior\ShowPageTraceBehavior [ RunTime:0.000231s ]
INFO: [ app_end ] --END-- [ RunTime:0.000245s ]

[ 2017-12-02T16:24:17+08:00 ] 101.81.120.60 /admin.php/Funds/Userslogsmoneys/getentrance/p/3.html
INFO: [ app_init ] --START--
INFO: Run Behavior\BuildLiteBehavior [ RunTime:0.000006s ]
INFO: [ app_init ] --END-- [ RunTime:0.000151s ]
INFO: [ app_begin ] --START--
INFO: Run Behavior\ReadHtmlCacheBehavior [ RunTime:0.000196s ]
INFO: [ app_begin ] --END-- [ RunTime:0.000212s ]
NOTIC: [8] A session had already been started - ignoring session_start() /home/www/hqjhc/ThinkPHP/Common/functions.php 第 1263 行.
SQL: SHOW COLUMNS FROM `hqjhc_staffs` [ RunTime:0.0005s ]
SQL: SHOW COLUMNS FROM `hqjhc_staffs` [ RunTime:0.0004s ]
SQL: SELECT * FROM `hqjhc_staffs` WHERE `stffid` = 6 LIMIT 1   [ RunTime:0.0002s ]
SQL: SHOW COLUMNS FROM `hqjhc_users` [ RunTime:0.0004s ]
SQL: SELECT * FROM `hqjhc_users` WHERE `loginName` = '' LIMIT 1   [ RunTime:0.0002s ]
SQL: SHOW COLUMNS FROM `hqjhc_logs_recharge` [ RunTime:0.0003s ]
SQL: SELECT COUNT(*) AS tp_count FROM `hqjhc_logs_recharge` WHERE `createTime` > '' LIMIT 1   [ RunTime:0.0002s ]
SQL: SELECT * FROM `hqjhc_logs_recharge` WHERE `createTime` > '' ORDER BY `log_rechargeid` desc LIMIT 30,15   [ RunTime:0.0002s ]
SQL: SELECT * FROM `hqjhc_users` WHERE `userid` = 7 LIMIT 1   [ RunTime:0.0002s ]
SQL: SELECT * FROM `hqjhc_users` WHERE `userid` = 2 LIMIT 1   [ RunTime:0.0002s ]
INFO: [ view_parse ] --START--
INFO: [ template_filter ] --START--
INFO: Run Behavior\ContentReplaceBehavior [ RunTime:0.000079s ]
INFO: [ template_filter ] --END-- [ RunTime:0.000095s ]
NOTIC: [8] Undefined property: Think\Storage\Driver\File::$_data /home/www/hqjhc/backend/Runtime/Cache/Funds/e34b7cabf66aa73bba7b2c37a20b3bb9.php 第 244 行.
INFO: Run Behavior\ParseTemplateBehavior [ RunTime:0.006469s ]
INFO: [ view_parse ] --END-- [ RunTime:0.006482s ]
INFO: [ view_filter ] --START--
INFO: Run Behavior\WriteHtmlCacheBehavior [ RunTime:0.000082s ]
INFO: [ view_filter ] --END-- [ RunTime:0.000094s ]
INFO: [ app_end ] --START--
INFO: Run Behavior\ShowPageTraceBehavior [ RunTime:0.000235s ]
INFO: [ app_end ] --END-- [ RunTime:0.000249s ]

[ 2017-12-02T16:24:19+08:00 ] 101.81.120.60 /admin.php/Funds/Recharge/index.html
INFO: [ app_init ] --START--
INFO: Run Behavior\BuildLiteBehavior [ RunTime:0.000007s ]
INFO: [ app_init ] --END-- [ RunTime:0.000171s ]
INFO: [ app_begin ] --START--
INFO: Run Behavior\ReadHtmlCacheBehavior [ RunTime:0.000234s ]
INFO: [ app_begin ] --END-- [ RunTime:0.000252s ]
NOTIC: [8] A session had already been started - ignoring session_start() /home/www/hqjhc/ThinkPHP/Common/functions.php 第 1263 行.
SQL: SHOW COLUMNS FROM `hqjhc_staffs` [ RunTime:0.0005s ]
SQL: SHOW COLUMNS FROM `hqjhc_staffs` [ RunTime:0.0004s ]
SQL: SELECT * FROM `hqjhc_staffs` WHERE `stffid` = 6 LIMIT 1   [ RunTime:0.0002s ]
SQL: SHOW COLUMNS FROM `hqjhc_recharge` [ RunTime:0.0003s ]
SQL: SELECT COUNT(*) AS tp_count FROM `hqjhc_recharge` WHERE `dataFlag` = 0 LIMIT 1   [ RunTime:0.0002s ]
SQL: SELECT * FROM `hqjhc_recharge` WHERE `dataFlag` = 0 ORDER BY `rechargeid` desc LIMIT 0,15   [ RunTime:0.0002s ]
NOTIC: [8] Undefined index: createstaffid /home/www/hqjhc/backend/Funds/Controller/RechargeController.class.php 第 45 行.
SQL: SHOW COLUMNS FROM `hqjhc_users` [ RunTime:0.0004s ]
SQL: SELECT * FROM `hqjhc_users` WHERE `userid` = 24 LIMIT 1   [ RunTime:0.0002s ]
NOTIC: [8] Undefined index: createstaffid /home/www/hqjhc/backend/Funds/Controller/RechargeController.class.php 第 45 行.
SQL: SELECT * FROM `hqjhc_users` WHERE `userid` = 24 LIMIT 1   [ RunTime:0.0002s ]
NOTIC: [8] Undefined index: createstaffid /home/www/hqjhc/backend/Funds/Controller/RechargeController.class.php 第 45 行.
SQL: SELECT * FROM `hqjhc_users` WHERE `userid` = 24 LIMIT 1   [ RunTime:0.0001s ]
NOTIC: [8] Undefined index: createstaffid /home/www/hqjhc/backend/Funds/Controller/RechargeController.class.php 第 45 行.
SQL: SELECT * FROM `hqjhc_users` WHERE `userid` = 24 LIMIT 1   [ RunTime:0.0002s ]
NOTIC: [8] Undefined index: createstaffid /home/www/hqjhc/backend/Funds/Controller/RechargeController.class.php 第 45 行.
SQL: SELECT * FROM `hqjhc_users` WHERE `userid` = 24 LIMIT 1   [ RunTime:0.0002s ]
NOTIC: [8] Undefined index: createstaffid /home/www/hqjhc/backend/Funds/Controller/RechargeController.class.php 第 45 行.
SQL: SELECT * FROM `hqjhc_users` WHERE `userid` = 24 LIMIT 1   [ RunTime:0.0001s ]
NOTIC: [8] Undefined index: createstaffid /home/www/hqjhc/backend/Funds/Controller/RechargeController.class.php 第 45 行.
SQL: SELECT * FROM `hqjhc_users` WHERE `userid` = 24 LIMIT 1   [ RunTime:0.0001s ]
NOTIC: [8] Undefined index: createstaffid /home/www/hqjhc/backend/Funds/Controller/RechargeController.class.php 第 45 行.
SQL: SELECT * FROM `hqjhc_users` WHERE `userid` = 24 LIMIT 1   [ RunTime:0.0001s ]
NOTIC: [8] Undefined index: createstaffid /home/www/hqjhc/backend/Funds/Controller/RechargeController.class.php 第 45 行.
SQL: SELECT * FROM `hqjhc_users` WHERE `userid` = null LIMIT 1   [ RunTime:0.0001s ]
NOTIC: [8] Undefined index: createstaffid /home/www/hqjhc/backend/Funds/Controller/RechargeController.class.php 第 45 行.
SQL: SELECT * FROM `hqjhc_users` WHERE `userid` = 4 LIMIT 1   [ RunTime:0.0002s ]
NOTIC: [8] Undefined index: createstaffid /home/www/hqjhc/backend/Funds/Controller/RechargeController.class.php 第 45 行.
SQL: SELECT * FROM `hqjhc_users` WHERE `userid` = 14 LIMIT 1   [ RunTime:0.0001s ]
NOTIC: [8] Undefined index: createstaffid /home/www/hqjhc/backend/Funds/Controller/RechargeController.class.php 第 45 行.
SQL: SELECT * FROM `hqjhc_users` WHERE `userid` = 14 LIMIT 1   [ RunTime:0.0001s ]
NOTIC: [8] Undefined index: createstaffid /home/www/hqjhc/backend/Funds/Controller/RechargeController.class.php 第 45 行.
SQL: SELECT * FROM `hqjhc_users` WHERE `userid` = 14 LIMIT 1   [ RunTime:0.0001s ]
NOTIC: [8] Undefined index: createstaffid /home/www/hqjhc/backend/Funds/Controller/RechargeController.class.php 第 45 行.
SQL: SELECT * FROM `hqjhc_users` WHERE `userid` = 14 LIMIT 1   [ RunTime:0.0001s ]
NOTIC: [8] Undefined index: createstaffid /home/www/hqjhc/backend/Funds/Controller/RechargeController.class.php 第 45 行.
SQL: SELECT * FROM `hqjhc_users` WHERE `userid` = 14 LIMIT 1   [ RunTime:0.0002s ]
INFO: [ view_parse ] --START--
INFO: [ template_filter ] --START--
INFO: Run Behavior\ContentReplaceBehavior [ RunTime:0.000082s ]
INFO: [ template_filter ] --END-- [ RunTime:0.000097s ]
NOTIC: [8] Undefined property: Think\Storage\Driver\File::$_data /home/www/hqjhc/backend/Runtime/Cache/Funds/5e8409fde3d229100bf44885de0a7dbf.php 第 244 行.
INFO: Run Behavior\ParseTemplateBehavior [ RunTime:0.006625s ]
INFO: [ view_parse ] --END-- [ RunTime:0.006639s ]
INFO: [ view_filter ] --START--
INFO: Run Behavior\WriteHtmlCacheBehavior [ RunTime:0.000071s ]
INFO: [ view_filter ] --END-- [ RunTime:0.000081s ]
INFO: [ app_end ] --START--
INFO: Run Behavior\ShowPageTraceBehavior [ RunTime:0.000234s ]
INFO: [ app_end ] --END-- [ RunTime:0.000248s ]

[ 2017-12-02T16:24:24+08:00 ] 101.81.120.60 /admin.php/Funds/Ordersettlement/index.html
INFO: [ app_init ] --START--
INFO: Run Behavior\BuildLiteBehavior [ RunTime:0.000006s ]
INFO: [ app_init ] --END-- [ RunTime:0.000151s ]
INFO: [ app_begin ] --START--
INFO: Run Behavior\ReadHtmlCacheBehavior [ RunTime:0.000218s ]
INFO: [ app_begin ] --END-- [ RunTime:0.000233s ]
NOTIC: [8] A session had already been started - ignoring session_start() /home/www/hqjhc/ThinkPHP/Common/functions.php 第 1263 行.
SQL: SHOW COLUMNS FROM `hqjhc_staffs` [ RunTime:0.0005s ]
SQL: SHOW COLUMNS FROM `hqjhc_staffs` [ RunTime:0.0004s ]
SQL: SELECT * FROM `hqjhc_staffs` WHERE `stffid` = 6 LIMIT 1   [ RunTime:0.0002s ]
SQL: SHOW COLUMNS FROM `hqjhc_order_settlement` [ RunTime:0.0003s ]
SQL: SELECT COUNT(*) AS tp_count FROM `hqjhc_order_settlement` WHERE `dataFlag` = 0 LIMIT 1   [ RunTime:0.0002s ]
SQL: SELECT * FROM `hqjhc_order_settlement` WHERE `dataFlag` = 0 ORDER BY `ordersettleid` desc LIMIT 0,15   [ RunTime:0.0002s ]
INFO: [ view_parse ] --START--
INFO: [ template_filter ] --START--
INFO: Run Behavior\ContentReplaceBehavior [ RunTime:0.000072s ]
INFO: [ template_filter ] --END-- [ RunTime:0.000087s ]
NOTIC: [8] Undefined property: Think\Storage\Driver\File::$_data /home/www/hqjhc/backend/Runtime/Cache/Funds/2327a953fb7e79643a3a06745e876629.php 第 244 行.
NOTIC: [8] Undefined index: username /home/www/hqjhc/backend/Runtime/Cache/Funds/2327a953fb7e79643a3a06745e876629.php 第 609 行.
NOTIC: [8] Undefined index: examount /home/www/hqjhc/backend/Runtime/Cache/Funds/2327a953fb7e79643a3a06745e876629.php 第 611 行.
NOTIC: [8] Undefined index: username /home/www/hqjhc/backend/Runtime/Cache/Funds/2327a953fb7e79643a3a06745e876629.php 第 609 行.
NOTIC: [8] Undefined index: examount /home/www/hqjhc/backend/Runtime/Cache/Funds/2327a953fb7e79643a3a06745e876629.php 第 611 行.
NOTIC: [8] Undefined index: username /home/www/hqjhc/backend/Runtime/Cache/Funds/2327a953fb7e79643a3a06745e876629.php 第 609 行.
NOTIC: [8] Undefined index: examount /home/www/hqjhc/backend/Runtime/Cache/Funds/2327a953fb7e79643a3a06745e876629.php 第 611 行.
NOTIC: [8] Undefined index: username /home/www/hqjhc/backend/Runtime/Cache/Funds/2327a953fb7e79643a3a06745e876629.php 第 609 行.
NOTIC: [8] Undefined index: examount /home/www/hqjhc/backend/Runtime/Cache/Funds/2327a953fb7e79643a3a06745e876629.php 第 611 行.
NOTIC: [8] Undefined index: username /home/www/hqjhc/backend/Runtime/Cache/Funds/2327a953fb7e79643a3a06745e876629.php 第 609 行.
NOTIC: [8] Undefined index: examount /home/www/hqjhc/backend/Runtime/Cache/Funds/2327a953fb7e79643a3a06745e876629.php 第 611 行.
NOTIC: [8] Undefined index: username /home/www/hqjhc/backend/Runtime/Cache/Funds/2327a953fb7e79643a3a06745e876629.php 第 609 行.
NOTIC: [8] Undefined index: examount /home/www/hqjhc/backend/Runtime/Cache/Funds/2327a953fb7e79643a3a06745e876629.php 第 611 行.
NOTIC: [8] Undefined index: username /home/www/hqjhc/backend/Runtime/Cache/Funds/2327a953fb7e79643a3a06745e876629.php 第 609 行.
NOTIC: [8] Undefined index: examount /home/www/hqjhc/backend/Runtime/Cache/Funds/2327a953fb7e79643a3a06745e876629.php 第 611 行.
NOTIC: [8] Undefined index: username /home/www/hqjhc/backend/Runtime/Cache/Funds/2327a953fb7e79643a3a06745e876629.php 第 609 行.
NOTIC: [8] Undefined index: examount /home/www/hqjhc/backend/Runtime/Cache/Funds/2327a953fb7e79643a3a06745e876629.php 第 611 行.
NOTIC: [8] Undefined index: username /home/www/hqjhc/backend/Runtime/Cache/Funds/2327a953fb7e79643a3a06745e876629.php 第 609 行.
NOTIC: [8] Undefined index: examount /home/www/hqjhc/backend/Runtime/Cache/Funds/2327a953fb7e79643a3a06745e876629.php 第 611 行.
NOTIC: [8] Undefined index: username /home/www/hqjhc/backend/Runtime/Cache/Funds/2327a953fb7e79643a3a06745e876629.php 第 609 行.
NOTIC: [8] Undefined index: examount /home/www/hqjhc/backend/Runtime/Cache/Funds/2327a953fb7e79643a3a06745e876629.php 第 611 行.
NOTIC: [8] Undefined index: username /home/www/hqjhc/backend/Runtime/Cache/Funds/2327a953fb7e79643a3a06745e876629.php 第 609 行.
NOTIC: [8] Undefined index: examount /home/www/hqjhc/backend/Runtime/Cache/Funds/2327a953fb7e79643a3a06745e876629.php 第 611 行.
NOTIC: [8] Undefined index: username /home/www/hqjhc/backend/Runtime/Cache/Funds/2327a953fb7e79643a3a06745e876629.php 第 609 行.
NOTIC: [8] Undefined index: examount /home/www/hqjhc/backend/Runtime/Cache/Funds/2327a953fb7e79643a3a06745e876629.php 第 611 行.
NOTIC: [8] Undefined index: username /home/www/hqjhc/backend/Runtime/Cache/Funds/2327a953fb7e79643a3a06745e876629.php 第 609 行.
NOTIC: [8] Undefined index: examount /home/www/hqjhc/backend/Runtime/Cache/Funds/2327a953fb7e79643a3a06745e876629.php 第 611 行.
NOTIC: [8] Undefined index: username /home/www/hqjhc/backend/Runtime/Cache/Funds/2327a953fb7e79643a3a06745e876629.php 第 609 行.
NOTIC: [8] Undefined index: examount /home/www/hqjhc/backend/Runtime/Cache/Funds/2327a953fb7e79643a3a06745e876629.php 第 611 行.
NOTIC: [8] Undefined index: username /home/www/hqjhc/backend/Runtime/Cache/Funds/2327a953fb7e79643a3a06745e876629.php 第 609 行.
NOTIC: [8] Undefined index: examount /home/www/hqjhc/backend/Runtime/Cache/Funds/2327a953fb7e79643a3a06745e876629.php 第 611 行.
INFO: Run Behavior\ParseTemplateBehavior [ RunTime:0.007148s ]
INFO: [ view_parse ] --END-- [ RunTime:0.007160s ]
INFO: [ view_filter ] --START--
INFO: Run Behavior\WriteHtmlCacheBehavior [ RunTime:0.000082s ]
INFO: [ view_filter ] --END-- [ RunTime:0.000092s ]
INFO: [ app_end ] --START--
INFO: Run Behavior\ShowPageTraceBehavior [ RunTime:0.000236s ]
INFO: [ app_end ] --END-- [ RunTime:0.000249s ]

[ 2017-12-02T16:24:25+08:00 ] 101.226.102.97 /admin.php/Funds/Userslogsmoneys/getentrance/p/2.html
INFO: [ app_init ] --START--
INFO: Run Behavior\BuildLiteBehavior [ RunTime:0.000015s ]
INFO: [ app_init ] --END-- [ RunTime:0.000180s ]
INFO: [ app_begin ] --START--
INFO: Run Behavior\ReadHtmlCacheBehavior [ RunTime:0.000224s ]
INFO: [ app_begin ] --END-- [ RunTime:0.000241s ]
NOTIC: [8] A session had already been started - ignoring session_start() /home/www/hqjhc/ThinkPHP/Common/functions.php 第 1263 行.
SQL: SHOW COLUMNS FROM `hqjhc_staffs` [ RunTime:0.0005s ]

[ 2017-12-02T16:24:28+08:00 ] 180.153.160.61 /admin.php/Funds/Userslogsmoneys/getentrance/p/3.html
INFO: [ app_init ] --START--
INFO: Run Behavior\BuildLiteBehavior [ RunTime:0.000006s ]
INFO: [ app_init ] --END-- [ RunTime:0.000165s ]
INFO: [ app_begin ] --START--
INFO: Run Behavior\ReadHtmlCacheBehavior [ RunTime:0.000204s ]
INFO: [ app_begin ] --END-- [ RunTime:0.000219s ]
NOTIC: [8] A session had already been started - ignoring session_start() /home/www/hqjhc/ThinkPHP/Common/functions.php 第 1263 行.
SQL: SHOW COLUMNS FROM `hqjhc_staffs` [ RunTime:0.0005s ]

[ 2017-12-02T16:24:32+08:00 ] 101.81.120.60 /admin.php/Funds/Ordersettlement/index/p/2.html
INFO: [ app_init ] --START--
INFO: Run Behavior\BuildLiteBehavior [ RunTime:0.000006s ]
INFO: [ app_init ] --END-- [ RunTime:0.000169s ]
INFO: [ app_begin ] --START--
INFO: Run Behavior\ReadHtmlCacheBehavior [ RunTime:0.000221s ]
INFO: [ app_begin ] --END-- [ RunTime:0.000238s ]
NOTIC: [8] A session had already been started - ignoring session_start() /home/www/hqjhc/ThinkPHP/Common/functions.php 第 1263 行.
SQL: SHOW COLUMNS FROM `hqjhc_staffs` [ RunTime:0.0005s ]
SQL: SHOW COLUMNS FROM `hqjhc_staffs` [ RunTime:0.0004s ]
SQL: SELECT * FROM `hqjhc_staffs` WHERE `stffid` = 6 LIMIT 1   [ RunTime:0.0002s ]
SQL: SHOW COLUMNS FROM `hqjhc_order_settlement` [ RunTime:0.0004s ]
SQL: SELECT COUNT(*) AS tp_count FROM `hqjhc_order_settlement` WHERE `dataFlag` = 0 LIMIT 1   [ RunTime:0.0002s ]
SQL: SELECT * FROM `hqjhc_order_settlement` WHERE `dataFlag` = 0 ORDER BY `ordersettleid` desc LIMIT 15,15   [ RunTime:0.0002s ]
INFO: [ view_parse ] --START--
INFO: [ template_filter ] --START--
INFO: Run Behavior\ContentReplaceBehavior [ RunTime:0.000072s ]
INFO: [ template_filter ] --END-- [ RunTime:0.000086s ]
NOTIC: [8] Undefined property: Think\Storage\Driver\File::$_data /home/www/hqjhc/backend/Runtime/Cache/Funds/2327a953fb7e79643a3a06745e876629.php 第 244 行.
NOTIC: [8] Undefined index: username /home/www/hqjhc/backend/Runtime/Cache/Funds/2327a953fb7e79643a3a06745e876629.php 第 609 行.
NOTIC: [8] Undefined index: examount /home/www/hqjhc/backend/Runtime/Cache/Funds/2327a953fb7e79643a3a06745e876629.php 第 611 行.
NOTIC: [8] Undefined index: username /home/www/hqjhc/backend/Runtime/Cache/Funds/2327a953fb7e79643a3a06745e876629.php 第 609 行.
NOTIC: [8] Undefined index: examount /home/www/hqjhc/backend/Runtime/Cache/Funds/2327a953fb7e79643a3a06745e876629.php 第 611 行.
NOTIC: [8] Undefined index: username /home/www/hqjhc/backend/Runtime/Cache/Funds/2327a953fb7e79643a3a06745e876629.php 第 609 行.
NOTIC: [8] Undefined index: examount /home/www/hqjhc/backend/Runtime/Cache/Funds/2327a953fb7e79643a3a06745e876629.php 第 611 行.
NOTIC: [8] Undefined index: username /home/www/hqjhc/backend/Runtime/Cache/Funds/2327a953fb7e79643a3a06745e876629.php 第 609 行.
NOTIC: [8] Undefined index: examount /home/www/hqjhc/backend/Runtime/Cache/Funds/2327a953fb7e79643a3a06745e876629.php 第 611 行.
NOTIC: [8] Undefined index: username /home/www/hqjhc/backend/Runtime/Cache/Funds/2327a953fb7e79643a3a06745e876629.php 第 609 行.
NOTIC: [8] Undefined index: examount /home/www/hqjhc/backend/Runtime/Cache/Funds/2327a953fb7e79643a3a06745e876629.php 第 611 行.
NOTIC: [8] Undefined index: username /home/www/hqjhc/backend/Runtime/Cache/Funds/2327a953fb7e79643a3a06745e876629.php 第 609 行.
NOTIC: [8] Undefined index: examount /home/www/hqjhc/backend/Runtime/Cache/Funds/2327a953fb7e79643a3a06745e876629.php 第 611 行.
NOTIC: [8] Undefined index: username /home/www/hqjhc/backend/Runtime/Cache/Funds/2327a953fb7e79643a3a06745e876629.php 第 609 行.
NOTIC: [8] Undefined index: examount /home/www/hqjhc/backend/Runtime/Cache/Funds/2327a953fb7e79643a3a06745e876629.php 第 611 行.
NOTIC: [8] Undefined index: username /home/www/hqjhc/backend/Runtime/Cache/Funds/2327a953fb7e79643a3a06745e876629.php 第 609 行.
NOTIC: [8] Undefined index: examount /home/www/hqjhc/backend/Runtime/Cache/Funds/2327a953fb7e79643a3a06745e876629.php 第 611 行.
NOTIC: [8] Undefined index: username /home/www/hqjhc/backend/Runtime/Cache/Funds/2327a953fb7e79643a3a06745e876629.php 第 609 行.
NOTIC: [8] Undefined index: examount /home/www/hqjhc/backend/Runtime/Cache/Funds/2327a953fb7e79643a3a06745e876629.php 第 611 行.
NOTIC: [8] Undefined index: username /home/www/hqjhc/backend/Runtime/Cache/Funds/2327a953fb7e79643a3a06745e876629.php 第 609 行.
NOTIC: [8] Undefined index: examount /home/www/hqjhc/backend/Runtime/Cache/Funds/2327a953fb7e79643a3a06745e876629.php 第 611 行.
NOTIC: [8] Undefined index: username /home/www/hqjhc/backend/Runtime/Cache/Funds/2327a953fb7e79643a3a06745e876629.php 第 609 行.
NOTIC: [8] Undefined index: examount /home/www/hqjhc/backend/Runtime/Cache/Funds/2327a953fb7e79643a3a06745e876629.php 第 611 行.
NOTIC: [8] Undefined index: username /home/www/hqjhc/backend/Runtime/Cache/Funds/2327a953fb7e79643a3a06745e876629.php 第 609 行.
NOTIC: [8] Undefined index: examount /home/www/hqjhc/backend/Runtime/Cache/Funds/2327a953fb7e79643a3a06745e876629.php 第 611 行.
NOTIC: [8] Undefined index: username /home/www/hqjhc/backend/Runtime/Cache/Funds/2327a953fb7e79643a3a06745e876629.php 第 609 行.
NOTIC: [8] Undefined index: examount /home/www/hqjhc/backend/Runtime/Cache/Funds/2327a953fb7e79643a3a06745e876629.php 第 611 行.
NOTIC: [8] Undefined index: username /home/www/hqjhc/backend/Runtime/Cache/Funds/2327a953fb7e79643a3a06745e876629.php 第 609 行.
NOTIC: [8] Undefined index: examount /home/www/hqjhc/backend/Runtime/Cache/Funds/2327a953fb7e79643a3a06745e876629.php 第 611 行.
NOTIC: [8] Undefined index: username /home/www/hqjhc/backend/Runtime/Cache/Funds/2327a953fb7e79643a3a06745e876629.php 第 609 行.
NOTIC: [8] Undefined index: examount /home/www/hqjhc/backend/Runtime/Cache/Funds/2327a953fb7e79643a3a06745e876629.php 第 611 行.
INFO: Run Behavior\ParseTemplateBehavior [ RunTime:0.007128s ]
INFO: [ view_parse ] --END-- [ RunTime:0.007142s ]
INFO: [ view_filter ] --START--
INFO: Run Behavior\WriteHtmlCacheBehavior [ RunTime:0.000077s ]
INFO: [ view_filter ] --END-- [ RunTime:0.000088s ]
INFO: [ app_end ] --START--
INFO: Run Behavior\ShowPageTraceBehavior [ RunTime:0.000223s ]
INFO: [ app_end ] --END-- [ RunTime:0.000237s ]

[ 2017-12-02T16:24:38+08:00 ] 101.81.120.60 /admin.php/Funds/Ordersettlement/index/p/1.html
INFO: [ app_init ] --START--
INFO: Run Behavior\BuildLiteBehavior [ RunTime:0.000006s ]
INFO: [ app_init ] --END-- [ RunTime:0.000172s ]
INFO: [ app_begin ] --START--
INFO: Run Behavior\ReadHtmlCacheBehavior [ RunTime:0.000221s ]
INFO: [ app_begin ] --END-- [ RunTime:0.000238s ]
NOTIC: [8] A session had already been started - ignoring session_start() /home/www/hqjhc/ThinkPHP/Common/functions.php 第 1263 行.
SQL: SHOW COLUMNS FROM `hqjhc_staffs` [ RunTime:0.0005s ]
SQL: SHOW COLUMNS FROM `hqjhc_staffs` [ RunTime:0.0004s ]
SQL: SELECT * FROM `hqjhc_staffs` WHERE `stffid` = 6 LIMIT 1   [ RunTime:0.0002s ]
SQL: SHOW COLUMNS FROM `hqjhc_order_settlement` [ RunTime:0.0004s ]
SQL: SELECT COUNT(*) AS tp_count FROM `hqjhc_order_settlement` WHERE `dataFlag` = 0 LIMIT 1   [ RunTime:0.0002s ]
SQL: SELECT * FROM `hqjhc_order_settlement` WHERE `dataFlag` = 0 ORDER BY `ordersettleid` desc LIMIT 0,15   [ RunTime:0.0002s ]
INFO: [ view_parse ] --START--
INFO: [ template_filter ] --START--
INFO: Run Behavior\ContentReplaceBehavior [ RunTime:0.000073s ]
INFO: [ template_filter ] --END-- [ RunTime:0.000087s ]
NOTIC: [8] Undefined property: Think\Storage\Driver\File::$_data /home/www/hqjhc/backend/Runtime/Cache/Funds/2327a953fb7e79643a3a06745e876629.php 第 244 行.
NOTIC: [8] Undefined index: username /home/www/hqjhc/backend/Runtime/Cache/Funds/2327a953fb7e79643a3a06745e876629.php 第 609 行.
NOTIC: [8] Undefined index: examount /home/www/hqjhc/backend/Runtime/Cache/Funds/2327a953fb7e79643a3a06745e876629.php 第 611 行.
NOTIC: [8] Undefined index: username /home/www/hqjhc/backend/Runtime/Cache/Funds/2327a953fb7e79643a3a06745e876629.php 第 609 行.
NOTIC: [8] Undefined index: examount /home/www/hqjhc/backend/Runtime/Cache/Funds/2327a953fb7e79643a3a06745e876629.php 第 611 行.
NOTIC: [8] Undefined index: username /home/www/hqjhc/backend/Runtime/Cache/Funds/2327a953fb7e79643a3a06745e876629.php 第 609 行.
NOTIC: [8] Undefined index: examount /home/www/hqjhc/backend/Runtime/Cache/Funds/2327a953fb7e79643a3a06745e876629.php 第 611 行.
NOTIC: [8] Undefined index: username /home/www/hqjhc/backend/Runtime/Cache/Funds/2327a953fb7e79643a3a06745e876629.php 第 609 行.
NOTIC: [8] Undefined index: examount /home/www/hqjhc/backend/Runtime/Cache/Funds/2327a953fb7e79643a3a06745e876629.php 第 611 行.
NOTIC: [8] Undefined index: username /home/www/hqjhc/backend/Runtime/Cache/Funds/2327a953fb7e79643a3a06745e876629.php 第 609 行.
NOTIC: [8] Undefined index: examount /home/www/hqjhc/backend/Runtime/Cache/Funds/2327a953fb7e79643a3a06745e876629.php 第 611 行.
NOTIC: [8] Undefined index: username /home/www/hqjhc/backend/Runtime/Cache/Funds/2327a953fb7e79643a3a06745e876629.php 第 609 行.
NOTIC: [8] Undefined index: examount /home/www/hqjhc/backend/Runtime/Cache/Funds/2327a953fb7e79643a3a06745e876629.php 第 611 行.
NOTIC: [8] Undefined index: username /home/www/hqjhc/backend/Runtime/Cache/Funds/2327a953fb7e79643a3a06745e876629.php 第 609 行.
NOTIC: [8] Undefined index: examount /home/www/hqjhc/backend/Runtime/Cache/Funds/2327a953fb7e79643a3a06745e876629.php 第 611 行.
NOTIC: [8] Undefined index: username /home/www/hqjhc/backend/Runtime/Cache/Funds/2327a953fb7e79643a3a06745e876629.php 第 609 行.
NOTIC: [8] Undefined index: examount /home/www/hqjhc/backend/Runtime/Cache/Funds/2327a953fb7e79643a3a06745e876629.php 第 611 行.
NOTIC: [8] Undefined index: username /home/www/hqjhc/backend/Runtime/Cache/Funds/2327a953fb7e79643a3a06745e876629.php 第 609 行.
NOTIC: [8] Undefined index: examount /home/www/hqjhc/backend/Runtime/Cache/Funds/2327a953fb7e79643a3a06745e876629.php 第 611 行.
NOTIC: [8] Undefined index: username /home/www/hqjhc/backend/Runtime/Cache/Funds/2327a953fb7e79643a3a06745e876629.php 第 609 行.
NOTIC: [8] Undefined index: examount /home/www/hqjhc/backend/Runtime/Cache/Funds/2327a953fb7e79643a3a06745e876629.php 第 611 行.
NOTIC: [8] Undefined index: username /home/www/hqjhc/backend/Runtime/Cache/Funds/2327a953fb7e79643a3a06745e876629.php 第 609 行.
NOTIC: [8] Undefined index: examount /home/www/hqjhc/backend/Runtime/Cache/Funds/2327a953fb7e79643a3a06745e876629.php 第 611 行.
NOTIC: [8] Undefined index: username /home/www/hqjhc/backend/Runtime/Cache/Funds/2327a953fb7e79643a3a06745e876629.php 第 609 行.
NOTIC: [8] Undefined index: examount /home/www/hqjhc/backend/Runtime/Cache/Funds/2327a953fb7e79643a3a06745e876629.php 第 611 行.
NOTIC: [8] Undefined index: username /home/www/hqjhc/backend/Runtime/Cache/Funds/2327a953fb7e79643a3a06745e876629.php 第 609 行.
NOTIC: [8] Undefined index: examount /home/www/hqjhc/backend/Runtime/Cache/Funds/2327a953fb7e79643a3a06745e876629.php 第 611 行.
NOTIC: [8] Undefined index: username /home/www/hqjhc/backend/Runtime/Cache/Funds/2327a953fb7e79643a3a06745e876629.php 第 609 行.
NOTIC: [8] Undefined index: examount /home/www/hqjhc/backend/Runtime/Cache/Funds/2327a953fb7e79643a3a06745e876629.php 第 611 行.
NOTIC: [8] Undefined index: username /home/www/hqjhc/backend/Runtime/Cache/Funds/2327a953fb7e79643a3a06745e876629.php 第 609 行.
NOTIC: [8] Undefined index: examount /home/www/hqjhc/backend/Runtime/Cache/Funds/2327a953fb7e79643a3a06745e876629.php 第 611 行.
INFO: Run Behavior\ParseTemplateBehavior [ RunTime:0.007136s ]
INFO: [ view_parse ] --END-- [ RunTime:0.007149s ]
INFO: [ view_filter ] --START--
INFO: Run Behavior\WriteHtmlCacheBehavior [ RunTime:0.000070s ]
INFO: [ view_filter ] --END-- [ RunTime:0.000081s ]
INFO: [ app_end ] --START--
INFO: Run Behavior\ShowPageTraceBehavior [ RunTime:0.000223s ]
INFO: [ app_end ] --END-- [ RunTime:0.000238s ]

[ 2017-12-02T16:24:42+08:00 ] 101.226.33.201 /admin.php/Funds/Ordersettlement/index/p/2.html
INFO: [ app_init ] --START--
INFO: Run Behavior\BuildLiteBehavior [ RunTime:0.000005s ]
INFO: [ app_init ] --END-- [ RunTime:0.000160s ]
INFO: [ app_begin ] --START--
INFO: Run Behavior\ReadHtmlCacheBehavior [ RunTime:0.000200s ]
INFO: [ app_begin ] --END-- [ RunTime:0.000214s ]
NOTIC: [8] A session had already been started - ignoring session_start() /home/www/hqjhc/ThinkPHP/Common/functions.php 第 1263 行.
SQL: SHOW COLUMNS FROM `hqjhc_staffs` [ RunTime:0.0005s ]

[ 2017-12-02T17:56:28+08:00 ] 101.81.120.60 /admin.php/Funds/Recharge/index.html
INFO: [ app_init ] --START--
INFO: Run Behavior\BuildLiteBehavior [ RunTime:0.000005s ]
INFO: [ app_init ] --END-- [ RunTime:0.000172s ]
INFO: [ app_begin ] --START--
INFO: Run Behavior\ReadHtmlCacheBehavior [ RunTime:0.000211s ]
INFO: [ app_begin ] --END-- [ RunTime:0.000227s ]
NOTIC: [8] A session had already been started - ignoring session_start() /home/www/hqjhc/ThinkPHP/Common/functions.php 第 1263 行.
SQL: SHOW COLUMNS FROM `hqjhc_staffs` [ RunTime:0.0005s ]
SQL: SHOW COLUMNS FROM `hqjhc_staffs` [ RunTime:0.0003s ]
SQL: SELECT * FROM `hqjhc_staffs` WHERE `stffid` = 6 LIMIT 1   [ RunTime:0.0002s ]
SQL: SHOW COLUMNS FROM `hqjhc_recharge` [ RunTime:0.0003s ]
SQL: SELECT COUNT(*) AS tp_count FROM `hqjhc_recharge` WHERE `dataFlag` = 0 LIMIT 1   [ RunTime:0.0002s ]
SQL: SELECT * FROM `hqjhc_recharge` WHERE `dataFlag` = 0 ORDER BY `rechargeid` desc LIMIT 0,15   [ RunTime:0.0002s ]
NOTIC: [8] Undefined index: createstaffid /home/www/hqjhc/backend/Funds/Controller/RechargeController.class.php 第 45 行.
SQL: SHOW COLUMNS FROM `hqjhc_users` [ RunTime:0.0004s ]
SQL: SELECT * FROM `hqjhc_users` WHERE `userid` = 24 LIMIT 1   [ RunTime:0.0002s ]
NOTIC: [8] Undefined index: createstaffid /home/www/hqjhc/backend/Funds/Controller/RechargeController.class.php 第 45 行.
SQL: SELECT * FROM `hqjhc_users` WHERE `userid` = 24 LIMIT 1   [ RunTime:0.0002s ]
NOTIC: [8] Undefined index: createstaffid /home/www/hqjhc/backend/Funds/Controller/RechargeController.class.php 第 45 行.
SQL: SELECT * FROM `hqjhc_users` WHERE `userid` = 24 LIMIT 1   [ RunTime:0.0002s ]
NOTIC: [8] Undefined index: createstaffid /home/www/hqjhc/backend/Funds/Controller/RechargeController.class.php 第 45 行.
SQL: SELECT * FROM `hqjhc_users` WHERE `userid` = 24 LIMIT 1   [ RunTime:0.0002s ]
NOTIC: [8] Undefined index: createstaffid /home/www/hqjhc/backend/Funds/Controller/RechargeController.class.php 第 45 行.
SQL: SELECT * FROM `hqjhc_users` WHERE `userid` = 24 LIMIT 1   [ RunTime:0.0002s ]
NOTIC: [8] Undefined index: createstaffid /home/www/hqjhc/backend/Funds/Controller/RechargeController.class.php 第 45 行.
SQL: SELECT * FROM `hqjhc_users` WHERE `userid` = 24 LIMIT 1   [ RunTime:0.0002s ]
NOTIC: [8] Undefined index: createstaffid /home/www/hqjhc/backend/Funds/Controller/RechargeController.class.php 第 45 行.
SQL: SELECT * FROM `hqjhc_users` WHERE `userid` = 24 LIMIT 1   [ RunTime:0.0002s ]
NOTIC: [8] Undefined index: createstaffid /home/www/hqjhc/backend/Funds/Controller/RechargeController.class.php 第 45 行.
SQL: SELECT * FROM `hqjhc_users` WHERE `userid` = 24 LIMIT 1   [ RunTime:0.0002s ]
NOTIC: [8] Undefined index: createstaffid /home/www/hqjhc/backend/Funds/Controller/RechargeController.class.php 第 45 行.
SQL: SELECT * FROM `hqjhc_users` WHERE `userid` = null LIMIT 1   [ RunTime:0.0001s ]
NOTIC: [8] Undefined index: createstaffid /home/www/hqjhc/backend/Funds/Controller/RechargeController.class.php 第 45 行.
SQL: SELECT * FROM `hqjhc_users` WHERE `userid` = 4 LIMIT 1   [ RunTime:0.0002s ]
NOTIC: [8] Undefined index: createstaffid /home/www/hqjhc/backend/Funds/Controller/RechargeController.class.php 第 45 行.
SQL: SELECT * FROM `hqjhc_users` WHERE `userid` = 14 LIMIT 1   [ RunTime:0.0002s ]
NOTIC: [8] Undefined index: createstaffid /home/www/hqjhc/backend/Funds/Controller/RechargeController.class.php 第 45 行.
SQL: SELECT * FROM `hqjhc_users` WHERE `userid` = 14 LIMIT 1   [ RunTime:0.0002s ]
NOTIC: [8] Undefined index: createstaffid /home/www/hqjhc/backend/Funds/Controller/RechargeController.class.php 第 45 行.
SQL: SELECT * FROM `hqjhc_users` WHERE `userid` = 14 LIMIT 1   [ RunTime:0.0001s ]
NOTIC: [8] Undefined index: createstaffid /home/www/hqjhc/backend/Funds/Controller/RechargeController.class.php 第 45 行.
SQL: SELECT * FROM `hqjhc_users` WHERE `userid` = 14 LIMIT 1   [ RunTime:0.0001s ]
NOTIC: [8] Undefined index: createstaffid /home/www/hqjhc/backend/Funds/Controller/RechargeController.class.php 第 45 行.
SQL: SELECT * FROM `hqjhc_users` WHERE `userid` = 14 LIMIT 1   [ RunTime:0.0002s ]
INFO: [ view_parse ] --START--
INFO: [ template_filter ] --START--
INFO: Run Behavior\ContentReplaceBehavior [ RunTime:0.000073s ]
INFO: [ template_filter ] --END-- [ RunTime:0.000088s ]
NOTIC: [8] Undefined property: Think\Storage\Driver\File::$_data /home/www/hqjhc/backend/Runtime/Cache/Funds/5e8409fde3d229100bf44885de0a7dbf.php 第 244 行.
INFO: Run Behavior\ParseTemplateBehavior [ RunTime:0.007212s ]
INFO: [ view_parse ] --END-- [ RunTime:0.007226s ]
INFO: [ view_filter ] --START--
INFO: Run Behavior\WriteHtmlCacheBehavior [ RunTime:0.000085s ]
INFO: [ view_filter ] --END-- [ RunTime:0.000096s ]
INFO: [ app_end ] --START--
INFO: Run Behavior\ShowPageTraceBehavior [ RunTime:0.000231s ]
INFO: [ app_end ] --END-- [ RunTime:0.000245s ]

[ 2017-12-02T17:56:32+08:00 ] 101.81.120.60 /admin.php/Funds/Ordersettlement/index.html
INFO: [ app_init ] --START--
INFO: Run Behavior\BuildLiteBehavior [ RunTime:0.000006s ]
INFO: [ app_init ] --END-- [ RunTime:0.000157s ]
INFO: [ app_begin ] --START--
INFO: Run Behavior\ReadHtmlCacheBehavior [ RunTime:0.000212s ]
INFO: [ app_begin ] --END-- [ RunTime:0.000227s ]
NOTIC: [8] A session had already been started - ignoring session_start() /home/www/hqjhc/ThinkPHP/Common/functions.php 第 1263 行.
SQL: SHOW COLUMNS FROM `hqjhc_staffs` [ RunTime:0.0005s ]
SQL: SHOW COLUMNS FROM `hqjhc_staffs` [ RunTime:0.0003s ]
SQL: SELECT * FROM `hqjhc_staffs` WHERE `stffid` = 6 LIMIT 1   [ RunTime:0.0002s ]
SQL: SHOW COLUMNS FROM `hqjhc_order_settlement` [ RunTime:0.0003s ]
SQL: SELECT COUNT(*) AS tp_count FROM `hqjhc_order_settlement` WHERE `dataFlag` = 0 LIMIT 1   [ RunTime:0.0002s ]
SQL: SELECT * FROM `hqjhc_order_settlement` WHERE `dataFlag` = 0 ORDER BY `ordersettleid` desc LIMIT 0,15   [ RunTime:0.0002s ]
INFO: [ view_parse ] --START--
INFO: [ template_filter ] --START--
INFO: Run Behavior\ContentReplaceBehavior [ RunTime:0.000071s ]
INFO: [ template_filter ] --END-- [ RunTime:0.000087s ]
NOTIC: [8] Undefined property: Think\Storage\Driver\File::$_data /home/www/hqjhc/backend/Runtime/Cache/Funds/2327a953fb7e79643a3a06745e876629.php 第 244 行.
NOTIC: [8] Undefined index: username /home/www/hqjhc/backend/Runtime/Cache/Funds/2327a953fb7e79643a3a06745e876629.php 第 609 行.
NOTIC: [8] Undefined index: examount /home/www/hqjhc/backend/Runtime/Cache/Funds/2327a953fb7e79643a3a06745e876629.php 第 611 行.
NOTIC: [8] Undefined index: username /home/www/hqjhc/backend/Runtime/Cache/Funds/2327a953fb7e79643a3a06745e876629.php 第 609 行.
NOTIC: [8] Undefined index: examount /home/www/hqjhc/backend/Runtime/Cache/Funds/2327a953fb7e79643a3a06745e876629.php 第 611 行.
NOTIC: [8] Undefined index: username /home/www/hqjhc/backend/Runtime/Cache/Funds/2327a953fb7e79643a3a06745e876629.php 第 609 行.
NOTIC: [8] Undefined index: examount /home/www/hqjhc/backend/Runtime/Cache/Funds/2327a953fb7e79643a3a06745e876629.php 第 611 行.
NOTIC: [8] Undefined index: username /home/www/hqjhc/backend/Runtime/Cache/Funds/2327a953fb7e79643a3a06745e876629.php 第 609 行.
NOTIC: [8] Undefined index: examount /home/www/hqjhc/backend/Runtime/Cache/Funds/2327a953fb7e79643a3a06745e876629.php 第 611 行.
NOTIC: [8] Undefined index: username /home/www/hqjhc/backend/Runtime/Cache/Funds/2327a953fb7e79643a3a06745e876629.php 第 609 行.
NOTIC: [8] Undefined index: examount /home/www/hqjhc/backend/Runtime/Cache/Funds/2327a953fb7e79643a3a06745e876629.php 第 611 行.
NOTIC: [8] Undefined index: username /home/www/hqjhc/backend/Runtime/Cache/Funds/2327a953fb7e79643a3a06745e876629.php 第 609 行.
NOTIC: [8] Undefined index: examount /home/www/hqjhc/backend/Runtime/Cache/Funds/2327a953fb7e79643a3a06745e876629.php 第 611 行.
NOTIC: [8] Undefined index: username /home/www/hqjhc/backend/Runtime/Cache/Funds/2327a953fb7e79643a3a06745e876629.php 第 609 行.
NOTIC: [8] Undefined index: examount /home/www/hqjhc/backend/Runtime/Cache/Funds/2327a953fb7e79643a3a06745e876629.php 第 611 行.
NOTIC: [8] Undefined index: username /home/www/hqjhc/backend/Runtime/Cache/Funds/2327a953fb7e79643a3a06745e876629.php 第 609 行.
NOTIC: [8] Undefined index: examount /home/www/hqjhc/backend/Runtime/Cache/Funds/2327a953fb7e79643a3a06745e876629.php 第 611 行.
NOTIC: [8] Undefined index: username /home/www/hqjhc/backend/Runtime/Cache/Funds/2327a953fb7e79643a3a06745e876629.php 第 609 行.
NOTIC: [8] Undefined index: examount /home/www/hqjhc/backend/Runtime/Cache/Funds/2327a953fb7e79643a3a06745e876629.php 第 611 行.
NOTIC: [8] Undefined index: username /home/www/hqjhc/backend/Runtime/Cache/Funds/2327a953fb7e79643a3a06745e876629.php 第 609 行.
NOTIC: [8] Undefined index: examount /home/www/hqjhc/backend/Runtime/Cache/Funds/2327a953fb7e79643a3a06745e876629.php 第 611 行.
NOTIC: [8] Undefined index: username /home/www/hqjhc/backend/Runtime/Cache/Funds/2327a953fb7e79643a3a06745e876629.php 第 609 行.
NOTIC: [8] Undefined index: examount /home/www/hqjhc/backend/Runtime/Cache/Funds/2327a953fb7e79643a3a06745e876629.php 第 611 行.
NOTIC: [8] Undefined index: username /home/www/hqjhc/backend/Runtime/Cache/Funds/2327a953fb7e79643a3a06745e876629.php 第 609 行.
NOTIC: [8] Undefined index: examount /home/www/hqjhc/backend/Runtime/Cache/Funds/2327a953fb7e79643a3a06745e876629.php 第 611 行.
NOTIC: [8] Undefined index: username /home/www/hqjhc/backend/Runtime/Cache/Funds/2327a953fb7e79643a3a06745e876629.php 第 609 行.
NOTIC: [8] Undefined index: examount /home/www/hqjhc/backend/Runtime/Cache/Funds/2327a953fb7e79643a3a06745e876629.php 第 611 行.
NOTIC: [8] Undefined index: username /home/www/hqjhc/backend/Runtime/Cache/Funds/2327a953fb7e79643a3a06745e876629.php 第 609 行.
NOTIC: [8] Undefined index: examount /home/www/hqjhc/backend/Runtime/Cache/Funds/2327a953fb7e79643a3a06745e876629.php 第 611 行.
NOTIC: [8] Undefined index: username /home/www/hqjhc/backend/Runtime/Cache/Funds/2327a953fb7e79643a3a06745e876629.php 第 609 行.
NOTIC: [8] Undefined index: examount /home/www/hqjhc/backend/Runtime/Cache/Funds/2327a953fb7e79643a3a06745e876629.php 第 611 行.
INFO: Run Behavior\ParseTemplateBehavior [ RunTime:0.007146s ]
INFO: [ view_parse ] --END-- [ RunTime:0.007159s ]
INFO: [ view_filter ] --START--
INFO: Run Behavior\WriteHtmlCacheBehavior [ RunTime:0.000071s ]
INFO: [ view_filter ] --END-- [ RunTime:0.000081s ]
INFO: [ app_end ] --START--
INFO: Run Behavior\ShowPageTraceBehavior [ RunTime:0.000241s ]
INFO: [ app_end ] --END-- [ RunTime:0.000254s ]

[ 2017-12-02T17:58:52+08:00 ] 101.81.120.60 /admin.php/Funds/Ordersettlement/index.html
INFO: [ app_init ] --START--
INFO: Run Behavior\BuildLiteBehavior [ RunTime:0.000006s ]
INFO: [ app_init ] --END-- [ RunTime:0.000167s ]
INFO: [ app_begin ] --START--
INFO: Run Behavior\ReadHtmlCacheBehavior [ RunTime:0.000204s ]
INFO: [ app_begin ] --END-- [ RunTime:0.000220s ]
NOTIC: [8] A session had already been started - ignoring session_start() /home/www/hqjhc/ThinkPHP/Common/functions.php 第 1263 行.
SQL: SHOW COLUMNS FROM `hqjhc_staffs` [ RunTime:0.0005s ]
SQL: SHOW COLUMNS FROM `hqjhc_staffs` [ RunTime:0.0004s ]
SQL: SELECT * FROM `hqjhc_staffs` WHERE `stffid` = 6 LIMIT 1   [ RunTime:0.0002s ]
SQL: SHOW COLUMNS FROM `hqjhc_order_settlement` [ RunTime:0.0003s ]
SQL: SELECT COUNT(*) AS tp_count FROM `hqjhc_order_settlement` WHERE `dataFlag` = 0 LIMIT 1   [ RunTime:0.0002s ]
SQL: SELECT * FROM `hqjhc_order_settlement` WHERE `dataFlag` = 0 ORDER BY `ordersettleid` desc LIMIT 0,15   [ RunTime:0.0002s ]
INFO: [ view_parse ] --START--
INFO: [ template_filter ] --START--
INFO: Run Behavior\ContentReplaceBehavior [ RunTime:0.000071s ]
INFO: [ template_filter ] --END-- [ RunTime:0.000086s ]
NOTIC: [8] Undefined property: Think\Storage\Driver\File::$_data /home/www/hqjhc/backend/Runtime/Cache/Funds/2327a953fb7e79643a3a06745e876629.php 第 244 行.
NOTIC: [8] Undefined index: username /home/www/hqjhc/backend/Runtime/Cache/Funds/2327a953fb7e79643a3a06745e876629.php 第 609 行.
NOTIC: [8] Undefined index: examount /home/www/hqjhc/backend/Runtime/Cache/Funds/2327a953fb7e79643a3a06745e876629.php 第 611 行.
NOTIC: [8] Undefined index: username /home/www/hqjhc/backend/Runtime/Cache/Funds/2327a953fb7e79643a3a06745e876629.php 第 609 行.
NOTIC: [8] Undefined index: examount /home/www/hqjhc/backend/Runtime/Cache/Funds/2327a953fb7e79643a3a06745e876629.php 第 611 行.
NOTIC: [8] Undefined index: username /home/www/hqjhc/backend/Runtime/Cache/Funds/2327a953fb7e79643a3a06745e876629.php 第 609 行.
NOTIC: [8] Undefined index: examount /home/www/hqjhc/backend/Runtime/Cache/Funds/2327a953fb7e79643a3a06745e876629.php 第 611 行.
NOTIC: [8] Undefined index: username /home/www/hqjhc/backend/Runtime/Cache/Funds/2327a953fb7e79643a3a06745e876629.php 第 609 行.
NOTIC: [8] Undefined index: examount /home/www/hqjhc/backend/Runtime/Cache/Funds/2327a953fb7e79643a3a06745e876629.php 第 611 行.
NOTIC: [8] Undefined index: username /home/www/hqjhc/backend/Runtime/Cache/Funds/2327a953fb7e79643a3a06745e876629.php 第 609 行.
NOTIC: [8] Undefined index: examount /home/www/hqjhc/backend/Runtime/Cache/Funds/2327a953fb7e79643a3a06745e876629.php 第 611 行.
NOTIC: [8] Undefined index: username /home/www/hqjhc/backend/Runtime/Cache/Funds/2327a953fb7e79643a3a06745e876629.php 第 609 行.
NOTIC: [8] Undefined index: examount /home/www/hqjhc/backend/Runtime/Cache/Funds/2327a953fb7e79643a3a06745e876629.php 第 611 行.
NOTIC: [8] Undefined index: username /home/www/hqjhc/backend/Runtime/Cache/Funds/2327a953fb7e79643a3a06745e876629.php 第 609 行.
NOTIC: [8] Undefined index: examount /home/www/hqjhc/backend/Runtime/Cache/Funds/2327a953fb7e79643a3a06745e876629.php 第 611 行.
NOTIC: [8] Undefined index: username /home/www/hqjhc/backend/Runtime/Cache/Funds/2327a953fb7e79643a3a06745e876629.php 第 609 行.
NOTIC: [8] Undefined index: examount /home/www/hqjhc/backend/Runtime/Cache/Funds/2327a953fb7e79643a3a06745e876629.php 第 611 行.
NOTIC: [8] Undefined index: username /home/www/hqjhc/backend/Runtime/Cache/Funds/2327a953fb7e79643a3a06745e876629.php 第 609 行.
NOTIC: [8] Undefined index: examount /home/www/hqjhc/backend/Runtime/Cache/Funds/2327a953fb7e79643a3a06745e876629.php 第 611 行.
NOTIC: [8] Undefined index: username /home/www/hqjhc/backend/Runtime/Cache/Funds/2327a953fb7e79643a3a06745e876629.php 第 609 行.
NOTIC: [8] Undefined index: examount /home/www/hqjhc/backend/Runtime/Cache/Funds/2327a953fb7e79643a3a06745e876629.php 第 611 行.
NOTIC: [8] Undefined index: username /home/www/hqjhc/backend/Runtime/Cache/Funds/2327a953fb7e79643a3a06745e876629.php 第 609 行.
NOTIC: [8] Undefined index: examount /home/www/hqjhc/backend/Runtime/Cache/Funds/2327a953fb7e79643a3a06745e876629.php 第 611 行.
NOTIC: [8] Undefined index: username /home/www/hqjhc/backend/Runtime/Cache/Funds/2327a953fb7e79643a3a06745e876629.php 第 609 行.
NOTIC: [8] Undefined index: examount /home/www/hqjhc/backend/Runtime/Cache/Funds/2327a953fb7e79643a3a06745e876629.php 第 611 行.
NOTIC: [8] Undefined index: username /home/www/hqjhc/backend/Runtime/Cache/Funds/2327a953fb7e79643a3a06745e876629.php 第 609 行.
NOTIC: [8] Undefined index: examount /home/www/hqjhc/backend/Runtime/Cache/Funds/2327a953fb7e79643a3a06745e876629.php 第 611 行.
NOTIC: [8] Undefined index: username /home/www/hqjhc/backend/Runtime/Cache/Funds/2327a953fb7e79643a3a06745e876629.php 第 609 行.
NOTIC: [8] Undefined index: examount /home/www/hqjhc/backend/Runtime/Cache/Funds/2327a953fb7e79643a3a06745e876629.php 第 611 行.
NOTIC: [8] Undefined index: username /home/www/hqjhc/backend/Runtime/Cache/Funds/2327a953fb7e79643a3a06745e876629.php 第 609 行.
NOTIC: [8] Undefined index: examount /home/www/hqjhc/backend/Runtime/Cache/Funds/2327a953fb7e79643a3a06745e876629.php 第 611 行.
INFO: Run Behavior\ParseTemplateBehavior [ RunTime:0.007161s ]
INFO: [ view_parse ] --END-- [ RunTime:0.007174s ]
INFO: [ view_filter ] --START--
INFO: Run Behavior\WriteHtmlCacheBehavior [ RunTime:0.000082s ]
INFO: [ view_filter ] --END-- [ RunTime:0.000093s ]
INFO: [ app_end ] --START--
INFO: Run Behavior\ShowPageTraceBehavior [ RunTime:0.000233s ]
INFO: [ app_end ] --END-- [ RunTime:0.000246s ]

[ 2017-12-02T19:25:17+08:00 ] 114.83.92.198 /admin.php/Funds/Recharge/index.html
INFO: [ app_init ] --START--
INFO: Run Behavior\BuildLiteBehavior [ RunTime:0.000007s ]
INFO: [ app_init ] --END-- [ RunTime:0.000158s ]
INFO: [ app_begin ] --START--
INFO: Run Behavior\ReadHtmlCacheBehavior [ RunTime:0.000209s ]
INFO: [ app_begin ] --END-- [ RunTime:0.000225s ]
NOTIC: [8] A session had already been started - ignoring session_start() /home/www/hqjhc/ThinkPHP/Common/functions.php 第 1263 行.
SQL: SHOW COLUMNS FROM `hqjhc_staffs` [ RunTime:0.0005s ]
SQL: SHOW COLUMNS FROM `hqjhc_staffs` [ RunTime:0.0003s ]
SQL: SELECT * FROM `hqjhc_staffs` WHERE `stffid` = 6 LIMIT 1   [ RunTime:0.0002s ]
SQL: SHOW COLUMNS FROM `hqjhc_recharge` [ RunTime:0.0003s ]
SQL: SELECT COUNT(*) AS tp_count FROM `hqjhc_recharge` WHERE `dataFlag` = 0 LIMIT 1   [ RunTime:0.0002s ]
SQL: SELECT * FROM `hqjhc_recharge` WHERE `dataFlag` = 0 ORDER BY `rechargeid` desc LIMIT 0,15   [ RunTime:0.0002s ]
NOTIC: [8] Undefined index: createstaffid /home/www/hqjhc/backend/Funds/Controller/RechargeController.class.php 第 45 行.
SQL: SHOW COLUMNS FROM `hqjhc_users` [ RunTime:0.0004s ]
SQL: SELECT * FROM `hqjhc_users` WHERE `userid` = 24 LIMIT 1   [ RunTime:0.0002s ]
NOTIC: [8] Undefined index: createstaffid /home/www/hqjhc/backend/Funds/Controller/RechargeController.class.php 第 45 行.
SQL: SELECT * FROM `hqjhc_users` WHERE `userid` = 24 LIMIT 1   [ RunTime:0.0002s ]
NOTIC: [8] Undefined index: createstaffid /home/www/hqjhc/backend/Funds/Controller/RechargeController.class.php 第 45 行.
SQL: SELECT * FROM `hqjhc_users` WHERE `userid` = 24 LIMIT 1   [ RunTime:0.0002s ]
NOTIC: [8] Undefined index: createstaffid /home/www/hqjhc/backend/Funds/Controller/RechargeController.class.php 第 45 行.
SQL: SELECT * FROM `hqjhc_users` WHERE `userid` = 24 LIMIT 1   [ RunTime:0.0002s ]
NOTIC: [8] Undefined index: createstaffid /home/www/hqjhc/backend/Funds/Controller/RechargeController.class.php 第 45 行.
SQL: SELECT * FROM `hqjhc_users` WHERE `userid` = 24 LIMIT 1   [ RunTime:0.0002s ]
NOTIC: [8] Undefined index: createstaffid /home/www/hqjhc/backend/Funds/Controller/RechargeController.class.php 第 45 行.
SQL: SELECT * FROM `hqjhc_users` WHERE `userid` = 24 LIMIT 1   [ RunTime:0.0002s ]
NOTIC: [8] Undefined index: createstaffid /home/www/hqjhc/backend/Funds/Controller/RechargeController.class.php 第 45 行.
SQL: SELECT * FROM `hqjhc_users` WHERE `userid` = 24 LIMIT 1   [ RunTime:0.0002s ]
NOTIC: [8] Undefined index: createstaffid /home/www/hqjhc/backend/Funds/Controller/RechargeController.class.php 第 45 行.
SQL: SELECT * FROM `hqjhc_users` WHERE `userid` = 24 LIMIT 1   [ RunTime:0.0002s ]
NOTIC: [8] Undefined index: createstaffid /home/www/hqjhc/backend/Funds/Controller/RechargeController.class.php 第 45 行.
SQL: SELECT * FROM `hqjhc_users` WHERE `userid` = null LIMIT 1   [ RunTime:0.0001s ]
NOTIC: [8] Undefined index: createstaffid /home/www/hqjhc/backend/Funds/Controller/RechargeController.class.php 第 45 行.
SQL: SELECT * FROM `hqjhc_users` WHERE `userid` = 4 LIMIT 1   [ RunTime:0.0001s ]
NOTIC: [8] Undefined index: createstaffid /home/www/hqjhc/backend/Funds/Controller/RechargeController.class.php 第 45 行.
SQL: SELECT * FROM `hqjhc_users` WHERE `userid` = 14 LIMIT 1   [ RunTime:0.0002s ]
NOTIC: [8] Undefined index: createstaffid /home/www/hqjhc/backend/Funds/Controller/RechargeController.class.php 第 45 行.
SQL: SELECT * FROM `hqjhc_users` WHERE `userid` = 14 LIMIT 1   [ RunTime:0.0002s ]
NOTIC: [8] Undefined index: createstaffid /home/www/hqjhc/backend/Funds/Controller/RechargeController.class.php 第 45 行.
SQL: SELECT * FROM `hqjhc_users` WHERE `userid` = 14 LIMIT 1   [ RunTime:0.0002s ]
NOTIC: [8] Undefined index: createstaffid /home/www/hqjhc/backend/Funds/Controller/RechargeController.class.php 第 45 行.
SQL: SELECT * FROM `hqjhc_users` WHERE `userid` = 14 LIMIT 1   [ RunTime:0.0001s ]
NOTIC: [8] Undefined index: createstaffid /home/www/hqjhc/backend/Funds/Controller/RechargeController.class.php 第 45 行.
SQL: SELECT * FROM `hqjhc_users` WHERE `userid` = 14 LIMIT 1   [ RunTime:0.0002s ]
INFO: [ view_parse ] --START--
INFO: [ template_filter ] --START--
INFO: Run Behavior\ContentReplaceBehavior [ RunTime:0.000078s ]
INFO: [ template_filter ] --END-- [ RunTime:0.000094s ]
NOTIC: [8] Undefined property: Think\Storage\Driver\File::$_data /home/www/hqjhc/backend/Runtime/Cache/Funds/5e8409fde3d229100bf44885de0a7dbf.php 第 244 行.
INFO: Run Behavior\ParseTemplateBehavior [ RunTime:0.007176s ]
INFO: [ view_parse ] --END-- [ RunTime:0.007198s ]
INFO: [ view_filter ] --START--
INFO: Run Behavior\WriteHtmlCacheBehavior [ RunTime:0.000072s ]
INFO: [ view_filter ] --END-- [ RunTime:0.000084s ]
INFO: [ app_end ] --START--
INFO: Run Behavior\ShowPageTraceBehavior [ RunTime:0.000228s ]
INFO: [ app_end ] --END-- [ RunTime:0.000242s ]

[ 2017-12-02T19:25:21+08:00 ] 114.83.92.198 /admin.php/Funds/Ordersettlement/index.html
INFO: [ app_init ] --START--
INFO: Run Behavior\BuildLiteBehavior [ RunTime:0.000006s ]
INFO: [ app_init ] --END-- [ RunTime:0.000162s ]
INFO: [ app_begin ] --START--
INFO: Run Behavior\ReadHtmlCacheBehavior [ RunTime:0.000194s ]
INFO: [ app_begin ] --END-- [ RunTime:0.000210s ]
NOTIC: [8] A session had already been started - ignoring session_start() /home/www/hqjhc/ThinkPHP/Common/functions.php 第 1263 行.
SQL: SHOW COLUMNS FROM `hqjhc_staffs` [ RunTime:0.0005s ]
SQL: SHOW COLUMNS FROM `hqjhc_staffs` [ RunTime:0.0003s ]
SQL: SELECT * FROM `hqjhc_staffs` WHERE `stffid` = 6 LIMIT 1   [ RunTime:0.0002s ]
SQL: SHOW COLUMNS FROM `hqjhc_order_settlement` [ RunTime:0.0003s ]
SQL: SELECT COUNT(*) AS tp_count FROM `hqjhc_order_settlement` WHERE `dataFlag` = 0 LIMIT 1   [ RunTime:0.0002s ]
SQL: SELECT * FROM `hqjhc_order_settlement` WHERE `dataFlag` = 0 ORDER BY `ordersettleid` desc LIMIT 0,15   [ RunTime:0.0002s ]
INFO: [ view_parse ] --START--
INFO: [ template_filter ] --START--
INFO: Run Behavior\ContentReplaceBehavior [ RunTime:0.000073s ]
INFO: [ template_filter ] --END-- [ RunTime:0.000087s ]
NOTIC: [8] Undefined property: Think\Storage\Driver\File::$_data /home/www/hqjhc/backend/Runtime/Cache/Funds/2327a953fb7e79643a3a06745e876629.php 第 244 行.
NOTIC: [8] Undefined index: username /home/www/hqjhc/backend/Runtime/Cache/Funds/2327a953fb7e79643a3a06745e876629.php 第 609 行.
NOTIC: [8] Undefined index: examount /home/www/hqjhc/backend/Runtime/Cache/Funds/2327a953fb7e79643a3a06745e876629.php 第 611 行.
NOTIC: [8] Undefined index: username /home/www/hqjhc/backend/Runtime/Cache/Funds/2327a953fb7e79643a3a06745e876629.php 第 609 行.
NOTIC: [8] Undefined index: examount /home/www/hqjhc/backend/Runtime/Cache/Funds/2327a953fb7e79643a3a06745e876629.php 第 611 行.
NOTIC: [8] Undefined index: username /home/www/hqjhc/backend/Runtime/Cache/Funds/2327a953fb7e79643a3a06745e876629.php 第 609 行.
NOTIC: [8] Undefined index: examount /home/www/hqjhc/backend/Runtime/Cache/Funds/2327a953fb7e79643a3a06745e876629.php 第 611 行.
NOTIC: [8] Undefined index: username /home/www/hqjhc/backend/Runtime/Cache/Funds/2327a953fb7e79643a3a06745e876629.php 第 609 行.
NOTIC: [8] Undefined index: examount /home/www/hqjhc/backend/Runtime/Cache/Funds/2327a953fb7e79643a3a06745e876629.php 第 611 行.
NOTIC: [8] Undefined index: username /home/www/hqjhc/backend/Runtime/Cache/Funds/2327a953fb7e79643a3a06745e876629.php 第 609 行.
NOTIC: [8] Undefined index: examount /home/www/hqjhc/backend/Runtime/Cache/Funds/2327a953fb7e79643a3a06745e876629.php 第 611 行.
NOTIC: [8] Undefined index: username /home/www/hqjhc/backend/Runtime/Cache/Funds/2327a953fb7e79643a3a06745e876629.php 第 609 行.
NOTIC: [8] Undefined index: examount /home/www/hqjhc/backend/Runtime/Cache/Funds/2327a953fb7e79643a3a06745e876629.php 第 611 行.
NOTIC: [8] Undefined index: username /home/www/hqjhc/backend/Runtime/Cache/Funds/2327a953fb7e79643a3a06745e876629.php 第 609 行.
NOTIC: [8] Undefined index: examount /home/www/hqjhc/backend/Runtime/Cache/Funds/2327a953fb7e79643a3a06745e876629.php 第 611 行.
NOTIC: [8] Undefined index: username /home/www/hqjhc/backend/Runtime/Cache/Funds/2327a953fb7e79643a3a06745e876629.php 第 609 行.
NOTIC: [8] Undefined index: examount /home/www/hqjhc/backend/Runtime/Cache/Funds/2327a953fb7e79643a3a06745e876629.php 第 611 行.
NOTIC: [8] Undefined index: username /home/www/hqjhc/backend/Runtime/Cache/Funds/2327a953fb7e79643a3a06745e876629.php 第 609 行.
NOTIC: [8] Undefined index: examount /home/www/hqjhc/backend/Runtime/Cache/Funds/2327a953fb7e79643a3a06745e876629.php 第 611 行.
NOTIC: [8] Undefined index: username /home/www/hqjhc/backend/Runtime/Cache/Funds/2327a953fb7e79643a3a06745e876629.php 第 609 行.
NOTIC: [8] Undefined index: examount /home/www/hqjhc/backend/Runtime/Cache/Funds/2327a953fb7e79643a3a06745e876629.php 第 611 行.
NOTIC: [8] Undefined index: username /home/www/hqjhc/backend/Runtime/Cache/Funds/2327a953fb7e79643a3a06745e876629.php 第 609 行.
NOTIC: [8] Undefined index: examount /home/www/hqjhc/backend/Runtime/Cache/Funds/2327a953fb7e79643a3a06745e876629.php 第 611 行.
NOTIC: [8] Undefined index: username /home/www/hqjhc/backend/Runtime/Cache/Funds/2327a953fb7e79643a3a06745e876629.php 第 609 行.
NOTIC: [8] Undefined index: examount /home/www/hqjhc/backend/Runtime/Cache/Funds/2327a953fb7e79643a3a06745e876629.php 第 611 行.
NOTIC: [8] Undefined index: username /home/www/hqjhc/backend/Runtime/Cache/Funds/2327a953fb7e79643a3a06745e876629.php 第 609 行.
NOTIC: [8] Undefined index: examount /home/www/hqjhc/backend/Runtime/Cache/Funds/2327a953fb7e79643a3a06745e876629.php 第 611 行.
NOTIC: [8] Undefined index: username /home/www/hqjhc/backend/Runtime/Cache/Funds/2327a953fb7e79643a3a06745e876629.php 第 609 行.
NOTIC: [8] Undefined index: examount /home/www/hqjhc/backend/Runtime/Cache/Funds/2327a953fb7e79643a3a06745e876629.php 第 611 行.
NOTIC: [8] Undefined index: username /home/www/hqjhc/backend/Runtime/Cache/Funds/2327a953fb7e79643a3a06745e876629.php 第 609 行.
NOTIC: [8] Undefined index: examount /home/www/hqjhc/backend/Runtime/Cache/Funds/2327a953fb7e79643a3a06745e876629.php 第 611 行.
INFO: Run Behavior\ParseTemplateBehavior [ RunTime:0.007139s ]
INFO: [ view_parse ] --END-- [ RunTime:0.007153s ]
INFO: [ view_filter ] --START--
INFO: Run Behavior\WriteHtmlCacheBehavior [ RunTime:0.000072s ]
INFO: [ view_filter ] --END-- [ RunTime:0.000082s ]
INFO: [ app_end ] --START--
INFO: Run Behavior\ShowPageTraceBehavior [ RunTime:0.000246s ]
INFO: [ app_end ] --END-- [ RunTime:0.000260s ]

[ 2017-12-02T19:29:41+08:00 ] 114.83.92.198 /admin.php/Funds/Ordersettlement/index.html
INFO: [ app_init ] --START--
INFO: Run Behavior\BuildLiteBehavior [ RunTime:0.000007s ]
INFO: [ app_init ] --END-- [ RunTime:0.000188s ]
INFO: [ app_begin ] --START--
INFO: Run Behavior\ReadHtmlCacheBehavior [ RunTime:0.000235s ]
INFO: [ app_begin ] --END-- [ RunTime:0.000252s ]
NOTIC: [8] A session had already been started - ignoring session_start() /home/www/hqjhc/ThinkPHP/Common/functions.php 第 1263 行.
SQL: SHOW COLUMNS FROM `hqjhc_staffs` [ RunTime:0.0005s ]
SQL: SHOW COLUMNS FROM `hqjhc_staffs` [ RunTime:0.0003s ]
SQL: SELECT * FROM `hqjhc_staffs` WHERE `stffid` = 6 LIMIT 1   [ RunTime:0.0002s ]
SQL: SHOW COLUMNS FROM `hqjhc_order_settlement` [ RunTime:0.0003s ]
SQL: SELECT COUNT(*) AS tp_count FROM `hqjhc_order_settlement` WHERE `dataFlag` = 0 LIMIT 1   [ RunTime:0.0002s ]
SQL: SELECT * FROM `hqjhc_order_settlement` WHERE `dataFlag` = 0 ORDER BY `ordersettleid` desc LIMIT 0,15   [ RunTime:0.0002s ]
INFO: [ view_parse ] --START--
INFO: [ template_filter ] --START--
INFO: Run Behavior\ContentReplaceBehavior [ RunTime:0.000072s ]
INFO: [ template_filter ] --END-- [ RunTime:0.000087s ]
NOTIC: [8] Undefined property: Think\Storage\Driver\File::$_data /home/www/hqjhc/backend/Runtime/Cache/Funds/2327a953fb7e79643a3a06745e876629.php 第 244 行.
NOTIC: [8] Undefined index: username /home/www/hqjhc/backend/Runtime/Cache/Funds/2327a953fb7e79643a3a06745e876629.php 第 609 行.
NOTIC: [8] Undefined index: examount /home/www/hqjhc/backend/Runtime/Cache/Funds/2327a953fb7e79643a3a06745e876629.php 第 611 行.
NOTIC: [8] Undefined index: username /home/www/hqjhc/backend/Runtime/Cache/Funds/2327a953fb7e79643a3a06745e876629.php 第 609 行.
NOTIC: [8] Undefined index: examount /home/www/hqjhc/backend/Runtime/Cache/Funds/2327a953fb7e79643a3a06745e876629.php 第 611 行.
NOTIC: [8] Undefined index: username /home/www/hqjhc/backend/Runtime/Cache/Funds/2327a953fb7e79643a3a06745e876629.php 第 609 行.
NOTIC: [8] Undefined index: examount /home/www/hqjhc/backend/Runtime/Cache/Funds/2327a953fb7e79643a3a06745e876629.php 第 611 行.
NOTIC: [8] Undefined index: username /home/www/hqjhc/backend/Runtime/Cache/Funds/2327a953fb7e79643a3a06745e876629.php 第 609 行.
NOTIC: [8] Undefined index: examount /home/www/hqjhc/backend/Runtime/Cache/Funds/2327a953fb7e79643a3a06745e876629.php 第 611 行.
NOTIC: [8] Undefined index: username /home/www/hqjhc/backend/Runtime/Cache/Funds/2327a953fb7e79643a3a06745e876629.php 第 609 行.
NOTIC: [8] Undefined index: examount /home/www/hqjhc/backend/Runtime/Cache/Funds/2327a953fb7e79643a3a06745e876629.php 第 611 行.
NOTIC: [8] Undefined index: username /home/www/hqjhc/backend/Runtime/Cache/Funds/2327a953fb7e79643a3a06745e876629.php 第 609 行.
NOTIC: [8] Undefined index: examount /home/www/hqjhc/backend/Runtime/Cache/Funds/2327a953fb7e79643a3a06745e876629.php 第 611 行.
NOTIC: [8] Undefined index: username /home/www/hqjhc/backend/Runtime/Cache/Funds/2327a953fb7e79643a3a06745e876629.php 第 609 行.
NOTIC: [8] Undefined index: examount /home/www/hqjhc/backend/Runtime/Cache/Funds/2327a953fb7e79643a3a06745e876629.php 第 611 行.
NOTIC: [8] Undefined index: username /home/www/hqjhc/backend/Runtime/Cache/Funds/2327a953fb7e79643a3a06745e876629.php 第 609 行.
NOTIC: [8] Undefined index: examount /home/www/hqjhc/backend/Runtime/Cache/Funds/2327a953fb7e79643a3a06745e876629.php 第 611 行.
NOTIC: [8] Undefined index: username /home/www/hqjhc/backend/Runtime/Cache/Funds/2327a953fb7e79643a3a06745e876629.php 第 609 行.
NOTIC: [8] Undefined index: examount /home/www/hqjhc/backend/Runtime/Cache/Funds/2327a953fb7e79643a3a06745e876629.php 第 611 行.
NOTIC: [8] Undefined index: username /home/www/hqjhc/backend/Runtime/Cache/Funds/2327a953fb7e79643a3a06745e876629.php 第 609 行.
NOTIC: [8] Undefined index: examount /home/www/hqjhc/backend/Runtime/Cache/Funds/2327a953fb7e79643a3a06745e876629.php 第 611 行.
NOTIC: [8] Undefined index: username /home/www/hqjhc/backend/Runtime/Cache/Funds/2327a953fb7e79643a3a06745e876629.php 第 609 行.
NOTIC: [8] Undefined index: examount /home/www/hqjhc/backend/Runtime/Cache/Funds/2327a953fb7e79643a3a06745e876629.php 第 611 行.
NOTIC: [8] Undefined index: username /home/www/hqjhc/backend/Runtime/Cache/Funds/2327a953fb7e79643a3a06745e876629.php 第 609 行.
NOTIC: [8] Undefined index: examount /home/www/hqjhc/backend/Runtime/Cache/Funds/2327a953fb7e79643a3a06745e876629.php 第 611 行.
NOTIC: [8] Undefined index: username /home/www/hqjhc/backend/Runtime/Cache/Funds/2327a953fb7e79643a3a06745e876629.php 第 609 行.
NOTIC: [8] Undefined index: examount /home/www/hqjhc/backend/Runtime/Cache/Funds/2327a953fb7e79643a3a06745e876629.php 第 611 行.
NOTIC: [8] Undefined index: username /home/www/hqjhc/backend/Runtime/Cache/Funds/2327a953fb7e79643a3a06745e876629.php 第 609 行.
NOTIC: [8] Undefined index: examount /home/www/hqjhc/backend/Runtime/Cache/Funds/2327a953fb7e79643a3a06745e876629.php 第 611 行.
NOTIC: [8] Undefined index: username /home/www/hqjhc/backend/Runtime/Cache/Funds/2327a953fb7e79643a3a06745e876629.php 第 609 行.
NOTIC: [8] Undefined index: examount /home/www/hqjhc/backend/Runtime/Cache/Funds/2327a953fb7e79643a3a06745e876629.php 第 611 行.
INFO: Run Behavior\ParseTemplateBehavior [ RunTime:0.006685s ]
INFO: [ view_parse ] --END-- [ RunTime:0.006698s ]
INFO: [ view_filter ] --START--
INFO: Run Behavior\WriteHtmlCacheBehavior [ RunTime:0.000074s ]
INFO: [ view_filter ] --END-- [ RunTime:0.000098s ]
INFO: [ app_end ] --START--
INFO: Run Behavior\ShowPageTraceBehavior [ RunTime:0.000228s ]
INFO: [ app_end ] --END-- [ RunTime:0.000241s ]

[ 2017-12-02T19:29:46+08:00 ] 114.83.92.198 /admin.php/Funds/Recharge/index.html
INFO: [ app_init ] --START--
INFO: Run Behavior\BuildLiteBehavior [ RunTime:0.000006s ]
INFO: [ app_init ] --END-- [ RunTime:0.000154s ]
INFO: [ app_begin ] --START--
INFO: Run Behavior\ReadHtmlCacheBehavior [ RunTime:0.000198s ]
INFO: [ app_begin ] --END-- [ RunTime:0.000227s ]
NOTIC: [8] A session had already been started - ignoring session_start() /home/www/hqjhc/ThinkPHP/Common/functions.php 第 1263 行.
SQL: SHOW COLUMNS FROM `hqjhc_staffs` [ RunTime:0.0005s ]
SQL: SHOW COLUMNS FROM `hqjhc_staffs` [ RunTime:0.0003s ]
SQL: SELECT * FROM `hqjhc_staffs` WHERE `stffid` = 6 LIMIT 1   [ RunTime:0.0002s ]
SQL: SHOW COLUMNS FROM `hqjhc_recharge` [ RunTime:0.0003s ]
SQL: SELECT COUNT(*) AS tp_count FROM `hqjhc_recharge` WHERE `dataFlag` = 0 LIMIT 1   [ RunTime:0.0002s ]
SQL: SELECT * FROM `hqjhc_recharge` WHERE `dataFlag` = 0 ORDER BY `rechargeid` desc LIMIT 0,15   [ RunTime:0.0002s ]
NOTIC: [8] Undefined index: createstaffid /home/www/hqjhc/backend/Funds/Controller/RechargeController.class.php 第 45 行.
SQL: SHOW COLUMNS FROM `hqjhc_users` [ RunTime:0.0004s ]
SQL: SELECT * FROM `hqjhc_users` WHERE `userid` = 24 LIMIT 1   [ RunTime:0.0002s ]
NOTIC: [8] Undefined index: createstaffid /home/www/hqjhc/backend/Funds/Controller/RechargeController.class.php 第 45 行.
SQL: SELECT * FROM `hqjhc_users` WHERE `userid` = 24 LIMIT 1   [ RunTime:0.0002s ]
NOTIC: [8] Undefined index: createstaffid /home/www/hqjhc/backend/Funds/Controller/RechargeController.class.php 第 45 行.
SQL: SELECT * FROM `hqjhc_users` WHERE `userid` = 24 LIMIT 1   [ RunTime:0.0002s ]
NOTIC: [8] Undefined index: createstaffid /home/www/hqjhc/backend/Funds/Controller/RechargeController.class.php 第 45 行.
SQL: SELECT * FROM `hqjhc_users` WHERE `userid` = 24 LIMIT 1   [ RunTime:0.0002s ]
NOTIC: [8] Undefined index: createstaffid /home/www/hqjhc/backend/Funds/Controller/RechargeController.class.php 第 45 行.
SQL: SELECT * FROM `hqjhc_users` WHERE `userid` = 24 LIMIT 1   [ RunTime:0.0001s ]
NOTIC: [8] Undefined index: createstaffid /home/www/hqjhc/backend/Funds/Controller/RechargeController.class.php 第 45 行.
SQL: SELECT * FROM `hqjhc_users` WHERE `userid` = 24 LIMIT 1   [ RunTime:0.0002s ]
NOTIC: [8] Undefined index: createstaffid /home/www/hqjhc/backend/Funds/Controller/RechargeController.class.php 第 45 行.
SQL: SELECT * FROM `hqjhc_users` WHERE `userid` = 24 LIMIT 1   [ RunTime:0.0001s ]
NOTIC: [8] Undefined index: createstaffid /home/www/hqjhc/backend/Funds/Controller/RechargeController.class.php 第 45 行.
SQL: SELECT * FROM `hqjhc_users` WHERE `userid` = 24 LIMIT 1   [ RunTime:0.0001s ]
NOTIC: [8] Undefined index: createstaffid /home/www/hqjhc/backend/Funds/Controller/RechargeController.class.php 第 45 行.
SQL: SELECT * FROM `hqjhc_users` WHERE `userid` = null LIMIT 1   [ RunTime:0.0001s ]
NOTIC: [8] Undefined index: createstaffid /home/www/hqjhc/backend/Funds/Controller/RechargeController.class.php 第 45 行.
SQL: SELECT * FROM `hqjhc_users` WHERE `userid` = 4 LIMIT 1   [ RunTime:0.0001s ]
NOTIC: [8] Undefined index: createstaffid /home/www/hqjhc/backend/Funds/Controller/RechargeController.class.php 第 45 行.
SQL: SELECT * FROM `hqjhc_users` WHERE `userid` = 14 LIMIT 1   [ RunTime:0.0002s ]
NOTIC: [8] Undefined index: createstaffid /home/www/hqjhc/backend/Funds/Controller/RechargeController.class.php 第 45 行.
SQL: SELECT * FROM `hqjhc_users` WHERE `userid` = 14 LIMIT 1   [ RunTime:0.0001s ]
NOTIC: [8] Undefined index: createstaffid /home/www/hqjhc/backend/Funds/Controller/RechargeController.class.php 第 45 行.
SQL: SELECT * FROM `hqjhc_users` WHERE `userid` = 14 LIMIT 1   [ RunTime:0.0001s ]
NOTIC: [8] Undefined index: createstaffid /home/www/hqjhc/backend/Funds/Controller/RechargeController.class.php 第 45 行.
SQL: SELECT * FROM `hqjhc_users` WHERE `userid` = 14 LIMIT 1   [ RunTime:0.0002s ]
NOTIC: [8] Undefined index: createstaffid /home/www/hqjhc/backend/Funds/Controller/RechargeController.class.php 第 45 行.
SQL: SELECT * FROM `hqjhc_users` WHERE `userid` = 14 LIMIT 1   [ RunTime:0.0001s ]
INFO: [ view_parse ] --START--
INFO: [ template_filter ] --START--
INFO: Run Behavior\ContentReplaceBehavior [ RunTime:0.000072s ]
INFO: [ template_filter ] --END-- [ RunTime:0.000086s ]
NOTIC: [8] Undefined property: Think\Storage\Driver\File::$_data /home/www/hqjhc/backend/Runtime/Cache/Funds/5e8409fde3d229100bf44885de0a7dbf.php 第 244 行.
INFO: Run Behavior\ParseTemplateBehavior [ RunTime:0.007123s ]
INFO: [ view_parse ] --END-- [ RunTime:0.007137s ]
INFO: [ view_filter ] --START--
INFO: Run Behavior\WriteHtmlCacheBehavior [ RunTime:0.000072s ]
INFO: [ view_filter ] --END-- [ RunTime:0.000082s ]
INFO: [ app_end ] --START--
INFO: Run Behavior\ShowPageTraceBehavior [ RunTime:0.000224s ]
INFO: [ app_end ] --END-- [ RunTime:0.000237s ]

