[ 2018-02-13T19:56:54+08:00 ] 114.83.92.198 /admin.php/Funds/Recharge/index.html
INFO: [ app_init ] --START--
INFO: Run Behavior\BuildLiteBehavior [ RunTime:0.000006s ]
INFO: [ app_init ] --END-- [ RunTime:0.000188s ]
INFO: [ app_begin ] --START--
INFO: Run Behavior\ReadHtmlCacheBehavior [ RunTime:0.000234s ]
INFO: [ app_begin ] --END-- [ RunTime:0.000250s ]
NOTIC: [8] A session had already been started - ignoring session_start() /home/www/hqjhc/ThinkPHP/Common/functions.php 第 1263 行.
SQL: SHOW COLUMNS FROM `hqjhc_staffs` [ RunTime:0.0005s ]
SQL: SHOW COLUMNS FROM `hqjhc_staffs` [ RunTime:0.0004s ]
SQL: SELECT * FROM `hqjhc_staffs` WHERE `stffid` = 6 LIMIT 1   [ RunTime:0.0002s ]
SQL: SHOW COLUMNS FROM `hqjhc_recharge` [ RunTime:0.0009s ]
SQL: SELECT COUNT(*) AS tp_count FROM `hqjhc_recharge` WHERE `dataFlag` = 0 LIMIT 1   [ RunTime:0.0002s ]
SQL: SELECT * FROM `hqjhc_recharge` WHERE `dataFlag` = 0 ORDER BY `rechargeid` desc LIMIT 0,15   [ RunTime:0.0002s ]
NOTIC: [8] Undefined index: createstaffid /home/www/hqjhc/backend/Funds/Controller/RechargeController.class.php 第 45 行.
SQL: SHOW COLUMNS FROM `hqjhc_users` [ RunTime:0.0004s ]
SQL: SELECT * FROM `hqjhc_users` WHERE `userid` = 33 LIMIT 1   [ RunTime:0.0002s ]
NOTIC: [8] Undefined index: createstaffid /home/www/hqjhc/backend/Funds/Controller/RechargeController.class.php 第 45 行.
SQL: SELECT * FROM `hqjhc_users` WHERE `userid` = 33 LIMIT 1   [ RunTime:0.0002s ]
NOTIC: [8] Undefined index: createstaffid /home/www/hqjhc/backend/Funds/Controller/RechargeController.class.php 第 45 行.
SQL: SELECT * FROM `hqjhc_users` WHERE `userid` = 30 LIMIT 1   [ RunTime:0.0002s ]
NOTIC: [8] Undefined index: createstaffid /home/www/hqjhc/backend/Funds/Controller/RechargeController.class.php 第 45 行.
SQL: SELECT * FROM `hqjhc_users` WHERE `userid` = 30 LIMIT 1   [ RunTime:0.0002s ]
NOTIC: [8] Undefined index: createstaffid /home/www/hqjhc/backend/Funds/Controller/RechargeController.class.php 第 45 行.
SQL: SELECT * FROM `hqjhc_users` WHERE `userid` = 33 LIMIT 1   [ RunTime:0.0002s ]
NOTIC: [8] Undefined index: createstaffid /home/www/hqjhc/backend/Funds/Controller/RechargeController.class.php 第 45 行.
SQL: SELECT * FROM `hqjhc_users` WHERE `userid` = 33 LIMIT 1   [ RunTime:0.0002s ]
NOTIC: [8] Undefined index: createstaffid /home/www/hqjhc/backend/Funds/Controller/RechargeController.class.php 第 45 行.
SQL: SELECT * FROM `hqjhc_users` WHERE `userid` = 51 LIMIT 1   [ RunTime:0.0002s ]
NOTIC: [8] Undefined index: createstaffid /home/www/hqjhc/backend/Funds/Controller/RechargeController.class.php 第 45 行.
SQL: SELECT * FROM `hqjhc_users` WHERE `userid` = 51 LIMIT 1   [ RunTime:0.0002s ]
NOTIC: [8] Undefined index: createstaffid /home/www/hqjhc/backend/Funds/Controller/RechargeController.class.php 第 45 行.
SQL: SELECT * FROM `hqjhc_users` WHERE `userid` = 38 LIMIT 1   [ RunTime:0.0002s ]
NOTIC: [8] Undefined index: createstaffid /home/www/hqjhc/backend/Funds/Controller/RechargeController.class.php 第 45 行.
SQL: SELECT * FROM `hqjhc_users` WHERE `userid` = 38 LIMIT 1   [ RunTime:0.0002s ]
NOTIC: [8] Undefined index: createstaffid /home/www/hqjhc/backend/Funds/Controller/RechargeController.class.php 第 45 行.
SQL: SELECT * FROM `hqjhc_users` WHERE `userid` = 38 LIMIT 1   [ RunTime:0.0002s ]
NOTIC: [8] Undefined index: createstaffid /home/www/hqjhc/backend/Funds/Controller/RechargeController.class.php 第 45 行.
SQL: SELECT * FROM `hqjhc_users` WHERE `userid` = 38 LIMIT 1   [ RunTime:0.0002s ]
NOTIC: [8] Undefined index: createstaffid /home/www/hqjhc/backend/Funds/Controller/RechargeController.class.php 第 45 行.
SQL: SELECT * FROM `hqjhc_users` WHERE `userid` = 38 LIMIT 1   [ RunTime:0.0002s ]
NOTIC: [8] Undefined index: createstaffid /home/www/hqjhc/backend/Funds/Controller/RechargeController.class.php 第 45 行.
SQL: SELECT * FROM `hqjhc_users` WHERE `userid` = 33 LIMIT 1   [ RunTime:0.0002s ]
NOTIC: [8] Undefined index: createstaffid /home/www/hqjhc/backend/Funds/Controller/RechargeController.class.php 第 45 行.
SQL: SELECT * FROM `hqjhc_users` WHERE `userid` = 32 LIMIT 1   [ RunTime:0.0002s ]
INFO: [ view_parse ] --START--
INFO: [ template_filter ] --START--
INFO: Run Behavior\ContentReplaceBehavior [ RunTime:0.000075s ]
INFO: [ template_filter ] --END-- [ RunTime:0.000097s ]
NOTIC: [8] Undefined property: Think\Storage\Driver\File::$_data /home/www/hqjhc/backend/Runtime/Cache/Funds/5e8409fde3d229100bf44885de0a7dbf.php 第 244 行.
INFO: Run Behavior\ParseTemplateBehavior [ RunTime:0.007896s ]
INFO: [ view_parse ] --END-- [ RunTime:0.007913s ]
INFO: [ view_filter ] --START--
INFO: Run Behavior\WriteHtmlCacheBehavior [ RunTime:0.000077s ]
INFO: [ view_filter ] --END-- [ RunTime:0.000091s ]
INFO: [ app_end ] --START--
INFO: Run Behavior\ShowPageTraceBehavior [ RunTime:0.000275s ]
INFO: [ app_end ] --END-- [ RunTime:0.000291s ]

[ 2018-02-13T19:56:55+08:00 ] 42.156.251.195 /admin.php/funds/recharge/index.html
INFO: [ app_init ] --START--
INFO: Run Behavior\BuildLiteBehavior [ RunTime:0.000006s ]
INFO: [ app_init ] --END-- [ RunTime:0.000181s ]
INFO: [ app_begin ] --START--
INFO: Run Behavior\ReadHtmlCacheBehavior [ RunTime:0.000226s ]
INFO: [ app_begin ] --END-- [ RunTime:0.000243s ]
NOTIC: [8] A session had already been started - ignoring session_start() /home/www/hqjhc/ThinkPHP/Common/functions.php 第 1263 行.
SQL: SHOW COLUMNS FROM `hqjhc_staffs` [ RunTime:0.0006s ]

[ 2018-02-13T19:56:55+08:00 ] 42.156.251.195 /admin.php/funds/recharge/index.html
INFO: [ app_init ] --START--
INFO: Run Behavior\BuildLiteBehavior [ RunTime:0.000006s ]
INFO: [ app_init ] --END-- [ RunTime:0.000178s ]
INFO: [ app_begin ] --START--
INFO: Run Behavior\ReadHtmlCacheBehavior [ RunTime:0.000237s ]
INFO: [ app_begin ] --END-- [ RunTime:0.000253s ]
NOTIC: [8] A session had already been started - ignoring session_start() /home/www/hqjhc/ThinkPHP/Common/functions.php 第 1263 行.
SQL: SHOW COLUMNS FROM `hqjhc_staffs` [ RunTime:0.0005s ]

[ 2018-02-13T19:57:03+08:00 ] 114.83.92.198 /admin.php/Funds/Recharge/index/p/11.html
INFO: [ app_init ] --START--
INFO: Run Behavior\BuildLiteBehavior [ RunTime:0.000006s ]
INFO: [ app_init ] --END-- [ RunTime:0.000171s ]
INFO: [ app_begin ] --START--
INFO: Run Behavior\ReadHtmlCacheBehavior [ RunTime:0.000238s ]
INFO: [ app_begin ] --END-- [ RunTime:0.000256s ]
NOTIC: [8] A session had already been started - ignoring session_start() /home/www/hqjhc/ThinkPHP/Common/functions.php 第 1263 行.
SQL: SHOW COLUMNS FROM `hqjhc_staffs` [ RunTime:0.0006s ]
SQL: SHOW COLUMNS FROM `hqjhc_staffs` [ RunTime:0.0004s ]
SQL: SELECT * FROM `hqjhc_staffs` WHERE `stffid` = 6 LIMIT 1   [ RunTime:0.0002s ]
SQL: SHOW COLUMNS FROM `hqjhc_users` [ RunTime:0.0004s ]
SQL: SELECT * FROM `hqjhc_users` WHERE `loginName` = '' LIMIT 1   [ RunTime:0.0003s ]
SQL: SHOW COLUMNS FROM `hqjhc_recharge` [ RunTime:0.0003s ]
SQL: SELECT COUNT(*) AS tp_count FROM `hqjhc_recharge` WHERE `createTime` > '' AND `dataFlag` = 0 LIMIT 1   [ RunTime:0.0003s ]
SQL: SELECT * FROM `hqjhc_recharge` WHERE `createTime` > '' AND `dataFlag` = 0 ORDER BY `rechargeid` desc LIMIT 150,15   [ RunTime:0.0004s ]
NOTIC: [8] Undefined index: createstaffid /home/www/hqjhc/backend/Funds/Controller/RechargeController.class.php 第 45 行.
SQL: SELECT * FROM `hqjhc_users` WHERE `userid` = null LIMIT 1   [ RunTime:0.0002s ]
NOTIC: [8] Undefined index: createstaffid /home/www/hqjhc/backend/Funds/Controller/RechargeController.class.php 第 45 行.
SQL: SELECT * FROM `hqjhc_users` WHERE `userid` = null LIMIT 1   [ RunTime:0.0002s ]
NOTIC: [8] Undefined index: createstaffid /home/www/hqjhc/backend/Funds/Controller/RechargeController.class.php 第 45 行.
SQL: SELECT * FROM `hqjhc_users` WHERE `userid` = null LIMIT 1   [ RunTime:0.0002s ]
NOTIC: [8] Undefined index: createstaffid /home/www/hqjhc/backend/Funds/Controller/RechargeController.class.php 第 45 行.
SQL: SELECT * FROM `hqjhc_users` WHERE `userid` = null LIMIT 1   [ RunTime:0.0001s ]
NOTIC: [8] Undefined index: createstaffid /home/www/hqjhc/backend/Funds/Controller/RechargeController.class.php 第 45 行.
SQL: SELECT * FROM `hqjhc_users` WHERE `userid` = null LIMIT 1   [ RunTime:0.0001s ]
NOTIC: [8] Undefined index: createstaffid /home/www/hqjhc/backend/Funds/Controller/RechargeController.class.php 第 45 行.
SQL: SELECT * FROM `hqjhc_users` WHERE `userid` = null LIMIT 1   [ RunTime:0.0002s ]
NOTIC: [8] Undefined index: createstaffid /home/www/hqjhc/backend/Funds/Controller/RechargeController.class.php 第 45 行.
SQL: SELECT * FROM `hqjhc_users` WHERE `userid` = 2 LIMIT 1   [ RunTime:0.0002s ]
NOTIC: [8] Undefined index: createstaffid /home/www/hqjhc/backend/Funds/Controller/RechargeController.class.php 第 45 行.
SQL: SELECT * FROM `hqjhc_users` WHERE `userid` = 4 LIMIT 1   [ RunTime:0.0002s ]
NOTIC: [8] Undefined index: createstaffid /home/www/hqjhc/backend/Funds/Controller/RechargeController.class.php 第 45 行.
SQL: SELECT * FROM `hqjhc_users` WHERE `userid` = 10 LIMIT 1   [ RunTime:0.0002s ]
NOTIC: [8] Undefined index: createstaffid /home/www/hqjhc/backend/Funds/Controller/RechargeController.class.php 第 45 行.
SQL: SELECT * FROM `hqjhc_users` WHERE `userid` = 2 LIMIT 1   [ RunTime:0.0002s ]
NOTIC: [8] Undefined index: createstaffid /home/www/hqjhc/backend/Funds/Controller/RechargeController.class.php 第 45 行.
SQL: SELECT * FROM `hqjhc_users` WHERE `userid` = 2 LIMIT 1   [ RunTime:0.0002s ]
NOTIC: [8] Undefined index: createstaffid /home/www/hqjhc/backend/Funds/Controller/RechargeController.class.php 第 45 行.
SQL: SELECT * FROM `hqjhc_users` WHERE `userid` = 2 LIMIT 1   [ RunTime:0.0002s ]
NOTIC: [8] Undefined index: createstaffid /home/www/hqjhc/backend/Funds/Controller/RechargeController.class.php 第 45 行.
SQL: SELECT * FROM `hqjhc_users` WHERE `userid` = 2 LIMIT 1   [ RunTime:0.0002s ]
NOTIC: [8] Undefined index: createstaffid /home/www/hqjhc/backend/Funds/Controller/RechargeController.class.php 第 45 行.
SQL: SELECT * FROM `hqjhc_users` WHERE `userid` = 2 LIMIT 1   [ RunTime:0.0001s ]
NOTIC: [8] Undefined index: createstaffid /home/www/hqjhc/backend/Funds/Controller/RechargeController.class.php 第 45 行.
SQL: SELECT * FROM `hqjhc_users` WHERE `userid` = 2 LIMIT 1   [ RunTime:0.0001s ]
INFO: [ view_parse ] --START--
INFO: [ template_filter ] --START--
INFO: Run Behavior\ContentReplaceBehavior [ RunTime:0.000076s ]
INFO: [ template_filter ] --END-- [ RunTime:0.000093s ]
NOTIC: [8] Undefined property: Think\Storage\Driver\File::$_data /home/www/hqjhc/backend/Runtime/Cache/Funds/5e8409fde3d229100bf44885de0a7dbf.php 第 244 行.
INFO: Run Behavior\ParseTemplateBehavior [ RunTime:0.008214s ]
INFO: [ view_parse ] --END-- [ RunTime:0.008231s ]
INFO: [ view_filter ] --START--
INFO: Run Behavior\WriteHtmlCacheBehavior [ RunTime:0.000085s ]
INFO: [ view_filter ] --END-- [ RunTime:0.000099s ]
INFO: [ app_end ] --START--
INFO: Run Behavior\ShowPageTraceBehavior [ RunTime:0.000271s ]
INFO: [ app_end ] --END-- [ RunTime:0.000288s ]

[ 2018-02-13T19:57:07+08:00 ] 114.83.92.198 /admin.php/Funds/Ordersettlement/index.html
INFO: [ app_init ] --START--
INFO: Run Behavior\BuildLiteBehavior [ RunTime:0.000009s ]
INFO: [ app_init ] --END-- [ RunTime:0.000254s ]
INFO: [ app_begin ] --START--
INFO: Run Behavior\ReadHtmlCacheBehavior [ RunTime:0.000362s ]
INFO: [ app_begin ] --END-- [ RunTime:0.000386s ]
NOTIC: [8] A session had already been started - ignoring session_start() /home/www/hqjhc/ThinkPHP/Common/functions.php 第 1263 行.
SQL: SHOW COLUMNS FROM `hqjhc_staffs` [ RunTime:0.0008s ]
SQL: SHOW COLUMNS FROM `hqjhc_staffs` [ RunTime:0.0005s ]
SQL: SELECT * FROM `hqjhc_staffs` WHERE `stffid` = 6 LIMIT 1   [ RunTime:0.0003s ]
SQL: SHOW COLUMNS FROM `hqjhc_order_settlement` [ RunTime:0.0006s ]
SQL: SELECT COUNT(*) AS tp_count FROM `hqjhc_order_settlement` WHERE `dataFlag` = 0 LIMIT 1   [ RunTime:0.0003s ]
SQL: SELECT * FROM `hqjhc_order_settlement` WHERE `dataFlag` = 0 ORDER BY `ordersettleid` desc LIMIT 0,15   [ RunTime:0.0003s ]
INFO: [ view_parse ] --START--
INFO: [ template_filter ] --START--
INFO: Run Behavior\ContentReplaceBehavior [ RunTime:0.000077s ]
INFO: [ template_filter ] --END-- [ RunTime:0.000094s ]
NOTIC: [8] Undefined property: Think\Storage\Driver\File::$_data /home/www/hqjhc/backend/Runtime/Cache/Funds/2327a953fb7e79643a3a06745e876629.php 第 244 行.
NOTIC: [8] Undefined index: username /home/www/hqjhc/backend/Runtime/Cache/Funds/2327a953fb7e79643a3a06745e876629.php 第 610 行.
NOTIC: [8] Undefined index: examount /home/www/hqjhc/backend/Runtime/Cache/Funds/2327a953fb7e79643a3a06745e876629.php 第 612 行.
NOTIC: [8] Undefined index: username /home/www/hqjhc/backend/Runtime/Cache/Funds/2327a953fb7e79643a3a06745e876629.php 第 610 行.
NOTIC: [8] Undefined index: examount /home/www/hqjhc/backend/Runtime/Cache/Funds/2327a953fb7e79643a3a06745e876629.php 第 612 行.
NOTIC: [8] Undefined index: username /home/www/hqjhc/backend/Runtime/Cache/Funds/2327a953fb7e79643a3a06745e876629.php 第 610 行.
NOTIC: [8] Undefined index: examount /home/www/hqjhc/backend/Runtime/Cache/Funds/2327a953fb7e79643a3a06745e876629.php 第 612 行.
NOTIC: [8] Undefined index: username /home/www/hqjhc/backend/Runtime/Cache/Funds/2327a953fb7e79643a3a06745e876629.php 第 610 行.
NOTIC: [8] Undefined index: examount /home/www/hqjhc/backend/Runtime/Cache/Funds/2327a953fb7e79643a3a06745e876629.php 第 612 行.
NOTIC: [8] Undefined index: username /home/www/hqjhc/backend/Runtime/Cache/Funds/2327a953fb7e79643a3a06745e876629.php 第 610 行.
NOTIC: [8] Undefined index: examount /home/www/hqjhc/backend/Runtime/Cache/Funds/2327a953fb7e79643a3a06745e876629.php 第 612 行.
NOTIC: [8] Undefined index: username /home/www/hqjhc/backend/Runtime/Cache/Funds/2327a953fb7e79643a3a06745e876629.php 第 610 行.
NOTIC: [8] Undefined index: examount /home/www/hqjhc/backend/Runtime/Cache/Funds/2327a953fb7e79643a3a06745e876629.php 第 612 行.
NOTIC: [8] Undefined index: username /home/www/hqjhc/backend/Runtime/Cache/Funds/2327a953fb7e79643a3a06745e876629.php 第 610 行.
NOTIC: [8] Undefined index: examount /home/www/hqjhc/backend/Runtime/Cache/Funds/2327a953fb7e79643a3a06745e876629.php 第 612 行.
NOTIC: [8] Undefined index: username /home/www/hqjhc/backend/Runtime/Cache/Funds/2327a953fb7e79643a3a06745e876629.php 第 610 行.
NOTIC: [8] Undefined index: examount /home/www/hqjhc/backend/Runtime/Cache/Funds/2327a953fb7e79643a3a06745e876629.php 第 612 行.
NOTIC: [8] Undefined index: username /home/www/hqjhc/backend/Runtime/Cache/Funds/2327a953fb7e79643a3a06745e876629.php 第 610 行.
NOTIC: [8] Undefined index: examount /home/www/hqjhc/backend/Runtime/Cache/Funds/2327a953fb7e79643a3a06745e876629.php 第 612 行.
NOTIC: [8] Undefined index: username /home/www/hqjhc/backend/Runtime/Cache/Funds/2327a953fb7e79643a3a06745e876629.php 第 610 行.
NOTIC: [8] Undefined index: examount /home/www/hqjhc/backend/Runtime/Cache/Funds/2327a953fb7e79643a3a06745e876629.php 第 612 行.
NOTIC: [8] Undefined index: username /home/www/hqjhc/backend/Runtime/Cache/Funds/2327a953fb7e79643a3a06745e876629.php 第 610 行.
NOTIC: [8] Undefined index: examount /home/www/hqjhc/backend/Runtime/Cache/Funds/2327a953fb7e79643a3a06745e876629.php 第 612 行.
NOTIC: [8] Undefined index: username /home/www/hqjhc/backend/Runtime/Cache/Funds/2327a953fb7e79643a3a06745e876629.php 第 610 行.
NOTIC: [8] Undefined index: examount /home/www/hqjhc/backend/Runtime/Cache/Funds/2327a953fb7e79643a3a06745e876629.php 第 612 行.
NOTIC: [8] Undefined index: username /home/www/hqjhc/backend/Runtime/Cache/Funds/2327a953fb7e79643a3a06745e876629.php 第 610 行.
NOTIC: [8] Undefined index: examount /home/www/hqjhc/backend/Runtime/Cache/Funds/2327a953fb7e79643a3a06745e876629.php 第 612 行.
NOTIC: [8] Undefined index: username /home/www/hqjhc/backend/Runtime/Cache/Funds/2327a953fb7e79643a3a06745e876629.php 第 610 行.
NOTIC: [8] Undefined index: examount /home/www/hqjhc/backend/Runtime/Cache/Funds/2327a953fb7e79643a3a06745e876629.php 第 612 行.
NOTIC: [8] Undefined index: username /home/www/hqjhc/backend/Runtime/Cache/Funds/2327a953fb7e79643a3a06745e876629.php 第 610 行.
NOTIC: [8] Undefined index: examount /home/www/hqjhc/backend/Runtime/Cache/Funds/2327a953fb7e79643a3a06745e876629.php 第 612 行.
INFO: Run Behavior\ParseTemplateBehavior [ RunTime:0.010424s ]
INFO: [ view_parse ] --END-- [ RunTime:0.010443s ]
INFO: [ view_filter ] --START--
INFO: Run Behavior\WriteHtmlCacheBehavior [ RunTime:0.000081s ]
INFO: [ view_filter ] --END-- [ RunTime:0.000095s ]
INFO: [ app_end ] --START--
INFO: Run Behavior\ShowPageTraceBehavior [ RunTime:0.000275s ]
INFO: [ app_end ] --END-- [ RunTime:0.000292s ]

[ 2018-02-13T19:57:11+08:00 ] 114.83.92.198 /admin.php/Funds/Viprecharge/index.html
INFO: [ app_init ] --START--
INFO: Run Behavior\BuildLiteBehavior [ RunTime:0.000005s ]
INFO: [ app_init ] --END-- [ RunTime:0.000177s ]
INFO: [ app_begin ] --START--
INFO: Run Behavior\ReadHtmlCacheBehavior [ RunTime:0.000225s ]
INFO: [ app_begin ] --END-- [ RunTime:0.000241s ]
NOTIC: [8] A session had already been started - ignoring session_start() /home/www/hqjhc/ThinkPHP/Common/functions.php 第 1263 行.
SQL: SHOW COLUMNS FROM `hqjhc_staffs` [ RunTime:0.0005s ]
SQL: SHOW COLUMNS FROM `hqjhc_staffs` [ RunTime:0.0003s ]
SQL: SELECT * FROM `hqjhc_staffs` WHERE `stffid` = 6 LIMIT 1   [ RunTime:0.0002s ]
SQL: SHOW COLUMNS FROM `hqjhc_viprecharge` [ RunTime:0.0004s ]
SQL: SELECT COUNT(*) AS tp_count FROM `hqjhc_viprecharge` WHERE `dataFlag` = 0 LIMIT 1   [ RunTime:0.0002s ]
SQL: SELECT * FROM `hqjhc_viprecharge` WHERE `dataFlag` = 0 ORDER BY `rechargeid` desc LIMIT 0,15   [ RunTime:0.0002s ]
NOTIC: [8] Undefined index: createstaffid /home/www/hqjhc/backend/Funds/Controller/ViprechargeController.class.php 第 42 行.
SQL: SHOW COLUMNS FROM `hqjhc_users` [ RunTime:0.0004s ]
SQL: SELECT * FROM `hqjhc_users` WHERE `userid` = 51 LIMIT 1   [ RunTime:0.0002s ]
NOTIC: [8] Undefined index: createstaffid /home/www/hqjhc/backend/Funds/Controller/ViprechargeController.class.php 第 42 行.
SQL: SELECT * FROM `hqjhc_users` WHERE `userid` = 51 LIMIT 1   [ RunTime:0.0002s ]
NOTIC: [8] Undefined index: createstaffid /home/www/hqjhc/backend/Funds/Controller/ViprechargeController.class.php 第 42 行.
SQL: SELECT * FROM `hqjhc_users` WHERE `userid` = 40 LIMIT 1   [ RunTime:0.0002s ]
NOTIC: [8] Undefined index: createstaffid /home/www/hqjhc/backend/Funds/Controller/ViprechargeController.class.php 第 42 行.
SQL: SELECT * FROM `hqjhc_users` WHERE `userid` = 43 LIMIT 1   [ RunTime:0.0002s ]
NOTIC: [8] Undefined index: createstaffid /home/www/hqjhc/backend/Funds/Controller/ViprechargeController.class.php 第 42 行.
SQL: SELECT * FROM `hqjhc_users` WHERE `userid` = 43 LIMIT 1   [ RunTime:0.0002s ]
NOTIC: [8] Undefined index: createstaffid /home/www/hqjhc/backend/Funds/Controller/ViprechargeController.class.php 第 42 行.
SQL: SELECT * FROM `hqjhc_users` WHERE `userid` = 43 LIMIT 1   [ RunTime:0.0002s ]
NOTIC: [8] Undefined index: createstaffid /home/www/hqjhc/backend/Funds/Controller/ViprechargeController.class.php 第 42 行.
SQL: SELECT * FROM `hqjhc_users` WHERE `userid` = 43 LIMIT 1   [ RunTime:0.0002s ]
NOTIC: [8] Undefined index: createstaffid /home/www/hqjhc/backend/Funds/Controller/ViprechargeController.class.php 第 42 行.
SQL: SELECT * FROM `hqjhc_users` WHERE `userid` = 43 LIMIT 1   [ RunTime:0.0002s ]
NOTIC: [8] Undefined index: createstaffid /home/www/hqjhc/backend/Funds/Controller/ViprechargeController.class.php 第 42 行.
SQL: SELECT * FROM `hqjhc_users` WHERE `userid` = 43 LIMIT 1   [ RunTime:0.0002s ]
NOTIC: [8] Undefined index: createstaffid /home/www/hqjhc/backend/Funds/Controller/ViprechargeController.class.php 第 42 行.
SQL: SELECT * FROM `hqjhc_users` WHERE `userid` = 43 LIMIT 1   [ RunTime:0.0002s ]
NOTIC: [8] Undefined index: createstaffid /home/www/hqjhc/backend/Funds/Controller/ViprechargeController.class.php 第 42 行.
SQL: SELECT * FROM `hqjhc_users` WHERE `userid` = 43 LIMIT 1   [ RunTime:0.0002s ]
NOTIC: [8] Undefined index: createstaffid /home/www/hqjhc/backend/Funds/Controller/ViprechargeController.class.php 第 42 行.
SQL: SELECT * FROM `hqjhc_users` WHERE `userid` = 43 LIMIT 1   [ RunTime:0.0002s ]
NOTIC: [8] Undefined index: createstaffid /home/www/hqjhc/backend/Funds/Controller/ViprechargeController.class.php 第 42 行.
SQL: SELECT * FROM `hqjhc_users` WHERE `userid` = 43 LIMIT 1   [ RunTime:0.0002s ]
NOTIC: [8] Undefined index: createstaffid /home/www/hqjhc/backend/Funds/Controller/ViprechargeController.class.php 第 42 行.
SQL: SELECT * FROM `hqjhc_users` WHERE `userid` = 43 LIMIT 1   [ RunTime:0.0002s ]
NOTIC: [8] Undefined index: createstaffid /home/www/hqjhc/backend/Funds/Controller/ViprechargeController.class.php 第 42 行.
SQL: SELECT * FROM `hqjhc_users` WHERE `userid` = 43 LIMIT 1   [ RunTime:0.0002s ]
INFO: [ view_parse ] --START--
INFO: [ template_filter ] --START--
INFO: Run Behavior\ContentReplaceBehavior [ RunTime:0.000075s ]
INFO: [ template_filter ] --END-- [ RunTime:0.000091s ]
NOTIC: [8] Undefined property: Think\Storage\Driver\File::$_data /home/www/hqjhc/backend/Runtime/Cache/Funds/62ae26d4c5b8ef06cf09026add181750.php 第 244 行.
INFO: Run Behavior\ParseTemplateBehavior [ RunTime:0.008290s ]
INFO: [ view_parse ] --END-- [ RunTime:0.008305s ]
INFO: [ view_filter ] --START--
INFO: Run Behavior\WriteHtmlCacheBehavior [ RunTime:0.000076s ]
INFO: [ view_filter ] --END-- [ RunTime:0.000088s ]
INFO: [ app_end ] --START--
INFO: Run Behavior\ShowPageTraceBehavior [ RunTime:0.000263s ]
INFO: [ app_end ] --END-- [ RunTime:0.000279s ]

[ 2018-02-13T19:57:14+08:00 ] 114.83.92.198 /admin.php/Funds/Userslogsmoneys/getpay.html
INFO: [ app_init ] --START--
INFO: Run Behavior\BuildLiteBehavior [ RunTime:0.000006s ]
INFO: [ app_init ] --END-- [ RunTime:0.000168s ]
INFO: [ app_begin ] --START--
INFO: Run Behavior\ReadHtmlCacheBehavior [ RunTime:0.000235s ]
INFO: [ app_begin ] --END-- [ RunTime:0.000251s ]
NOTIC: [8] A session had already been started - ignoring session_start() /home/www/hqjhc/ThinkPHP/Common/functions.php 第 1263 行.
SQL: SHOW COLUMNS FROM `hqjhc_staffs` [ RunTime:0.0006s ]
SQL: SHOW COLUMNS FROM `hqjhc_staffs` [ RunTime:0.0003s ]
SQL: SELECT * FROM `hqjhc_staffs` WHERE `stffid` = 6 LIMIT 1   [ RunTime:0.0002s ]
SQL: SHOW COLUMNS FROM `hqjhc_logs_moneys` [ RunTime:0.0010s ]
SQL: SELECT COUNT(*) AS tp_count FROM `hqjhc_logs_moneys` WHERE `accessType` = 2 LIMIT 1   [ RunTime:0.0002s ]
SQL: SELECT * FROM `hqjhc_logs_moneys` WHERE `accessType` = 2 ORDER BY `moneyid` desc LIMIT 0,15   [ RunTime:0.0002s ]
SQL: SHOW COLUMNS FROM `hqjhc_users` [ RunTime:0.0004s ]
SQL: SELECT * FROM `hqjhc_users` WHERE `userid` = 29 LIMIT 1   [ RunTime:0.0002s ]
SQL: SELECT * FROM `hqjhc_users` WHERE `userid` = 29 LIMIT 1   [ RunTime:0.0002s ]
SQL: SELECT * FROM `hqjhc_users` WHERE `userid` = 29 LIMIT 1   [ RunTime:0.0002s ]
SQL: SELECT * FROM `hqjhc_users` WHERE `userid` = 29 LIMIT 1   [ RunTime:0.0002s ]
SQL: SELECT * FROM `hqjhc_users` WHERE `userid` = 29 LIMIT 1   [ RunTime:0.0002s ]
SQL: SELECT * FROM `hqjhc_users` WHERE `userid` = 29 LIMIT 1   [ RunTime:0.0002s ]
SQL: SELECT * FROM `hqjhc_users` WHERE `userid` = 29 LIMIT 1   [ RunTime:0.0002s ]
SQL: SELECT * FROM `hqjhc_users` WHERE `userid` = 29 LIMIT 1   [ RunTime:0.0002s ]
SQL: SELECT * FROM `hqjhc_users` WHERE `userid` = 29 LIMIT 1   [ RunTime:0.0002s ]
SQL: SELECT * FROM `hqjhc_users` WHERE `userid` = 51 LIMIT 1   [ RunTime:0.0002s ]
SQL: SELECT * FROM `hqjhc_users` WHERE `userid` = 40 LIMIT 1   [ RunTime:0.0002s ]
SQL: SELECT * FROM `hqjhc_users` WHERE `userid` = null LIMIT 1   [ RunTime:0.0001s ]
SQL: SELECT * FROM `hqjhc_users` WHERE `userid` = 29 LIMIT 1   [ RunTime:0.0002s ]
SQL: SELECT * FROM `hqjhc_users` WHERE `userid` = 29 LIMIT 1   [ RunTime:0.0002s ]
SQL: SELECT * FROM `hqjhc_users` WHERE `userid` = null LIMIT 1   [ RunTime:0.0001s ]
INFO: [ view_parse ] --START--
INFO: [ template_filter ] --START--
INFO: Run Behavior\ContentReplaceBehavior [ RunTime:0.000084s ]
INFO: [ template_filter ] --END-- [ RunTime:0.000102s ]
NOTIC: [8] Undefined property: Think\Storage\Driver\File::$_data /home/www/hqjhc/backend/Runtime/Cache/Funds/de106a040890cf181e06492af0e60dc1.php 第 244 行.
INFO: Run Behavior\ParseTemplateBehavior [ RunTime:0.008488s ]
INFO: [ view_parse ] --END-- [ RunTime:0.008504s ]
INFO: [ view_filter ] --START--
INFO: Run Behavior\WriteHtmlCacheBehavior [ RunTime:0.000075s ]
INFO: [ view_filter ] --END-- [ RunTime:0.000088s ]
INFO: [ app_end ] --START--
INFO: Run Behavior\ShowPageTraceBehavior [ RunTime:0.000276s ]
INFO: [ app_end ] --END-- [ RunTime:0.000292s ]

[ 2018-02-13T19:57:15+08:00 ] 42.156.251.195 /admin.php/funds/userslogsmoneys/getpay.html
INFO: [ app_init ] --START--
INFO: Run Behavior\BuildLiteBehavior [ RunTime:0.000007s ]
INFO: [ app_init ] --END-- [ RunTime:0.000176s ]
INFO: [ app_begin ] --START--
INFO: Run Behavior\ReadHtmlCacheBehavior [ RunTime:0.000227s ]
INFO: [ app_begin ] --END-- [ RunTime:0.000244s ]
NOTIC: [8] A session had already been started - ignoring session_start() /home/www/hqjhc/ThinkPHP/Common/functions.php 第 1263 行.
SQL: SHOW COLUMNS FROM `hqjhc_staffs` [ RunTime:0.0006s ]

[ 2018-02-13T19:57:15+08:00 ] 42.156.251.195 /admin.php/funds/userslogsmoneys/getpay.html
INFO: [ app_init ] --START--
INFO: Run Behavior\BuildLiteBehavior [ RunTime:0.000005s ]
INFO: [ app_init ] --END-- [ RunTime:0.000157s ]
INFO: [ app_begin ] --START--
INFO: Run Behavior\ReadHtmlCacheBehavior [ RunTime:0.000239s ]
INFO: [ app_begin ] --END-- [ RunTime:0.000255s ]
NOTIC: [8] A session had already been started - ignoring session_start() /home/www/hqjhc/ThinkPHP/Common/functions.php 第 1263 行.
SQL: SHOW COLUMNS FROM `hqjhc_staffs` [ RunTime:0.0005s ]

[ 2018-02-13T19:57:32+08:00 ] 42.156.250.243 /admin.php/funds/ordersettlement/index.html
INFO: [ app_init ] --START--
INFO: Run Behavior\BuildLiteBehavior [ RunTime:0.000006s ]
INFO: [ app_init ] --END-- [ RunTime:0.000180s ]
INFO: [ app_begin ] --START--
INFO: Run Behavior\ReadHtmlCacheBehavior [ RunTime:0.000232s ]
INFO: [ app_begin ] --END-- [ RunTime:0.000250s ]
NOTIC: [8] A session had already been started - ignoring session_start() /home/www/hqjhc/ThinkPHP/Common/functions.php 第 1263 行.
SQL: SHOW COLUMNS FROM `hqjhc_staffs` [ RunTime:0.0006s ]

[ 2018-02-13T19:57:32+08:00 ] 42.156.250.243 /admin.php/funds/ordersettlement/index.html
INFO: [ app_init ] --START--
INFO: Run Behavior\BuildLiteBehavior [ RunTime:0.000006s ]
INFO: [ app_init ] --END-- [ RunTime:0.000165s ]
INFO: [ app_begin ] --START--
INFO: Run Behavior\ReadHtmlCacheBehavior [ RunTime:0.000224s ]
INFO: [ app_begin ] --END-- [ RunTime:0.000242s ]
NOTIC: [8] A session had already been started - ignoring session_start() /home/www/hqjhc/ThinkPHP/Common/functions.php 第 1263 行.
SQL: SHOW COLUMNS FROM `hqjhc_staffs` [ RunTime:0.0005s ]

[ 2018-02-13T20:10:09+08:00 ] 42.156.251.206 /admin.php/funds/recharge/index/p/11.html
INFO: [ app_init ] --START--
INFO: Run Behavior\BuildLiteBehavior [ RunTime:0.000007s ]
INFO: [ app_init ] --END-- [ RunTime:0.000193s ]
INFO: [ app_begin ] --START--
INFO: Run Behavior\ReadHtmlCacheBehavior [ RunTime:0.000276s ]
INFO: [ app_begin ] --END-- [ RunTime:0.000296s ]
NOTIC: [8] A session had already been started - ignoring session_start() /home/www/hqjhc/ThinkPHP/Common/functions.php 第 1263 行.
SQL: SHOW COLUMNS FROM `hqjhc_staffs` [ RunTime:0.0006s ]

[ 2018-02-13T20:10:09+08:00 ] 42.156.251.206 /admin.php/funds/recharge/index/p/11.html
INFO: [ app_init ] --START--
INFO: Run Behavior\BuildLiteBehavior [ RunTime:0.000005s ]
INFO: [ app_init ] --END-- [ RunTime:0.000171s ]
INFO: [ app_begin ] --START--
INFO: Run Behavior\ReadHtmlCacheBehavior [ RunTime:0.000227s ]
INFO: [ app_begin ] --END-- [ RunTime:0.000244s ]
NOTIC: [8] A session had already been started - ignoring session_start() /home/www/hqjhc/ThinkPHP/Common/functions.php 第 1263 行.
SQL: SHOW COLUMNS FROM `hqjhc_staffs` [ RunTime:0.0005s ]

