[ 2018-03-04T20:24:08+08:00 ] 114.83.92.198 /admin.php/Funds/Recharge/index.html
INFO: [ app_init ] --START--
INFO: Run Behavior\BuildLiteBehavior [ RunTime:0.000007s ]
INFO: [ app_init ] --END-- [ RunTime:0.000169s ]
INFO: [ app_begin ] --START--
INFO: Run Behavior\ReadHtmlCacheBehavior [ RunTime:0.000237s ]
INFO: [ app_begin ] --END-- [ RunTime:0.000254s ]
NOTIC: [8] A session had already been started - ignoring session_start() /home/www/hqjhc/ThinkPHP/Common/functions.php 第 1263 行.
SQL: SHOW COLUMNS FROM `hqjhc_staffs` [ RunTime:0.0005s ]
SQL: SHOW COLUMNS FROM `hqjhc_staffs` [ RunTime:0.0003s ]
SQL: SELECT * FROM `hqjhc_staffs` WHERE `stffid` = 6 LIMIT 1   [ RunTime:0.0002s ]
SQL: SHOW COLUMNS FROM `hqjhc_recharge` [ RunTime:0.0003s ]
SQL: SELECT COUNT(*) AS tp_count FROM `hqjhc_recharge` WHERE `dataFlag` = 0 LIMIT 1   [ RunTime:0.0002s ]
SQL: SELECT * FROM `hqjhc_recharge` WHERE `dataFlag` = 0 ORDER BY `rechargeid` desc LIMIT 0,15   [ RunTime:0.0002s ]
NOTIC: [8] Undefined index: createstaffid /home/www/hqjhc/backend/Funds/Controller/RechargeController.class.php 第 45 行.
SQL: SHOW COLUMNS FROM `hqjhc_users` [ RunTime:0.0004s ]
SQL: SELECT * FROM `hqjhc_users` WHERE `userid` = 33 LIMIT 1   [ RunTime:0.0002s ]
NOTIC: [8] Undefined index: createstaffid /home/www/hqjhc/backend/Funds/Controller/RechargeController.class.php 第 45 行.
SQL: SELECT * FROM `hqjhc_users` WHERE `userid` = 33 LIMIT 1   [ RunTime:0.0002s ]
NOTIC: [8] Undefined index: createstaffid /home/www/hqjhc/backend/Funds/Controller/RechargeController.class.php 第 45 行.
SQL: SELECT * FROM `hqjhc_users` WHERE `userid` = 30 LIMIT 1   [ RunTime:0.0002s ]
NOTIC: [8] Undefined index: createstaffid /home/www/hqjhc/backend/Funds/Controller/RechargeController.class.php 第 45 行.
SQL: SELECT * FROM `hqjhc_users` WHERE `userid` = 30 LIMIT 1   [ RunTime:0.0002s ]
NOTIC: [8] Undefined index: createstaffid /home/www/hqjhc/backend/Funds/Controller/RechargeController.class.php 第 45 行.
SQL: SELECT * FROM `hqjhc_users` WHERE `userid` = 33 LIMIT 1   [ RunTime:0.0002s ]
NOTIC: [8] Undefined index: createstaffid /home/www/hqjhc/backend/Funds/Controller/RechargeController.class.php 第 45 行.
SQL: SELECT * FROM `hqjhc_users` WHERE `userid` = 33 LIMIT 1   [ RunTime:0.0002s ]
NOTIC: [8] Undefined index: createstaffid /home/www/hqjhc/backend/Funds/Controller/RechargeController.class.php 第 45 行.
SQL: SELECT * FROM `hqjhc_users` WHERE `userid` = 51 LIMIT 1   [ RunTime:0.0002s ]
NOTIC: [8] Undefined index: createstaffid /home/www/hqjhc/backend/Funds/Controller/RechargeController.class.php 第 45 行.
SQL: SELECT * FROM `hqjhc_users` WHERE `userid` = 51 LIMIT 1   [ RunTime:0.0002s ]
NOTIC: [8] Undefined index: createstaffid /home/www/hqjhc/backend/Funds/Controller/RechargeController.class.php 第 45 行.
SQL: SELECT * FROM `hqjhc_users` WHERE `userid` = 38 LIMIT 1   [ RunTime:0.0002s ]
NOTIC: [8] Undefined index: createstaffid /home/www/hqjhc/backend/Funds/Controller/RechargeController.class.php 第 45 行.
SQL: SELECT * FROM `hqjhc_users` WHERE `userid` = 38 LIMIT 1   [ RunTime:0.0002s ]
NOTIC: [8] Undefined index: createstaffid /home/www/hqjhc/backend/Funds/Controller/RechargeController.class.php 第 45 行.
SQL: SELECT * FROM `hqjhc_users` WHERE `userid` = 38 LIMIT 1   [ RunTime:0.0002s ]
NOTIC: [8] Undefined index: createstaffid /home/www/hqjhc/backend/Funds/Controller/RechargeController.class.php 第 45 行.
SQL: SELECT * FROM `hqjhc_users` WHERE `userid` = 38 LIMIT 1   [ RunTime:0.0002s ]
NOTIC: [8] Undefined index: createstaffid /home/www/hqjhc/backend/Funds/Controller/RechargeController.class.php 第 45 行.
SQL: SELECT * FROM `hqjhc_users` WHERE `userid` = 38 LIMIT 1   [ RunTime:0.0002s ]
NOTIC: [8] Undefined index: createstaffid /home/www/hqjhc/backend/Funds/Controller/RechargeController.class.php 第 45 行.
SQL: SELECT * FROM `hqjhc_users` WHERE `userid` = 33 LIMIT 1   [ RunTime:0.0002s ]
NOTIC: [8] Undefined index: createstaffid /home/www/hqjhc/backend/Funds/Controller/RechargeController.class.php 第 45 行.
SQL: SELECT * FROM `hqjhc_users` WHERE `userid` = 32 LIMIT 1   [ RunTime:0.0002s ]
INFO: [ view_parse ] --START--
INFO: [ template_filter ] --START--
INFO: Run Behavior\ContentReplaceBehavior [ RunTime:0.000076s ]
INFO: [ template_filter ] --END-- [ RunTime:0.000093s ]
NOTIC: [8] Undefined property: Think\Storage\Driver\File::$_data /home/www/hqjhc/backend/Runtime/Cache/Funds/5e8409fde3d229100bf44885de0a7dbf.php 第 244 行.
INFO: Run Behavior\ParseTemplateBehavior [ RunTime:0.008404s ]
INFO: [ view_parse ] --END-- [ RunTime:0.008420s ]
INFO: [ view_filter ] --START--
INFO: Run Behavior\WriteHtmlCacheBehavior [ RunTime:0.000077s ]
INFO: [ view_filter ] --END-- [ RunTime:0.000090s ]
INFO: [ app_end ] --START--
INFO: Run Behavior\ShowPageTraceBehavior [ RunTime:0.000263s ]
INFO: [ app_end ] --END-- [ RunTime:0.000280s ]

[ 2018-03-04T20:24:14+08:00 ] 114.83.92.198 /admin.php/Funds/Ordersettlement/index.html
INFO: [ app_init ] --START--
INFO: Run Behavior\BuildLiteBehavior [ RunTime:0.000006s ]
INFO: [ app_init ] --END-- [ RunTime:0.000171s ]
INFO: [ app_begin ] --START--
INFO: Run Behavior\ReadHtmlCacheBehavior [ RunTime:0.000241s ]
INFO: [ app_begin ] --END-- [ RunTime:0.000257s ]
NOTIC: [8] A session had already been started - ignoring session_start() /home/www/hqjhc/ThinkPHP/Common/functions.php 第 1263 行.
SQL: SHOW COLUMNS FROM `hqjhc_staffs` [ RunTime:0.0006s ]
SQL: SHOW COLUMNS FROM `hqjhc_staffs` [ RunTime:0.0004s ]
SQL: SELECT * FROM `hqjhc_staffs` WHERE `stffid` = 6 LIMIT 1   [ RunTime:0.0002s ]
SQL: SHOW COLUMNS FROM `hqjhc_order_settlement` [ RunTime:0.0003s ]
SQL: SELECT COUNT(*) AS tp_count FROM `hqjhc_order_settlement` WHERE `dataFlag` = 0 LIMIT 1   [ RunTime:0.0002s ]
SQL: SELECT * FROM `hqjhc_order_settlement` WHERE `dataFlag` = 0 ORDER BY `ordersettleid` desc LIMIT 0,15   [ RunTime:0.0002s ]
INFO: [ view_parse ] --START--
INFO: [ template_filter ] --START--
INFO: Run Behavior\ContentReplaceBehavior [ RunTime:0.000077s ]
INFO: [ template_filter ] --END-- [ RunTime:0.000096s ]
NOTIC: [8] Undefined property: Think\Storage\Driver\File::$_data /home/www/hqjhc/backend/Runtime/Cache/Funds/2327a953fb7e79643a3a06745e876629.php 第 244 行.
NOTIC: [8] Undefined index: username /home/www/hqjhc/backend/Runtime/Cache/Funds/2327a953fb7e79643a3a06745e876629.php 第 610 行.
NOTIC: [8] Undefined index: examount /home/www/hqjhc/backend/Runtime/Cache/Funds/2327a953fb7e79643a3a06745e876629.php 第 612 行.
NOTIC: [8] Undefined index: username /home/www/hqjhc/backend/Runtime/Cache/Funds/2327a953fb7e79643a3a06745e876629.php 第 610 行.
NOTIC: [8] Undefined index: examount /home/www/hqjhc/backend/Runtime/Cache/Funds/2327a953fb7e79643a3a06745e876629.php 第 612 行.
NOTIC: [8] Undefined index: username /home/www/hqjhc/backend/Runtime/Cache/Funds/2327a953fb7e79643a3a06745e876629.php 第 610 行.
NOTIC: [8] Undefined index: examount /home/www/hqjhc/backend/Runtime/Cache/Funds/2327a953fb7e79643a3a06745e876629.php 第 612 行.
NOTIC: [8] Undefined index: username /home/www/hqjhc/backend/Runtime/Cache/Funds/2327a953fb7e79643a3a06745e876629.php 第 610 行.
NOTIC: [8] Undefined index: examount /home/www/hqjhc/backend/Runtime/Cache/Funds/2327a953fb7e79643a3a06745e876629.php 第 612 行.
NOTIC: [8] Undefined index: username /home/www/hqjhc/backend/Runtime/Cache/Funds/2327a953fb7e79643a3a06745e876629.php 第 610 行.
NOTIC: [8] Undefined index: examount /home/www/hqjhc/backend/Runtime/Cache/Funds/2327a953fb7e79643a3a06745e876629.php 第 612 行.
NOTIC: [8] Undefined index: username /home/www/hqjhc/backend/Runtime/Cache/Funds/2327a953fb7e79643a3a06745e876629.php 第 610 行.
NOTIC: [8] Undefined index: examount /home/www/hqjhc/backend/Runtime/Cache/Funds/2327a953fb7e79643a3a06745e876629.php 第 612 行.
NOTIC: [8] Undefined index: username /home/www/hqjhc/backend/Runtime/Cache/Funds/2327a953fb7e79643a3a06745e876629.php 第 610 行.
NOTIC: [8] Undefined index: examount /home/www/hqjhc/backend/Runtime/Cache/Funds/2327a953fb7e79643a3a06745e876629.php 第 612 行.
NOTIC: [8] Undefined index: username /home/www/hqjhc/backend/Runtime/Cache/Funds/2327a953fb7e79643a3a06745e876629.php 第 610 行.
NOTIC: [8] Undefined index: examount /home/www/hqjhc/backend/Runtime/Cache/Funds/2327a953fb7e79643a3a06745e876629.php 第 612 行.
NOTIC: [8] Undefined index: username /home/www/hqjhc/backend/Runtime/Cache/Funds/2327a953fb7e79643a3a06745e876629.php 第 610 行.
NOTIC: [8] Undefined index: examount /home/www/hqjhc/backend/Runtime/Cache/Funds/2327a953fb7e79643a3a06745e876629.php 第 612 行.
NOTIC: [8] Undefined index: username /home/www/hqjhc/backend/Runtime/Cache/Funds/2327a953fb7e79643a3a06745e876629.php 第 610 行.
NOTIC: [8] Undefined index: examount /home/www/hqjhc/backend/Runtime/Cache/Funds/2327a953fb7e79643a3a06745e876629.php 第 612 行.
NOTIC: [8] Undefined index: username /home/www/hqjhc/backend/Runtime/Cache/Funds/2327a953fb7e79643a3a06745e876629.php 第 610 行.
NOTIC: [8] Undefined index: examount /home/www/hqjhc/backend/Runtime/Cache/Funds/2327a953fb7e79643a3a06745e876629.php 第 612 行.
NOTIC: [8] Undefined index: username /home/www/hqjhc/backend/Runtime/Cache/Funds/2327a953fb7e79643a3a06745e876629.php 第 610 行.
NOTIC: [8] Undefined index: examount /home/www/hqjhc/backend/Runtime/Cache/Funds/2327a953fb7e79643a3a06745e876629.php 第 612 行.
NOTIC: [8] Undefined index: username /home/www/hqjhc/backend/Runtime/Cache/Funds/2327a953fb7e79643a3a06745e876629.php 第 610 行.
NOTIC: [8] Undefined index: examount /home/www/hqjhc/backend/Runtime/Cache/Funds/2327a953fb7e79643a3a06745e876629.php 第 612 行.
NOTIC: [8] Undefined index: username /home/www/hqjhc/backend/Runtime/Cache/Funds/2327a953fb7e79643a3a06745e876629.php 第 610 行.
NOTIC: [8] Undefined index: examount /home/www/hqjhc/backend/Runtime/Cache/Funds/2327a953fb7e79643a3a06745e876629.php 第 612 行.
NOTIC: [8] Undefined index: username /home/www/hqjhc/backend/Runtime/Cache/Funds/2327a953fb7e79643a3a06745e876629.php 第 610 行.
NOTIC: [8] Undefined index: examount /home/www/hqjhc/backend/Runtime/Cache/Funds/2327a953fb7e79643a3a06745e876629.php 第 612 行.
INFO: Run Behavior\ParseTemplateBehavior [ RunTime:0.009786s ]
INFO: [ view_parse ] --END-- [ RunTime:0.009802s ]
INFO: [ view_filter ] --START--
INFO: Run Behavior\WriteHtmlCacheBehavior [ RunTime:0.000079s ]
INFO: [ view_filter ] --END-- [ RunTime:0.000092s ]
INFO: [ app_end ] --START--
INFO: Run Behavior\ShowPageTraceBehavior [ RunTime:0.000286s ]
INFO: [ app_end ] --END-- [ RunTime:0.000303s ]

[ 2018-03-04T20:24:20+08:00 ] 114.83.92.198 /admin.php/Funds/Viprecharge/index.html
INFO: [ app_init ] --START--
INFO: Run Behavior\BuildLiteBehavior [ RunTime:0.000006s ]
INFO: [ app_init ] --END-- [ RunTime:0.000172s ]
INFO: [ app_begin ] --START--
INFO: Run Behavior\ReadHtmlCacheBehavior [ RunTime:0.000230s ]
INFO: [ app_begin ] --END-- [ RunTime:0.000246s ]
NOTIC: [8] A session had already been started - ignoring session_start() /home/www/hqjhc/ThinkPHP/Common/functions.php 第 1263 行.
SQL: SHOW COLUMNS FROM `hqjhc_staffs` [ RunTime:0.0006s ]
SQL: SHOW COLUMNS FROM `hqjhc_staffs` [ RunTime:0.0003s ]
SQL: SELECT * FROM `hqjhc_staffs` WHERE `stffid` = 6 LIMIT 1   [ RunTime:0.0002s ]
SQL: SHOW COLUMNS FROM `hqjhc_viprecharge` [ RunTime:0.0004s ]
SQL: SELECT COUNT(*) AS tp_count FROM `hqjhc_viprecharge` WHERE `dataFlag` = 0 LIMIT 1   [ RunTime:0.0002s ]
SQL: SELECT * FROM `hqjhc_viprecharge` WHERE `dataFlag` = 0 ORDER BY `rechargeid` desc LIMIT 0,15   [ RunTime:0.0002s ]
NOTIC: [8] Undefined index: createstaffid /home/www/hqjhc/backend/Funds/Controller/ViprechargeController.class.php 第 42 行.
SQL: SHOW COLUMNS FROM `hqjhc_users` [ RunTime:0.0004s ]
SQL: SELECT * FROM `hqjhc_users` WHERE `userid` = 51 LIMIT 1   [ RunTime:0.0002s ]
NOTIC: [8] Undefined index: createstaffid /home/www/hqjhc/backend/Funds/Controller/ViprechargeController.class.php 第 42 行.
SQL: SELECT * FROM `hqjhc_users` WHERE `userid` = 51 LIMIT 1   [ RunTime:0.0002s ]
NOTIC: [8] Undefined index: createstaffid /home/www/hqjhc/backend/Funds/Controller/ViprechargeController.class.php 第 42 行.
SQL: SELECT * FROM `hqjhc_users` WHERE `userid` = 40 LIMIT 1   [ RunTime:0.0002s ]
NOTIC: [8] Undefined index: createstaffid /home/www/hqjhc/backend/Funds/Controller/ViprechargeController.class.php 第 42 行.
SQL: SELECT * FROM `hqjhc_users` WHERE `userid` = 43 LIMIT 1   [ RunTime:0.0002s ]
NOTIC: [8] Undefined index: createstaffid /home/www/hqjhc/backend/Funds/Controller/ViprechargeController.class.php 第 42 行.
SQL: SELECT * FROM `hqjhc_users` WHERE `userid` = 43 LIMIT 1   [ RunTime:0.0002s ]
NOTIC: [8] Undefined index: createstaffid /home/www/hqjhc/backend/Funds/Controller/ViprechargeController.class.php 第 42 行.
SQL: SELECT * FROM `hqjhc_users` WHERE `userid` = 43 LIMIT 1   [ RunTime:0.0002s ]
NOTIC: [8] Undefined index: createstaffid /home/www/hqjhc/backend/Funds/Controller/ViprechargeController.class.php 第 42 行.
SQL: SELECT * FROM `hqjhc_users` WHERE `userid` = 43 LIMIT 1   [ RunTime:0.0002s ]
NOTIC: [8] Undefined index: createstaffid /home/www/hqjhc/backend/Funds/Controller/ViprechargeController.class.php 第 42 行.
SQL: SELECT * FROM `hqjhc_users` WHERE `userid` = 43 LIMIT 1   [ RunTime:0.0002s ]
NOTIC: [8] Undefined index: createstaffid /home/www/hqjhc/backend/Funds/Controller/ViprechargeController.class.php 第 42 行.
SQL: SELECT * FROM `hqjhc_users` WHERE `userid` = 43 LIMIT 1   [ RunTime:0.0002s ]
NOTIC: [8] Undefined index: createstaffid /home/www/hqjhc/backend/Funds/Controller/ViprechargeController.class.php 第 42 行.
SQL: SELECT * FROM `hqjhc_users` WHERE `userid` = 43 LIMIT 1   [ RunTime:0.0002s ]
NOTIC: [8] Undefined index: createstaffid /home/www/hqjhc/backend/Funds/Controller/ViprechargeController.class.php 第 42 行.
SQL: SELECT * FROM `hqjhc_users` WHERE `userid` = 43 LIMIT 1   [ RunTime:0.0002s ]
NOTIC: [8] Undefined index: createstaffid /home/www/hqjhc/backend/Funds/Controller/ViprechargeController.class.php 第 42 行.
SQL: SELECT * FROM `hqjhc_users` WHERE `userid` = 43 LIMIT 1   [ RunTime:0.0002s ]
NOTIC: [8] Undefined index: createstaffid /home/www/hqjhc/backend/Funds/Controller/ViprechargeController.class.php 第 42 行.
SQL: SELECT * FROM `hqjhc_users` WHERE `userid` = 43 LIMIT 1   [ RunTime:0.0002s ]
NOTIC: [8] Undefined index: createstaffid /home/www/hqjhc/backend/Funds/Controller/ViprechargeController.class.php 第 42 行.
SQL: SELECT * FROM `hqjhc_users` WHERE `userid` = 43 LIMIT 1   [ RunTime:0.0002s ]
NOTIC: [8] Undefined index: createstaffid /home/www/hqjhc/backend/Funds/Controller/ViprechargeController.class.php 第 42 行.
SQL: SELECT * FROM `hqjhc_users` WHERE `userid` = 43 LIMIT 1   [ RunTime:0.0002s ]
INFO: [ view_parse ] --START--
INFO: [ template_filter ] --START--
INFO: Run Behavior\ContentReplaceBehavior [ RunTime:0.000074s ]
INFO: [ template_filter ] --END-- [ RunTime:0.000091s ]
NOTIC: [8] Undefined property: Think\Storage\Driver\File::$_data /home/www/hqjhc/backend/Runtime/Cache/Funds/62ae26d4c5b8ef06cf09026add181750.php 第 244 行.
INFO: Run Behavior\ParseTemplateBehavior [ RunTime:0.008430s ]
INFO: [ view_parse ] --END-- [ RunTime:0.008446s ]
INFO: [ view_filter ] --START--
INFO: Run Behavior\WriteHtmlCacheBehavior [ RunTime:0.000079s ]
INFO: [ view_filter ] --END-- [ RunTime:0.000092s ]
INFO: [ app_end ] --START--
INFO: Run Behavior\ShowPageTraceBehavior [ RunTime:0.000272s ]
INFO: [ app_end ] --END-- [ RunTime:0.000288s ]

