[ 2018-02-13T19:56:45+08:00 ] 114.83.92.198 /admin.php/Orderaf/Index/index.html
INFO: [ app_init ] --START--
INFO: Run Behavior\BuildLiteBehavior [ RunTime:0.000008s ]
INFO: [ app_init ] --END-- [ RunTime:0.000254s ]
INFO: [ app_begin ] --START--
INFO: Run Behavior\ReadHtmlCacheBehavior [ RunTime:0.000344s ]
INFO: [ app_begin ] --END-- [ RunTime:0.000368s ]
NOTIC: [8] A session had already been started - ignoring session_start() /home/www/hqjhc/ThinkPHP/Common/functions.php 第 1263 行.
SQL: SHOW COLUMNS FROM `hqjhc_staffs` [ RunTime:0.0008s ]
SQL: SHOW COLUMNS FROM `hqjhc_staffs` [ RunTime:0.0005s ]
SQL: SELECT * FROM `hqjhc_staffs` WHERE `stffid` = 6 LIMIT 1   [ RunTime:0.0003s ]
SQL: SHOW COLUMNS FROM `hqjhc_orders_af` [ RunTime:0.0005s ]
SQL: SELECT COUNT(*) AS tp_count FROM `hqjhc_orders_af` WHERE hqjhc_orders_af.dataFlag = 0 LIMIT 1   [ RunTime:0.0002s ]
SQL: SELECT hqjhc_orders_af.returngoods_status as returngoods_status,hqjhc_orders_af.lack_status as lack_status,hqjhc_orders_af.leakage_status as leakage_status,hqjhc_orders_af.type as type,hqjhc_orders_af.id as id,hqjhc_brands.brandLogo as brandLogo,hqjhc_goods.goods_display_img as goods_display_img,hqjhc_goods.name as name,hqjhc_goods.goods_price as goods_price,hqjhc_goods.marketPrice as marketprice,hqjhc_orders.orderNo as orderno,hqjhc_orders.createTime as createtime,hqjhc_orders.orderid as orderid,hqjhc_orders.num as num,hqjhc_orders.userid as userid,hqjhc_orders.spec1 as spec1,hqjhc_orders.spec2 as spec2,hqjhc_orders.orderStatus as orderstatus,hqjhc_orders.remarks as remarks,hqjhc_user_address.userAdress as useraddress FROM `hqjhc_orders_af` LEFT JOIN hqjhc_orders ON hqjhc_orders.orderNo = hqjhc_orders_af.orderNo LEFT JOIN hqjhc_goods ON hqjhc_goods.id = hqjhc_orders.goodsid LEFT JOIN hqjhc_brands ON hqjhc_orders.brandsid = hqjhc_brands.brandid LEFT JOIN hqjhc_order_address ON hqjhc_order_address.orderno = hqjhc_orders.orderno LEFT JOIN hqjhc_user_address ON hqjhc_user_address.addressid = hqjhc_order_address.addressid  WHERE hqjhc_orders_af.dataFlag = 0 ORDER BY hqjhc_orders.orderid desc LIMIT 0,15   [ RunTime:0.0024s ]
SQL: SHOW COLUMNS FROM `hqjhc_users` [ RunTime:0.0005s ]
SQL: SELECT * FROM `hqjhc_users` WHERE `userid` = 29 LIMIT 1   [ RunTime:0.0002s ]
SQL: SELECT * FROM `hqjhc_users` WHERE `userid` = 30 LIMIT 1   [ RunTime:0.0002s ]
SQL: SELECT * FROM `hqjhc_users` WHERE `userid` = 30 LIMIT 1   [ RunTime:0.0002s ]
SQL: SELECT * FROM `hqjhc_users` WHERE `userid` = 30 LIMIT 1   [ RunTime:0.0002s ]
SQL: SELECT * FROM `hqjhc_users` WHERE `userid` = 29 LIMIT 1   [ RunTime:0.0002s ]
INFO: [ view_parse ] --START--
INFO: [ template_filter ] --START--
INFO: Run Behavior\ContentReplaceBehavior [ RunTime:0.000081s ]
INFO: [ template_filter ] --END-- [ RunTime:0.000098s ]
NOTIC: [8] Undefined property: Think\Storage\Driver\File::$_data /home/www/hqjhc/backend/Runtime/Cache/Orderaf/1ec68e2a636314c6da0ad87cd362427f.php 第 243 行.
INFO: Run Behavior\ParseTemplateBehavior [ RunTime:0.009190s ]
INFO: [ view_parse ] --END-- [ RunTime:0.009206s ]
INFO: [ view_filter ] --START--
INFO: Run Behavior\WriteHtmlCacheBehavior [ RunTime:0.000079s ]
INFO: [ view_filter ] --END-- [ RunTime:0.000093s ]
INFO: [ app_end ] --START--
INFO: Run Behavior\ShowPageTraceBehavior [ RunTime:0.000291s ]
INFO: [ app_end ] --END-- [ RunTime:0.000308s ]

