[ 2017-12-10T15:36:28+08:00 ] 114.94.247.167 /api.php/Home/Index/index
INFO: [ app_init ] --START--
INFO: Run Behavior\BuildLiteBehavior [ RunTime:0.000006s ]
INFO: [ app_init ] --END-- [ RunTime:0.000184s ]
INFO: [ app_begin ] --START--
INFO: Run Behavior\ReadHtmlCacheBehavior [ RunTime:0.000223s ]
INFO: [ app_begin ] --END-- [ RunTime:0.000240s ]
NOTIC: [8] A session had already been started - ignoring session_start() /home/www/hqjhc/ThinkPHP/Common/functions.php 第 1263 行.
SQL: SHOW COLUMNS FROM `hqjhc_grade` [ RunTime:0.0005s ]
SQL: SELECT hqjhc_brands.brandName as brandName,hqjhc_brands.brandLogo as brandLogo,hqjhc_goods.brandid as brandid,hqjhc_goods.name as goodname,hqjhc_goods.goods_price as goods_price,hqjhc_goods.description as description,hqjhc_goods.marketPrice as marketPrice,hqjhc_goods.goods_other_img1 as goods_other_img1,hqjhc_goods.goods_other_img2 as goods_other_img2,hqjhc_goods.goods_other_img3 as goods_other_img3,hqjhc_goods.goods_other_img4 as goods_other_img4,hqjhc_grade.enddate as enddate,hqjhc_goods.id as id,hqjhc_grade.startdate as startdate FROM `hqjhc_grade` LEFT JOIN hqjhc_brands ON hqjhc_grade.brandid = hqjhc_brands.brandid LEFT JOIN hqjhc_goods ON hqjhc_brands.brandid = hqjhc_goods.brandid  WHERE hqjhc_goods.dataFlag = 0 AND hqjhc_grade.dataFlag = 0 AND hqjhc_goods.status = 3 AND hqjhc_grade.enddate > '2017-12-10 15:36:28'  [ RunTime:0.0003s ]
SQL: SELECT hqjhc_brands.brandName as brandName,hqjhc_brands.brandLogo as brandLogo,hqjhc_goods.brandid as brandid,hqjhc_goods.name as goodname,hqjhc_goods.goods_price as goods_price,hqjhc_goods.description as description,hqjhc_goods.marketPrice as marketPrice,hqjhc_goods.goods_other_img1 as goods_other_img1,hqjhc_goods.goods_other_img2 as goods_other_img2,hqjhc_goods.goods_other_img3 as goods_other_img3,hqjhc_goods.goods_other_img4 as goods_other_img4,hqjhc_grade.enddate as enddate,hqjhc_goods.id as id,hqjhc_grade.startdate as startdate FROM `hqjhc_grade` INNER JOIN hqjhc_brands ON hqjhc_grade.brandid = hqjhc_brands.brandid INNER JOIN hqjhc_goods ON hqjhc_grade.brandid = hqjhc_goods.brandid  WHERE hqjhc_goods.dataFlag = 0 AND hqjhc_grade.dataFlag = 0 AND hqjhc_goods.status = 3 AND hqjhc_grade.enddate > '2017-12-10 15:36:28' AND hqjhc_grade.startdate < '2017-12-10 15:36:28'  [ RunTime:0.0002s ]
SQL: SELECT hqjhc_brands.brandName as brandName,hqjhc_brands.brandLogo as brandLogo,hqjhc_goods.brandid as brandid,hqjhc_goods.name as goodname,hqjhc_goods.goods_price as goods_price,hqjhc_goods.description as description,hqjhc_goods.marketPrice as marketPrice,hqjhc_goods.goods_other_img1 as goods_other_img1,hqjhc_goods.goods_other_img2 as goods_other_img2,hqjhc_goods.goods_other_img3 as goods_other_img3,hqjhc_goods.goods_other_img4 as goods_other_img4,hqjhc_grade.enddate as enddate,hqjhc_goods.id as id,hqjhc_grade.startdate as startdate FROM `hqjhc_grade` INNER JOIN hqjhc_brands ON hqjhc_grade.brandid = hqjhc_brands.brandid INNER JOIN hqjhc_goods ON hqjhc_grade.brandid = hqjhc_goods.brandid  WHERE hqjhc_goods.dataFlag = 0 AND hqjhc_grade.dataFlag = 0 AND hqjhc_goods.status = 3 AND hqjhc_grade.startdate > '2017-12-10 15:36:28'  [ RunTime:0.0002s ]
SQL: SHOW COLUMNS FROM `hqjhc_users` [ RunTime:0.0004s ]
SQL: SELECT * FROM `hqjhc_users` WHERE `loginName` = '18721364202' LIMIT 1   [ RunTime:0.0002s ]
SQL: SHOW COLUMNS FROM `hqjhc_web_notify` [ RunTime:0.0003s ]
SQL: SELECT * FROM `hqjhc_web_notify` WHERE `type` IN ('0','1') AND `userid` = 44 AND `dataFlag` = 0  [ RunTime:0.0002s ]
SQL: SHOW COLUMNS FROM `hqjhc_favorites` [ RunTime:0.0002s ]
SQL: SELECT * FROM `hqjhc_favorites` WHERE `userid` = 44  [ RunTime:0.0001s ]
SQL: SHOW COLUMNS FROM `hqjhc_messages` [ RunTime:0.0003s ]
SQL: SELECT * FROM `hqjhc_messages` WHERE `dataFlag` = 0  [ RunTime:0.0002s ]
SQL: SHOW COLUMNS FROM `hqjhc_ads` [ RunTime:0.0003s ]
SQL: SELECT * FROM `hqjhc_ads` WHERE `adpositionid` = 1 AND `dataFlag` = 0  [ RunTime:0.0002s ]
SQL: SELECT COUNT(*) AS tp_count FROM `hqjhc_web_notify` WHERE `type` IN ('0','1') AND `userid` = 44 AND `dataFlag` = 0 LIMIT 1   [ RunTime:0.0001s ]
INFO: [ app_end ] --START--
INFO: Run Behavior\ShowPageTraceBehavior [ RunTime:0.000237s ]
INFO: [ app_end ] --END-- [ RunTime:0.000252s ]

[ 2017-12-10T15:36:28+08:00 ] 114.94.247.167 /api.php/Home/Userinfo/index
INFO: [ app_init ] --START--
INFO: Run Behavior\BuildLiteBehavior [ RunTime:0.000005s ]
INFO: [ app_init ] --END-- [ RunTime:0.000158s ]
INFO: [ app_begin ] --START--
INFO: Run Behavior\ReadHtmlCacheBehavior [ RunTime:0.000204s ]
INFO: [ app_begin ] --END-- [ RunTime:0.000219s ]
NOTIC: [8] A session had already been started - ignoring session_start() /home/www/hqjhc/ThinkPHP/Common/functions.php 第 1263 行.
SQL: SHOW COLUMNS FROM `hqjhc_users` [ RunTime:0.0004s ]
SQL: SELECT COUNT(*) AS tp_count FROM `hqjhc_users` WHERE `loginName` = '18721364202' LIMIT 1   [ RunTime:0.0002s ]
SQL: SELECT * FROM `hqjhc_users` WHERE `loginName` = '18721364202' LIMIT 1   [ RunTime:0.0002s ]
SQL: SHOW COLUMNS FROM `hqjhc_web_notify` [ RunTime:0.0003s ]
SQL: SELECT COUNT(*) AS tp_count FROM `hqjhc_web_notify` WHERE `type` IN ('0','1') AND `userid` = 44 AND `dataFlag` = 0 LIMIT 1   [ RunTime:0.0001s ]

[ 2017-12-10T15:36:47+08:00 ] 114.94.247.167 /api.php/Home/Userinfo/index
INFO: [ app_init ] --START--
INFO: Run Behavior\BuildLiteBehavior [ RunTime:0.000005s ]
INFO: [ app_init ] --END-- [ RunTime:0.000155s ]
INFO: [ app_begin ] --START--
INFO: Run Behavior\ReadHtmlCacheBehavior [ RunTime:0.000195s ]
INFO: [ app_begin ] --END-- [ RunTime:0.000210s ]
NOTIC: [8] A session had already been started - ignoring session_start() /home/www/hqjhc/ThinkPHP/Common/functions.php 第 1263 行.
SQL: SHOW COLUMNS FROM `hqjhc_users` [ RunTime:0.0006s ]
SQL: SELECT COUNT(*) AS tp_count FROM `hqjhc_users` WHERE `loginName` = '18721364202' LIMIT 1   [ RunTime:0.0002s ]
SQL: SELECT * FROM `hqjhc_users` WHERE `loginName` = '18721364202' LIMIT 1   [ RunTime:0.0002s ]
SQL: SHOW COLUMNS FROM `hqjhc_web_notify` [ RunTime:0.0003s ]
SQL: SELECT COUNT(*) AS tp_count FROM `hqjhc_web_notify` WHERE `type` IN ('0','1') AND `userid` = 44 AND `dataFlag` = 0 LIMIT 1   [ RunTime:0.0002s ]

[ 2017-12-10T15:36:47+08:00 ] 114.94.247.167 /api.php/Home/Userinfo/index
INFO: [ app_init ] --START--
INFO: Run Behavior\BuildLiteBehavior [ RunTime:0.000005s ]
INFO: [ app_init ] --END-- [ RunTime:0.000144s ]
INFO: [ app_begin ] --START--
INFO: Run Behavior\ReadHtmlCacheBehavior [ RunTime:0.000193s ]
INFO: [ app_begin ] --END-- [ RunTime:0.000209s ]
NOTIC: [8] A session had already been started - ignoring session_start() /home/www/hqjhc/ThinkPHP/Common/functions.php 第 1263 行.
SQL: SHOW COLUMNS FROM `hqjhc_users` [ RunTime:0.0004s ]
SQL: SELECT COUNT(*) AS tp_count FROM `hqjhc_users` WHERE `loginName` = '18721364202' LIMIT 1   [ RunTime:0.0002s ]
SQL: SELECT * FROM `hqjhc_users` WHERE `loginName` = '18721364202' LIMIT 1   [ RunTime:0.0002s ]
SQL: SHOW COLUMNS FROM `hqjhc_web_notify` [ RunTime:0.0003s ]
SQL: SELECT COUNT(*) AS tp_count FROM `hqjhc_web_notify` WHERE `type` IN ('0','1') AND `userid` = 44 AND `dataFlag` = 0 LIMIT 1   [ RunTime:0.0001s ]

[ 2017-12-10T15:36:49+08:00 ] 114.94.247.167 /api.php/Home/Vipsetinfo/index
INFO: [ app_init ] --START--
INFO: Run Behavior\BuildLiteBehavior [ RunTime:0.000005s ]
INFO: [ app_init ] --END-- [ RunTime:0.000155s ]
INFO: [ app_begin ] --START--
INFO: Run Behavior\ReadHtmlCacheBehavior [ RunTime:0.000198s ]
INFO: [ app_begin ] --END-- [ RunTime:0.000214s ]
NOTIC: [8] A session had already been started - ignoring session_start() /home/www/hqjhc/ThinkPHP/Common/functions.php 第 1263 行.
SQL: SHOW COLUMNS FROM `hqjhc_users` [ RunTime:0.0006s ]
SQL: SELECT COUNT(*) AS tp_count FROM `hqjhc_users` WHERE `loginName` = '18721364202' LIMIT 1   [ RunTime:0.0002s ]
SQL: SHOW COLUMNS FROM `hqjhc_vipset` [ RunTime:0.0003s ]
SQL: SELECT * FROM `hqjhc_vipset`  [ RunTime:0.0001s ]

[ 2017-12-10T15:36:49+08:00 ] 114.94.247.167 /api.php/Home/Userinfo/index
INFO: [ app_init ] --START--
INFO: Run Behavior\BuildLiteBehavior [ RunTime:0.000005s ]
INFO: [ app_init ] --END-- [ RunTime:0.000150s ]
INFO: [ app_begin ] --START--
INFO: Run Behavior\ReadHtmlCacheBehavior [ RunTime:0.000195s ]
INFO: [ app_begin ] --END-- [ RunTime:0.000211s ]
NOTIC: [8] A session had already been started - ignoring session_start() /home/www/hqjhc/ThinkPHP/Common/functions.php 第 1263 行.
SQL: SHOW COLUMNS FROM `hqjhc_users` [ RunTime:0.0004s ]
SQL: SELECT COUNT(*) AS tp_count FROM `hqjhc_users` WHERE `loginName` = '18721364202' LIMIT 1   [ RunTime:0.0001s ]
SQL: SELECT * FROM `hqjhc_users` WHERE `loginName` = '18721364202' LIMIT 1   [ RunTime:0.0002s ]
SQL: SHOW COLUMNS FROM `hqjhc_web_notify` [ RunTime:0.0003s ]
SQL: SELECT COUNT(*) AS tp_count FROM `hqjhc_web_notify` WHERE `type` IN ('0','1') AND `userid` = 44 AND `dataFlag` = 0 LIMIT 1   [ RunTime:0.0002s ]

[ 2017-12-10T15:36:52+08:00 ] 114.94.247.167 /api.php/Home/Recharge/zfb_buy_vip?total=999.00&loginName=18721364202&level=1
INFO: [ app_init ] --START--
INFO: Run Behavior\BuildLiteBehavior [ RunTime:0.000006s ]
INFO: [ app_init ] --END-- [ RunTime:0.000164s ]
INFO: [ app_begin ] --START--
INFO: Run Behavior\ReadHtmlCacheBehavior [ RunTime:0.000199s ]
INFO: [ app_begin ] --END-- [ RunTime:0.000216s ]
NOTIC: [8] A session had already been started - ignoring session_start() /home/www/hqjhc/ThinkPHP/Common/functions.php 第 1263 行.
SQL: SHOW COLUMNS FROM `hqjhc_users` [ RunTime:0.0006s ]
SQL: SELECT * FROM `hqjhc_users` WHERE `loginName` = '18721364202' LIMIT 1   [ RunTime:0.0003s ]
SQL: SHOW COLUMNS FROM `hqjhc_viprecharge` [ RunTime:0.0003s ]
SQL: INSERT INTO `hqjhc_viprecharge` (`examount`,`userid`,`amount`,`remarks`,`datasrc`,`createTime`,`status`,`level`,`orderNo`) VALUES ('0.00','44','999','APP端购买VIP','1','2017-12-10 15:36:52','0','1','2017121052569848') [ RunTime:0.0048s ]
INFO: [ app_end ] --START--
INFO: Run Behavior\ShowPageTraceBehavior [ RunTime:0.000254s ]
INFO: [ app_end ] --END-- [ RunTime:0.000273s ]

[ 2017-12-10T15:36:59+08:00 ] 114.94.247.167 /api.php/Home/Recharge/bags_buy_vip
INFO: [ app_init ] --START--
INFO: Run Behavior\BuildLiteBehavior [ RunTime:0.000006s ]
INFO: [ app_init ] --END-- [ RunTime:0.000150s ]
INFO: [ app_begin ] --START--
INFO: Run Behavior\ReadHtmlCacheBehavior [ RunTime:0.000198s ]
INFO: [ app_begin ] --END-- [ RunTime:0.000215s ]
NOTIC: [8] A session had already been started - ignoring session_start() /home/www/hqjhc/ThinkPHP/Common/functions.php 第 1263 行.
SQL: SHOW COLUMNS FROM `hqjhc_users` [ RunTime:0.0006s ]
SQL: SELECT * FROM `hqjhc_users` WHERE `loginName` = '18721364202' LIMIT 1   [ RunTime:0.0003s ]

[ 2017-12-10T15:37:03+08:00 ] 114.94.247.167 /api.php/Home/Userinfo/index
INFO: [ app_init ] --START--
INFO: Run Behavior\BuildLiteBehavior [ RunTime:0.000006s ]
INFO: [ app_init ] --END-- [ RunTime:0.000156s ]
INFO: [ app_begin ] --START--
INFO: Run Behavior\ReadHtmlCacheBehavior [ RunTime:0.000201s ]
INFO: [ app_begin ] --END-- [ RunTime:0.000218s ]
NOTIC: [8] A session had already been started - ignoring session_start() /home/www/hqjhc/ThinkPHP/Common/functions.php 第 1263 行.
SQL: SHOW COLUMNS FROM `hqjhc_users` [ RunTime:0.0005s ]
SQL: SELECT COUNT(*) AS tp_count FROM `hqjhc_users` WHERE `loginName` = '18721364202' LIMIT 1   [ RunTime:0.0002s ]
SQL: SELECT * FROM `hqjhc_users` WHERE `loginName` = '18721364202' LIMIT 1   [ RunTime:0.0002s ]
SQL: SHOW COLUMNS FROM `hqjhc_web_notify` [ RunTime:0.0003s ]
SQL: SELECT COUNT(*) AS tp_count FROM `hqjhc_web_notify` WHERE `type` IN ('0','1') AND `userid` = 44 AND `dataFlag` = 0 LIMIT 1   [ RunTime:0.0002s ]

[ 2017-12-10T15:37:03+08:00 ] 114.94.247.167 /api.php/Home/Userinfo/index
INFO: [ app_init ] --START--
INFO: Run Behavior\BuildLiteBehavior [ RunTime:0.000005s ]
INFO: [ app_init ] --END-- [ RunTime:0.000144s ]
INFO: [ app_begin ] --START--
INFO: Run Behavior\ReadHtmlCacheBehavior [ RunTime:0.000209s ]
INFO: [ app_begin ] --END-- [ RunTime:0.000227s ]
NOTIC: [8] A session had already been started - ignoring session_start() /home/www/hqjhc/ThinkPHP/Common/functions.php 第 1263 行.
SQL: SHOW COLUMNS FROM `hqjhc_users` [ RunTime:0.0004s ]
SQL: SELECT COUNT(*) AS tp_count FROM `hqjhc_users` WHERE `loginName` = '18721364202' LIMIT 1   [ RunTime:0.0001s ]
SQL: SELECT * FROM `hqjhc_users` WHERE `loginName` = '18721364202' LIMIT 1   [ RunTime:0.0002s ]
SQL: SHOW COLUMNS FROM `hqjhc_web_notify` [ RunTime:0.0003s ]
SQL: SELECT COUNT(*) AS tp_count FROM `hqjhc_web_notify` WHERE `type` IN ('0','1') AND `userid` = 44 AND `dataFlag` = 0 LIMIT 1   [ RunTime:0.0002s ]

[ 2017-12-10T15:37:05+08:00 ] 114.94.247.167 /api.php/Home/Index/index
INFO: [ app_init ] --START--
INFO: Run Behavior\BuildLiteBehavior [ RunTime:0.000006s ]
INFO: [ app_init ] --END-- [ RunTime:0.000174s ]
INFO: [ app_begin ] --START--
INFO: Run Behavior\ReadHtmlCacheBehavior [ RunTime:0.000211s ]
INFO: [ app_begin ] --END-- [ RunTime:0.000229s ]
NOTIC: [8] A session had already been started - ignoring session_start() /home/www/hqjhc/ThinkPHP/Common/functions.php 第 1263 行.
SQL: SHOW COLUMNS FROM `hqjhc_grade` [ RunTime:0.0005s ]
SQL: SELECT hqjhc_brands.brandName as brandName,hqjhc_brands.brandLogo as brandLogo,hqjhc_goods.brandid as brandid,hqjhc_goods.name as goodname,hqjhc_goods.goods_price as goods_price,hqjhc_goods.description as description,hqjhc_goods.marketPrice as marketPrice,hqjhc_goods.goods_other_img1 as goods_other_img1,hqjhc_goods.goods_other_img2 as goods_other_img2,hqjhc_goods.goods_other_img3 as goods_other_img3,hqjhc_goods.goods_other_img4 as goods_other_img4,hqjhc_grade.enddate as enddate,hqjhc_goods.id as id,hqjhc_grade.startdate as startdate FROM `hqjhc_grade` LEFT JOIN hqjhc_brands ON hqjhc_grade.brandid = hqjhc_brands.brandid LEFT JOIN hqjhc_goods ON hqjhc_brands.brandid = hqjhc_goods.brandid  WHERE hqjhc_goods.dataFlag = 0 AND hqjhc_grade.dataFlag = 0 AND hqjhc_goods.status = 3 AND hqjhc_grade.enddate > '2017-12-10 15:37:05'  [ RunTime:0.0003s ]
SQL: SELECT hqjhc_brands.brandName as brandName,hqjhc_brands.brandLogo as brandLogo,hqjhc_goods.brandid as brandid,hqjhc_goods.name as goodname,hqjhc_goods.goods_price as goods_price,hqjhc_goods.description as description,hqjhc_goods.marketPrice as marketPrice,hqjhc_goods.goods_other_img1 as goods_other_img1,hqjhc_goods.goods_other_img2 as goods_other_img2,hqjhc_goods.goods_other_img3 as goods_other_img3,hqjhc_goods.goods_other_img4 as goods_other_img4,hqjhc_grade.enddate as enddate,hqjhc_goods.id as id,hqjhc_grade.startdate as startdate FROM `hqjhc_grade` INNER JOIN hqjhc_brands ON hqjhc_grade.brandid = hqjhc_brands.brandid INNER JOIN hqjhc_goods ON hqjhc_grade.brandid = hqjhc_goods.brandid  WHERE hqjhc_goods.dataFlag = 0 AND hqjhc_grade.dataFlag = 0 AND hqjhc_goods.status = 3 AND hqjhc_grade.enddate > '2017-12-10 15:37:05' AND hqjhc_grade.startdate < '2017-12-10 15:37:05'  [ RunTime:0.0003s ]
SQL: SELECT hqjhc_brands.brandName as brandName,hqjhc_brands.brandLogo as brandLogo,hqjhc_goods.brandid as brandid,hqjhc_goods.name as goodname,hqjhc_goods.goods_price as goods_price,hqjhc_goods.description as description,hqjhc_goods.marketPrice as marketPrice,hqjhc_goods.goods_other_img1 as goods_other_img1,hqjhc_goods.goods_other_img2 as goods_other_img2,hqjhc_goods.goods_other_img3 as goods_other_img3,hqjhc_goods.goods_other_img4 as goods_other_img4,hqjhc_grade.enddate as enddate,hqjhc_goods.id as id,hqjhc_grade.startdate as startdate FROM `hqjhc_grade` INNER JOIN hqjhc_brands ON hqjhc_grade.brandid = hqjhc_brands.brandid INNER JOIN hqjhc_goods ON hqjhc_grade.brandid = hqjhc_goods.brandid  WHERE hqjhc_goods.dataFlag = 0 AND hqjhc_grade.dataFlag = 0 AND hqjhc_goods.status = 3 AND hqjhc_grade.startdate > '2017-12-10 15:37:05'  [ RunTime:0.0002s ]
SQL: SHOW COLUMNS FROM `hqjhc_users` [ RunTime:0.0004s ]
SQL: SELECT * FROM `hqjhc_users` WHERE `loginName` = '18721364202' LIMIT 1   [ RunTime:0.0003s ]
SQL: SHOW COLUMNS FROM `hqjhc_web_notify` [ RunTime:0.0003s ]
SQL: SELECT * FROM `hqjhc_web_notify` WHERE `type` IN ('0','1') AND `userid` = 44 AND `dataFlag` = 0  [ RunTime:0.0002s ]
SQL: SHOW COLUMNS FROM `hqjhc_favorites` [ RunTime:0.0003s ]
SQL: SELECT * FROM `hqjhc_favorites` WHERE `userid` = 44  [ RunTime:0.0002s ]
SQL: SHOW COLUMNS FROM `hqjhc_messages` [ RunTime:0.0003s ]
SQL: SELECT * FROM `hqjhc_messages` WHERE `dataFlag` = 0  [ RunTime:0.0002s ]
SQL: SHOW COLUMNS FROM `hqjhc_ads` [ RunTime:0.0004s ]
SQL: SELECT * FROM `hqjhc_ads` WHERE `adpositionid` = 1 AND `dataFlag` = 0  [ RunTime:0.0002s ]
SQL: SELECT COUNT(*) AS tp_count FROM `hqjhc_web_notify` WHERE `type` IN ('0','1') AND `userid` = 44 AND `dataFlag` = 0 LIMIT 1   [ RunTime:0.0002s ]
INFO: [ app_end ] --START--
INFO: Run Behavior\ShowPageTraceBehavior [ RunTime:0.000252s ]
INFO: [ app_end ] --END-- [ RunTime:0.000270s ]

[ 2017-12-10T15:37:06+08:00 ] 114.94.247.167 /api.php/Home/Userinfo/index
INFO: [ app_init ] --START--
INFO: Run Behavior\BuildLiteBehavior [ RunTime:0.000004s ]
INFO: [ app_init ] --END-- [ RunTime:0.000145s ]
INFO: [ app_begin ] --START--
INFO: Run Behavior\ReadHtmlCacheBehavior [ RunTime:0.000215s ]
INFO: [ app_begin ] --END-- [ RunTime:0.000232s ]
NOTIC: [8] A session had already been started - ignoring session_start() /home/www/hqjhc/ThinkPHP/Common/functions.php 第 1263 行.
SQL: SHOW COLUMNS FROM `hqjhc_users` [ RunTime:0.0004s ]
SQL: SELECT COUNT(*) AS tp_count FROM `hqjhc_users` WHERE `loginName` = '18721364202' LIMIT 1   [ RunTime:0.0001s ]
SQL: SELECT * FROM `hqjhc_users` WHERE `loginName` = '18721364202' LIMIT 1   [ RunTime:0.0002s ]
SQL: SHOW COLUMNS FROM `hqjhc_web_notify` [ RunTime:0.0003s ]
SQL: SELECT COUNT(*) AS tp_count FROM `hqjhc_web_notify` WHERE `type` IN ('0','1') AND `userid` = 44 AND `dataFlag` = 0 LIMIT 1   [ RunTime:0.0002s ]

[ 2017-12-10T15:37:14+08:00 ] 114.94.247.167 /api.php/Home/Userinfo/index
INFO: [ app_init ] --START--
INFO: Run Behavior\BuildLiteBehavior [ RunTime:0.000006s ]
INFO: [ app_init ] --END-- [ RunTime:0.000188s ]
INFO: [ app_begin ] --START--
INFO: Run Behavior\ReadHtmlCacheBehavior [ RunTime:0.000238s ]
INFO: [ app_begin ] --END-- [ RunTime:0.000256s ]
NOTIC: [8] A session had already been started - ignoring session_start() /home/www/hqjhc/ThinkPHP/Common/functions.php 第 1263 行.
SQL: SHOW COLUMNS FROM `hqjhc_users` [ RunTime:0.0006s ]
SQL: SELECT COUNT(*) AS tp_count FROM `hqjhc_users` WHERE `loginName` = '18721364202' LIMIT 1   [ RunTime:0.0002s ]
SQL: SELECT * FROM `hqjhc_users` WHERE `loginName` = '18721364202' LIMIT 1   [ RunTime:0.0002s ]
SQL: SHOW COLUMNS FROM `hqjhc_web_notify` [ RunTime:0.0003s ]
SQL: SELECT COUNT(*) AS tp_count FROM `hqjhc_web_notify` WHERE `type` IN ('0','1') AND `userid` = 44 AND `dataFlag` = 0 LIMIT 1   [ RunTime:0.0002s ]

[ 2017-12-10T15:37:14+08:00 ] 114.94.247.167 /api.php/Home/Userinfo/index
INFO: [ app_init ] --START--
INFO: Run Behavior\BuildLiteBehavior [ RunTime:0.000005s ]
INFO: [ app_init ] --END-- [ RunTime:0.000146s ]
INFO: [ app_begin ] --START--
INFO: Run Behavior\ReadHtmlCacheBehavior [ RunTime:0.000197s ]
INFO: [ app_begin ] --END-- [ RunTime:0.000213s ]
NOTIC: [8] A session had already been started - ignoring session_start() /home/www/hqjhc/ThinkPHP/Common/functions.php 第 1263 行.
SQL: SHOW COLUMNS FROM `hqjhc_users` [ RunTime:0.0004s ]
SQL: SELECT COUNT(*) AS tp_count FROM `hqjhc_users` WHERE `loginName` = '18721364202' LIMIT 1   [ RunTime:0.0001s ]
SQL: SELECT * FROM `hqjhc_users` WHERE `loginName` = '18721364202' LIMIT 1   [ RunTime:0.0002s ]
SQL: SHOW COLUMNS FROM `hqjhc_web_notify` [ RunTime:0.0003s ]
SQL: SELECT COUNT(*) AS tp_count FROM `hqjhc_web_notify` WHERE `type` IN ('0','1') AND `userid` = 44 AND `dataFlag` = 0 LIMIT 1   [ RunTime:0.0002s ]

