[ 2018-03-05T08:17:45+08:00 ] 116.230.115.173 /api.php/Home/Userinfo/index
INFO: [ app_init ] --START--
INFO: Run Behavior\BuildLiteBehavior [ RunTime:0.000008s ]
INFO: [ app_init ] --END-- [ RunTime:0.000249s ]
INFO: [ app_begin ] --START--
INFO: Run Behavior\ReadHtmlCacheBehavior [ RunTime:0.000326s ]
INFO: [ app_begin ] --END-- [ RunTime:0.000348s ]
NOTIC: [8] A session had already been started - ignoring session_start() /home/www/hqjhc/ThinkPHP/Common/functions.php 第 1263 行.
SQL: SHOW COLUMNS FROM `hqjhc_users` [ RunTime:0.0029s ]
SQL: SELECT COUNT(*) AS tp_count FROM `hqjhc_users` WHERE `loginName` = 'o4NwH0x85qmllboBs2PaMTALG1zY' LIMIT 1   [ RunTime:0.0002s ]
SQL: SELECT * FROM `hqjhc_users` WHERE `loginName` = 'o4NwH0x85qmllboBs2PaMTALG1zY' LIMIT 1   [ RunTime:0.0002s ]
SQL: SHOW COLUMNS FROM `hqjhc_web_notify` [ RunTime:0.0003s ]
SQL: SELECT COUNT(*) AS tp_count FROM `hqjhc_web_notify` WHERE `type` IN ('0','1') AND `userid` = 47 AND `dataFlag` = 0 LIMIT 1   [ RunTime:0.0008s ]
SQL: SHOW COLUMNS FROM `hqjhc_orders` [ RunTime:0.0004s ]
SQL: SELECT COUNT(*) AS tp_count FROM `hqjhc_orders` WHERE `orderStatus` = 0 AND `userid` = 47 LIMIT 1   [ RunTime:0.0003s ]
SQL: SELECT COUNT(*) AS tp_count FROM `hqjhc_orders` WHERE `orderStatus` = 1 AND `userid` = 47 LIMIT 1   [ RunTime:0.0003s ]
SQL: SELECT COUNT(*) AS tp_count FROM `hqjhc_orders` WHERE `orderStatus` = 2 AND `userid` = 47 LIMIT 1   [ RunTime:0.0003s ]
SQL: SELECT COUNT(*) AS tp_count FROM `hqjhc_orders` WHERE `orderStatus` = 3 AND `userid` = 47 LIMIT 1   [ RunTime:0.0003s ]
SQL: SELECT COUNT(*) AS tp_count FROM `hqjhc_orders` WHERE `orderStatus` = 4 AND `userid` = 47 LIMIT 1   [ RunTime:0.0003s ]
SQL: SELECT COUNT(*) AS tp_count FROM `hqjhc_orders` WHERE `orderStatus` = 5 AND `userid` = 47 LIMIT 1   [ RunTime:0.0003s ]
SQL: SELECT COUNT(*) AS tp_count FROM `hqjhc_orders` WHERE `orderStatus` = 6 AND `userid` = 47 LIMIT 1   [ RunTime:0.0003s ]
SQL: SHOW COLUMNS FROM `hqjhc_orders_af` [ RunTime:0.0003s ]
SQL: SELECT COUNT(*) AS tp_count FROM `hqjhc_orders_af` WHERE `type` = 1 AND `userid` = 47 LIMIT 1   [ RunTime:0.0001s ]
SQL: SELECT COUNT(*) AS tp_count FROM `hqjhc_orders_af` WHERE `type` = 2 AND `userid` = 47 LIMIT 1   [ RunTime:0.0001s ]
SQL: SELECT COUNT(*) AS tp_count FROM `hqjhc_orders_af` WHERE `type` = 3 AND `userid` = 47 LIMIT 1   [ RunTime:0.0002s ]

[ 2018-03-05T08:17:45+08:00 ] 116.230.115.173 /api.php/Home/Index/index
INFO: [ app_init ] --START--
INFO: Run Behavior\BuildLiteBehavior [ RunTime:0.000007s ]
INFO: [ app_init ] --END-- [ RunTime:0.000183s ]
INFO: [ app_begin ] --START--
INFO: Run Behavior\ReadHtmlCacheBehavior [ RunTime:0.000222s ]
INFO: [ app_begin ] --END-- [ RunTime:0.000239s ]
NOTIC: [8] A session had already been started - ignoring session_start() /home/www/hqjhc/ThinkPHP/Common/functions.php 第 1263 行.
SQL: SHOW COLUMNS FROM `hqjhc_grade` [ RunTime:0.0005s ]
SQL: SELECT hqjhc_brands.brandName as brandName,hqjhc_brands.brandLogo as brandLogo,hqjhc_goods.brandid as brandid,hqjhc_goods.name as goodname,hqjhc_goods.goods_price as goods_price,hqjhc_goods.description as description,hqjhc_goods.marketPrice as marketPrice,hqjhc_goods.goods_other_img1 as goods_other_img1,hqjhc_goods.goods_other_img2 as goods_other_img2,hqjhc_goods.goods_other_img3 as goods_other_img3,hqjhc_goods.goods_other_img4 as goods_other_img4,hqjhc_grade.enddate as enddate,hqjhc_goods.id as id,hqjhc_grade.startdate as startdate FROM `hqjhc_grade` LEFT JOIN hqjhc_brands ON hqjhc_grade.brandid = hqjhc_brands.brandid LEFT JOIN hqjhc_goods ON hqjhc_brands.brandid = hqjhc_goods.brandid  WHERE hqjhc_goods.dataFlag = 0 AND hqjhc_grade.dataFlag = 0 AND hqjhc_goods.status = 3 AND hqjhc_grade.enddate > '2018-03-05 08:17:45'  [ RunTime:0.0021s ]
SQL: SELECT hqjhc_brands.brandName as brandName,hqjhc_brands.brandLogo as brandLogo,hqjhc_goods.brandid as brandid,hqjhc_goods.name as goodname,hqjhc_goods.goods_price as goods_price,hqjhc_goods.description as description,hqjhc_goods.marketPrice as marketPrice,hqjhc_goods.goods_other_img1 as goods_other_img1,hqjhc_goods.goods_other_img2 as goods_other_img2,hqjhc_goods.goods_other_img3 as goods_other_img3,hqjhc_goods.goods_other_img4 as goods_other_img4,hqjhc_grade.enddate as enddate,hqjhc_goods.id as id,hqjhc_grade.startdate as startdate FROM `hqjhc_grade` INNER JOIN hqjhc_brands ON hqjhc_grade.brandid = hqjhc_brands.brandid INNER JOIN hqjhc_goods ON hqjhc_grade.brandid = hqjhc_goods.brandid  WHERE hqjhc_goods.dataFlag = 0 AND hqjhc_grade.dataFlag = 0 AND hqjhc_goods.status = 3 AND hqjhc_grade.enddate > '2018-03-05 08:17:45' AND hqjhc_grade.startdate < '2018-03-05 08:17:45'  [ RunTime:0.0003s ]
SQL: SELECT hqjhc_brands.brandName as brandName,hqjhc_brands.brandLogo as brandLogo,hqjhc_goods.brandid as brandid,hqjhc_goods.name as goodname,hqjhc_goods.goods_price as goods_price,hqjhc_goods.description as description,hqjhc_goods.marketPrice as marketPrice,hqjhc_goods.goods_other_img1 as goods_other_img1,hqjhc_goods.goods_other_img2 as goods_other_img2,hqjhc_goods.goods_other_img3 as goods_other_img3,hqjhc_goods.goods_other_img4 as goods_other_img4,hqjhc_grade.enddate as enddate,hqjhc_goods.id as id,hqjhc_grade.startdate as startdate FROM `hqjhc_grade` INNER JOIN hqjhc_brands ON hqjhc_grade.brandid = hqjhc_brands.brandid INNER JOIN hqjhc_goods ON hqjhc_grade.brandid = hqjhc_goods.brandid  WHERE hqjhc_goods.dataFlag = 0 AND hqjhc_grade.dataFlag = 0 AND hqjhc_goods.status = 3 AND hqjhc_grade.startdate > '2018-03-05 08:17:45'  [ RunTime:0.0002s ]
SQL: SHOW COLUMNS FROM `hqjhc_users` [ RunTime:0.0004s ]
SQL: SELECT * FROM `hqjhc_users` WHERE `loginName` = 'o4NwH0x85qmllboBs2PaMTALG1zY' LIMIT 1   [ RunTime:0.0003s ]
SQL: SHOW COLUMNS FROM `hqjhc_web_notify` [ RunTime:0.0003s ]
SQL: SELECT * FROM `hqjhc_web_notify` WHERE `type` IN ('0','1') AND `userid` = 47 AND `dataFlag` = 0  [ RunTime:0.0002s ]
SQL: SHOW COLUMNS FROM `hqjhc_favorites` [ RunTime:0.0003s ]
SQL: SELECT * FROM `hqjhc_favorites` WHERE `userid` = 47  [ RunTime:0.0002s ]
SQL: SHOW COLUMNS FROM `hqjhc_messages` [ RunTime:0.0003s ]
SQL: SELECT * FROM `hqjhc_messages` WHERE `dataFlag` = 0  [ RunTime:0.0002s ]
SQL: SHOW COLUMNS FROM `hqjhc_ads` [ RunTime:0.0003s ]
SQL: SELECT * FROM `hqjhc_ads` WHERE `adpositionid` = 1 AND `dataFlag` = 0  [ RunTime:0.0002s ]
SQL: SELECT COUNT(*) AS tp_count FROM `hqjhc_web_notify` WHERE `type` IN ('0','1') AND `userid` = 47 AND `dataFlag` = 0 LIMIT 1   [ RunTime:0.0002s ]
INFO: [ app_end ] --START--
INFO: Run Behavior\ShowPageTraceBehavior [ RunTime:0.000498s ]
INFO: [ app_end ] --END-- [ RunTime:0.000517s ]

[ 2018-03-05T11:57:56+08:00 ] 110.75.248.17 /api.php/Home/Recharge/zfb_vip_notify
INFO: [ app_init ] --START--
INFO: Run Behavior\BuildLiteBehavior [ RunTime:0.000006s ]
INFO: [ app_init ] --END-- [ RunTime:0.000171s ]
INFO: [ app_begin ] --START--
INFO: Run Behavior\ReadHtmlCacheBehavior [ RunTime:0.000242s ]
INFO: [ app_begin ] --END-- [ RunTime:0.000260s ]
NOTIC: [8] A session had already been started - ignoring session_start() /home/www/hqjhc/ThinkPHP/Common/functions.php 第 1263 行.
SQL: SHOW COLUMNS FROM `hqjhc_recharge` [ RunTime:0.0005s ]
SQL: UPDATE `hqjhc_recharge` SET `status`='1' WHERE `orderNo` = '2017120256989910' [ RunTime:0.0003s ]
SQL: SHOW COLUMNS FROM `hqjhc_viprecharge` [ RunTime:0.0009s ]
SQL: SELECT * FROM `hqjhc_viprecharge` WHERE `orderNo` = '2017120256989910' LIMIT 1   [ RunTime:0.0002s ]
SQL: SHOW COLUMNS FROM `hqjhc_users` [ RunTime:0.0004s ]
SQL: SELECT * FROM `hqjhc_users` WHERE `userid` = null LIMIT 1   [ RunTime:0.0002s ]
SQL: SHOW COLUMNS FROM `hqjhc_users` [ RunTime:0.0004s ]
SQL: UPDATE `hqjhc_users` SET `vip`=NULL WHERE `userid` = null [ RunTime:0.0001s ]
SQL: SHOW COLUMNS FROM `hqjhc_logs_viprecharge` [ RunTime:0.0005s ]
SQL: SHOW COLUMNS FROM `hqjhc_logs_moneys` [ RunTime:0.0003s ]
SQL: INSERT INTO `hqjhc_logs_viprecharge` (`examount`,`userid`,`amount`,`datasrc`,`createTime`,`orderNo`) VALUES (NULL,NULL,NULL,'1','2018-03-05 11:57:56',NULL) [ RunTime:0.0045s ]
SQL: INSERT INTO `hqjhc_logs_moneys` (`amount`,`moneyType`,`accessType`,`orderNo`,`datasource`,`createTime`,`userid`) VALUES (NULL,'1','2',NULL,'9','2018-03-05 11:57:56',NULL) [ RunTime:0.0029s ]
INFO: [ app_end ] --START--
INFO: Run Behavior\ShowPageTraceBehavior [ RunTime:0.000279s ]
INFO: [ app_end ] --END-- [ RunTime:0.000296s ]

[ 2018-03-05T11:58:55+08:00 ] 110.75.248.130 /api.php/Home/Recharge/zfb_vip_notify
INFO: [ app_init ] --START--
INFO: Run Behavior\BuildLiteBehavior [ RunTime:0.000007s ]
INFO: [ app_init ] --END-- [ RunTime:0.000175s ]
INFO: [ app_begin ] --START--
INFO: Run Behavior\ReadHtmlCacheBehavior [ RunTime:0.000226s ]
INFO: [ app_begin ] --END-- [ RunTime:0.000243s ]
NOTIC: [8] A session had already been started - ignoring session_start() /home/www/hqjhc/ThinkPHP/Common/functions.php 第 1263 行.
SQL: SHOW COLUMNS FROM `hqjhc_recharge` [ RunTime:0.0005s ]
SQL: UPDATE `hqjhc_recharge` SET `status`='1' WHERE `orderNo` = '2017120210148575' [ RunTime:0.0003s ]
SQL: SHOW COLUMNS FROM `hqjhc_viprecharge` [ RunTime:0.0004s ]
SQL: SELECT * FROM `hqjhc_viprecharge` WHERE `orderNo` = '2017120210148575' LIMIT 1   [ RunTime:0.0002s ]
SQL: SHOW COLUMNS FROM `hqjhc_users` [ RunTime:0.0004s ]
SQL: SELECT * FROM `hqjhc_users` WHERE `userid` = null LIMIT 1   [ RunTime:0.0002s ]
SQL: SHOW COLUMNS FROM `hqjhc_users` [ RunTime:0.0004s ]
SQL: UPDATE `hqjhc_users` SET `vip`=NULL WHERE `userid` = null [ RunTime:0.0001s ]
SQL: SHOW COLUMNS FROM `hqjhc_logs_viprecharge` [ RunTime:0.0004s ]
SQL: SHOW COLUMNS FROM `hqjhc_logs_moneys` [ RunTime:0.0003s ]
SQL: INSERT INTO `hqjhc_logs_viprecharge` (`examount`,`userid`,`amount`,`datasrc`,`createTime`,`orderNo`) VALUES (NULL,NULL,NULL,'1','2018-03-05 11:58:55',NULL) [ RunTime:0.0045s ]
SQL: INSERT INTO `hqjhc_logs_moneys` (`amount`,`moneyType`,`accessType`,`orderNo`,`datasource`,`createTime`,`userid`) VALUES (NULL,'1','2',NULL,'9','2018-03-05 11:58:55',NULL) [ RunTime:0.0037s ]
INFO: [ app_end ] --START--
INFO: Run Behavior\ShowPageTraceBehavior [ RunTime:0.000352s ]
INFO: [ app_end ] --END-- [ RunTime:0.000370s ]

[ 2018-03-05T12:00:56+08:00 ] 110.75.248.243 /api.php/Home/Recharge/zfb_vip_notify
INFO: [ app_init ] --START--
INFO: Run Behavior\BuildLiteBehavior [ RunTime:0.000007s ]
INFO: [ app_init ] --END-- [ RunTime:0.000191s ]
INFO: [ app_begin ] --START--
INFO: Run Behavior\ReadHtmlCacheBehavior [ RunTime:0.000236s ]
INFO: [ app_begin ] --END-- [ RunTime:0.000253s ]
NOTIC: [8] A session had already been started - ignoring session_start() /home/www/hqjhc/ThinkPHP/Common/functions.php 第 1263 行.
SQL: SHOW COLUMNS FROM `hqjhc_recharge` [ RunTime:0.0005s ]
SQL: UPDATE `hqjhc_recharge` SET `status`='1' WHERE `orderNo` = '2017120257102505' [ RunTime:0.0003s ]
SQL: SHOW COLUMNS FROM `hqjhc_viprecharge` [ RunTime:0.0004s ]
SQL: SELECT * FROM `hqjhc_viprecharge` WHERE `orderNo` = '2017120257102505' LIMIT 1   [ RunTime:0.0002s ]
SQL: SHOW COLUMNS FROM `hqjhc_users` [ RunTime:0.0004s ]
SQL: SELECT * FROM `hqjhc_users` WHERE `userid` = null LIMIT 1   [ RunTime:0.0002s ]
SQL: SHOW COLUMNS FROM `hqjhc_users` [ RunTime:0.0005s ]
SQL: UPDATE `hqjhc_users` SET `vip`=NULL WHERE `userid` = null [ RunTime:0.0001s ]
SQL: SHOW COLUMNS FROM `hqjhc_logs_viprecharge` [ RunTime:0.0005s ]
SQL: SHOW COLUMNS FROM `hqjhc_logs_moneys` [ RunTime:0.0003s ]
SQL: INSERT INTO `hqjhc_logs_viprecharge` (`examount`,`userid`,`amount`,`datasrc`,`createTime`,`orderNo`) VALUES (NULL,NULL,NULL,'1','2018-03-05 12:00:56',NULL) [ RunTime:0.0036s ]
SQL: INSERT INTO `hqjhc_logs_moneys` (`amount`,`moneyType`,`accessType`,`orderNo`,`datasource`,`createTime`,`userid`) VALUES (NULL,'1','2',NULL,'9','2018-03-05 12:00:56',NULL) [ RunTime:0.0041s ]
INFO: [ app_end ] --START--
INFO: Run Behavior\ShowPageTraceBehavior [ RunTime:0.000349s ]
INFO: [ app_end ] --END-- [ RunTime:0.000367s ]

[ 2018-03-05T12:21:55+08:00 ] 110.75.248.111 /api.php/Home/Recharge/zfb_vip_notify
INFO: [ app_init ] --START--
INFO: Run Behavior\BuildLiteBehavior [ RunTime:0.000007s ]
INFO: [ app_init ] --END-- [ RunTime:0.000208s ]
INFO: [ app_begin ] --START--
INFO: Run Behavior\ReadHtmlCacheBehavior [ RunTime:0.000264s ]
INFO: [ app_begin ] --END-- [ RunTime:0.000284s ]
NOTIC: [8] A session had already been started - ignoring session_start() /home/www/hqjhc/ThinkPHP/Common/functions.php 第 1263 行.
SQL: SHOW COLUMNS FROM `hqjhc_recharge` [ RunTime:0.0005s ]
SQL: UPDATE `hqjhc_recharge` SET `status`='1' WHERE `orderNo` = '2017120249101971' [ RunTime:0.0003s ]
SQL: SHOW COLUMNS FROM `hqjhc_viprecharge` [ RunTime:0.0004s ]
SQL: SELECT * FROM `hqjhc_viprecharge` WHERE `orderNo` = '2017120249101971' LIMIT 1   [ RunTime:0.0002s ]
SQL: SHOW COLUMNS FROM `hqjhc_users` [ RunTime:0.0004s ]
SQL: SELECT * FROM `hqjhc_users` WHERE `userid` = null LIMIT 1   [ RunTime:0.0002s ]
SQL: SHOW COLUMNS FROM `hqjhc_users` [ RunTime:0.0004s ]
SQL: UPDATE `hqjhc_users` SET `vip`=NULL WHERE `userid` = null [ RunTime:0.0001s ]
SQL: SHOW COLUMNS FROM `hqjhc_logs_viprecharge` [ RunTime:0.0003s ]
SQL: SHOW COLUMNS FROM `hqjhc_logs_moneys` [ RunTime:0.0003s ]
SQL: INSERT INTO `hqjhc_logs_viprecharge` (`examount`,`userid`,`amount`,`datasrc`,`createTime`,`orderNo`) VALUES (NULL,NULL,NULL,'1','2018-03-05 12:21:55',NULL) [ RunTime:0.0038s ]
SQL: INSERT INTO `hqjhc_logs_moneys` (`amount`,`moneyType`,`accessType`,`orderNo`,`datasource`,`createTime`,`userid`) VALUES (NULL,'1','2',NULL,'9','2018-03-05 12:21:55',NULL) [ RunTime:0.0023s ]
INFO: [ app_end ] --START--
INFO: Run Behavior\ShowPageTraceBehavior [ RunTime:0.000277s ]
INFO: [ app_end ] --END-- [ RunTime:0.000294s ]

[ 2018-03-05T12:26:55+08:00 ] 110.75.248.33 /api.php/Home/Recharge/zfb_vip_notify
INFO: [ app_init ] --START--
INFO: Run Behavior\BuildLiteBehavior [ RunTime:0.000006s ]
INFO: [ app_init ] --END-- [ RunTime:0.000187s ]
INFO: [ app_begin ] --START--
INFO: Run Behavior\ReadHtmlCacheBehavior [ RunTime:0.000236s ]
INFO: [ app_begin ] --END-- [ RunTime:0.000253s ]
NOTIC: [8] A session had already been started - ignoring session_start() /home/www/hqjhc/ThinkPHP/Common/functions.php 第 1263 行.
SQL: SHOW COLUMNS FROM `hqjhc_recharge` [ RunTime:0.0005s ]
SQL: UPDATE `hqjhc_recharge` SET `status`='1' WHERE `orderNo` = '2017120253485498' [ RunTime:0.0003s ]
SQL: SHOW COLUMNS FROM `hqjhc_viprecharge` [ RunTime:0.0004s ]
SQL: SELECT * FROM `hqjhc_viprecharge` WHERE `orderNo` = '2017120253485498' LIMIT 1   [ RunTime:0.0002s ]
SQL: SHOW COLUMNS FROM `hqjhc_users` [ RunTime:0.0004s ]
SQL: SELECT * FROM `hqjhc_users` WHERE `userid` = null LIMIT 1   [ RunTime:0.0002s ]
SQL: SHOW COLUMNS FROM `hqjhc_users` [ RunTime:0.0004s ]
SQL: UPDATE `hqjhc_users` SET `vip`=NULL WHERE `userid` = null [ RunTime:0.0001s ]
SQL: SHOW COLUMNS FROM `hqjhc_logs_viprecharge` [ RunTime:0.0005s ]
SQL: SHOW COLUMNS FROM `hqjhc_logs_moneys` [ RunTime:0.0003s ]
SQL: INSERT INTO `hqjhc_logs_viprecharge` (`examount`,`userid`,`amount`,`datasrc`,`createTime`,`orderNo`) VALUES (NULL,NULL,NULL,'1','2018-03-05 12:26:55',NULL) [ RunTime:0.0036s ]
SQL: INSERT INTO `hqjhc_logs_moneys` (`amount`,`moneyType`,`accessType`,`orderNo`,`datasource`,`createTime`,`userid`) VALUES (NULL,'1','2',NULL,'9','2018-03-05 12:26:55',NULL) [ RunTime:0.0034s ]
INFO: [ app_end ] --START--
INFO: Run Behavior\ShowPageTraceBehavior [ RunTime:0.000292s ]
INFO: [ app_end ] --END-- [ RunTime:0.000309s ]

[ 2018-03-05T12:27:55+08:00 ] 110.75.248.100 /api.php/Home/Recharge/zfb_vip_notify
INFO: [ app_init ] --START--
INFO: Run Behavior\BuildLiteBehavior [ RunTime:0.000007s ]
INFO: [ app_init ] --END-- [ RunTime:0.000184s ]
INFO: [ app_begin ] --START--
INFO: Run Behavior\ReadHtmlCacheBehavior [ RunTime:0.000224s ]
INFO: [ app_begin ] --END-- [ RunTime:0.000242s ]
NOTIC: [8] A session had already been started - ignoring session_start() /home/www/hqjhc/ThinkPHP/Common/functions.php 第 1263 行.
SQL: SHOW COLUMNS FROM `hqjhc_recharge` [ RunTime:0.0005s ]
SQL: UPDATE `hqjhc_recharge` SET `status`='1' WHERE `orderNo` = '2017120210210050' [ RunTime:0.0003s ]
SQL: SHOW COLUMNS FROM `hqjhc_viprecharge` [ RunTime:0.0004s ]
SQL: SELECT * FROM `hqjhc_viprecharge` WHERE `orderNo` = '2017120210210050' LIMIT 1   [ RunTime:0.0002s ]
SQL: SHOW COLUMNS FROM `hqjhc_users` [ RunTime:0.0004s ]
SQL: SELECT * FROM `hqjhc_users` WHERE `userid` = null LIMIT 1   [ RunTime:0.0002s ]
SQL: SHOW COLUMNS FROM `hqjhc_users` [ RunTime:0.0005s ]
SQL: UPDATE `hqjhc_users` SET `vip`=NULL WHERE `userid` = null [ RunTime:0.0001s ]
SQL: SHOW COLUMNS FROM `hqjhc_logs_viprecharge` [ RunTime:0.0003s ]
SQL: SHOW COLUMNS FROM `hqjhc_logs_moneys` [ RunTime:0.0003s ]
SQL: INSERT INTO `hqjhc_logs_viprecharge` (`examount`,`userid`,`amount`,`datasrc`,`createTime`,`orderNo`) VALUES (NULL,NULL,NULL,'1','2018-03-05 12:27:55',NULL) [ RunTime:0.0045s ]
SQL: INSERT INTO `hqjhc_logs_moneys` (`amount`,`moneyType`,`accessType`,`orderNo`,`datasource`,`createTime`,`userid`) VALUES (NULL,'1','2',NULL,'9','2018-03-05 12:27:55',NULL) [ RunTime:0.0043s ]
INFO: [ app_end ] --START--
INFO: Run Behavior\ShowPageTraceBehavior [ RunTime:0.000298s ]
INFO: [ app_end ] --END-- [ RunTime:0.000315s ]

[ 2018-03-05T12:29:56+08:00 ] 110.75.248.2 /api.php/Home/Recharge/zfb_vip_notify
INFO: [ app_init ] --START--
INFO: Run Behavior\BuildLiteBehavior [ RunTime:0.000007s ]
INFO: [ app_init ] --END-- [ RunTime:0.000171s ]
INFO: [ app_begin ] --START--
INFO: Run Behavior\ReadHtmlCacheBehavior [ RunTime:0.000232s ]
INFO: [ app_begin ] --END-- [ RunTime:0.000250s ]
NOTIC: [8] A session had already been started - ignoring session_start() /home/www/hqjhc/ThinkPHP/Common/functions.php 第 1263 行.
SQL: SHOW COLUMNS FROM `hqjhc_recharge` [ RunTime:0.0006s ]
SQL: UPDATE `hqjhc_recharge` SET `status`='1' WHERE `orderNo` = '2017120297100975' [ RunTime:0.0003s ]
SQL: SHOW COLUMNS FROM `hqjhc_viprecharge` [ RunTime:0.0004s ]
SQL: SELECT * FROM `hqjhc_viprecharge` WHERE `orderNo` = '2017120297100975' LIMIT 1   [ RunTime:0.0002s ]
SQL: SHOW COLUMNS FROM `hqjhc_users` [ RunTime:0.0004s ]
SQL: SELECT * FROM `hqjhc_users` WHERE `userid` = null LIMIT 1   [ RunTime:0.0002s ]
SQL: SHOW COLUMNS FROM `hqjhc_users` [ RunTime:0.0004s ]
SQL: UPDATE `hqjhc_users` SET `vip`=NULL WHERE `userid` = null [ RunTime:0.0001s ]
SQL: SHOW COLUMNS FROM `hqjhc_logs_viprecharge` [ RunTime:0.0003s ]
SQL: SHOW COLUMNS FROM `hqjhc_logs_moneys` [ RunTime:0.0003s ]
SQL: INSERT INTO `hqjhc_logs_viprecharge` (`examount`,`userid`,`amount`,`datasrc`,`createTime`,`orderNo`) VALUES (NULL,NULL,NULL,'1','2018-03-05 12:29:56',NULL) [ RunTime:0.0032s ]
SQL: INSERT INTO `hqjhc_logs_moneys` (`amount`,`moneyType`,`accessType`,`orderNo`,`datasource`,`createTime`,`userid`) VALUES (NULL,'1','2',NULL,'9','2018-03-05 12:29:56',NULL) [ RunTime:0.0086s ]
INFO: [ app_end ] --START--
INFO: Run Behavior\ShowPageTraceBehavior [ RunTime:0.000295s ]
INFO: [ app_end ] --END-- [ RunTime:0.000312s ]

[ 2018-03-05T12:30:56+08:00 ] 110.75.248.116 /api.php/Home/Recharge/zfb_vip_notify
INFO: [ app_init ] --START--
INFO: Run Behavior\BuildLiteBehavior [ RunTime:0.000007s ]
INFO: [ app_init ] --END-- [ RunTime:0.000210s ]
INFO: [ app_begin ] --START--
INFO: Run Behavior\ReadHtmlCacheBehavior [ RunTime:0.000273s ]
INFO: [ app_begin ] --END-- [ RunTime:0.000292s ]
NOTIC: [8] A session had already been started - ignoring session_start() /home/www/hqjhc/ThinkPHP/Common/functions.php 第 1263 行.
SQL: SHOW COLUMNS FROM `hqjhc_recharge` [ RunTime:0.0012s ]
SQL: UPDATE `hqjhc_recharge` SET `status`='1' WHERE `orderNo` = '2017120254491015' [ RunTime:0.0003s ]
SQL: SHOW COLUMNS FROM `hqjhc_viprecharge` [ RunTime:0.0004s ]
SQL: SELECT * FROM `hqjhc_viprecharge` WHERE `orderNo` = '2017120254491015' LIMIT 1   [ RunTime:0.0002s ]
SQL: SHOW COLUMNS FROM `hqjhc_users` [ RunTime:0.0004s ]
SQL: SELECT * FROM `hqjhc_users` WHERE `userid` = null LIMIT 1   [ RunTime:0.0002s ]
SQL: SHOW COLUMNS FROM `hqjhc_users` [ RunTime:0.0005s ]
SQL: UPDATE `hqjhc_users` SET `vip`=NULL WHERE `userid` = null [ RunTime:0.0001s ]
SQL: SHOW COLUMNS FROM `hqjhc_logs_viprecharge` [ RunTime:0.0003s ]
SQL: SHOW COLUMNS FROM `hqjhc_logs_moneys` [ RunTime:0.0003s ]
SQL: INSERT INTO `hqjhc_logs_viprecharge` (`examount`,`userid`,`amount`,`datasrc`,`createTime`,`orderNo`) VALUES (NULL,NULL,NULL,'1','2018-03-05 12:30:56',NULL) [ RunTime:0.0205s ]
SQL: INSERT INTO `hqjhc_logs_moneys` (`amount`,`moneyType`,`accessType`,`orderNo`,`datasource`,`createTime`,`userid`) VALUES (NULL,'1','2',NULL,'9','2018-03-05 12:30:56',NULL) [ RunTime:0.0025s ]
INFO: [ app_end ] --START--
INFO: Run Behavior\ShowPageTraceBehavior [ RunTime:0.000354s ]
INFO: [ app_end ] --END-- [ RunTime:0.000372s ]

[ 2018-03-05T12:31:55+08:00 ] 110.75.248.125 /api.php/Home/Recharge/zfb_vip_notify
INFO: [ app_init ] --START--
INFO: Run Behavior\BuildLiteBehavior [ RunTime:0.000007s ]
INFO: [ app_init ] --END-- [ RunTime:0.000195s ]
INFO: [ app_begin ] --START--
INFO: Run Behavior\ReadHtmlCacheBehavior [ RunTime:0.000254s ]
INFO: [ app_begin ] --END-- [ RunTime:0.000273s ]
NOTIC: [8] A session had already been started - ignoring session_start() /home/www/hqjhc/ThinkPHP/Common/functions.php 第 1263 行.
SQL: SHOW COLUMNS FROM `hqjhc_recharge` [ RunTime:0.0005s ]
SQL: UPDATE `hqjhc_recharge` SET `status`='1' WHERE `orderNo` = '2017120249971021' [ RunTime:0.0003s ]
SQL: SHOW COLUMNS FROM `hqjhc_viprecharge` [ RunTime:0.0004s ]
SQL: SELECT * FROM `hqjhc_viprecharge` WHERE `orderNo` = '2017120249971021' LIMIT 1   [ RunTime:0.0002s ]
SQL: SHOW COLUMNS FROM `hqjhc_users` [ RunTime:0.0004s ]
SQL: SELECT * FROM `hqjhc_users` WHERE `userid` = null LIMIT 1   [ RunTime:0.0002s ]
SQL: SHOW COLUMNS FROM `hqjhc_users` [ RunTime:0.0004s ]
SQL: UPDATE `hqjhc_users` SET `vip`=NULL WHERE `userid` = null [ RunTime:0.0001s ]
SQL: SHOW COLUMNS FROM `hqjhc_logs_viprecharge` [ RunTime:0.0003s ]
SQL: SHOW COLUMNS FROM `hqjhc_logs_moneys` [ RunTime:0.0003s ]
SQL: INSERT INTO `hqjhc_logs_viprecharge` (`examount`,`userid`,`amount`,`datasrc`,`createTime`,`orderNo`) VALUES (NULL,NULL,NULL,'1','2018-03-05 12:31:55',NULL) [ RunTime:0.0033s ]
SQL: INSERT INTO `hqjhc_logs_moneys` (`amount`,`moneyType`,`accessType`,`orderNo`,`datasource`,`createTime`,`userid`) VALUES (NULL,'1','2',NULL,'9','2018-03-05 12:31:55',NULL) [ RunTime:0.0022s ]
INFO: [ app_end ] --START--
INFO: Run Behavior\ShowPageTraceBehavior [ RunTime:0.000288s ]
INFO: [ app_end ] --END-- [ RunTime:0.000305s ]

[ 2018-03-05T13:09:56+08:00 ] 110.75.248.170 /api.php/Home/Deal/zfbnotify
INFO: [ app_init ] --START--
INFO: Run Behavior\BuildLiteBehavior [ RunTime:0.000006s ]
INFO: [ app_init ] --END-- [ RunTime:0.000172s ]
INFO: [ app_begin ] --START--
INFO: Run Behavior\ReadHtmlCacheBehavior [ RunTime:0.000231s ]
INFO: [ app_begin ] --END-- [ RunTime:0.000249s ]
NOTIC: [8] A session had already been started - ignoring session_start() /home/www/hqjhc/ThinkPHP/Common/functions.php 第 1263 行.
SQL: SHOW COLUMNS FROM `hqjhc_order_settlement` [ RunTime:0.0005s ]
SQL: UPDATE `hqjhc_order_settlement` SET `status`='1' WHERE `orderno` = '2017120210056499' [ RunTime:0.0003s ]
SQL: SELECT * FROM `hqjhc_order_settlement` WHERE `orderno` = '2017120210056499' LIMIT 1   [ RunTime:0.0002s ]
SQL: SHOW COLUMNS FROM `hqjhc_orders` [ RunTime:0.0005s ]
SQL: UPDATE `hqjhc_orders` SET `orderStatus`='1',`applystatus`='1',`payTime`='2018-03-05 13:09:56' WHERE `orderNo` = null [ RunTime:0.0009s ]
SQL: SELECT * FROM `hqjhc_orders` LIMIT 1   [ RunTime:0.0002s ]
SQL: SHOW COLUMNS FROM `hqjhc_logs_moneys` [ RunTime:0.0003s ]
SQL: INSERT INTO `hqjhc_logs_moneys` (`amount`,`moneyType`,`accessType`,`orderNo`,`createTime`,`datasource`,`userid`,`otherOrderno`) VALUES ('0.02','1','2','2018030552515152','2018-03-05 13:09:56','4','29',NULL) [ RunTime:0.0031s ]
INFO: [ app_end ] --START--
INFO: Run Behavior\ShowPageTraceBehavior [ RunTime:0.000273s ]
INFO: [ app_end ] --END-- [ RunTime:0.000301s ]

[ 2018-03-05T15:50:56+08:00 ] 110.75.248.231 /api.php/Home/Deals/zfbnotify
INFO: [ app_init ] --START--
INFO: Run Behavior\BuildLiteBehavior [ RunTime:0.000007s ]
INFO: [ app_init ] --END-- [ RunTime:0.000189s ]
INFO: [ app_begin ] --START--
INFO: Run Behavior\ReadHtmlCacheBehavior [ RunTime:0.000239s ]
INFO: [ app_begin ] --END-- [ RunTime:0.000258s ]
NOTIC: [8] A session had already been started - ignoring session_start() /home/www/hqjhc/ThinkPHP/Common/functions.php 第 1263 行.
SQL: SHOW COLUMNS FROM `hqjhc_order_settlement` [ RunTime:0.0005s ]
SQL: UPDATE `hqjhc_order_settlement` SET `status`='1' WHERE `orderno` = '2017120253505051' [ RunTime:0.0003s ]
SQL: SELECT * FROM `hqjhc_order_settlement` WHERE `orderno` = '2017120253505051' LIMIT 1   [ RunTime:0.0002s ]
SQL: SHOW COLUMNS FROM `hqjhc_orders` [ RunTime:0.0004s ]
SQL: UPDATE `hqjhc_orders` SET `orderStatus`='1',`applystatus`='1',`payTime`='2018-03-05 15:50:56' WHERE `orderNo` = null [ RunTime:0.0008s ]
SQL: SELECT * FROM `hqjhc_orders` WHERE `sameorderNo` = null  [ RunTime:0.0010s ]
NOTIC: [8] Undefined index: addressid /home/www/hqjhc/api/Home/Controller/DealsController.class.php 第 240 行.
NOTIC: [8] Undefined index: userid /home/www/hqjhc/api/Home/Controller/DealsController.class.php 第 241 行.
NOTIC: [8] Undefined variable: orderno /home/www/hqjhc/api/Home/Controller/DealsController.class.php 第 258 行.
SQL: SHOW COLUMNS FROM `hqjhc_logs_moneys` [ RunTime:0.0003s ]
SQL: INSERT INTO `hqjhc_logs_moneys` (`amount`,`moneyType`,`accessType`,`orderNo`,`createTime`,`datasource`,`userid`,`otherOrderno`) VALUES ('0.01','1','2','2018030548524849','2018-03-05 15:50:56','11',NULL,NULL) [ RunTime:0.0039s ]
INFO: [ app_end ] --START--
INFO: Run Behavior\ShowPageTraceBehavior [ RunTime:0.000291s ]
INFO: [ app_end ] --END-- [ RunTime:0.000308s ]

[ 2018-03-05T15:53:55+08:00 ] 110.75.248.107 /api.php/Home/Deals/zfbnotify
INFO: [ app_init ] --START--
INFO: Run Behavior\BuildLiteBehavior [ RunTime:0.000007s ]
INFO: [ app_init ] --END-- [ RunTime:0.000181s ]
INFO: [ app_begin ] --START--
INFO: Run Behavior\ReadHtmlCacheBehavior [ RunTime:0.000225s ]
INFO: [ app_begin ] --END-- [ RunTime:0.000242s ]
NOTIC: [8] A session had already been started - ignoring session_start() /home/www/hqjhc/ThinkPHP/Common/functions.php 第 1263 行.
SQL: SHOW COLUMNS FROM `hqjhc_order_settlement` [ RunTime:0.0006s ]
SQL: UPDATE `hqjhc_order_settlement` SET `status`='1' WHERE `orderno` = '2017120255101102' [ RunTime:0.0003s ]
SQL: SELECT * FROM `hqjhc_order_settlement` WHERE `orderno` = '2017120255101102' LIMIT 1   [ RunTime:0.0003s ]
SQL: SHOW COLUMNS FROM `hqjhc_orders` [ RunTime:0.0004s ]
SQL: UPDATE `hqjhc_orders` SET `orderStatus`='1',`applystatus`='1',`payTime`='2018-03-05 15:53:55' WHERE `orderNo` = null [ RunTime:0.0008s ]
SQL: SELECT * FROM `hqjhc_orders` WHERE `sameorderNo` = null  [ RunTime:0.0010s ]
NOTIC: [8] Undefined index: addressid /home/www/hqjhc/api/Home/Controller/DealsController.class.php 第 240 行.
NOTIC: [8] Undefined index: userid /home/www/hqjhc/api/Home/Controller/DealsController.class.php 第 241 行.
NOTIC: [8] Undefined variable: orderno /home/www/hqjhc/api/Home/Controller/DealsController.class.php 第 258 行.
SQL: SHOW COLUMNS FROM `hqjhc_logs_moneys` [ RunTime:0.0004s ]
SQL: INSERT INTO `hqjhc_logs_moneys` (`amount`,`moneyType`,`accessType`,`orderNo`,`createTime`,`datasource`,`userid`,`otherOrderno`) VALUES ('0.01','1','2','2018030551999751','2018-03-05 15:53:55','11',NULL,NULL) [ RunTime:0.0034s ]
INFO: [ app_end ] --START--
INFO: Run Behavior\ShowPageTraceBehavior [ RunTime:0.000288s ]
INFO: [ app_end ] --END-- [ RunTime:0.000304s ]

[ 2018-03-05T15:59:55+08:00 ] 110.75.248.140 /api.php/Home/Deals/zfbnotify
INFO: [ app_init ] --START--
INFO: Run Behavior\BuildLiteBehavior [ RunTime:0.000007s ]
INFO: [ app_init ] --END-- [ RunTime:0.000188s ]
INFO: [ app_begin ] --START--
INFO: Run Behavior\ReadHtmlCacheBehavior [ RunTime:0.000234s ]
INFO: [ app_begin ] --END-- [ RunTime:0.000252s ]
NOTIC: [8] A session had already been started - ignoring session_start() /home/www/hqjhc/ThinkPHP/Common/functions.php 第 1263 行.
SQL: SHOW COLUMNS FROM `hqjhc_order_settlement` [ RunTime:0.0005s ]
SQL: UPDATE `hqjhc_order_settlement` SET `status`='1' WHERE `orderno` = '2017120250995010' [ RunTime:0.0003s ]
SQL: SELECT * FROM `hqjhc_order_settlement` WHERE `orderno` = '2017120250995010' LIMIT 1   [ RunTime:0.0003s ]
SQL: SHOW COLUMNS FROM `hqjhc_orders` [ RunTime:0.0004s ]
SQL: UPDATE `hqjhc_orders` SET `orderStatus`='1',`applystatus`='1',`payTime`='2018-03-05 15:59:55' WHERE `orderNo` = null [ RunTime:0.0009s ]
SQL: SELECT * FROM `hqjhc_orders` WHERE `sameorderNo` = null  [ RunTime:0.0010s ]
NOTIC: [8] Undefined index: addressid /home/www/hqjhc/api/Home/Controller/DealsController.class.php 第 240 行.
NOTIC: [8] Undefined index: userid /home/www/hqjhc/api/Home/Controller/DealsController.class.php 第 241 行.
NOTIC: [8] Undefined variable: orderno /home/www/hqjhc/api/Home/Controller/DealsController.class.php 第 258 行.
SQL: SHOW COLUMNS FROM `hqjhc_logs_moneys` [ RunTime:0.0004s ]
SQL: INSERT INTO `hqjhc_logs_moneys` (`amount`,`moneyType`,`accessType`,`orderNo`,`createTime`,`datasource`,`userid`,`otherOrderno`) VALUES ('0.01','1','2','2018030598975799','2018-03-05 15:59:55','11',NULL,NULL) [ RunTime:0.0043s ]
INFO: [ app_end ] --START--
INFO: Run Behavior\ShowPageTraceBehavior [ RunTime:0.000274s ]
INFO: [ app_end ] --END-- [ RunTime:0.000290s ]

[ 2018-03-05T16:04:56+08:00 ] 110.75.248.109 /api.php/Home/Deals/zfbnotify
INFO: [ app_init ] --START--
INFO: Run Behavior\BuildLiteBehavior [ RunTime:0.000007s ]
INFO: [ app_init ] --END-- [ RunTime:0.000193s ]
INFO: [ app_begin ] --START--
INFO: Run Behavior\ReadHtmlCacheBehavior [ RunTime:0.000254s ]
INFO: [ app_begin ] --END-- [ RunTime:0.000274s ]
NOTIC: [8] A session had already been started - ignoring session_start() /home/www/hqjhc/ThinkPHP/Common/functions.php 第 1263 行.
SQL: SHOW COLUMNS FROM `hqjhc_order_settlement` [ RunTime:0.0005s ]
SQL: UPDATE `hqjhc_order_settlement` SET `status`='1' WHERE `orderno` = '2017120249565750' [ RunTime:0.0003s ]
SQL: SELECT * FROM `hqjhc_order_settlement` WHERE `orderno` = '2017120249565750' LIMIT 1   [ RunTime:0.0002s ]
SQL: SHOW COLUMNS FROM `hqjhc_orders` [ RunTime:0.0004s ]
SQL: UPDATE `hqjhc_orders` SET `orderStatus`='1',`applystatus`='1',`payTime`='2018-03-05 16:04:56' WHERE `orderNo` = null [ RunTime:0.0009s ]
SQL: SELECT * FROM `hqjhc_orders` WHERE `sameorderNo` = null  [ RunTime:0.0010s ]
NOTIC: [8] Undefined index: addressid /home/www/hqjhc/api/Home/Controller/DealsController.class.php 第 240 行.
NOTIC: [8] Undefined index: userid /home/www/hqjhc/api/Home/Controller/DealsController.class.php 第 241 行.
NOTIC: [8] Undefined variable: orderno /home/www/hqjhc/api/Home/Controller/DealsController.class.php 第 258 行.
SQL: SHOW COLUMNS FROM `hqjhc_logs_moneys` [ RunTime:0.0004s ]
SQL: INSERT INTO `hqjhc_logs_moneys` (`amount`,`moneyType`,`accessType`,`orderNo`,`createTime`,`datasource`,`userid`,`otherOrderno`) VALUES ('0.01','1','2','2018030556521015','2018-03-05 16:04:56','11',NULL,NULL) [ RunTime:0.0027s ]
INFO: [ app_end ] --START--
INFO: Run Behavior\ShowPageTraceBehavior [ RunTime:0.000298s ]
INFO: [ app_end ] --END-- [ RunTime:0.000315s ]

[ 2018-03-05T16:06:55+08:00 ] 110.75.248.4 /api.php/Home/Deals/zfbnotify
INFO: [ app_init ] --START--
INFO: Run Behavior\BuildLiteBehavior [ RunTime:0.000007s ]
INFO: [ app_init ] --END-- [ RunTime:0.000210s ]
INFO: [ app_begin ] --START--
INFO: Run Behavior\ReadHtmlCacheBehavior [ RunTime:0.000266s ]
INFO: [ app_begin ] --END-- [ RunTime:0.000288s ]
NOTIC: [8] A session had already been started - ignoring session_start() /home/www/hqjhc/ThinkPHP/Common/functions.php 第 1263 行.
SQL: SHOW COLUMNS FROM `hqjhc_order_settlement` [ RunTime:0.0005s ]
SQL: UPDATE `hqjhc_order_settlement` SET `status`='1' WHERE `orderno` = '2017120256995710' [ RunTime:0.0003s ]
SQL: SELECT * FROM `hqjhc_order_settlement` WHERE `orderno` = '2017120256995710' LIMIT 1   [ RunTime:0.0002s ]
SQL: SHOW COLUMNS FROM `hqjhc_orders` [ RunTime:0.0004s ]
SQL: UPDATE `hqjhc_orders` SET `orderStatus`='1',`applystatus`='1',`payTime`='2018-03-05 16:06:55' WHERE `orderNo` = null [ RunTime:0.0009s ]
SQL: SELECT * FROM `hqjhc_orders` WHERE `sameorderNo` = null  [ RunTime:0.0010s ]
NOTIC: [8] Undefined index: addressid /home/www/hqjhc/api/Home/Controller/DealsController.class.php 第 240 行.
NOTIC: [8] Undefined index: userid /home/www/hqjhc/api/Home/Controller/DealsController.class.php 第 241 行.
NOTIC: [8] Undefined variable: orderno /home/www/hqjhc/api/Home/Controller/DealsController.class.php 第 258 行.
SQL: SHOW COLUMNS FROM `hqjhc_logs_moneys` [ RunTime:0.0004s ]
SQL: INSERT INTO `hqjhc_logs_moneys` (`amount`,`moneyType`,`accessType`,`orderNo`,`createTime`,`datasource`,`userid`,`otherOrderno`) VALUES ('0.01','1','2','2018030510299102','2018-03-05 16:06:55','11',NULL,NULL) [ RunTime:0.0035s ]
INFO: [ app_end ] --START--
INFO: Run Behavior\ShowPageTraceBehavior [ RunTime:0.000289s ]
INFO: [ app_end ] --END-- [ RunTime:0.000305s ]

[ 2018-03-05T16:08:55+08:00 ] 110.75.248.63 /api.php/Home/Deals/zfbnotify
INFO: [ app_init ] --START--
INFO: Run Behavior\BuildLiteBehavior [ RunTime:0.000008s ]
INFO: [ app_init ] --END-- [ RunTime:0.000185s ]
INFO: [ app_begin ] --START--
INFO: Run Behavior\ReadHtmlCacheBehavior [ RunTime:0.000225s ]
INFO: [ app_begin ] --END-- [ RunTime:0.000242s ]
NOTIC: [8] A session had already been started - ignoring session_start() /home/www/hqjhc/ThinkPHP/Common/functions.php 第 1263 行.
SQL: SHOW COLUMNS FROM `hqjhc_order_settlement` [ RunTime:0.0005s ]
SQL: UPDATE `hqjhc_order_settlement` SET `status`='1' WHERE `orderno` = '2017120210257994' [ RunTime:0.0003s ]
SQL: SELECT * FROM `hqjhc_order_settlement` WHERE `orderno` = '2017120210257994' LIMIT 1   [ RunTime:0.0002s ]
SQL: SHOW COLUMNS FROM `hqjhc_orders` [ RunTime:0.0004s ]
SQL: UPDATE `hqjhc_orders` SET `orderStatus`='1',`applystatus`='1',`payTime`='2018-03-05 16:08:55' WHERE `orderNo` = null [ RunTime:0.0009s ]
SQL: SELECT * FROM `hqjhc_orders` WHERE `sameorderNo` = null  [ RunTime:0.0010s ]
NOTIC: [8] Undefined index: addressid /home/www/hqjhc/api/Home/Controller/DealsController.class.php 第 240 行.
NOTIC: [8] Undefined index: userid /home/www/hqjhc/api/Home/Controller/DealsController.class.php 第 241 行.
NOTIC: [8] Undefined variable: orderno /home/www/hqjhc/api/Home/Controller/DealsController.class.php 第 258 行.
SQL: SHOW COLUMNS FROM `hqjhc_logs_moneys` [ RunTime:0.0004s ]
SQL: INSERT INTO `hqjhc_logs_moneys` (`amount`,`moneyType`,`accessType`,`orderNo`,`createTime`,`datasource`,`userid`,`otherOrderno`) VALUES ('0.01','1','2','2018030555994854','2018-03-05 16:08:55','11',NULL,NULL) [ RunTime:0.0024s ]
INFO: [ app_end ] --START--
INFO: Run Behavior\ShowPageTraceBehavior [ RunTime:0.000301s ]
INFO: [ app_end ] --END-- [ RunTime:0.000318s ]

[ 2018-03-05T16:11:55+08:00 ] 110.75.248.14 /api.php/Home/Deals/zfbnotify
INFO: [ app_init ] --START--
INFO: Run Behavior\BuildLiteBehavior [ RunTime:0.000007s ]
INFO: [ app_init ] --END-- [ RunTime:0.000174s ]
INFO: [ app_begin ] --START--
INFO: Run Behavior\ReadHtmlCacheBehavior [ RunTime:0.000226s ]
INFO: [ app_begin ] --END-- [ RunTime:0.000243s ]
NOTIC: [8] A session had already been started - ignoring session_start() /home/www/hqjhc/ThinkPHP/Common/functions.php 第 1263 行.
SQL: SHOW COLUMNS FROM `hqjhc_order_settlement` [ RunTime:0.0005s ]
SQL: UPDATE `hqjhc_order_settlement` SET `status`='1' WHERE `orderno` = '2017120254525348' [ RunTime:0.0003s ]
SQL: SELECT * FROM `hqjhc_order_settlement` WHERE `orderno` = '2017120254525348' LIMIT 1   [ RunTime:0.0003s ]
SQL: SHOW COLUMNS FROM `hqjhc_orders` [ RunTime:0.0004s ]
SQL: UPDATE `hqjhc_orders` SET `orderStatus`='1',`applystatus`='1',`payTime`='2018-03-05 16:11:55' WHERE `orderNo` = null [ RunTime:0.0008s ]
SQL: SELECT * FROM `hqjhc_orders` WHERE `sameorderNo` = null  [ RunTime:0.0010s ]
NOTIC: [8] Undefined index: addressid /home/www/hqjhc/api/Home/Controller/DealsController.class.php 第 240 行.
NOTIC: [8] Undefined index: userid /home/www/hqjhc/api/Home/Controller/DealsController.class.php 第 241 行.
NOTIC: [8] Undefined variable: orderno /home/www/hqjhc/api/Home/Controller/DealsController.class.php 第 258 行.
SQL: SHOW COLUMNS FROM `hqjhc_logs_moneys` [ RunTime:0.0003s ]
SQL: INSERT INTO `hqjhc_logs_moneys` (`amount`,`moneyType`,`accessType`,`orderNo`,`createTime`,`datasource`,`userid`,`otherOrderno`) VALUES ('0.01','1','2','2018030598102499','2018-03-05 16:11:55','11',NULL,NULL) [ RunTime:0.0033s ]
INFO: [ app_end ] --START--
INFO: Run Behavior\ShowPageTraceBehavior [ RunTime:0.000276s ]
INFO: [ app_end ] --END-- [ RunTime:0.000311s ]

[ 2018-03-05T18:50:39+08:00 ] 116.230.117.11 /api.php/Home/Index/index
INFO: [ app_init ] --START--
INFO: Run Behavior\BuildLiteBehavior [ RunTime:0.000007s ]
INFO: [ app_init ] --END-- [ RunTime:0.000176s ]
INFO: [ app_begin ] --START--
INFO: Run Behavior\ReadHtmlCacheBehavior [ RunTime:0.000254s ]
INFO: [ app_begin ] --END-- [ RunTime:0.000272s ]
NOTIC: [8] A session had already been started - ignoring session_start() /home/www/hqjhc/ThinkPHP/Common/functions.php 第 1263 行.
SQL: SHOW COLUMNS FROM `hqjhc_grade` [ RunTime:0.0005s ]
SQL: SELECT hqjhc_brands.brandName as brandName,hqjhc_brands.brandLogo as brandLogo,hqjhc_goods.brandid as brandid,hqjhc_goods.name as goodname,hqjhc_goods.goods_price as goods_price,hqjhc_goods.description as description,hqjhc_goods.marketPrice as marketPrice,hqjhc_goods.goods_other_img1 as goods_other_img1,hqjhc_goods.goods_other_img2 as goods_other_img2,hqjhc_goods.goods_other_img3 as goods_other_img3,hqjhc_goods.goods_other_img4 as goods_other_img4,hqjhc_grade.enddate as enddate,hqjhc_goods.id as id,hqjhc_grade.startdate as startdate FROM `hqjhc_grade` LEFT JOIN hqjhc_brands ON hqjhc_grade.brandid = hqjhc_brands.brandid LEFT JOIN hqjhc_goods ON hqjhc_brands.brandid = hqjhc_goods.brandid  WHERE hqjhc_goods.dataFlag = 0 AND hqjhc_grade.dataFlag = 0 AND hqjhc_goods.status = 3 AND hqjhc_grade.enddate > '2018-03-05 18:50:39'  [ RunTime:0.0004s ]
SQL: SELECT hqjhc_brands.brandName as brandName,hqjhc_brands.brandLogo as brandLogo,hqjhc_goods.brandid as brandid,hqjhc_goods.name as goodname,hqjhc_goods.goods_price as goods_price,hqjhc_goods.description as description,hqjhc_goods.marketPrice as marketPrice,hqjhc_goods.goods_other_img1 as goods_other_img1,hqjhc_goods.goods_other_img2 as goods_other_img2,hqjhc_goods.goods_other_img3 as goods_other_img3,hqjhc_goods.goods_other_img4 as goods_other_img4,hqjhc_grade.enddate as enddate,hqjhc_goods.id as id,hqjhc_grade.startdate as startdate FROM `hqjhc_grade` INNER JOIN hqjhc_brands ON hqjhc_grade.brandid = hqjhc_brands.brandid INNER JOIN hqjhc_goods ON hqjhc_grade.brandid = hqjhc_goods.brandid  WHERE hqjhc_goods.dataFlag = 0 AND hqjhc_grade.dataFlag = 0 AND hqjhc_goods.status = 3 AND hqjhc_grade.enddate > '2018-03-05 18:50:39' AND hqjhc_grade.startdate < '2018-03-05 18:50:39'  [ RunTime:0.0003s ]
SQL: SELECT hqjhc_brands.brandName as brandName,hqjhc_brands.brandLogo as brandLogo,hqjhc_goods.brandid as brandid,hqjhc_goods.name as goodname,hqjhc_goods.goods_price as goods_price,hqjhc_goods.description as description,hqjhc_goods.marketPrice as marketPrice,hqjhc_goods.goods_other_img1 as goods_other_img1,hqjhc_goods.goods_other_img2 as goods_other_img2,hqjhc_goods.goods_other_img3 as goods_other_img3,hqjhc_goods.goods_other_img4 as goods_other_img4,hqjhc_grade.enddate as enddate,hqjhc_goods.id as id,hqjhc_grade.startdate as startdate FROM `hqjhc_grade` INNER JOIN hqjhc_brands ON hqjhc_grade.brandid = hqjhc_brands.brandid INNER JOIN hqjhc_goods ON hqjhc_grade.brandid = hqjhc_goods.brandid  WHERE hqjhc_goods.dataFlag = 0 AND hqjhc_grade.dataFlag = 0 AND hqjhc_goods.status = 3 AND hqjhc_grade.startdate > '2018-03-05 18:50:39'  [ RunTime:0.0002s ]
SQL: SHOW COLUMNS FROM `hqjhc_users` [ RunTime:0.0005s ]
SQL: SELECT * FROM `hqjhc_users` WHERE `loginName` = 'o4NwH0x85qmllboBs2PaMTALG1zY' LIMIT 1   [ RunTime:0.0003s ]
SQL: SHOW COLUMNS FROM `hqjhc_web_notify` [ RunTime:0.0003s ]
SQL: SELECT * FROM `hqjhc_web_notify` WHERE `type` IN ('0','1') AND `userid` = 47 AND `dataFlag` = 0  [ RunTime:0.0002s ]
SQL: SHOW COLUMNS FROM `hqjhc_favorites` [ RunTime:0.0003s ]
SQL: SELECT * FROM `hqjhc_favorites` WHERE `userid` = 47  [ RunTime:0.0002s ]
SQL: SHOW COLUMNS FROM `hqjhc_messages` [ RunTime:0.0003s ]
SQL: SELECT * FROM `hqjhc_messages` WHERE `dataFlag` = 0  [ RunTime:0.0002s ]
SQL: SHOW COLUMNS FROM `hqjhc_ads` [ RunTime:0.0003s ]
SQL: SELECT * FROM `hqjhc_ads` WHERE `adpositionid` = 1 AND `dataFlag` = 0  [ RunTime:0.0002s ]
SQL: SELECT COUNT(*) AS tp_count FROM `hqjhc_web_notify` WHERE `type` IN ('0','1') AND `userid` = 47 AND `dataFlag` = 0 LIMIT 1   [ RunTime:0.0002s ]
INFO: [ app_end ] --START--
INFO: Run Behavior\ShowPageTraceBehavior [ RunTime:0.000287s ]
INFO: [ app_end ] --END-- [ RunTime:0.000306s ]

[ 2018-03-05T18:50:39+08:00 ] 116.230.117.11 /api.php/Home/Userinfo/index
INFO: [ app_init ] --START--
INFO: Run Behavior\BuildLiteBehavior [ RunTime:0.000005s ]
INFO: [ app_init ] --END-- [ RunTime:0.000166s ]
INFO: [ app_begin ] --START--
INFO: Run Behavior\ReadHtmlCacheBehavior [ RunTime:0.000228s ]
INFO: [ app_begin ] --END-- [ RunTime:0.000246s ]
NOTIC: [8] A session had already been started - ignoring session_start() /home/www/hqjhc/ThinkPHP/Common/functions.php 第 1263 行.
SQL: SHOW COLUMNS FROM `hqjhc_users` [ RunTime:0.0005s ]
SQL: SELECT COUNT(*) AS tp_count FROM `hqjhc_users` WHERE `loginName` = 'o4NwH0x85qmllboBs2PaMTALG1zY' LIMIT 1   [ RunTime:0.0002s ]
SQL: SELECT * FROM `hqjhc_users` WHERE `loginName` = 'o4NwH0x85qmllboBs2PaMTALG1zY' LIMIT 1   [ RunTime:0.0003s ]
SQL: SHOW COLUMNS FROM `hqjhc_web_notify` [ RunTime:0.0003s ]
SQL: SELECT COUNT(*) AS tp_count FROM `hqjhc_web_notify` WHERE `type` IN ('0','1') AND `userid` = 47 AND `dataFlag` = 0 LIMIT 1   [ RunTime:0.0002s ]
SQL: SHOW COLUMNS FROM `hqjhc_orders` [ RunTime:0.0004s ]
SQL: SELECT COUNT(*) AS tp_count FROM `hqjhc_orders` WHERE `orderStatus` = 0 AND `userid` = 47 LIMIT 1   [ RunTime:0.0003s ]
SQL: SELECT COUNT(*) AS tp_count FROM `hqjhc_orders` WHERE `orderStatus` = 1 AND `userid` = 47 LIMIT 1   [ RunTime:0.0003s ]
SQL: SELECT COUNT(*) AS tp_count FROM `hqjhc_orders` WHERE `orderStatus` = 2 AND `userid` = 47 LIMIT 1   [ RunTime:0.0003s ]
SQL: SELECT COUNT(*) AS tp_count FROM `hqjhc_orders` WHERE `orderStatus` = 3 AND `userid` = 47 LIMIT 1   [ RunTime:0.0003s ]
SQL: SELECT COUNT(*) AS tp_count FROM `hqjhc_orders` WHERE `orderStatus` = 4 AND `userid` = 47 LIMIT 1   [ RunTime:0.0003s ]
SQL: SELECT COUNT(*) AS tp_count FROM `hqjhc_orders` WHERE `orderStatus` = 5 AND `userid` = 47 LIMIT 1   [ RunTime:0.0003s ]
SQL: SELECT COUNT(*) AS tp_count FROM `hqjhc_orders` WHERE `orderStatus` = 6 AND `userid` = 47 LIMIT 1   [ RunTime:0.0003s ]
SQL: SHOW COLUMNS FROM `hqjhc_orders_af` [ RunTime:0.0003s ]
SQL: SELECT COUNT(*) AS tp_count FROM `hqjhc_orders_af` WHERE `type` = 1 AND `userid` = 47 LIMIT 1   [ RunTime:0.0002s ]
SQL: SELECT COUNT(*) AS tp_count FROM `hqjhc_orders_af` WHERE `type` = 2 AND `userid` = 47 LIMIT 1   [ RunTime:0.0001s ]
SQL: SELECT COUNT(*) AS tp_count FROM `hqjhc_orders_af` WHERE `type` = 3 AND `userid` = 47 LIMIT 1   [ RunTime:0.0001s ]

