[ 2017-12-08T19:41:11+08:00 ] 114.83.92.198 /offer.php/Offers/Index/index.html
INFO: [ app_init ] --START--
INFO: Run Behavior\BuildLiteBehavior [ RunTime:0.000006s ]
INFO: [ app_init ] --END-- [ RunTime:0.000171s ]
INFO: [ app_begin ] --START--
INFO: Run Behavior\ReadHtmlCacheBehavior [ RunTime:0.000233s ]
INFO: [ app_begin ] --END-- [ RunTime:0.000252s ]
NOTIC: [8] A session had already been started - ignoring session_start() /home/www/hqjhc/ThinkPHP/Common/functions.php 第 1263 行.
SQL: SHOW COLUMNS FROM `hqjhc_offers` [ RunTime:0.0005s ]
SQL: SHOW COLUMNS FROM `hqjhc_offers` [ RunTime:0.0003s ]
SQL: SELECT * FROM `hqjhc_offers` WHERE `offerid` = 9 LIMIT 1   [ RunTime:0.0002s ]
SQL: SHOW COLUMNS FROM `hqjhc_offers` [ RunTime:0.0003s ]
SQL: SELECT * FROM `hqjhc_offers` WHERE `offerid` = 9 AND `dataFlag` = 0 LIMIT 1   [ RunTime:0.0002s ]
INFO: [ view_parse ] --START--
INFO: [ template_filter ] --START--
INFO: Run Behavior\ContentReplaceBehavior [ RunTime:0.000065s ]
INFO: [ template_filter ] --END-- [ RunTime:0.000079s ]
NOTIC: [8] Undefined index: staffid /home/www/hqjhc/bussiness/Runtime/Cache/Offers/10e20467e0baea093b5b581e2b671cd5.php 第 505 行.
INFO: Run Behavior\ParseTemplateBehavior [ RunTime:0.005803s ]
INFO: [ view_parse ] --END-- [ RunTime:0.005818s ]
INFO: [ view_filter ] --START--
INFO: Run Behavior\WriteHtmlCacheBehavior [ RunTime:0.000072s ]
INFO: [ view_filter ] --END-- [ RunTime:0.000094s ]
INFO: [ app_end ] --START--
INFO: Run Behavior\ShowPageTraceBehavior [ RunTime:0.000235s ]
INFO: [ app_end ] --END-- [ RunTime:0.000249s ]

[ 2017-12-08T19:41:12+08:00 ] 114.83.92.198 /offer.php/Offers/Index/resetpwdpage.html
INFO: [ app_init ] --START--
INFO: Run Behavior\BuildLiteBehavior [ RunTime:0.000007s ]
INFO: [ app_init ] --END-- [ RunTime:0.000174s ]
INFO: [ app_begin ] --START--
INFO: Run Behavior\ReadHtmlCacheBehavior [ RunTime:0.000226s ]
INFO: [ app_begin ] --END-- [ RunTime:0.000244s ]
NOTIC: [8] A session had already been started - ignoring session_start() /home/www/hqjhc/ThinkPHP/Common/functions.php 第 1263 行.
SQL: SHOW COLUMNS FROM `hqjhc_offers` [ RunTime:0.0005s ]
SQL: SHOW COLUMNS FROM `hqjhc_offers` [ RunTime:0.0003s ]
SQL: SELECT * FROM `hqjhc_offers` WHERE `offerid` = 9 LIMIT 1   [ RunTime:0.0002s ]
SQL: SHOW COLUMNS FROM `hqjhc_offers` [ RunTime:0.0004s ]
SQL: SELECT * FROM `hqjhc_offers` WHERE `offerid` = 9 AND `dataFlag` = 0 LIMIT 1   [ RunTime:0.0002s ]
INFO: [ view_parse ] --START--
INFO: [ template_filter ] --START--
INFO: Run Behavior\ContentReplaceBehavior [ RunTime:0.000064s ]
INFO: [ template_filter ] --END-- [ RunTime:0.000079s ]
NOTIC: [8] Undefined index: stffid /home/www/hqjhc/bussiness/Runtime/Cache/Offers/b455fa9c82569dcfec5806440d0b6375.php 第 490 行.
INFO: Run Behavior\ParseTemplateBehavior [ RunTime:0.006068s ]
INFO: [ view_parse ] --END-- [ RunTime:0.006081s ]
INFO: [ view_filter ] --START--
INFO: Run Behavior\WriteHtmlCacheBehavior [ RunTime:0.000081s ]
INFO: [ view_filter ] --END-- [ RunTime:0.000092s ]
INFO: [ app_end ] --START--
INFO: Run Behavior\ShowPageTraceBehavior [ RunTime:0.000229s ]
INFO: [ app_end ] --END-- [ RunTime:0.000243s ]

