[ 2018-03-01T14:01:59+08:00 ] 101.44.12.72 /admin.php/Advs/Index/index.html
INFO: [ app_init ] --START--
INFO: Run Behavior\BuildLiteBehavior [ RunTime:0.000006s ]
INFO: [ app_init ] --END-- [ RunTime:0.000174s ]
INFO: [ app_begin ] --START--
INFO: Run Behavior\ReadHtmlCacheBehavior [ RunTime:0.000254s ]
INFO: [ app_begin ] --END-- [ RunTime:0.000272s ]
NOTIC: [8] A session had already been started - ignoring session_start() /home/www/hqjhc/ThinkPHP/Common/functions.php 第 1263 行.
SQL: SHOW COLUMNS FROM `hqjhc_staffs` [ RunTime:0.0006s ]
SQL: SHOW COLUMNS FROM `hqjhc_staffs` [ RunTime:0.0004s ]
SQL: SELECT * FROM `hqjhc_staffs` WHERE `stffid` = 6 LIMIT 1   [ RunTime:0.0002s ]
SQL: SHOW COLUMNS FROM `hqjhc_ads` [ RunTime:0.0003s ]
SQL: SELECT COUNT(*) AS tp_count FROM `hqjhc_ads` WHERE `dataFlag` = 0 LIMIT 1   [ RunTime:0.0002s ]
SQL: SELECT * FROM `hqjhc_ads` WHERE `dataFlag` = 0 ORDER BY `adid` desc LIMIT 0,15   [ RunTime:0.0002s ]
SQL: SHOW COLUMNS FROM `hqjhc_staffs` [ RunTime:0.0003s ]
SQL: SELECT * FROM `hqjhc_staffs` WHERE `stffid` = 6 LIMIT 1   [ RunTime:0.0002s ]
SQL: SHOW COLUMNS FROM `hqjhc_staffs` [ RunTime:0.0003s ]
SQL: SELECT * FROM `hqjhc_staffs` WHERE `stffid` = 6 LIMIT 1   [ RunTime:0.0002s ]
SQL: SHOW COLUMNS FROM `hqjhc_staffs` [ RunTime:0.0003s ]
SQL: SELECT * FROM `hqjhc_staffs` WHERE `stffid` = 6 LIMIT 1   [ RunTime:0.0002s ]
SQL: SHOW COLUMNS FROM `hqjhc_staffs` [ RunTime:0.0003s ]
SQL: SELECT * FROM `hqjhc_staffs` WHERE `stffid` = 6 LIMIT 1   [ RunTime:0.0002s ]
SQL: SHOW COLUMNS FROM `hqjhc_staffs` [ RunTime:0.0003s ]
SQL: SELECT * FROM `hqjhc_staffs` WHERE `stffid` = 6 LIMIT 1   [ RunTime:0.0002s ]
SQL: SHOW COLUMNS FROM `hqjhc_staffs` [ RunTime:0.0003s ]
SQL: SELECT * FROM `hqjhc_staffs` WHERE `stffid` = 6 LIMIT 1   [ RunTime:0.0002s ]
INFO: [ view_parse ] --START--
INFO: [ template_filter ] --START--
INFO: Run Behavior\ContentReplaceBehavior [ RunTime:0.000079s ]
INFO: [ template_filter ] --END-- [ RunTime:0.000096s ]
NOTIC: [8] Undefined property: Think\Storage\Driver\File::$_data /home/www/hqjhc/backend/Runtime/Cache/Advs/452c51d1a6dfca4457953793840891a6.php 第 244 行.
INFO: Run Behavior\ParseTemplateBehavior [ RunTime:0.008293s ]
INFO: [ view_parse ] --END-- [ RunTime:0.008309s ]
INFO: [ view_filter ] --START--
INFO: Run Behavior\WriteHtmlCacheBehavior [ RunTime:0.000090s ]
INFO: [ view_filter ] --END-- [ RunTime:0.000104s ]
INFO: [ app_end ] --START--
INFO: Run Behavior\ShowPageTraceBehavior [ RunTime:0.000272s ]
INFO: [ app_end ] --END-- [ RunTime:0.000290s ]

