[ 2017-12-03T15:07:18+08:00 ] 101.81.120.60 /admin.php/bower_components/font-awesome/css/font-awesome.min.css
INFO: [ app_init ] --START--
INFO: Run Behavior\BuildLiteBehavior [ RunTime:0.000005s ]
INFO: [ app_init ] --END-- [ RunTime:0.000152s ]
ERR: 无法加载模块:Bower_components

[ 2017-12-03T15:07:18+08:00 ] 101.81.120.60 /admin.php/bower_components/bootstrap/dist/css/bootstrap.min.css
INFO: [ app_init ] --START--
INFO: Run Behavior\BuildLiteBehavior [ RunTime:0.000005s ]
INFO: [ app_init ] --END-- [ RunTime:0.000144s ]
ERR: 无法加载模块:Bower_components

[ 2017-12-03T15:07:18+08:00 ] 101.81.120.60 /admin.php/bower_components/Ionicons/css/ionicons.min.css
INFO: [ app_init ] --START--
INFO: Run Behavior\BuildLiteBehavior [ RunTime:0.000005s ]
INFO: [ app_init ] --END-- [ RunTime:0.000152s ]
ERR: 无法加载模块:Bower_components

[ 2017-12-03T15:07:18+08:00 ] 101.81.120.60 /admin.php/dist/css/AdminLTE.min.css
INFO: [ app_init ] --START--
INFO: Run Behavior\BuildLiteBehavior [ RunTime:0.000005s ]
INFO: [ app_init ] --END-- [ RunTime:0.000138s ]
ERR: 无法加载模块:Dist

[ 2017-12-03T15:07:18+08:00 ] 101.81.120.60 /admin.php/dist/css/skins/_all-skins.min.css
INFO: [ app_init ] --START--
INFO: Run Behavior\BuildLiteBehavior [ RunTime:0.000004s ]
INFO: [ app_init ] --END-- [ RunTime:0.000138s ]
ERR: 无法加载模块:Dist

[ 2017-12-03T15:07:18+08:00 ] 101.81.120.60 /admin.php/bower_components/Ionicons/css/ionicons.min.css
INFO: [ app_init ] --START--
INFO: Run Behavior\BuildLiteBehavior [ RunTime:0.000006s ]
INFO: [ app_init ] --END-- [ RunTime:0.000160s ]
ERR: 无法加载模块:Bower_components

[ 2017-12-03T15:07:18+08:00 ] 101.81.120.60 /admin.php/dist/css/skins/_all-skins.min.css
INFO: [ app_init ] --START--
INFO: Run Behavior\BuildLiteBehavior [ RunTime:0.000005s ]
INFO: [ app_init ] --END-- [ RunTime:0.000142s ]
ERR: 无法加载模块:Dist

[ 2017-12-03T15:07:18+08:00 ] 101.81.120.60 /admin.php/bower_components/bootstrap/dist/css/bootstrap.min.css
INFO: [ app_init ] --START--
INFO: Run Behavior\BuildLiteBehavior [ RunTime:0.000005s ]
INFO: [ app_init ] --END-- [ RunTime:0.000143s ]
ERR: 无法加载模块:Bower_components

[ 2017-12-03T15:07:18+08:00 ] 101.81.120.60 /admin.php/bower_components/font-awesome/css/font-awesome.min.css
INFO: [ app_init ] --START--
INFO: Run Behavior\BuildLiteBehavior [ RunTime:0.000005s ]
INFO: [ app_init ] --END-- [ RunTime:0.000137s ]
ERR: 无法加载模块:Bower_components

[ 2017-12-03T15:07:18+08:00 ] 101.81.120.60 /admin.php/dist/css/AdminLTE.min.css
INFO: [ app_init ] --START--
INFO: Run Behavior\BuildLiteBehavior [ RunTime:0.000005s ]
INFO: [ app_init ] --END-- [ RunTime:0.000138s ]
ERR: 无法加载模块:Dist

