[ 2017-11-24T16:26:08+08:00 ] 101.81.120.60 /admin.php/bower_components/bootstrap/dist/css/bootstrap.min.css
INFO: [ app_init ] --START--
INFO: Run Behavior\BuildLiteBehavior [ RunTime:0.000006s ]
INFO: [ app_init ] --END-- [ RunTime:0.000156s ]
ERR: 无法加载模块:Bower_components

[ 2017-11-24T16:26:08+08:00 ] 101.81.120.60 /admin.php/bower_components/font-awesome/css/font-awesome.min.css
INFO: [ app_init ] --START--
INFO: Run Behavior\BuildLiteBehavior [ RunTime:0.000006s ]
INFO: [ app_init ] --END-- [ RunTime:0.000168s ]
ERR: 无法加载模块:Bower_components

[ 2017-11-24T16:26:08+08:00 ] 101.81.120.60 /admin.php/bower_components/Ionicons/css/ionicons.min.css
INFO: [ app_init ] --START--
INFO: Run Behavior\BuildLiteBehavior [ RunTime:0.000006s ]
INFO: [ app_init ] --END-- [ RunTime:0.000151s ]
ERR: 无法加载模块:Bower_components

[ 2017-11-24T16:26:08+08:00 ] 101.81.120.60 /admin.php/dist/css/AdminLTE.min.css
INFO: [ app_init ] --START--
INFO: Run Behavior\BuildLiteBehavior [ RunTime:0.000005s ]
INFO: [ app_init ] --END-- [ RunTime:0.000144s ]
ERR: 无法加载模块:Dist

[ 2017-11-24T16:26:08+08:00 ] 101.81.120.60 /admin.php/dist/css/skins/_all-skins.min.css
INFO: [ app_init ] --START--
INFO: Run Behavior\BuildLiteBehavior [ RunTime:0.000007s ]
INFO: [ app_init ] --END-- [ RunTime:0.000192s ]
ERR: 无法加载模块:Dist

[ 2017-11-24T16:26:50+08:00 ] 101.81.120.60 /admin.php/bower_components/bootstrap/dist/css/bootstrap.min.css
INFO: [ app_init ] --START--
INFO: Run Behavior\BuildLiteBehavior [ RunTime:0.000006s ]
INFO: [ app_init ] --END-- [ RunTime:0.000173s ]
ERR: 无法加载模块:Bower_components

[ 2017-11-24T16:26:50+08:00 ] 101.81.120.60 /admin.php/bower_components/font-awesome/css/font-awesome.min.css
INFO: [ app_init ] --START--
INFO: Run Behavior\BuildLiteBehavior [ RunTime:0.000005s ]
INFO: [ app_init ] --END-- [ RunTime:0.000148s ]
ERR: 无法加载模块:Bower_components

[ 2017-11-24T16:26:50+08:00 ] 101.81.120.60 /admin.php/bower_components/Ionicons/css/ionicons.min.css
INFO: [ app_init ] --START--
INFO: Run Behavior\BuildLiteBehavior [ RunTime:0.000005s ]
INFO: [ app_init ] --END-- [ RunTime:0.000146s ]
ERR: 无法加载模块:Bower_components

[ 2017-11-24T16:26:50+08:00 ] 101.81.120.60 /admin.php/dist/css/skins/_all-skins.min.css
INFO: [ app_init ] --START--
INFO: Run Behavior\BuildLiteBehavior [ RunTime:0.000005s ]
INFO: [ app_init ] --END-- [ RunTime:0.000140s ]
ERR: 无法加载模块:Dist

[ 2017-11-24T16:26:50+08:00 ] 101.81.120.60 /admin.php/dist/css/AdminLTE.min.css
INFO: [ app_init ] --START--
INFO: Run Behavior\BuildLiteBehavior [ RunTime:0.000005s ]
INFO: [ app_init ] --END-- [ RunTime:0.000164s ]
ERR: 无法加载模块:Dist

[ 2017-11-24T16:28:21+08:00 ] 101.81.120.60 /admin.php/bower_components/bootstrap/dist/css/bootstrap.min.css
INFO: [ app_init ] --START--
INFO: Run Behavior\BuildLiteBehavior [ RunTime:0.000006s ]
INFO: [ app_init ] --END-- [ RunTime:0.000175s ]
ERR: 无法加载模块:Bower_components

[ 2017-11-24T16:28:21+08:00 ] 101.81.120.60 /admin.php/bower_components/font-awesome/css/font-awesome.min.css
INFO: [ app_init ] --START--
INFO: Run Behavior\BuildLiteBehavior [ RunTime:0.000005s ]
INFO: [ app_init ] --END-- [ RunTime:0.000161s ]
ERR: 无法加载模块:Bower_components

[ 2017-11-24T16:28:21+08:00 ] 101.81.120.60 /admin.php/bower_components/Ionicons/css/ionicons.min.css
INFO: [ app_init ] --START--
INFO: Run Behavior\BuildLiteBehavior [ RunTime:0.000004s ]
INFO: [ app_init ] --END-- [ RunTime:0.000140s ]
ERR: 无法加载模块:Bower_components

[ 2017-11-24T16:28:21+08:00 ] 101.81.120.60 /admin.php/dist/css/skins/_all-skins.min.css
INFO: [ app_init ] --START--
INFO: Run Behavior\BuildLiteBehavior [ RunTime:0.000005s ]
INFO: [ app_init ] --END-- [ RunTime:0.000139s ]
ERR: 无法加载模块:Dist

[ 2017-11-24T16:28:21+08:00 ] 101.81.120.60 /admin.php/dist/css/AdminLTE.min.css
INFO: [ app_init ] --START--
INFO: Run Behavior\BuildLiteBehavior [ RunTime:0.000005s ]
INFO: [ app_init ] --END-- [ RunTime:0.000137s ]
ERR: 无法加载模块:Dist

[ 2017-11-24T16:28:31+08:00 ] 101.81.120.60 /admin.php/bower_components/bootstrap/dist/css/bootstrap.min.css
INFO: [ app_init ] --START--
INFO: Run Behavior\BuildLiteBehavior [ RunTime:0.000005s ]
INFO: [ app_init ] --END-- [ RunTime:0.000154s ]
ERR: 无法加载模块:Bower_components

[ 2017-11-24T16:28:31+08:00 ] 101.81.120.60 /admin.php/bower_components/font-awesome/css/font-awesome.min.css
INFO: [ app_init ] --START--
INFO: Run Behavior\BuildLiteBehavior [ RunTime:0.000005s ]
INFO: [ app_init ] --END-- [ RunTime:0.000145s ]
ERR: 无法加载模块:Bower_components

[ 2017-11-24T16:28:31+08:00 ] 101.81.120.60 /admin.php/bower_components/Ionicons/css/ionicons.min.css
INFO: [ app_init ] --START--
INFO: Run Behavior\BuildLiteBehavior [ RunTime:0.000004s ]
INFO: [ app_init ] --END-- [ RunTime:0.000140s ]
ERR: 无法加载模块:Bower_components

[ 2017-11-24T16:28:31+08:00 ] 101.81.120.60 /admin.php/dist/css/AdminLTE.min.css
INFO: [ app_init ] --START--
INFO: Run Behavior\BuildLiteBehavior [ RunTime:0.000005s ]
INFO: [ app_init ] --END-- [ RunTime:0.000149s ]
ERR: 无法加载模块:Dist

[ 2017-11-24T16:28:31+08:00 ] 101.81.120.60 /admin.php/dist/css/skins/_all-skins.min.css
INFO: [ app_init ] --START--
INFO: Run Behavior\BuildLiteBehavior [ RunTime:0.000004s ]
INFO: [ app_init ] --END-- [ RunTime:0.000136s ]
ERR: 无法加载模块:Dist

[ 2017-11-24T16:29:17+08:00 ] 101.81.120.60 /admin.php/bower_components/bootstrap/dist/css/bootstrap.min.css
INFO: [ app_init ] --START--
INFO: Run Behavior\BuildLiteBehavior [ RunTime:0.000006s ]
INFO: [ app_init ] --END-- [ RunTime:0.000157s ]
ERR: 无法加载模块:Bower_components

[ 2017-11-24T16:29:17+08:00 ] 101.81.120.60 /admin.php/dist/css/AdminLTE.min.css
INFO: [ app_init ] --START--
INFO: Run Behavior\BuildLiteBehavior [ RunTime:0.000005s ]
INFO: [ app_init ] --END-- [ RunTime:0.000147s ]
ERR: 无法加载模块:Dist

[ 2017-11-24T16:29:17+08:00 ] 101.81.120.60 /admin.php/bower_components/font-awesome/css/font-awesome.min.css
INFO: [ app_init ] --START--
INFO: Run Behavior\BuildLiteBehavior [ RunTime:0.000005s ]
INFO: [ app_init ] --END-- [ RunTime:0.000145s ]
ERR: 无法加载模块:Bower_components

[ 2017-11-24T16:29:17+08:00 ] 101.81.120.60 /admin.php/bower_components/Ionicons/css/ionicons.min.css
INFO: [ app_init ] --START--
INFO: Run Behavior\BuildLiteBehavior [ RunTime:0.000005s ]
INFO: [ app_init ] --END-- [ RunTime:0.000155s ]
ERR: 无法加载模块:Bower_components

[ 2017-11-24T16:29:17+08:00 ] 101.81.120.60 /admin.php/dist/css/skins/_all-skins.min.css
INFO: [ app_init ] --START--
INFO: Run Behavior\BuildLiteBehavior [ RunTime:0.000004s ]
INFO: [ app_init ] --END-- [ RunTime:0.000141s ]
ERR: 无法加载模块:Dist

