[ 2017-12-07T10:47:41+08:00 ] 116.226.89.81 /offer.php
INFO: [ app_init ] --START--
INFO: Run Behavior\BuildLiteBehavior [ RunTime:0.000006s ]
INFO: [ app_init ] --END-- [ RunTime:0.000172s ]
INFO: [ app_begin ] --START--
INFO: Run Behavior\ReadHtmlCacheBehavior [ RunTime:0.000221s ]
INFO: [ app_begin ] --END-- [ RunTime:0.000253s ]
NOTIC: [8] A session had already been started - ignoring session_start() /home/www/hqjhc/ThinkPHP/Common/functions.php 第 1263 行.
SQL: SHOW COLUMNS FROM `hqjhc_offers` [ RunTime:0.0005s ]

[ 2017-12-07T10:47:46+08:00 ] 116.226.89.81 /offer.php/Home/Index/index.html
INFO: [ app_init ] --START--
INFO: Run Behavior\BuildLiteBehavior [ RunTime:0.000005s ]
INFO: [ app_init ] --END-- [ RunTime:0.000142s ]
INFO: [ app_begin ] --START--
INFO: Run Behavior\ReadHtmlCacheBehavior [ RunTime:0.000195s ]
INFO: [ app_begin ] --END-- [ RunTime:0.000210s ]
NOTIC: [8] A session had already been started - ignoring session_start() /home/www/hqjhc/ThinkPHP/Common/functions.php 第 1263 行.
SQL: SHOW COLUMNS FROM `hqjhc_offers` [ RunTime:0.0004s ]
SQL: SHOW COLUMNS FROM `hqjhc_offers` [ RunTime:0.0003s ]
SQL: SELECT * FROM `hqjhc_offers` WHERE `offerid` = 11 LIMIT 1   [ RunTime:0.0002s ]
INFO: [ view_parse ] --START--
INFO: [ template_filter ] --START--
INFO: Run Behavior\ContentReplaceBehavior [ RunTime:0.000080s ]
INFO: [ template_filter ] --END-- [ RunTime:0.000094s ]
NOTIC: [8] Undefined variable: list /home/www/hqjhc/bussiness/Runtime/Cache/Home/0611dd615fef92d7f6867b23c362de41.php 第 586 行.
INFO: Run Behavior\ParseTemplateBehavior [ RunTime:0.006885s ]
INFO: [ view_parse ] --END-- [ RunTime:0.006898s ]
INFO: [ view_filter ] --START--
INFO: Run Behavior\WriteHtmlCacheBehavior [ RunTime:0.000068s ]
INFO: [ view_filter ] --END-- [ RunTime:0.000079s ]
INFO: [ app_end ] --START--
INFO: Run Behavior\ShowPageTraceBehavior [ RunTime:0.000221s ]
INFO: [ app_end ] --END-- [ RunTime:0.000248s ]

[ 2017-12-07T12:43:29+08:00 ] 101.226.33.204 /offer.php
INFO: [ app_init ] --START--
INFO: Run Behavior\BuildLiteBehavior [ RunTime:0.000006s ]
INFO: [ app_init ] --END-- [ RunTime:0.000152s ]
INFO: [ app_begin ] --START--
INFO: Run Behavior\ReadHtmlCacheBehavior [ RunTime:0.000208s ]
INFO: [ app_begin ] --END-- [ RunTime:0.000222s ]
NOTIC: [8] A session had already been started - ignoring session_start() /home/www/hqjhc/ThinkPHP/Common/functions.php 第 1263 行.
SQL: SHOW COLUMNS FROM `hqjhc_offers` [ RunTime:0.0005s ]

[ 2017-12-07T13:32:19+08:00 ] 116.226.89.81 /offer.php/Home/Index/index.html
INFO: [ app_init ] --START--
INFO: Run Behavior\BuildLiteBehavior [ RunTime:0.000006s ]
INFO: [ app_init ] --END-- [ RunTime:0.000167s ]
INFO: [ app_begin ] --START--
INFO: Run Behavior\ReadHtmlCacheBehavior [ RunTime:0.000201s ]
INFO: [ app_begin ] --END-- [ RunTime:0.000216s ]
NOTIC: [8] A session had already been started - ignoring session_start() /home/www/hqjhc/ThinkPHP/Common/functions.php 第 1263 行.
SQL: SHOW COLUMNS FROM `hqjhc_offers` [ RunTime:0.0005s ]
SQL: SHOW COLUMNS FROM `hqjhc_offers` [ RunTime:0.0004s ]
SQL: SELECT * FROM `hqjhc_offers` WHERE `offerid` = 11 LIMIT 1   [ RunTime:0.0002s ]
INFO: [ view_parse ] --START--
INFO: [ template_filter ] --START--
INFO: Run Behavior\ContentReplaceBehavior [ RunTime:0.000081s ]
INFO: [ template_filter ] --END-- [ RunTime:0.000102s ]
NOTIC: [8] Undefined variable: list /home/www/hqjhc/bussiness/Runtime/Cache/Home/0611dd615fef92d7f6867b23c362de41.php 第 586 行.
INFO: Run Behavior\ParseTemplateBehavior [ RunTime:0.006771s ]
INFO: [ view_parse ] --END-- [ RunTime:0.006786s ]
INFO: [ view_filter ] --START--
INFO: Run Behavior\WriteHtmlCacheBehavior [ RunTime:0.000084s ]
INFO: [ view_filter ] --END-- [ RunTime:0.000096s ]
INFO: [ app_end ] --START--
INFO: Run Behavior\ShowPageTraceBehavior [ RunTime:0.000240s ]
INFO: [ app_end ] --END-- [ RunTime:0.000254s ]

[ 2017-12-07T16:25:35+08:00 ] 101.81.0.88 /offer.php
INFO: [ app_init ] --START--
INFO: Run Behavior\BuildLiteBehavior [ RunTime:0.000006s ]
INFO: [ app_init ] --END-- [ RunTime:0.000170s ]
INFO: [ app_begin ] --START--
INFO: Run Behavior\ReadHtmlCacheBehavior [ RunTime:0.000223s ]
INFO: [ app_begin ] --END-- [ RunTime:0.000240s ]
NOTIC: [8] A session had already been started - ignoring session_start() /home/www/hqjhc/ThinkPHP/Common/functions.php 第 1263 行.
SQL: SHOW COLUMNS FROM `hqjhc_offers` [ RunTime:0.0005s ]

[ 2017-12-07T16:25:42+08:00 ] 101.81.0.88 /offer.php/Home/Index/index.html
INFO: [ app_init ] --START--
INFO: Run Behavior\BuildLiteBehavior [ RunTime:0.000006s ]
INFO: [ app_init ] --END-- [ RunTime:0.000151s ]
INFO: [ app_begin ] --START--
INFO: Run Behavior\ReadHtmlCacheBehavior [ RunTime:0.000215s ]
INFO: [ app_begin ] --END-- [ RunTime:0.000231s ]
NOTIC: [8] A session had already been started - ignoring session_start() /home/www/hqjhc/ThinkPHP/Common/functions.php 第 1263 行.
SQL: SHOW COLUMNS FROM `hqjhc_offers` [ RunTime:0.0005s ]
SQL: SHOW COLUMNS FROM `hqjhc_offers` [ RunTime:0.0003s ]
SQL: SELECT * FROM `hqjhc_offers` WHERE `offerid` = 9 LIMIT 1   [ RunTime:0.0002s ]
INFO: [ view_parse ] --START--
INFO: [ template_filter ] --START--
INFO: Run Behavior\ContentReplaceBehavior [ RunTime:0.000080s ]
INFO: [ template_filter ] --END-- [ RunTime:0.000095s ]
NOTIC: [8] Undefined variable: list /home/www/hqjhc/bussiness/Runtime/Cache/Home/0611dd615fef92d7f6867b23c362de41.php 第 586 行.
INFO: Run Behavior\ParseTemplateBehavior [ RunTime:0.007193s ]
INFO: [ view_parse ] --END-- [ RunTime:0.007208s ]
INFO: [ view_filter ] --START--
INFO: Run Behavior\WriteHtmlCacheBehavior [ RunTime:0.000067s ]
INFO: [ view_filter ] --END-- [ RunTime:0.000077s ]
INFO: [ app_end ] --START--
INFO: Run Behavior\ShowPageTraceBehavior [ RunTime:0.000236s ]
INFO: [ app_end ] --END-- [ RunTime:0.000251s ]

[ 2017-12-07T16:25:52+08:00 ] 101.226.33.227 /offer.php/Home/Index/index.html
INFO: [ app_init ] --START--
INFO: Run Behavior\BuildLiteBehavior [ RunTime:0.000006s ]
INFO: [ app_init ] --END-- [ RunTime:0.000170s ]
INFO: [ app_begin ] --START--
INFO: Run Behavior\ReadHtmlCacheBehavior [ RunTime:0.000238s ]
INFO: [ app_begin ] --END-- [ RunTime:0.000256s ]
NOTIC: [8] A session had already been started - ignoring session_start() /home/www/hqjhc/ThinkPHP/Common/functions.php 第 1263 行.
SQL: SHOW COLUMNS FROM `hqjhc_offers` [ RunTime:0.0004s ]

[ 2017-12-07T18:51:30+08:00 ] 101.81.0.88 /offer.php/Home/Index/index.html
INFO: [ app_init ] --START--
INFO: Run Behavior\BuildLiteBehavior [ RunTime:0.000005s ]
INFO: [ app_init ] --END-- [ RunTime:0.000142s ]
INFO: [ app_begin ] --START--
INFO: Run Behavior\ReadHtmlCacheBehavior [ RunTime:0.000205s ]
INFO: [ app_begin ] --END-- [ RunTime:0.000221s ]
NOTIC: [8] A session had already been started - ignoring session_start() /home/www/hqjhc/ThinkPHP/Common/functions.php 第 1263 行.
SQL: SHOW COLUMNS FROM `hqjhc_offers` [ RunTime:0.0004s ]
SQL: SHOW COLUMNS FROM `hqjhc_offers` [ RunTime:0.0003s ]
SQL: SELECT * FROM `hqjhc_offers` WHERE `offerid` = 9 LIMIT 1   [ RunTime:0.0002s ]
INFO: [ view_parse ] --START--
INFO: [ template_filter ] --START--
INFO: Run Behavior\ContentReplaceBehavior [ RunTime:0.000080s ]
INFO: [ template_filter ] --END-- [ RunTime:0.000094s ]
NOTIC: [8] Undefined variable: list /home/www/hqjhc/bussiness/Runtime/Cache/Home/0611dd615fef92d7f6867b23c362de41.php 第 586 行.
INFO: Run Behavior\ParseTemplateBehavior [ RunTime:0.007183s ]
INFO: [ view_parse ] --END-- [ RunTime:0.007196s ]
INFO: [ view_filter ] --START--
INFO: Run Behavior\WriteHtmlCacheBehavior [ RunTime:0.000068s ]
INFO: [ view_filter ] --END-- [ RunTime:0.000078s ]
INFO: [ app_end ] --START--
INFO: Run Behavior\ShowPageTraceBehavior [ RunTime:0.000220s ]
INFO: [ app_end ] --END-- [ RunTime:0.000233s ]

[ 2017-12-07T19:16:40+08:00 ] 101.81.0.88 /offer.php/Home/Index/index.html
INFO: [ app_init ] --START--
INFO: Run Behavior\BuildLiteBehavior [ RunTime:0.000005s ]
INFO: [ app_init ] --END-- [ RunTime:0.000161s ]
INFO: [ app_begin ] --START--
INFO: Run Behavior\ReadHtmlCacheBehavior [ RunTime:0.000203s ]
INFO: [ app_begin ] --END-- [ RunTime:0.000219s ]
NOTIC: [8] A session had already been started - ignoring session_start() /home/www/hqjhc/ThinkPHP/Common/functions.php 第 1263 行.
SQL: SHOW COLUMNS FROM `hqjhc_offers` [ RunTime:0.0005s ]
SQL: SHOW COLUMNS FROM `hqjhc_offers` [ RunTime:0.0003s ]
SQL: SELECT * FROM `hqjhc_offers` WHERE `offerid` = 9 LIMIT 1   [ RunTime:0.0002s ]
NOTIC: [8] Undefined variable: offerid /home/www/hqjhc/bussiness/Home/Controller/IndexController.class.php 第 9 行.
SQL: SHOW COLUMNS FROM `hqjhc_orders` [ RunTime:0.0004s ]
ERR: 1054:Unknown column 'hqjhc_orders.status' in 'where clause'
 [ SQL语句 ] : SELECT COUNT(*) AS tp_count FROM `hqjhc_orders` LEFT JOIN hqjhc_goods ON hqjhc_orders.goodsid = hqjhc_goods.id  WHERE hqjhc_goods.offerid = null AND hqjhc_orders.status = 1 LIMIT 1  
ERR: 1054:Unknown column 'hqjhc_orders.status' in 'where clause'
 [ SQL语句 ] : SELECT COUNT(*) AS tp_count FROM `hqjhc_orders` LEFT JOIN hqjhc_goods ON hqjhc_orders.goodsid = hqjhc_goods.id  WHERE hqjhc_goods.offerid = null AND hqjhc_orders.status = 1 LIMIT 1  

[ 2017-12-07T19:17:35+08:00 ] 101.81.0.88 /offer.php/Home/Index/index.html
INFO: [ app_init ] --START--
INFO: Run Behavior\BuildLiteBehavior [ RunTime:0.000007s ]
INFO: [ app_init ] --END-- [ RunTime:0.000157s ]
INFO: [ app_begin ] --START--
INFO: Run Behavior\ReadHtmlCacheBehavior [ RunTime:0.000203s ]
INFO: [ app_begin ] --END-- [ RunTime:0.000217s ]
NOTIC: [8] A session had already been started - ignoring session_start() /home/www/hqjhc/ThinkPHP/Common/functions.php 第 1263 行.
SQL: SHOW COLUMNS FROM `hqjhc_offers` [ RunTime:0.0006s ]
SQL: SHOW COLUMNS FROM `hqjhc_offers` [ RunTime:0.0004s ]
SQL: SELECT * FROM `hqjhc_offers` WHERE `offerid` = 9 LIMIT 1   [ RunTime:0.0002s ]
SQL: SHOW COLUMNS FROM `hqjhc_orders` [ RunTime:0.0004s ]
ERR: 1054:Unknown column 'hqjhc_orders.status' in 'where clause'
 [ SQL语句 ] : SELECT COUNT(*) AS tp_count FROM `hqjhc_orders` LEFT JOIN hqjhc_goods ON hqjhc_orders.goodsid = hqjhc_goods.id  WHERE hqjhc_goods.offerid = '9' AND hqjhc_orders.status = 1 LIMIT 1  
ERR: 1054:Unknown column 'hqjhc_orders.status' in 'where clause'
 [ SQL语句 ] : SELECT COUNT(*) AS tp_count FROM `hqjhc_orders` LEFT JOIN hqjhc_goods ON hqjhc_orders.goodsid = hqjhc_goods.id  WHERE hqjhc_goods.offerid = '9' AND hqjhc_orders.status = 1 LIMIT 1  

[ 2017-12-07T19:19:23+08:00 ] 101.81.0.88 /offer.php/Home/Index/index.html
INFO: [ app_init ] --START--
INFO: Run Behavior\BuildLiteBehavior [ RunTime:0.000007s ]
INFO: [ app_init ] --END-- [ RunTime:0.000172s ]
INFO: [ app_begin ] --START--
INFO: Run Behavior\ReadHtmlCacheBehavior [ RunTime:0.000243s ]
INFO: [ app_begin ] --END-- [ RunTime:0.000260s ]
NOTIC: [8] A session had already been started - ignoring session_start() /home/www/hqjhc/ThinkPHP/Common/functions.php 第 1263 行.
SQL: SHOW COLUMNS FROM `hqjhc_offers` [ RunTime:0.0005s ]
SQL: SHOW COLUMNS FROM `hqjhc_offers` [ RunTime:0.0003s ]
SQL: SELECT * FROM `hqjhc_offers` WHERE `offerid` = 9 LIMIT 1   [ RunTime:0.0002s ]
SQL: SHOW COLUMNS FROM `hqjhc_orders` [ RunTime:0.0004s ]
SQL: SELECT COUNT(*) AS tp_count FROM `hqjhc_orders` LEFT JOIN hqjhc_goods ON hqjhc_orders.goodsid = hqjhc_goods.id  WHERE hqjhc_goods.offerid = '9' LIMIT 1   [ RunTime:0.0003s ]
SQL: SHOW COLUMNS FROM `hqjhc_order_settlement` [ RunTime:0.0003s ]
ERR: 1146:Table 'hqjhc.hqjhc_orders_settlement' doesn't exist
 [ SQL语句 ] : SELECT SUM(actualpayMoney) AS tp_sum FROM `hqjhc_order_settlement` LEFT JOIN hqjhc_orders_settlement ON hqjhc_orders_settlement.orderNo = hqjhc_orders.orderNo LEFT JOIN hqjhc_goods ON hqjhc_orders.goodsid = hqjhc_goods.goodsid  WHERE hqjhc_goods.offerid = '9' LIMIT 1  
ERR: 1146:Table 'hqjhc.hqjhc_orders_settlement' doesn't exist
 [ SQL语句 ] : SELECT SUM(actualpayMoney) AS tp_sum FROM `hqjhc_order_settlement` LEFT JOIN hqjhc_orders_settlement ON hqjhc_orders_settlement.orderNo = hqjhc_orders.orderNo LEFT JOIN hqjhc_goods ON hqjhc_orders.goodsid = hqjhc_goods.goodsid  WHERE hqjhc_goods.offerid = '9' LIMIT 1  

[ 2017-12-07T19:19:51+08:00 ] 101.81.0.88 /offer.php/Home/Index/index.html
INFO: [ app_init ] --START--
INFO: Run Behavior\BuildLiteBehavior [ RunTime:0.000007s ]
INFO: [ app_init ] --END-- [ RunTime:0.000171s ]
INFO: [ app_begin ] --START--
INFO: Run Behavior\ReadHtmlCacheBehavior [ RunTime:0.000241s ]
INFO: [ app_begin ] --END-- [ RunTime:0.000258s ]
NOTIC: [8] A session had already been started - ignoring session_start() /home/www/hqjhc/ThinkPHP/Common/functions.php 第 1263 行.
SQL: SHOW COLUMNS FROM `hqjhc_offers` [ RunTime:0.0006s ]
SQL: SHOW COLUMNS FROM `hqjhc_offers` [ RunTime:0.0004s ]
SQL: SELECT * FROM `hqjhc_offers` WHERE `offerid` = 9 LIMIT 1   [ RunTime:0.0002s ]
SQL: SHOW COLUMNS FROM `hqjhc_orders` [ RunTime:0.0004s ]
SQL: SELECT COUNT(*) AS tp_count FROM `hqjhc_orders` LEFT JOIN hqjhc_goods ON hqjhc_orders.goodsid = hqjhc_goods.id  WHERE hqjhc_goods.offerid = '9' LIMIT 1   [ RunTime:0.0003s ]
SQL: SHOW COLUMNS FROM `hqjhc_order_settlement` [ RunTime:0.0004s ]
ERR: 1146:Table 'hqjhc.hqjhc_orders_settlement' doesn't exist
 [ SQL语句 ] : SELECT SUM(actualpayMoney) AS tp_sum FROM `hqjhc_order_settlement` LEFT JOIN hqjhc_orders_settlement ON hqjhc_order_settlement.orderNo = hqjhc_orders.orderNo LEFT JOIN hqjhc_goods ON hqjhc_orders.goodsid = hqjhc_goods.goodsid  WHERE hqjhc_goods.offerid = '9' LIMIT 1  
ERR: 1146:Table 'hqjhc.hqjhc_orders_settlement' doesn't exist
 [ SQL语句 ] : SELECT SUM(actualpayMoney) AS tp_sum FROM `hqjhc_order_settlement` LEFT JOIN hqjhc_orders_settlement ON hqjhc_order_settlement.orderNo = hqjhc_orders.orderNo LEFT JOIN hqjhc_goods ON hqjhc_orders.goodsid = hqjhc_goods.goodsid  WHERE hqjhc_goods.offerid = '9' LIMIT 1  

[ 2017-12-07T19:20:13+08:00 ] 101.81.0.88 /offer.php/Home/Index/index.html
INFO: [ app_init ] --START--
INFO: Run Behavior\BuildLiteBehavior [ RunTime:0.000006s ]
INFO: [ app_init ] --END-- [ RunTime:0.000152s ]
INFO: [ app_begin ] --START--
INFO: Run Behavior\ReadHtmlCacheBehavior [ RunTime:0.000210s ]
INFO: [ app_begin ] --END-- [ RunTime:0.000225s ]
NOTIC: [8] A session had already been started - ignoring session_start() /home/www/hqjhc/ThinkPHP/Common/functions.php 第 1263 行.
SQL: SHOW COLUMNS FROM `hqjhc_offers` [ RunTime:0.0005s ]
SQL: SHOW COLUMNS FROM `hqjhc_offers` [ RunTime:0.0004s ]
SQL: SELECT * FROM `hqjhc_offers` WHERE `offerid` = 9 LIMIT 1   [ RunTime:0.0002s ]
SQL: SHOW COLUMNS FROM `hqjhc_orders` [ RunTime:0.0004s ]
SQL: SELECT COUNT(*) AS tp_count FROM `hqjhc_orders` LEFT JOIN hqjhc_goods ON hqjhc_orders.goodsid = hqjhc_goods.id  WHERE hqjhc_goods.offerid = '9' LIMIT 1   [ RunTime:0.0003s ]
SQL: SHOW COLUMNS FROM `hqjhc_order_settlement` [ RunTime:0.0004s ]
ERR: 1146:Table 'hqjhc.hqjhc_orders_settlement' doesn't exist
 [ SQL语句 ] : SELECT SUM(actualpayMoney) AS tp_sum FROM `hqjhc_order_settlement` LEFT JOIN hqjhc_orders_settlement ON hqjhc_order_settlement.orderNo = hqjhc_orders.orderNo LEFT JOIN hqjhc_goods ON hqjhc_orders.goodsid = hqjhc_goods.id  WHERE hqjhc_goods.offerid = '9' LIMIT 1  
ERR: 1146:Table 'hqjhc.hqjhc_orders_settlement' doesn't exist
 [ SQL语句 ] : SELECT SUM(actualpayMoney) AS tp_sum FROM `hqjhc_order_settlement` LEFT JOIN hqjhc_orders_settlement ON hqjhc_order_settlement.orderNo = hqjhc_orders.orderNo LEFT JOIN hqjhc_goods ON hqjhc_orders.goodsid = hqjhc_goods.id  WHERE hqjhc_goods.offerid = '9' LIMIT 1  

[ 2017-12-07T19:20:33+08:00 ] 101.81.0.88 /offer.php/Home/Index/index.html
INFO: [ app_init ] --START--
INFO: Run Behavior\BuildLiteBehavior [ RunTime:0.000006s ]
INFO: [ app_init ] --END-- [ RunTime:0.000154s ]
INFO: [ app_begin ] --START--
INFO: Run Behavior\ReadHtmlCacheBehavior [ RunTime:0.000201s ]
INFO: [ app_begin ] --END-- [ RunTime:0.000216s ]
NOTIC: [8] A session had already been started - ignoring session_start() /home/www/hqjhc/ThinkPHP/Common/functions.php 第 1263 行.
SQL: SHOW COLUMNS FROM `hqjhc_offers` [ RunTime:0.0006s ]
SQL: SHOW COLUMNS FROM `hqjhc_offers` [ RunTime:0.0004s ]
SQL: SELECT * FROM `hqjhc_offers` WHERE `offerid` = 9 LIMIT 1   [ RunTime:0.0002s ]
SQL: SHOW COLUMNS FROM `hqjhc_orders` [ RunTime:0.0004s ]
SQL: SELECT COUNT(*) AS tp_count FROM `hqjhc_orders` LEFT JOIN hqjhc_goods ON hqjhc_orders.goodsid = hqjhc_goods.id  WHERE hqjhc_goods.offerid = '9' LIMIT 1   [ RunTime:0.0003s ]
SQL: SHOW COLUMNS FROM `hqjhc_order_settlement` [ RunTime:0.0003s ]
ERR: 1146:Table 'hqjhc.hqjhc_orders_settlement' doesn't exist
 [ SQL语句 ] : SELECT SUM(actualpayMoney) AS tp_sum FROM `hqjhc_order_settlement` LEFT JOIN hqjhc_orders_settlement ON hqjhc_order_settlement.orderNo = hqjhc_orders.orderNo LEFT JOIN hqjhc_goods ON hqjhc_orders.goodsid = hqjhc_goods.id  WHERE hqjhc_goods.offerid = '9' LIMIT 1  
ERR: 1146:Table 'hqjhc.hqjhc_orders_settlement' doesn't exist
 [ SQL语句 ] : SELECT SUM(actualpayMoney) AS tp_sum FROM `hqjhc_order_settlement` LEFT JOIN hqjhc_orders_settlement ON hqjhc_order_settlement.orderNo = hqjhc_orders.orderNo LEFT JOIN hqjhc_goods ON hqjhc_orders.goodsid = hqjhc_goods.id  WHERE hqjhc_goods.offerid = '9' LIMIT 1  

[ 2017-12-07T19:20:33+08:00 ] 101.81.0.88 /offer.php/Home/Index/index.html
INFO: [ app_init ] --START--
INFO: Run Behavior\BuildLiteBehavior [ RunTime:0.000005s ]
INFO: [ app_init ] --END-- [ RunTime:0.000170s ]
INFO: [ app_begin ] --START--
INFO: Run Behavior\ReadHtmlCacheBehavior [ RunTime:0.000208s ]
INFO: [ app_begin ] --END-- [ RunTime:0.000224s ]
NOTIC: [8] A session had already been started - ignoring session_start() /home/www/hqjhc/ThinkPHP/Common/functions.php 第 1263 行.
SQL: SHOW COLUMNS FROM `hqjhc_offers` [ RunTime:0.0006s ]
SQL: SHOW COLUMNS FROM `hqjhc_offers` [ RunTime:0.0004s ]
SQL: SELECT * FROM `hqjhc_offers` WHERE `offerid` = 9 LIMIT 1   [ RunTime:0.0002s ]
SQL: SHOW COLUMNS FROM `hqjhc_orders` [ RunTime:0.0004s ]
SQL: SELECT COUNT(*) AS tp_count FROM `hqjhc_orders` LEFT JOIN hqjhc_goods ON hqjhc_orders.goodsid = hqjhc_goods.id  WHERE hqjhc_goods.offerid = '9' LIMIT 1   [ RunTime:0.0003s ]
SQL: SHOW COLUMNS FROM `hqjhc_order_settlement` [ RunTime:0.0004s ]
ERR: 1146:Table 'hqjhc.hqjhc_orders_settlement' doesn't exist
 [ SQL语句 ] : SELECT SUM(actualpayMoney) AS tp_sum FROM `hqjhc_order_settlement` LEFT JOIN hqjhc_orders_settlement ON hqjhc_order_settlement.orderNo = hqjhc_orders.orderNo LEFT JOIN hqjhc_goods ON hqjhc_orders.goodsid = hqjhc_goods.id  WHERE hqjhc_goods.offerid = '9' LIMIT 1  
ERR: 1146:Table 'hqjhc.hqjhc_orders_settlement' doesn't exist
 [ SQL语句 ] : SELECT SUM(actualpayMoney) AS tp_sum FROM `hqjhc_order_settlement` LEFT JOIN hqjhc_orders_settlement ON hqjhc_order_settlement.orderNo = hqjhc_orders.orderNo LEFT JOIN hqjhc_goods ON hqjhc_orders.goodsid = hqjhc_goods.id  WHERE hqjhc_goods.offerid = '9' LIMIT 1  

[ 2017-12-07T19:20:33+08:00 ] 101.81.0.88 /offer.php/Home/Index/index.html
INFO: [ app_init ] --START--
INFO: Run Behavior\BuildLiteBehavior [ RunTime:0.000006s ]
INFO: [ app_init ] --END-- [ RunTime:0.000177s ]
INFO: [ app_begin ] --START--
INFO: Run Behavior\ReadHtmlCacheBehavior [ RunTime:0.000225s ]
INFO: [ app_begin ] --END-- [ RunTime:0.000242s ]
NOTIC: [8] A session had already been started - ignoring session_start() /home/www/hqjhc/ThinkPHP/Common/functions.php 第 1263 行.
SQL: SHOW COLUMNS FROM `hqjhc_offers` [ RunTime:0.0005s ]
SQL: SHOW COLUMNS FROM `hqjhc_offers` [ RunTime:0.0004s ]
SQL: SELECT * FROM `hqjhc_offers` WHERE `offerid` = 9 LIMIT 1   [ RunTime:0.0002s ]
SQL: SHOW COLUMNS FROM `hqjhc_orders` [ RunTime:0.0004s ]
SQL: SELECT COUNT(*) AS tp_count FROM `hqjhc_orders` LEFT JOIN hqjhc_goods ON hqjhc_orders.goodsid = hqjhc_goods.id  WHERE hqjhc_goods.offerid = '9' LIMIT 1   [ RunTime:0.0003s ]
SQL: SHOW COLUMNS FROM `hqjhc_order_settlement` [ RunTime:0.0003s ]
ERR: 1146:Table 'hqjhc.hqjhc_orders_settlement' doesn't exist
 [ SQL语句 ] : SELECT SUM(actualpayMoney) AS tp_sum FROM `hqjhc_order_settlement` LEFT JOIN hqjhc_orders_settlement ON hqjhc_order_settlement.orderNo = hqjhc_orders.orderNo LEFT JOIN hqjhc_goods ON hqjhc_orders.goodsid = hqjhc_goods.id  WHERE hqjhc_goods.offerid = '9' LIMIT 1  
ERR: 1146:Table 'hqjhc.hqjhc_orders_settlement' doesn't exist
 [ SQL语句 ] : SELECT SUM(actualpayMoney) AS tp_sum FROM `hqjhc_order_settlement` LEFT JOIN hqjhc_orders_settlement ON hqjhc_order_settlement.orderNo = hqjhc_orders.orderNo LEFT JOIN hqjhc_goods ON hqjhc_orders.goodsid = hqjhc_goods.id  WHERE hqjhc_goods.offerid = '9' LIMIT 1  

[ 2017-12-07T19:20:33+08:00 ] 101.81.0.88 /offer.php/Home/Index/index.html
INFO: [ app_init ] --START--
INFO: Run Behavior\BuildLiteBehavior [ RunTime:0.000006s ]
INFO: [ app_init ] --END-- [ RunTime:0.000160s ]
INFO: [ app_begin ] --START--
INFO: Run Behavior\ReadHtmlCacheBehavior [ RunTime:0.000208s ]
INFO: [ app_begin ] --END-- [ RunTime:0.000224s ]
NOTIC: [8] A session had already been started - ignoring session_start() /home/www/hqjhc/ThinkPHP/Common/functions.php 第 1263 行.
SQL: SHOW COLUMNS FROM `hqjhc_offers` [ RunTime:0.0005s ]
SQL: SHOW COLUMNS FROM `hqjhc_offers` [ RunTime:0.0004s ]
SQL: SELECT * FROM `hqjhc_offers` WHERE `offerid` = 9 LIMIT 1   [ RunTime:0.0002s ]
SQL: SHOW COLUMNS FROM `hqjhc_orders` [ RunTime:0.0004s ]
SQL: SELECT COUNT(*) AS tp_count FROM `hqjhc_orders` LEFT JOIN hqjhc_goods ON hqjhc_orders.goodsid = hqjhc_goods.id  WHERE hqjhc_goods.offerid = '9' LIMIT 1   [ RunTime:0.0003s ]
SQL: SHOW COLUMNS FROM `hqjhc_order_settlement` [ RunTime:0.0003s ]
ERR: 1146:Table 'hqjhc.hqjhc_orders_settlement' doesn't exist
 [ SQL语句 ] : SELECT SUM(actualpayMoney) AS tp_sum FROM `hqjhc_order_settlement` LEFT JOIN hqjhc_orders_settlement ON hqjhc_order_settlement.orderNo = hqjhc_orders.orderNo LEFT JOIN hqjhc_goods ON hqjhc_orders.goodsid = hqjhc_goods.id  WHERE hqjhc_goods.offerid = '9' LIMIT 1  
ERR: 1146:Table 'hqjhc.hqjhc_orders_settlement' doesn't exist
 [ SQL语句 ] : SELECT SUM(actualpayMoney) AS tp_sum FROM `hqjhc_order_settlement` LEFT JOIN hqjhc_orders_settlement ON hqjhc_order_settlement.orderNo = hqjhc_orders.orderNo LEFT JOIN hqjhc_goods ON hqjhc_orders.goodsid = hqjhc_goods.id  WHERE hqjhc_goods.offerid = '9' LIMIT 1  

[ 2017-12-07T19:20:34+08:00 ] 101.81.0.88 /offer.php/Home/Index/index.html
INFO: [ app_init ] --START--
INFO: Run Behavior\BuildLiteBehavior [ RunTime:0.000006s ]
INFO: [ app_init ] --END-- [ RunTime:0.000150s ]
INFO: [ app_begin ] --START--
INFO: Run Behavior\ReadHtmlCacheBehavior [ RunTime:0.000197s ]
INFO: [ app_begin ] --END-- [ RunTime:0.000213s ]
NOTIC: [8] A session had already been started - ignoring session_start() /home/www/hqjhc/ThinkPHP/Common/functions.php 第 1263 行.
SQL: SHOW COLUMNS FROM `hqjhc_offers` [ RunTime:0.0006s ]
SQL: SHOW COLUMNS FROM `hqjhc_offers` [ RunTime:0.0004s ]
SQL: SELECT * FROM `hqjhc_offers` WHERE `offerid` = 9 LIMIT 1   [ RunTime:0.0002s ]
SQL: SHOW COLUMNS FROM `hqjhc_orders` [ RunTime:0.0004s ]
SQL: SELECT COUNT(*) AS tp_count FROM `hqjhc_orders` LEFT JOIN hqjhc_goods ON hqjhc_orders.goodsid = hqjhc_goods.id  WHERE hqjhc_goods.offerid = '9' LIMIT 1   [ RunTime:0.0003s ]
SQL: SHOW COLUMNS FROM `hqjhc_order_settlement` [ RunTime:0.0003s ]
ERR: 1146:Table 'hqjhc.hqjhc_orders_settlement' doesn't exist
 [ SQL语句 ] : SELECT SUM(actualpayMoney) AS tp_sum FROM `hqjhc_order_settlement` LEFT JOIN hqjhc_orders_settlement ON hqjhc_order_settlement.orderNo = hqjhc_orders.orderNo LEFT JOIN hqjhc_goods ON hqjhc_orders.goodsid = hqjhc_goods.id  WHERE hqjhc_goods.offerid = '9' LIMIT 1  
ERR: 1146:Table 'hqjhc.hqjhc_orders_settlement' doesn't exist
 [ SQL语句 ] : SELECT SUM(actualpayMoney) AS tp_sum FROM `hqjhc_order_settlement` LEFT JOIN hqjhc_orders_settlement ON hqjhc_order_settlement.orderNo = hqjhc_orders.orderNo LEFT JOIN hqjhc_goods ON hqjhc_orders.goodsid = hqjhc_goods.id  WHERE hqjhc_goods.offerid = '9' LIMIT 1  

[ 2017-12-07T19:20:55+08:00 ] 101.81.0.88 /offer.php/Home/Index/index.html
INFO: [ app_init ] --START--
INFO: Run Behavior\BuildLiteBehavior [ RunTime:0.000005s ]
INFO: [ app_init ] --END-- [ RunTime:0.000153s ]
INFO: [ app_begin ] --START--
INFO: Run Behavior\ReadHtmlCacheBehavior [ RunTime:0.000212s ]
INFO: [ app_begin ] --END-- [ RunTime:0.000228s ]
NOTIC: [8] A session had already been started - ignoring session_start() /home/www/hqjhc/ThinkPHP/Common/functions.php 第 1263 行.
SQL: SHOW COLUMNS FROM `hqjhc_offers` [ RunTime:0.0005s ]
SQL: SHOW COLUMNS FROM `hqjhc_offers` [ RunTime:0.0004s ]
SQL: SELECT * FROM `hqjhc_offers` WHERE `offerid` = 9 LIMIT 1   [ RunTime:0.0002s ]
SQL: SHOW COLUMNS FROM `hqjhc_orders` [ RunTime:0.0004s ]
SQL: SELECT COUNT(*) AS tp_count FROM `hqjhc_orders` LEFT JOIN hqjhc_goods ON hqjhc_orders.goodsid = hqjhc_goods.id  WHERE hqjhc_goods.offerid = '9' LIMIT 1   [ RunTime:0.0003s ]
SQL: SHOW COLUMNS FROM `hqjhc_order_settlement` [ RunTime:0.0004s ]
ERR: 1066:Not unique table/alias: 'hqjhc_order_settlement'
 [ SQL语句 ] : SELECT SUM(actualpayMoney) AS tp_sum FROM `hqjhc_order_settlement` LEFT JOIN hqjhc_order_settlement ON hqjhc_order_settlement.orderNo = hqjhc_orders.orderNo LEFT JOIN hqjhc_goods ON hqjhc_orders.goodsid = hqjhc_goods.id  WHERE hqjhc_goods.offerid = '9' LIMIT 1  
ERR: 1066:Not unique table/alias: 'hqjhc_order_settlement'
 [ SQL语句 ] : SELECT SUM(actualpayMoney) AS tp_sum FROM `hqjhc_order_settlement` LEFT JOIN hqjhc_order_settlement ON hqjhc_order_settlement.orderNo = hqjhc_orders.orderNo LEFT JOIN hqjhc_goods ON hqjhc_orders.goodsid = hqjhc_goods.id  WHERE hqjhc_goods.offerid = '9' LIMIT 1  

[ 2017-12-07T19:21:46+08:00 ] 101.81.0.88 /offer.php/Home/Index/index.html
INFO: [ app_init ] --START--
INFO: Run Behavior\BuildLiteBehavior [ RunTime:0.000007s ]
INFO: [ app_init ] --END-- [ RunTime:0.000175s ]
INFO: [ app_begin ] --START--
INFO: Run Behavior\ReadHtmlCacheBehavior [ RunTime:0.000249s ]
INFO: [ app_begin ] --END-- [ RunTime:0.000268s ]
NOTIC: [8] A session had already been started - ignoring session_start() /home/www/hqjhc/ThinkPHP/Common/functions.php 第 1263 行.
SQL: SHOW COLUMNS FROM `hqjhc_offers` [ RunTime:0.0005s ]
SQL: SHOW COLUMNS FROM `hqjhc_offers` [ RunTime:0.0004s ]
SQL: SELECT * FROM `hqjhc_offers` WHERE `offerid` = 9 LIMIT 1   [ RunTime:0.0002s ]
SQL: SHOW COLUMNS FROM `hqjhc_orders` [ RunTime:0.0004s ]
SQL: SELECT COUNT(*) AS tp_count FROM `hqjhc_orders` LEFT JOIN hqjhc_goods ON hqjhc_orders.goodsid = hqjhc_goods.id  WHERE hqjhc_goods.offerid = '9' LIMIT 1   [ RunTime:0.0003s ]
SQL: SHOW COLUMNS FROM `hqjhc_order_settlement` [ RunTime:0.0003s ]
ERR: 1066:Not unique table/alias: 'hqjhc_order_settlement'
 [ SQL语句 ] : SELECT SUM(actualpayMoney) AS tp_sum FROM `hqjhc_order_settlement` LEFT JOIN hqjhc_order_settlement ON hqjhc_order_settlement.orderNo = hqjhc_orders.orderNo LEFT JOIN hqjhc_goods ON hqjhc_orders.goodsid = hqjhc_goods.id  WHERE hqjhc_goods.offerid = '9' AND hqjhc_order_settlement.status = 1 LIMIT 1  
ERR: 1066:Not unique table/alias: 'hqjhc_order_settlement'
 [ SQL语句 ] : SELECT SUM(actualpayMoney) AS tp_sum FROM `hqjhc_order_settlement` LEFT JOIN hqjhc_order_settlement ON hqjhc_order_settlement.orderNo = hqjhc_orders.orderNo LEFT JOIN hqjhc_goods ON hqjhc_orders.goodsid = hqjhc_goods.id  WHERE hqjhc_goods.offerid = '9' AND hqjhc_order_settlement.status = 1 LIMIT 1  

[ 2017-12-07T19:24:43+08:00 ] 101.81.0.88 /offer.php/Home/Index/index.html
INFO: [ app_init ] --START--
INFO: Run Behavior\BuildLiteBehavior [ RunTime:0.000006s ]
INFO: [ app_init ] --END-- [ RunTime:0.000156s ]
INFO: [ app_begin ] --START--
INFO: Run Behavior\ReadHtmlCacheBehavior [ RunTime:0.000200s ]
INFO: [ app_begin ] --END-- [ RunTime:0.000215s ]
NOTIC: [8] A session had already been started - ignoring session_start() /home/www/hqjhc/ThinkPHP/Common/functions.php 第 1263 行.
SQL: SHOW COLUMNS FROM `hqjhc_offers` [ RunTime:0.0006s ]
SQL: SHOW COLUMNS FROM `hqjhc_offers` [ RunTime:0.0004s ]
SQL: SELECT * FROM `hqjhc_offers` WHERE `offerid` = 9 LIMIT 1   [ RunTime:0.0002s ]
SQL: SHOW COLUMNS FROM `hqjhc_orders` [ RunTime:0.0004s ]
SQL: SELECT COUNT(*) AS tp_count FROM `hqjhc_orders` LEFT JOIN hqjhc_goods ON hqjhc_orders.goodsid = hqjhc_goods.id  WHERE hqjhc_goods.offerid = '9' LIMIT 1   [ RunTime:0.0003s ]
SQL: SHOW COLUMNS FROM `hqjhc_order_settlement` [ RunTime:0.0004s ]
ERR: 1052:Column 'actualpayMoney' in field list is ambiguous
 [ SQL语句 ] : SELECT SUM(actualpayMoney) AS tp_sum FROM `hqjhc_order_settlement` LEFT JOIN hqjhc_orders ON hqjhc_order_settlement.orderNo = hqjhc_orders.orderNo LEFT JOIN hqjhc_goods ON hqjhc_orders.goodsid = hqjhc_goods.id  WHERE hqjhc_goods.offerid = '9' AND hqjhc_order_settlement.status = 1 LIMIT 1  
ERR: 1052:Column 'actualpayMoney' in field list is ambiguous
 [ SQL语句 ] : SELECT SUM(actualpayMoney) AS tp_sum FROM `hqjhc_order_settlement` LEFT JOIN hqjhc_orders ON hqjhc_order_settlement.orderNo = hqjhc_orders.orderNo LEFT JOIN hqjhc_goods ON hqjhc_orders.goodsid = hqjhc_goods.id  WHERE hqjhc_goods.offerid = '9' AND hqjhc_order_settlement.status = 1 LIMIT 1  

[ 2017-12-07T19:25:02+08:00 ] 101.81.0.88 /offer.php/Home/Index/index.html
INFO: [ app_init ] --START--
INFO: Run Behavior\BuildLiteBehavior [ RunTime:0.000005s ]
INFO: [ app_init ] --END-- [ RunTime:0.000153s ]
INFO: [ app_begin ] --START--
INFO: Run Behavior\ReadHtmlCacheBehavior [ RunTime:0.000208s ]
INFO: [ app_begin ] --END-- [ RunTime:0.000224s ]
NOTIC: [8] A session had already been started - ignoring session_start() /home/www/hqjhc/ThinkPHP/Common/functions.php 第 1263 行.
SQL: SHOW COLUMNS FROM `hqjhc_offers` [ RunTime:0.0005s ]
SQL: SHOW COLUMNS FROM `hqjhc_offers` [ RunTime:0.0004s ]
SQL: SELECT * FROM `hqjhc_offers` WHERE `offerid` = 9 LIMIT 1   [ RunTime:0.0002s ]
SQL: SHOW COLUMNS FROM `hqjhc_orders` [ RunTime:0.0004s ]
SQL: SELECT COUNT(*) AS tp_count FROM `hqjhc_orders` LEFT JOIN hqjhc_goods ON hqjhc_orders.goodsid = hqjhc_goods.id  WHERE hqjhc_goods.offerid = '9' LIMIT 1   [ RunTime:0.0003s ]
SQL: SHOW COLUMNS FROM `hqjhc_order_settlement` [ RunTime:0.0004s ]
SQL: SELECT SUM(hqjhc_order_settlement.actualpayMoney) AS tp_sum FROM `hqjhc_order_settlement` LEFT JOIN hqjhc_orders ON hqjhc_order_settlement.orderNo = hqjhc_orders.orderNo LEFT JOIN hqjhc_goods ON hqjhc_orders.goodsid = hqjhc_goods.id  WHERE hqjhc_goods.offerid = '9' AND hqjhc_order_settlement.status = 1 LIMIT 1   [ RunTime:0.0007s ]
SQL: SHOW COLUMNS FROM `hqjhc_favorites` [ RunTime:0.0003s ]
SQL: SELECT COUNT(*) AS tp_count FROM `hqjhc_favorites` LEFT JOIN hqjhc_goods ON hqjhc_goods.id = hqjhc_favorites.targetid  WHERE hqjhc_goods.offerid = '9' LIMIT 1   [ RunTime:0.0002s ]
SQL: SHOW COLUMNS FROM `hqjhc_goods` [ RunTime:0.0005s ]
SQL: SELECT COUNT(*) AS tp_count FROM `hqjhc_goods` WHERE hqjhc_goods.offerid = '9' LIMIT 1   [ RunTime:0.0002s ]
INFO: [ view_parse ] --START--
INFO: [ template_filter ] --START--
INFO: Run Behavior\ContentReplaceBehavior [ RunTime:0.000081s ]
INFO: [ template_filter ] --END-- [ RunTime:0.000096s ]
NOTIC: [8] Undefined variable: list /home/www/hqjhc/bussiness/Runtime/Cache/Home/0611dd615fef92d7f6867b23c362de41.php 第 586 行.
INFO: Run Behavior\ParseTemplateBehavior [ RunTime:0.007281s ]
INFO: [ view_parse ] --END-- [ RunTime:0.007294s ]
INFO: [ view_filter ] --START--
INFO: Run Behavior\WriteHtmlCacheBehavior [ RunTime:0.000070s ]
INFO: [ view_filter ] --END-- [ RunTime:0.000080s ]
INFO: [ app_end ] --START--
INFO: Run Behavior\ShowPageTraceBehavior [ RunTime:0.000236s ]
INFO: [ app_end ] --END-- [ RunTime:0.000249s ]

[ 2017-12-07T19:25:56+08:00 ] 101.81.0.88 /offer.php/Home/Index/index.html
INFO: [ app_init ] --START--
INFO: Run Behavior\BuildLiteBehavior [ RunTime:0.000007s ]
INFO: [ app_init ] --END-- [ RunTime:0.000171s ]
INFO: [ app_begin ] --START--
INFO: Run Behavior\ReadHtmlCacheBehavior [ RunTime:0.000236s ]
INFO: [ app_begin ] --END-- [ RunTime:0.000269s ]
NOTIC: [8] A session had already been started - ignoring session_start() /home/www/hqjhc/ThinkPHP/Common/functions.php 第 1263 行.
SQL: SHOW COLUMNS FROM `hqjhc_offers` [ RunTime:0.0006s ]
SQL: SHOW COLUMNS FROM `hqjhc_offers` [ RunTime:0.0003s ]
SQL: SELECT * FROM `hqjhc_offers` WHERE `offerid` = 9 LIMIT 1   [ RunTime:0.0003s ]
SQL: SHOW COLUMNS FROM `hqjhc_orders` [ RunTime:0.0004s ]
SQL: SELECT COUNT(*) AS tp_count FROM `hqjhc_orders` LEFT JOIN hqjhc_goods ON hqjhc_orders.goodsid = hqjhc_goods.id  WHERE hqjhc_goods.offerid = '9' LIMIT 1   [ RunTime:0.0003s ]
SQL: SHOW COLUMNS FROM `hqjhc_order_settlement` [ RunTime:0.0003s ]
SQL: SELECT SUM(hqjhc_order_settlement.actualpayMoney) AS tp_sum FROM `hqjhc_order_settlement` LEFT JOIN hqjhc_orders ON hqjhc_order_settlement.orderNo = hqjhc_orders.orderNo LEFT JOIN hqjhc_goods ON hqjhc_orders.goodsid = hqjhc_goods.id  WHERE hqjhc_goods.offerid = '9' AND hqjhc_order_settlement.status = 1 LIMIT 1   [ RunTime:0.0007s ]

[ 2017-12-07T19:26:27+08:00 ] 101.81.0.88 /offer.php/Home/Index/index.html
INFO: [ app_init ] --START--
INFO: Run Behavior\BuildLiteBehavior [ RunTime:0.000007s ]
INFO: [ app_init ] --END-- [ RunTime:0.000189s ]
INFO: [ app_begin ] --START--
INFO: Run Behavior\ReadHtmlCacheBehavior [ RunTime:0.000222s ]
INFO: [ app_begin ] --END-- [ RunTime:0.000240s ]
NOTIC: [8] A session had already been started - ignoring session_start() /home/www/hqjhc/ThinkPHP/Common/functions.php 第 1263 行.
SQL: SHOW COLUMNS FROM `hqjhc_offers` [ RunTime:0.0006s ]
SQL: SHOW COLUMNS FROM `hqjhc_offers` [ RunTime:0.0004s ]
SQL: SELECT * FROM `hqjhc_offers` WHERE `offerid` = 9 LIMIT 1   [ RunTime:0.0002s ]
SQL: SHOW COLUMNS FROM `hqjhc_orders` [ RunTime:0.0004s ]
SQL: SELECT COUNT(*) AS tp_count FROM `hqjhc_orders` LEFT JOIN hqjhc_goods ON hqjhc_orders.goodsid = hqjhc_goods.id  WHERE hqjhc_goods.offerid = '9' LIMIT 1   [ RunTime:0.0003s ]
SQL: SHOW COLUMNS FROM `hqjhc_order_settlement` [ RunTime:0.0003s ]
SQL: SELECT SUM(hqjhc_order_settlement.actualpayMoney) AS tp_sum FROM `hqjhc_order_settlement` LEFT JOIN hqjhc_orders ON hqjhc_order_settlement.orderNo = hqjhc_orders.orderNo LEFT JOIN hqjhc_goods ON hqjhc_orders.goodsid = hqjhc_goods.id  WHERE hqjhc_goods.offerid = '9' AND hqjhc_order_settlement.status = 1 LIMIT 1   [ RunTime:0.0007s ]
SQL: SHOW COLUMNS FROM `hqjhc_favorites` [ RunTime:0.0003s ]
SQL: SELECT COUNT(*) AS tp_count FROM `hqjhc_favorites` LEFT JOIN hqjhc_goods ON hqjhc_goods.id = hqjhc_favorites.targetid  WHERE hqjhc_goods.offerid = '9' LIMIT 1   [ RunTime:0.0002s ]
SQL: SHOW COLUMNS FROM `hqjhc_goods` [ RunTime:0.0005s ]
SQL: SELECT COUNT(*) AS tp_count FROM `hqjhc_goods` WHERE hqjhc_goods.offerid = '9' LIMIT 1   [ RunTime:0.0002s ]
INFO: [ view_parse ] --START--
INFO: [ template_filter ] --START--
INFO: Run Behavior\ContentReplaceBehavior [ RunTime:0.000082s ]
INFO: [ template_filter ] --END-- [ RunTime:0.000096s ]
NOTIC: [8] Undefined variable: list /home/www/hqjhc/bussiness/Runtime/Cache/Home/0611dd615fef92d7f6867b23c362de41.php 第 586 行.
INFO: Run Behavior\ParseTemplateBehavior [ RunTime:0.007315s ]
INFO: [ view_parse ] --END-- [ RunTime:0.007328s ]
INFO: [ view_filter ] --START--
INFO: Run Behavior\WriteHtmlCacheBehavior [ RunTime:0.000072s ]
INFO: [ view_filter ] --END-- [ RunTime:0.000082s ]
INFO: [ app_end ] --START--
INFO: Run Behavior\ShowPageTraceBehavior [ RunTime:0.000224s ]
INFO: [ app_end ] --END-- [ RunTime:0.000238s ]

[ 2017-12-07T19:27:16+08:00 ] 101.81.0.88 /offer.php/Home/Index/index.html
INFO: [ app_init ] --START--
INFO: Run Behavior\BuildLiteBehavior [ RunTime:0.000006s ]
INFO: [ app_init ] --END-- [ RunTime:0.000155s ]
INFO: [ app_begin ] --START--
INFO: Run Behavior\ReadHtmlCacheBehavior [ RunTime:0.000199s ]
INFO: [ app_begin ] --END-- [ RunTime:0.000214s ]
NOTIC: [8] A session had already been started - ignoring session_start() /home/www/hqjhc/ThinkPHP/Common/functions.php 第 1263 行.
SQL: SHOW COLUMNS FROM `hqjhc_offers` [ RunTime:0.0005s ]
SQL: SHOW COLUMNS FROM `hqjhc_offers` [ RunTime:0.0004s ]
SQL: SELECT * FROM `hqjhc_offers` WHERE `offerid` = 9 LIMIT 1   [ RunTime:0.0002s ]
SQL: SHOW COLUMNS FROM `hqjhc_orders` [ RunTime:0.0004s ]
SQL: SELECT COUNT(*) AS tp_count FROM `hqjhc_orders` LEFT JOIN hqjhc_goods ON hqjhc_orders.goodsid = hqjhc_goods.id  WHERE hqjhc_goods.offerid = '9' LIMIT 1   [ RunTime:0.0003s ]
SQL: SHOW COLUMNS FROM `hqjhc_order_settlement` [ RunTime:0.0003s ]
SQL: SELECT SUM(hqjhc_order_settlement.actualpayMoney) AS tp_sum FROM `hqjhc_order_settlement` LEFT JOIN hqjhc_orders ON hqjhc_order_settlement.orderNo = hqjhc_orders.orderNo LEFT JOIN hqjhc_goods ON hqjhc_orders.goodsid = hqjhc_goods.id  WHERE hqjhc_goods.offerid = '9' AND hqjhc_order_settlement.status = 1 LIMIT 1   [ RunTime:0.0008s ]
SQL: SHOW COLUMNS FROM `hqjhc_favorites` [ RunTime:0.0003s ]
SQL: SELECT COUNT(*) AS tp_count FROM `hqjhc_favorites` LEFT JOIN hqjhc_goods ON hqjhc_goods.id = hqjhc_favorites.targetid  WHERE hqjhc_goods.offerid = '9' LIMIT 1   [ RunTime:0.0002s ]
SQL: SHOW COLUMNS FROM `hqjhc_goods` [ RunTime:0.0005s ]
SQL: SELECT COUNT(*) AS tp_count FROM `hqjhc_goods` WHERE hqjhc_goods.offerid = '9' LIMIT 1   [ RunTime:0.0001s ]
INFO: [ view_parse ] --START--
INFO: [ template_filter ] --START--
INFO: Run Behavior\ContentReplaceBehavior [ RunTime:0.000081s ]
INFO: [ template_filter ] --END-- [ RunTime:0.000097s ]
NOTIC: [8] Undefined variable: list /home/www/hqjhc/bussiness/Runtime/Cache/Home/0611dd615fef92d7f6867b23c362de41.php 第 586 行.
INFO: Run Behavior\ParseTemplateBehavior [ RunTime:0.007317s ]
INFO: [ view_parse ] --END-- [ RunTime:0.007331s ]
INFO: [ view_filter ] --START--
INFO: Run Behavior\WriteHtmlCacheBehavior [ RunTime:0.000072s ]
INFO: [ view_filter ] --END-- [ RunTime:0.000083s ]
INFO: [ app_end ] --START--
INFO: Run Behavior\ShowPageTraceBehavior [ RunTime:0.000223s ]
INFO: [ app_end ] --END-- [ RunTime:0.000236s ]

[ 2017-12-07T19:28:32+08:00 ] 101.81.0.88 /offer.php/Home/Index/index.html
INFO: [ app_init ] --START--
INFO: Run Behavior\BuildLiteBehavior [ RunTime:0.000006s ]
INFO: [ app_init ] --END-- [ RunTime:0.000162s ]
INFO: [ app_begin ] --START--
INFO: Run Behavior\ReadHtmlCacheBehavior [ RunTime:0.000205s ]
INFO: [ app_begin ] --END-- [ RunTime:0.000221s ]
NOTIC: [8] A session had already been started - ignoring session_start() /home/www/hqjhc/ThinkPHP/Common/functions.php 第 1263 行.
SQL: SHOW COLUMNS FROM `hqjhc_offers` [ RunTime:0.0006s ]
SQL: SHOW COLUMNS FROM `hqjhc_offers` [ RunTime:0.0004s ]
SQL: SELECT * FROM `hqjhc_offers` WHERE `offerid` = 9 LIMIT 1   [ RunTime:0.0003s ]
SQL: SHOW COLUMNS FROM `hqjhc_orders` [ RunTime:0.0004s ]
SQL: SELECT COUNT(*) AS tp_count FROM `hqjhc_orders` LEFT JOIN hqjhc_goods ON hqjhc_orders.goodsid = hqjhc_goods.id  WHERE hqjhc_goods.offerid = '9' LIMIT 1   [ RunTime:0.0003s ]
SQL: SHOW COLUMNS FROM `hqjhc_order_settlement` [ RunTime:0.0004s ]
SQL: SELECT SUM(hqjhc_order_settlement.actualpayMoney) AS tp_sum FROM `hqjhc_order_settlement` LEFT JOIN hqjhc_orders ON hqjhc_order_settlement.orderNo = hqjhc_orders.orderNo LEFT JOIN hqjhc_goods ON hqjhc_orders.goodsid = hqjhc_goods.id  WHERE hqjhc_goods.offerid = '9' AND hqjhc_order_settlement.status = 1 LIMIT 1   [ RunTime:0.0007s ]
SQL: SHOW COLUMNS FROM `hqjhc_favorites` [ RunTime:0.0003s ]
SQL: SELECT COUNT(*) AS tp_count FROM `hqjhc_favorites` LEFT JOIN hqjhc_goods ON hqjhc_goods.id = hqjhc_favorites.targetid  WHERE hqjhc_goods.offerid = '9' LIMIT 1   [ RunTime:0.0002s ]
SQL: SHOW COLUMNS FROM `hqjhc_goods` [ RunTime:0.0005s ]
SQL: SELECT COUNT(*) AS tp_count FROM `hqjhc_goods` WHERE hqjhc_goods.offerid = '9' LIMIT 1   [ RunTime:0.0001s ]
INFO: [ view_parse ] --START--
INFO: [ template_filter ] --START--
INFO: Run Behavior\ContentReplaceBehavior [ RunTime:0.000081s ]
INFO: [ template_filter ] --END-- [ RunTime:0.000097s ]
NOTIC: [8] Undefined variable: list /home/www/hqjhc/bussiness/Runtime/Cache/Home/0611dd615fef92d7f6867b23c362de41.php 第 586 行.
INFO: Run Behavior\ParseTemplateBehavior [ RunTime:0.007420s ]
INFO: [ view_parse ] --END-- [ RunTime:0.007434s ]
INFO: [ view_filter ] --START--
INFO: Run Behavior\WriteHtmlCacheBehavior [ RunTime:0.000073s ]
INFO: [ view_filter ] --END-- [ RunTime:0.000084s ]
INFO: [ app_end ] --START--
INFO: Run Behavior\ShowPageTraceBehavior [ RunTime:0.000230s ]
INFO: [ app_end ] --END-- [ RunTime:0.000243s ]

[ 2017-12-07T19:29:11+08:00 ] 101.81.0.88 /offer.php/Home/Index/index.html
INFO: [ app_init ] --START--
INFO: Run Behavior\BuildLiteBehavior [ RunTime:0.000006s ]
INFO: [ app_init ] --END-- [ RunTime:0.000169s ]
INFO: [ app_begin ] --START--
INFO: Run Behavior\ReadHtmlCacheBehavior [ RunTime:0.000243s ]
INFO: [ app_begin ] --END-- [ RunTime:0.000260s ]
NOTIC: [8] A session had already been started - ignoring session_start() /home/www/hqjhc/ThinkPHP/Common/functions.php 第 1263 行.
SQL: SHOW COLUMNS FROM `hqjhc_offers` [ RunTime:0.0005s ]
SQL: SHOW COLUMNS FROM `hqjhc_offers` [ RunTime:0.0004s ]
SQL: SELECT * FROM `hqjhc_offers` WHERE `offerid` = 9 LIMIT 1   [ RunTime:0.0002s ]
SQL: SHOW COLUMNS FROM `hqjhc_orders` [ RunTime:0.0004s ]
SQL: SELECT COUNT(*) AS tp_count FROM `hqjhc_orders` LEFT JOIN hqjhc_goods ON hqjhc_orders.goodsid = hqjhc_goods.id  WHERE hqjhc_goods.offerid = '9' LIMIT 1   [ RunTime:0.0003s ]
SQL: SHOW COLUMNS FROM `hqjhc_order_settlement` [ RunTime:0.0004s ]
SQL: SELECT SUM(hqjhc_order_settlement.actualpayMoney) AS tp_sum FROM `hqjhc_order_settlement` LEFT JOIN hqjhc_orders ON hqjhc_order_settlement.orderNo = hqjhc_orders.orderNo LEFT JOIN hqjhc_goods ON hqjhc_orders.goodsid = hqjhc_goods.id  WHERE hqjhc_goods.offerid = '9' AND hqjhc_order_settlement.status = 1 LIMIT 1   [ RunTime:0.0007s ]
SQL: SHOW COLUMNS FROM `hqjhc_favorites` [ RunTime:0.0003s ]
SQL: SELECT COUNT(*) AS tp_count FROM `hqjhc_favorites` LEFT JOIN hqjhc_goods ON hqjhc_goods.id = hqjhc_favorites.targetid  WHERE hqjhc_goods.offerid = '9' LIMIT 1   [ RunTime:0.0002s ]
SQL: SHOW COLUMNS FROM `hqjhc_goods` [ RunTime:0.0005s ]
SQL: SELECT COUNT(*) AS tp_count FROM `hqjhc_goods` WHERE hqjhc_goods.offerid = '9' LIMIT 1   [ RunTime:0.0001s ]
INFO: [ view_parse ] --START--
INFO: [ template_filter ] --START--
INFO: Run Behavior\ContentReplaceBehavior [ RunTime:0.000081s ]
INFO: [ template_filter ] --END-- [ RunTime:0.000097s ]
NOTIC: [8] Undefined variable: list /home/www/hqjhc/bussiness/Runtime/Cache/Home/0611dd615fef92d7f6867b23c362de41.php 第 586 行.
INFO: Run Behavior\ParseTemplateBehavior [ RunTime:0.007313s ]
INFO: [ view_parse ] --END-- [ RunTime:0.007327s ]
INFO: [ view_filter ] --START--
INFO: Run Behavior\WriteHtmlCacheBehavior [ RunTime:0.000069s ]
INFO: [ view_filter ] --END-- [ RunTime:0.000080s ]
INFO: [ app_end ] --START--
INFO: Run Behavior\ShowPageTraceBehavior [ RunTime:0.000227s ]
INFO: [ app_end ] --END-- [ RunTime:0.000239s ]

[ 2017-12-07T19:29:33+08:00 ] 101.81.0.88 /offer.php/Home/Index/index.html
INFO: [ app_init ] --START--
INFO: Run Behavior\BuildLiteBehavior [ RunTime:0.000006s ]
INFO: [ app_init ] --END-- [ RunTime:0.000153s ]
INFO: [ app_begin ] --START--
INFO: Run Behavior\ReadHtmlCacheBehavior [ RunTime:0.000219s ]
INFO: [ app_begin ] --END-- [ RunTime:0.000235s ]
NOTIC: [8] A session had already been started - ignoring session_start() /home/www/hqjhc/ThinkPHP/Common/functions.php 第 1263 行.
SQL: SHOW COLUMNS FROM `hqjhc_offers` [ RunTime:0.0005s ]
SQL: SHOW COLUMNS FROM `hqjhc_offers` [ RunTime:0.0004s ]
SQL: SELECT * FROM `hqjhc_offers` WHERE `offerid` = 9 LIMIT 1   [ RunTime:0.0002s ]
SQL: SHOW COLUMNS FROM `hqjhc_orders` [ RunTime:0.0004s ]
SQL: SELECT COUNT(*) AS tp_count FROM `hqjhc_orders` LEFT JOIN hqjhc_goods ON hqjhc_orders.goodsid = hqjhc_goods.id  WHERE hqjhc_goods.offerid = '9' LIMIT 1   [ RunTime:0.0003s ]
SQL: SHOW COLUMNS FROM `hqjhc_order_settlement` [ RunTime:0.0004s ]
SQL: SELECT SUM(hqjhc_order_settlement.actualpayMoney) AS tp_sum FROM `hqjhc_order_settlement` LEFT JOIN hqjhc_orders ON hqjhc_order_settlement.orderNo = hqjhc_orders.orderNo LEFT JOIN hqjhc_goods ON hqjhc_orders.goodsid = hqjhc_goods.id  WHERE hqjhc_goods.offerid = '9' AND hqjhc_order_settlement.status = 1 LIMIT 1   [ RunTime:0.0007s ]
SQL: SHOW COLUMNS FROM `hqjhc_favorites` [ RunTime:0.0003s ]
SQL: SELECT COUNT(*) AS tp_count FROM `hqjhc_favorites` LEFT JOIN hqjhc_goods ON hqjhc_goods.id = hqjhc_favorites.targetid  WHERE hqjhc_goods.offerid = '9' LIMIT 1   [ RunTime:0.0002s ]
SQL: SHOW COLUMNS FROM `hqjhc_goods` [ RunTime:0.0005s ]
SQL: SELECT COUNT(*) AS tp_count FROM `hqjhc_goods` WHERE hqjhc_goods.offerid = '9' LIMIT 1   [ RunTime:0.0002s ]
INFO: [ view_parse ] --START--
INFO: [ template_filter ] --START--
INFO: Run Behavior\ContentReplaceBehavior [ RunTime:0.000082s ]
INFO: [ template_filter ] --END-- [ RunTime:0.000097s ]
NOTIC: [8] Undefined variable: list /home/www/hqjhc/bussiness/Runtime/Cache/Home/0611dd615fef92d7f6867b23c362de41.php 第 586 行.
INFO: Run Behavior\ParseTemplateBehavior [ RunTime:0.007355s ]
INFO: [ view_parse ] --END-- [ RunTime:0.007369s ]
INFO: [ view_filter ] --START--
INFO: Run Behavior\WriteHtmlCacheBehavior [ RunTime:0.000070s ]
INFO: [ view_filter ] --END-- [ RunTime:0.000082s ]
INFO: [ app_end ] --START--
INFO: Run Behavior\ShowPageTraceBehavior [ RunTime:0.000244s ]
INFO: [ app_end ] --END-- [ RunTime:0.000258s ]

[ 2017-12-07T19:30:08+08:00 ] 101.81.0.88 /offer.php/Home/Index/index.html
INFO: [ app_init ] --START--
INFO: Run Behavior\BuildLiteBehavior [ RunTime:0.000006s ]
INFO: [ app_init ] --END-- [ RunTime:0.000171s ]
INFO: [ app_begin ] --START--
INFO: Run Behavior\ReadHtmlCacheBehavior [ RunTime:0.000204s ]
INFO: [ app_begin ] --END-- [ RunTime:0.000221s ]
NOTIC: [8] A session had already been started - ignoring session_start() /home/www/hqjhc/ThinkPHP/Common/functions.php 第 1263 行.
SQL: SHOW COLUMNS FROM `hqjhc_offers` [ RunTime:0.0006s ]
SQL: SHOW COLUMNS FROM `hqjhc_offers` [ RunTime:0.0004s ]
SQL: SELECT * FROM `hqjhc_offers` WHERE `offerid` = 9 LIMIT 1   [ RunTime:0.0002s ]
SQL: SHOW COLUMNS FROM `hqjhc_orders` [ RunTime:0.0004s ]
SQL: SELECT COUNT(*) AS tp_count FROM `hqjhc_orders` LEFT JOIN hqjhc_goods ON hqjhc_orders.goodsid = hqjhc_goods.id  WHERE hqjhc_goods.offerid = '9' LIMIT 1   [ RunTime:0.0003s ]
SQL: SHOW COLUMNS FROM `hqjhc_order_settlement` [ RunTime:0.0004s ]
SQL: SELECT SUM(hqjhc_order_settlement.actualpayMoney) AS tp_sum FROM `hqjhc_order_settlement` LEFT JOIN hqjhc_orders ON hqjhc_order_settlement.orderNo = hqjhc_orders.orderNo LEFT JOIN hqjhc_goods ON hqjhc_orders.goodsid = hqjhc_goods.id  WHERE hqjhc_goods.offerid = '9' AND hqjhc_order_settlement.status = 1 LIMIT 1   [ RunTime:0.0007s ]
SQL: SHOW COLUMNS FROM `hqjhc_favorites` [ RunTime:0.0003s ]
SQL: SELECT COUNT(*) AS tp_count FROM `hqjhc_favorites` LEFT JOIN hqjhc_goods ON hqjhc_goods.id = hqjhc_favorites.targetid  WHERE hqjhc_goods.offerid = '9' LIMIT 1   [ RunTime:0.0002s ]
SQL: SHOW COLUMNS FROM `hqjhc_goods` [ RunTime:0.0005s ]
SQL: SELECT COUNT(*) AS tp_count FROM `hqjhc_goods` WHERE hqjhc_goods.offerid = '9' LIMIT 1   [ RunTime:0.0002s ]
INFO: [ view_parse ] --START--
INFO: [ template_filter ] --START--
INFO: Run Behavior\ContentReplaceBehavior [ RunTime:0.000083s ]
INFO: [ template_filter ] --END-- [ RunTime:0.000105s ]
NOTIC: [8] Undefined variable: list /home/www/hqjhc/bussiness/Runtime/Cache/Home/0611dd615fef92d7f6867b23c362de41.php 第 586 行.
INFO: Run Behavior\ParseTemplateBehavior [ RunTime:0.006963s ]
INFO: [ view_parse ] --END-- [ RunTime:0.006977s ]
INFO: [ view_filter ] --START--
INFO: Run Behavior\WriteHtmlCacheBehavior [ RunTime:0.000076s ]
INFO: [ view_filter ] --END-- [ RunTime:0.000088s ]
INFO: [ app_end ] --START--
INFO: Run Behavior\ShowPageTraceBehavior [ RunTime:0.000234s ]
INFO: [ app_end ] --END-- [ RunTime:0.000249s ]

[ 2017-12-07T21:15:18+08:00 ] 114.83.92.198 /offer.php/Home/Index/index.html
INFO: [ app_init ] --START--
INFO: Run Behavior\BuildLiteBehavior [ RunTime:0.000004s ]
INFO: [ app_init ] --END-- [ RunTime:0.000140s ]
INFO: [ app_begin ] --START--
INFO: Run Behavior\ReadHtmlCacheBehavior [ RunTime:0.000213s ]
INFO: [ app_begin ] --END-- [ RunTime:0.000228s ]
NOTIC: [8] A session had already been started - ignoring session_start() /home/www/hqjhc/ThinkPHP/Common/functions.php 第 1263 行.
SQL: SHOW COLUMNS FROM `hqjhc_offers` [ RunTime:0.0004s ]
SQL: SHOW COLUMNS FROM `hqjhc_offers` [ RunTime:0.0003s ]
SQL: SELECT * FROM `hqjhc_offers` WHERE `offerid` = 9 LIMIT 1   [ RunTime:0.0002s ]
SQL: SHOW COLUMNS FROM `hqjhc_orders` [ RunTime:0.0003s ]
SQL: SELECT COUNT(*) AS tp_count FROM `hqjhc_orders` LEFT JOIN hqjhc_goods ON hqjhc_orders.goodsid = hqjhc_goods.id  WHERE hqjhc_goods.offerid = '9' LIMIT 1   [ RunTime:0.0003s ]
SQL: SHOW COLUMNS FROM `hqjhc_order_settlement` [ RunTime:0.0003s ]
SQL: SELECT SUM(hqjhc_order_settlement.actualpayMoney) AS tp_sum FROM `hqjhc_order_settlement` LEFT JOIN hqjhc_orders ON hqjhc_order_settlement.orderNo = hqjhc_orders.orderNo LEFT JOIN hqjhc_goods ON hqjhc_orders.goodsid = hqjhc_goods.id  WHERE hqjhc_goods.offerid = '9' AND hqjhc_order_settlement.status = 1 LIMIT 1   [ RunTime:0.0007s ]
SQL: SHOW COLUMNS FROM `hqjhc_favorites` [ RunTime:0.0002s ]
SQL: SELECT COUNT(*) AS tp_count FROM `hqjhc_favorites` LEFT JOIN hqjhc_goods ON hqjhc_goods.id = hqjhc_favorites.targetid  WHERE hqjhc_goods.offerid = '9' LIMIT 1   [ RunTime:0.0002s ]
SQL: SHOW COLUMNS FROM `hqjhc_goods` [ RunTime:0.0004s ]
SQL: SELECT COUNT(*) AS tp_count FROM `hqjhc_goods` WHERE hqjhc_goods.offerid = '9' LIMIT 1   [ RunTime:0.0001s ]
INFO: [ view_parse ] --START--
INFO: [ template_filter ] --START--
INFO: Run Behavior\ContentReplaceBehavior [ RunTime:0.000081s ]
INFO: [ template_filter ] --END-- [ RunTime:0.000095s ]
NOTIC: [8] Undefined variable: list /home/www/hqjhc/bussiness/Runtime/Cache/Home/0611dd615fef92d7f6867b23c362de41.php 第 586 行.
INFO: Run Behavior\ParseTemplateBehavior [ RunTime:0.007304s ]
INFO: [ view_parse ] --END-- [ RunTime:0.007319s ]
INFO: [ view_filter ] --START--
INFO: Run Behavior\WriteHtmlCacheBehavior [ RunTime:0.000070s ]
INFO: [ view_filter ] --END-- [ RunTime:0.000080s ]
INFO: [ app_end ] --START--
INFO: Run Behavior\ShowPageTraceBehavior [ RunTime:0.000222s ]
INFO: [ app_end ] --END-- [ RunTime:0.000249s ]

